"C:/Users/Jimmy/git/PoliHeath/Proyecto 4.8/Proyecto.uproject" 1
"../../../Engine/Plugins/2D/Paper2D/Paper2D.uplugin" 2
"../../../Engine/Plugins/Developer/BlankPlugin/BlankPlugin.uplugin" 3
"../../../Engine/Plugins/Developer/GitSourceControl/GitSourceControl.uplugin" 4
"../../../Engine/Plugins/Developer/KDevelopSourceCodeAccess/KDevelopSourceCodeAccess.uplugin" 5
"../../../Engine/Plugins/Developer/NullSourceCodeAccess/NullSourceCodeAccess.uplugin" 6
"../../../Engine/Plugins/Developer/PerforceSourceControl/PerforceSourceControl.uplugin" 7
"../../../Engine/Plugins/Developer/SubversionSourceControl/SubversionSourceControl.uplugin" 8
"../../../Engine/Plugins/Developer/UObjectPlugin/UObjectPlugin.uplugin" 9
"../../../Engine/Plugins/Developer/VisualStudioSourceCodeAccess/VisualStudioSourceCodeAccess.uplugin" 10
"../../../Engine/Plugins/Developer/XCodeSourceCodeAccess/XCodeSourceCodeAccess.uplugin" 11
"../../../Engine/Plugins/Editor/EpicSurvey/EpicSurvey.uplugin" 12
"../../../Engine/Plugins/Editor/MacGraphicsSwitching/MacGraphicsSwitching.uplugin" 13
"../../../Engine/Plugins/Editor/PluginBrowser/PluginBrowser.uplugin" 14
"../../../Engine/Plugins/Editor/PluginCreator/PluginCreator.uplugin" 15
"../../../Engine/Plugins/Editor/SpeedTreeImporter/SpeedTreeImporter.uplugin" 16
"../../../Engine/Plugins/Experimental/BlueprintStats/BlueprintStats.uplugin" 17
"../../../Engine/Plugins/Experimental/CharacterAI/CharacterAI.uplugin" 18
"../../../Engine/Plugins/Experimental/CodeEditor/CodeEditor.uplugin" 19
"../../../Engine/Plugins/Experimental/CodeView/CodeView.uplugin" 20
"../../../Engine/Plugins/Experimental/HTML5Networking/HTML5Networking.uplugin" 21
"../../../Engine/Plugins/Experimental/LiveEditor/LiveEditor.uplugin" 22
"../../../Engine/Plugins/Experimental/Phya/Phya.uplugin" 23
"../../../Engine/Plugins/Experimental/SimpleHMD/SimpleHMD.uplugin" 24
"../../../Engine/Plugins/Experimental/StructBox/StructBox.uplugin" 25
"../../../Engine/Plugins/Media/AndroidMedia/AndroidMedia.uplugin" 26
"../../../Engine/Plugins/Media/AvfMedia/AvfMedia.uplugin" 27
"../../../Engine/Plugins/Media/MediaPlayerEditor/MediaPlayerEditor.uplugin" 28
"../../../Engine/Plugins/Media/WmfMedia/WmfMedia.uplugin" 29
"../../../Engine/Plugins/Messaging/MessagingDebugger/MessagingDebugger.uplugin" 30
"../../../Engine/Plugins/Messaging/UdpMessaging/UdpMessaging.uplugin" 31
"../../../Engine/Plugins/NetcodeUnitTest/NetcodeUnitTest/NetcodeUnitTest.uplugin" 32
"../../../Engine/Plugins/NetcodeUnitTest/NUTUnrealEngine4/NUTUnrealEngine4.uplugin" 33
"../../../Engine/Plugins/Runtime/Advertising/IOSTapJoy/IOSTapJoy.uplugin" 34
"../../../Engine/Plugins/Runtime/Analytics/AnalyticsBlueprintLibrary/AnalyticsBlueprintLibrary.uplugin" 35
"../../../Engine/Plugins/Runtime/Analytics/AnalyticsMulticast/AnalyticsMulticast.uplugin" 36
"../../../Engine/Plugins/Runtime/Analytics/Apsalar/IOSApsalar/IOSApsalar.uplugin" 37
"../../../Engine/Plugins/Runtime/Analytics/FileLogging/FileLogging.uplugin" 38
"../../../Engine/Plugins/Runtime/Analytics/Flurry/IOSFlurry/IOSFlurry.uplugin" 39
"../../../Engine/Plugins/Runtime/AndroidDeviceProfileSelector/AndroidDeviceProfileSelector.uplugin" 40
"../../../Engine/Plugins/Runtime/AndroidMoviePlayer/AndroidMoviePlayer.uplugin" 41
"../../../Engine/Plugins/Runtime/AppleMoviePlayer/AppleMoviePlayer.uplugin" 42
"../../../Engine/Plugins/Runtime/CableComponent/CableComponent.uplugin" 43
"../../../Engine/Plugins/Runtime/CustomMeshComponent/CustomMeshComponent.uplugin" 44
"../../../Engine/Plugins/Runtime/ExampleDeviceProfileSelector/ExampleDeviceProfileSelector.uplugin" 45
"../../../Engine/Plugins/Runtime/GearVR/GearVR.uplugin" 46
"../../../Engine/Plugins/Runtime/IOSDeviceProfileSelector/IOSDeviceProfileSelector.uplugin" 47
"../../../Engine/Plugins/Runtime/LeapMotionController/LeapMotionController.uplugin" 48
"../../../Engine/Plugins/Runtime/LiveEditorListenServer/LiveEditorListenServer.uplugin" 49
"../../../Engine/Plugins/Runtime/OculusAudio/OculusAudio.uplugin" 50
"../../../Engine/Plugins/Runtime/OculusRift/OculusRift.uplugin" 51
"../../../Engine/Plugins/Runtime/ProceduralMeshComponent/ProceduralMeshComponent.uplugin" 52
"../../../Engine/Plugins/Runtime/SoundMod/SoundMod.uplugin" 53
"../../../Engine/Plugins/Runtime/SoundVisualizations/SoundVisualizations.uplugin" 54
"../../../Engine/Plugins/Runtime/Steam/SteamController/SteamController.uplugin" 55
"../../../Engine/Plugins/Runtime/Steam/SteamVR/SteamVR.uplugin" 56
"../../../Engine/Plugins/Runtime/WebBrowserWidget/WebBrowserWidget.uplugin" 57
"../../../Engine/Plugins/Runtime/WindowsDeviceProfileSelector/WindowsDeviceProfileSelector.uplugin" 58
"../../../Engine/Plugins/Runtime/WindowsMoviePlayer/WindowsMoviePlayer.uplugin" 59
"../../../Engine/Plugins/ScriptGeneratorPlugin/ScriptGeneratorPlugin.uplugin" 60
"../../../Engine/Plugins/ScriptPlugin/ScriptPlugin.uplugin" 61
"../../../Engine/Plugins/Slate/SlateRemote/SlateRemote.uplugin" 62
"..\..\..\Engine\Content\Internationalization\icudt53l\cnvalias.icu" 63
"..\..\..\Engine\Content\Internationalization\icudt53l\en_US_POSIX.res" 64
"..\..\..\Engine\Content\Internationalization\icudt53l\pool.res" 65
"..\..\..\Engine\Content\Internationalization\icudt53l\en_US.res" 66
"..\..\..\Engine\Content\Internationalization\icudt53l\en.res" 67
"..\..\..\Engine\Content\Internationalization\icudt53l\root.res" 68
"C:/Users/Jimmy/AppData/Local/UnrealEngine/4.8/Saved/Config/Windows/Manifest.ini" 69
"../../../Engine/Config/Base.ini" 70
"../../../Engine/Config/BaseEngine.ini" 71
"C:/Users/Jimmy/git/PoliHeath/Proyecto 4.8/Config/DefaultEngine.ini" 72
"../../../Engine/Config/Windows/WindowsEngine.ini" 73
"C:/Users/Jimmy/git/PoliHeath/Proyecto 4.8/Saved/Config/Windows/Engine.ini" 74
"../../../../../../Users/Jimmy/git/PoliHeath/Proyecto 4.8/Intermediate/Config/CoalescedSourceConfigs/Engine.ini" 75
"../../../Engine/Config/BaseGame.ini" 76
"C:/Users/Jimmy/git/PoliHeath/Proyecto 4.8/Config/DefaultGame.ini" 77
"C:/Users/Jimmy/git/PoliHeath/Proyecto 4.8/Saved/Config/Windows/Game.ini" 78
"../../../../../../Users/Jimmy/git/PoliHeath/Proyecto 4.8/Intermediate/Config/CoalescedSourceConfigs/Game.ini" 79
"../../../Engine/Config/BaseInput.ini" 80
"C:/Users/Jimmy/git/PoliHeath/Proyecto 4.8/Config/DefaultInput.ini" 81
"C:/Users/Jimmy/git/PoliHeath/Proyecto 4.8/Saved/Config/Windows/Input.ini" 82
"../../../../../../Users/Jimmy/git/PoliHeath/Proyecto 4.8/Intermediate/Config/CoalescedSourceConfigs/Input.ini" 83
"../../../Engine/Config/BaseEditor.ini" 84
"C:/Users/Jimmy/git/PoliHeath/Proyecto 4.8/Config/DefaultEditor.ini" 85
"C:/Users/Jimmy/git/PoliHeath/Proyecto 4.8/Saved/Config/Windows/Editor.ini" 86
"../../../../../../Users/Jimmy/git/PoliHeath/Proyecto 4.8/Intermediate/Config/CoalescedSourceConfigs/Editor.ini" 87
"../../../Engine/Config/BaseEditorPerProjectUserSettings.ini" 88
"C:/Users/Jimmy/git/PoliHeath/Proyecto 4.8/Config/DefaultEditorPerProjectUserSettings.ini" 89
"C:/Users/Jimmy/git/PoliHeath/Proyecto 4.8/Saved/Config/Windows/EditorPerProjectUserSettings.ini" 90
"../../../../../../Users/Jimmy/git/PoliHeath/Proyecto 4.8/Intermediate/Config/CoalescedSourceConfigs/EditorPerProjectUserSettings.ini" 91
"../../../Engine/Config/BaseEditorSettings.ini" 92
"C:/Users/Jimmy/AppData/Local/UnrealEngine/4.8/Saved/Config/Windows/EditorSettings.ini" 93
"../../../../../../Users/Jimmy/git/PoliHeath/Proyecto 4.8/Intermediate/Config/CoalescedSourceConfigs/EditorSettings.ini" 94
"../../../Engine/Config/BaseEditorLayout.ini" 95
"C:/Users/Jimmy/AppData/Local/UnrealEngine/4.8/Saved/Config/Windows/EditorLayout.ini" 96
"../../../../../../Users/Jimmy/git/PoliHeath/Proyecto 4.8/Intermediate/Config/CoalescedSourceConfigs/EditorLayout.ini" 97
"../../../Engine/Config/BaseEditorKeyBindings.ini" 98
"C:/Users/Jimmy/AppData/Local/UnrealEngine/4.8/Saved/Config/Windows/EditorKeyBindings.ini" 99
"../../../../../../Users/Jimmy/git/PoliHeath/Proyecto 4.8/Intermediate/Config/CoalescedSourceConfigs/EditorKeyBindings.ini" 100
"../../../Engine/Config/BaseCompat.ini" 101
"C:/Users/Jimmy/git/PoliHeath/Proyecto 4.8/Saved/Config/Windows/Compat.ini" 102
"../../../../../../Users/Jimmy/git/PoliHeath/Proyecto 4.8/Intermediate/Config/CoalescedSourceConfigs/Compat.ini" 103
"../../../Engine/Config/BaseLightmass.ini" 104
"C:/Users/Jimmy/git/PoliHeath/Proyecto 4.8/Saved/Config/Windows/Lightmass.ini" 105
"../../../../../../Users/Jimmy/git/PoliHeath/Proyecto 4.8/Intermediate/Config/CoalescedSourceConfigs/Lightmass.ini" 106
"../../../Engine/Config/BaseScalability.ini" 107
"C:/Users/Jimmy/git/PoliHeath/Proyecto 4.8/Saved/Config/Windows/Scalability.ini" 108
"../../../../../../Users/Jimmy/git/PoliHeath/Proyecto 4.8/Intermediate/Config/CoalescedSourceConfigs/Scalability.ini" 109
"C:/Users/Jimmy/git/PoliHeath/Proyecto 4.8/Saved/Config/Windows/GameUserSettings.ini" 110
"../../../../../../Users/Jimmy/git/PoliHeath/Proyecto 4.8/Intermediate/Config/CoalescedSourceConfigs/GameUserSettings.ini" 111
"../../../Engine/Config/BaseDeviceProfiles.ini" 112
"C:/Users/Jimmy/git/PoliHeath/Proyecto 4.8/Saved/Config/Windows/DeviceProfiles.ini" 113
"../../../../../../Users/Jimmy/git/PoliHeath/Proyecto 4.8/Intermediate/Config/CoalescedSourceConfigs/DeviceProfiles.ini" 114
"../../../Engine/Config/ConsoleVariables.ini" 115
"..\..\..\Engine\Content\Internationalization\icudt53l\es.res" 116
"..\..\..\Engine\Content\Internationalization\icudt53l\ja.res" 117
"..\..\..\Engine\Content\Internationalization\icudt53l\ko.res" 118
"..\..\..\Engine\Content\Internationalization\icudt53l\pt_BR.res" 119
"..\..\..\Engine\Content\Internationalization\icudt53l\pt.res" 120
"..\..\..\Engine\Content\Internationalization\icudt53l\zh_CN.res" 121
"..\..\..\Engine\Content\Internationalization\icudt53l\zh_Hans_CN.res" 122
"..\..\..\Engine\Content\Internationalization\icudt53l\zh_Hans.res" 123
"..\..\..\Engine\Content\Internationalization\icudt53l\zh.res" 124
"C:/Program Files (x86)/Epic Games/4.8/Engine/Content/Localization/Editor/en/Editor.locres" 125
"C:/Program Files (x86)/Epic Games/4.8/Engine/Content/Localization/EditorTutorials/en/EditorTutorials.locres" 126
"C:/Program Files (x86)/Epic Games/4.8/Engine/Content/Localization/Keywords/en/Keywords.locres" 127
"C:/Program Files (x86)/Epic Games/4.8/Engine/Content/Localization/ToolTips/en/ToolTips.locres" 128
"C:/Program Files (x86)/Epic Games/4.8/Engine/Content/Localization/PropertyNames/en/PropertyNames.locres" 129
"C:/Program Files (x86)/Epic Games/4.8/Engine/Content/Localization/Engine/en/Engine.locres" 130
"../../../Engine/Content/Slate/Fonts/Roboto-Regular.ttf" 131
"../../../Engine/Content/Slate/Fonts/DroidSansMono.ttf" 132
"../../../Engine/Content/Slate/Fonts/Roboto-Bold.ttf" 133
"../../../Engine/Content/Slate/Fonts/Roboto-Light.ttf" 134
"C:/Program Files (x86)/Epic Games/4.8/Engine/Binaries/Win64/../../../Engine/Shaders/ParticleSpriteVertexFactory.usf" 135
"C:/Program Files (x86)/Epic Games/4.8/Engine/Binaries/Win64/../../../Engine/Shaders/VertexFactoryCommon.usf" 136
"C:/Program Files (x86)/Epic Games/4.8/Engine/Binaries/Win64/../../../Engine/Shaders/Common.usf" 137
"C:/Program Files (x86)/Epic Games/4.8/Engine/Binaries/Win64/../../../Engine/Shaders/MetalCommon.usf" 138
"C:/Program Files (x86)/Epic Games/4.8/Engine/Binaries/Win64/../../../Engine/Shaders/ShaderVersion.usf" 139
"C:/Program Files (x86)/Epic Games/4.8/Engine/Binaries/Win64/../../../Engine/Shaders/Definitions.usf" 140
"C:/Program Files (x86)/Epic Games/4.8/Engine/Binaries/Win64/../../../Engine/Shaders/Random.usf" 141
"C:/Program Files (x86)/Epic Games/4.8/Engine/Binaries/Win64/../../../Engine/Shaders/ParticleVertexFactoryCommon.usf" 142
"C:/Program Files (x86)/Epic Games/4.8/Engine/Binaries/Win64/../../../Engine/Shaders/ParticleGPUSpriteVertexFactory.usf" 143
"C:/Program Files (x86)/Epic Games/4.8/Engine/Binaries/Win64/../../../Engine/Shaders/ParticleBeamTrailVertexFactory.usf" 144
"C:/Program Files (x86)/Epic Games/4.8/Engine/Binaries/Win64/../../../Engine/Shaders/LocalVertexFactory.usf" 145
"C:/Program Files (x86)/Epic Games/4.8/Engine/Binaries/Win64/../../../Engine/Shaders/LocalVertexFactoryCommon.usf" 146
"C:/Program Files (x86)/Epic Games/4.8/Engine/Binaries/Win64/../../../Engine/Shaders/VectorFieldVisualizationVertexFactory.usf" 147
"C:/Program Files (x86)/Epic Games/4.8/Engine/Binaries/Win64/../../../Engine/Shaders/MeshParticleVertexFactory.usf" 148
"C:/Program Files (x86)/Epic Games/4.8/Engine/Binaries/Win64/../../../Engine/Shaders/GpuSkinVertexFactory.usf" 149
"C:/Program Files (x86)/Epic Games/4.8/Engine/Binaries/Win64/../../../Engine/Shaders/GpuSkinCacheCommon.usf" 150
"C:/Program Files (x86)/Epic Games/4.8/Engine/Binaries/Win64/../../../Engine/Shaders/LandscapeVertexFactory.usf" 151
"C:/Program Files (x86)/Epic Games/4.8/Engine/Binaries/Win64/../../../Engine/Shaders/SlateElementPixelShader.usf" 152
"C:/Program Files (x86)/Epic Games/4.8/Engine/Binaries/Win64/../../../Engine/Shaders/GammaCorrectionCommon.usf" 153
"C:/Program Files (x86)/Epic Games/4.8/Engine/Binaries/Win64/../../../Engine/Shaders/MaterialTemplate.usf" 154
"C:/Program Files (x86)/Epic Games/4.8/Engine/Binaries/Win64/../../../Engine/Shaders/DepthOfFieldCommon.usf" 155
"C:/Program Files (x86)/Epic Games/4.8/Engine/Binaries/Win64/../../../Engine/Shaders/SpeedTreeCommon.usf" 156
"C:/Program Files (x86)/Epic Games/4.8/Engine/Binaries/Win64/../../../Engine/Shaders/AtmosphereCommon.usf" 157
"C:/Program Files (x86)/Epic Games/4.8/Engine/Binaries/Win64/../../../Engine/Shaders/EyeAdaptationCommon.usf" 158
"C:/Program Files (x86)/Epic Games/4.8/Engine/Binaries/Win64/../../../Engine/Shaders/PostProcessCommon.usf" 159
"C:/Program Files (x86)/Epic Games/4.8/Engine/Binaries/Win64/../../../Engine/Shaders/DeferredShadingCommon.usf" 160
"C:/Program Files (x86)/Epic Games/4.8/Engine/Binaries/Win64/../../../Engine/Shaders/LightAccumulator.usf" 161
"C:/Program Files (x86)/Epic Games/4.8/Engine/Binaries/Win64/../../../Engine/Shaders/SlateVertexShader.usf" 162
"C:/Program Files (x86)/Epic Games/4.8/Engine/Binaries/Win64/../../../Engine/Shaders/ParticleSortKeyGen.usf" 163
"C:/Program Files (x86)/Epic Games/4.8/Engine/Binaries/Win64/../../../Engine/Shaders/ParticleBoundsShader.usf" 164
"C:/Program Files (x86)/Epic Games/4.8/Engine/Binaries/Win64/../../../Engine/Shaders/ParticleSimVisualizeShader.usf" 165
"C:/Program Files (x86)/Epic Games/4.8/Engine/Binaries/Win64/../../../Engine/Shaders/ParticleInjectionShader.usf" 166
"C:/Program Files (x86)/Epic Games/4.8/Engine/Binaries/Win64/../../../Engine/Shaders/ParticleSimulationShader.usf" 167
"C:/Program Files (x86)/Epic Games/4.8/Engine/Binaries/Win64/../../../Engine/Shaders/ParticleCurveInjectionShader.usf" 168
"C:/Program Files (x86)/Epic Games/4.8/Engine/Binaries/Win64/../../../Engine/Shaders/VectorFieldCompositeShaders.usf" 169
"C:/Program Files (x86)/Epic Games/4.8/Engine/Binaries/Win64/../../../Engine/Shaders/UpdateTextureShaders.usf" 170
"C:/Program Files (x86)/Epic Games/4.8/Engine/Binaries/Win64/../../../Engine/Shaders/SimpleElementColorChannelMaskPixelShader.usf" 171
"C:/Program Files (x86)/Epic Games/4.8/Engine/Binaries/Win64/../../../Engine/Shaders/SimpleElementHitProxyPixelShader.usf" 172
"C:/Program Files (x86)/Epic Games/4.8/Engine/Binaries/Win64/../../../Engine/Shaders/SimpleElementPixelShader.usf" 173
"C:/Program Files (x86)/Epic Games/4.8/Engine/Binaries/Win64/../../../Engine/Shaders/ColorUtils.usf" 174
"C:/Program Files (x86)/Epic Games/4.8/Engine/Binaries/Win64/../../../Engine/Shaders/IESLightProfilesCommon.usf" 175
"C:/Program Files (x86)/Epic Games/4.8/Engine/Binaries/Win64/../../../Engine/Shaders/SimpleElementVertexShader.usf" 176
"C:/Program Files (x86)/Epic Games/4.8/Engine/Binaries/Win64/../../../Engine/Shaders/ScreenVertexShader.usf" 177
"C:/Program Files (x86)/Epic Games/4.8/Engine/Binaries/Win64/../../../Engine/Shaders/ScreenPixelShader.usf" 178
"C:/Program Files (x86)/Epic Games/4.8/Engine/Binaries/Win64/../../../Engine/Shaders/RadixSortShaders.usf" 179
"C:/Program Files (x86)/Epic Games/4.8/Engine/Binaries/Win64/../../../Engine/Shaders/GpuSkinCacheComputeShader.usf" 180
"C:/Program Files (x86)/Epic Games/4.8/Engine/Binaries/Win64/../../../Engine/Shaders/NullPixelShader.usf" 181
"C:/Program Files (x86)/Epic Games/4.8/Engine/Binaries/Win64/../../../Engine/Shaders/LandscapeGrassWeight.usf" 182
"C:/Program Files (x86)/Epic Games/4.8/Engine/Binaries/Win64/../../../Engine/Shaders/VisualizeTexture.usf" 183
"C:/Program Files (x86)/Epic Games/4.8/Engine/Binaries/Win64/../../../Engine/Shaders/ScreenSpaceReflections.usf" 184
"C:/Program Files (x86)/Epic Games/4.8/Engine/Binaries/Win64/../../../Engine/Shaders/BRDF.usf" 185
"C:/Program Files (x86)/Epic Games/4.8/Engine/Binaries/Win64/../../../Engine/Shaders/MonteCarlo.usf" 186
"C:/Program Files (x86)/Epic Games/4.8/Engine/Binaries/Win64/../../../Engine/Shaders/ScreenSpaceRayCast.usf" 187
"C:/Program Files (x86)/Epic Games/4.8/Engine/Binaries/Win64/../../../Engine/Shaders/FilterVertexShader.usf" 188
"C:/Program Files (x86)/Epic Games/4.8/Engine/Binaries/Win64/../../../Engine/Shaders/FilterPixelShader.usf" 189
"C:/Program Files (x86)/Epic Games/4.8/Engine/Binaries/Win64/../../../Engine/Shaders/PostProcessVisualizeHDR.usf" 190
"C:/Program Files (x86)/Epic Games/4.8/Engine/Binaries/Win64/../../../Engine/Shaders/PostProcessHistogramCommon.usf" 191
"C:/Program Files (x86)/Epic Games/4.8/Engine/Binaries/Win64/../../../Engine/Shaders/TonemapCommon.usf" 192
"C:/Program Files (x86)/Epic Games/4.8/Engine/Binaries/Win64/../../../Engine/Shaders/ACES.usf" 193
"C:/Program Files (x86)/Epic Games/4.8/Engine/Binaries/Win64/../../../Engine/Shaders/MiniFontCommon.usf" 194
"C:/Program Files (x86)/Epic Games/4.8/Engine/Binaries/Win64/../../../Engine/Shaders/PostProcessVisualizeBuffer.usf" 195
"C:/Program Files (x86)/Epic Games/4.8/Engine/Binaries/Win64/../../../Engine/Shaders/PostProcessUpscale.usf" 196
"C:/Program Files (x86)/Epic Games/4.8/Engine/Binaries/Win64/../../../Engine/Shaders/PostProcessTonemap.usf" 197
"C:/Program Files (x86)/Epic Games/4.8/Engine/Binaries/Win64/../../../Engine/Shaders/PostProcessTestImage.usf" 198
"C:/Program Files (x86)/Epic Games/4.8/Engine/Binaries/Win64/../../../Engine/Shaders/PostProcessTemporalAA.usf" 199
"C:/Program Files (x86)/Epic Games/4.8/Engine/Binaries/Win64/../../../Engine/Shaders/PostProcessTemporalCommon.usf" 200
"C:/Program Files (x86)/Epic Games/4.8/Engine/Binaries/Win64/../../../Engine/Shaders/PostProcessSubsurface.usf" 201
"C:/Program Files (x86)/Epic Games/4.8/Engine/Binaries/Win64/../../../Engine/Shaders/SeparableSSS.usf" 202
"C:/Program Files (x86)/Epic Games/4.8/Engine/Binaries/Win64/../../../Engine/Shaders/PostProcessSelectionOutline.usf" 203
"C:/Program Files (x86)/Epic Games/4.8/Engine/Binaries/Win64/../../../Engine/Shaders/PostProcessSceneColorFringe.usf" 204
"C:/Program Files (x86)/Epic Games/4.8/Engine/Binaries/Win64/../../../Engine/Shaders/PostProcessNoiseBlur.usf" 205
"C:/Program Files (x86)/Epic Games/4.8/Engine/Binaries/Win64/../../../Engine/Shaders/PostProcessMotionBlur.usf" 206
"C:/Program Files (x86)/Epic Games/4.8/Engine/Binaries/Win64/../../../Engine/Shaders/PostProcessVelocityFlatten.usf" 207
"C:/Program Files (x86)/Epic Games/4.8/Engine/Binaries/Win64/../../../Engine/Shaders/MorpheusInclude.usf" 208
"C:/Program Files (x86)/Epic Games/4.8/Engine/Binaries/Win64/../../../Engine/Shaders/PostProcessMobile.usf" 209
"C:/Program Files (x86)/Epic Games/4.8/Engine/Binaries/Win64/../../../Engine/Shaders/PostProcessMaterialShaders.usf" 210
"C:/Program Files (x86)/Epic Games/4.8/Engine/Binaries/Win64/../../../Engine/Shaders/PostProcessLensFlares.usf" 211
"C:/Program Files (x86)/Epic Games/4.8/Engine/Binaries/Win64/../../../Engine/Shaders/PostProcessLensBlur.usf" 212
"C:/Program Files (x86)/Epic Games/4.8/Engine/Binaries/Win64/../../../Engine/Shaders/PostProcessBloom.usf" 213
"C:/Program Files (x86)/Epic Games/4.8/Engine/Binaries/Win64/../../../Engine/Shaders/PostProcessHMD.usf" 214
"C:/Program Files (x86)/Epic Games/4.8/Engine/Binaries/Win64/../../../Engine/Shaders/PostProcessHistogramReduce.usf" 215
"C:/Program Files (x86)/Epic Games/4.8/Engine/Binaries/Win64/../../../Engine/Shaders/PostProcessHistogram.usf" 216
"C:/Program Files (x86)/Epic Games/4.8/Engine/Binaries/Win64/../../../Engine/Shaders/PostProcessGBufferHints.usf" 217
"C:/Program Files (x86)/Epic Games/4.8/Engine/Binaries/Win64/../../../Engine/Shaders/PostProcessEyeAdaptation.usf" 218
"C:/Program Files (x86)/Epic Games/4.8/Engine/Binaries/Win64/../../../Engine/Shaders/PostProcessDownsample.usf" 219
"C:/Program Files (x86)/Epic Games/4.8/Engine/Binaries/Win64/../../../Engine/Shaders/PostProcessDOF.usf" 220
"C:/Program Files (x86)/Epic Games/4.8/Engine/Binaries/Win64/../../../Engine/Shaders/PostProcessCompositeEditorPrimitives.usf" 221
"C:/Program Files (x86)/Epic Games/4.8/Engine/Binaries/Win64/../../../Engine/Shaders/PostProcessCombineLUTs.usf" 222
"C:/Program Files (x86)/Epic Games/4.8/Engine/Binaries/Win64/../../../Engine/Shaders/PostProcessBusyWait.usf" 223
"C:/Program Files (x86)/Epic Games/4.8/Engine/Binaries/Win64/../../../Engine/Shaders/PostProcessBokehDOF.usf" 224
"C:/Program Files (x86)/Epic Games/4.8/Engine/Binaries/Win64/../../../Engine/Shaders/FXAAShader.usf" 225
"C:/Program Files (x86)/Epic Games/4.8/Engine/Binaries/Win64/../../../Engine/Shaders/Fxaa3_11.usf" 226
"C:/Program Files (x86)/Epic Games/4.8/Engine/Binaries/Win64/../../../Engine/Shaders/PostProcessPassThrough.usf" 227
"C:/Program Files (x86)/Epic Games/4.8/Engine/Binaries/Win64/../../../Engine/Shaders/PostProcessLpvIndirect.usf" 228
"C:/Program Files (x86)/Epic Games/4.8/Engine/Binaries/Win64/../../../Engine/Shaders/DeferredLightingCommon.usf" 229
"C:/Program Files (x86)/Epic Games/4.8/Engine/Binaries/Win64/../../../Engine/Shaders/DynamicLightingCommon.usf" 230
"C:/Program Files (x86)/Epic Games/4.8/Engine/Binaries/Win64/../../../Engine/Shaders/LPVFinalPass.usf" 231
"C:/Program Files (x86)/Epic Games/4.8/Engine/Binaries/Win64/../../../Engine/Shaders/LPVCommon.usf" 232
"C:/Program Files (x86)/Epic Games/4.8/Engine/Binaries/Win64/../../../Engine/Shaders/DeferredDecal.usf" 233
"C:/Program Files (x86)/Epic Games/4.8/Engine/Binaries/Win64/../../../Engine/Shaders/PostProcessAmbientOcclusion.usf" 234
"C:/Program Files (x86)/Epic Games/4.8/Engine/Binaries/Win64/../../../Engine/Shaders/PostProcessAmbient.usf" 235
"C:/Program Files (x86)/Epic Games/4.8/Engine/Binaries/Win64/../../../Engine/Shaders/CubemapCommon.usf" 236
"C:/Program Files (x86)/Epic Games/4.8/Engine/Binaries/Win64/../../../Engine/Shaders/VelocityShader.usf" 237
"C:/Program Files (x86)/Epic Games/4.8/Engine/Binaries/Win64/../../../Engine/Shaders/VelocityCommon.usf" 238
"C:/Program Files (x86)/Epic Games/4.8/Engine/Binaries/Win64/../../../Engine/Shaders/Tessellation.usf" 239
"C:/Program Files (x86)/Epic Games/4.8/Engine/Binaries/Win64/../../../Engine/Shaders/FlatTessellation.usf" 240
"C:/Program Files (x86)/Epic Games/4.8/Engine/Binaries/Win64/../../../Engine/Shaders/PNTriangles.usf" 241
"C:/Program Files (x86)/Epic Games/4.8/Engine/Binaries/Win64/../../../Engine/Shaders/TranslucentLightingShaders.usf" 242
"C:/Program Files (x86)/Epic Games/4.8/Engine/Binaries/Win64/../../../Engine/Shaders/SHCommon.usf" 243
"C:/Program Files (x86)/Epic Games/4.8/Engine/Binaries/Win64/../../../Engine/Shaders/ShadowProjectionCommon.usf" 244
"C:/Program Files (x86)/Epic Games/4.8/Engine/Binaries/Win64/../../../Engine/Shaders/TranslucentLightInjectionShaders.usf" 245
"C:/Program Files (x86)/Epic Games/4.8/Engine/Binaries/Win64/../../../Engine/Shaders/LightFunctionCommon.usf" 246
"C:/Program Files (x86)/Epic Games/4.8/Engine/Binaries/Win64/../../../Engine/Shaders/TranslucentShadowDepthShaders.usf" 247
"C:/Program Files (x86)/Epic Games/4.8/Engine/Binaries/Win64/../../../Engine/Shaders/ShadowDepthCommon.usf" 248
"C:/Program Files (x86)/Epic Games/4.8/Engine/Binaries/Win64/../../../Engine/Shaders/TiledDeferredLightShaders.usf" 249
"C:/Program Files (x86)/Epic Games/4.8/Engine/Binaries/Win64/../../../Engine/Shaders/SurfelTree.usf" 250
"C:/Program Files (x86)/Epic Games/4.8/Engine/Binaries/Win64/../../../Engine/Shaders/DistanceFieldLightingShared.usf" 251
"C:/Program Files (x86)/Epic Games/4.8/Engine/Binaries/Win64/../../../Engine/Shaders/SurfelMaterialShared.usf" 252
"C:/Program Files (x86)/Epic Games/4.8/Engine/Binaries/Win64/../../../Engine/Shaders/DistanceFieldAOShared.usf" 253
"C:/Program Files (x86)/Epic Games/4.8/Engine/Binaries/Win64/../../../Engine/Shaders/ShadowProjectionPixelShader.usf" 254
"C:/Program Files (x86)/Epic Games/4.8/Engine/Binaries/Win64/../../../Engine/Shaders/ShadowFilteringCommon.usf" 255
"C:/Program Files (x86)/Epic Games/4.8/Engine/Binaries/Win64/../../../Engine/Shaders/ShadowProjectionVertexShader.usf" 256
"C:/Program Files (x86)/Epic Games/4.8/Engine/Binaries/Win64/../../../Engine/Shaders/ShadowDepthPixelShader.usf" 257
"C:/Program Files (x86)/Epic Games/4.8/Engine/Binaries/Win64/../../../Engine/Shaders/LPVWriteVplCommon.usf" 258
"C:/Program Files (x86)/Epic Games/4.8/Engine/Binaries/Win64/../../../Engine/Shaders/LPVWriteCommon.usf" 259
"C:/Program Files (x86)/Epic Games/4.8/Engine/Binaries/Win64/../../../Engine/Shaders/ShadowDepthVertexShader.usf" 260
"C:/Program Files (x86)/Epic Games/4.8/Engine/Binaries/Win64/../../../Engine/Shaders/ShaderComplexityApplyPixelShader.usf" 261
"C:/Program Files (x86)/Epic Games/4.8/Engine/Binaries/Win64/../../../Engine/Shaders/ShaderComplexityApplyVertexShader.usf" 262
"C:/Program Files (x86)/Epic Games/4.8/Engine/Binaries/Win64/../../../Engine/Shaders/ShaderComplexityAccumulatePixelShader.usf" 263
"C:/Program Files (x86)/Epic Games/4.8/Engine/Binaries/Win64/../../../Engine/Shaders/HZBOcclusion.usf" 264
"C:/Program Files (x86)/Epic Games/4.8/Engine/Binaries/Win64/../../../Engine/Shaders/OcclusionQueryVertexShader.usf" 265
"C:/Program Files (x86)/Epic Games/4.8/Engine/Binaries/Win64/../../../Engine/Shaders/HitProxyPixelShader.usf" 266
"C:/Program Files (x86)/Epic Games/4.8/Engine/Binaries/Win64/../../../Engine/Shaders/HitProxyVertexShader.usf" 267
"C:/Program Files (x86)/Epic Games/4.8/Engine/Binaries/Win64/../../../Engine/Shaders/ReflectionEnvironmentShaders.usf" 268
"C:/Program Files (x86)/Epic Games/4.8/Engine/Binaries/Win64/../../../Engine/Shaders/ReflectionEnvironmentShared.usf" 269
"C:/Program Files (x86)/Epic Games/4.8/Engine/Binaries/Win64/../../../Engine/Shaders/SkyLightingShared.usf" 270
"C:/Program Files (x86)/Epic Games/4.8/Engine/Binaries/Win64/../../../Engine/Shaders/ReflectionEnvironmentComputeShaders.usf" 271
"C:/Program Files (x86)/Epic Games/4.8/Engine/Binaries/Win64/../../../Engine/Shaders/LightShaftShader.usf" 272
"C:/Program Files (x86)/Epic Games/4.8/Engine/Binaries/Win64/../../../Engine/Shaders/StationaryLightOverlapShaders.usf" 273
"C:/Program Files (x86)/Epic Games/4.8/Engine/Binaries/Win64/../../../Engine/Shaders/DeferredLightPixelShaders.usf" 274
"C:/Program Files (x86)/Epic Games/4.8/Engine/Binaries/Win64/../../../Engine/Shaders/DeferredLightVertexShaders.usf" 275
"C:/Program Files (x86)/Epic Games/4.8/Engine/Binaries/Win64/../../../Engine/Shaders/LPVVisualise.usf" 276
"C:/Program Files (x86)/Epic Games/4.8/Engine/Binaries/Win64/../../../Engine/Shaders/LPVGeometryVolumeCommon.usf" 277
"C:/Program Files (x86)/Epic Games/4.8/Engine/Binaries/Win64/../../../Engine/Shaders/LPVDirectLightInject.usf" 278
"C:/Program Files (x86)/Epic Games/4.8/Engine/Binaries/Win64/../../../Engine/Shaders/LPVPropagate.usf" 279
"C:/Program Files (x86)/Epic Games/4.8/Engine/Binaries/Win64/../../../Engine/Shaders/LPVBuildGeometryVolume.usf" 280
"C:/Program Files (x86)/Epic Games/4.8/Engine/Binaries/Win64/../../../Engine/Shaders/LPVInject_AccumulateVplLists.usf" 281
"C:/Program Files (x86)/Epic Games/4.8/Engine/Binaries/Win64/../../../Engine/Shaders/LPVInject_GenerateVplLists.usf" 282
"C:/Program Files (x86)/Epic Games/4.8/Engine/Binaries/Win64/../../../Engine/Shaders/LPVClearLists.usf" 283
"C:/Program Files (x86)/Epic Games/4.8/Engine/Binaries/Win64/../../../Engine/Shaders/LPVClear.usf" 284
"C:/Program Files (x86)/Epic Games/4.8/Engine/Binaries/Win64/../../../Engine/Shaders/LightMapDensityShader.usf" 285
"C:/Program Files (x86)/Epic Games/4.8/Engine/Binaries/Win64/../../../Engine/Shaders/LightFunctionPixelShader.usf" 286
"C:/Program Files (x86)/Epic Games/4.8/Engine/Binaries/Win64/../../../Engine/Shaders/LightFunctionVertexShader.usf" 287
"C:/Program Files (x86)/Epic Games/4.8/Engine/Binaries/Win64/../../../Engine/Shaders/HeightfieldLighting.usf" 288
"C:/Program Files (x86)/Epic Games/4.8/Engine/Binaries/Win64/../../../Engine/Shaders/DistanceFieldShadowingShared.usf" 289
"C:/Program Files (x86)/Epic Games/4.8/Engine/Binaries/Win64/../../../Engine/Shaders/HdrCustomResolveShaders.usf" 290
"C:/Program Files (x86)/Epic Games/4.8/Engine/Binaries/Win64/../../../Engine/Shaders/GPUBenchmark.usf" 291
"C:/Program Files (x86)/Epic Games/4.8/Engine/Binaries/Win64/../../../Engine/Shaders/GammaCorrection.usf" 292
"C:/Program Files (x86)/Epic Games/4.8/Engine/Binaries/Win64/../../../Engine/Shaders/BasePassForForwardShadingPixelShader.usf" 293
"C:/Program Files (x86)/Epic Games/4.8/Engine/Binaries/Win64/../../../Engine/Shaders/BasePassForForwardShadingCommon.usf" 294
"C:/Program Files (x86)/Epic Games/4.8/Engine/Binaries/Win64/../../../Engine/Shaders/LightmapCommon.usf" 295
"C:/Program Files (x86)/Epic Games/4.8/Engine/Binaries/Win64/../../../Engine/Shaders/BasePassForForwardShadingVertexShader.usf" 296
"C:/Program Files (x86)/Epic Games/4.8/Engine/Binaries/Win64/../../../Engine/Shaders/HeightFogCommon.usf" 297
"C:/Program Files (x86)/Epic Games/4.8/Engine/Binaries/Win64/../../../Engine/Shaders/HeightFogPixelShader.usf" 298
"C:/Program Files (x86)/Epic Games/4.8/Engine/Binaries/Win64/../../../Engine/Shaders/HeightFogVertexShader.usf" 299
"C:/Program Files (x86)/Epic Games/4.8/Engine/Binaries/Win64/../../../Engine/Shaders/DistortAccumulatePS.usf" 300
"C:/Program Files (x86)/Epic Games/4.8/Engine/Binaries/Win64/../../../Engine/Shaders/DistortAccumulateVS.usf" 301
"C:/Program Files (x86)/Epic Games/4.8/Engine/Binaries/Win64/../../../Engine/Shaders/DistortApplyScreenPS.usf" 302
"C:/Program Files (x86)/Epic Games/4.8/Engine/Binaries/Win64/../../../Engine/Shaders/DistanceFieldSurfaceCacheLighting.usf" 303
"C:/Program Files (x86)/Epic Games/4.8/Engine/Binaries/Win64/../../../Engine/Shaders/SkyLighting.usf" 304
"C:/Program Files (x86)/Epic Games/4.8/Engine/Binaries/Win64/../../../Engine/Shaders/DistanceFieldGlobalIllumination.usf" 305
"C:/Program Files (x86)/Epic Games/4.8/Engine/Binaries/Win64/../../../Engine/Shaders/DistanceFieldLightingPost.usf" 306
"C:/Program Files (x86)/Epic Games/4.8/Engine/Binaries/Win64/../../../Engine/Shaders/DistanceFieldSurfaceCacheLightingCompute.usf" 307
"C:/Program Files (x86)/Epic Games/4.8/Engine/Binaries/Win64/../../../Engine/Shaders/DistanceFieldShadowing.usf" 308
"C:/Program Files (x86)/Epic Games/4.8/Engine/Binaries/Win64/../../../Engine/Shaders/DepthOnlyPixelShader.usf" 309
"C:/Program Files (x86)/Epic Games/4.8/Engine/Binaries/Win64/../../../Engine/Shaders/DepthOnlyVertexShader.usf" 310
"C:/Program Files (x86)/Epic Games/4.8/Engine/Binaries/Win64/../../../Engine/Shaders/PositionOnlyDepthVertexShader.usf" 311
"C:/Program Files (x86)/Epic Games/4.8/Engine/Binaries/Win64/../../../Engine/Shaders/DownsampleDepthPixelShader.usf" 312
"C:/Program Files (x86)/Epic Games/4.8/Engine/Binaries/Win64/../../../Engine/Shaders/EvaluateSurfelMaterial.usf" 313
"C:/Program Files (x86)/Epic Games/4.8/Engine/Binaries/Win64/../../../Engine/Shaders/ConvertToUniformMesh.usf" 314
"C:/Program Files (x86)/Epic Games/4.8/Engine/Binaries/Win64/../../../Engine/Shaders/BasePassPixelShader.usf" 315
"C:/Program Files (x86)/Epic Games/4.8/Engine/Binaries/Win64/../../../Engine/Shaders/BasePassCommon.usf" 316
"C:/Program Files (x86)/Epic Games/4.8/Engine/Binaries/Win64/../../../Engine/Shaders/ForEachLight.usf" 317
"C:/Program Files (x86)/Epic Games/4.8/Engine/Binaries/Win64/../../../Engine/Shaders/BasePassVertexShader.usf" 318
"C:/Program Files (x86)/Epic Games/4.8/Engine/Binaries/Win64/../../../Engine/Shaders/BasePassVertexCommon.usf" 319
"C:/Program Files (x86)/Epic Games/4.8/Engine/Binaries/Win64/../../../Engine/Shaders/BasePassTessellationShaders.usf" 320
"C:/Program Files (x86)/Epic Games/4.8/Engine/Binaries/Win64/../../../Engine/Shaders/AtmospherePrecompute.usf" 321
"C:/Program Files (x86)/Epic Games/4.8/Engine/Binaries/Win64/../../../Engine/Shaders/AtmospherePrecomputeCommon.usf" 322
"C:/Program Files (x86)/Epic Games/4.8/Engine/Binaries/Win64/../../../Engine/Shaders/AtmospherePrecomputeInscatter.usf" 323
"C:/Program Files (x86)/Epic Games/4.8/Engine/Binaries/Win64/../../../Engine/Shaders/AtmosphericFogShader.usf" 324
"C:/Program Files (x86)/Epic Games/4.8/Engine/Binaries/Win64/../../../Engine/Shaders/ResolveVertexShader.usf" 325
"C:/Program Files (x86)/Epic Games/4.8/Engine/Binaries/Win64/../../../Engine/Shaders/ResolvePixelShader.usf" 326
"C:/Program Files (x86)/Epic Games/4.8/Engine/Binaries/Win64/../../../Engine/Shaders/OneColorShader.usf" 327
"C:/Program Files (x86)/Epic Games/4.8/Engine/Binaries/Win64/../../../Engine/Shaders/ClearReplacementShaders.usf" 328
"C:/Program Files (x86)/Epic Games/4.8/Engine/Binaries/Win64/../../../Engine/Shaders/SimpleElementTexture2DPreviewPixelShader.usf" 329
"C:/Program Files (x86)/Epic Games/4.8/Engine/Binaries/Win64/../../../Engine/Shaders/SimpleElementNormalMapPixelShader.usf" 330
"C:/Program Files (x86)/Epic Games/4.8/Engine/Binaries/Win64/../../../Engine/Shaders/meshpaintdilatepixelshader.usf" 331
"C:/Program Files (x86)/Epic Games/4.8/Engine/Binaries/Win64/../../../Engine/Shaders/meshpaintdilatevertexshader.usf" 332
"C:/Program Files (x86)/Epic Games/4.8/Engine/Binaries/Win64/../../../Engine/Shaders/MeshPaintPixelShader.usf" 333
"C:/Program Files (x86)/Epic Games/4.8/Engine/Binaries/Win64/../../../Engine/Shaders/MeshPaintVertexShader.usf" 334
"../../../Engine/Config/Android/AndroidEngine.ini" 335
"../../../Engine/Config/HTML5/HTML5Engine.ini" 336
"../../../Engine/Config/IOS/IOSEngine.ini" 337
"../../../Engine/Config/Linux/LinuxEngine.ini" 338
"C:/Users/Jimmy/AppData/Local/UnrealEngine/4.8/DerivedDataCache/Boot.ddc" 339
"../../../Engine/DerivedDataCache/Compressed.ddp" 340
"../../../Engine/Content/EngineFonts/Roboto.uasset" 341
"../../../Engine/Content/EngineMaterials/Widget3DPassThrough_Translucent.uasset" 342
"../../../Engine/Content/EngineMaterials/Widget3DPassThrough.uasset" 343
"../../../Engine/Content/EngineResources/WhiteSquareTexture.uasset" 344
"../../../Engine/Content/Functions/Engine_MaterialFunctions01/Shading/PowerToRoughness.uasset" 345
"../../../Engine/Content/Functions/Engine_MaterialFunctions01/Shading/ConvertFromDiffSpec.uasset" 346
"../../../Engine/Content/EngineMaterials/WorldGridMaterial.uasset" 347
"../../../Engine/Content/Functions/Engine_MaterialFunctions01/Opacity/CameraDepthFade.uasset" 348
"../../../Engine/Content/EngineMaterials/T_Default_Material_Grid_M.uasset" 349
"../../../Engine/Content/EngineMaterials/T_Default_Material_Grid_N.uasset" 350
"../../../Engine/Content/EngineMaterials/DefaultDeferredDecalMaterial.uasset" 351
"../../../Engine/Content/EngineMaterials/DefaultDiffuse.uasset" 352
"../../../Engine/Content/EngineMaterials/DefaultLightFunctionMaterial.uasset" 353
"../../../Engine/Content/EngineMaterials/DefaultPostProcessMaterial.uasset" 354
"../../../Engine/Content/Functions/Engine_MaterialFunctions02/Utility/BreakOutFloat2Components.uasset" 355
"../../../Engine/Content/EngineResources/DefaultTexture.uasset" 356
"../../../Engine/Content/EngineMaterials/Widget3DPassThrough_Translucent_OneSided.uasset" 357
"../../../Engine/Content/EngineMaterials/Widget3DPassThrough_Opaque.uasset" 358
"../../../Engine/Content/EngineMaterials/Widget3DPassThrough_Opaque_OneSided.uasset" 359
"../../../Engine/Content/EditorResources/S_Actor.uasset" 360
"../../../Engine/Content/Maps/Templates/Thumbnails/Default.uasset" 361
"../../../Engine/Content/EditorMaterials/ParticleSystems/PSysThumbnail_NoImage.uasset" 362
"../../../Engine/Content/EditorMaterials/ParticleSystems/PSysThumbnail_OOD.uasset" 363
"../../../Engine/Content/EditorLandscapeResources/DataLayer.uasset" 364
"../../../Engine/Content/EngineDamageTypes/DmgTypeBP_Environmental.uasset" 365
"..\..\..\Engine\Content\Internationalization\icudt53l\numberingSystems.res" 366
"..\..\..\Engine\Content\Internationalization\icudt53l\curr\supplementalData.res" 367
"..\..\..\Engine\Content\Internationalization\icudt53l\curr\pool.res" 368
"..\..\..\Engine\Content\Internationalization\icudt53l\curr\en.res" 369
"..\..\..\Engine\Content\Internationalization\icudt53l\curr\root.res" 370
"../../../Engine/Content/EngineMeshes/Sphere.uasset" 371
"../../../Engine/Content/EngineFonts/RobotoDistanceField.uasset" 372
"../../../Engine/Content/EngineMaterials/DefaultTextMaterialOpaque.uasset" 373
"../../../Engine/Content/EditorResources/S_Trigger.uasset" 374
"../../../Engine/Content/EngineResources/GradientTexture0.uasset" 375
"../../../Engine/Content/EngineResources/Black.uasset" 376
"../../../Engine/Content/EditorMaterials/MatineeGroups/MAT_Groups_Float.uasset" 377
"../../../Engine/Content/EditorMaterials/MatineeGroups/MAT_Groups_Director.uasset" 378
"../../../Engine/Content/EditorMaterials/MatineeGroups/MAT_Groups_Event.uasset" 379
"../../../Engine/Content/EditorMaterials/MatineeGroups/MAT_Groups_Anim.uasset" 380
"../../../Engine/Content/EditorMaterials/MatineeGroups/MAT_Groups_Fade.uasset" 381
"../../../Engine/Content/EditorMaterials/MatineeGroups/MAT_Groups_Move.uasset" 382
"../../../Engine/Content/EditorMaterials/MatineeGroups/MAT_Groups_Slomo.uasset" 383
"../../../Engine/Content/EditorMaterials/MatineeGroups/MAT_ColorTrack.uasset" 384
"../../../Engine/Content/EditorMaterials/MAT_Groups_Toggle.uasset" 385
"../../../Engine/Content/EditorMaterials/MatineeGroups/MAT_Groups_AudioMaster.uasset" 386
"../../../Engine/Content/EditorMaterials/MatineeGroups/MAT_Groups_Sound.uasset" 387
"../../../Engine/Content/EditorMaterials/MatineeGroups/MAT_Groups_Vector.uasset" 388
"../../../Engine/Content/EditorMaterials/MAT_Groups_Visibility.uasset" 389
"../../../Engine/Content/EngineResources/DefaultTextureCube.uasset" 390
"../../../Engine/Content/EngineSounds/Master.uasset" 391
"../../../Engine/Content/EngineSounds/Music.uasset" 392
"../../../Engine/Content/EngineSounds/SFX.uasset" 393
"../../../Engine/Content/EngineSounds/Normal_Attack.uasset" 394
"../../../Engine/Content/EngineSounds/Special_Attack_PSM.uasset" 395
"../../../Engine/Content/EngineSounds/Duck_Normal_Attack_MixMod.uasset" 396
"../../../Engine/Content/EngineSounds/Voice.uasset" 397
"../../../Engine/Content/EngineMeshes/Cylinder.uasset" 398
"../../../Engine/Content/EngineMaterials/DefaultMaterial.uasset" 399
"../../../Engine/Content/EngineTireTypes/DefaultTireType.uasset" 400
"../../../Engine/Content/Editor/Slate/Fonts/FontAwesome.ttf" 401
"../../../Engine/Content/Editor/Slate/Fonts/DroidSansMono.ttf" 402
"../../../Engine/Content/Editor/Slate/Fonts/Roboto-BoldCondensed.ttf" 403
"../../../Engine/Content/Editor/Slate/Fonts/Roboto-Black.ttf" 404
"../../../Engine/Content/Editor/Slate/Fonts/Roboto-Italic.ttf" 405
"../../../Engine/Content/Editor/Slate/Fonts/Roboto-BoldCondensedItalic.ttf" 406
"..\..\..\Engine\Content\Internationalization\icudt53l\coll\ucadata.icu" 407
"..\..\..\Engine\Content\Internationalization\icudt53l\nfc.nrm" 408
"..\..\..\Engine\Content\Internationalization\icudt53l\coll\en_US.res" 409
"..\..\..\Engine\Content\Internationalization\icudt53l\coll\en.res" 410
"..\..\..\Engine\Content\Internationalization\icudt53l\coll\root.res" 411
"../../../Engine/Content/EngineResources/AICON-Red.uasset" 412
"../../../Engine/Content/EngineResources/AICON-Green.uasset" 413
"../../../Engine/Plugins/2D/Paper2D/Content/MaskedUnlitSpriteMaterial.uasset" 414
"../../../Engine/Plugins/2D/Paper2D/Content/DefaultSpriteMaterial.uasset" 415
"../../../Engine/Plugins/2D/Paper2D/Content/DummySpriteTexture.uasset" 416
"../../../Engine/Plugins/2D/Paper2D/Content/PlaceholderTextures/DummySpriteTexture.uasset" 417
"../../../Engine/Plugins/2D/Paper2D/Content/OpaqueUnlitSpriteMaterial.uasset" 418
"../../../Engine/Plugins/2D/Paper2D/Content/DefaultPaperTerrainMaterial.uasset" 419
"../../../Engine/Plugins/2D/Paper2D/Content/DummySprite.uasset" 420
"C:/Users/Jimmy/AppData/Local/UnrealEngine/4.8/Saved/Config/Windows/SourceControlSettings.ini" 421
"../../../../../../Users/Jimmy/git/PoliHeath/Proyecto 4.8/Intermediate/Config/CoalescedSourceConfigs/SourceControlSettings.ini" 422
"C:/Users/Jimmy/git/PoliHeath/Proyecto 4.8/Saved/Config/Windows/SourceControlSettings.ini" 423
"../../../Engine/Plugins/Runtime/LeapMotionController/Content/LM_CapsuleMesh.uasset" 424
"../../../Engine/Plugins/Runtime/LeapMotionController/Content/LM_TorusMesh.uasset" 425
"../../../Engine/Plugins/Runtime/LeapMotionController/Content/LM_HandColor.uasset" 426
"../../../Engine/Content/EngineMaterials/RemoveSurfaceMaterial.uasset" 427
"../../../Engine/Content/EngineDebugMaterials/DebugMeshMaterial.uasset" 428
"../../../Engine/Content/EngineMaterials/M_InvalidLightmapSettings.uasset" 429
"../../../Engine/Content/EngineMaterials/InvalidLightmapSettings.uasset" 430
"../../../Engine/Content/EditorMaterials/GizmoMaterial.uasset" 431
"../../../Engine/Content/EngineMaterials/Good64x64TilingNoiseHighFreq.uasset" 432
"../../../Engine/Content/EngineMaterials/DefaultBokeh.uasset" 433
"../../../Engine/Content/EngineMaterials/PreintegratedSkinBRDF.uasset" 434
"../../../Engine/Content/EngineMaterials/MiniFont.uasset" 435
"../../../Engine/Content/EngineMaterials/WeightMapPlaceholderTexture.uasset" 436
"../../../Engine/Content/EngineMaterials/DefaultWhiteGrid.uasset" 437
"../../../Engine/Content/EngineMaterials/DefaultPhysicalMaterial.uasset" 438
"../../../Engine/Content/EngineFonts/RobotoTiny.uasset" 439
"../../../../../../Users/Jimmy/git/PoliHeath/Proyecto 4.8/Intermediate/CachedAssetRegistry.bin" 440
"C:/Users/Jimmy/git/PoliHeath/Proyecto 4.8/Saved/Cooked/WindowsNoEditor/Proyecto/CookedIniVersion.txt" 441
"../../../Engine/Content/MobileResources/HUD/VirtualJoystick_Thumb.uasset" 442
"../../../../../../Users/Jimmy/git/PoliHeath/Proyecto 4.8/Content/Blueprints/2D.uasset" 443
"../../../../../../Users/Jimmy/git/PoliHeath/Proyecto 4.8/Content/Blueprints/Player/player.uasset" 444
"../../../Engine/Content/EditorBlueprintResources/StandardMacros.uasset" 445
"../../../../../../Users/Jimmy/git/PoliHeath/Proyecto 4.8/Content/Blueprints/BP_itemStructure.uasset" 446
"../../../../../../Users/Jimmy/git/PoliHeath/Proyecto 4.8/Content/Blueprints/Char_States.uasset" 447
"../../../../../../Users/Jimmy/git/PoliHeath/Proyecto 4.8/Content/FlipBooks/MainChar/Caminar.uasset" 448
"../../../../../../Users/Jimmy/git/PoliHeath/Proyecto 4.8/Content/Sprites/MainChar/Correr/C1_2.uasset" 449
"../../../../../../Users/Jimmy/git/PoliHeath/Proyecto 4.8/Content/Sprites/caminar-personaje2.uasset" 450
"../../../../../../Users/Jimmy/git/PoliHeath/Proyecto 4.8/Content/Sprites/MainChar/Correr/C2.uasset" 451
"../../../../../../Users/Jimmy/git/PoliHeath/Proyecto 4.8/Content/Sprites/MainChar/Correr/C3.uasset" 452
"../../../../../../Users/Jimmy/git/PoliHeath/Proyecto 4.8/Content/Sprites/MainChar/Correr/C4.uasset" 453
"../../../../../../Users/Jimmy/git/PoliHeath/Proyecto 4.8/Content/Sprites/MainChar/Correr/C5.uasset" 454
"../../../../../../Users/Jimmy/git/PoliHeath/Proyecto 4.8/Content/FlipBooks/MainChar/Hit.uasset" 455
"../../../../../../Users/Jimmy/git/PoliHeath/Proyecto 4.8/Content/Sprites/ZombieChar/Caminar/C1.uasset" 456
"../../../../../../Users/Jimmy/git/PoliHeath/Proyecto 4.8/Content/Sprites/zombie2.uasset" 457
"../../../../../../Users/Jimmy/git/PoliHeath/Proyecto 4.8/Content/FlipBooks/MainChar/Reposo.uasset" 458
"../../../../../../Users/Jimmy/git/PoliHeath/Proyecto 4.8/Content/Sprites/MainChar/Reposo/R0.uasset" 459
"../../../../../../Users/Jimmy/git/PoliHeath/Proyecto 4.8/Content/Sprites/personaje-resposo.uasset" 460
"../../../../../../Users/Jimmy/git/PoliHeath/Proyecto 4.8/Content/Sprites/MainChar/Reposo/R1.uasset" 461
"../../../../../../Users/Jimmy/git/PoliHeath/Proyecto 4.8/Content/FlipBooks/MainChar/Saltar.uasset" 462
"../../../../../../Users/Jimmy/git/PoliHeath/Proyecto 4.8/Content/Sprites/MainChar/Saltar/S0.uasset" 463
"../../../../../../Users/Jimmy/git/PoliHeath/Proyecto 4.8/Content/Sprites/personaje-saltar.uasset" 464
"../../../../../../Users/Jimmy/git/PoliHeath/Proyecto 4.8/Content/Sprites/MainChar/Saltar/S1.uasset" 465
"../../../../../../Users/Jimmy/git/PoliHeath/Proyecto 4.8/Content/Sprites/MainChar/Saltar/S2.uasset" 466
"../../../../../../Users/Jimmy/git/PoliHeath/Proyecto 4.8/Content/Sprites/MainChar/Saltar/S3.uasset" 467
"../../../../../../Users/Jimmy/git/PoliHeath/Proyecto 4.8/Content/FlipBooks/MainChar/Sitting.uasset" 468
"../../../../../../Users/Jimmy/git/PoliHeath/Proyecto 4.8/Content/HUD/PantallaPrimaria_Nivel1.uasset" 469
"../../../../../../Users/Jimmy/git/PoliHeath/Proyecto 4.8/Content/HUD/PantallaPrimaria_Nivel2.uasset" 470
"../../../../../../Users/Jimmy/git/PoliHeath/Proyecto 4.8/Content/Sprites/HUDSprites/guantes.uasset" 471
"../../../../../../Users/Jimmy/git/PoliHeath/Proyecto 4.8/Content/Sprites/HUDSprites/microcospio.uasset" 472
"../../../../../../Users/Jimmy/git/PoliHeath/Proyecto 4.8/Content/Sprites/HUDSprites/panel2.uasset" 473
"../../../../../../Users/Jimmy/git/PoliHeath/Proyecto 4.8/Content/Sprites/HUDSprites/panel_1.uasset" 474
"../../../../../../Users/Jimmy/git/PoliHeath/Proyecto 4.8/Content/Sprites/HUDSprites/tazon.uasset" 475
"../../../../../../Users/Jimmy/git/PoliHeath/Proyecto 4.8/Content/Sprites/HUDSprites/tubosensayos.uasset" 476
"../../../../../../Users/Jimmy/git/PoliHeath/Proyecto 4.8/Content/Sprites/HUDSprites/walkie-talkie.uasset" 477
"../../../../../../Users/Jimmy/git/PoliHeath/Proyecto 4.8/Content/HUD/PantallaPrimaria_Nivel3.uasset" 478
"../../../../../../Users/Jimmy/git/PoliHeath/Proyecto 4.8/Content/Sprites/HUDSprites/mouse.uasset" 479
"../../../../../../Users/Jimmy/git/PoliHeath/Proyecto 4.8/Content/Sprites/HUDSprites/objetoMaleta.uasset" 480
"../../../../../../Users/Jimmy/git/PoliHeath/Proyecto 4.8/Content/Sprites/HUDSprites/objetoUsb.uasset" 481
"../../../../../../Users/Jimmy/git/PoliHeath/Proyecto 4.8/Content/Sprites/HUDSprites/objetoPc.uasset" 482
"C:/Users/Jimmy/AppData/Local/UnrealEngine/Common/DerivedDataCache/4/6/6/PHYSX_$7B1F0627AE$2DABEB$2D4206$2D8D78$2DE16BEB5DDC7E$7D_PHYSXPC_65CDEDCE45CA6D066719BFACFDE469F5__1_1_13107_0.udd" 483
"../../../Engine/Content/EditorResources/BSPVertex.uasset" 484
"../../../Engine/Content/EngineDebugMaterials/WireframeMaterial.uasset" 485
"../../../Engine/Content/EngineDebugMaterials/GeomMaterial.uasset" 486
"../../../Engine/Content/EngineDebugMaterials/LevelColorationLitMaterial.uasset" 487
"../../../Engine/Content/EngineDebugMaterials/LevelColorationUnlitMaterial.uasset" 488
"../../../Engine/Content/EngineDebugMaterials/MAT_LevelColorationLitLightmapUV.uasset" 489
"../../../Engine/Content/EngineDebugMaterials/ShadedLevelColorationLitMaterial.uasset" 490
"../../../Engine/Content/EngineDebugMaterials/ShadedLevelColorationUnlitMateri.uasset" 491
"../../../Engine/Content/EngineDebugMaterials/VertexColorMaterial.uasset" 492
"../../../Engine/Content/EngineDebugMaterials/VertexColorViewMode_ColorOnly.uasset" 493
"../../../Engine/Content/EngineDebugMaterials/VertexColorViewMode_AlphaAsColor.uasset" 494
"../../../Engine/Content/EngineDebugMaterials/VertexColorViewMode_RedOnly.uasset" 495
"../../../Engine/Content/EngineDebugMaterials/VertexColorViewMode_GreenOnly.uasset" 496
"../../../Engine/Content/EngineDebugMaterials/VertexColorViewMode_BlueOnly.uasset" 497
"../../../Engine/Content/EngineDebugMaterials/BoneWeightMaterial.uasset" 498
"../../../Engine/Content/EngineDebugMaterials/HeatmapGradient.uasset" 499
"../../../Engine/Content/EditorMaterials/PhAT_JointLimitMaterial.uasset" 500
"../../../Engine/Content/EditorMaterials/PreviewShadowIndicatorMaterial.uasset" 501
"../../../Engine/Content/EditorMaterials/PreviewShadowIndicator.uasset" 502
"../../../Engine/Content/EngineMaterials/EditorBrushMaterial.uasset" 503
"../../../Engine/Content/EditorMeshes/ColorCalibrator/SM_ColorCalibrator.uasset" 504
"../../../Engine/Content/EditorMeshes/ColorCalibrator/M_ChromeBall.uasset" 505
"../../../Engine/Content/EditorMeshes/ColorCalibrator/M_ClearCoat.uasset" 506
"../../../Engine/Content/EditorMeshes/ColorCalibrator/M_ClearCoatBlack.uasset" 507
"../../../Engine/Content/EditorMeshes/ColorCalibrator/M_ColorGrid.uasset" 508
"../../../Engine/Content/EditorMeshes/ColorCalibrator/T_ColorGrid.uasset" 509
"../../../Engine/Content/EditorMeshes/ColorCalibrator/M_GreyBall.uasset" 510
"../../../Engine/Content/MobileResources/HUD/DefaultVirtualJoysticks.uasset" 511
"../../../Engine/Content/MobileResources/HUD/VirtualJoystick_Background.uasset" 512
"../../../Engine/Plugins/2D/Paper2D/Content/TranslucentUnlitSpriteMaterial.uasset" 513
"../../../Engine/Plugins/2D/Paper2D/Content/MaskedLitSpriteMaterial.uasset" 514
"../../../Engine/Plugins/2D/Paper2D/Content/DefaultLitSpriteMaterial.uasset" 515
"../../../Engine/Plugins/2D/Paper2D/Content/PlaceholderTextures/FlatNormalMap.uasset" 516
"../../../Engine/Plugins/2D/Paper2D/Content/TranslucentLitSpriteMaterial.uasset" 517
"../../../Engine/Plugins/2D/Paper2D/Content/OpaqueLitSpriteMaterial.uasset" 518
"../../../Engine/Content/MobileResources/HUD/T_Castle_ThumbstickOutter.uasset" 519
"../../../Engine/Content/MobileResources/HUD/MobileHUDDirectionPad3.uasset" 520
"../../../Engine/Content/MobileResources/HUD/MobileHUDButtonFire.uasset" 521
"../../../Engine/Content/MobileResources/HUD/MobileHUDButton3.uasset" 522
"../../../Engine/Content/MobileResources/HUD/MobileHUDButton2_off.uasset" 523
"../../../Engine/Content/MobileResources/HUD/LeftVirtualJoystickOnly.uasset" 524
"../../../Engine/Content/MobileResources/HUD/AnalogHat.uasset" 525
"../../../Engine/Content/MobileResources/T_MobileControls_texture.uasset" 526
"../../../../../../Users/Jimmy/git/PoliHeath/Proyecto 4.8/Content/Texturas/puntoB_Sprite.uasset" 527
"../../../../../../Users/Jimmy/git/PoliHeath/Proyecto 4.8/Content/Texturas/puntoB.uasset" 528
"C:/Users/Jimmy/AppData/Local/UnrealEngine/Common/DerivedDataCache/2/9/0/TEXTURE_814DCC3DC72143F49509781513CB9855_AUTODXT_5576EB104ECCDDAABCB530AFD8997__9273B92B0153DDEA44BF64386308599CADC05E09.udd" 529
"../../../../../../Users/Jimmy/git/PoliHeath/Proyecto 4.8/Content/Sprites/ZombieChar/Reposo/R5.uasset" 530
"../../../../../../Users/Jimmy/git/PoliHeath/Proyecto 4.8/Content/Sprites/ZombieChar/Reposo/R4.uasset" 531
"../../../../../../Users/Jimmy/git/PoliHeath/Proyecto 4.8/Content/Sprites/ZombieChar/Reposo/R3.uasset" 532
"../../../../../../Users/Jimmy/git/PoliHeath/Proyecto 4.8/Content/Sprites/ZombieChar/Reposo/R2.uasset" 533
"../../../../../../Users/Jimmy/git/PoliHeath/Proyecto 4.8/Content/Sprites/ZombieChar/Reposo/R1.uasset" 534
"../../../../../../Users/Jimmy/git/PoliHeath/Proyecto 4.8/Content/Sprites/ZombieChar/Caminar/zombie2_Sprite5.uasset" 535
"../../../../../../Users/Jimmy/git/PoliHeath/Proyecto 4.8/Content/Sprites/ZombieChar/Caminar/zombie2_Sprite4.uasset" 536
"../../../../../../Users/Jimmy/git/PoliHeath/Proyecto 4.8/Content/Sprites/ZombieChar/Caminar/zombie2_Sprite3.uasset" 537
"../../../../../../Users/Jimmy/git/PoliHeath/Proyecto 4.8/Content/Sprites/ZombieChar/Caminar/zombie2_Sprite2.uasset" 538
"../../../../../../Users/Jimmy/git/PoliHeath/Proyecto 4.8/Content/Sprites/ZombieChar/Caminar/zombie2_Sprite.uasset" 539
"../../../../../../Users/Jimmy/git/PoliHeath/Proyecto 4.8/Content/Sprites/ZombieChar/Caminar/zombie2.uasset" 540
"../../../../../../Users/Jimmy/git/PoliHeath/Proyecto 4.8/Content/Sprites/ZombieChar/Caminar/Camina.uasset" 541
"../../../../../../Users/Jimmy/git/PoliHeath/Proyecto 4.8/Content/Sprites/ZombieChar/Caminar/C5.uasset" 542
"C:/Users/Jimmy/AppData/Local/UnrealEngine/Common/DerivedDataCache/1/1/4/PHYSX_$7B1F0627AE$2DABEB$2D4206$2D8D78$2DE16BEB5DDC7E$7D_PHYSXPC_72EC1BD3440F34FD7331D281E6B613C8__1_1_13107_0.udd" 543
"../../../../../../Users/Jimmy/git/PoliHeath/Proyecto 4.8/Content/Sprites/ZombieChar/Caminar/C4.uasset" 544
"C:/Users/Jimmy/AppData/Local/UnrealEngine/Common/DerivedDataCache/3/9/2/PHYSX_$7B1F0627AE$2DABEB$2D4206$2D8D78$2DE16BEB5DDC7E$7D_PHYSXPC_54FA0BEA4609A4DC0259E686412F788C__1_1_13107_0.udd" 545
"../../../../../../Users/Jimmy/git/PoliHeath/Proyecto 4.8/Content/Sprites/ZombieChar/Caminar/C3.uasset" 546
"C:/Users/Jimmy/AppData/Local/UnrealEngine/Common/DerivedDataCache/0/8/9/PHYSX_$7B1F0627AE$2DABEB$2D4206$2D8D78$2DE16BEB5DDC7E$7D_PHYSXPC_B2BB51DA47CDBD0D39EDA092B52E7C4D__1_1_13107_0.udd" 547
"../../../../../../Users/Jimmy/git/PoliHeath/Proyecto 4.8/Content/Sprites/ZombieChar/Caminar/C2.uasset" 548
"C:/Users/Jimmy/AppData/Local/UnrealEngine/Common/DerivedDataCache/2/7/5/PHYSX_$7B1F0627AE$2DABEB$2D4206$2D8D78$2DE16BEB5DDC7E$7D_PHYSXPC_86E1392542740D19EFDE088705FED79A__1_1_13107_0.udd" 549
"../../../../../../Users/Jimmy/git/PoliHeath/Proyecto 4.8/Content/Sprites/ZombieChar/Camina/C5.uasset" 550
"../../../../../../Users/Jimmy/git/PoliHeath/Proyecto 4.8/Content/Sprites/ZombieChar/Camina/C4.uasset" 551
"../../../../../../Users/Jimmy/git/PoliHeath/Proyecto 4.8/Content/Sprites/ZombieChar/Camina/C3.uasset" 552
"../../../../../../Users/Jimmy/git/PoliHeath/Proyecto 4.8/Content/Sprites/ZombieChar/Camina/C2.uasset" 553
"../../../../../../Users/Jimmy/git/PoliHeath/Proyecto 4.8/Content/Sprites/ZombieChar/Camina/C1.uasset" 554
"../../../../../../Users/Jimmy/git/PoliHeath/Proyecto 4.8/Content/Sprites/Nivel_3/puerta1_Sprite.uasset" 555
"../../../../../../Users/Jimmy/git/PoliHeath/Proyecto 4.8/Content/Sprites/Nivel_3/puerta1.uasset" 556
"C:/Users/Jimmy/AppData/Local/UnrealEngine/Common/DerivedDataCache/5/9/4/TEXTURE_814DCC3DC72143F49509781513CB9855_BGRA8_6522BAC84F31E82B5A049EB11F7D1ED__4192A8F9964D206D91A14E42283E1684F248F6CE.udd" 557
"../../../../../../Users/Jimmy/git/PoliHeath/Proyecto 4.8/Content/Blueprints/puntoA_Sprite.uasset" 558
"../../../../../../Users/Jimmy/git/PoliHeath/Proyecto 4.8/Content/Sprites/puntoA_Sprite.uasset" 559
"../../../../../../Users/Jimmy/git/PoliHeath/Proyecto 4.8/Content/Texturas/puntoA.uasset" 560
"../../../../../../Users/Jimmy/git/PoliHeath/Proyecto 4.8/Content/Blueprints/puertaExit_BP.uasset" 561
"../../../../../../Users/Jimmy/git/PoliHeath/Proyecto 4.8/Content/Blueprints/Level_1/puertaExit_BP.uasset" 562
"../../../../../../Users/Jimmy/git/PoliHeath/Proyecto 4.8/Content/Blueprints/Level_2/puertaExit_BP.uasset" 563
"../../../../../../Users/Jimmy/git/PoliHeath/Proyecto 4.8/Content/Sprites/Nivel_2/piso3_5_Sprite.uasset" 564
"../../../../../../Users/Jimmy/git/PoliHeath/Proyecto 4.8/Content/Sprites/Nivel_2/piso3_5.uasset" 565
"../../../../../../Users/Jimmy/git/PoliHeath/Proyecto 4.8/Content/Blueprints/Player.uasset" 566
"../../../../../../Users/Jimmy/git/PoliHeath/Proyecto 4.8/Content/Blueprints/NewUserDefinedEnum.uasset" 567
"../../../../../../Users/Jimmy/git/PoliHeath/Proyecto 4.8/Content/Blueprints/mesaPC_Sprite.uasset" 568
"../../../../../../Users/Jimmy/git/PoliHeath/Proyecto 4.8/Content/Blueprints/Level_1/mesaPC_Sprite.uasset" 569
"../../../../../../Users/Jimmy/git/PoliHeath/Proyecto 4.8/Content/Blueprints/Level_2/mesaPC_Sprite.uasset" 570
"../../../../../../Users/Jimmy/git/PoliHeath/Proyecto 4.8/Content/Blueprints/Level_2/tubo_BP.uasset" 571
"../../../../../../Users/Jimmy/git/PoliHeath/Proyecto 4.8/Content/Sprites/Nivel_2/tubo2_Sprite.uasset" 572
"../../../../../../Users/Jimmy/git/PoliHeath/Proyecto 4.8/Content/Sprites/Nivel_2/tubo2.uasset" 573
"../../../../../../Users/Jimmy/git/PoliHeath/Proyecto 4.8/Content/Blueprints/DoorExit_1.uasset" 574
"../../../../../../Users/Jimmy/git/PoliHeath/Proyecto 4.8/Content/Blueprints/Level_1/DoorExit_1.uasset" 575
"../../../../../../Users/Jimmy/git/PoliHeath/Proyecto 4.8/Content/Blueprints/CaminaZombie.uasset" 576
"../../../../../../Users/Jimmy/git/PoliHeath/Proyecto 4.8/Content/Blueprints/AI/CaminaZombie.uasset" 577
"../../../../../../Users/Jimmy/git/PoliHeath/Proyecto 4.8/Content/FlipBooks/CaminaZombie.uasset" 578
"../../../../../../Users/Jimmy/git/PoliHeath/Proyecto 4.8/Content/FlipBooks/Zombue/CaminaZombie.uasset" 579
"../../../../../../Users/Jimmy/git/PoliHeath/Proyecto 4.8/Content/FlipBooks/Zombie/CaminaZombie.uasset" 580
"../../../../../../Users/Jimmy/git/PoliHeath/Proyecto 4.8/Content/Blueprints/BP_Walls.uasset" 581
"../../../../../../Users/Jimmy/git/PoliHeath/Proyecto 4.8/Content/Sprites/objetoMuro_Sprite.uasset" 582
"../../../../../../Users/Jimmy/git/PoliHeath/Proyecto 4.8/Content/Sprites/objetoMuro.uasset" 583
"../../../../../../Users/Jimmy/git/PoliHeath/Proyecto 4.8/Content/Blueprints/BP_item5.uasset" 584
"../../../../../../Users/Jimmy/git/PoliHeath/Proyecto 4.8/Content/Blueprints/Level_1/BP_item5.uasset" 585
"../../../../../../Users/Jimmy/git/PoliHeath/Proyecto 4.8/Content/Sprites/HUDSprites/walkie-talkie_Sprite.uasset" 586
"../../../../../../Users/Jimmy/git/PoliHeath/Proyecto 4.8/Content/Blueprints/BP_item4.uasset" 587
"../../../../../../Users/Jimmy/git/PoliHeath/Proyecto 4.8/Content/Blueprints/Level_1/BP_item4.uasset" 588
"../../../../../../Users/Jimmy/git/PoliHeath/Proyecto 4.8/Content/Sprites/HUDSprites/mouse_Sprite.uasset" 589
"../../../../../../Users/Jimmy/git/PoliHeath/Proyecto 4.8/Content/Blueprints/BP_item3.uasset" 590
"../../../../../../Users/Jimmy/git/PoliHeath/Proyecto 4.8/Content/Blueprints/Level_1/BP_item3.uasset" 591
"../../../../../../Users/Jimmy/git/PoliHeath/Proyecto 4.8/Content/Sprites/HUDSprites/objetoPc_Sprite.uasset" 592
"../../../../../../Users/Jimmy/git/PoliHeath/Proyecto 4.8/Content/Blueprints/BP_item2.uasset" 593
"../../../../../../Users/Jimmy/git/PoliHeath/Proyecto 4.8/Content/Blueprints/Level_1/BP_item2.uasset" 594
"../../../../../../Users/Jimmy/git/PoliHeath/Proyecto 4.8/Content/Sprites/HUDSprites/objetoUsb_Sprite.uasset" 595
"../../../../../../Users/Jimmy/git/PoliHeath/Proyecto 4.8/Content/Blueprints/BP_item.uasset" 596
"../../../../../../Users/Jimmy/git/PoliHeath/Proyecto 4.8/Content/Blueprints/Level_1/BP_item.uasset" 597
"../../../../../../Users/Jimmy/git/PoliHeath/Proyecto 4.8/Content/Sprites/HUDSprites/objetoMaleta_Sprite.uasset" 598
"../../../../../../Users/Jimmy/git/PoliHeath/Proyecto 4.8/Content/Blueprints/BP_floor.uasset" 599
"../../../../../../Users/Jimmy/git/PoliHeath/Proyecto 4.8/Content/Blueprints/BP_Ceiling.uasset" 600
"../../../Engine/Content/MobileResources/HUD/MobileHUDButton1_off.uasset" 601
"../../../Engine/Content/Maps/Entry.umap" 602
"../../../Engine/Content/EngineMaterials/DefaultNormal.uasset" 603
"../../../../../../Users/Jimmy/git/PoliHeath/Proyecto 4.8/Content/Niveles/Menu.umap" 604
"../../../../../../Users/Jimmy/git/PoliHeath/Proyecto 4.8/Content/HUD/Menu.uasset" 605
"../../../../../../Users/Jimmy/git/PoliHeath/Proyecto 4.8/Content/Niveles/Nivel_3.umap" 606
"../../../../../../Users/Jimmy/git/PoliHeath/Proyecto 4.8/Content/Blueprints/Level_3/puertaExit_BP.uasset" 607
"../../../../../../Users/Jimmy/git/PoliHeath/Proyecto 4.8/Content/Sprites/Nivel_1/puerta_Sprite.uasset" 608
"../../../../../../Users/Jimmy/git/PoliHeath/Proyecto 4.8/Content/Sprites/Nivel_1/puerta.uasset" 609
"../../../../../../Users/Jimmy/git/PoliHeath/Proyecto 4.8/Content/Sprites/Nivel_2/barrote_Sprite.uasset" 610
"../../../../../../Users/Jimmy/git/PoliHeath/Proyecto 4.8/Content/Sprites/Nivel_2/barrote.uasset" 611
"../../../../../../Users/Jimmy/git/PoliHeath/Proyecto 4.8/Content/Sprites/Nivel_3/piso1_2_Sprite.uasset" 612
"../../../../../../Users/Jimmy/git/PoliHeath/Proyecto 4.8/Content/Sprites/Nivel_3/piso1_2.uasset" 613
"../../../../../../Users/Jimmy/git/PoliHeath/Proyecto 4.8/Content/Sprites/Nivel_3/piso1_3_Sprite.uasset" 614
"../../../../../../Users/Jimmy/git/PoliHeath/Proyecto 4.8/Content/Sprites/Nivel_3/piso1_3.uasset" 615
"../../../../../../Users/Jimmy/git/PoliHeath/Proyecto 4.8/Content/Sprites/Nivel_3/piso1_4_Sprite.uasset" 616
"../../../../../../Users/Jimmy/git/PoliHeath/Proyecto 4.8/Content/Sprites/Nivel_3/piso1_4.uasset" 617
"../../../../../../Users/Jimmy/git/PoliHeath/Proyecto 4.8/Content/Sprites/Nivel_3/piso1_5_Sprite.uasset" 618
"../../../../../../Users/Jimmy/git/PoliHeath/Proyecto 4.8/Content/Sprites/Nivel_3/piso1_5.uasset" 619
"../../../../../../Users/Jimmy/git/PoliHeath/Proyecto 4.8/Content/Sprites/Nivel_3/piso1_6_Sprite.uasset" 620
"../../../../../../Users/Jimmy/git/PoliHeath/Proyecto 4.8/Content/Sprites/Nivel_3/piso1_6.uasset" 621
"../../../../../../Users/Jimmy/git/PoliHeath/Proyecto 4.8/Content/Sprites/Nivel_3/piso1_Sprite.uasset" 622
"../../../../../../Users/Jimmy/git/PoliHeath/Proyecto 4.8/Content/Sprites/Nivel_3/piso1.uasset" 623
"../../../../../../Users/Jimmy/git/PoliHeath/Proyecto 4.8/Content/Sprites/Nivel_3/piso2_1_Sprite.uasset" 624
"../../../../../../Users/Jimmy/git/PoliHeath/Proyecto 4.8/Content/Sprites/Nivel_3/piso2_1.uasset" 625
"../../../../../../Users/Jimmy/git/PoliHeath/Proyecto 4.8/Content/Sprites/puntoB_Sprite.uasset" 626
"../../../../../../Users/Jimmy/git/PoliHeath/Proyecto 4.8/Content/Niveles/Nivel_2.umap" 627
"../../../../../../Users/Jimmy/git/PoliHeath/Proyecto 4.8/Content/Sprites/HUDSprites/guantes_Sprite.uasset" 628
"../../../../../../Users/Jimmy/git/PoliHeath/Proyecto 4.8/Content/Sprites/HUDSprites/microcospio_Sprite.uasset" 629
"../../../../../../Users/Jimmy/git/PoliHeath/Proyecto 4.8/Content/Sprites/HUDSprites/tazon_Sprite.uasset" 630
"../../../../../../Users/Jimmy/git/PoliHeath/Proyecto 4.8/Content/Sprites/HUDSprites/tubosensayos_Sprite.uasset" 631
"../../../../../../Users/Jimmy/git/PoliHeath/Proyecto 4.8/Content/Sprites/Nivel_2/piso3_0_Sprite.uasset" 632
"../../../../../../Users/Jimmy/git/PoliHeath/Proyecto 4.8/Content/Sprites/Nivel_2/piso3_0.uasset" 633
"../../../../../../Users/Jimmy/git/PoliHeath/Proyecto 4.8/Content/Sprites/Nivel_2/piso3_1_Sprite.uasset" 634
"../../../../../../Users/Jimmy/git/PoliHeath/Proyecto 4.8/Content/Sprites/Nivel_2/piso3_1.uasset" 635
"../../../../../../Users/Jimmy/git/PoliHeath/Proyecto 4.8/Content/Sprites/Nivel_2/piso3_2_Sprite.uasset" 636
"../../../../../../Users/Jimmy/git/PoliHeath/Proyecto 4.8/Content/Sprites/Nivel_2/piso3_2.uasset" 637
"../../../../../../Users/Jimmy/git/PoliHeath/Proyecto 4.8/Content/Sprites/Nivel_2/piso3_3_Sprite.uasset" 638
"../../../../../../Users/Jimmy/git/PoliHeath/Proyecto 4.8/Content/Sprites/Nivel_2/piso3_3.uasset" 639
"../../../../../../Users/Jimmy/git/PoliHeath/Proyecto 4.8/Content/Sprites/Nivel_2/piso3_4_Sprite.uasset" 640
"../../../../../../Users/Jimmy/git/PoliHeath/Proyecto 4.8/Content/Sprites/Nivel_2/piso3_4.uasset" 641
"../../../../../../Users/Jimmy/git/PoliHeath/Proyecto 4.8/Content/Sprites/Nivel_2/piso3_Sprite.uasset" 642
"../../../../../../Users/Jimmy/git/PoliHeath/Proyecto 4.8/Content/Sprites/Nivel_2/piso3.uasset" 643
"../../../Engine/Content/EditorResources/EmptyActor.uasset" 644
"../../../../../../Users/Jimmy/git/PoliHeath/Proyecto 4.8/Content/Niveles/Nivel_1.umap" 645
"../../../../../../Users/Jimmy/git/PoliHeath/Proyecto 4.8/Content/Blueprints/Level_1/mesa_BP.uasset" 646
"../../../../../../Users/Jimmy/git/PoliHeath/Proyecto 4.8/Content/Sprites/Nivel_1/objetoMesa_Sprite.uasset" 647
"../../../../../../Users/Jimmy/git/PoliHeath/Proyecto 4.8/Content/Sprites/Nivel_1/objetoMesa.uasset" 648
"../../../../../../Users/Jimmy/git/PoliHeath/Proyecto 4.8/Content/Blueprints/Level_1/silla_Sprite.uasset" 649
"../../../../../../Users/Jimmy/git/PoliHeath/Proyecto 4.8/Content/Sprites/Nivel_1/objetoSilla_Sprite.uasset" 650
"../../../../../../Users/Jimmy/git/PoliHeath/Proyecto 4.8/Content/Sprites/Nivel_1/objetoSilla.uasset" 651
"../../../../../../Users/Jimmy/git/PoliHeath/Proyecto 4.8/Content/Sprites/Nivel_1/Parte1_Sprite.uasset" 652
"../../../../../../Users/Jimmy/git/PoliHeath/Proyecto 4.8/Content/Sprites/Nivel_1/Parte1.uasset" 653
"../../../../../../Users/Jimmy/git/PoliHeath/Proyecto 4.8/Content/Sprites/Nivel_1/Parte2_Sprite.uasset" 654
"../../../../../../Users/Jimmy/git/PoliHeath/Proyecto 4.8/Content/Sprites/Nivel_1/Parte2.uasset" 655
"../../../../../../Users/Jimmy/git/PoliHeath/Proyecto 4.8/Content/Sprites/Nivel_1/parte3_Sprite.uasset" 656
"../../../../../../Users/Jimmy/git/PoliHeath/Proyecto 4.8/Content/Sprites/Nivel_1/parte3.uasset" 657
"../../../../../../Users/Jimmy/git/PoliHeath/Proyecto 4.8/Content/Sprites/Nivel_1/Parte4_Sprite.uasset" 658
"../../../../../../Users/Jimmy/git/PoliHeath/Proyecto 4.8/Content/Sprites/Nivel_1/Parte4.uasset" 659
"../../../../../../Users/Jimmy/git/PoliHeath/Proyecto 4.8/Content/Sprites/Nivel_1/puertaExit_Sprite.uasset" 660
"../../../../../../Users/Jimmy/git/PoliHeath/Proyecto 4.8/Content/Sprites/Nivel_1/puertaExit.uasset" 661
"../../../../../../Users/Jimmy/git/PoliHeath/Proyecto 4.8/Content/Texturas/puntoA_Sprite.uasset" 662
"C:/Users/Jimmy/AppData/Local/UnrealEngine/Common/DerivedDataCache/6/2/3/TEXTURE_814DCC3DC72143F49509781513CB9855_AUTODXT_224B4A0D479D3419F1EF339580601__EC32C002C370501928748C40F512F158A1804FEA.udd" 663
"C:/Users/Jimmy/AppData/Local/UnrealEngine/Common/DerivedDataCache/3/2/9/TEXTURE_814DCC3DC72143F49509781513CB9855_BGRA8_E5EBEFFF407CB16E446AE0AB2CAA813__54833CE685A0C704398BCA1059C744743C56DBC1.udd" 664
"../../../../../../Users/Jimmy/git/PoliHeath/Proyecto 4.8/Content/Sprites/ZombieChar/Reposo/ReposoZombie.uasset" 665
"C:/Users/Jimmy/AppData/Local/UnrealEngine/Common/DerivedDataCache/5/7/7/TEXTURE_814DCC3DC72143F49509781513CB9855_BGRA8_F7AFDDF443914B6026A4CEBFDCE4871__CB33F1EDD4D6EC33B5372B141E63223DDC114F0F.udd" 666
"../../../../../../Users/Jimmy/git/PoliHeath/Proyecto 4.8/Content/Sprites/caminar-personaje2_C4.uasset" 667
"../../../../../../Users/Jimmy/git/PoliHeath/Proyecto 4.8/Content/Sprites/caminar-personaje2_C3.uasset" 668
"../../../../../../Users/Jimmy/git/PoliHeath/Proyecto 4.8/Content/Sprites/caminar-personaje2_C2.uasset" 669
"../../../../../../Users/Jimmy/git/PoliHeath/Proyecto 4.8/Content/Sprites/caminar-personaje2_C1.uasset" 670
"../../../../../../Users/Jimmy/git/PoliHeath/Proyecto 4.8/Content/Sprites/caminar-personaje2_C0.uasset" 671
"C:/Users/Jimmy/AppData/Local/UnrealEngine/Common/DerivedDataCache/7/7/7/TEXTURE_814DCC3DC72143F49509781513CB9855_BGRA8_1909CDF04CE0230A690EC394CB786AC__9D314800BBECCFF354A21E758D1E78B8EDAFB35C.udd" 672
"C:/Users/Jimmy/AppData/Local/UnrealEngine/Common/DerivedDataCache/1/4/6/TEXTURE_814DCC3DC72143F49509781513CB9855_BGRA8_8FA64D5049343C1424BC29A6176166F__4ED7427DE2330DC9427BB9136E85D7BA196C8B83.udd" 673
"C:/Users/Jimmy/AppData/Local/UnrealEngine/Common/DerivedDataCache/9/6/6/TEXTURE_814DCC3DC72143F49509781513CB9855_BGRA8_9E67B1BC45B02F6B6938B2A83995AF6__70D9C7BEB8E8211CC2DCCF83BF5DCF5951E034B7.udd" 674
"C:/Users/Jimmy/AppData/Local/UnrealEngine/Common/DerivedDataCache/0/4/3/TEXTURE_814DCC3DC72143F49509781513CB9855_BGRA8_11B1AE6545FD5B1CFE10D8AD9372570__2078E4BA03147B19E0AF7932D017FFC7369369B8.udd" 675
"../../../../../../Users/Jimmy/git/PoliHeath/Proyecto 4.8/Content/FlipBooks/Zombie/ReposoZombie.uasset" 676
"../../../../../../Users/Jimmy/git/PoliHeath/Proyecto 4.8/Content/FlipBooks/Zombie/Hit.uasset" 677
"../../../../../../Users/Jimmy/git/PoliHeath/Proyecto 4.8/Content/FlipBooks/Sitting.uasset" 678
"../../../../../../Users/Jimmy/git/PoliHeath/Proyecto 4.8/Content/FlipBooks/Saltar.uasset" 679
"../../../../../../Users/Jimmy/git/PoliHeath/Proyecto 4.8/Content/FlipBooks/ReposoZombie.uasset" 680
"../../../../../../Users/Jimmy/git/PoliHeath/Proyecto 4.8/Content/FlipBooks/Zombue/ReposoZombie.uasset" 681
"../../../../../../Users/Jimmy/git/PoliHeath/Proyecto 4.8/Content/FlipBooks/Reposo.uasset" 682
"../../../../../../Users/Jimmy/git/PoliHeath/Proyecto 4.8/Content/FlipBooks/Hit.uasset" 683
"../../../../../../Users/Jimmy/git/PoliHeath/Proyecto 4.8/Content/FlipBooks/Zombue/Hit.uasset" 684
"../../../../../../Users/Jimmy/git/PoliHeath/Proyecto 4.8/Content/FlipBooks/Correr.uasset" 685
"../../../../../../Users/Jimmy/git/PoliHeath/Proyecto 4.8/Content/FlipBooks/Caminar.uasset" 686
"../../../../../../Users/Jimmy/git/PoliHeath/Proyecto 4.8/Content/FlipBooks/12443787_1125729877446538_97994139_o.uasset" 687
"../../../../../../Users/Jimmy/git/PoliHeath/Proyecto 4.8/Content/Blueprints/Level_1/tubo_BP_2.uasset" 688
"../../../../../../Users/Jimmy/git/PoliHeath/Proyecto 4.8/Content/Blueprints/Level_1/tubo_BP.uasset" 689
"../../../../../../Users/Jimmy/git/PoliHeath/Proyecto 4.8/Content/Blueprints/silla_Sprite.uasset" 690
"../../../../../../Users/Jimmy/git/PoliHeath/Proyecto 4.8/Content/Blueprints/puntoB_Sprite.uasset" 691
"../../../Engine/Content/MobileResources/HUD/T_Castle_ThumbstickInner.uasset" 692
"../../../Engine/Content/MobileResources/HUD/MobileHUDDirectionPad2.uasset" 693
"C:/Users/Jimmy/AppData/Local/UnrealEngine/Common/DerivedDataCache/6/4/2/TEXTURE_814DCC3DC72143F49509781513CB9855_BGRA8_EBEF74CA43403BC5103AF98488722C9__5129813BB02B21A44EB486F29ADCD96DE676776D.udd" 694
"C:/Users/Jimmy/AppData/Local/UnrealEngine/Common/DerivedDataCache/9/1/4/TEXTURE_814DCC3DC72143F49509781513CB9855_BGRA8_FD171D1C45D064D4B8C1B2BA7C74B0C__C3BD7947353DCBE2892BC24E706BB540606B5898.udd" 695
"C:/Users/Jimmy/AppData/Local/UnrealEngine/Common/DerivedDataCache/3/6/5/TEXTURE_814DCC3DC72143F49509781513CB9855_BGRA8_FF8E02724AADD15937E54B9AFC640E6__84F46C16B127F76927CFBF77E7012242B8E04004.udd" 696
"../../../../../../Users/Jimmy/git/PoliHeath/Proyecto 4.8/Content/Sprites/HUDSprites/panel1.uasset" 697
"C:/Users/Jimmy/AppData/Local/UnrealEngine/Common/DerivedDataCache/9/8/9/TEXTURE_814DCC3DC72143F49509781513CB9855_BGRA8_93BF856245D051EAD94E52A42B4F2DC__6E0811AD66D3FE06C3590A0BFA4439572D55D4B6.udd" 698
"../../../../../../Users/Jimmy/git/PoliHeath/Proyecto 4.8/Content/Sprites/zombie2_alpha_Sprite7.uasset" 699
"../../../../../../Users/Jimmy/git/PoliHeath/Proyecto 4.8/Content/Sprites/zombie2_alpha_Sprite6.uasset" 700
"../../../../../../Users/Jimmy/git/PoliHeath/Proyecto 4.8/Content/Sprites/zombie2_alpha_Sprite5.uasset" 701
"../../../../../../Users/Jimmy/git/PoliHeath/Proyecto 4.8/Content/Sprites/zombie2_alpha_Sprite4.uasset" 702
"../../../../../../Users/Jimmy/git/PoliHeath/Proyecto 4.8/Content/Sprites/zombie2_alpha_Sprite3.uasset" 703
"../../../../../../Users/Jimmy/git/PoliHeath/Proyecto 4.8/Content/Sprites/zombie2_alpha_Sprite2.uasset" 704
"../../../../../../Users/Jimmy/git/PoliHeath/Proyecto 4.8/Content/Sprites/zombie2_alpha_Sprite10.uasset" 705
"../../../../../../Users/Jimmy/git/PoliHeath/Proyecto 4.8/Content/Sprites/zombie2_alpha_Sprite.uasset" 706
"../../../../../../Users/Jimmy/git/PoliHeath/Proyecto 4.8/Content/Sprites/zombie2_alpha.uasset" 707
"C:/Users/Jimmy/AppData/Local/UnrealEngine/Common/DerivedDataCache/2/9/8/TEXTURE_814DCC3DC72143F49509781513CB9855_BGRA8_78AC887B484F1DDA7BF3D3BE69D791D__3FD0E503318431F08CE01F5B788426F8D42039AE.udd" 708
"C:/Users/Jimmy/AppData/Local/UnrealEngine/Common/DerivedDataCache/7/7/9/TEXTURE_814DCC3DC72143F49509781513CB9855_BGRA8_7780FCE545F7AB04DD1DEA802E39594__DB7526E375D5F5FCC8C35134F336D10CA2CFE791.udd" 709
"../../../../../../Users/Jimmy/git/PoliHeath/Proyecto 4.8/Content/Sprites/MainChar/Reposo/personaje-resposo_R0.uasset" 710
"../../../../../../Users/Jimmy/git/PoliHeath/Proyecto 4.8/Content/Sprites/MainChar/Reposo/Hit.uasset" 711
"../../../../../../Users/Jimmy/git/PoliHeath/Proyecto 4.8/Content/Sprites/MainChar/Reposo/C1_2.uasset" 712
"../../../../../../Users/Jimmy/git/PoliHeath/Proyecto 4.8/Content/Sprites/MainChar/Reposo/C1.uasset" 713
"../../../../../../Users/Jimmy/git/PoliHeath/Proyecto 4.8/Content/Sprites/MainChar/Saltar/C1.uasset" 714
"../../../../../../Users/Jimmy/git/PoliHeath/Proyecto 4.8/Content/Sprites/MainChar/Correr/Sitting.uasset" 715
"../../../../../../Users/Jimmy/git/PoliHeath/Proyecto 4.8/Content/Sprites/MainChar/Correr/Caminar.uasset" 716
"C:/Users/Jimmy/AppData/Local/UnrealEngine/Common/DerivedDataCache/4/1/4/TEXTURE_814DCC3DC72143F49509781513CB9855_BGRA8_1518D0004DB3D8C4D86D8CB66515055__5C1593CCD4181636112E6CE77E1E6F68FE8D3A9E.udd" 717
"../../../../../../Users/Jimmy/git/PoliHeath/Proyecto 4.8/Content/Sprites/HUDSprites/vida.uasset" 718
"../../../../../../Users/Jimmy/git/PoliHeath/Proyecto 4.8/Content/Sprites/HUDSprites/Untitled-1.uasset" 719
"C:/Users/Jimmy/AppData/Local/UnrealEngine/Common/DerivedDataCache/1/9/0/TEXTURE_814DCC3DC72143F49509781513CB9855_BGRA8_C1182D0B48D7B7C4EF095B90D824858__C714D61078DEC88F9F80288730A7D9090EFF6101.udd" 720
"C:/Users/Jimmy/AppData/Local/UnrealEngine/Common/DerivedDataCache/6/2/1/TEXTURE_814DCC3DC72143F49509781513CB9855_BGRA8_D24108A143C772926D487B9C5634CC5__F25DC7045A9ABD3D698E12C1A7FE2D453A198482.udd" 721
"../../../../../../Users/Jimmy/git/PoliHeath/Proyecto 4.8/Content/Sprites/HUDSprites/listaObjetos.uasset" 722
"../../../../../../Users/Jimmy/git/PoliHeath/Proyecto 4.8/Content/Sprites/HUDSprites/letreroPersonaje.uasset" 723
"C:/Users/Jimmy/AppData/Local/UnrealEngine/Common/DerivedDataCache/0/2/5/TEXTURE_814DCC3DC72143F49509781513CB9855_BGRA8_085A96BE4D24B23EDCB665ABC87DA99__D254523956D89640EADE23457F8CBCECE00D738E.udd" 724
"../../../../../../Users/Jimmy/git/PoliHeath/Proyecto 4.8/Content/Sprites/vida.uasset" 725
"../../../../../../Users/Jimmy/git/PoliHeath/Proyecto 4.8/Content/Sprites/S3.uasset" 726
"../../../../../../Users/Jimmy/git/PoliHeath/Proyecto 4.8/Content/Sprites/S2.uasset" 727
"../../../../../../Users/Jimmy/git/PoliHeath/Proyecto 4.8/Content/Sprites/S1.uasset" 728
"../../../../../../Users/Jimmy/git/PoliHeath/Proyecto 4.8/Content/Sprites/S0.uasset" 729
"../../../../../../Users/Jimmy/git/PoliHeath/Proyecto 4.8/Content/Sprites/puerta.uasset" 730
"../../../../../../Users/Jimmy/git/PoliHeath/Proyecto 4.8/Content/Sprites/puert1.uasset" 731
"../../../../../../Users/Jimmy/git/PoliHeath/Proyecto 4.8/Content/Sprites/personaje-saltar_S5.uasset" 732
"../../../../../../Users/Jimmy/git/PoliHeath/Proyecto 4.8/Content/Sprites/personaje-saltar_S4.uasset" 733
"../../../../../../Users/Jimmy/git/PoliHeath/Proyecto 4.8/Content/Sprites/personaje-saltar_S3.uasset" 734
"../../../../../../Users/Jimmy/git/PoliHeath/Proyecto 4.8/Content/Sprites/personaje-saltar_S0.uasset" 735
"C:/Users/Jimmy/AppData/Local/UnrealEngine/Common/DerivedDataCache/4/5/1/TEXTURE_814DCC3DC72143F49509781513CB9855_BGRA8_4D2AF3E8411ACB8B0E9CB589D87AAD7__4B6823DD958B4DCD187F0373FE6FA4DFB951E5D0.udd" 736
"C:/Users/Jimmy/AppData/Local/UnrealEngine/Common/DerivedDataCache/3/9/0/TEXTURE_814DCC3DC72143F49509781513CB9855_BGRA8_9D5B31B544D1F6BDA95E8E88508B73E__A81A72F67484321CF77AF9C398BA5C98EBD752FE.udd" 737
"../../../../../../Users/Jimmy/git/PoliHeath/Proyecto 4.8/Content/Sprites/C1.uasset" 738
"../../../../../../Users/Jimmy/git/PoliHeath/Proyecto 4.8/Content/Sprites/C0.uasset" 739
"../../../../../../Users/Jimmy/git/PoliHeath/Proyecto 4.8/Content/HUD/PantallaPrimaria.uasset" 740
"../../../../../../Users/Jimmy/git/PoliHeath/Proyecto 4.8/Content/HUD/NewWidgetBlueprint.uasset" 741
"../../../../../../Users/Jimmy/git/PoliHeath/Proyecto 4.8/Content/FlipBooks/Zombue/Reposo.uasset" 742
"../../../Engine/Content/MobileResources/HUD/MobileHUDDirectionStick.uasset" 743
"../../../Engine/Content/MobileResources/HUD/MobileHUDButton2_on.uasset" 744
"C:/Users/Jimmy/AppData/Local/UnrealEngine/Common/DerivedDataCache/0/7/2/TEXTURE_814DCC3DC72143F49509781513CB9855_BGRA8_C7E4A470411836D2187EE2B76602F40__533439C4EA5A6980E15816D23B4B50F7A0B6936E.udd" 745
"C:/Users/Jimmy/AppData/Local/UnrealEngine/Common/DerivedDataCache/0/0/7/TEXTURE_814DCC3DC72143F49509781513CB9855_BGRA8_DF10B198462D54CC1636EBB38808525__363FE6F7E56269904F3156C221D0A5BDBC514804.udd" 746
"C:/Users/Jimmy/AppData/Local/UnrealEngine/Common/DerivedDataCache/7/6/3/TEXTURE_814DCC3DC72143F49509781513CB9855_BGRA8_692550F54C7EAB5AF43266BA7456568__FAC97CD17B4CA4C33426F2F48294A2A0458885FA.udd" 747
"C:/Users/Jimmy/AppData/Local/UnrealEngine/Common/DerivedDataCache/4/1/1/TEXTURE_814DCC3DC72143F49509781513CB9855_BGRA8_52053A914639456FA8CBC48E260489F__87369B4DF248BBD83FB11BC1E8846BF17CB580B9.udd" 748
"../../../../../../Users/Jimmy/git/PoliHeath/Proyecto 4.8/Content/Sprites/HUDSprites/energia_Sprite.uasset" 749
"../../../../../../Users/Jimmy/git/PoliHeath/Proyecto 4.8/Content/Sprites/HUDSprites/energia.uasset" 750
"../../../../../../Users/Jimmy/git/PoliHeath/Proyecto 4.8/Content/Sprites/zombie2_Sprite5.uasset" 751
"../../../../../../Users/Jimmy/git/PoliHeath/Proyecto 4.8/Content/Sprites/zombie2_Sprite4.uasset" 752
"../../../../../../Users/Jimmy/git/PoliHeath/Proyecto 4.8/Content/Sprites/zombie2_Sprite3.uasset" 753
"../../../../../../Users/Jimmy/git/PoliHeath/Proyecto 4.8/Content/Sprites/zombie2_Sprite2.uasset" 754
"../../../../../../Users/Jimmy/git/PoliHeath/Proyecto 4.8/Content/Sprites/zombie2_Sprite.uasset" 755
"../../../../../../Users/Jimmy/git/PoliHeath/Proyecto 4.8/Content/Sprites/zombie2_alpha_Sprite9.uasset" 756
"../../../../../../Users/Jimmy/git/PoliHeath/Proyecto 4.8/Content/Sprites/zombie2_alpha_Sprite8.uasset" 757
"C:/Users/Jimmy/AppData/Local/UnrealEngine/Common/DerivedDataCache/7/9/9/TEXTURE_814DCC3DC72143F49509781513CB9855_BGRA8_82F6866B4604725BF3E22AA6351DB2E__BF8232EFEC07A1947352D4C1D1C2A37DD185511F.udd" 758
"../../../../../../Users/Jimmy/git/PoliHeath/Proyecto 4.8/Content/Sprites/Nivel_1/parte2_1_Sprite.uasset" 759
"../../../../../../Users/Jimmy/git/PoliHeath/Proyecto 4.8/Content/Sprites/Nivel_1/parte2_1.uasset" 760
"C:/Users/Jimmy/AppData/Local/UnrealEngine/Common/DerivedDataCache/8/8/8/TEXTURE_814DCC3DC72143F49509781513CB9855_BGRA8_0DC6DACB4147D671178712AF24A35E5__FBC52589A35F6DC80BF5969A4C35B18B04E1F7AB.udd" 761
"../../../../../../Users/Jimmy/git/PoliHeath/Proyecto 4.8/Content/Sprites/objetoMaleta.uasset" 762
"../../../../../../Users/Jimmy/git/PoliHeath/Proyecto 4.8/Content/Sprites/listaObjetos.uasset" 763
"../../../../../../Users/Jimmy/git/PoliHeath/Proyecto 4.8/Content/Sprites/letreroPersonaje.uasset" 764
"../../../../../../Users/Jimmy/git/PoliHeath/Proyecto 4.8/Content/Sprites/floor_sprite.uasset" 765
"../../../../../../Users/Jimmy/git/PoliHeath/Proyecto 4.8/Content/Sprites/floor.uasset" 766
"C:/Users/Jimmy/AppData/Local/UnrealEngine/Common/DerivedDataCache/2/3/4/TEXTURE_814DCC3DC72143F49509781513CB9855_BGRA8_DC49F32A4FBD8F05A51AA1A07F3541B__F4BD68084244701969F6B3B4C0F13F1E86A29463.udd" 767
"../../../../../../Users/Jimmy/git/PoliHeath/Proyecto 4.8/Content/Sprites/caminar-personaje-video2_alpha_Sprite4.uasset" 768
"../../../../../../Users/Jimmy/git/PoliHeath/Proyecto 4.8/Content/Sprites/caminar-personaje-video2_alpha_Sprite3.uasset" 769
"../../../../../../Users/Jimmy/git/PoliHeath/Proyecto 4.8/Content/Sprites/caminar-personaje-video2_alpha_Sprite2.uasset" 770
"../../../../../../Users/Jimmy/git/PoliHeath/Proyecto 4.8/Content/Sprites/caminar-personaje-video2_alpha_Sprite.uasset" 771
"../../../../../../Users/Jimmy/git/PoliHeath/Proyecto 4.8/Content/Sprites/C5.uasset" 772
"../../../../../../Users/Jimmy/git/PoliHeath/Proyecto 4.8/Content/Sprites/C4.uasset" 773
"../../../../../../Users/Jimmy/git/PoliHeath/Proyecto 4.8/Content/Sprites/C3.uasset" 774
"../../../../../../Users/Jimmy/git/PoliHeath/Proyecto 4.8/Content/Sprites/C2.uasset" 775
"../../../Engine/Content/MobileResources/HUD/MobileHUDDirectionPad.uasset" 776
"C:/Users/Jimmy/AppData/Local/UnrealEngine/Common/DerivedDataCache/9/6/9/TEXTURE_814DCC3DC72143F49509781513CB9855_BGRA8_40E0F8EF4FD27DC1238740882624795__85209756F4DA1B2B315C26D56E84749A52E0849D.udd" 777
"C:/Users/Jimmy/AppData/Local/UnrealEngine/Common/DerivedDataCache/3/9/8/TEXTURE_814DCC3DC72143F49509781513CB9855_BGRA8_E769B06D43CFAC3CFEE55293C01DA47__3F8331B8491EA5FBD4956EC5A5C078DC24660D1A.udd" 778
"../../../../../../Users/Jimmy/git/PoliHeath/Proyecto 4.8/Content/Sprites/objetoUsb.uasset" 779
"../../../../../../Users/Jimmy/git/PoliHeath/Proyecto 4.8/Content/Sprites/objetoSilla.uasset" 780
"../../../../../../Users/Jimmy/git/PoliHeath/Proyecto 4.8/Content/Sprites/objetoPc.uasset" 781
"C:/Users/Jimmy/AppData/Local/UnrealEngine/Common/DerivedDataCache/2/6/3/TEXTURE_814DCC3DC72143F49509781513CB9855_BGRA8_BAB6405D40D079CDEE6F0D9004FD2BD__F99EFB2E9C3485E0B2937BE5BB5F586C49284795.udd" 782
"../../../Engine/Content/MobileResources/T_MobileMenu2.uasset" 783
"C:/Users/Jimmy/AppData/Local/UnrealEngine/Common/DerivedDataCache/8/4/2/TEXTURE_814DCC3DC72143F49509781513CB9855_BGRA8_A298515A4B355C70DF0317B3B16AE27__D3323021FB0F6286584B4769EE884E2E9C3499ED.udd" 784
"../../../../../../Users/Jimmy/git/PoliHeath/Proyecto 4.8/Content/Sprites/objetoMesa.uasset" 785
"../../../../../../Users/Jimmy/git/PoliHeath/Proyecto 4.8/Content/Sprites/objetoMaleta_Sprite.uasset" 786
"../../../../../../Users/Jimmy/git/PoliHeath/Proyecto 4.8/Content/Sprites/energia.uasset" 787
"../../../../../../Users/Jimmy/git/PoliHeath/Proyecto 4.8/Content/Sprites/correr-personaje2.uasset" 788
"C:/Users/Jimmy/AppData/Local/UnrealEngine/Common/DerivedDataCache/9/0/5/TEXTURE_814DCC3DC72143F49509781513CB9855_BGRA8_ECD18363420B588604FCC28AB2BB6FC__DE7304CF66786B4AA5BE1E805AE3438A7844EF07.udd" 789
"../../../../../../Users/Jimmy/git/PoliHeath/Proyecto 4.8/Content/Sprites/Nivel_1/parte.uasset" 790
"C:/Users/Jimmy/AppData/Local/UnrealEngine/Common/DerivedDataCache/0/2/1/TEXTURE_814DCC3DC72143F49509781513CB9855_BGRA8_C892B1F5407F7E419BB55783E007BD1__631664AE56D6273E6811FA34FC188FFF4465CF43.udd" 791
"../../../../../../Users/Jimmy/git/PoliHeath/Proyecto 4.8/Content/Sprites/HUDSprites/vida_Sprite.uasset" 792
"../../../../../../Users/Jimmy/git/PoliHeath/Proyecto 4.8/Content/Sprites/HUDSprites/parte5.uasset" 793
"C:/Users/Jimmy/AppData/Local/UnrealEngine/Common/DerivedDataCache/3/3/7/TEXTURE_814DCC3DC72143F49509781513CB9855_BGRA8_0D2D2F5045D807D4053F3E973EFE40E__4111557979680904A49385E5A3F1A0EC99511CF1.udd" 794
"C:/Users/Jimmy/AppData/Local/UnrealEngine/Common/DerivedDataCache/6/9/8/TEXTURE_814DCC3DC72143F49509781513CB9855_BGRA8_AF75BF35480940B39BE1F18F540CEC6__7D80CEB50D156B059B2112CA14EEC60B4A603DF7.udd" 795
"C:/Users/Jimmy/AppData/Local/UnrealEngine/Common/DerivedDataCache/4/6/8/TEXTURE_814DCC3DC72143F49509781513CB9855_BGRA8_92E0917645672EB03E9A1EA41A45636__C731B8EE4B3449A4682680829FCBC8558C312516.udd" 796
"../../../../../../Users/Jimmy/git/PoliHeath/Proyecto 4.8/Content/Sprites/Nivel_1/parte5.uasset" 797
"C:/Users/Jimmy/AppData/Local/UnrealEngine/Common/DerivedDataCache/5/9/9/TEXTURE_814DCC3DC72143F49509781513CB9855_BGRA8_A60F872B44E9CA4C31796883C44854C__64F183E96C43590ABACF3A7D85596AF0F6DEE027.udd" 798
"C:/Users/Jimmy/AppData/Local/UnrealEngine/Common/DerivedDataCache/7/9/0/TEXTURE_814DCC3DC72143F49509781513CB9855_BGRA8_D47D5AD7440DC55C36953890C5F7E14__69F51E992CD4EA52B301EA481DDB0087C258F963.udd" 799
"../../../../../../Users/Jimmy/git/PoliHeath/Proyecto 4.8/Content/Sprites/MainChar/Reposo/Reposo.uasset" 800
"../../../../../../Users/Jimmy/git/PoliHeath/Proyecto 4.8/Content/Sprites/MainChar/Reposo/R4.uasset" 801
"../../../../../../Users/Jimmy/git/PoliHeath/Proyecto 4.8/Content/Sprites/MainChar/Reposo/R3.uasset" 802
"../../../../../../Users/Jimmy/git/PoliHeath/Proyecto 4.8/Content/Sprites/MainChar/Reposo/R2.uasset" 803
"../../../../../../Users/Jimmy/git/PoliHeath/Proyecto 4.8/Content/Sprites/MainChar/Reposo/personaje-resposo_R1.uasset" 804
"C:/Users/Jimmy/AppData/Local/UnrealEngine/Common/DerivedDataCache/2/2/7/TEXTURE_814DCC3DC72143F49509781513CB9855_BGRA8_77014BB34D0990777B64BA90299AFE2__04D4A4A00DCDABF0289944E749903D0449D88632.udd" 805
"C:/Users/Jimmy/AppData/Local/UnrealEngine/Common/DerivedDataCache/2/8/9/TEXTURE_814DCC3DC72143F49509781513CB9855_BGRA8_CC5E8FE24BA99D8647B25E9982E56CE__F8650E8BEBBC4EB0FAC7C8DD26A6C2F722057204.udd" 806
"C:/Users/Jimmy/AppData/Local/UnrealEngine/Common/DerivedDataCache/0/4/4/TEXTURE_814DCC3DC72143F49509781513CB9855_BGRA8_216A12C44A2D76B6A9B5D58049D016B__0F8453ABBBA45C348C17CEAFE9728DAB71A26174.udd" 807
"../../../../../../Users/Jimmy/git/PoliHeath/Proyecto 4.8/Content/Sprites/zombie.uasset" 808
"../../../../../../Users/Jimmy/git/PoliHeath/Proyecto 4.8/Content/Sprites/personaje-resposo_R1.uasset" 809
"../../../../../../Users/Jimmy/git/PoliHeath/Proyecto 4.8/Content/Sprites/personaje-resposo_R0.uasset" 810
"../../../../../../Users/Jimmy/git/PoliHeath/Proyecto 4.8/Content/Sprites/Parte4.uasset" 811
"../../../../../../Users/Jimmy/git/PoliHeath/Proyecto 4.8/Content/Sprites/Parte2.uasset" 812
"../../../../../../Users/Jimmy/git/PoliHeath/Proyecto 4.8/Content/Sprites/caminar-personaje-video2_alpha_Sprite5.uasset" 813
"../../../Engine/Content/MobileResources/HUD/MobileHUDButton1_on.uasset" 814
"C:/Users/Jimmy/AppData/Local/UnrealEngine/Common/DerivedDataCache/6/9/0/TEXTURE_814DCC3DC72143F49509781513CB9855_BGRA8_B061E9204A8A141B659A22ABDA453FF__3464399BC6C7E4BC2E079308DDF6E132BEA7B327.udd" 815
"C:/Users/Jimmy/AppData/Local/UnrealEngine/Common/DerivedDataCache/9/5/6/TEXTURE_814DCC3DC72143F49509781513CB9855_BGRA8_BCA80F034A4F4C6DD0D0618F441797A__3E5F6B4D49C78E251DA848B9D6059CE362CAEA2B.udd" 816
"C:/Users/Jimmy/AppData/Local/UnrealEngine/Common/DerivedDataCache/7/8/8/TEXTURE_814DCC3DC72143F49509781513CB9855_BGRA8_2A59C60E48584D2579ABF1BFDF1DAEC__D8C838458395D9C7FB9452B988CB87D161B53EDD.udd" 817
"../../../../../../Users/Jimmy/git/PoliHeath/Proyecto 4.8/Content/Sprites/Nivel_1/parte_Sprite.uasset" 818
"C:/Users/Jimmy/AppData/Local/UnrealEngine/Common/DerivedDataCache/8/6/0/TEXTURE_814DCC3DC72143F49509781513CB9855_BGRA8_A4AF7E2E4AF2A779ECE161B13171508__BD3D5E78F55CE6A71E67902A831FD6C39BF41B08.udd" 819
"../../../../../../Users/Jimmy/git/PoliHeath/Proyecto 4.8/Content/Sprites/HUDSprites/objeto2.uasset" 820
"../../../../../../Users/Jimmy/git/PoliHeath/Proyecto 4.8/Content/Sprites/HUDSprites/objeto.uasset" 821
"C:/Users/Jimmy/AppData/Local/UnrealEngine/Common/DerivedDataCache/9/4/7/TEXTURE_814DCC3DC72143F49509781513CB9855_BGRA8_91EB40B54F1B86649CEA1C9CEE90DD2__E2BB02D888819487D6D7E13D031FA4161A140B7F.udd" 822
