Log file open, 01/24/16 21:11:36
LogInit:Display: Running engine for game: Proyecto
LogInit: Version: 4.5.1-2336687+++depot+UE4-Releases+4.5
LogInit: API Version: 2326478
LogInit: Compiled (64-bit): Oct 21 2014 22:32:40
LogInit: Compiled with Visual C++: 18.00.21005.01
LogInit: Build Configuration: Development
LogInit: Branch Name: ++depot+UE4-Releases+4.5
LogInit: Command line:  
LogInit: Base directory: C:/Program Files (x86)/Epic Games/4.5/Engine/Binaries/Win64/
LogInit: Rocket: 1
[2016.01.25-02.11.36:266][  0]LogTaskGraph: Started task graph with 3 named threads and 4 total threads.
[2016.01.25-02.11.36:304][  0]LogOnline:Warning: No default platform service specified for OnlineSubsystem
[2016.01.25-02.11.36:333][  0]LogInit: Presizing for 0 objects not considered by GC, pre-allocating 0 bytes.
[2016.01.25-02.11.36:345][  0]LogInit: Object subsystem initialized
[2016.01.25-02.11.36:351][  0]LogConsoleResponse:Warning: Skipping Unknown console variable: 'UIScaleRule = ShortestSide'
[2016.01.25-02.11.36:351][  0]LogConsoleResponse:Warning:   Found in ini file 'C:/Users/user/Documents/GitHub/PoliHeath/Proyecto/Saved/Config/Windows/Engine.ini', in section '[/Script/Engine.RendererSettings]'
[2016.01.25-02.11.36:351][  0]LogConsoleResponse:Warning: Skipping Unknown console variable: 'UIScaleCurve = (EditorCurveData=(Keys=((Time=480.000000,Value=0.444000),(Time=720.000000,Value=0.666000),(Time=1080.000000,Value=1.000000),(Time=8640.000000,Value=8.000000))),ExternalCurve=None)'
[2016.01.25-02.11.36:351][  0]LogConsoleResponse:Warning:   Found in ini file 'C:/Users/user/Documents/GitHub/PoliHeath/Proyecto/Saved/Config/Windows/Engine.ini', in section '[/Script/Engine.RendererSettings]'
[2016.01.25-02.11.36:352][  0]LogInit: Selected Device Profile: [Windows]
[2016.01.25-02.11.36:352][  0]LogInit: Applying CVar settings loaded from the selected device profile: [Windows]
[2016.01.25-02.11.36:366][  0]LogInit: Computer: DANNY
[2016.01.25-02.11.36:366][  0]LogInit: User: user
[2016.01.25-02.11.36:369][  0]LogInit: CPU Page size=4096, Cores=2
[2016.01.25-02.11.36:369][  0]LogInit: High frequency timer resolution =1.656318 MHz
[2016.01.25-02.11.36:369][  0]LogMemory: Memory total: Physical=7.9GB (8GB approx) Virtual=131072.0GB
[2016.01.25-02.11.36:369][  0]LogMemory: Platform Memory Stats for Windows
[2016.01.25-02.11.36:369][  0]LogMemory: Process Physical Memory: 60.30 MB used, 60.30 MB peak
[2016.01.25-02.11.36:369][  0]LogMemory: Process Virtual Memory: 35.28 MB used, 38.55 MB peak
[2016.01.25-02.11.36:369][  0]LogMemory: Physical Memory: 5452.51 MB used, 8096.02 MB total
[2016.01.25-02.11.36:369][  0]LogMemory: Virtual Memory: 274.44 MB used, 134217728.00 MB total
[2016.01.25-02.11.36:396][  0]LogD3D11RHI: Found D3D11 adapter 0: Intel(R) HD Graphics Family (Feature Level 11_0)
[2016.01.25-02.11.36:396][  0]LogD3D11RHI: Adapter has 0MB of dedicated video memory, 0MB of dedicated system memory, and 1792MB of shared system memory, 1 output[s]
[2016.01.25-02.11.36:398][  0]LogD3D11RHI: Found D3D11 adapter 1: Microsoft Basic Render Driver (Feature Level 11_0)
[2016.01.25-02.11.36:398][  0]LogD3D11RHI: Adapter has 0MB of dedicated video memory, 0MB of dedicated system memory, and 256MB of shared system memory, 0 output[s]
[2016.01.25-02.11.36:398][  0]LogD3D11RHI: Chosen D3D11 Adapter Id = 0
[2016.01.25-02.11.36:407][  0]LogRHI: Texture pool is 627 MB (70% of 896 MB)
[2016.01.25-02.11.36:418][  0]LogD3D11RHI: Async texture creation enabled
[2016.01.25-02.11.36:484][  0]LogTextLocalizationManager: The requested culture ('es_ES') has no localization data; parent culture's ('es') localization data will be used.
[2016.01.25-02.11.36:611][  0]LogContentStreaming: Texture pool size is 0.000000MB
[2016.01.25-02.11.42:907][  0]LogTargetPlatformManager:Display: Building Assets For Windows
[2016.01.25-02.11.43:559][  0]LogTargetPlatformManager:Display: Building Assets For Windows
[2016.01.25-02.11.43:627][  0]LogDerivedDataCache:Display: Max Cache Size: 512 MB
[2016.01.25-02.11.43:697][  0]LogDerivedDataCache: Loaded boot cache 0.07s 39MB C:/Users/user/AppData/Local/UnrealEngine/4.5/DerivedDataCache/Boot.ddc.
[2016.01.25-02.11.43:697][  0]LogDerivedDataCache:Display: Loaded Boot cache: C:/Users/user/AppData/Local/UnrealEngine/4.5/DerivedDataCache/Boot.ddc
[2016.01.25-02.11.43:697][  0]LogDerivedDataCache: FDerivedDataBackendGraph:  Pak pak cache file ../../../../../../Users/user/Documents/GitHub/PoliHeath/Proyecto/DerivedDataCache/DDC.ddp not found, will not use a pak cache.
[2016.01.25-02.11.43:697][  0]LogDerivedDataCache: Unable to find inner node Pak for hierarchical cache Hierarchy.
[2016.01.25-02.11.43:781][  0]LogDerivedDataCache:Display: Pak cache opened for reading ../../../Engine/DerivedDataCache/DDC.ddp.
[2016.01.25-02.11.43:795][  0]LogDerivedDataCache: Using Local data cache path C:/Users/user/AppData/Local/UnrealEngine/Common/DerivedDataCache: Writable
[2016.01.25-02.11.44:059][  0]LogMeshUtilities: No automatic mesh reduction module available
[2016.01.25-02.11.44:059][  0]LogMeshUtilities: No automatic mesh merging module available
[2016.01.25-02.11.44:387][  0]LogLinker:Warning: Asset '../../../Engine/Content/Functions/Engine_MaterialFunctions02/Texturing/FlipBook.uasset' has been saved with empty engine version. The asset will be loaded but may be incompatible.
[2016.01.25-02.11.44:394][  0]LogLinker:Warning: Asset '../../../Engine/Content/Functions/Engine_MaterialFunctions02/ExampleContent/Textures/flipbook.uasset' has been saved with empty engine version. The asset will be loaded but may be incompatible.
[2016.01.25-02.11.44:660][  0]LogInit: WinSock: version 1.1 (2.2), MaxSocks=32767, MaxUdp=65467
[2016.01.25-02.11.49:512][  0]UdpMessaging: Initializing bridge on interface 0.0.0.0:0 to multicast group 230.0.0.1:6666.
[2016.01.25-02.11.49:744][  0]LogDirectoryWatcher:Warning: Failed to begin reading directory changes for C:/Users/user/Documents/GitHub/PoliHeath/Proyecto/Binaries/Win64. Error: 0
[2016.01.25-02.11.49:942][  0]SourceControl: Info Source control is disabled
[2016.01.25-02.11.49:943][  0]SourceControl: Info Source control is disabled
[2016.01.25-02.11.49:952][  0]SourceControl: Info Source control is disabled
[2016.01.25-02.11.50:324][  0]LogObj: 22915 objects as part of root set at end of initial load.
[2016.01.25-02.11.50:324][  0]LogUObjectAllocator: 4803536 out of 0 bytes used by permanent object pool.
[2016.01.25-02.11.50:404][  0]LogEngine: Initializing Engine...
[2016.01.25-02.11.50:659][  0]LogInit: XAudio2 using 'Speakers / Headphones (Realtek High Definition Audio)' : 2 channels at 48 kHz using 32 bits per sample (channel mask 0x3)
[2016.01.25-02.11.50:825][  0]LogInit: FAudioDevice initialized.
[2016.01.25-02.11.50:858][  0]LogAIModule: Creating AISystem for world NewWorld
[2016.01.25-02.11.50:920][  0]LogDerivedDataCache: Saved boot cache 0.06s 39MB C:/Users/user/AppData/Local/UnrealEngine/4.5/DerivedDataCache/Boot.ddc.
[2016.01.25-02.11.50:928][  0]LogInit: Texture streaming: Enabled
[2016.01.25-02.11.51:012][  0]LogInit: Transaction tracking system initialized
[2016.01.25-02.11.51:177][  0]BlueprintLog: New page: Cargar el editor
[2016.01.25-02.11.51:224][  0]LogAssetRegistry: FAssetRegistry took 0.0109 seconds to start up
[2016.01.25-02.11.51:225][  0]LogDirectoryWatcher:Warning: Failed to begin reading directory changes for ../../../Engine/Plugins/Experimental/CharacterAI/Content/. Error: 0
[2016.01.25-02.11.52:170][  0]LogTargetPlatformManager:Display: Building Assets For Windows
[2016.01.25-02.11.52:884][  0]LogTargetPlatformManager:Display: Building Assets For Windows
[2016.01.25-02.11.53:301][  0]LogConsoleResponse:Display: 
[2016.01.25-02.11.53:848][  0]SourceControl: Info Source control is disabled
[2016.01.25-02.11.53:848][  0]Cmd: MAP LOAD FILE="../../../../../../Users/user/Documents/GitHub/PoliHeath/Proyecto/Content/Niveles/Nivel_1.umap" TEMPLATE=0 SHOWPROGRESS=1
[2016.01.25-02.11.53:849][  0]LightingResults: New page: Diseñar la iluminación
[2016.01.25-02.11.53:867][  0]MapCheck: New page: Revisión del mapa
[2016.01.25-02.11.53:867][  0]LightingResults: New page: Diseñar la iluminación
[2016.01.25-02.11.53:898][  0]LogParticles: Destroying 0 GPU particle simulations for FXSystem 0x00000042BFE794E0
[2016.01.25-02.11.54:233][  0]LogEditorServer: Finished looking for orphan Actors (0.000 secs)
[2016.01.25-02.11.54:234][  0]LogAIModule: Creating AISystem for world Nivel_1
[2016.01.25-02.11.54:235][  0]Cmd: MAP CHECKDEP
[2016.01.25-02.11.54:235][  0]MapCheck: New page: Nivel_1 - 24/1/2016 16:11:54
[2016.01.25-02.11.54:466][  0]MapCheck: Info Map check complete: 0 Error(s), 0 Warning(s), took 231,189ms to complete.
[2016.01.25-02.11.54:466][  0]LogFileHelpers: Loading map 'Nivel_1' took 0.618
[2016.01.25-02.11.54:573][  0]LogCollectionManager: Loaded 0 collections in 0.001367 seconds
[2016.01.25-02.11.54:746][  0]LogCrashTracker: Crashtracker disabled due to settings.
[2016.01.25-02.11.54:779][  0]LogUObjectGlobals:Warning: Failed to find object 'Class None.'
[2016.01.25-02.11.54:813][  0]LogLoad: Full Startup: 21.46 seconds (BP compile: 0.07 seconds)
[2016.01.25-02.11.54:829][  0]LogContentBrowser:Verbose: The content browser source was changed by the sources view to '/Game/Blueprints/Player'
[2016.01.25-02.11.55:035][  0]LogRenderer:Warning: Reallocating scene render targets to support 808x592.
[2016.01.25-02.11.55:876][  4]LogAssetRegistry: Asset discovery search completed in 4.6640 seconds
[2016.01.25-02.12.01:298][283]LogContentBrowser:Verbose: The content browser source was changed by the sources view to '/Game/FlipBooks'
[2016.01.25-02.12.05:603][578]LogContentBrowser:Verbose: The content browser source was changed by the sources view to '/Game/Niveles'
[2016.01.25-02.12.06:787][654]LogActorComponent: UnregisterComponent: (/Engine/Transient.CharacterMovementComponent_0) Not registered. Aborting.
[2016.01.25-02.12.06:817][654]Cmd: MAP LOAD FILE="../../../../../../Users/user/Documents/GitHub/PoliHeath/Proyecto/Content/Niveles/Nivel_1.umap" TEMPLATE=0 SHOWPROGRESS=1
[2016.01.25-02.12.06:817][654]LightingResults: New page: Diseñar la iluminación
[2016.01.25-02.12.06:869][654]LoadErrors: New page: Cargando mapa: Nivel_1.umap
[2016.01.25-02.12.06:870][654]MapCheck: New page: Revisión del mapa
[2016.01.25-02.12.06:870][654]LightingResults: New page: Diseñar la iluminación
[2016.01.25-02.12.06:891][654]LogParticles: Destroying 0 GPU particle simulations for FXSystem 0x00000042B7942200
[2016.01.25-02.12.06:933][654]LogEditorServer: Finished looking for orphan Actors (0.000 secs)
[2016.01.25-02.12.06:934][654]LogAIModule: Creating AISystem for world Nivel_1
[2016.01.25-02.12.06:982][654]Cmd: MAP CHECKDEP
[2016.01.25-02.12.06:982][654]MapCheck: New page: Nivel_1 - 24/1/2016 16:12:06
[2016.01.25-02.12.07:155][654]MapCheck: Info Map check complete: 0 Error(s), 0 Warning(s), took 172,921ms to complete.
[2016.01.25-02.12.07:155][654]LogFileHelpers: Loading map 'Nivel_1' took 0.342
[2016.01.25-02.12.10:972][918]Cmd: MAP LOAD FILE="../../../../../../Users/user/Documents/GitHub/PoliHeath/Proyecto/Content/Niveles/Nivel_1.umap" TEMPLATE=0 SHOWPROGRESS=1
[2016.01.25-02.12.10:972][918]LightingResults: New page: Diseñar la iluminación
[2016.01.25-02.12.11:030][918]LoadErrors: New page: Cargando mapa: Nivel_1.umap
[2016.01.25-02.12.11:031][918]MapCheck: New page: Revisión del mapa
[2016.01.25-02.12.11:031][918]LightingResults: New page: Diseñar la iluminación
[2016.01.25-02.12.11:055][918]LogParticles: Destroying 0 GPU particle simulations for FXSystem 0x00000042B6DF60C0
[2016.01.25-02.12.11:091][918]LogEditorServer: Finished looking for orphan Actors (0.000 secs)
[2016.01.25-02.12.11:091][918]LogAIModule: Creating AISystem for world Nivel_1
[2016.01.25-02.12.11:135][918]Cmd: MAP CHECKDEP
[2016.01.25-02.12.11:135][918]MapCheck: New page: Nivel_1 - 24/1/2016 16:12:11
[2016.01.25-02.12.11:301][918]MapCheck: Info Map check complete: 0 Error(s), 0 Warning(s), took 165,684ms to complete.
[2016.01.25-02.12.11:301][918]LogFileHelpers: Loading map 'Nivel_1' took 0.331
[2016.01.25-02.12.18:350][223]Cmd: QUIT_EDITOR
[2016.01.25-02.12.18:815][223]LogExit: Preparing to exit.
[2016.01.25-02.12.19:636][223]LogExit: Editor shut down
[2016.01.25-02.12.19:637][223]LogExit: Transaction tracking system shut down
[2016.01.25-02.12.19:642][223]LogParticles: Destroying 0 GPU particle simulations for FXSystem 0x00000042B6439260
[2016.01.25-02.12.19:642][223]LogParticles: Destroying 0 GPU particle simulations for FXSystem 0x00000042B6DF4680
[2016.01.25-02.12.19:666][223]LogExit: Object subsystem successfully closed.
[2016.01.25-02.12.19:730][223]LogModuleManager: Shutting down and abandoning module AndroidDeviceDetection (166)
[2016.01.25-02.12.19:730][223]LogModuleManager: Shutting down and abandoning module CrashTracker (165)
[2016.01.25-02.12.19:730][223]LogModuleManager: Shutting down and abandoning module SuperSearch (164)
[2016.01.25-02.12.19:730][223]LogModuleManager: Shutting down and abandoning module SceneOutliner (163)
[2016.01.25-02.12.19:730][223]LogModuleManager: Shutting down and abandoning module EditorWidgets (162)
[2016.01.25-02.12.19:730][223]LogModuleManager: Shutting down and abandoning module CollectionManager (161)
[2016.01.25-02.12.19:730][223]LogModuleManager: Shutting down and abandoning module StatsViewer (160)
[2016.01.25-02.12.19:730][223]LogModuleManager: Shutting down and abandoning module FoliageEdit (159)
[2016.01.25-02.12.19:730][223]LogModuleManager: Shutting down and abandoning module LandscapeEditor (158)
[2016.01.25-02.12.19:730][223]LogModuleManager: Shutting down and abandoning module MeshPaint (157)
[2016.01.25-02.12.19:730][223]LogModuleManager: Shutting down and abandoning module ActorPickerMode (156)
[2016.01.25-02.12.19:730][223]LogModuleManager: Shutting down and abandoning module GeometryMode (155)
[2016.01.25-02.12.19:730][223]LogModuleManager: Shutting down and abandoning module TextureAlignMode (154)
[2016.01.25-02.12.19:730][223]LogModuleManager: Shutting down and abandoning module BspMode (153)
[2016.01.25-02.12.19:730][223]LogModuleManager: Shutting down and abandoning module PlacementMode (152)
[2016.01.25-02.12.19:730][223]LogModuleManager: Shutting down and abandoning module AutomationWorker (151)
[2016.01.25-02.12.19:730][223]LogModuleManager: Shutting down and abandoning module CharacterAI (150)
[2016.01.25-02.12.19:730][223]LogModuleManager: Shutting down and abandoning module GameProjectGeneration (149)
[2016.01.25-02.12.19:730][223]LogModuleManager: Shutting down and abandoning module IntroTutorials (148)
[2016.01.25-02.12.19:730][223]LogModuleManager: Shutting down and abandoning module EditorLiveStreaming (147)
[2016.01.25-02.12.19:730][223]LogModuleManager: Shutting down and abandoning module HardwareTargeting (146)
[2016.01.25-02.12.19:730][223]LogModuleManager: Shutting down and abandoning module BehaviorTreeEditor (145)
[2016.01.25-02.12.19:730][223]LogModuleManager: Shutting down and abandoning module DeviceProfileEditor (144)
[2016.01.25-02.12.19:730][223]LogModuleManager: Shutting down and abandoning module UndoHistory (143)
[2016.01.25-02.12.19:730][223]LogModuleManager: Shutting down and abandoning module GameplayTagsEditor (142)
[2016.01.25-02.12.19:730][223]LogModuleManager: Shutting down and abandoning module UserFeedback (141)
[2016.01.25-02.12.19:730][223]LogModuleManager: Shutting down and abandoning module XmlParser (140)
[2016.01.25-02.12.19:730][223]LogModuleManager: Shutting down and abandoning module Blutility (139)
[2016.01.25-02.12.19:731][223]LogModuleManager: Shutting down and abandoning module IOSPlatformEditor (138)
[2016.01.25-02.12.19:731][223]LogModuleManager: Shutting down and abandoning module IOSRuntimeSettings (137)
[2016.01.25-02.12.19:731][223]LogModuleManager: Shutting down and abandoning module AndroidPlatformEditor (136)
[2016.01.25-02.12.19:731][223]LogModuleManager: Shutting down and abandoning module AndroidRuntimeSettings (135)
[2016.01.25-02.12.19:731][223]LogModuleManager: Shutting down and abandoning module ProjectTargetPlatformEditor (134)
[2016.01.25-02.12.19:731][223]LogModuleManager: Shutting down and abandoning module ProjectSettingsViewer (133)
[2016.01.25-02.12.19:731][223]LogModuleManager: Shutting down and abandoning module InputBindingEditor (132)
[2016.01.25-02.12.19:731][223]LogModuleManager: Shutting down and abandoning module EditorSettingsViewer (131)
[2016.01.25-02.12.19:731][223]LogModuleManager: Shutting down and abandoning module SettingsEditor (130)
[2016.01.25-02.12.19:731][223]LogModuleManager: Shutting down and abandoning module ProjectLauncher (129)
[2016.01.25-02.12.19:731][223]LogModuleManager: Shutting down and abandoning module SessionFrontend (128)
[2016.01.25-02.12.19:731][223]LogModuleManager: Shutting down and abandoning module ProfilerClient (127)
[2016.01.25-02.12.19:731][223]LogModuleManager: Shutting down and abandoning module TargetDeviceServices (126)
[2016.01.25-02.12.19:731][223]LogModuleManager: Shutting down and abandoning module DeviceManager (125)
[2016.01.25-02.12.19:731][223]LogModuleManager: Shutting down and abandoning module AutomationController (124)
[2016.01.25-02.12.19:731][223]LogModuleManager: Shutting down and abandoning module AutomationWindow (123)
[2016.01.25-02.12.19:731][223]LogModuleManager: Shutting down and abandoning module Layers (122)
[2016.01.25-02.12.19:731][223]LogModuleManager: Shutting down and abandoning module ComponentVisualizers (121)
[2016.01.25-02.12.19:731][223]LogModuleManager: Shutting down and abandoning module DetailCustomizations (120)
[2016.01.25-02.12.19:731][223]LogModuleManager: Shutting down and abandoning module PackagesDialog (119)
[2016.01.25-02.12.19:731][223]LogModuleManager: Shutting down and abandoning module AssetRegistry (118)
[2016.01.25-02.12.19:810][223]LogModuleManager: Shutting down and abandoning module Persona (117)
[2016.01.25-02.12.19:810][223]LogModuleManager: Shutting down and abandoning module Kismet (116)
[2016.01.25-02.12.19:810][223]LogModuleManager: Shutting down and abandoning module GraphEditor (115)
[2016.01.25-02.12.19:810][223]LogModuleManager: Shutting down and abandoning module ClassViewer (114)
[2016.01.25-02.12.19:810][223]LogModuleManager: Shutting down and abandoning module Toolbox (113)
[2016.01.25-02.12.19:810][223]LogModuleManager: Shutting down and abandoning module ModuleUI (112)
[2016.01.25-02.12.19:810][223]LogModuleManager: Shutting down and abandoning module MovieSceneTools (111)
[2016.01.25-02.12.19:810][223]LogModuleManager: Shutting down and abandoning module OutputLog (110)
[2016.01.25-02.12.19:810][223]LogModuleManager: Shutting down and abandoning module GammaUI (109)
[2016.01.25-02.12.19:810][223]LogModuleManager: Shutting down and abandoning module Documentation (108)
[2016.01.25-02.12.19:810][223]LogModuleManager: Shutting down and abandoning module GameLiveStreaming (107)
[2016.01.25-02.12.19:810][223]LogModuleManager: Shutting down and abandoning module StreamingPauseRendering (106)
[2016.01.25-02.12.19:810][223]LogModuleManager: Shutting down and abandoning module HTTP (105)
[2016.01.25-02.12.19:810][223]LogModuleManager: Shutting down and abandoning module AnalyticsET (104)
[2016.01.25-02.12.19:810][223]LogModuleManager: Shutting down and abandoning module Analytics (103)
[2016.01.25-02.12.19:810][223]LogModuleManager: Shutting down and abandoning module GameplayDebugger (102)
[2016.01.25-02.12.19:810][223]LogModuleManager: Shutting down and abandoning module AIModule (101)
[2016.01.25-02.12.19:810][223]LogModuleManager: Shutting down and abandoning module ProfilerService (100)
[2016.01.25-02.12.19:879][223]LogModuleManager: Shutting down and abandoning module TaskGraph (99)
[2016.01.25-02.12.19:879][223]LogModuleManager: Shutting down and abandoning module SlateRemote (98)
[2016.01.25-02.12.19:879][223]LogModuleManager: Shutting down and abandoning module ScriptEditorPlugin (97)
[2016.01.25-02.12.19:879][223]LogModuleManager: Shutting down and abandoning module CustomMeshComponent (96)
[2016.01.25-02.12.19:879][223]LogModuleManager: Shutting down and abandoning module CableComponent (95)
[2016.01.25-02.12.19:879][223]LogModuleManager: Shutting down and abandoning module MessagingDebugger (94)
[2016.01.25-02.12.19:879][223]LogModuleManager: Shutting down and abandoning module MediaPlayerEditor (93)
[2016.01.25-02.12.19:879][223]LogModuleManager: Shutting down and abandoning module SpeedTreeImporter (92)
[2016.01.25-02.12.19:879][223]LogModuleManager: Shutting down and abandoning module PluginsEditor (91)
[2016.01.25-02.12.19:879][223]LogModuleManager: Shutting down and abandoning module EpicSurvey (90)
[2016.01.25-02.12.19:879][223]LogModuleManager: Shutting down and abandoning module DesktopPlatform (89)
[2016.01.25-02.12.19:879][223]LogModuleManager: Shutting down and abandoning module VisualStudioSourceCodeAccess (88)
[2016.01.25-02.12.19:879][223]LogModuleManager: Shutting down and abandoning module UObjectPlugin (87)
[2016.01.25-02.12.19:879][223]LogModuleManager: Shutting down and abandoning module SubversionSourceControl (86)
[2016.01.25-02.12.19:879][223]LogModuleManager: Shutting down and abandoning module SourceControl (85)
[2016.01.25-02.12.19:879][223]LogModuleManager: Shutting down and abandoning module PerforceSourceControl (84)
[2016.01.25-02.12.19:879][223]LogModuleManager: Shutting down and abandoning module BlankPlugin (83)
[2016.01.25-02.12.19:879][223]LogModuleManager: Shutting down and abandoning module SlateReflector (82)
[2016.01.25-02.12.19:879][223]LogModuleManager: Shutting down and abandoning module DirectoryWatcher (81)
[2016.01.25-02.12.19:880][223]LogModuleManager: Shutting down and abandoning module HotReload (80)
[2016.01.25-02.12.19:880][223]LogModuleManager: Shutting down and abandoning module MainFrame (79)
[2016.01.25-02.12.19:880][223]LogModuleManager: Shutting down and abandoning module LevelEditor (78)
[2016.01.25-02.12.19:881][223]LogModuleManager: Shutting down and abandoning module ViewportSnapping (77)
[2016.01.25-02.12.19:881][223]LogModuleManager: Shutting down and abandoning module SmartSnapping (76)
[2016.01.25-02.12.19:881][223]LogModuleManager: Shutting down and abandoning module PaperTiledImporter (75)
[2016.01.25-02.12.19:881][223]LogModuleManager: Shutting down and abandoning module PaperJsonImporter (74)
[2016.01.25-02.12.19:881][223]LogModuleManager: Shutting down and abandoning module ContentBrowser (73)
[2016.01.25-02.12.19:881][223]LogModuleManager: Shutting down and abandoning module PropertyEditor (72)
[2016.01.25-02.12.19:881][223]LogModuleManager: Shutting down and abandoning module Paper2DEditor (71)
[2016.01.25-02.12.19:881][223]LogModuleManager: Shutting down and abandoning module ScriptPlugin (70)
[2016.01.25-02.12.19:881][223]LogModuleManager: Shutting down and abandoning module UdpMessaging (69)
[2016.01.25-02.12.19:982][223]LogModuleManager: Shutting down and abandoning module Paper2D (68)
[2016.01.25-02.12.19:982][223]LogModuleManager: Shutting down and abandoning module WindowsMoviePlayer (67)
[2016.01.25-02.12.19:987][223]LogModuleManager: Shutting down and abandoning module Media (66)
[2016.01.25-02.12.19:987][223]LogModuleManager: Shutting down and abandoning module WmfMedia (65)
[2016.01.25-02.12.19:987][223]LogModuleManager: Shutting down and abandoning module OnlineBlueprintSupport (64)
[2016.01.25-02.12.19:987][223]LogModuleManager: Shutting down and abandoning module FunctionalTesting (63)
[2016.01.25-02.12.19:987][223]LogModuleManager: Shutting down and abandoning module CollisionAnalyzer (62)
[2016.01.25-02.12.19:987][223]LogModuleManager: Shutting down and abandoning module WorkspaceMenuStructure (61)
[2016.01.25-02.12.19:987][223]LogModuleManager: Shutting down and abandoning module MessageLog (60)
[2016.01.25-02.12.19:987][223]LogModuleManager: Shutting down and abandoning module Sequencer (59)
[2016.01.25-02.12.19:987][223]LogModuleManager: Shutting down and abandoning module AssetTools (58)
[2016.01.25-02.12.19:987][223]LogModuleManager: Shutting down and abandoning module UMGEditor (57)
[2016.01.25-02.12.19:987][223]LogModuleManager: Shutting down and abandoning module UMG (56)
[2016.01.25-02.12.19:987][223]LogModuleManager: Shutting down and abandoning module Slate (55)
[2016.01.25-02.12.19:987][223]LogModuleManager: Shutting down and abandoning module EditorStyle (54)
[2016.01.25-02.12.19:989][223]LogModuleManager: Shutting down and abandoning module SessionServices (53)
[2016.01.25-02.12.19:989][223]LogModuleManager: Shutting down and abandoning module SourceCodeAccess (52)
[2016.01.25-02.12.19:989][223]LogModuleManager: Shutting down and abandoning module HeadMountedDisplay (51)
[2016.01.25-02.12.19:989][223]LogModuleManager: Shutting down and abandoning module XAudio2 (50)
[2016.01.25-02.12.19:989][223]LogModuleManager: Shutting down and abandoning module Networking (48)
[2016.01.25-02.12.19:989][223]LogModuleManager: Shutting down and abandoning module Core (47)
[2016.01.25-02.12.19:989][223]LogModuleManager: Shutting down and abandoning module KismetCompiler (46)
[2016.01.25-02.12.19:989][223]LogModuleManager: Shutting down and abandoning module PhysXFormats (45)
[2016.01.25-02.12.19:990][223]LogModuleManager: Shutting down and abandoning module MeshUtilities (44)
[2016.01.25-02.12.19:990][223]LogModuleManager: Shutting down and abandoning module DerivedDataCache (43)
[2016.01.25-02.12.20:312][223]LogDerivedDataCache: Shutdown
[2016.01.25-02.12.20:312][223]LogModuleManager: Shutting down and abandoning module ShaderFormatOpenGL (42)
[2016.01.25-02.12.20:312][223]LogModuleManager: Shutting down and abandoning module ShaderFormatD3D (41)
[2016.01.25-02.12.20:312][223]LogModuleManager: Shutting down and abandoning module MetalShaderFormat (40)
[2016.01.25-02.12.20:312][223]LogModuleManager: Shutting down and abandoning module TextureFormatUncompressed (39)
[2016.01.25-02.12.20:312][223]LogModuleManager: Shutting down and abandoning module TextureFormatPVR (38)
[2016.01.25-02.12.20:312][223]LogModuleManager: Shutting down and abandoning module TextureFormatDXT (37)
[2016.01.25-02.12.20:312][223]LogModuleManager: Shutting down and abandoning module TextureFormatAndroid (36)
[2016.01.25-02.12.20:312][223]LogModuleManager: Shutting down and abandoning module AudioFormatOpus (35)
[2016.01.25-02.12.20:312][223]LogModuleManager: Shutting down and abandoning module AudioFormatOgg (34)
[2016.01.25-02.12.20:312][223]LogModuleManager: Shutting down and abandoning module AudioFormatADPCM (33)
[2016.01.25-02.12.20:312][223]LogModuleManager: Shutting down and abandoning module Messaging (32)
[2016.01.25-02.12.20:312][223]LogModuleManager: Shutting down and abandoning module IOSTargetPlatform (31)
[2016.01.25-02.12.20:312][223]LogModuleManager: Shutting down and abandoning module Android_PVRTCTargetPlatform (30)
[2016.01.25-02.12.20:312][223]LogModuleManager: Shutting down and abandoning module Android_ETC2TargetPlatform (29)
[2016.01.25-02.12.20:312][223]LogModuleManager: Shutting down and abandoning module Android_ETC1TargetPlatform (28)
[2016.01.25-02.12.20:312][223]LogModuleManager: Shutting down and abandoning module Android_DXTTargetPlatform (27)
[2016.01.25-02.12.20:312][223]LogModuleManager: Shutting down and abandoning module Android_ATCTargetPlatform (26)
[2016.01.25-02.12.20:312][223]LogModuleManager: Shutting down and abandoning module AndroidTargetPlatform (25)
[2016.01.25-02.12.20:312][223]LogModuleManager: Shutting down and abandoning module WindowsTargetPlatform (24)
[2016.01.25-02.12.20:313][223]LogModuleManager: Shutting down and abandoning module WindowsServerTargetPlatform (23)
[2016.01.25-02.12.20:313][223]LogModuleManager: Shutting down and abandoning module WindowsNoEditorTargetPlatform (22)
[2016.01.25-02.12.20:313][223]LogModuleManager: Shutting down and abandoning module WindowsClientTargetPlatform (21)
[2016.01.25-02.12.20:313][223]LogModuleManager: Shutting down and abandoning module TargetPlatform (20)
[2016.01.25-02.12.20:313][223]LogModuleManager: Shutting down and abandoning module InputCore (19)
[2016.01.25-02.12.20:313][223]LogModuleManager: Shutting down and abandoning module Settings (18)
[2016.01.25-02.12.20:313][223]LogModuleManager: Shutting down and abandoning module ImageWrapper (17)
[2016.01.25-02.12.20:313][223]LogModuleManager: Shutting down and abandoning module OculusRift (14)
[2016.01.25-02.12.20:313][223]LogModuleManager: Shutting down and abandoning module ExampleDeviceProfileSelector (13)
[2016.01.25-02.12.20:313][223]LogModuleManager: Shutting down and abandoning module TextureCompressor (12)
[2016.01.25-02.12.20:313][223]LogModuleManager: Shutting down and abandoning module ShaderCore (11)
[2016.01.25-02.12.20:313][223]LogModuleManager: Shutting down and abandoning module SlateRHIRenderer (10)
[2016.01.25-02.12.20:314][223]LogModuleManager: Shutting down and abandoning module OpenGLDrv (9)
[2016.01.25-02.12.20:314][223]LogModuleManager: Shutting down and abandoning module D3D11RHI (8)
[2016.01.25-02.12.20:314][223]LogModuleManager: Shutting down and abandoning module Renderer (7)
[2016.01.25-02.12.20:314][223]LogModuleManager: Shutting down and abandoning module Engine (6)
[2016.01.25-02.12.20:314][223]LogModuleManager: Shutting down and abandoning module CoreUObject (5)
[2016.01.25-02.12.20:314][223]LogModuleManager: Shutting down and abandoning module NetworkFile (4)
[2016.01.25-02.12.20:314][223]LogModuleManager: Shutting down and abandoning module StreamingFile (3)
[2016.01.25-02.12.20:314][223]LogModuleManager: Shutting down and abandoning module SandboxFile (2)
[2016.01.25-02.12.20:314][223]LogModuleManager: Shutting down and abandoning module PakFile (1)
[2016.01.25-02.12.20:314][223]LogExit: Exiting.
[2016.01.25-02.12.20:322][223]Log file closed, 01/24/16 21:12:20
