Log file open, 01/12/16 23:54:16
LogInit:Display: Running engine for game: Proyecto
LogInit: Version: 4.5.1-2336687+++depot+UE4-Releases+4.5
LogInit: API Version: 2326478
LogInit: Compiled (64-bit): Oct 21 2014 22:32:40
LogInit: Compiled with Visual C++: 18.00.21005.01
LogInit: Build Configuration: Development
LogInit: Branch Name: ++depot+UE4-Releases+4.5
LogInit: Command line:  
LogInit: Base directory: C:/Program Files (x86)/Epic Games/4.5/Engine/Binaries/Win64/
LogInit: Rocket: 1
[2016.01.13-04.54.16:689][  0]LogTaskGraph: Started task graph with 3 named threads and 4 total threads.
[2016.01.13-04.54.16:726][  0]LogOnline:Warning: No default platform service specified for OnlineSubsystem
[2016.01.13-04.54.16:784][  0]LogInit: Presizing for 0 objects not considered by GC, pre-allocating 0 bytes.
[2016.01.13-04.54.16:799][  0]LogInit: Object subsystem initialized
[2016.01.13-04.54.16:805][  0]LogConsoleResponse:Warning: Skipping Unknown console variable: 'UIScaleRule = ShortestSide'
[2016.01.13-04.54.16:805][  0]LogConsoleResponse:Warning:   Found in ini file 'C:/Users/user/Documents/Proyecto/Saved/Config/Windows/Engine.ini', in section '[/Script/Engine.RendererSettings]'
[2016.01.13-04.54.16:805][  0]LogConsoleResponse:Warning: Skipping Unknown console variable: 'UIScaleCurve = (EditorCurveData=(Keys=((Time=480.000000,Value=0.444000),(Time=720.000000,Value=0.666000),(Time=1080.000000,Value=1.000000),(Time=8640.000000,Value=8.000000))),ExternalCurve=None)'
[2016.01.13-04.54.16:805][  0]LogConsoleResponse:Warning:   Found in ini file 'C:/Users/user/Documents/Proyecto/Saved/Config/Windows/Engine.ini', in section '[/Script/Engine.RendererSettings]'
[2016.01.13-04.54.16:806][  0]LogInit: Selected Device Profile: [Windows]
[2016.01.13-04.54.16:806][  0]LogInit: Applying CVar settings loaded from the selected device profile: [Windows]
[2016.01.13-04.54.16:824][  0]LogInit: Computer: DANNY
[2016.01.13-04.54.16:824][  0]LogInit: User: user
[2016.01.13-04.54.16:826][  0]LogInit: CPU Page size=4096, Cores=2
[2016.01.13-04.54.16:826][  0]LogInit: High frequency timer resolution =1.656323 MHz
[2016.01.13-04.54.16:826][  0]LogMemory: Memory total: Physical=7.9GB (8GB approx) Virtual=131072.0GB
[2016.01.13-04.54.16:826][  0]LogMemory: Platform Memory Stats for Windows
[2016.01.13-04.54.16:826][  0]LogMemory: Process Physical Memory: 60.11 MB used, 60.23 MB peak
[2016.01.13-04.54.16:826][  0]LogMemory: Process Virtual Memory: 35.09 MB used, 38.58 MB peak
[2016.01.13-04.54.16:826][  0]LogMemory: Physical Memory: 4138.27 MB used, 8096.02 MB total
[2016.01.13-04.54.16:826][  0]LogMemory: Virtual Memory: 274.44 MB used, 134217728.00 MB total
[2016.01.13-04.54.17:095][  0]LogD3D11RHI: Found D3D11 adapter 0: Intel(R) HD Graphics Family (Feature Level 11_0)
[2016.01.13-04.54.17:095][  0]LogD3D11RHI: Adapter has 0MB of dedicated video memory, 0MB of dedicated system memory, and 1792MB of shared system memory, 1 output[s]
[2016.01.13-04.54.17:251][  0]LogD3D11RHI: Found D3D11 adapter 1: Microsoft Basic Render Driver (Feature Level 11_0)
[2016.01.13-04.54.17:251][  0]LogD3D11RHI: Adapter has 0MB of dedicated video memory, 0MB of dedicated system memory, and 256MB of shared system memory, 0 output[s]
[2016.01.13-04.54.17:251][  0]LogD3D11RHI: Chosen D3D11 Adapter Id = 0
[2016.01.13-04.54.17:257][  0]LogRHI: Texture pool is 627 MB (70% of 896 MB)
[2016.01.13-04.54.17:267][  0]LogD3D11RHI: Async texture creation enabled
[2016.01.13-04.54.17:996][  0]LogTextLocalizationManager: The requested culture ('es_ES') has no localization data; parent culture's ('es') localization data will be used.
[2016.01.13-04.54.18:143][  0]LogContentStreaming: Texture pool size is 0.000000MB
[2016.01.13-04.54.27:427][  0]LogTargetPlatformManager:Display: Building Assets For Windows
[2016.01.13-04.54.28:153][  0]LogTargetPlatformManager:Display: Building Assets For Windows
[2016.01.13-04.54.28:238][  0]LogDerivedDataCache:Display: Max Cache Size: 512 MB
[2016.01.13-04.54.28:313][  0]LogDerivedDataCache: Loaded boot cache 0.08s 39MB C:/Users/user/AppData/Local/UnrealEngine/4.5/DerivedDataCache/Boot.ddc.
[2016.01.13-04.54.28:314][  0]LogDerivedDataCache:Display: Loaded Boot cache: C:/Users/user/AppData/Local/UnrealEngine/4.5/DerivedDataCache/Boot.ddc
[2016.01.13-04.54.28:314][  0]LogDerivedDataCache: FDerivedDataBackendGraph:  Pak pak cache file ../../../../../../Users/user/Documents/Proyecto/DerivedDataCache/DDC.ddp not found, will not use a pak cache.
[2016.01.13-04.54.28:314][  0]LogDerivedDataCache: Unable to find inner node Pak for hierarchical cache Hierarchy.
[2016.01.13-04.54.28:415][  0]LogDerivedDataCache:Display: Pak cache opened for reading ../../../Engine/DerivedDataCache/DDC.ddp.
[2016.01.13-04.54.28:428][  0]LogDerivedDataCache: Using Local data cache path C:/Users/user/AppData/Local/UnrealEngine/Common/DerivedDataCache: Writable
[2016.01.13-04.54.28:737][  0]LogMeshUtilities: No automatic mesh reduction module available
[2016.01.13-04.54.28:737][  0]LogMeshUtilities: No automatic mesh merging module available
[2016.01.13-04.54.29:088][  0]LogLinker:Warning: Asset '../../../Engine/Content/Functions/Engine_MaterialFunctions02/Texturing/FlipBook.uasset' has been saved with empty engine version. The asset will be loaded but may be incompatible.
[2016.01.13-04.54.29:098][  0]LogLinker:Warning: Asset '../../../Engine/Content/Functions/Engine_MaterialFunctions02/ExampleContent/Textures/flipbook.uasset' has been saved with empty engine version. The asset will be loaded but may be incompatible.
[2016.01.13-04.54.29:389][  0]LogInit: WinSock: version 1.1 (2.2), MaxSocks=32767, MaxUdp=65467
[2016.01.13-04.54.37:546][  0]UdpMessaging: Initializing bridge on interface 0.0.0.0:0 to multicast group 230.0.0.1:6666.
[2016.01.13-04.54.37:774][  0]LogDirectoryWatcher:Warning: Failed to begin reading directory changes for C:/Users/user/Documents/Proyecto/Binaries/Win64. Error: 0
[2016.01.13-04.54.37:982][  0]SourceControl: Info Source control is disabled
[2016.01.13-04.54.37:982][  0]SourceControl: Info Source control is disabled
[2016.01.13-04.54.37:995][  0]SourceControl: Info Source control is disabled
[2016.01.13-04.54.38:183][  0]LogObj: 22915 objects as part of root set at end of initial load.
[2016.01.13-04.54.38:183][  0]LogUObjectAllocator: 4803536 out of 0 bytes used by permanent object pool.
[2016.01.13-04.54.38:252][  0]LogEngine: Initializing Engine...
[2016.01.13-04.54.38:478][  0]LogInit: XAudio2 using 'Speakers / Headphones (Realtek High Definition Audio)' : 2 channels at 48 kHz using 32 bits per sample (channel mask 0x3)
[2016.01.13-04.54.38:603][  0]LogInit: FAudioDevice initialized.
[2016.01.13-04.54.38:634][  0]LogAIModule: Creating AISystem for world NewWorld
[2016.01.13-04.54.38:669][  0]LogDerivedDataCache: Saved boot cache 0.03s 39MB C:/Users/user/AppData/Local/UnrealEngine/4.5/DerivedDataCache/Boot.ddc.
[2016.01.13-04.54.38:674][  0]LogInit: Texture streaming: Enabled
[2016.01.13-04.54.38:743][  0]LogInit: Transaction tracking system initialized
[2016.01.13-04.54.38:910][  0]BlueprintLog: New page: Cargar el editor
[2016.01.13-04.54.38:957][  0]LogAssetRegistry: FAssetRegistry took 0.0107 seconds to start up
[2016.01.13-04.54.38:957][  0]LogDirectoryWatcher:Warning: Failed to begin reading directory changes for ../../../Engine/Plugins/Experimental/CharacterAI/Content/. Error: 0
[2016.01.13-04.54.39:760][  0]LogTargetPlatformManager:Display: Building Assets For Windows
[2016.01.13-04.54.40:324][  0]LogTargetPlatformManager:Display: Building Assets For Windows
[2016.01.13-04.54.40:667][  0]LogConsoleResponse:Display: 
[2016.01.13-04.54.41:034][  0]SourceControl: Info Source control is disabled
[2016.01.13-04.54.41:034][  0]Cmd: MAP LOAD FILE="../../../Engine/Content/Maps/Templates/Template_Default.umap" TEMPLATE=1 SHOWPROGRESS=1
[2016.01.13-04.54.41:037][  0]LightingResults: New page: Diseñar la iluminación
[2016.01.13-04.54.41:053][  0]MapCheck: New page: Revisión del mapa
[2016.01.13-04.54.41:053][  0]LightingResults: New page: Diseñar la iluminación
[2016.01.13-04.54.41:084][  0]LogParticles: Destroying 0 GPU particle simulations for FXSystem 0x0000002EBF725440
[2016.01.13-04.54.41:479][  0]LogEditorServer: Finished looking for orphan Actors (0.000 secs)
[2016.01.13-04.54.41:479][  0]LogAIModule: Creating AISystem for world Untitled_1
[2016.01.13-04.54.41:480][  0]Cmd: MAP CHECKDEP
[2016.01.13-04.54.41:480][  0]MapCheck: New page: Untitled_1 - 12/1/2016 18:54:41
[2016.01.13-04.54.41:720][  0]MapCheck: Info Map check complete: 0 Error(s), 0 Warning(s), took 240,576ms to complete.
[2016.01.13-04.54.41:720][  0]LogFileHelpers: Loading map 'Template_Default' took 0.686
[2016.01.13-04.54.41:881][  0]LogCollectionManager: Loaded 0 collections in 0.001855 seconds
[2016.01.13-04.54.42:130][  0]LogCrashTracker: Crashtracker disabled due to settings.
[2016.01.13-04.54.42:164][  0]LogUObjectGlobals:Warning: Failed to find object 'Class None.'
[2016.01.13-04.54.42:215][  0]LogLoad: Full Startup: 28.93 seconds (BP compile: 0.12 seconds)
[2016.01.13-04.54.42:245][  0]LogContentBrowser:Verbose: The content browser source was changed by the sources view to '/Game/Animaciones/Atlas'
[2016.01.13-04.54.42:484][  0]LogRenderer:Warning: Reallocating scene render targets to support 664x592.
[2016.01.13-04.54.43:366][  4]LogAssetRegistry: Asset discovery search completed in 4.4204 seconds
[2016.01.13-04.54.48:917][113]LogPlayLevel: PIE:  No blueprints needed recompiling
[2016.01.13-04.54.48:917][113]PIE: New page: Sesión PIE (reproducción en el editor): Untitled_1 (12/1/2016 18:54:48)
[2016.01.13-04.54.48:922][113]LogPlayLevel: PIE: StaticDuplicateObject took: (0.005004s)
[2016.01.13-04.54.48:924][113]LogPlayLevel: PIE: World Init took: (0.001937s)
[2016.01.13-04.54.48:925][113]LogPlayLevel: PIE: Created PIE world by copying editor world from /Temp/Untitled_1.Untitled_1 to /Temp/UEDPIE_0_Untitled_1.Untitled_1 (0.007519s)
[2016.01.13-04.54.48:978][113]LogWorld: Game class is 'GameMode'
[2016.01.13-04.54.48:981][113]LogAIModule: Creating AISystem for world Untitled_1
[2016.01.13-04.54.48:981][113]LogWorld: Bringing World /Temp/UEDPIE_0_Untitled_1.Untitled_1 up for play (max tick rate 60) at 2016.01.12-23.54.48
[2016.01.13-04.54.48:982][113]LogWorld: Bringing up level for play took: 0.001071
[2016.01.13-04.54.48:991][113]PIE: Info Tiempo de inicio de la reproducción en el editor para  /Temp/UEDPIE_0_Untitled_1 -0,149
[2016.01.13-04.54.50:480][154]LogTemp: MouseLeave
[2016.01.13-04.54.51:007][167]LogParticles: Destroying 0 GPU particle simulations for FXSystem 0x0000002EC77287C0
[2016.01.13-04.54.56:194][289]LogContentBrowser:Verbose: The content browser source was changed by the sources view to '/Game/Niveles'
[2016.01.13-04.54.57:452][315]Cmd: MAP LOAD FILE="../../../../../../Users/user/Documents/Proyecto/Content/Niveles/Nivel_1.umap" TEMPLATE=0 SHOWPROGRESS=1
[2016.01.13-04.54.57:452][315]LightingResults: New page: Diseñar la iluminación
[2016.01.13-04.54.57:509][315]LoadErrors: New page: Cargando mapa: Nivel_1.umap
[2016.01.13-04.54.57:509][315]MapCheck: New page: Revisión del mapa
[2016.01.13-04.54.57:510][315]LightingResults: New page: Diseñar la iluminación
[2016.01.13-04.54.57:542][315]LogParticles: Destroying 0 GPU particle simulations for FXSystem 0x0000002EB393F060
[2016.01.13-04.54.57:592][315]LogEditorServer: Finished looking for orphan Actors (0.000 secs)
[2016.01.13-04.54.57:593][315]LogAIModule: Creating AISystem for world Nivel_1
[2016.01.13-04.54.57:631][315]Cmd: MAP CHECKDEP
[2016.01.13-04.54.57:632][315]MapCheck: New page: Nivel_1 - 12/1/2016 18:54:57
[2016.01.13-04.54.57:824][315]MapCheck: Info Map check complete: 0 Error(s), 0 Warning(s), took 190,967ms to complete.
[2016.01.13-04.54.57:824][315]LogFileHelpers: Loading map 'Nivel_1' took 0.374
[2016.01.13-04.54.59:495][349]LogPlayLevel: PIE:  No blueprints needed recompiling
[2016.01.13-04.54.59:496][349]PIE: New page: Sesión PIE (reproducción en el editor): Nivel_1 (12/1/2016 18:54:59)
[2016.01.13-04.54.59:500][349]LogPlayLevel: PIE: StaticDuplicateObject took: (0.004201s)
[2016.01.13-04.54.59:501][349]LogPlayLevel: PIE: World Init took: (0.001022s)
[2016.01.13-04.54.59:501][349]LogPlayLevel: PIE: Created PIE world by copying editor world from /Game/Niveles/Nivel_1.Nivel_1 to /Game/Niveles/UEDPIE_0_Nivel_1.Nivel_1 (0.005583s)
[2016.01.13-04.54.59:535][349]LogWorld: Game class is '2D_C'
[2016.01.13-04.54.59:537][349]LogAIModule: Creating AISystem for world Nivel_1
[2016.01.13-04.54.59:538][349]LogWorld: Bringing World /Game/Niveles/UEDPIE_0_Nivel_1.Nivel_1 up for play (max tick rate 60) at 2016.01.12-23.54.59
[2016.01.13-04.54.59:538][349]LogWorld: Bringing up level for play took: 0.001064
[2016.01.13-04.54.59:542][349]PIE: Info Tiempo de inicio de la reproducción en el editor para  /Game/Niveles/UEDPIE_0_Nivel_1 0,401
[2016.01.13-04.55.03:638][464]LogTemp: MouseLeave
[2016.01.13-04.55.04:147][478]LogParticles: Destroying 0 GPU particle simulations for FXSystem 0x0000002EB63DA840
[2016.01.13-04.55.06:880][524]Cmd: QUIT_EDITOR
[2016.01.13-04.55.07:422][524]LogExit: Preparing to exit.
[2016.01.13-04.55.07:712][524]LogExit: Editor shut down
[2016.01.13-04.55.07:713][524]LogExit: Transaction tracking system shut down
[2016.01.13-04.55.07:714][524]LogParticles: Destroying 0 GPU particle simulations for FXSystem 0x0000002EB36AD6C0
[2016.01.13-04.55.07:746][524]LogExit: Object subsystem successfully closed.
[2016.01.13-04.55.07:825][524]LogModuleManager: Shutting down and abandoning module AndroidDeviceDetection (166)
[2016.01.13-04.55.07:825][524]LogModuleManager: Shutting down and abandoning module CrashTracker (165)
[2016.01.13-04.55.07:825][524]LogModuleManager: Shutting down and abandoning module SuperSearch (164)
[2016.01.13-04.55.07:825][524]LogModuleManager: Shutting down and abandoning module SceneOutliner (163)
[2016.01.13-04.55.07:825][524]LogModuleManager: Shutting down and abandoning module EditorWidgets (162)
[2016.01.13-04.55.07:825][524]LogModuleManager: Shutting down and abandoning module CollectionManager (161)
[2016.01.13-04.55.07:825][524]LogModuleManager: Shutting down and abandoning module StatsViewer (160)
[2016.01.13-04.55.07:825][524]LogModuleManager: Shutting down and abandoning module FoliageEdit (159)
[2016.01.13-04.55.07:825][524]LogModuleManager: Shutting down and abandoning module LandscapeEditor (158)
[2016.01.13-04.55.07:826][524]LogModuleManager: Shutting down and abandoning module MeshPaint (157)
[2016.01.13-04.55.07:826][524]LogModuleManager: Shutting down and abandoning module ActorPickerMode (156)
[2016.01.13-04.55.07:826][524]LogModuleManager: Shutting down and abandoning module GeometryMode (155)
[2016.01.13-04.55.07:826][524]LogModuleManager: Shutting down and abandoning module TextureAlignMode (154)
[2016.01.13-04.55.07:826][524]LogModuleManager: Shutting down and abandoning module BspMode (153)
[2016.01.13-04.55.07:826][524]LogModuleManager: Shutting down and abandoning module PlacementMode (152)
[2016.01.13-04.55.07:826][524]LogModuleManager: Shutting down and abandoning module AutomationWorker (151)
[2016.01.13-04.55.07:826][524]LogModuleManager: Shutting down and abandoning module CharacterAI (150)
[2016.01.13-04.55.07:826][524]LogModuleManager: Shutting down and abandoning module GameProjectGeneration (149)
[2016.01.13-04.55.07:826][524]LogModuleManager: Shutting down and abandoning module IntroTutorials (148)
[2016.01.13-04.55.07:826][524]LogModuleManager: Shutting down and abandoning module EditorLiveStreaming (147)
[2016.01.13-04.55.07:826][524]LogModuleManager: Shutting down and abandoning module HardwareTargeting (146)
[2016.01.13-04.55.07:826][524]LogModuleManager: Shutting down and abandoning module BehaviorTreeEditor (145)
[2016.01.13-04.55.07:826][524]LogModuleManager: Shutting down and abandoning module DeviceProfileEditor (144)
[2016.01.13-04.55.07:826][524]LogModuleManager: Shutting down and abandoning module UndoHistory (143)
[2016.01.13-04.55.07:826][524]LogModuleManager: Shutting down and abandoning module GameplayTagsEditor (142)
[2016.01.13-04.55.07:826][524]LogModuleManager: Shutting down and abandoning module UserFeedback (141)
[2016.01.13-04.55.07:826][524]LogModuleManager: Shutting down and abandoning module XmlParser (140)
[2016.01.13-04.55.07:826][524]LogModuleManager: Shutting down and abandoning module Blutility (139)
[2016.01.13-04.55.07:826][524]LogModuleManager: Shutting down and abandoning module IOSPlatformEditor (138)
[2016.01.13-04.55.07:826][524]LogModuleManager: Shutting down and abandoning module IOSRuntimeSettings (137)
[2016.01.13-04.55.07:826][524]LogModuleManager: Shutting down and abandoning module AndroidPlatformEditor (136)
[2016.01.13-04.55.07:826][524]LogModuleManager: Shutting down and abandoning module AndroidRuntimeSettings (135)
[2016.01.13-04.55.07:826][524]LogModuleManager: Shutting down and abandoning module ProjectTargetPlatformEditor (134)
[2016.01.13-04.55.07:826][524]LogModuleManager: Shutting down and abandoning module ProjectSettingsViewer (133)
[2016.01.13-04.55.07:826][524]LogModuleManager: Shutting down and abandoning module InputBindingEditor (132)
[2016.01.13-04.55.07:827][524]LogModuleManager: Shutting down and abandoning module EditorSettingsViewer (131)
[2016.01.13-04.55.07:827][524]LogModuleManager: Shutting down and abandoning module SettingsEditor (130)
[2016.01.13-04.55.07:827][524]LogModuleManager: Shutting down and abandoning module ProjectLauncher (129)
[2016.01.13-04.55.07:827][524]LogModuleManager: Shutting down and abandoning module SessionFrontend (128)
[2016.01.13-04.55.07:827][524]LogModuleManager: Shutting down and abandoning module ProfilerClient (127)
[2016.01.13-04.55.07:827][524]LogModuleManager: Shutting down and abandoning module TargetDeviceServices (126)
[2016.01.13-04.55.07:827][524]LogModuleManager: Shutting down and abandoning module DeviceManager (125)
[2016.01.13-04.55.07:827][524]LogModuleManager: Shutting down and abandoning module AutomationController (124)
[2016.01.13-04.55.07:827][524]LogModuleManager: Shutting down and abandoning module AutomationWindow (123)
[2016.01.13-04.55.07:827][524]LogModuleManager: Shutting down and abandoning module Layers (122)
[2016.01.13-04.55.07:827][524]LogModuleManager: Shutting down and abandoning module ComponentVisualizers (121)
[2016.01.13-04.55.07:827][524]LogModuleManager: Shutting down and abandoning module DetailCustomizations (120)
[2016.01.13-04.55.07:827][524]LogModuleManager: Shutting down and abandoning module PackagesDialog (119)
[2016.01.13-04.55.07:827][524]LogModuleManager: Shutting down and abandoning module AssetRegistry (118)
[2016.01.13-04.55.07:892][524]LogModuleManager: Shutting down and abandoning module Persona (117)
[2016.01.13-04.55.07:892][524]LogModuleManager: Shutting down and abandoning module Kismet (116)
[2016.01.13-04.55.07:892][524]LogModuleManager: Shutting down and abandoning module GraphEditor (115)
[2016.01.13-04.55.07:892][524]LogModuleManager: Shutting down and abandoning module ClassViewer (114)
[2016.01.13-04.55.07:892][524]LogModuleManager: Shutting down and abandoning module Toolbox (113)
[2016.01.13-04.55.07:892][524]LogModuleManager: Shutting down and abandoning module ModuleUI (112)
[2016.01.13-04.55.07:892][524]LogModuleManager: Shutting down and abandoning module MovieSceneTools (111)
[2016.01.13-04.55.07:892][524]LogModuleManager: Shutting down and abandoning module OutputLog (110)
[2016.01.13-04.55.07:892][524]LogModuleManager: Shutting down and abandoning module GammaUI (109)
[2016.01.13-04.55.07:892][524]LogModuleManager: Shutting down and abandoning module Documentation (108)
[2016.01.13-04.55.07:892][524]LogModuleManager: Shutting down and abandoning module GameLiveStreaming (107)
[2016.01.13-04.55.07:892][524]LogModuleManager: Shutting down and abandoning module StreamingPauseRendering (106)
[2016.01.13-04.55.07:892][524]LogModuleManager: Shutting down and abandoning module HTTP (105)
[2016.01.13-04.55.07:892][524]LogModuleManager: Shutting down and abandoning module AnalyticsET (104)
[2016.01.13-04.55.07:892][524]LogModuleManager: Shutting down and abandoning module Analytics (103)
[2016.01.13-04.55.07:892][524]LogModuleManager: Shutting down and abandoning module GameplayDebugger (102)
[2016.01.13-04.55.07:892][524]LogModuleManager: Shutting down and abandoning module AIModule (101)
[2016.01.13-04.55.07:892][524]LogModuleManager: Shutting down and abandoning module ProfilerService (100)
[2016.01.13-04.55.07:983][524]LogModuleManager: Shutting down and abandoning module TaskGraph (99)
[2016.01.13-04.55.07:983][524]LogModuleManager: Shutting down and abandoning module SlateRemote (98)
[2016.01.13-04.55.08:004][524]LogModuleManager: Shutting down and abandoning module ScriptEditorPlugin (97)
[2016.01.13-04.55.08:004][524]LogModuleManager: Shutting down and abandoning module CustomMeshComponent (96)
[2016.01.13-04.55.08:004][524]LogModuleManager: Shutting down and abandoning module CableComponent (95)
[2016.01.13-04.55.08:004][524]LogModuleManager: Shutting down and abandoning module MessagingDebugger (94)
[2016.01.13-04.55.08:004][524]LogModuleManager: Shutting down and abandoning module MediaPlayerEditor (93)
[2016.01.13-04.55.08:004][524]LogModuleManager: Shutting down and abandoning module SpeedTreeImporter (92)
[2016.01.13-04.55.08:004][524]LogModuleManager: Shutting down and abandoning module PluginsEditor (91)
[2016.01.13-04.55.08:004][524]LogModuleManager: Shutting down and abandoning module EpicSurvey (90)
[2016.01.13-04.55.08:004][524]LogModuleManager: Shutting down and abandoning module DesktopPlatform (89)
[2016.01.13-04.55.08:004][524]LogModuleManager: Shutting down and abandoning module VisualStudioSourceCodeAccess (88)
[2016.01.13-04.55.08:004][524]LogModuleManager: Shutting down and abandoning module UObjectPlugin (87)
[2016.01.13-04.55.08:004][524]LogModuleManager: Shutting down and abandoning module SubversionSourceControl (86)
[2016.01.13-04.55.08:005][524]LogModuleManager: Shutting down and abandoning module SourceControl (85)
[2016.01.13-04.55.08:005][524]LogModuleManager: Shutting down and abandoning module PerforceSourceControl (84)
[2016.01.13-04.55.08:005][524]LogModuleManager: Shutting down and abandoning module BlankPlugin (83)
[2016.01.13-04.55.08:005][524]LogModuleManager: Shutting down and abandoning module SlateReflector (82)
[2016.01.13-04.55.08:005][524]LogModuleManager: Shutting down and abandoning module DirectoryWatcher (81)
[2016.01.13-04.55.08:005][524]LogModuleManager: Shutting down and abandoning module HotReload (80)
[2016.01.13-04.55.08:005][524]LogModuleManager: Shutting down and abandoning module MainFrame (79)
[2016.01.13-04.55.08:005][524]LogModuleManager: Shutting down and abandoning module LevelEditor (78)
[2016.01.13-04.55.08:007][524]LogModuleManager: Shutting down and abandoning module ViewportSnapping (77)
[2016.01.13-04.55.08:007][524]LogModuleManager: Shutting down and abandoning module SmartSnapping (76)
[2016.01.13-04.55.08:007][524]LogModuleManager: Shutting down and abandoning module PaperTiledImporter (75)
[2016.01.13-04.55.08:007][524]LogModuleManager: Shutting down and abandoning module PaperJsonImporter (74)
[2016.01.13-04.55.08:007][524]LogModuleManager: Shutting down and abandoning module ContentBrowser (73)
[2016.01.13-04.55.08:007][524]LogModuleManager: Shutting down and abandoning module PropertyEditor (72)
[2016.01.13-04.55.08:007][524]LogModuleManager: Shutting down and abandoning module Paper2DEditor (71)
[2016.01.13-04.55.08:007][524]LogModuleManager: Shutting down and abandoning module ScriptPlugin (70)
[2016.01.13-04.55.08:007][524]LogModuleManager: Shutting down and abandoning module UdpMessaging (69)
[2016.01.13-04.55.08:108][524]LogModuleManager: Shutting down and abandoning module Paper2D (68)
[2016.01.13-04.55.08:108][524]LogModuleManager: Shutting down and abandoning module WindowsMoviePlayer (67)
[2016.01.13-04.55.08:119][524]LogModuleManager: Shutting down and abandoning module Media (66)
[2016.01.13-04.55.08:119][524]LogModuleManager: Shutting down and abandoning module WmfMedia (65)
[2016.01.13-04.55.08:119][524]LogModuleManager: Shutting down and abandoning module OnlineBlueprintSupport (64)
[2016.01.13-04.55.08:119][524]LogModuleManager: Shutting down and abandoning module FunctionalTesting (63)
[2016.01.13-04.55.08:119][524]LogModuleManager: Shutting down and abandoning module CollisionAnalyzer (62)
[2016.01.13-04.55.08:119][524]LogModuleManager: Shutting down and abandoning module WorkspaceMenuStructure (61)
[2016.01.13-04.55.08:119][524]LogModuleManager: Shutting down and abandoning module MessageLog (60)
[2016.01.13-04.55.08:119][524]LogModuleManager: Shutting down and abandoning module Sequencer (59)
[2016.01.13-04.55.08:119][524]LogModuleManager: Shutting down and abandoning module AssetTools (58)
[2016.01.13-04.55.08:119][524]LogModuleManager: Shutting down and abandoning module UMGEditor (57)
[2016.01.13-04.55.08:119][524]LogModuleManager: Shutting down and abandoning module UMG (56)
[2016.01.13-04.55.08:119][524]LogModuleManager: Shutting down and abandoning module Slate (55)
[2016.01.13-04.55.08:119][524]LogModuleManager: Shutting down and abandoning module EditorStyle (54)
[2016.01.13-04.55.08:121][524]LogModuleManager: Shutting down and abandoning module SessionServices (53)
[2016.01.13-04.55.08:121][524]LogModuleManager: Shutting down and abandoning module SourceCodeAccess (52)
[2016.01.13-04.55.08:121][524]LogModuleManager: Shutting down and abandoning module HeadMountedDisplay (51)
[2016.01.13-04.55.08:121][524]LogModuleManager: Shutting down and abandoning module XAudio2 (50)
[2016.01.13-04.55.08:121][524]LogModuleManager: Shutting down and abandoning module Networking (48)
[2016.01.13-04.55.08:121][524]LogModuleManager: Shutting down and abandoning module Core (47)
[2016.01.13-04.55.08:121][524]LogModuleManager: Shutting down and abandoning module KismetCompiler (46)
[2016.01.13-04.55.08:121][524]LogModuleManager: Shutting down and abandoning module PhysXFormats (45)
[2016.01.13-04.55.08:121][524]LogModuleManager: Shutting down and abandoning module MeshUtilities (44)
[2016.01.13-04.55.08:121][524]LogModuleManager: Shutting down and abandoning module DerivedDataCache (43)
[2016.01.13-04.55.08:446][524]LogDerivedDataCache: Shutdown
[2016.01.13-04.55.08:446][524]LogModuleManager: Shutting down and abandoning module ShaderFormatOpenGL (42)
[2016.01.13-04.55.08:446][524]LogModuleManager: Shutting down and abandoning module ShaderFormatD3D (41)
[2016.01.13-04.55.08:446][524]LogModuleManager: Shutting down and abandoning module MetalShaderFormat (40)
[2016.01.13-04.55.08:446][524]LogModuleManager: Shutting down and abandoning module TextureFormatUncompressed (39)
[2016.01.13-04.55.08:446][524]LogModuleManager: Shutting down and abandoning module TextureFormatPVR (38)
[2016.01.13-04.55.08:446][524]LogModuleManager: Shutting down and abandoning module TextureFormatDXT (37)
[2016.01.13-04.55.08:446][524]LogModuleManager: Shutting down and abandoning module TextureFormatAndroid (36)
[2016.01.13-04.55.08:446][524]LogModuleManager: Shutting down and abandoning module AudioFormatOpus (35)
[2016.01.13-04.55.08:446][524]LogModuleManager: Shutting down and abandoning module AudioFormatOgg (34)
[2016.01.13-04.55.08:446][524]LogModuleManager: Shutting down and abandoning module AudioFormatADPCM (33)
[2016.01.13-04.55.08:446][524]LogModuleManager: Shutting down and abandoning module Messaging (32)
[2016.01.13-04.55.08:446][524]LogModuleManager: Shutting down and abandoning module IOSTargetPlatform (31)
[2016.01.13-04.55.08:446][524]LogModuleManager: Shutting down and abandoning module Android_PVRTCTargetPlatform (30)
[2016.01.13-04.55.08:446][524]LogModuleManager: Shutting down and abandoning module Android_ETC2TargetPlatform (29)
[2016.01.13-04.55.08:446][524]LogModuleManager: Shutting down and abandoning module Android_ETC1TargetPlatform (28)
[2016.01.13-04.55.08:446][524]LogModuleManager: Shutting down and abandoning module Android_DXTTargetPlatform (27)
[2016.01.13-04.55.08:446][524]LogModuleManager: Shutting down and abandoning module Android_ATCTargetPlatform (26)
[2016.01.13-04.55.08:446][524]LogModuleManager: Shutting down and abandoning module AndroidTargetPlatform (25)
[2016.01.13-04.55.08:446][524]LogModuleManager: Shutting down and abandoning module WindowsTargetPlatform (24)
[2016.01.13-04.55.08:446][524]LogModuleManager: Shutting down and abandoning module WindowsServerTargetPlatform (23)
[2016.01.13-04.55.08:446][524]LogModuleManager: Shutting down and abandoning module WindowsNoEditorTargetPlatform (22)
[2016.01.13-04.55.08:446][524]LogModuleManager: Shutting down and abandoning module WindowsClientTargetPlatform (21)
[2016.01.13-04.55.08:446][524]LogModuleManager: Shutting down and abandoning module TargetPlatform (20)
[2016.01.13-04.55.08:446][524]LogModuleManager: Shutting down and abandoning module InputCore (19)
[2016.01.13-04.55.08:446][524]LogModuleManager: Shutting down and abandoning module Settings (18)
[2016.01.13-04.55.08:446][524]LogModuleManager: Shutting down and abandoning module ImageWrapper (17)
[2016.01.13-04.55.08:446][524]LogModuleManager: Shutting down and abandoning module OculusRift (14)
[2016.01.13-04.55.08:446][524]LogModuleManager: Shutting down and abandoning module ExampleDeviceProfileSelector (13)
[2016.01.13-04.55.08:446][524]LogModuleManager: Shutting down and abandoning module TextureCompressor (12)
[2016.01.13-04.55.08:446][524]LogModuleManager: Shutting down and abandoning module ShaderCore (11)
[2016.01.13-04.55.08:446][524]LogModuleManager: Shutting down and abandoning module SlateRHIRenderer (10)
[2016.01.13-04.55.08:447][524]LogModuleManager: Shutting down and abandoning module OpenGLDrv (9)
[2016.01.13-04.55.08:447][524]LogModuleManager: Shutting down and abandoning module D3D11RHI (8)
[2016.01.13-04.55.08:447][524]LogModuleManager: Shutting down and abandoning module Renderer (7)
[2016.01.13-04.55.08:447][524]LogModuleManager: Shutting down and abandoning module Engine (6)
[2016.01.13-04.55.08:447][524]LogModuleManager: Shutting down and abandoning module CoreUObject (5)
[2016.01.13-04.55.08:447][524]LogModuleManager: Shutting down and abandoning module NetworkFile (4)
[2016.01.13-04.55.08:447][524]LogModuleManager: Shutting down and abandoning module StreamingFile (3)
[2016.01.13-04.55.08:447][524]LogModuleManager: Shutting down and abandoning module SandboxFile (2)
[2016.01.13-04.55.08:447][524]LogModuleManager: Shutting down and abandoning module PakFile (1)
[2016.01.13-04.55.08:447][524]LogExit: Exiting.
[2016.01.13-04.55.08:455][524]Log file closed, 01/12/16 23:55:08
