Log file open, 01/13/16 10:24:25
LogInit:Display: Running engine for game: Proyecto
LogInit: Version: 4.5.1-2336687+++depot+UE4-Releases+4.5
LogInit: API Version: 2326478
LogInit: Compiled (64-bit): Oct 21 2014 22:32:40
LogInit: Compiled with Visual C++: 18.00.21005.01
LogInit: Build Configuration: Development
LogInit: Branch Name: ++depot+UE4-Releases+4.5
LogInit: Command line:  
LogInit: Base directory: C:/Program Files (x86)/Epic Games/4.5/Engine/Binaries/Win64/
LogInit: Rocket: 1
[2016.01.13-15.24.25:319][  0]LogTaskGraph: Started task graph with 3 named threads and 6 total threads.
[2016.01.13-15.24.25:377][  0]LogOnline:Warning: No default platform service specified for OnlineSubsystem
[2016.01.13-15.24.25:411][  0]LogInit: Presizing for 0 objects not considered by GC, pre-allocating 0 bytes.
[2016.01.13-15.24.25:427][  0]LogInit: Object subsystem initialized
[2016.01.13-15.24.25:433][  0]LogConsoleResponse:Warning: Skipping Unknown console variable: 'UIScaleRule = ShortestSide'
[2016.01.13-15.24.25:433][  0]LogConsoleResponse:Warning:   Found in ini file 'C:/Users/Jimmy/git/PoliHeath/Proyecto/Saved/Config/Windows/Engine.ini', in section '[/Script/Engine.RendererSettings]'
[2016.01.13-15.24.25:433][  0]LogConsoleResponse:Warning: Skipping Unknown console variable: 'UIScaleCurve = (EditorCurveData=(Keys=((Time=480.000000,Value=0.444000),(Time=720.000000,Value=0.666000),(Time=1080.000000,Value=1.000000),(Time=8640.000000,Value=8.000000))),ExternalCurve=None)'
[2016.01.13-15.24.25:433][  0]LogConsoleResponse:Warning:   Found in ini file 'C:/Users/Jimmy/git/PoliHeath/Proyecto/Saved/Config/Windows/Engine.ini', in section '[/Script/Engine.RendererSettings]'
[2016.01.13-15.24.25:434][  0]LogInit: Selected Device Profile: [Windows]
[2016.01.13-15.24.25:434][  0]LogInit: Applying CVar settings loaded from the selected device profile: [Windows]
[2016.01.13-15.24.25:448][  0]LogInit: Computer: JIMMY-PC
[2016.01.13-15.24.25:448][  0]LogInit: User: Jimmy
[2016.01.13-15.24.25:449][  0]LogInit: CPU Page size=4096, Cores=6
[2016.01.13-15.24.25:449][  0]LogInit: High frequency timer resolution =2.746524 MHz
[2016.01.13-15.24.25:449][  0]LogMemory: Memory total: Physical=4.0GB (4GB approx) Virtual=131072.0GB
[2016.01.13-15.24.25:450][  0]LogMemory: Platform Memory Stats for Windows
[2016.01.13-15.24.25:450][  0]LogMemory: Process Physical Memory: 59.83 MB used, 59.83 MB peak
[2016.01.13-15.24.25:450][  0]LogMemory: Process Virtual Memory: 35.47 MB used, 38.63 MB peak
[2016.01.13-15.24.25:450][  0]LogMemory: Physical Memory: 2337.34 MB used, 4092.53 MB total
[2016.01.13-15.24.25:450][  0]LogMemory: Virtual Memory: 279.66 MB used, 134217728.00 MB total
[2016.01.13-15.24.25:501][  0]LogD3D11RHI: Found D3D11 adapter 0: NVIDIA GeForce GTX 650 (Feature Level 11_0)
[2016.01.13-15.24.25:501][  0]LogD3D11RHI: Adapter has 1986MB of dedicated video memory, 0MB of dedicated system memory, and 2046MB of shared system memory, 1 output[s]
[2016.01.13-15.24.25:504][  0]LogD3D11RHI: Found D3D11 adapter 1: Microsoft Basic Render Driver (Feature Level 11_0)
[2016.01.13-15.24.25:504][  0]LogD3D11RHI: Adapter has 0MB of dedicated video memory, 0MB of dedicated system memory, and 256MB of shared system memory, 0 output[s]
[2016.01.13-15.24.25:504][  0]LogD3D11RHI: Chosen D3D11 Adapter Id = 0
[2016.01.13-15.24.25:511][  0]LogRHI: Texture pool is 1361 MB (70% of 1945 MB)
[2016.01.13-15.24.25:529][  0]LogD3D11RHI: Async texture creation enabled
[2016.01.13-15.24.25:594][  0]LogTextLocalizationManager: The requested culture ('en_US') has no localization data; parent culture's ('en') localization data will be used.
[2016.01.13-15.24.25:834][  0]LogContentStreaming: Texture pool size is 0.000000MB
[2016.01.13-15.24.33:249][  0]LogTargetPlatformManager:Display: Building Assets For Windows
[2016.01.13-15.24.33:918][  0]LogTargetPlatformManager:Display: Building Assets For Windows
[2016.01.13-15.24.34:006][  0]LogDerivedDataCache:Display: Max Cache Size: 512 MB
[2016.01.13-15.24.34:108][  0]LogDerivedDataCache: Loaded boot cache 0.10s 46MB C:/Users/Jimmy/AppData/Local/UnrealEngine/4.5/DerivedDataCache/Boot.ddc.
[2016.01.13-15.24.34:108][  0]LogDerivedDataCache:Display: Loaded Boot cache: C:/Users/Jimmy/AppData/Local/UnrealEngine/4.5/DerivedDataCache/Boot.ddc
[2016.01.13-15.24.34:109][  0]LogDerivedDataCache: FDerivedDataBackendGraph:  Pak pak cache file ../../../../../../Users/Jimmy/git/PoliHeath/Proyecto/DerivedDataCache/DDC.ddp not found, will not use a pak cache.
[2016.01.13-15.24.34:109][  0]LogDerivedDataCache: Unable to find inner node Pak for hierarchical cache Hierarchy.
[2016.01.13-15.24.34:208][  0]LogDerivedDataCache:Display: Pak cache opened for reading ../../../Engine/DerivedDataCache/DDC.ddp.
[2016.01.13-15.24.34:221][  0]LogDerivedDataCache: Using Local data cache path C:/Users/Jimmy/AppData/Local/UnrealEngine/Common/DerivedDataCache: Writable
[2016.01.13-15.24.34:550][  0]LogMeshUtilities: No automatic mesh reduction module available
[2016.01.13-15.24.34:550][  0]LogMeshUtilities: No automatic mesh merging module available
[2016.01.13-15.24.34:937][  0]LogLinker:Warning: Asset '../../../Engine/Content/Functions/Engine_MaterialFunctions02/Texturing/FlipBook.uasset' has been saved with empty engine version. The asset will be loaded but may be incompatible.
[2016.01.13-15.24.34:943][  0]LogLinker:Warning: Asset '../../../Engine/Content/Functions/Engine_MaterialFunctions02/ExampleContent/Textures/flipbook.uasset' has been saved with empty engine version. The asset will be loaded but may be incompatible.
[2016.01.13-15.24.35:234][  0]LogInit: WinSock: version 1.1 (2.2), MaxSocks=32767, MaxUdp=65467
[2016.01.13-15.24.37:397][  0]UdpMessaging: Initializing bridge on interface 0.0.0.0:0 to multicast group 230.0.0.1:6666.
[2016.01.13-15.24.37:646][  0]LogDirectoryWatcher:Warning: Failed to begin reading directory changes for C:/Users/Jimmy/git/PoliHeath/Proyecto/Binaries/Win64. Error: 0
[2016.01.13-15.24.37:894][  0]SourceControl: Info Source control is disabled
[2016.01.13-15.24.37:895][  0]SourceControl: Info Source control is disabled
[2016.01.13-15.24.37:906][  0]SourceControl: Info Source control is disabled
[2016.01.13-15.24.38:112][  0]LogObj: 22915 objects as part of root set at end of initial load.
[2016.01.13-15.24.38:113][  0]LogUObjectAllocator: 4803536 out of 0 bytes used by permanent object pool.
[2016.01.13-15.24.38:211][  0]LogEngine: Initializing Engine...
[2016.01.13-15.24.38:461][  0]LogInit: XAudio2 using 'Speakers (Realtek High Definition Audio)' : 2 channels at 48 kHz using 32 bits per sample (channel mask 0x3)
[2016.01.13-15.24.38:496][  0]LogInit: FAudioDevice initialized.
[2016.01.13-15.24.38:530][  0]LogAIModule: Creating AISystem for world NewWorld
[2016.01.13-15.24.38:576][  0]LogDerivedDataCache: Saved boot cache 0.04s 39MB C:/Users/Jimmy/AppData/Local/UnrealEngine/4.5/DerivedDataCache/Boot.ddc.
[2016.01.13-15.24.38:590][  0]LogInit: Texture streaming: Enabled
[2016.01.13-15.24.38:664][  0]LogInit: Transaction tracking system initialized
[2016.01.13-15.24.38:818][  0]BlueprintLog: New page: Editor Load
[2016.01.13-15.24.38:860][  0]LogAssetRegistry: FAssetRegistry took 0.0106 seconds to start up
[2016.01.13-15.24.38:861][  0]LogDirectoryWatcher:Warning: Failed to begin reading directory changes for ../../../Engine/Plugins/Experimental/CharacterAI/Content/. Error: 0
[2016.01.13-15.24.39:600][  0]LogTargetPlatformManager:Display: Building Assets For Windows
[2016.01.13-15.24.40:142][  0]LogTargetPlatformManager:Display: Building Assets For Windows
[2016.01.13-15.24.40:461][  0]LogConsoleResponse:Display: 
[2016.01.13-15.24.40:803][  0]SourceControl: Info Source control is disabled
[2016.01.13-15.24.40:804][  0]Cmd: MAP LOAD FILE="../../../Engine/Content/Maps/Templates/Template_Default.umap" TEMPLATE=1 SHOWPROGRESS=1
[2016.01.13-15.24.40:806][  0]LightingResults: New page: Lighting Build
[2016.01.13-15.24.40:821][  0]MapCheck: New page: Map Check
[2016.01.13-15.24.40:821][  0]LightingResults: New page: Lighting Build
[2016.01.13-15.24.40:834][  0]LogParticles: Destroying 0 GPU particle simulations for FXSystem 0x0000005DF4C81A80
[2016.01.13-15.24.41:182][  0]LogEditorServer: Finished looking for orphan Actors (0.000 secs)
[2016.01.13-15.24.41:182][  0]LogAIModule: Creating AISystem for world Untitled_1
[2016.01.13-15.24.41:183][  0]Cmd: MAP CHECKDEP
[2016.01.13-15.24.41:183][  0]MapCheck: New page: Untitled_1 - Jan 13, 2016, 5:24:41 AM
[2016.01.13-15.24.41:371][  0]MapCheck: Info Map check complete: 0 Error(s), 0 Warning(s), took 187.697ms to complete.
[2016.01.13-15.24.41:371][  0]LogFileHelpers: Loading map 'Template_Default' took 0.567
[2016.01.13-15.24.41:465][  0]LogCollectionManager: Loaded 0 collections in 0.001677 seconds
[2016.01.13-15.24.41:688][  0]LogCrashTracker: Crashtracker disabled due to settings.
[2016.01.13-15.24.41:716][  0]LogUObjectGlobals:Warning: Failed to find object 'Class None.'
[2016.01.13-15.24.41:744][  0]LogLoad: Full Startup: 19.45 seconds (BP compile: 0.10 seconds)
[2016.01.13-15.24.41:760][  0]LogContentBrowser:Verbose: The content browser source was changed by the sources view to '/Game/Niveles'
[2016.01.13-15.24.42:012][  0]LogRenderer:Warning: Reallocating scene render targets to support 936x904.
[2016.01.13-15.24.42:342][  3]LogAssetRegistry: Asset discovery search completed in 3.4923 seconds
[2016.01.13-15.24.58:547][134]LogEditorViewport: Clicking on Actor (LMB): StaticMeshActor (SM_Template_Map_Floor)
[2016.01.13-15.25.12:679][ 45]Cmd: MAP LOAD FILE="../../../../../../Users/Jimmy/git/PoliHeath/Proyecto/Content/Niveles/Nivel_1.umap" TEMPLATE=0 SHOWPROGRESS=1
[2016.01.13-15.25.12:679][ 45]LightingResults: New page: Lighting Build
[2016.01.13-15.25.12:728][ 45]LoadErrors: New page: Loading map: Nivel_1.umap
[2016.01.13-15.25.12:729][ 45]MapCheck: New page: Map Check
[2016.01.13-15.25.12:729][ 45]LightingResults: New page: Lighting Build
[2016.01.13-15.25.12:744][ 45]LogParticles: Destroying 0 GPU particle simulations for FXSystem 0x0000005DE7A90EA0
[2016.01.13-15.25.12:793][ 45]LogEditorServer: Finished looking for orphan Actors (0.000 secs)
[2016.01.13-15.25.12:793][ 45]LogAIModule: Creating AISystem for world Nivel_1
[2016.01.13-15.25.12:830][ 45]Cmd: MAP CHECKDEP
[2016.01.13-15.25.12:831][ 45]MapCheck: New page: Nivel_1 - Jan 13, 2016, 5:25:12 AM
[2016.01.13-15.25.13:014][ 45]MapCheck: Info Map check complete: 0 Error(s), 0 Warning(s), took 183.65ms to complete.
[2016.01.13-15.25.13:014][ 45]LogFileHelpers: Loading map 'Nivel_1' took 0.338
[2016.01.13-15.25.16:841][307]LogPlayLevel: PIE:  No blueprints needed recompiling
[2016.01.13-15.25.16:841][307]PIE: New page: PIE session: Nivel_1 (Jan 13, 2016, 5:25:16 AM)
[2016.01.13-15.25.16:844][307]LogPlayLevel: PIE: StaticDuplicateObject took: (0.002613s)
[2016.01.13-15.25.16:845][307]LogPlayLevel: PIE: World Init took: (0.001083s)
[2016.01.13-15.25.16:845][307]LogPlayLevel: PIE: Created PIE world by copying editor world from /Game/Niveles/Nivel_1.Nivel_1 to /Game/Niveles/UEDPIE_0_Nivel_1.Nivel_1 (0.003913s)
[2016.01.13-15.25.16:896][307]LogWorld: Game class is '2D_C'
[2016.01.13-15.25.16:899][307]LogAIModule: Creating AISystem for world Nivel_1
[2016.01.13-15.25.16:900][307]LogWorld: Bringing World /Game/Niveles/UEDPIE_0_Nivel_1.Nivel_1 up for play (max tick rate 0) at 2016.01.13-10.25.16
[2016.01.13-15.25.16:900][307]LogWorld: Bringing up level for play took: 0.000920
[2016.01.13-15.25.16:910][307]PIE: Info Play in editor start time for /Game/Niveles/UEDPIE_0_Nivel_1 0.698
[2016.01.13-15.25.19:308][446]LogTemp: MouseLeave
[2016.01.13-15.25.19:972][482]LogParticles: Destroying 0 GPU particle simulations for FXSystem 0x0000005DE77FFE20
[2016.01.13-15.26.09:922][918]LogPlayLevel: PIE:  No blueprints needed recompiling
[2016.01.13-15.26.09:922][918]PIE: New page: PIE session: Nivel_1 (Jan 13, 2016, 5:26:09 AM)
[2016.01.13-15.26.09:925][918]LogPlayLevel: PIE: StaticDuplicateObject took: (0.002580s)
[2016.01.13-15.26.09:926][918]LogPlayLevel: PIE: World Init took: (0.001041s)
[2016.01.13-15.26.09:926][918]LogPlayLevel: PIE: Created PIE world by copying editor world from /Game/Niveles/Nivel_1.Nivel_1 to /Game/Niveles/UEDPIE_0_Nivel_1.Nivel_1 (0.003840s)
[2016.01.13-15.26.09:958][918]LogWorld: Game class is '2D_C'
[2016.01.13-15.26.09:962][918]LogAIModule: Creating AISystem for world Nivel_1
[2016.01.13-15.26.09:963][918]LogWorld: Bringing World /Game/Niveles/UEDPIE_0_Nivel_1.Nivel_1 up for play (max tick rate 0) at 2016.01.13-10.26.09
[2016.01.13-15.26.09:964][918]LogWorld: Bringing up level for play took: 0.001026
[2016.01.13-15.26.09:967][918]PIE: Info Play in editor start time for /Game/Niveles/UEDPIE_0_Nivel_1 -0.245
[2016.01.13-15.26.10:701][959]LogTemp: MouseLeave
[2016.01.13-15.26.11:586][  9]LogParticles: Destroying 0 GPU particle simulations for FXSystem 0x0000005DE7879940
[2016.01.13-15.29.21:290][213]LogContentBrowser:Verbose: The content browser source was changed by the sources view to '/Game/Blueprints'
[2016.01.13-15.29.22:629][303]LogContentBrowser:Verbose: The content browser source was changed by the sources view to '/Game/Animaciones'
[2016.01.13-15.29.26:804][441]LogContentBrowser:Verbose: The content browser source was changed by the sources view to '/Game/Blueprints'
[2016.01.13-15.29.27:285][473]LogContentBrowser:Verbose: The content browser source was changed by the sources view to '/Game/Animaciones'
[2016.01.13-15.29.28:138][527]LogContentBrowser:Verbose: The content browser source was changed by the sources view to '/Game/Animaciones/Atlas'
[2016.01.13-15.29.32:143][769]LogContentBrowser:Verbose: The content browser source was changed by the sources view to '/Game/Animaciones/Atlas/Correr'
[2016.01.13-15.29.38:452][139]LogContentBrowser:Verbose: The content browser source was changed by the sources view to '/Game/Animaciones/Atlas/Reposo'
[2016.01.13-15.29.39:301][194]LogContentBrowser:Verbose: The content browser source was changed by the sources view to '/Game/Animaciones/Atlas/Saltar'
[2016.01.13-15.29.41:061][312]LogContentBrowser:Verbose: The content browser source was changed by the sources view to '/Game/Animaciones/Atlas'
[2016.01.13-15.29.45:032][585]LogContentBrowser:Verbose: The content browser source was changed by the sources view to '/Game/Animaciones'
[2016.01.13-15.29.52:378][973]LogRenderer:Warning: Reallocating scene render targets to support 1520x904.
[2016.01.13-15.29.59:700][347]LogContentBrowser:Verbose: The content browser source was changed by the sources view to '/Game/Blueprints'
[2016.01.13-15.30.00:266][386]LogContentBrowser:Verbose: The content browser source was changed by the sources view to '/Game/Niveles'
[2016.01.13-15.30.22:258][752]LogContentBrowser:Verbose: The content browser source was changed by the sources view to '/Game/Blueprints'
[2016.01.13-15.30.34:608][429]LogContentBrowser:Verbose: The content browser source was changed by the sources view to '/Game/Blueprints/Player'
[2016.01.13-15.31.25:700][834]LogSlate:Warning: GetFontFace failed to load or process 'Roboto-Regular'
[2016.01.13-15.31.25:700][834]LogSlate:Warning: GetFontFace failed to load or process 'Roboto-Regular'
[2016.01.13-15.31.25:793][834]LogSlate:Warning: GetFontFace failed to load or process 'Roboto-Regular'
[2016.01.13-15.31.25:794][834]LogSlate:Warning: GetFontFace failed to load or process 'Roboto-Regular'
[2016.01.13-15.31.25:794][834]LogSlate:Warning: GetFontFace failed to load or process 'Roboto-Regular'
[2016.01.13-15.31.25:794][834]LogSlate:Warning: GetFontFace failed to load or process 'Roboto-Regular'
[2016.01.13-15.31.25:794][834]LogSlate:Warning: GetFontFace failed to load or process 'Roboto-Regular'
[2016.01.13-15.31.25:794][834]LogSlate:Warning: GetFontFace failed to load or process 'Roboto-Regular'
[2016.01.13-15.31.25:794][834]LogSlate:Warning: GetFontFace failed to load or process 'Roboto-Regular'
[2016.01.13-15.31.25:794][834]LogSlate:Warning: GetFontFace failed to load or process 'Roboto-Regular'
[2016.01.13-15.31.25:794][834]LogSlate:Warning: GetFontFace failed to load or process 'Roboto-Regular'
[2016.01.13-15.31.25:794][834]LogSlate:Warning: GetFontFace failed to load or process 'Roboto-Regular'
[2016.01.13-15.31.25:795][834]LogSlate:Warning: GetFontFace failed to load or process 'Roboto-Regular'
[2016.01.13-15.31.25:795][834]LogSlate:Warning: GetFontFace failed to load or process 'Roboto-Regular'
[2016.01.13-15.31.25:795][834]LogSlate:Warning: GetFontFace failed to load or process 'Roboto-Regular'
[2016.01.13-15.31.25:795][834]LogSlate:Warning: GetFontFace failed to load or process 'Roboto-Regular'
[2016.01.13-15.31.25:795][834]LogSlate:Warning: GetFontFace failed to load or process 'Roboto-Regular'
[2016.01.13-15.31.25:795][834]LogSlate:Warning: GetFontFace failed to load or process 'Roboto-Regular'
[2016.01.13-15.31.25:795][834]LogSlate:Warning: GetFontFace failed to load or process 'Roboto-Regular'
[2016.01.13-15.31.35:750][ 49]LogUObjectGlobals:Warning: Failed to find object 'Object None.'
[2016.01.13-15.31.35:750][ 49]LogUObjectGlobals:Warning: Failed to find object 'Object None.'
[2016.01.13-15.31.35:751][ 49]LogUObjectGlobals:Warning: Failed to find object 'Object None.'
[2016.01.13-15.31.35:751][ 49]LogUObjectGlobals:Warning: Failed to find object 'Object None.'
[2016.01.13-15.31.35:751][ 49]LogUObjectGlobals:Warning: Failed to find object 'Object None.'
[2016.01.13-15.31.35:751][ 49]LogUObjectGlobals:Warning: Failed to find object 'Object None.'
[2016.01.13-15.31.35:751][ 49]LogUObjectGlobals:Warning: Failed to find object 'Object None.'
[2016.01.13-15.31.35:751][ 49]LogUObjectGlobals:Warning: Failed to find object 'Object None.'
[2016.01.13-15.31.35:752][ 49]LogUObjectGlobals:Warning: Failed to find object 'Object None.'
[2016.01.13-15.31.35:752][ 49]LogUObjectGlobals:Warning: Failed to find object 'Object None.'
[2016.01.13-15.31.35:752][ 49]LogUObjectGlobals:Warning: Failed to find object 'Object None.'
[2016.01.13-15.31.35:752][ 49]LogUObjectGlobals:Warning: Failed to find object 'Object None.'
[2016.01.13-15.31.35:752][ 49]LogUObjectGlobals:Warning: Failed to find object 'Object None.'
[2016.01.13-15.31.35:752][ 49]LogUObjectGlobals:Warning: Failed to find object 'Object None.'
[2016.01.13-15.31.35:752][ 49]LogUObjectGlobals:Warning: Failed to find object 'Object None.'
[2016.01.13-15.31.35:753][ 49]LogUObjectGlobals:Warning: Failed to find object 'Object None.'
[2016.01.13-15.31.35:753][ 49]LogUObjectGlobals:Warning: Failed to find object 'Object None.'
[2016.01.13-15.31.35:798][ 49]LogLinker:Warning: Can't find file '/Engine/Transient'
[2016.01.13-15.31.35:798][ 49]LogLinker: Can't find file '/Engine/Transient'
[2016.01.13-15.31.35:798][ 49]LogProperty:Warning: WeakObjectProperty /Script/Engine.EdGraphPin:EdGraphPinType.PinSubCategoryObject: unresolved reference to 'Function'/Engine/Transient.TRASHCLASS_paperChar_11:Function_14')'
[2016.01.13-15.31.35:798][ 49]LogProperty:Warning: ObjectProperty /Script/Engine.EdGraphPin:LinkedTo.LinkedTo: unresolved reference to 'EdGraphPin'"K2Node_CallFunction_53622.EdGraphPin_168"''
[2016.01.13-15.31.35:798][ 49]LogProperty:Warning: ObjectProperty /Script/Engine.EdGraphPin:LinkedTo.LinkedTo: unresolved reference to 'EdGraphPin'"K2Node_CallFunction_47375.EdGraphPin_82"''
[2016.01.13-15.31.35:799][ 49]LogProperty:Warning: ObjectProperty /Script/Engine.EdGraphPin:LinkedTo.LinkedTo: unresolved reference to 'EdGraphPin'"K2Node_CallFunction_47694.EdGraphPin_65"''
[2016.01.13-15.31.35:799][ 49]LogProperty:Warning: ObjectProperty /Script/Engine.EdGraphPin:LinkedTo.LinkedTo: unresolved reference to 'EdGraphPin'"K2Node_CallFunction_50063.EdGraphPin_136"''
[2016.01.13-15.31.35:800][ 49]LogProperty:Warning: ObjectProperty /Script/Engine.EdGraphPin:LinkedTo.LinkedTo: unresolved reference to 'EdGraphPin'"K2Node_CallFunction_50761.EdGraphPin_109"''
[2016.01.13-15.31.35:800][ 49]LogProperty:Warning: ObjectProperty /Script/Engine.EdGraphPin:LinkedTo.LinkedTo: unresolved reference to 'EdGraphPin'"K2Node_CallFunction_48507.EdGraphPin_154"''
[2016.01.13-15.31.35:801][ 49]LogProperty:Warning: ObjectProperty /Script/Engine.EdGraphPin:LinkedTo.LinkedTo: unresolved reference to 'EdGraphPin'"K2Node_IfThenElse_35.EdGraphPin_97"''
[2016.01.13-15.31.35:802][ 49]LogProperty:Warning: ObjectProperty /Script/Engine.EdGraphPin:LinkedTo.LinkedTo: unresolved reference to 'EdGraphPin'"K2Node_CallFunction_53622.EdGraphPin_169"''
[2016.01.13-15.31.35:802][ 49]LogProperty:Warning: ObjectProperty /Script/Engine.EdGraphPin:LinkedTo.LinkedTo: unresolved reference to 'EdGraphPin'"K2Node_CallFunction_50761.EdGraphPin_108"''
[2016.01.13-15.31.35:802][ 49]LogProperty:Warning: ObjectProperty /Script/Engine.EdGraphPin:LinkedTo.LinkedTo: unresolved reference to 'EdGraphPin'"K2Node_IfThenElse_37.EdGraphPin_123"''
[2016.01.13-15.31.35:803][ 49]LogProperty:Warning: ObjectProperty /Script/Engine.EdGraphPin:LinkedTo.LinkedTo: unresolved reference to 'EdGraphPin'"K2Node_CallFunction_50761.EdGraphPin_110"''
[2016.01.13-15.31.35:803][ 49]LogProperty:Warning: ObjectProperty /Script/Engine.EdGraphPin:LinkedTo.LinkedTo: unresolved reference to 'EdGraphPin'"K2Node_CallFunction_48507.EdGraphPin_155"''
[2016.01.13-15.31.35:804][ 49]LogProperty:Warning: ObjectProperty /Script/Engine.EdGraphPin:LinkedTo.LinkedTo: unresolved reference to 'EdGraphPin'"K2Node_CallFunction_50063.EdGraphPin_138"''
[2016.01.13-15.31.35:804][ 49]LogProperty:Warning: ObjectProperty /Script/Engine.EdGraphPin:LinkedTo.LinkedTo: unresolved reference to 'EdGraphPin'"K2Node_CallFunction_48507.EdGraphPin_153"''
[2016.01.13-15.31.35:806][ 49]LogLinker:Warning: Can't find file '/Engine/Transient'
[2016.01.13-15.31.35:806][ 49]LogLinker: Can't find file '/Engine/Transient'
[2016.01.13-15.31.35:806][ 49]LogProperty:Warning: WeakObjectProperty /Script/Engine.EdGraphPin:EdGraphPinType.PinSubCategoryObject: unresolved reference to 'Function'/Engine/Transient.TRASHCLASS_paperChar_11:Function_13')'
[2016.01.13-15.31.35:807][ 49]LogProperty:Warning: ObjectProperty /Script/Engine.EdGraphPin:LinkedTo.LinkedTo: unresolved reference to 'EdGraphPin'"K2Node_CallFunction_55527.EdGraphPin_177"''
[2016.01.13-15.31.35:808][ 49]LogProperty:Warning: ObjectProperty /Script/Engine.EdGraphPin:LinkedTo.LinkedTo: unresolved reference to 'EdGraphPin'"K2Node_VariableGet_499.EdGraphPin_192"''
[2016.01.13-15.31.35:808][ 49]LogProperty:Warning: ObjectProperty /Script/Engine.EdGraphPin:LinkedTo.LinkedTo: unresolved reference to 'EdGraphPin'"K2Node_Select_1.EdGraphPin_228"''
[2016.01.13-15.31.35:809][ 49]LogProperty:Warning: ObjectProperty /Script/Engine.EdGraphPin:LinkedTo.LinkedTo: unresolved reference to 'EdGraphPin'"K2Node_CallFunction_88274.EdGraphPin_205"''
[2016.01.13-15.31.35:810][ 49]LogProperty:Warning: ObjectProperty /Script/Engine.EdGraphPin:LinkedTo.LinkedTo: unresolved reference to 'EdGraphPin'"K2Node_CallFunction_88432.EdGraphPin_214"''
[2016.01.13-15.31.35:810][ 49]LogProperty:Warning: ObjectProperty /Script/Engine.EdGraphPin:LinkedTo.LinkedTo: unresolved reference to 'EdGraphPin'"K2Node_Select_1.EdGraphPin_227"''
[2016.01.13-15.31.35:811][ 49]LogLinker:Warning: Can't find file '/Game/Spritetextures/idle'
[2016.01.13-15.31.35:811][ 49]LogLinker: Can't find file '/Game/Spritetextures/idle'
[2016.01.13-15.31.35:812][ 49]LogProperty:Warning: ObjectProperty /Script/Engine.EdGraphPin:DefaultObject: unresolved reference to 'PaperFlipbook'/Game/Spritetextures/idle.idle''
[2016.01.13-15.31.35:812][ 49]LogLinker:Warning: Can't find file '/Game/Spritetextures/Walk'
[2016.01.13-15.31.35:812][ 49]LogLinker: Can't find file '/Game/Spritetextures/Walk'
[2016.01.13-15.31.35:812][ 49]LogProperty:Warning: ObjectProperty /Script/Engine.EdGraphPin:DefaultObject: unresolved reference to 'PaperFlipbook'/Game/Spritetextures/Walk.Walk''
[2016.01.13-15.31.35:908][ 49]LogActorComponent: UnregisterComponent: (/Engine/Transient.CharacterMovementComponent_0) Not registered. Aborting.
[2016.01.13-15.32.50:288][ 99]BlueprintLog: New page: Compile Player
[2016.01.13-15.32.50:310][ 99]LogBlueprint:Warning: [compiler] Warning Input Axis Event references unknown Axis 'MoveRight' for  InputAxis MoveRight 
[2016.01.13-15.32.50:373][ 99]LogBlueprint:Warning: [compiler] Warning [0508.08] Compile of Player successful, but with 1 Warning(s) [in 66 ms]
[2016.01.13-15.32.50:507][ 99]LogActorComponent: UnregisterComponent: (/Engine/Transient.CharacterMovementComponent_1) Not registered. Aborting.
[2016.01.13-15.32.50:536][ 99]LogParticles: Destroying 0 GPU particle simulations for FXSystem 0x0000005DE9812A20
[2016.01.13-15.32.50:536][ 99]LogParticles: Destroying 0 GPU particle simulations for FXSystem 0x0000005D8E2FCD60
[2016.01.13-15.32.50:537][ 99]LogParticles: Destroying 0 GPU particle simulations for FXSystem 0x0000005D8DDDB6A0
[2016.01.13-15.32.50:646][ 99]BlueprintEditorCompileResults:Warning: Warning Input Axis Event references unknown Axis 'MoveRight' for  InputAxis MoveRight 
[2016.01.13-15.32.50:646][ 99]BlueprintEditorCompileResults:Warning: Warning [0508.08] Compile of Player successful, but with 1 Warning(s) [in 66 ms]
[2016.01.13-15.35.11:559][772]LogActorComponent: UnregisterComponent: (/Engine/Transient.CharacterMovementComponent_2) Not registered. Aborting.
[2016.01.13-15.35.11:581][772]LogFileHelpers: Editor autosave (incl. sublevels) for '/Game/Niveles/Nivel_1' took 0.023
[2016.01.13-15.35.11:595][772]OBJ SavePackage: Generating thumbnails for [1] asset(s) in package [/Game/Blueprints/Player/player] ([1] browsable assets)...
[2016.01.13-15.35.11:642][772]OBJ SavePackage:     Rendered thumbnail for [Blueprint /Game/Blueprints/Player/player.Player]
[2016.01.13-15.35.11:642][772]OBJ SavePackage: Finished generating thumbnails for package [/Game/Blueprints/Player/player]
[2016.01.13-15.35.12:129][772]LogSavePackage: Save=448.332520ms
[2016.01.13-15.35.12:129][772]LogSavePackage: Moving '../../../../../../Users/Jimmy/git/PoliHeath/Proyecto/Saved/player_Auto1279D01AE4CD0102721B8D08D5A982C3D.tmp' to '../../../../../../Users/Jimmy/git/PoliHeath/Proyecto/Saved/Autosaves/Game/Blueprints/Player/player_Auto1.uasset'
[2016.01.13-15.35.12:139][772]LogFileHelpers: Auto-saving content packages took 0.558
[2016.01.13-15.36.16:218][696]Cmd: OBJ SAVEPACKAGE PACKAGE="/Game/Niveles/Nivel_1" FILE="../../../../../../Users/Jimmy/git/PoliHeath/Proyecto/Content/Niveles/Nivel_1.umap" SILENT=true AUTOSAVING=false KEEPDIRTY=false
[2016.01.13-15.36.16:250][696]LogActorComponent: UnregisterComponent: (/Engine/Transient.CharacterMovementComponent_3) Not registered. Aborting.
[2016.01.13-15.36.16:318][696]LogSavePackage: Save=35.493591ms
[2016.01.13-15.36.16:318][696]LogSavePackage: Moving '../../../../../../Users/Jimmy/git/PoliHeath/Proyecto/Saved/Nivel_1679F6AA241DDD59363457EA896EE63DB.tmp' to '../../../../../../Users/Jimmy/git/PoliHeath/Proyecto/Content/Niveles/Nivel_1.umap'
[2016.01.13-15.37.16:235][987]BlueprintLog: New page: Pre-PIE auto-recompile
[2016.01.13-15.37.16:235][987]LogPlayLevel: [PIE] Compiling Tutorial_BP_MacroLib before PIE...
[2016.01.13-15.37.16:328][987]LogParticles: Destroying 0 GPU particle simulations for FXSystem 0x0000005D8C80CEA0
[2016.01.13-15.37.16:330][987]LogPlayLevel: PIE:  Blueprint regeneration took 95 ms (1 blueprints)
[2016.01.13-15.37.16:330][987]PIE: New page: PIE session: Nivel_1 (Jan 13, 2016, 5:37:16 AM)
[2016.01.13-15.37.16:333][987]LogPlayLevel: PIE: StaticDuplicateObject took: (0.002654s)
[2016.01.13-15.37.16:334][987]LogPlayLevel: PIE: World Init took: (0.001042s)
[2016.01.13-15.37.16:334][987]LogPlayLevel: PIE: Created PIE world by copying editor world from /Game/Niveles/Nivel_1.Nivel_1 to /Game/Niveles/UEDPIE_0_Nivel_1.Nivel_1 (0.003903s)
[2016.01.13-15.37.16:371][987]LogWorld: Game class is '2D_C'
[2016.01.13-15.37.16:374][987]LogAIModule: Creating AISystem for world Nivel_1
[2016.01.13-15.37.16:375][987]LogWorld: Bringing World /Game/Niveles/UEDPIE_0_Nivel_1.Nivel_1 up for play (max tick rate 0) at 2016.01.13-10.37.16
[2016.01.13-15.37.16:375][987]LogWorld: Bringing up level for play took: 0.000856
[2016.01.13-15.37.16:379][987]PIE: Info Play in editor start time for /Game/Niveles/UEDPIE_0_Nivel_1 0.167
[2016.01.13-15.37.21:875][282]LogTemp: MouseLeave
[2016.01.13-15.37.22:458][312]LogParticles: Destroying 0 GPU particle simulations for FXSystem 0x0000005DB1A2A340
[2016.01.13-15.37.23:081][352]LogPlayLevel: PIE:  No blueprints needed recompiling
[2016.01.13-15.37.23:081][352]PIE: New page: PIE session: Nivel_1 (Jan 13, 2016, 5:37:23 AM)
[2016.01.13-15.37.23:084][352]LogPlayLevel: PIE: StaticDuplicateObject took: (0.002591s)
[2016.01.13-15.37.23:085][352]LogPlayLevel: PIE: World Init took: (0.001259s)
[2016.01.13-15.37.23:085][352]LogPlayLevel: PIE: Created PIE world by copying editor world from /Game/Niveles/Nivel_1.Nivel_1 to /Game/Niveles/UEDPIE_0_Nivel_1.Nivel_1 (0.004110s)
[2016.01.13-15.37.23:122][352]LogWorld: Game class is '2D_C'
[2016.01.13-15.37.23:126][352]LogAIModule: Creating AISystem for world Nivel_1
[2016.01.13-15.37.23:127][352]LogWorld: Bringing World /Game/Niveles/UEDPIE_0_Nivel_1.Nivel_1 up for play (max tick rate 0) at 2016.01.13-10.37.23
[2016.01.13-15.37.23:127][352]LogWorld: Bringing up level for play took: 0.000891
[2016.01.13-15.37.23:130][352]PIE: Info Play in editor start time for /Game/Niveles/UEDPIE_0_Nivel_1 0.919
[2016.01.13-15.37.47:739][715]LogTemp: MouseLeave
[2016.01.13-15.38.48:925][271]LogTemp: MouseLeave
[2016.01.13-15.38.50:251][337]LogParticles: Destroying 0 GPU particle simulations for FXSystem 0x0000005DB1A29080
[2016.01.13-15.38.54:850][552]BlueprintLog: New page: Compile Player
[2016.01.13-15.38.55:006][552]LogActorComponent: UnregisterComponent: (/Engine/Transient.CharacterMovementComponent_4) Not registered. Aborting.
[2016.01.13-15.38.55:105][552]BlueprintEditorCompileResults: Info [0872.64] Compile of Player successful! [in 66 ms]
[2016.01.13-15.38.57:251][627]Cmd: OBJ SAVEPACKAGE PACKAGE="/Game/Blueprints/Player/player" FILE="../../../../../../Users/Jimmy/git/PoliHeath/Proyecto/Content/Blueprints/Player/player.uasset" SILENT=true
[2016.01.13-15.38.57:655][627]LogSavePackage: Save=386.405884ms
[2016.01.13-15.38.57:655][627]LogSavePackage: Moving '../../../../../../Users/Jimmy/git/PoliHeath/Proyecto/Saved/player803F42DF44EE6DB2D149F6AA2AB0F4AC.tmp' to '../../../../../../Users/Jimmy/git/PoliHeath/Proyecto/Content/Blueprints/Player/player.uasset'
[2016.01.13-15.40.30:184][152]LogActorComponent: UnregisterComponent: (/Engine/Transient.CharacterMovementComponent_5) Not registered. Aborting.
[2016.01.13-15.40.30:286][156]BlueprintLog: New page: Compile Player
[2016.01.13-15.40.30:461][156]LogActorComponent: UnregisterComponent: (/Engine/Transient.CharacterMovementComponent_6) Not registered. Aborting.
[2016.01.13-15.40.30:573][156]BlueprintEditorCompileResults: Info [0968.08] Compile of Player successful! [in 66 ms]
[2016.01.13-15.40.31:344][182]Cmd: OBJ SAVEPACKAGE PACKAGE="/Game/Blueprints/Player/player" FILE="../../../../../../Users/Jimmy/git/PoliHeath/Proyecto/Content/Blueprints/Player/player.uasset" SILENT=true
[2016.01.13-15.40.31:751][182]LogSavePackage: Save=386.604675ms
[2016.01.13-15.40.31:751][182]LogSavePackage: Moving '../../../../../../Users/Jimmy/git/PoliHeath/Proyecto/Saved/player064AC3D941B01F4233357DBA7DDE9BEB.tmp' to '../../../../../../Users/Jimmy/git/PoliHeath/Proyecto/Content/Blueprints/Player/player.uasset'
[2016.01.13-15.40.43:142][450]LogPlayLevel: PIE:  No blueprints needed recompiling
[2016.01.13-15.40.43:142][450]PIE: New page: PIE session: Nivel_1 (Jan 13, 2016, 5:40:43 AM)
[2016.01.13-15.40.43:145][450]LogPlayLevel: PIE: StaticDuplicateObject took: (0.002784s)
[2016.01.13-15.40.43:146][450]LogPlayLevel: PIE: World Init took: (0.001006s)
[2016.01.13-15.40.43:146][450]LogPlayLevel: PIE: Created PIE world by copying editor world from /Game/Niveles/Nivel_1.Nivel_1 to /Game/Niveles/UEDPIE_0_Nivel_1.Nivel_1 (0.004019s)
[2016.01.13-15.40.43:178][450]LogWorld: Game class is '2D_C'
[2016.01.13-15.40.43:182][450]LogAIModule: Creating AISystem for world Nivel_1
[2016.01.13-15.40.43:182][450]LogWorld: Bringing World /Game/Niveles/UEDPIE_0_Nivel_1.Nivel_1 up for play (max tick rate 0) at 2016.01.13-10.40.43
[2016.01.13-15.40.43:183][450]LogWorld: Bringing up level for play took: 0.000881
[2016.01.13-15.40.43:186][450]PIE: Info Play in editor start time for /Game/Niveles/UEDPIE_0_Nivel_1 0.974
[2016.01.13-15.40.52:150][957]LogTemp: MouseLeave
[2016.01.13-15.40.52:155][957]LogTemp: MouseLeave
[2016.01.13-15.41.00:032][495]LogTemp: MouseLeave
[2016.01.13-15.41.02:862][646]LogTemp: MouseLeave
[2016.01.13-15.41.04:520][668]LogTemp: MouseLeave
[2016.01.13-15.41.08:023][688]LogTemp: MouseLeave
[2016.01.13-15.41.12:023][700]LogTemp: MouseLeave
[2016.01.13-15.41.37:690][777]LogTemp: MouseLeave
[2016.01.13-15.41.39:023][781]LogTemp: MouseLeave
[2016.01.13-15.41.49:688][813]LogActorComponent: UnregisterComponent: (/Engine/Transient.CharacterMovementComponent_7) Not registered. Aborting.
[2016.01.13-15.42.06:356][863]LogTemp: MouseLeave
[2016.01.13-15.42.46:690][984]LogTemp: MouseLeave
[2016.01.13-15.42.50:356][995]LogTemp: MouseLeave
[2016.01.13-15.42.54:690][  8]LogTemp: MouseLeave
[2016.01.13-15.42.57:690][ 17]LogTemp: MouseLeave
[2016.01.13-15.43.33:023][123]LogTemp: MouseLeave
[2016.01.13-15.43.53:356][184]LogTemp: MouseLeave
[2016.01.13-15.44.21:356][268]LogTemp: MouseLeave
[2016.01.13-15.44.25:024][279]LogTemp: MouseLeave
[2016.01.13-15.44.27:893][356]LogTemp: MouseLeave
[2016.01.13-15.44.28:169][372]LogTemp: MouseLeave
[2016.01.13-15.44.29:550][455]LogContentBrowser:Verbose: The content browser source was changed by the sources view to '/Game/Animaciones'
[2016.01.13-15.44.30:822][531]LogContentBrowser:Verbose: The content browser source was changed by the sources view to '/Game/Blueprints'
[2016.01.13-15.44.32:354][625]LogContentBrowser:Verbose: The content browser source was changed by the sources view to '/Game/Niveles'
[2016.01.13-15.44.33:493][696]LogContentBrowser:Verbose: The content browser source was changed by the sources view to '/Game/Animaciones/Atlas'
[2016.01.13-15.44.34:235][741]LogContentBrowser:Verbose: The content browser source was changed by the sources view to '/Game/Blueprints'
[2016.01.13-15.44.37:174][910]LogContentBrowser:Verbose: The content browser source was changed by the sources view to '/Game/Blueprints/Player'
[2016.01.13-15.44.38:612][996]LogContentBrowser:Verbose: The content browser source was changed by the sources view to '/Game/Blueprints'
[2016.01.13-15.44.39:427][ 46]LogContentBrowser:Verbose: The content browser source was changed by the sources view to '/Game/Animaciones/Atlas'
[2016.01.13-15.44.40:610][118]LogContentBrowser:Verbose: The content browser source was changed by the sources view to '/Game/Animaciones'
[2016.01.13-15.44.41:774][188]LogContentBrowser:Verbose: The content browser source was changed by the sources view to '/Game'
[2016.01.13-15.44.45:456][410]LogTemp: MouseLeave
[2016.01.13-15.44.46:471][470]LogSelection:Warning: PIE object was selected: "CameraActor /Game/Niveles/UEDPIE_0_Nivel_1.Nivel_1:PersistentLevel.CameraActor_4"
[2016.01.13-15.44.52:354][809]LogActorComponent: UnregisterComponent: (/Engine/Transient.CharacterMovementComponent_8) Not registered. Aborting.
[2016.01.13-15.45.12:169][ 56]LogTemp: MouseLeave
[2016.01.13-15.45.12:568][ 79]LogTemp: MouseLeave
[2016.01.13-15.45.15:025][219]LogContentBrowser:Verbose: The content browser source was changed by the sources view to '/Game/Blueprints/Player'
[2016.01.13-15.45.16:722][311]LogTemp: MouseLeave
[2016.01.13-15.45.30:183][ 85]LogSelection:Warning: PIE object was selected: "Brush /Game/Niveles/UEDPIE_0_Nivel_1.Nivel_1:PersistentLevel.BoxPincel"
[2016.01.13-15.45.31:482][159]LogSelection:Warning: PIE object was selected: "CameraActor /Game/Niveles/UEDPIE_0_Nivel_1.Nivel_1:PersistentLevel.CameraActor_4"
[2016.01.13-15.45.32:101][186]LogSelection:Warning: PIE object was selected: "DirectionalLight /Game/Niveles/UEDPIE_0_Nivel_1.Nivel_1:PersistentLevel.DirectionalLight_1"
[2016.01.13-15.45.32:836][220]LogSelection:Warning: PIE object was selected: "GameNetworkManager /Game/Niveles/UEDPIE_0_Nivel_1.Nivel_1:PersistentLevel.GameNetworkManager_5"
[2016.01.13-15.45.33:608][269]LogSelection:Warning: PIE object was selected: "GameSession /Game/Niveles/UEDPIE_0_Nivel_1.Nivel_1:PersistentLevel.GameSession_4"
[2016.01.13-15.45.38:291][572]LogSelection:Warning: PIE object was selected: "HUD /Game/Niveles/UEDPIE_0_Nivel_1.Nivel_1:PersistentLevel.HUD_4"
[2016.01.13-15.45.43:580][925]LogSelection:Warning: PIE object was selected: "Player_C /Game/Niveles/UEDPIE_0_Nivel_1.Nivel_1:PersistentLevel.Player_C_10"
[2016.01.13-15.45.44:576][972]LogSelection:Warning: PIE object was selected: "PlayerCameraManager /Game/Niveles/UEDPIE_0_Nivel_1.Nivel_1:PersistentLevel.PlayerCameraManager_4"
[2016.01.13-15.45.45:364][ 10]LogSelection:Warning: PIE object was selected: "PlayerController /Game/Niveles/UEDPIE_0_Nivel_1.Nivel_1:PersistentLevel.PlayerController_4"
[2016.01.13-15.45.46:443][ 67]LogSelection:Warning: PIE object was selected: "PlayerState /Game/Niveles/UEDPIE_0_Nivel_1.Nivel_1:PersistentLevel.PlayerState_8"
[2016.01.13-15.45.47:869][159]LogSelection:Warning: PIE object was selected: "PlayerStart /Game/Niveles/UEDPIE_0_Nivel_1.Nivel_1:PersistentLevel.PlayerStart_1"
[2016.01.13-15.45.48:406][188]LogSelection:Warning: PIE object was selected: "PlayerController /Game/Niveles/UEDPIE_0_Nivel_1.Nivel_1:PersistentLevel.PlayerController_4"
[2016.01.13-15.45.56:149][614]LogTemp: MouseLeave
[2016.01.13-15.45.56:788][647]LogActorComponent: UnregisterComponent: (/Engine/Transient.CharacterMovementComponent_9) Not registered. Aborting.
[2016.01.13-15.45.56:815][647]LogReferenceChain: Searching referencers for Nivel_1. This may take several minutes.
[2016.01.13-15.45.56:946][647]LogReferenceChain: Generating reference graph ...
[2016.01.13-15.45.56:951][647]LogReferenceChain: Level 0 has 10 nodes ...
[2016.01.13-15.45.56:958][647]LogReferenceChain: Level 1 added 39 nodes ...
[2016.01.13-15.45.56:966][647]LogReferenceChain: Level 2 added 91 nodes ...
[2016.01.13-15.45.56:973][647]LogReferenceChain: Level 3 added 66 nodes ...
[2016.01.13-15.45.56:980][647]LogReferenceChain: Level 4 added 10 nodes ...
[2016.01.13-15.45.56:987][647]LogReferenceChain: Level 5 added 0 nodes ...
[2016.01.13-15.45.56:987][647]LogReferenceChain: Generating reference chains ...
[2016.01.13-15.45.56:987][647]LogReferenceChain:   
[2016.01.13-15.45.56:987][647]LogReferenceChain: External Referencers:
[2016.01.13-15.45.56:987][647]LogReferenceChain:   
[2016.01.13-15.45.56:987][647]LogReferenceChain: (root) UnrealEdEngine /Engine/Transient.UnrealEdEngine_0->Trans
[2016.01.13-15.45.57:748][647]LogReferenceChain:   TransBuffer /Engine/Transient.TransBuffer_0->UE4Editor-UnrealEd.dll!UnknownFunction (0x00007ffdb5a86140) + 0 bytes [UnknownFile:0]
[2016.01.13-15.45.57:748][647]LogReferenceChain:     PlayerStart /Game/Niveles/UEDPIE_0_Nivel_1.Nivel_1:PersistentLevel.PlayerStart_1->Outer
[2016.01.13-15.45.57:749][647]LogReferenceChain:       Level /Game/Niveles/UEDPIE_0_Nivel_1.Nivel_1:PersistentLevel->OwningWorld
[2016.01.13-15.45.57:749][647]LogReferenceChain:         (target) World /Game/Niveles/UEDPIE_0_Nivel_1.Nivel_1
[2016.01.13-15.45.57:749][647]LogReferenceChain:   
[2016.01.13-15.45.57:749][647]LogReferenceChain: (root) UnrealEdEngine /Engine/Transient.UnrealEdEngine_0->Trans
[2016.01.13-15.45.57:749][647]LogReferenceChain:   TransBuffer /Engine/Transient.TransBuffer_0->UE4Editor-UnrealEd.dll!UnknownFunction (0x00007ffdb5a86140) + 0 bytes [UnknownFile:0]
[2016.01.13-15.45.57:749][647]LogReferenceChain:     (PendingKill) PlayerState /Game/Niveles/UEDPIE_0_Nivel_1.Nivel_1:PersistentLevel.PlayerState_8->Outer
[2016.01.13-15.45.57:749][647]LogReferenceChain:       Level /Game/Niveles/UEDPIE_0_Nivel_1.Nivel_1:PersistentLevel->OwningWorld
[2016.01.13-15.45.57:749][647]LogReferenceChain:         (target) World /Game/Niveles/UEDPIE_0_Nivel_1.Nivel_1
[2016.01.13-15.45.57:749][647]LogReferenceChain:   
[2016.01.13-15.45.57:749][647]LogReferenceChain: (root) UnrealEdEngine /Engine/Transient.UnrealEdEngine_0->Trans
[2016.01.13-15.45.57:749][647]LogReferenceChain:   TransBuffer /Engine/Transient.TransBuffer_0->UE4Editor-UnrealEd.dll!UnknownFunction (0x00007ffdb5a86140) + 0 bytes [UnknownFile:0]
[2016.01.13-15.45.57:749][647]LogReferenceChain:     (PendingKill) PlayerController /Game/Niveles/UEDPIE_0_Nivel_1.Nivel_1:PersistentLevel.PlayerController_4->Outer
[2016.01.13-15.45.57:749][647]LogReferenceChain:       Level /Game/Niveles/UEDPIE_0_Nivel_1.Nivel_1:PersistentLevel->OwningWorld
[2016.01.13-15.45.57:749][647]LogReferenceChain:         (target) World /Game/Niveles/UEDPIE_0_Nivel_1.Nivel_1
[2016.01.13-15.45.57:749][647]LogReferenceChain:   
[2016.01.13-15.45.57:749][647]LogReferenceChain: (root) UnrealEdEngine /Engine/Transient.UnrealEdEngine_0->Trans
[2016.01.13-15.45.57:749][647]LogReferenceChain:   TransBuffer /Engine/Transient.TransBuffer_0->UE4Editor-UnrealEd.dll!UnknownFunction (0x00007ffdb5a86140) + 0 bytes [UnknownFile:0]
[2016.01.13-15.45.57:749][647]LogReferenceChain:     (PendingKill) PlayerCameraManager /Game/Niveles/UEDPIE_0_Nivel_1.Nivel_1:PersistentLevel.PlayerCameraManager_4->Outer
[2016.01.13-15.45.57:749][647]LogReferenceChain:       Level /Game/Niveles/UEDPIE_0_Nivel_1.Nivel_1:PersistentLevel->OwningWorld
[2016.01.13-15.45.57:749][647]LogReferenceChain:         (target) World /Game/Niveles/UEDPIE_0_Nivel_1.Nivel_1
[2016.01.13-15.45.57:749][647]LogReferenceChain:   
[2016.01.13-15.45.57:749][647]LogReferenceChain: (root) UnrealEdEngine /Engine/Transient.UnrealEdEngine_0->Trans
[2016.01.13-15.45.57:749][647]LogReferenceChain:   TransBuffer /Engine/Transient.TransBuffer_0->UE4Editor-UnrealEd.dll!UnknownFunction (0x00007ffdb5a86140) + 0 bytes [UnknownFile:0]
[2016.01.13-15.45.57:749][647]LogReferenceChain:     Player_C /Game/Niveles/UEDPIE_0_Nivel_1.Nivel_1:PersistentLevel.Player_C_10->Outer
[2016.01.13-15.45.57:749][647]LogReferenceChain:       Level /Game/Niveles/UEDPIE_0_Nivel_1.Nivel_1:PersistentLevel->OwningWorld
[2016.01.13-15.45.57:749][647]LogReferenceChain:         (target) World /Game/Niveles/UEDPIE_0_Nivel_1.Nivel_1
[2016.01.13-15.45.57:749][647]LogReferenceChain:   
[2016.01.13-15.45.57:749][647]LogReferenceChain: (root) UnrealEdEngine /Engine/Transient.UnrealEdEngine_0->Trans
[2016.01.13-15.45.57:749][647]LogReferenceChain:   TransBuffer /Engine/Transient.TransBuffer_0->UE4Editor-UnrealEd.dll!UnknownFunction (0x00007ffdb5a86140) + 0 bytes [UnknownFile:0]
[2016.01.13-15.45.57:749][647]LogReferenceChain:     (PendingKill) HUD /Game/Niveles/UEDPIE_0_Nivel_1.Nivel_1:PersistentLevel.HUD_4->Outer
[2016.01.13-15.45.57:749][647]LogReferenceChain:       Level /Game/Niveles/UEDPIE_0_Nivel_1.Nivel_1:PersistentLevel->OwningWorld
[2016.01.13-15.45.57:749][647]LogReferenceChain:         (target) World /Game/Niveles/UEDPIE_0_Nivel_1.Nivel_1
[2016.01.13-15.45.57:749][647]LogReferenceChain:   
[2016.01.13-15.45.57:749][647]LogReferenceChain: (root) UnrealEdEngine /Engine/Transient.UnrealEdEngine_0->Trans
[2016.01.13-15.45.57:749][647]LogReferenceChain:   TransBuffer /Engine/Transient.TransBuffer_0->UE4Editor-UnrealEd.dll!UnknownFunction (0x00007ffdb5a86140) + 0 bytes [UnknownFile:0]
[2016.01.13-15.45.57:750][647]LogReferenceChain:     GameSession /Game/Niveles/UEDPIE_0_Nivel_1.Nivel_1:PersistentLevel.GameSession_4->Outer
[2016.01.13-15.45.57:750][647]LogReferenceChain:       Level /Game/Niveles/UEDPIE_0_Nivel_1.Nivel_1:PersistentLevel->OwningWorld
[2016.01.13-15.45.57:750][647]LogReferenceChain:         (target) World /Game/Niveles/UEDPIE_0_Nivel_1.Nivel_1
[2016.01.13-15.45.57:750][647]LogReferenceChain:   
[2016.01.13-15.45.57:750][647]LogReferenceChain: (root) UnrealEdEngine /Engine/Transient.UnrealEdEngine_0->Trans
[2016.01.13-15.45.57:750][647]LogReferenceChain:   TransBuffer /Engine/Transient.TransBuffer_0->UE4Editor-UnrealEd.dll!UnknownFunction (0x00007ffdb5a86140) + 0 bytes [UnknownFile:0]
[2016.01.13-15.45.57:750][647]LogReferenceChain:     GameNetworkManager /Game/Niveles/UEDPIE_0_Nivel_1.Nivel_1:PersistentLevel.GameNetworkManager_5->Outer
[2016.01.13-15.45.57:750][647]LogReferenceChain:       Level /Game/Niveles/UEDPIE_0_Nivel_1.Nivel_1:PersistentLevel->OwningWorld
[2016.01.13-15.45.57:750][647]LogReferenceChain:         (target) World /Game/Niveles/UEDPIE_0_Nivel_1.Nivel_1
[2016.01.13-15.45.57:750][647]LogReferenceChain:   
[2016.01.13-15.45.57:750][647]LogReferenceChain: (root) UnrealEdEngine /Engine/Transient.UnrealEdEngine_0->Trans
[2016.01.13-15.45.57:750][647]LogReferenceChain:   TransBuffer /Engine/Transient.TransBuffer_0->UE4Editor-UnrealEd.dll!UnknownFunction (0x00007ffdb5a86140) + 0 bytes [UnknownFile:0]
[2016.01.13-15.45.57:750][647]LogReferenceChain:     DirectionalLight /Game/Niveles/UEDPIE_0_Nivel_1.Nivel_1:PersistentLevel.DirectionalLight_1->Outer
[2016.01.13-15.45.57:750][647]LogReferenceChain:       Level /Game/Niveles/UEDPIE_0_Nivel_1.Nivel_1:PersistentLevel->OwningWorld
[2016.01.13-15.45.57:750][647]LogReferenceChain:         (target) World /Game/Niveles/UEDPIE_0_Nivel_1.Nivel_1
[2016.01.13-15.45.57:750][647]LogReferenceChain:   
[2016.01.13-15.45.57:750][647]LogReferenceChain: (root) UnrealEdEngine /Engine/Transient.UnrealEdEngine_0->Trans
[2016.01.13-15.45.57:750][647]LogReferenceChain:   TransBuffer /Engine/Transient.TransBuffer_0->UE4Editor-UnrealEd.dll!UnknownFunction (0x00007ffdb5a86140) + 0 bytes [UnknownFile:0]
[2016.01.13-15.45.57:750][647]LogReferenceChain:     Brush /Game/Niveles/UEDPIE_0_Nivel_1.Nivel_1:PersistentLevel.BoxPincel->Outer
[2016.01.13-15.45.57:750][647]LogReferenceChain:       Level /Game/Niveles/UEDPIE_0_Nivel_1.Nivel_1:PersistentLevel->OwningWorld
[2016.01.13-15.45.57:750][647]LogReferenceChain:         (target) World /Game/Niveles/UEDPIE_0_Nivel_1.Nivel_1
[2016.01.13-15.45.57:750][647]LogReferenceChain:   
[2016.01.13-15.45.57:750][647]LogReferenceChain: (root) UnrealEdEngine /Engine/Transient.UnrealEdEngine_0->Trans
[2016.01.13-15.45.57:750][647]LogReferenceChain:   TransBuffer /Engine/Transient.TransBuffer_0->UE4Editor-UnrealEd.dll!UnknownFunction (0x00007ffdb5a86140) + 0 bytes [UnknownFile:0]
[2016.01.13-15.45.57:750][647]LogReferenceChain:     (PendingKill) CameraActor /Game/Niveles/UEDPIE_0_Nivel_1.Nivel_1:PersistentLevel.CameraActor_4->Outer
[2016.01.13-15.45.57:750][647]LogReferenceChain:       Level /Game/Niveles/UEDPIE_0_Nivel_1.Nivel_1:PersistentLevel->OwningWorld
[2016.01.13-15.45.57:750][647]LogReferenceChain:         (target) World /Game/Niveles/UEDPIE_0_Nivel_1.Nivel_1
[2016.01.13-15.45.57:884][647]LogWindows:Error: Windows GetLastError: The operation completed successfully. (0)
[2016.01.13-15.45.57:983][647]LogCrashTracker: 


[2016.01.13-15.46.05:343][647]LogCrashTracker: 


[2016.01.13-15.46.05:343][647]LogWindows: === Critical error: ===
Fatal error: [File:D:\BuildFarm\buildmachine_++depot+UE4-Releases+4.5\Engine\Source\Developer\MessageLog\Private\Model\MessageLogListingModel.cpp] [Line: 70] 
Critical Error GameplayDebuggingComponent /Game/Niveles/UEDPIE_0_Nivel_1.Nivel_1:PersistentLevel.GameplayDebuggingReplicator_Global.GameplayDebuggingComponent_9 Object from PIE level still referenced. Shortest path from root:    (Object is not currently rooted)



KERNELBASE.dll!UnknownFunction (0x00007ffdde985bf8) + 0 bytes [UnknownFile:0]
UE4Editor-Core.dll!UnknownFunction (0x00007ffdbbd671c4) + 0 bytes [UnknownFile:0]
UE4Editor-Core.dll!UnknownFunction (0x00007ffdbbbf979f) + 0 bytes [UnknownFile:0]
UE4Editor-MessageLog.dll!UnknownFunction (0x00007ffdb12aae15) + 0 bytes [UnknownFile:0]
UE4Editor-MessageLog.dll!UnknownFunction (0x00007ffdb12aaf0f) + 0 bytes [UnknownFile:0]
UE4Editor-Core.dll!UnknownFunction (0x00007ffdbbb671e5) + 0 bytes [UnknownFile:0]
UE4Editor-UnrealEd.dll!UnknownFunction (0x00007ffdb5c1aa86) + 0 bytes [UnknownFile:0]
UE4Editor-UnrealEd.dll!UnknownFunction (0x00007ffdb59ef964) + 0 bytes [UnknownFile:0]
UE4Editor-UnrealEd.dll!UnknownFunction (0x00007ffdb5e4f966) + 0 bytes [UnknownFile:0]
UE4Editor.exe!FEngineLoop::Tick() (0x00007ff7b26ea8f4) + 0 bytes [d:\buildfarm\buildmachine_++depot+ue4-releases+4.5\engine\source\runtime\launch\private\launchengineloop.cpp:2129]
UE4Editor.exe!GuardedMain() (0x00007ff7b26df9df) + 0 bytes [d:\buildfarm\buildmachine_++depot+ue4-releases+4.5\engine\source\runtime\launch\private\launch.cpp:133]
UE4Editor.exe!GuardedMainWrapper() (0x00007ff7b26dfa4a) + 5 bytes [d:\buildfarm\buildmachine_++depot+ue4-releases+4.5\engine\source\runtime\launch\private\windows\launchwindows.cpp:125]
UE4Editor.exe!WinMain() (0x00007ff7b26ebf19) + 17 bytes [d:\buildfarm\buildmachine_++depot+ue4-releases+4.5\engine\source\runtime\launch\private\windows\launchwindows.cpp:201]
UE4Editor.exe!__tmainCRTStartup() (0x00007ff7b26ecdc9) + 21 bytes [f:\dd\vctools\crt\crtw32\dllstuff\crtexe.c:618]
KERNEL32.DLL!UnknownFunction (0x00007ffddeae16ad) + 0 bytes [UnknownFile:0]
ntdll.dll!UnknownFunction (0x00007ffde12d4629) + 0 bytes [UnknownFile:0]
ntdll.dll!UnknownFunction (0x00007ffde12d4629) + 0 bytes [UnknownFile:0]


[2016.01.13-15.46.05:588][647]LogExit: Executing StaticShutdownAfterError
[2016.01.13-15.46.05:632][647]LogWindows: FPlatformMisc::RequestExit(1)
[2016.01.13-15.46.05:632][647]Log file closed, 01/13/16 10:46:05
