Log file open, 01/24/16 20:31:40
LogInit:Display: Running engine for game: Proyecto
LogInit: Version: 4.5.1-2336687+++depot+UE4-Releases+4.5
LogInit: API Version: 2326478
LogInit: Compiled (64-bit): Oct 21 2014 22:32:40
LogInit: Compiled with Visual C++: 18.00.21005.01
LogInit: Build Configuration: Development
LogInit: Branch Name: ++depot+UE4-Releases+4.5
LogInit: Command line:  
LogInit: Base directory: C:/Program Files (x86)/Epic Games/4.5/Engine/Binaries/Win64/
LogInit: Rocket: 1
[2016.01.25-01.31.40:631][  0]LogTaskGraph: Started task graph with 3 named threads and 4 total threads.
[2016.01.25-01.31.40:666][  0]LogOnline:Warning: No default platform service specified for OnlineSubsystem
[2016.01.25-01.31.40:716][  0]LogInit: Presizing for 0 objects not considered by GC, pre-allocating 0 bytes.
[2016.01.25-01.31.40:729][  0]LogInit: Object subsystem initialized
[2016.01.25-01.31.40:734][  0]LogConsoleResponse:Warning: Skipping Unknown console variable: 'UIScaleRule = ShortestSide'
[2016.01.25-01.31.40:734][  0]LogConsoleResponse:Warning:   Found in ini file 'C:/Users/user/Documents/GitHub/PoliHeath/Proyecto/Saved/Config/Windows/Engine.ini', in section '[/Script/Engine.RendererSettings]'
[2016.01.25-01.31.40:734][  0]LogConsoleResponse:Warning: Skipping Unknown console variable: 'UIScaleCurve = (EditorCurveData=(Keys=((Time=480.000000,Value=0.444000),(Time=720.000000,Value=0.666000),(Time=1080.000000,Value=1.000000),(Time=8640.000000,Value=8.000000))),ExternalCurve=None)'
[2016.01.25-01.31.40:734][  0]LogConsoleResponse:Warning:   Found in ini file 'C:/Users/user/Documents/GitHub/PoliHeath/Proyecto/Saved/Config/Windows/Engine.ini', in section '[/Script/Engine.RendererSettings]'
[2016.01.25-01.31.40:735][  0]LogInit: Selected Device Profile: [Windows]
[2016.01.25-01.31.40:735][  0]LogInit: Applying CVar settings loaded from the selected device profile: [Windows]
[2016.01.25-01.31.40:750][  0]LogInit: Computer: DANNY
[2016.01.25-01.31.40:750][  0]LogInit: User: user
[2016.01.25-01.31.40:753][  0]LogInit: CPU Page size=4096, Cores=2
[2016.01.25-01.31.40:753][  0]LogInit: High frequency timer resolution =1.656318 MHz
[2016.01.25-01.31.40:753][  0]LogMemory: Memory total: Physical=7.9GB (8GB approx) Virtual=131072.0GB
[2016.01.25-01.31.40:754][  0]LogMemory: Platform Memory Stats for Windows
[2016.01.25-01.31.40:754][  0]LogMemory: Process Physical Memory: 61.83 MB used, 61.83 MB peak
[2016.01.25-01.31.40:754][  0]LogMemory: Process Virtual Memory: 39.33 MB used, 39.33 MB peak
[2016.01.25-01.31.40:754][  0]LogMemory: Physical Memory: 5465.93 MB used, 8096.02 MB total
[2016.01.25-01.31.40:754][  0]LogMemory: Virtual Memory: 278.50 MB used, 134217728.00 MB total
[2016.01.25-01.31.40:894][  0]LogD3D11RHI: Found D3D11 adapter 0: Intel(R) HD Graphics Family (Feature Level 11_0)
[2016.01.25-01.31.40:894][  0]LogD3D11RHI: Adapter has 0MB of dedicated video memory, 0MB of dedicated system memory, and 1792MB of shared system memory, 1 output[s]
[2016.01.25-01.31.40:897][  0]LogD3D11RHI: Found D3D11 adapter 1: Microsoft Basic Render Driver (Feature Level 11_0)
[2016.01.25-01.31.40:897][  0]LogD3D11RHI: Adapter has 0MB of dedicated video memory, 0MB of dedicated system memory, and 256MB of shared system memory, 0 output[s]
[2016.01.25-01.31.40:897][  0]LogD3D11RHI: Chosen D3D11 Adapter Id = 0
[2016.01.25-01.31.40:904][  0]LogRHI: Texture pool is 627 MB (70% of 896 MB)
[2016.01.25-01.31.40:913][  0]LogD3D11RHI: Async texture creation enabled
[2016.01.25-01.31.41:661][  0]LogTextLocalizationManager: The requested culture ('es_ES') has no localization data; parent culture's ('es') localization data will be used.
[2016.01.25-01.31.41:793][  0]LogContentStreaming: Texture pool size is 0.000000MB
[2016.01.25-01.31.52:547][  0]LogTargetPlatformManager:Display: Building Assets For Windows
[2016.01.25-01.31.53:238][  0]LogTargetPlatformManager:Display: Building Assets For Windows
[2016.01.25-01.31.53:325][  0]LogDerivedDataCache:Display: Max Cache Size: 512 MB
[2016.01.25-01.31.54:084][  0]LogDerivedDataCache: Loaded boot cache 0.75s 39MB C:/Users/user/AppData/Local/UnrealEngine/4.5/DerivedDataCache/Boot.ddc.
[2016.01.25-01.31.54:084][  0]LogDerivedDataCache:Display: Loaded Boot cache: C:/Users/user/AppData/Local/UnrealEngine/4.5/DerivedDataCache/Boot.ddc
[2016.01.25-01.31.54:084][  0]LogDerivedDataCache: FDerivedDataBackendGraph:  Pak pak cache file ../../../../../../Users/user/Documents/GitHub/PoliHeath/Proyecto/DerivedDataCache/DDC.ddp not found, will not use a pak cache.
[2016.01.25-01.31.54:084][  0]LogDerivedDataCache: Unable to find inner node Pak for hierarchical cache Hierarchy.
[2016.01.25-01.31.54:223][  0]LogDerivedDataCache:Display: Pak cache opened for reading ../../../Engine/DerivedDataCache/DDC.ddp.
[2016.01.25-01.31.54:262][  0]LogDerivedDataCache: Using Local data cache path C:/Users/user/AppData/Local/UnrealEngine/Common/DerivedDataCache: Writable
[2016.01.25-01.32.01:050][  0]LogMeshUtilities: No automatic mesh reduction module available
[2016.01.25-01.32.01:050][  0]LogMeshUtilities: No automatic mesh merging module available
[2016.01.25-01.32.03:578][  0]LogLinker:Warning: Asset '../../../Engine/Content/Functions/Engine_MaterialFunctions02/Texturing/FlipBook.uasset' has been saved with empty engine version. The asset will be loaded but may be incompatible.
[2016.01.25-01.32.03:709][  0]LogLinker:Warning: Asset '../../../Engine/Content/Functions/Engine_MaterialFunctions02/ExampleContent/Textures/flipbook.uasset' has been saved with empty engine version. The asset will be loaded but may be incompatible.
[2016.01.25-01.32.06:152][  0]LogInit: WinSock: version 1.1 (2.2), MaxSocks=32767, MaxUdp=65467
[2016.01.25-01.32.27:346][  0]UdpMessaging: Initializing bridge on interface 0.0.0.0:0 to multicast group 230.0.0.1:6666.
[2016.01.25-01.32.28:333][  0]LogDirectoryWatcher:Warning: Failed to begin reading directory changes for C:/Users/user/Documents/GitHub/PoliHeath/Proyecto/Binaries/Win64. Error: 0
[2016.01.25-01.32.29:694][  0]SourceControl: Info Source control is disabled
[2016.01.25-01.32.29:694][  0]SourceControl: Info Source control is disabled
[2016.01.25-01.32.29:705][  0]SourceControl: Info Source control is disabled
[2016.01.25-01.32.30:489][  0]LogObj: 22915 objects as part of root set at end of initial load.
[2016.01.25-01.32.30:489][  0]LogUObjectAllocator: 4803536 out of 0 bytes used by permanent object pool.
[2016.01.25-01.32.31:102][  0]LogEngine: Initializing Engine...
[2016.01.25-01.32.31:775][  0]LogInit: XAudio2 using 'Speakers / Headphones (Realtek High Definition Audio)' : 2 channels at 48 kHz using 32 bits per sample (channel mask 0x3)
[2016.01.25-01.32.32:390][  0]LogInit: FAudioDevice initialized.
[2016.01.25-01.32.32:767][  0]LogAIModule: Creating AISystem for world NewWorld
[2016.01.25-01.32.33:047][  0]LogDerivedDataCache: Saved boot cache 0.07s 39MB C:/Users/user/AppData/Local/UnrealEngine/4.5/DerivedDataCache/Boot.ddc.
[2016.01.25-01.32.33:076][  0]LogInit: Texture streaming: Enabled
[2016.01.25-01.32.33:351][  0]LogInit: Transaction tracking system initialized
[2016.01.25-01.32.33:891][  0]BlueprintLog: New page: Cargar el editor
[2016.01.25-01.32.34:175][  0]LogAssetRegistry: FAssetRegistry took 0.0130 seconds to start up
[2016.01.25-01.32.34:176][  0]LogDirectoryWatcher:Warning: Failed to begin reading directory changes for ../../../Engine/Plugins/Experimental/CharacterAI/Content/. Error: 0
[2016.01.25-01.32.37:384][  0]LogTargetPlatformManager:Display: Building Assets For Windows
[2016.01.25-01.32.37:962][  0]LogTargetPlatformManager:Display: Building Assets For Windows
[2016.01.25-01.32.41:986][  0]LogConsoleResponse:Display: 
[2016.01.25-01.32.46:189][  0]SourceControl: Info Source control is disabled
[2016.01.25-01.32.46:301][  0]Cmd: MAP LOAD FILE="../../../../../../Users/user/Documents/GitHub/PoliHeath/Proyecto/Content/Niveles/Nivel_1.umap" TEMPLATE=0 SHOWPROGRESS=1
[2016.01.25-01.32.46:370][  0]LightingResults: New page: Diseñar la iluminación
[2016.01.25-01.32.46:762][  0]MapCheck: New page: Revisión del mapa
[2016.01.25-01.32.46:762][  0]LightingResults: New page: Diseñar la iluminación
[2016.01.25-01.32.47:116][  0]LogParticles: Destroying 0 GPU particle simulations for FXSystem 0x00000038010CD4E0
[2016.01.25-01.32.49:713][  0]LogTexture:Display: Building textures: caminar-personaje-video2_alpha (BGRA8)
[2016.01.25-01.32.49:919][  0]LogTexture:Display: Building textures: zombie2_alpha (BGRA8)
[2016.01.25-01.32.50:210][  0]LogTexture:Display: Building textures: floor (BGRA8)
[2016.01.25-01.32.50:596][  0]LogTexture:Display: Building textures: background (BGRA8)
[2016.01.25-01.32.51:334][  0]LogEditorServer: Finished looking for orphan Actors (0.000 secs)
[2016.01.25-01.32.51:428][  0]LogAIModule: Creating AISystem for world Nivel_1
[2016.01.25-01.32.51:453][  0]Cmd: MAP CHECKDEP
[2016.01.25-01.32.51:520][  0]MapCheck: New page: Nivel_1 - 24/1/2016 15:32:51
[2016.01.25-01.32.51:845][  0]MapCheck: Info Map check complete: 0 Error(s), 0 Warning(s), took 392,248ms to complete.
[2016.01.25-01.32.51:845][  0]LogFileHelpers: Loading map 'Nivel_1' took 5.608
[2016.01.25-01.32.54:568][  0]LogCollectionManager: Loaded 0 collections in 0.001742 seconds
[2016.01.25-01.32.58:038][  0]LogCrashTracker: Crashtracker disabled due to settings.
[2016.01.25-01.32.58:547][  0]LogUObjectGlobals:Warning: Failed to find object 'Class None.'
[2016.01.25-01.32.58:885][  0]LogLoad: Full Startup: 81.21 seconds (BP compile: 0.93 seconds)
[2016.01.25-01.32.58:961][  0]LogContentBrowser:Verbose: The content browser source was changed by the sources view to '/Game/Blueprints/Player'
[2016.01.25-01.33.00:648][  0]LogRenderer:Warning: Reallocating scene render targets to support 808x592.
[2016.01.25-01.33.05:566][196]LogAssetRegistry: Asset discovery search completed in 31.4037 seconds
[2016.01.25-01.33.23:323][102]LogPlayLevel: PIE:  No blueprints needed recompiling
[2016.01.25-01.33.23:323][102]PIE: New page: Sesión PIE (reproducción en el editor): Nivel_1 (24/1/2016 15:33:23)
[2016.01.25-01.33.23:352][102]LogPlayLevel: PIE: StaticDuplicateObject took: (0.001853s)
[2016.01.25-01.33.23:353][102]LogPlayLevel: PIE: World Init took: (0.001200s)
[2016.01.25-01.33.23:354][102]LogPlayLevel: PIE: Created PIE world by copying editor world from /Game/Niveles/Nivel_1.Nivel_1 to /Game/Niveles/UEDPIE_0_Nivel_1.Nivel_1 (0.003416s)
[2016.01.25-01.33.23:450][102]LogWorld: Game class is '2D_C'
[2016.01.25-01.33.23:464][102]LogAIModule: Creating AISystem for world Nivel_1
[2016.01.25-01.33.23:464][102]LogWorld: Bringing World /Game/Niveles/UEDPIE_0_Nivel_1.Nivel_1 up for play (max tick rate 0) at 2016.01.24-20.33.23
[2016.01.25-01.33.23:476][102]LogWorld: Bringing up level for play took: 0.012376
[2016.01.25-01.33.23:628][102]PIE: Info Tiempo de inicio de la reproducción en el editor para  /Game/Niveles/UEDPIE_0_Nivel_1 -0,242
[2016.01.25-01.33.57:333][ 22]LogTemp: MouseLeave
[2016.01.25-01.33.58:518][ 58]LogActorComponent: UnregisterComponent: (/Engine/Transient.CharacterMovementComponent_0) Not registered. Aborting.
[2016.01.25-01.33.58:557][ 58]LogParticles: Destroying 0 GPU particle simulations for FXSystem 0x0000001C83253EC0
[2016.01.25-01.33.59:667][115]LogPlayLevel: PIE:  No blueprints needed recompiling
[2016.01.25-01.33.59:668][115]PIE: New page: Sesión PIE (reproducción en el editor): Nivel_1 (24/1/2016 15:33:59)
[2016.01.25-01.33.59:670][115]LogPlayLevel: PIE: StaticDuplicateObject took: (0.001824s)
[2016.01.25-01.33.59:670][115]LogPlayLevel: PIE: World Init took: (0.000656s)
[2016.01.25-01.33.59:671][115]LogPlayLevel: PIE: Created PIE world by copying editor world from /Game/Niveles/Nivel_1.Nivel_1 to /Game/Niveles/UEDPIE_0_Nivel_1.Nivel_1 (0.002745s)
[2016.01.25-01.33.59:706][115]LogWorld: Game class is '2D_C'
[2016.01.25-01.33.59:707][115]LogAIModule: Creating AISystem for world Nivel_1
[2016.01.25-01.33.59:708][115]LogWorld: Bringing World /Game/Niveles/UEDPIE_0_Nivel_1.Nivel_1 up for play (max tick rate 0) at 2016.01.24-20.33.59
[2016.01.25-01.33.59:709][115]LogWorld: Bringing up level for play took: 0.001111
[2016.01.25-01.33.59:712][115]PIE: Info Tiempo de inicio de la reproducción en el editor para  /Game/Niveles/UEDPIE_0_Nivel_1 -0,157
[2016.01.25-01.34.17:423][598]LogTemp: MouseLeave
[2016.01.25-01.34.18:643][630]LogParticles: Destroying 0 GPU particle simulations for FXSystem 0x0000001CFB8A7B00
[2016.01.25-01.34.46:234][704]Cmd: BRUSH ADD SELECTNEWBRUSH
[2016.01.25-01.35.31:638][ 91]LogEditorViewport: Clicking on Actor (LMB): PaperSpriteActor (floor_sprite)
[2016.01.25-01.35.36:062][340]LogPlayLevel: PIE:  No blueprints needed recompiling
[2016.01.25-01.35.36:063][340]PIE: New page: Sesión PIE (reproducción en el editor): Nivel_1 (24/1/2016 15:35:36)
[2016.01.25-01.35.36:067][340]LogPlayLevel: PIE: StaticDuplicateObject took: (0.004360s)
[2016.01.25-01.35.36:068][340]LogPlayLevel: PIE: World Init took: (0.001016s)
[2016.01.25-01.35.36:068][340]LogPlayLevel: PIE: Created PIE world by copying editor world from /Game/Niveles/Nivel_1.Nivel_1 to /Game/Niveles/UEDPIE_0_Nivel_1.Nivel_1 (0.005652s)
[2016.01.25-01.35.36:103][340]LogWorld: Game class is '2D_C'
[2016.01.25-01.35.36:105][340]LogAIModule: Creating AISystem for world Nivel_1
[2016.01.25-01.35.36:106][340]LogWorld: Bringing World /Game/Niveles/UEDPIE_0_Nivel_1.Nivel_1 up for play (max tick rate 0) at 2016.01.24-20.35.36
[2016.01.25-01.35.36:106][340]LogWorld: Bringing up level for play took: 0.001191
[2016.01.25-01.35.36:109][340]PIE: Info Tiempo de inicio de la reproducción en el editor para  /Game/Niveles/UEDPIE_0_Nivel_1 0,24
[2016.01.25-01.35.49:790][705]LogTemp: MouseLeave
[2016.01.25-01.35.50:875][726]LogTemp: MouseLeave
[2016.01.25-01.36.23:214][823]LogTemp: MouseLeave
[2016.01.25-01.36.24:880][828]LogTemp: MouseLeave
[2016.01.25-01.36.36:211][862]LogActorComponent: UnregisterComponent: (/Engine/Transient.CharacterMovementComponent_1) Not registered. Aborting.
[2016.01.25-01.38.33:220][213]LogTemp: MouseLeave
[2016.01.25-01.38.41:346][419]LogTemp: MouseLeave
[2016.01.25-01.38.42:012][435]LogParticles: Destroying 0 GPU particle simulations for FXSystem 0x0000001CFD8EE2A0
[2016.01.25-01.39.04:691][701]LogEditorViewport: Clicking on Actor (LMB): Brush (Box Pincel)
[2016.01.25-01.39.06:552][799]LogEditorViewport: Clicking Background
[2016.01.25-01.39.15:846][303]LogEditorViewport: Clicking Background
[2016.01.25-01.39.27:247][792]LogEditorViewport: Clicking on Actor (LMB): PlayerStart (PlayerStart)
[2016.01.25-01.39.31:975][ 20]LogEditorViewport: Clicking on Actor (LMB): PaperSpriteActor (floor_sprite)
[2016.01.25-01.39.38:975][414]LogEditorViewport: Clicking on Actor (LMB): PaperSpriteActor (floor_sprite)
[2016.01.25-01.39.46:187][780]LogEditorViewport: Clicking Background
[2016.01.25-01.39.54:209][206]LogEditorViewport: Clicking Background
[2016.01.25-01.39.59:203][520]LogEditorViewport: Clicking on Actor (LMB): PaperSpriteActor (floor_sprite)
[2016.01.25-01.40.00:659][609]LogEditorViewport: Clicking on Actor (LMB): PaperSpriteActor (Sp_Background)
[2016.01.25-01.40.01:621][667]LogEditorViewport: Clicking on Actor (LMB): PaperSpriteActor (floor_sprite)
[2016.01.25-01.40.02:819][736]LogPlayLevel: PIE:  No blueprints needed recompiling
[2016.01.25-01.40.02:819][736]PIE: New page: Sesión PIE (reproducción en el editor): Nivel_1 (24/1/2016 15:40:02)
[2016.01.25-01.40.02:822][736]LogPlayLevel: PIE: StaticDuplicateObject took: (0.002856s)
[2016.01.25-01.40.02:823][736]LogPlayLevel: PIE: World Init took: (0.001194s)
[2016.01.25-01.40.02:823][736]LogPlayLevel: PIE: Created PIE world by copying editor world from /Game/Niveles/Nivel_1.Nivel_1 to /Game/Niveles/UEDPIE_0_Nivel_1.Nivel_1 (0.004409s)
[2016.01.25-01.40.02:853][736]LogWorld: Game class is '2D_C'
[2016.01.25-01.40.02:855][736]LogAIModule: Creating AISystem for world Nivel_1
[2016.01.25-01.40.02:856][736]LogWorld: Bringing World /Game/Niveles/UEDPIE_0_Nivel_1.Nivel_1 up for play (max tick rate 0) at 2016.01.24-20.40.02
[2016.01.25-01.40.02:856][736]LogWorld: Bringing up level for play took: 0.001163
[2016.01.25-01.40.02:860][736]PIE: Info Tiempo de inicio de la reproducción en el editor para  /Game/Niveles/UEDPIE_0_Nivel_1 0,991
[2016.01.25-01.40.11:620][971]LogTemp: MouseLeave
[2016.01.25-01.40.12:325][987]LogParticles: Destroying 0 GPU particle simulations for FXSystem 0x0000001CFD50C900
[2016.01.25-01.40.26:940][639]LogEditorViewport: Clicking Background
[2016.01.25-01.40.28:012][710]LogPlayLevel: PIE:  No blueprints needed recompiling
[2016.01.25-01.40.28:013][710]PIE: New page: Sesión PIE (reproducción en el editor): Nivel_1 (24/1/2016 15:40:28)
[2016.01.25-01.40.28:018][710]LogPlayLevel: PIE: StaticDuplicateObject took: (0.005725s)
[2016.01.25-01.40.28:019][710]LogPlayLevel: PIE: World Init took: (0.000805s)
[2016.01.25-01.40.28:020][710]LogPlayLevel: PIE: Created PIE world by copying editor world from /Game/Niveles/Nivel_1.Nivel_1 to /Game/Niveles/UEDPIE_0_Nivel_1.Nivel_1 (0.006775s)
[2016.01.25-01.40.28:053][710]LogWorld: Game class is '2D_C'
[2016.01.25-01.40.28:055][710]LogAIModule: Creating AISystem for world Nivel_1
[2016.01.25-01.40.28:056][710]LogWorld: Bringing World /Game/Niveles/UEDPIE_0_Nivel_1.Nivel_1 up for play (max tick rate 0) at 2016.01.24-20.40.28
[2016.01.25-01.40.28:056][710]LogWorld: Bringing up level for play took: 0.001222
[2016.01.25-01.40.28:059][710]PIE: Info Tiempo de inicio de la reproducción en el editor para  /Game/Niveles/UEDPIE_0_Nivel_1 0,19
[2016.01.25-01.40.31:161][792]LogTemp: MouseLeave
[2016.01.25-01.40.40:311][ 45]LogParticles: Destroying 0 GPU particle simulations for FXSystem 0x0000001CFD5D4AE0
[2016.01.25-01.40.40:890][ 76]LogPlayLevel: PIE:  No blueprints needed recompiling
[2016.01.25-01.40.40:891][ 76]PIE: New page: Sesión PIE (reproducción en el editor): Nivel_1 (24/1/2016 15:40:40)
[2016.01.25-01.40.40:895][ 76]LogPlayLevel: PIE: StaticDuplicateObject took: (0.003930s)
[2016.01.25-01.40.40:896][ 76]LogPlayLevel: PIE: World Init took: (0.000926s)
[2016.01.25-01.40.40:896][ 76]LogPlayLevel: PIE: Created PIE world by copying editor world from /Game/Niveles/Nivel_1.Nivel_1 to /Game/Niveles/UEDPIE_0_Nivel_1.Nivel_1 (0.005122s)
[2016.01.25-01.40.40:925][ 76]LogWorld: Game class is '2D_C'
[2016.01.25-01.40.40:927][ 76]LogAIModule: Creating AISystem for world Nivel_1
[2016.01.25-01.40.40:928][ 76]LogWorld: Bringing World /Game/Niveles/UEDPIE_0_Nivel_1.Nivel_1 up for play (max tick rate 0) at 2016.01.24-20.40.40
[2016.01.25-01.40.40:928][ 76]LogWorld: Bringing up level for play took: 0.001248
[2016.01.25-01.40.40:932][ 76]PIE: Info Tiempo de inicio de la reproducción en el editor para  /Game/Niveles/UEDPIE_0_Nivel_1 -0,937
[2016.01.25-01.40.58:223][560]LogTemp: MouseLeave
[2016.01.25-01.40.59:162][587]LogParticles: Destroying 0 GPU particle simulations for FXSystem 0x0000001CFD8BF600
[2016.01.25-01.41.28:286][  6]LogEditorViewport: Clicking Background
[2016.01.25-01.41.44:229][652]LogEditorViewport: Clicking Background
[2016.01.25-01.41.48:654][889]LogEditorViewport: Clicking Background
[2016.01.25-01.41.57:426][ 75]LogPlayLevel: PIE:  No blueprints needed recompiling
[2016.01.25-01.41.57:426][ 75]PIE: New page: Sesión PIE (reproducción en el editor): Nivel_1 (24/1/2016 15:41:57)
[2016.01.25-01.41.57:431][ 75]LogPlayLevel: PIE: StaticDuplicateObject took: (0.005164s)
[2016.01.25-01.41.57:433][ 75]LogPlayLevel: PIE: World Init took: (0.001092s)
[2016.01.25-01.41.57:433][ 75]LogPlayLevel: PIE: Created PIE world by copying editor world from /Game/Niveles/Nivel_1.Nivel_1 to /Game/Niveles/UEDPIE_0_Nivel_1.Nivel_1 (0.006583s)
[2016.01.25-01.41.57:465][ 75]LogWorld: Game class is '2D_C'
[2016.01.25-01.41.57:467][ 75]LogAIModule: Creating AISystem for world Nivel_1
[2016.01.25-01.41.57:468][ 75]LogWorld: Bringing World /Game/Niveles/UEDPIE_0_Nivel_1.Nivel_1 up for play (max tick rate 0) at 2016.01.24-20.41.57
[2016.01.25-01.41.57:469][ 75]LogWorld: Bringing up level for play took: 0.001253
[2016.01.25-01.41.57:472][ 75]PIE: Info Tiempo de inicio de la reproducción en el editor para  /Game/Niveles/UEDPIE_0_Nivel_1 -0,397
[2016.01.25-01.41.59:901][139]LogTemp: MouseLeave
[2016.01.25-01.42.09:985][415]LogTemp: MouseLeave
[2016.01.25-01.42.10:843][439]LogActorComponent: UnregisterComponent: (/Engine/Transient.CharacterMovementComponent_2) Not registered. Aborting.
[2016.01.25-01.42.10:887][439]LogParticles: Destroying 0 GPU particle simulations for FXSystem 0x0000001C874FA480
[2016.01.25-01.42.12:152][506]LogPlayLevel: PIE:  No blueprints needed recompiling
[2016.01.25-01.42.12:152][506]PIE: New page: Sesión PIE (reproducción en el editor): Nivel_1 (24/1/2016 15:42:12)
[2016.01.25-01.42.12:156][506]LogPlayLevel: PIE: StaticDuplicateObject took: (0.003103s)
[2016.01.25-01.42.12:157][506]LogPlayLevel: PIE: World Init took: (0.001297s)
[2016.01.25-01.42.12:157][506]LogPlayLevel: PIE: Created PIE world by copying editor world from /Game/Niveles/Nivel_1.Nivel_1 to /Game/Niveles/UEDPIE_0_Nivel_1.Nivel_1 (0.004660s)
[2016.01.25-01.42.12:191][506]LogWorld: Game class is '2D_C'
[2016.01.25-01.42.12:193][506]LogAIModule: Creating AISystem for world Nivel_1
[2016.01.25-01.42.12:195][506]LogWorld: Bringing World /Game/Niveles/UEDPIE_0_Nivel_1.Nivel_1 up for play (max tick rate 0) at 2016.01.24-20.42.12
[2016.01.25-01.42.12:195][506]LogWorld: Bringing up level for play took: 0.001654
[2016.01.25-01.42.12:199][506]PIE: Info Tiempo de inicio de la reproducción en el editor para  /Game/Niveles/UEDPIE_0_Nivel_1 0,33
[2016.01.25-01.42.21:381][760]LogTemp: MouseLeave
[2016.01.25-01.42.23:783][828]LogParticles: Destroying 0 GPU particle simulations for FXSystem 0x0000001C874F9EE0
[2016.01.25-01.42.50:757][ 77]LogPlayLevel: PIE:  No blueprints needed recompiling
[2016.01.25-01.42.50:757][ 77]PIE: New page: Sesión PIE (reproducción en el editor): Nivel_1 (24/1/2016 15:42:50)
[2016.01.25-01.42.50:762][ 77]LogPlayLevel: PIE: StaticDuplicateObject took: (0.005133s)
[2016.01.25-01.42.50:763][ 77]LogPlayLevel: PIE: World Init took: (0.000837s)
[2016.01.25-01.42.50:764][ 77]LogPlayLevel: PIE: Created PIE world by copying editor world from /Game/Niveles/Nivel_1.Nivel_1 to /Game/Niveles/UEDPIE_0_Nivel_1.Nivel_1 (0.006240s)
[2016.01.25-01.42.50:796][ 77]LogWorld: Game class is '2D_C'
[2016.01.25-01.42.50:798][ 77]LogAIModule: Creating AISystem for world Nivel_1
[2016.01.25-01.42.50:799][ 77]LogWorld: Bringing World /Game/Niveles/UEDPIE_0_Nivel_1.Nivel_1 up for play (max tick rate 0) at 2016.01.24-20.42.50
[2016.01.25-01.42.50:799][ 77]LogWorld: Bringing up level for play took: 0.001313
[2016.01.25-01.42.50:803][ 77]PIE: Info Tiempo de inicio de la reproducción en el editor para  /Game/Niveles/UEDPIE_0_Nivel_1 0,933
[2016.01.25-01.42.51:432][ 93]LogTemp: MouseLeave
[2016.01.25-01.43.12:610][668]LogTemp: MouseLeave
[2016.01.25-01.43.13:917][704]LogParticles: Destroying 0 GPU particle simulations for FXSystem 0x0000001CFD8BFF60
[2016.01.25-01.44.13:785][365]Cmd: EDIT COPY
[2016.01.25-01.44.13:982][371]Cmd: EDIT PASTE
[2016.01.25-01.44.27:768][ 18]Cmd: EDIT PASTE
[2016.01.25-01.44.27:783][ 18]LogUObjectHash:Warning: Ambiguous search, could be Model /Game/Niveles/Nivel_1.Nivel_1:PersistentLevel.BoxPincel_2.Model_4 or Model /Game/Niveles/Nivel_1.Nivel_1:PersistentLevel.BoxPincel.Model_4
[2016.01.25-01.44.57:191][536]Cmd: TRANSACTION UNDO
[2016.01.25-01.44.57:192][536]LogEditorTransaction: Undo Escalar actores
[2016.01.25-01.45.10:017][228]Cmd: TRANSACTION UNDO
[2016.01.25-01.45.10:017][228]LogEditorTransaction: Undo Editar Y
[2016.01.25-01.45.13:534][390]Cmd: TRANSACTION UNDO
[2016.01.25-01.45.13:534][390]LogEditorTransaction: Undo Editar Z
[2016.01.25-01.46.19:049][ 27]LogPlayLevel: PIE:  No blueprints needed recompiling
[2016.01.25-01.46.19:050][ 27]PIE: New page: Sesión PIE (reproducción en el editor): Nivel_1 (24/1/2016 15:46:19)
[2016.01.25-01.46.19:055][ 27]LogPlayLevel: PIE: StaticDuplicateObject took: (0.005153s)
[2016.01.25-01.46.19:056][ 27]LogPlayLevel: PIE: World Init took: (0.000982s)
[2016.01.25-01.46.19:056][ 27]LogPlayLevel: PIE: Created PIE world by copying editor world from /Game/Niveles/Nivel_1.Nivel_1 to /Game/Niveles/UEDPIE_0_Nivel_1.Nivel_1 (0.006408s)
[2016.01.25-01.46.19:092][ 27]LogWorld: Game class is '2D_C'
[2016.01.25-01.46.19:094][ 27]LogAIModule: Creating AISystem for world Nivel_1
[2016.01.25-01.46.19:095][ 27]LogWorld: Bringing World /Game/Niveles/UEDPIE_0_Nivel_1.Nivel_1 up for play (max tick rate 0) at 2016.01.24-20.46.19
[2016.01.25-01.46.19:095][ 27]LogWorld: Bringing up level for play took: 0.001320
[2016.01.25-01.46.19:099][ 27]PIE: Info Tiempo de inicio de la reproducción en el editor para  /Game/Niveles/UEDPIE_0_Nivel_1 -0,77
[2016.01.25-01.46.36:512][504]LogTemp: MouseLeave
[2016.01.25-01.46.48:734][843]LogTemp: MouseLeave
[2016.01.25-01.46.49:892][866]LogTemp: MouseLeave
[2016.01.25-01.47.01:560][901]LogTemp: MouseLeave
[2016.01.25-01.47.15:966][283]LogTemp: MouseLeave
[2016.01.25-01.47.16:255][291]LogTemp: MouseLeave
[2016.01.25-01.47.18:870][314]LogTemp: MouseLeave
[2016.01.25-01.48.25:537][514]LogTemp: MouseLeave
[2016.01.25-01.48.28:538][523]LogTemp: MouseLeave
[2016.01.25-01.48.35:897][545]LogTemp: MouseLeave
[2016.01.25-01.49.06:582][637]LogTemp: MouseLeave
[2016.01.25-01.49.17:582][670]LogTemp: MouseLeave
[2016.01.25-01.49.40:920][740]LogTemp: MouseLeave
[2016.01.25-01.49.57:590][790]LogTemp: MouseLeave
[2016.01.25-01.50.08:259][822]LogTemp: MouseLeave
[2016.01.25-01.50.50:935][950]LogTemp: MouseLeave
[2016.01.25-01.51.04:280][990]LogTemp: MouseLeave
[2016.01.25-01.51.30:947][ 70]LogTemp: MouseLeave
[2016.01.25-01.51.32:946][ 76]LogTemp: MouseLeave
[2016.01.25-01.51.46:281][116]LogTemp: MouseLeave
[2016.01.25-01.52.19:012][214]LogTemp: MouseLeave
[2016.01.25-01.52.21:011][220]LogTemp: MouseLeave
[2016.01.25-01.53.22:012][403]LogTemp: MouseLeave
[2016.01.25-01.53.24:011][409]LogTemp: MouseLeave
[2016.01.25-01.53.26:344][416]LogTemp: MouseLeave
[2016.01.25-01.53.30:012][427]LogTemp: MouseLeave
[2016.01.25-01.53.37:679][450]LogTemp: MouseLeave
[2016.01.25-01.54.32:347][614]LogTemp: MouseLeave
[2016.01.25-01.54.41:013][640]LogTemp: MouseLeave
[2016.01.25-01.54.42:014][643]LogTemp: MouseLeave
[2016.01.25-01.55.13:407][531]LogTemp: MouseLeave
[2016.01.25-01.55.14:745][566]LogParticles: Destroying 0 GPU particle simulations for FXSystem 0x0000001C82526160
[2016.01.25-01.55.32:218][137]LogEditorViewport: Clicking on Actor (LMB): PaperSpriteActor (Sp_Background)
[2016.01.25-01.55.33:074][173]LogEditorViewport: Clicking on Actor (LMB): PaperSpriteActor (floor_sprite)
[2016.01.25-01.55.57:266][571]LogEditorViewport: Clicking Background
[2016.01.25-01.56.12:282][490]Cmd: DELETE
[2016.01.25-01.56.12:282][490]Cmd: ACTOR DELETE
[2016.01.25-01.56.12:323][490]LogEditorActor: Deleted Actor: Brush
[2016.01.25-01.56.12:363][490]LogEditorActor: Deleted 1 Actors (0.053 secs)
[2016.01.25-01.56.13:455][555]Cmd: DELETE
[2016.01.25-01.56.13:455][555]Cmd: ACTOR DELETE
[2016.01.25-01.56.13:455][555]LogEditorActor: Deleted Actor: Brush
[2016.01.25-01.56.13:499][555]LogEditorActor: Deleted 1 Actors (0.044 secs)
[2016.01.25-01.56.27:100][515]Cmd: TRANSACTION UNDO
[2016.01.25-01.56.27:100][515]LogEditorTransaction: Undo Eliminar actores
[2016.01.25-01.56.31:004][701]Cmd: TRANSACTION UNDO
[2016.01.25-01.56.31:004][701]LogEditorTransaction: Undo Mover los actores
[2016.01.25-01.57.16:627][ 76]LogEditorViewport: Clicking on Actor (LMB): PaperSpriteActor (Sp_Background)
[2016.01.25-01.57.25:598][581]LogSavePackage: Save=36.424770ms
[2016.01.25-01.57.25:598][581]LogSavePackage: Moving '../../../../../../Users/user/Documents/GitHub/PoliHeath/Proyecto/Saved/Nivel_1_Auto1F0E6528D4B055AE67B290B9E503D987C.tmp' to '../../../../../../Users/user/Documents/GitHub/PoliHeath/Proyecto/Saved/Autosaves/Game/Niveles/Nivel_1_Auto1.umap'
[2016.01.25-01.57.25:612][581]LogFileHelpers: Editor autosave (incl. sublevels) for '/Game/Niveles/Nivel_1' took 0.124
[2016.01.25-01.57.25:612][581]LogFileHelpers: Editor autosave (incl. sublevels) for all levels took 0.124
[2016.01.25-01.57.36:256][ 76]LogEditorViewport: Clicking on Actor (LMB): PaperSpriteActor (Sp_Background)
[2016.01.25-01.57.42:952][429]LogEditorViewport: Clicking on Actor (LMB): PaperSpriteActor (Sp_Background)
[2016.01.25-01.57.47:756][684]LogEditorViewport: Clicking on Actor (LMB): PaperSpriteActor (Sp_Background)
[2016.01.25-01.57.50:088][815]LogEditorViewport: Clicking on Actor (LMB): PaperSpriteActor (Sp_Background)
[2016.01.25-01.57.50:658][846]LogEditorViewport: Clicking Background
[2016.01.25-01.58.06:686][667]Cmd: TRANSACTION UNDO
[2016.01.25-01.58.06:686][667]LogEditorTransaction: Undo Mover los actores
[2016.01.25-01.58.10:422][846]LogEditorViewport: Clicking Background
[2016.01.25-01.58.15:771][226]LogPlayLevel: PIE:  No blueprints needed recompiling
[2016.01.25-01.58.15:771][226]PIE: New page: Sesión PIE (reproducción en el editor): Nivel_1 (24/1/2016 15:58:15)
[2016.01.25-01.58.15:776][226]LogPlayLevel: PIE: StaticDuplicateObject took: (0.004998s)
[2016.01.25-01.58.15:777][226]LogPlayLevel: PIE: World Init took: (0.000945s)
[2016.01.25-01.58.15:777][226]LogPlayLevel: PIE: Created PIE world by copying editor world from /Game/Niveles/Nivel_1.Nivel_1 to /Game/Niveles/UEDPIE_0_Nivel_1.Nivel_1 (0.006216s)
[2016.01.25-01.58.15:810][226]LogWorld: Game class is '2D_C'
[2016.01.25-01.58.15:812][226]LogAIModule: Creating AISystem for world Nivel_1
[2016.01.25-01.58.15:813][226]LogWorld: Bringing World /Game/Niveles/UEDPIE_0_Nivel_1.Nivel_1 up for play (max tick rate 0) at 2016.01.24-20.58.15
[2016.01.25-01.58.15:813][226]LogWorld: Bringing up level for play took: 0.001660
[2016.01.25-01.58.15:818][226]PIE: Info Tiempo de inicio de la reproducción en el editor para  /Game/Niveles/UEDPIE_0_Nivel_1 -0,051
[2016.01.25-01.58.38:346][845]LogTemp: MouseLeave
[2016.01.25-01.58.39:024][863]LogParticles: Destroying 0 GPU particle simulations for FXSystem 0x0000001CFD8ECCC0
[2016.01.25-01.59.29:033][117]LogEditorViewport: Clicking on Actor (LMB): PaperSpriteActor (Sp_Background)
[2016.01.25-01.59.30:667][209]LogEditorViewport: Clicking on Actor (LMB): PaperSpriteActor (Sp_Background)
[2016.01.25-01.59.32:380][282]LogEditorViewport: Clicking on Actor (LMB): PaperSpriteActor (Sp_Background)
[2016.01.25-01.59.33:923][357]LogPlayLevel: PIE:  No blueprints needed recompiling
[2016.01.25-01.59.33:924][357]PIE: New page: Sesión PIE (reproducción en el editor): Nivel_1 (24/1/2016 15:59:33)
[2016.01.25-01.59.33:928][357]LogPlayLevel: PIE: StaticDuplicateObject took: (0.003688s)
[2016.01.25-01.59.33:929][357]LogPlayLevel: PIE: World Init took: (0.000948s)
[2016.01.25-01.59.33:929][357]LogPlayLevel: PIE: Created PIE world by copying editor world from /Game/Niveles/Nivel_1.Nivel_1 to /Game/Niveles/UEDPIE_0_Nivel_1.Nivel_1 (0.004899s)
[2016.01.25-01.59.33:960][357]LogWorld: Game class is '2D_C'
[2016.01.25-01.59.33:962][357]LogAIModule: Creating AISystem for world Nivel_1
[2016.01.25-01.59.33:963][357]LogWorld: Bringing World /Game/Niveles/UEDPIE_0_Nivel_1.Nivel_1 up for play (max tick rate 0) at 2016.01.24-20.59.33
[2016.01.25-01.59.33:964][357]LogWorld: Bringing up level for play took: 0.001598
[2016.01.25-01.59.33:967][357]PIE: Info Tiempo de inicio de la reproducción en el editor para  /Game/Niveles/UEDPIE_0_Nivel_1 0,098
[2016.01.25-01.59.36:772][432]LogTemp: MouseLeave
[2016.01.25-01.59.45:628][674]LogTemp: MouseLeave
[2016.01.25-01.59.46:653][700]LogParticles: Destroying 0 GPU particle simulations for FXSystem 0x0000001C88886480
[2016.01.25-02.00.36:046][921]LogEditorViewport: Clicking Background
[2016.01.25-02.00.39:445][133]LogActorComponent: UnregisterComponent: (/Engine/Transient.CharacterMovementComponent_3) Not registered. Aborting.
[2016.01.25-02.00.39:765][133]Cmd: OBJ SAVEPACKAGE PACKAGE="/Game/Niveles/Nivel_1" FILE="../../../../../../Users/user/Documents/GitHub/PoliHeath/Proyecto/Content/Niveles/Nivel_1.umap" SILENT=true AUTOSAVING=false KEEPDIRTY=false
[2016.01.25-02.00.39:828][133]LogSavePackage: Save=31.923820ms
[2016.01.25-02.00.39:828][133]LogSavePackage: Moving '../../../../../../Users/user/Documents/GitHub/PoliHeath/Proyecto/Saved/Nivel_15CFFBD1B4794E2793707E59AFF018F54.tmp' to '../../../../../../Users/user/Documents/GitHub/PoliHeath/Proyecto/Content/Niveles/Nivel_1.umap'
[2016.01.25-02.00.39:897][133]LogFileHelpers: Saving map 'Nivel_1' took 0.376
[2016.01.25-02.03.32:525][ 71]LogActorComponent: UnregisterComponent: (/Engine/Transient.CharacterMovementComponent_4) Not registered. Aborting.
[2016.01.25-02.03.38:056][421]LogPlayLevel: PIE:  No blueprints needed recompiling
[2016.01.25-02.03.38:057][421]PIE: New page: Sesión PIE (reproducción en el editor): Nivel_1 (24/1/2016 16:03:38)
[2016.01.25-02.03.38:060][421]LogPlayLevel: PIE: StaticDuplicateObject took: (0.003288s)
[2016.01.25-02.03.38:061][421]LogPlayLevel: PIE: World Init took: (0.001005s)
[2016.01.25-02.03.38:061][421]LogPlayLevel: PIE: Created PIE world by copying editor world from /Game/Niveles/Nivel_1.Nivel_1 to /Game/Niveles/UEDPIE_0_Nivel_1.Nivel_1 (0.004553s)
[2016.01.25-02.03.38:094][421]LogWorld: Game class is '2D_C'
[2016.01.25-02.03.38:096][421]LogAIModule: Creating AISystem for world Nivel_1
[2016.01.25-02.03.38:097][421]LogWorld: Bringing World /Game/Niveles/UEDPIE_0_Nivel_1.Nivel_1 up for play (max tick rate 0) at 2016.01.24-21.03.38
[2016.01.25-02.03.38:097][421]LogWorld: Bringing up level for play took: 0.001347
[2016.01.25-02.03.38:101][421]PIE: Info Tiempo de inicio de la reproducción en el editor para  /Game/Niveles/UEDPIE_0_Nivel_1 0,232
[2016.01.25-02.05.19:121][178]LogTemp: MouseLeave
[2016.01.25-02.05.19:340][184]LogTemp: MouseLeave
[2016.01.25-02.05.21:022][222]LogTemp: MouseLeave
[2016.01.25-02.05.27:354][241]LogTemp: MouseLeave
[2016.01.25-02.05.28:020][243]LogTemp: MouseLeave
[2016.01.25-02.05.32:694][257]LogTemp: MouseLeave
[2016.01.25-02.06.21:693][404]LogTemp: MouseLeave
[2016.01.25-02.06.23:360][409]LogTemp: MouseLeave
[2016.01.25-02.11.16:715][289]LogTemp: MouseLeave
[2016.01.25-02.11.19:383][297]LogTemp: MouseLeave
[2016.01.25-02.11.21:728][304]LogTemp: MouseLeave
[2016.01.25-02.11.24:392][312]LogTemp: MouseLeave
[2016.01.25-02.11.26:032][325]LogTemp: MouseLeave
[2016.01.25-02.11.27:707][349]LogParticles: Destroying 0 GPU particle simulations for FXSystem 0x0000001C8C4ACD60
[2016.01.25-02.11.27:820][350]Cmd: QUIT_EDITOR
[2016.01.25-02.11.28:562][350]LogExit: Preparing to exit.
[2016.01.25-02.11.29:217][350]LogExit: Editor shut down
[2016.01.25-02.11.29:218][350]LogExit: Transaction tracking system shut down
[2016.01.25-02.11.29:222][350]LogParticles: Destroying 0 GPU particle simulations for FXSystem 0x0000003800E02020
[2016.01.25-02.11.29:223][350]LogParticles: Destroying 0 GPU particle simulations for FXSystem 0x0000001CFDBFC540
[2016.01.25-02.11.29:223][350]LogParticles: Destroying 0 GPU particle simulations for FXSystem 0x0000001CFD5D6F20
[2016.01.25-02.11.29:462][350]LogExit: Object subsystem successfully closed.
[2016.01.25-02.11.29:716][350]LogModuleManager: Shutting down and abandoning module AndroidDeviceDetection (166)
[2016.01.25-02.11.29:716][350]LogModuleManager: Shutting down and abandoning module CrashTracker (165)
[2016.01.25-02.11.29:716][350]LogModuleManager: Shutting down and abandoning module SuperSearch (164)
[2016.01.25-02.11.29:716][350]LogModuleManager: Shutting down and abandoning module SceneOutliner (163)
[2016.01.25-02.11.29:716][350]LogModuleManager: Shutting down and abandoning module EditorWidgets (162)
[2016.01.25-02.11.29:716][350]LogModuleManager: Shutting down and abandoning module CollectionManager (161)
[2016.01.25-02.11.29:726][350]LogModuleManager: Shutting down and abandoning module StatsViewer (160)
[2016.01.25-02.11.29:738][350]LogModuleManager: Shutting down and abandoning module FoliageEdit (159)
[2016.01.25-02.11.29:738][350]LogModuleManager: Shutting down and abandoning module LandscapeEditor (158)
[2016.01.25-02.11.29:752][350]LogModuleManager: Shutting down and abandoning module MeshPaint (157)
[2016.01.25-02.11.29:752][350]LogModuleManager: Shutting down and abandoning module ActorPickerMode (156)
[2016.01.25-02.11.29:752][350]LogModuleManager: Shutting down and abandoning module GeometryMode (155)
[2016.01.25-02.11.29:752][350]LogModuleManager: Shutting down and abandoning module TextureAlignMode (154)
[2016.01.25-02.11.29:752][350]LogModuleManager: Shutting down and abandoning module BspMode (153)
[2016.01.25-02.11.29:752][350]LogModuleManager: Shutting down and abandoning module PlacementMode (152)
[2016.01.25-02.11.29:752][350]LogModuleManager: Shutting down and abandoning module AutomationWorker (151)
[2016.01.25-02.11.29:752][350]LogModuleManager: Shutting down and abandoning module CharacterAI (150)
[2016.01.25-02.11.29:752][350]LogModuleManager: Shutting down and abandoning module GameProjectGeneration (149)
[2016.01.25-02.11.29:771][350]LogModuleManager: Shutting down and abandoning module IntroTutorials (148)
[2016.01.25-02.11.29:784][350]LogModuleManager: Shutting down and abandoning module EditorLiveStreaming (147)
[2016.01.25-02.11.29:784][350]LogModuleManager: Shutting down and abandoning module HardwareTargeting (146)
[2016.01.25-02.11.29:784][350]LogModuleManager: Shutting down and abandoning module BehaviorTreeEditor (145)
[2016.01.25-02.11.29:807][350]LogModuleManager: Shutting down and abandoning module DeviceProfileEditor (144)
[2016.01.25-02.11.29:807][350]LogModuleManager: Shutting down and abandoning module UndoHistory (143)
[2016.01.25-02.11.29:807][350]LogModuleManager: Shutting down and abandoning module GameplayTagsEditor (142)
[2016.01.25-02.11.29:823][350]LogModuleManager: Shutting down and abandoning module UserFeedback (141)
[2016.01.25-02.11.29:823][350]LogModuleManager: Shutting down and abandoning module XmlParser (140)
[2016.01.25-02.11.29:823][350]LogModuleManager: Shutting down and abandoning module Blutility (139)
[2016.01.25-02.11.29:823][350]LogModuleManager: Shutting down and abandoning module IOSPlatformEditor (138)
[2016.01.25-02.11.29:823][350]LogModuleManager: Shutting down and abandoning module IOSRuntimeSettings (137)
[2016.01.25-02.11.29:823][350]LogModuleManager: Shutting down and abandoning module AndroidPlatformEditor (136)
[2016.01.25-02.11.29:823][350]LogModuleManager: Shutting down and abandoning module AndroidRuntimeSettings (135)
[2016.01.25-02.11.29:823][350]LogModuleManager: Shutting down and abandoning module ProjectTargetPlatformEditor (134)
[2016.01.25-02.11.29:824][350]LogModuleManager: Shutting down and abandoning module ProjectSettingsViewer (133)
[2016.01.25-02.11.29:824][350]LogModuleManager: Shutting down and abandoning module InputBindingEditor (132)
[2016.01.25-02.11.29:824][350]LogModuleManager: Shutting down and abandoning module EditorSettingsViewer (131)
[2016.01.25-02.11.29:824][350]LogModuleManager: Shutting down and abandoning module SettingsEditor (130)
[2016.01.25-02.11.29:840][350]LogModuleManager: Shutting down and abandoning module ProjectLauncher (129)
[2016.01.25-02.11.29:841][350]LogModuleManager: Shutting down and abandoning module SessionFrontend (128)
[2016.01.25-02.11.29:841][350]LogModuleManager: Shutting down and abandoning module ProfilerClient (127)
[2016.01.25-02.11.29:850][350]LogModuleManager: Shutting down and abandoning module TargetDeviceServices (126)
[2016.01.25-02.11.29:850][350]LogModuleManager: Shutting down and abandoning module DeviceManager (125)
[2016.01.25-02.11.29:850][350]LogModuleManager: Shutting down and abandoning module AutomationController (124)
[2016.01.25-02.11.29:850][350]LogModuleManager: Shutting down and abandoning module AutomationWindow (123)
[2016.01.25-02.11.29:860][350]LogModuleManager: Shutting down and abandoning module Layers (122)
[2016.01.25-02.11.29:870][350]LogModuleManager: Shutting down and abandoning module ComponentVisualizers (121)
[2016.01.25-02.11.29:870][350]LogModuleManager: Shutting down and abandoning module DetailCustomizations (120)
[2016.01.25-02.11.29:870][350]LogModuleManager: Shutting down and abandoning module PackagesDialog (119)
[2016.01.25-02.11.29:871][350]LogModuleManager: Shutting down and abandoning module AssetRegistry (118)
[2016.01.25-02.11.29:928][350]LogModuleManager: Shutting down and abandoning module Persona (117)
[2016.01.25-02.11.29:942][350]LogModuleManager: Shutting down and abandoning module Kismet (116)
[2016.01.25-02.11.29:952][350]LogModuleManager: Shutting down and abandoning module GraphEditor (115)
[2016.01.25-02.11.29:952][350]LogModuleManager: Shutting down and abandoning module ClassViewer (114)
[2016.01.25-02.11.29:952][350]LogModuleManager: Shutting down and abandoning module Toolbox (113)
[2016.01.25-02.11.29:952][350]LogModuleManager: Shutting down and abandoning module ModuleUI (112)
[2016.01.25-02.11.29:963][350]LogModuleManager: Shutting down and abandoning module MovieSceneTools (111)
[2016.01.25-02.11.29:997][350]LogModuleManager: Shutting down and abandoning module OutputLog (110)
[2016.01.25-02.11.29:997][350]LogModuleManager: Shutting down and abandoning module GammaUI (109)
[2016.01.25-02.11.30:008][350]LogModuleManager: Shutting down and abandoning module Documentation (108)
[2016.01.25-02.11.30:008][350]LogModuleManager: Shutting down and abandoning module GameLiveStreaming (107)
[2016.01.25-02.11.30:008][350]LogModuleManager: Shutting down and abandoning module StreamingPauseRendering (106)
[2016.01.25-02.11.30:008][350]LogModuleManager: Shutting down and abandoning module HTTP (105)
[2016.01.25-02.11.30:008][350]LogModuleManager: Shutting down and abandoning module AnalyticsET (104)
[2016.01.25-02.11.30:008][350]LogModuleManager: Shutting down and abandoning module Analytics (103)
[2016.01.25-02.11.30:008][350]LogModuleManager: Shutting down and abandoning module GameplayDebugger (102)
[2016.01.25-02.11.30:008][350]LogModuleManager: Shutting down and abandoning module AIModule (101)
[2016.01.25-02.11.30:018][350]LogModuleManager: Shutting down and abandoning module ProfilerService (100)
[2016.01.25-02.11.30:177][350]LogModuleManager: Shutting down and abandoning module TaskGraph (99)
[2016.01.25-02.11.30:217][350]LogModuleManager: Shutting down and abandoning module SlateRemote (98)
[2016.01.25-02.11.30:217][350]LogModuleManager: Shutting down and abandoning module ScriptEditorPlugin (97)
[2016.01.25-02.11.30:217][350]LogModuleManager: Shutting down and abandoning module CustomMeshComponent (96)
[2016.01.25-02.11.30:217][350]LogModuleManager: Shutting down and abandoning module CableComponent (95)
[2016.01.25-02.11.30:217][350]LogModuleManager: Shutting down and abandoning module MessagingDebugger (94)
[2016.01.25-02.11.30:238][350]LogModuleManager: Shutting down and abandoning module MediaPlayerEditor (93)
[2016.01.25-02.11.30:251][350]LogModuleManager: Shutting down and abandoning module SpeedTreeImporter (92)
[2016.01.25-02.11.30:251][350]LogModuleManager: Shutting down and abandoning module PluginsEditor (91)
[2016.01.25-02.11.30:251][350]LogModuleManager: Shutting down and abandoning module EpicSurvey (90)
[2016.01.25-02.11.30:251][350]LogModuleManager: Shutting down and abandoning module DesktopPlatform (89)
[2016.01.25-02.11.30:268][350]LogModuleManager: Shutting down and abandoning module VisualStudioSourceCodeAccess (88)
[2016.01.25-02.11.30:268][350]LogModuleManager: Shutting down and abandoning module UObjectPlugin (87)
[2016.01.25-02.11.30:268][350]LogModuleManager: Shutting down and abandoning module SubversionSourceControl (86)
[2016.01.25-02.11.30:268][350]LogModuleManager: Shutting down and abandoning module SourceControl (85)
[2016.01.25-02.11.30:268][350]LogModuleManager: Shutting down and abandoning module PerforceSourceControl (84)
[2016.01.25-02.11.30:275][350]LogModuleManager: Shutting down and abandoning module BlankPlugin (83)
[2016.01.25-02.11.30:275][350]LogModuleManager: Shutting down and abandoning module SlateReflector (82)
[2016.01.25-02.11.30:275][350]LogModuleManager: Shutting down and abandoning module DirectoryWatcher (81)
[2016.01.25-02.11.30:276][350]LogModuleManager: Shutting down and abandoning module HotReload (80)
[2016.01.25-02.11.30:276][350]LogModuleManager: Shutting down and abandoning module MainFrame (79)
[2016.01.25-02.11.30:276][350]LogModuleManager: Shutting down and abandoning module LevelEditor (78)
[2016.01.25-02.11.30:278][350]LogModuleManager: Shutting down and abandoning module ViewportSnapping (77)
[2016.01.25-02.11.30:278][350]LogModuleManager: Shutting down and abandoning module SmartSnapping (76)
[2016.01.25-02.11.30:278][350]LogModuleManager: Shutting down and abandoning module PaperTiledImporter (75)
[2016.01.25-02.11.30:278][350]LogModuleManager: Shutting down and abandoning module PaperJsonImporter (74)
[2016.01.25-02.11.30:278][350]LogModuleManager: Shutting down and abandoning module ContentBrowser (73)
[2016.01.25-02.11.30:278][350]LogModuleManager: Shutting down and abandoning module PropertyEditor (72)
[2016.01.25-02.11.30:278][350]LogModuleManager: Shutting down and abandoning module Paper2DEditor (71)
[2016.01.25-02.11.30:278][350]LogModuleManager: Shutting down and abandoning module ScriptPlugin (70)
[2016.01.25-02.11.30:284][350]LogModuleManager: Shutting down and abandoning module UdpMessaging (69)
[2016.01.25-02.11.30:385][350]LogModuleManager: Shutting down and abandoning module Paper2D (68)
[2016.01.25-02.11.30:385][350]LogModuleManager: Shutting down and abandoning module WindowsMoviePlayer (67)
[2016.01.25-02.11.30:403][350]LogModuleManager: Shutting down and abandoning module Media (66)
[2016.01.25-02.11.30:403][350]LogModuleManager: Shutting down and abandoning module WmfMedia (65)
[2016.01.25-02.11.30:415][350]LogModuleManager: Shutting down and abandoning module OnlineBlueprintSupport (64)
[2016.01.25-02.11.30:415][350]LogModuleManager: Shutting down and abandoning module FunctionalTesting (63)
[2016.01.25-02.11.30:415][350]LogModuleManager: Shutting down and abandoning module CollisionAnalyzer (62)
[2016.01.25-02.11.30:422][350]LogModuleManager: Shutting down and abandoning module WorkspaceMenuStructure (61)
[2016.01.25-02.11.30:422][350]LogModuleManager: Shutting down and abandoning module MessageLog (60)
[2016.01.25-02.11.30:422][350]LogModuleManager: Shutting down and abandoning module Sequencer (59)
[2016.01.25-02.11.30:441][350]LogModuleManager: Shutting down and abandoning module AssetTools (58)
[2016.01.25-02.11.30:474][350]LogModuleManager: Shutting down and abandoning module UMGEditor (57)
[2016.01.25-02.11.30:487][350]LogModuleManager: Shutting down and abandoning module UMG (56)
[2016.01.25-02.11.30:496][350]LogModuleManager: Shutting down and abandoning module Slate (55)
[2016.01.25-02.11.30:496][350]LogModuleManager: Shutting down and abandoning module EditorStyle (54)
[2016.01.25-02.11.30:499][350]LogModuleManager: Shutting down and abandoning module SessionServices (53)
[2016.01.25-02.11.30:499][350]LogModuleManager: Shutting down and abandoning module SourceCodeAccess (52)
[2016.01.25-02.11.30:499][350]LogModuleManager: Shutting down and abandoning module HeadMountedDisplay (51)
[2016.01.25-02.11.30:499][350]LogModuleManager: Shutting down and abandoning module XAudio2 (50)
[2016.01.25-02.11.30:499][350]LogModuleManager: Shutting down and abandoning module Networking (48)
[2016.01.25-02.11.30:499][350]LogModuleManager: Shutting down and abandoning module Core (47)
[2016.01.25-02.11.30:499][350]LogModuleManager: Shutting down and abandoning module KismetCompiler (46)
[2016.01.25-02.11.30:499][350]LogModuleManager: Shutting down and abandoning module PhysXFormats (45)
[2016.01.25-02.11.30:499][350]LogModuleManager: Shutting down and abandoning module MeshUtilities (44)
[2016.01.25-02.11.30:514][350]LogModuleManager: Shutting down and abandoning module DerivedDataCache (43)
[2016.01.25-02.11.30:587][350]LogDerivedDataCache: Shutdown
[2016.01.25-02.11.30:587][350]LogModuleManager: Shutting down and abandoning module ShaderFormatOpenGL (42)
[2016.01.25-02.11.30:603][350]LogModuleManager: Shutting down and abandoning module ShaderFormatD3D (41)
[2016.01.25-02.11.30:618][350]LogModuleManager: Shutting down and abandoning module MetalShaderFormat (40)
[2016.01.25-02.11.30:631][350]LogModuleManager: Shutting down and abandoning module TextureFormatUncompressed (39)
[2016.01.25-02.11.30:631][350]LogModuleManager: Shutting down and abandoning module TextureFormatPVR (38)
[2016.01.25-02.11.30:642][350]LogModuleManager: Shutting down and abandoning module TextureFormatDXT (37)
[2016.01.25-02.11.30:655][350]LogModuleManager: Shutting down and abandoning module TextureFormatAndroid (36)
[2016.01.25-02.11.30:655][350]LogModuleManager: Shutting down and abandoning module AudioFormatOpus (35)
[2016.01.25-02.11.30:661][350]LogModuleManager: Shutting down and abandoning module AudioFormatOgg (34)
[2016.01.25-02.11.30:661][350]LogModuleManager: Shutting down and abandoning module AudioFormatADPCM (33)
[2016.01.25-02.11.30:661][350]LogModuleManager: Shutting down and abandoning module Messaging (32)
[2016.01.25-02.11.30:661][350]LogModuleManager: Shutting down and abandoning module IOSTargetPlatform (31)
[2016.01.25-02.11.30:661][350]LogModuleManager: Shutting down and abandoning module Android_PVRTCTargetPlatform (30)
[2016.01.25-02.11.30:661][350]LogModuleManager: Shutting down and abandoning module Android_ETC2TargetPlatform (29)
[2016.01.25-02.11.30:661][350]LogModuleManager: Shutting down and abandoning module Android_ETC1TargetPlatform (28)
[2016.01.25-02.11.30:662][350]LogModuleManager: Shutting down and abandoning module Android_DXTTargetPlatform (27)
[2016.01.25-02.11.30:662][350]LogModuleManager: Shutting down and abandoning module Android_ATCTargetPlatform (26)
[2016.01.25-02.11.30:662][350]LogModuleManager: Shutting down and abandoning module AndroidTargetPlatform (25)
[2016.01.25-02.11.30:662][350]LogModuleManager: Shutting down and abandoning module WindowsTargetPlatform (24)
[2016.01.25-02.11.30:662][350]LogModuleManager: Shutting down and abandoning module WindowsServerTargetPlatform (23)
[2016.01.25-02.11.30:662][350]LogModuleManager: Shutting down and abandoning module WindowsNoEditorTargetPlatform (22)
[2016.01.25-02.11.30:662][350]LogModuleManager: Shutting down and abandoning module WindowsClientTargetPlatform (21)
[2016.01.25-02.11.30:662][350]LogModuleManager: Shutting down and abandoning module TargetPlatform (20)
[2016.01.25-02.11.30:662][350]LogModuleManager: Shutting down and abandoning module InputCore (19)
[2016.01.25-02.11.30:662][350]LogModuleManager: Shutting down and abandoning module Settings (18)
[2016.01.25-02.11.30:662][350]LogModuleManager: Shutting down and abandoning module ImageWrapper (17)
[2016.01.25-02.11.30:662][350]LogModuleManager: Shutting down and abandoning module OculusRift (14)
[2016.01.25-02.11.30:672][350]LogModuleManager: Shutting down and abandoning module ExampleDeviceProfileSelector (13)
[2016.01.25-02.11.30:672][350]LogModuleManager: Shutting down and abandoning module TextureCompressor (12)
[2016.01.25-02.11.30:672][350]LogModuleManager: Shutting down and abandoning module ShaderCore (11)
[2016.01.25-02.11.30:672][350]LogModuleManager: Shutting down and abandoning module SlateRHIRenderer (10)
[2016.01.25-02.11.30:673][350]LogModuleManager: Shutting down and abandoning module OpenGLDrv (9)
[2016.01.25-02.11.30:673][350]LogModuleManager: Shutting down and abandoning module D3D11RHI (8)
[2016.01.25-02.11.30:673][350]LogModuleManager: Shutting down and abandoning module Renderer (7)
[2016.01.25-02.11.30:673][350]LogModuleManager: Shutting down and abandoning module Engine (6)
[2016.01.25-02.11.30:673][350]LogModuleManager: Shutting down and abandoning module CoreUObject (5)
[2016.01.25-02.11.30:673][350]LogModuleManager: Shutting down and abandoning module NetworkFile (4)
[2016.01.25-02.11.30:679][350]LogModuleManager: Shutting down and abandoning module StreamingFile (3)
[2016.01.25-02.11.30:679][350]LogModuleManager: Shutting down and abandoning module SandboxFile (2)
[2016.01.25-02.11.30:696][350]LogModuleManager: Shutting down and abandoning module PakFile (1)
[2016.01.25-02.11.30:706][350]LogExit: Exiting.
[2016.01.25-02.11.30:739][350]Log file closed, 01/24/16 21:11:30
