Log file open, 01/11/16 20:46:59
LogInit:Display: Running engine for game: Proyecto
LogInit: Version: 4.5.1-2336687+++depot+UE4-Releases+4.5
LogInit: API Version: 2326478
LogInit: Compiled (64-bit): Oct 21 2014 22:32:40
LogInit: Compiled with Visual C++: 18.00.21005.01
LogInit: Build Configuration: Development
LogInit: Branch Name: ++depot+UE4-Releases+4.5
LogInit: Command line:  
LogInit: Base directory: C:/Program Files (x86)/Epic Games/4.5/Engine/Binaries/Win64/
LogInit: Rocket: 1
[2016.01.12-01.46.59:362][  0]LogTaskGraph: Started task graph with 3 named threads and 4 total threads.
[2016.01.12-01.46.59:395][  0]LogOnline:Warning: No default platform service specified for OnlineSubsystem
[2016.01.12-01.46.59:421][  0]LogInit: Presizing for 0 objects not considered by GC, pre-allocating 0 bytes.
[2016.01.12-01.46.59:432][  0]LogInit: Object subsystem initialized
[2016.01.12-01.46.59:436][  0]LogConsoleResponse:Warning: Skipping Unknown console variable: 'UIScaleRule = ShortestSide'
[2016.01.12-01.46.59:436][  0]LogConsoleResponse:Warning:   Found in ini file 'C:/Users/user/Documents/Proyecto/Saved/Config/Windows/Engine.ini', in section '[/Script/Engine.RendererSettings]'
[2016.01.12-01.46.59:436][  0]LogConsoleResponse:Warning: Skipping Unknown console variable: 'UIScaleCurve = (EditorCurveData=(Keys=((Time=480.000000,Value=0.444000),(Time=720.000000,Value=0.666000),(Time=1080.000000,Value=1.000000),(Time=8640.000000,Value=8.000000))),ExternalCurve=None)'
[2016.01.12-01.46.59:436][  0]LogConsoleResponse:Warning:   Found in ini file 'C:/Users/user/Documents/Proyecto/Saved/Config/Windows/Engine.ini', in section '[/Script/Engine.RendererSettings]'
[2016.01.12-01.46.59:437][  0]LogInit: Selected Device Profile: [Windows]
[2016.01.12-01.46.59:437][  0]LogInit: Applying CVar settings loaded from the selected device profile: [Windows]
[2016.01.12-01.46.59:449][  0]LogInit: Computer: DANNY
[2016.01.12-01.46.59:449][  0]LogInit: User: user
[2016.01.12-01.46.59:451][  0]LogInit: CPU Page size=4096, Cores=2
[2016.01.12-01.46.59:451][  0]LogInit: High frequency timer resolution =1.656325 MHz
[2016.01.12-01.46.59:451][  0]LogMemory: Memory total: Physical=7.9GB (8GB approx) Virtual=131072.0GB
[2016.01.12-01.46.59:451][  0]LogMemory: Platform Memory Stats for Windows
[2016.01.12-01.46.59:451][  0]LogMemory: Process Physical Memory: 60.13 MB used, 60.24 MB peak
[2016.01.12-01.46.59:451][  0]LogMemory: Process Virtual Memory: 35.08 MB used, 38.52 MB peak
[2016.01.12-01.46.59:451][  0]LogMemory: Physical Memory: 2633.95 MB used, 8096.02 MB total
[2016.01.12-01.46.59:451][  0]LogMemory: Virtual Memory: 274.44 MB used, 134217728.00 MB total
[2016.01.12-01.46.59:476][  0]LogD3D11RHI: Found D3D11 adapter 0: Intel(R) HD Graphics Family (Feature Level 11_0)
[2016.01.12-01.46.59:476][  0]LogD3D11RHI: Adapter has 0MB of dedicated video memory, 0MB of dedicated system memory, and 1792MB of shared system memory, 1 output[s]
[2016.01.12-01.46.59:478][  0]LogD3D11RHI: Found D3D11 adapter 1: Microsoft Basic Render Driver (Feature Level 11_0)
[2016.01.12-01.46.59:478][  0]LogD3D11RHI: Adapter has 0MB of dedicated video memory, 0MB of dedicated system memory, and 256MB of shared system memory, 0 output[s]
[2016.01.12-01.46.59:478][  0]LogD3D11RHI: Chosen D3D11 Adapter Id = 0
[2016.01.12-01.46.59:483][  0]LogRHI: Texture pool is 627 MB (70% of 896 MB)
[2016.01.12-01.46.59:492][  0]LogD3D11RHI: Async texture creation enabled
[2016.01.12-01.46.59:535][  0]LogTextLocalizationManager: The requested culture ('es_ES') has no localization data; parent culture's ('es') localization data will be used.
[2016.01.12-01.46.59:660][  0]LogContentStreaming: Texture pool size is 0.000000MB
[2016.01.12-01.47.06:131][  0]LogTargetPlatformManager:Display: Building Assets For Windows
[2016.01.12-01.47.06:780][  0]LogTargetPlatformManager:Display: Building Assets For Windows
[2016.01.12-01.47.06:848][  0]LogDerivedDataCache:Display: Max Cache Size: 512 MB
[2016.01.12-01.47.06:922][  0]LogDerivedDataCache: Loaded boot cache 0.07s 39MB C:/Users/user/AppData/Local/UnrealEngine/4.5/DerivedDataCache/Boot.ddc.
[2016.01.12-01.47.06:922][  0]LogDerivedDataCache:Display: Loaded Boot cache: C:/Users/user/AppData/Local/UnrealEngine/4.5/DerivedDataCache/Boot.ddc
[2016.01.12-01.47.06:923][  0]LogDerivedDataCache: FDerivedDataBackendGraph:  Pak pak cache file ../../../../../../Users/user/Documents/Proyecto/DerivedDataCache/DDC.ddp not found, will not use a pak cache.
[2016.01.12-01.47.06:923][  0]LogDerivedDataCache: Unable to find inner node Pak for hierarchical cache Hierarchy.
[2016.01.12-01.47.07:007][  0]LogDerivedDataCache:Display: Pak cache opened for reading ../../../Engine/DerivedDataCache/DDC.ddp.
[2016.01.12-01.47.07:020][  0]LogDerivedDataCache: Using Local data cache path C:/Users/user/AppData/Local/UnrealEngine/Common/DerivedDataCache: Writable
[2016.01.12-01.47.07:296][  0]LogMeshUtilities: No automatic mesh reduction module available
[2016.01.12-01.47.07:296][  0]LogMeshUtilities: No automatic mesh merging module available
[2016.01.12-01.47.07:650][  0]LogLinker:Warning: Asset '../../../Engine/Content/Functions/Engine_MaterialFunctions02/Texturing/FlipBook.uasset' has been saved with empty engine version. The asset will be loaded but may be incompatible.
[2016.01.12-01.47.07:656][  0]LogLinker:Warning: Asset '../../../Engine/Content/Functions/Engine_MaterialFunctions02/ExampleContent/Textures/flipbook.uasset' has been saved with empty engine version. The asset will be loaded but may be incompatible.
[2016.01.12-01.47.07:925][  0]LogInit: WinSock: version 1.1 (2.2), MaxSocks=32767, MaxUdp=65467
[2016.01.12-01.47.09:826][  0]UdpMessaging: Initializing bridge on interface 0.0.0.0:0 to multicast group 230.0.0.1:6666.
[2016.01.12-01.47.10:041][  0]LogDirectoryWatcher:Warning: Failed to begin reading directory changes for C:/Users/user/Documents/Proyecto/Binaries/Win64. Error: 0
[2016.01.12-01.47.10:240][  0]SourceControl: Info Source control is disabled
[2016.01.12-01.47.10:240][  0]SourceControl: Info Source control is disabled
[2016.01.12-01.47.10:250][  0]SourceControl: Info Source control is disabled
[2016.01.12-01.47.10:431][  0]LogObj: 22915 objects as part of root set at end of initial load.
[2016.01.12-01.47.10:431][  0]LogUObjectAllocator: 4803536 out of 0 bytes used by permanent object pool.
[2016.01.12-01.47.10:500][  0]LogEngine: Initializing Engine...
[2016.01.12-01.47.10:719][  0]LogInit: XAudio2 using 'Speakers / Headphones (Realtek High Definition Audio)' : 2 channels at 48 kHz using 32 bits per sample (channel mask 0x3)
[2016.01.12-01.47.10:911][  0]LogInit: FAudioDevice initialized.
[2016.01.12-01.47.10:941][  0]LogAIModule: Creating AISystem for world NewWorld
[2016.01.12-01.47.10:974][  0]LogDerivedDataCache: Saved boot cache 0.03s 39MB C:/Users/user/AppData/Local/UnrealEngine/4.5/DerivedDataCache/Boot.ddc.
[2016.01.12-01.47.10:981][  0]LogInit: Texture streaming: Enabled
[2016.01.12-01.47.11:052][  0]LogInit: Transaction tracking system initialized
[2016.01.12-01.47.11:203][  0]BlueprintLog: New page: Cargar el editor
[2016.01.12-01.47.11:246][  0]LogAssetRegistry: FAssetRegistry took 0.0113 seconds to start up
[2016.01.12-01.47.11:247][  0]LogDirectoryWatcher:Warning: Failed to begin reading directory changes for ../../../Engine/Plugins/Experimental/CharacterAI/Content/. Error: 0
[2016.01.12-01.47.12:118][  0]LogTargetPlatformManager:Display: Building Assets For Windows
[2016.01.12-01.47.12:777][  0]LogTargetPlatformManager:Display: Building Assets For Windows
[2016.01.12-01.47.13:180][  0]LogConsoleResponse:Display: 
[2016.01.12-01.47.13:573][  0]SourceControl: Info Source control is disabled
[2016.01.12-01.47.13:573][  0]Cmd: MAP LOAD FILE="../../../Engine/Content/Maps/Templates/Template_Default.umap" TEMPLATE=1 SHOWPROGRESS=1
[2016.01.12-01.47.13:575][  0]LightingResults: New page: Diseñar la iluminación
[2016.01.12-01.47.13:593][  0]MapCheck: New page: Revisión del mapa
[2016.01.12-01.47.13:593][  0]LightingResults: New page: Diseñar la iluminación
[2016.01.12-01.47.13:625][  0]LogParticles: Destroying 0 GPU particle simulations for FXSystem 0x000000624DCED440
[2016.01.12-01.47.13:956][  0]LogEditorServer: Finished looking for orphan Actors (0.000 secs)
[2016.01.12-01.47.13:956][  0]LogAIModule: Creating AISystem for world Untitled_1
[2016.01.12-01.47.13:957][  0]Cmd: MAP CHECKDEP
[2016.01.12-01.47.13:957][  0]MapCheck: New page: Untitled_1 - 11/1/2016 15:47:13
[2016.01.12-01.47.14:166][  0]MapCheck: Info Map check complete: 0 Error(s), 0 Warning(s), took 209,845ms to complete.
[2016.01.12-01.47.14:166][  0]LogFileHelpers: Loading map 'Template_Default' took 0.594
[2016.01.12-01.47.14:269][  0]LogCollectionManager: Loaded 0 collections in 0.001444 seconds
[2016.01.12-01.47.14:427][  0]LogCrashTracker: Crashtracker disabled due to settings.
[2016.01.12-01.47.14:448][  0]LogUObjectGlobals:Warning: Failed to find object 'Class None.'
[2016.01.12-01.47.14:483][  0]LogLoad: Full Startup: 18.12 seconds (BP compile: 0.08 seconds)
[2016.01.12-01.47.14:828][  0]LogContentBrowser:Verbose: The content browser source was changed by the sources view to '/Game/Niveles'
[2016.01.12-01.47.15:012][  0]LogRenderer:Warning: Reallocating scene render targets to support 848x592.
[2016.01.12-01.47.16:133][  3]LogAssetRegistry: Asset discovery search completed in 4.8983 seconds
[2016.01.12-04.14.16:412][687]LogPlayLevel: PIE:  No blueprints needed recompiling
[2016.01.12-04.14.16:413][687]PIE: New page: Sesión PIE (reproducción en el editor): Untitled_1 (11/1/2016 18:14:16)
[2016.01.12-04.14.16:419][687]LogPlayLevel: PIE: StaticDuplicateObject took: (0.006033s)
[2016.01.12-04.14.16:420][687]LogPlayLevel: PIE: World Init took: (0.001052s)
[2016.01.12-04.14.16:420][687]LogPlayLevel: PIE: Created PIE world by copying editor world from /Temp/Untitled_1.Untitled_1 to /Temp/UEDPIE_0_Untitled_1.Untitled_1 (0.007369s)
[2016.01.12-04.14.16:487][687]LogWorld: Game class is 'GameMode'
[2016.01.12-04.14.16:489][687]LogAIModule: Creating AISystem for world Untitled_1
[2016.01.12-04.14.16:490][687]LogWorld: Bringing World /Temp/UEDPIE_0_Untitled_1.Untitled_1 up for play (max tick rate 60) at 2016.01.11-23.14.16
[2016.01.12-04.14.16:490][687]LogWorld: Bringing up level for play took: 0.001118
[2016.01.12-04.14.16:529][687]PIE: Info Tiempo de inicio de la reproducción en el editor para  /Temp/UEDPIE_0_Untitled_1 -0,521
[2016.01.12-04.14.20:557][898]LogTemp: MouseLeave
[2016.01.12-04.14.27:054][246]LogTemp: MouseLeave
[2016.01.12-04.14.27:801][279]LogParticles: Destroying 0 GPU particle simulations for FXSystem 0x000000625AB20C20
[2016.01.12-04.14.46:042][717]LogEditorViewport: Clicking on Actor (LMB): StaticMeshActor (SM_Template_Map_Floor)
[2016.01.12-04.14.52:659][891]LogEditorViewport: Clicking on Actor (LMB): StaticMeshActor (SM_Template_Map_Floor)
[2016.01.12-04.15.13:402][516]Cmd: BRUSH ADD SELECTNEWBRUSH
[2016.01.12-04.16.18:209][483]LogEditorViewport: Clicking on Actor (LMB): BP_Sky_Sphere_C (BP_Sky_Shere)
[2016.01.12-04.16.20:483][553]LogPlayLevel: PIE:  No blueprints needed recompiling
[2016.01.12-04.16.20:484][553]PIE: New page: Sesión PIE (reproducción en el editor): Untitled_1 (11/1/2016 18:16:20)
[2016.01.12-04.16.20:493][553]LogPlayLevel: PIE: StaticDuplicateObject took: (0.009613s)
[2016.01.12-04.16.20:496][553]LogPlayLevel: PIE: World Init took: (0.001972s)
[2016.01.12-04.16.20:496][553]LogPlayLevel: PIE: Created PIE world by copying editor world from /Temp/Untitled_1.Untitled_1 to /Temp/UEDPIE_0_Untitled_1.Untitled_1 (0.011903s)
[2016.01.12-04.16.20:530][553]LogWorld: Game class is 'GameMode'
[2016.01.12-04.16.20:532][553]LogAIModule: Creating AISystem for world Untitled_1
[2016.01.12-04.16.20:533][553]LogWorld: Bringing World /Temp/UEDPIE_0_Untitled_1.Untitled_1 up for play (max tick rate 60) at 2016.01.11-23.16.20
[2016.01.12-04.16.20:533][553]LogWorld: Bringing up level for play took: 0.001293
[2016.01.12-04.16.20:537][553]PIE: Info Tiempo de inicio de la reproducción en el editor para  /Temp/UEDPIE_0_Untitled_1 -0,513
[2016.01.12-04.16.24:765][770]LogTemp: MouseLeave
[2016.01.12-04.16.46:712][854]LogTemp: MouseLeave
[2016.01.12-04.16.47:515][889]LogParticles: Destroying 0 GPU particle simulations for FXSystem 0x000000625B387B00
[2016.01.12-04.17.05:495][454]LogPlayLevel: PIE:  No blueprints needed recompiling
[2016.01.12-04.17.05:495][454]PIE: New page: Sesión PIE (reproducción en el editor): Untitled_1 (11/1/2016 18:17:05)
[2016.01.12-04.17.05:508][454]LogPlayLevel: PIE: StaticDuplicateObject took: (0.011900s)
[2016.01.12-04.17.05:508][454]LogPlayLevel: PIE: World Init took: (0.000840s)
[2016.01.12-04.17.05:509][454]LogPlayLevel: PIE: Created PIE world by copying editor world from /Temp/Untitled_1.Untitled_1 to /Temp/UEDPIE_0_Untitled_1.Untitled_1 (0.013053s)
[2016.01.12-04.17.05:542][454]LogWorld: Game class is 'GameMode'
[2016.01.12-04.17.05:544][454]LogAIModule: Creating AISystem for world Untitled_1
[2016.01.12-04.17.05:545][454]LogWorld: Bringing World /Temp/UEDPIE_0_Untitled_1.Untitled_1 up for play (max tick rate 60) at 2016.01.11-23.17.05
[2016.01.12-04.17.05:545][454]LogWorld: Bringing up level for play took: 0.001425
[2016.01.12-04.17.05:549][454]PIE: Info Tiempo de inicio de la reproducción en el editor para  /Temp/UEDPIE_0_Untitled_1 0,498
[2016.01.12-04.17.09:848][663]LogTemp: MouseLeave
[2016.01.12-04.17.10:466][688]LogParticles: Destroying 0 GPU particle simulations for FXSystem 0x0000006248D75440
[2016.01.12-04.17.20:504][996]LogEditorViewport: Clicking on Actor (LMB): BP_Sky_Sphere_C (BP_Sky_Shere)
[2016.01.12-04.17.25:958][172]LogEditorViewport: Clicking on Actor (LMB): DirectionalLight (Light Source)
[2016.01.12-04.17.32:603][387]Cmd: TRANSACTION UNDO
[2016.01.12-04.17.32:603][387]LogEditorTransaction: Undo Mover los actores
[2016.01.12-04.17.33:208][399]Cmd: TRANSACTION UNDO
[2016.01.12-04.17.33:208][399]LogEditorTransaction: Undo Mover los actores
[2016.01.12-04.17.34:287][432]LogEditorViewport: Clicking on Actor (LMB): BP_Sky_Sphere_C (BP_Sky_Shere)
[2016.01.12-04.17.35:274][462]LogEditorViewport: Clicking on Actor (LMB): BP_Sky_Sphere_C (BP_Sky_Shere)
[2016.01.12-04.18.06:198][434]LogEditorViewport: Clicking on Actor (LMB): StaticMeshActor (SM_Template_Map_Floor)
[2016.01.12-04.18.25:573][ 38]LogPlayLevel: PIE:  No blueprints needed recompiling
[2016.01.12-04.18.25:573][ 38]PIE: New page: Sesión PIE (reproducción en el editor): Untitled_1 (11/1/2016 18:18:25)
[2016.01.12-04.18.25:583][ 38]LogPlayLevel: PIE: StaticDuplicateObject took: (0.009808s)
[2016.01.12-04.18.25:585][ 38]LogPlayLevel: PIE: World Init took: (0.001739s)
[2016.01.12-04.18.25:585][ 38]LogPlayLevel: PIE: Created PIE world by copying editor world from /Temp/Untitled_1.Untitled_1 to /Temp/UEDPIE_0_Untitled_1.Untitled_1 (0.011824s)
[2016.01.12-04.18.25:624][ 38]LogWorld: Game class is 'GameMode'
[2016.01.12-04.18.25:625][ 38]LogAIModule: Creating AISystem for world Untitled_1
[2016.01.12-04.18.25:626][ 38]LogWorld: Bringing World /Temp/UEDPIE_0_Untitled_1.Untitled_1 up for play (max tick rate 60) at 2016.01.11-23.18.25
[2016.01.12-04.18.25:627][ 38]LogWorld: Bringing up level for play took: 0.001199
[2016.01.12-04.18.25:630][ 38]PIE: Info Tiempo de inicio de la reproducción en el editor para  /Temp/UEDPIE_0_Untitled_1 0,58
[2016.01.12-04.18.27:779][150]LogTemp: MouseLeave
[2016.01.12-04.18.38:901][717]LogTemp: MouseLeave
[2016.01.12-04.18.51:102][335]LogTemp: MouseLeave
[2016.01.12-04.18.53:270][444]LogTemp: MouseLeave
[2016.01.12-04.18.56:642][610]LogTemp: MouseLeave
[2016.01.12-04.18.57:806][669]LogTemp: MouseLeave
[2016.01.12-04.18.59:212][739]LogTemp: MouseLeave
[2016.01.12-04.19.04:425][  4]LogTemp: MouseLeave
[2016.01.12-04.19.05:222][ 43]LogTemp: MouseLeave
[2016.01.12-04.19.05:919][ 73]LogParticles: Destroying 0 GPU particle simulations for FXSystem 0x000000625B385440
[2016.01.12-04.19.15:125][343]LogEditorViewport: Clicking on Actor (LMB): StaticMeshActor (SM_Template_Map_Floor)
[2016.01.12-04.20.53:382][995]LogEditorViewport: Clicking on Actor (LMB): StaticMeshActor (SM_Template_Map_Floor)
[2016.01.12-04.21.13:180][604]LogEditorViewport: Clicking on Actor (LMB): StaticMeshActor (SM_Template_Map_Floor)
[2016.01.12-04.21.28:937][ 19]LogEditorViewport: Clicking on Actor (LMB): StaticMeshActor (SM_Template_Map_Floor)
[2016.01.12-04.21.31:790][104]LogEditorViewport: Clicking on Actor (LMB): StaticMeshActor (SM_Template_Map_Floor)
[2016.01.12-04.21.36:442][249]LogEditorViewport: Clicking on Actor (LMB): BP_Sky_Sphere_C (BP_Sky_Shere)
[2016.01.12-04.22.02:401][ 21]LogEditorViewport: Clicking on Actor (LMB): BP_Sky_Sphere_C (BP_Sky_Shere)
[2016.01.12-04.22.29:120][980]LogEditorViewport: Clicking on Actor (LMB): StaticMeshActor (SM_Template_Map_Floor)
[2016.01.12-04.22.30:015][  5]LogEditorViewport: Clicking on Actor (LMB): BP_Sky_Sphere_C (BP_Sky_Shere)
[2016.01.12-04.22.47:180][534]LogPlayLevel: PIE:  No blueprints needed recompiling
[2016.01.12-04.22.47:180][534]PIE: New page: Sesión PIE (reproducción en el editor): Untitled_1 (11/1/2016 18:22:47)
[2016.01.12-04.22.47:190][534]LogPlayLevel: PIE: StaticDuplicateObject took: (0.009759s)
[2016.01.12-04.22.47:191][534]LogPlayLevel: PIE: World Init took: (0.001482s)
[2016.01.12-04.22.47:192][534]LogPlayLevel: PIE: Created PIE world by copying editor world from /Temp/Untitled_1.Untitled_1 to /Temp/UEDPIE_0_Untitled_1.Untitled_1 (0.011582s)
[2016.01.12-04.22.47:230][534]LogWorld: Game class is 'GameMode'
[2016.01.12-04.22.47:232][534]LogAIModule: Creating AISystem for world Untitled_1
[2016.01.12-04.22.47:234][534]LogWorld: Bringing World /Temp/UEDPIE_0_Untitled_1.Untitled_1 up for play (max tick rate 60) at 2016.01.11-23.22.47
[2016.01.12-04.22.47:234][534]LogWorld: Bringing up level for play took: 0.002148
[2016.01.12-04.22.47:239][534]PIE: Info Tiempo de inicio de la reproducción en el editor para  /Temp/UEDPIE_0_Untitled_1 0,189
[2016.01.12-04.22.50:205][688]LogTemp: MouseLeave
[2016.01.12-04.22.50:756][717]LogTemp: MouseLeave
[2016.01.12-04.22.51:188][740]LogTemp: MouseLeave
[2016.01.12-04.23.22:438][266]LogTemp: MouseLeave
[2016.01.12-04.23.23:073][293]LogParticles: Destroying 0 GPU particle simulations for FXSystem 0x000000625B3863E0
[2016.01.12-04.23.55:072][271]LogEditorViewport: Clicking on Actor (LMB): BP_Sky_Sphere_C (BP_Sky_Shere)
[2016.01.12-04.23.57:246][336]LogEditorViewport: Clicking on Actor (LMB): BP_Sky_Sphere_C (BP_Sky_Shere)
[2016.01.12-04.24.03:165][385]LogWindowsTextInputMethodSystem:Error: Deactivating a context failed while setting focus to the disabled TSF document manager.
[2016.01.12-04.24.04:945][385]Cmd: OBJ SAVEPACKAGE PACKAGE="/Game/Niveles/Nivel_1" FILE="../../../../../../Users/user/Documents/Proyecto/Content/Niveles/Nivel_1.umap" SILENT=true AUTOSAVING=false KEEPDIRTY=false
[2016.01.12-04.24.05:106][385]LogSavePackage: Save=39.293015ms
[2016.01.12-04.24.05:106][385]LogSavePackage: Moving '../../../../../../Users/user/Documents/Proyecto/Saved/Nivel_1F186E29849F068A07C463A9E7030ABFC.tmp' to '../../../../../../Users/user/Documents/Proyecto/Content/Niveles/Nivel_1.umap'
[2016.01.12-04.24.05:153][385]LogFileHelpers: Saving map 'Nivel_1' took 1.970
[2016.01.12-04.24.08:671][498]LogEditorViewport: Clicking on Actor (LMB): BP_Sky_Sphere_C (BP_Sky_Shere)
[2016.01.12-04.24.14:802][694]Cmd: OBJ SAVEPACKAGE PACKAGE="/Game/Niveles/Nivel_1" FILE="../../../../../../Users/user/Documents/Proyecto/Content/Niveles/Nivel_1.umap" SILENT=true AUTOSAVING=false KEEPDIRTY=false
[2016.01.12-04.24.14:885][694]LogSavePackage: Save=42.069641ms
[2016.01.12-04.24.14:885][694]LogSavePackage: Moving '../../../../../../Users/user/Documents/Proyecto/Saved/Nivel_1978B02C4424A27FCF9B6D2B35B92EC9D.tmp' to '../../../../../../Users/user/Documents/Proyecto/Content/Niveles/Nivel_1.umap'
[2016.01.12-04.24.26:228][ 22]Cmd: QUIT_EDITOR
[2016.01.12-04.24.26:741][ 22]LogExit: Preparing to exit.
[2016.01.12-04.24.27:624][ 22]LogExit: Editor shut down
[2016.01.12-04.24.27:625][ 22]LogExit: Transaction tracking system shut down
[2016.01.12-04.24.27:626][ 22]LogParticles: Destroying 0 GPU particle simulations for FXSystem 0x000000624D72F380
[2016.01.12-04.24.27:662][ 22]LogParticles: Destroying 0 GPU particle simulations for FXSystem 0x000000624D72E3E0
[2016.01.12-04.24.27:662][ 22]LogParticles: Destroying 0 GPU particle simulations for FXSystem 0x000000624D72E340
[2016.01.12-04.24.27:662][ 22]LogExit: Object subsystem successfully closed.
[2016.01.12-04.24.27:767][ 22]LogModuleManager: Shutting down and abandoning module AndroidDeviceDetection (166)
[2016.01.12-04.24.27:767][ 22]LogModuleManager: Shutting down and abandoning module CrashTracker (165)
[2016.01.12-04.24.27:767][ 22]LogModuleManager: Shutting down and abandoning module SuperSearch (164)
[2016.01.12-04.24.27:767][ 22]LogModuleManager: Shutting down and abandoning module SceneOutliner (163)
[2016.01.12-04.24.27:767][ 22]LogModuleManager: Shutting down and abandoning module EditorWidgets (162)
[2016.01.12-04.24.27:767][ 22]LogModuleManager: Shutting down and abandoning module CollectionManager (161)
[2016.01.12-04.24.27:767][ 22]LogModuleManager: Shutting down and abandoning module StatsViewer (160)
[2016.01.12-04.24.27:767][ 22]LogModuleManager: Shutting down and abandoning module FoliageEdit (159)
[2016.01.12-04.24.27:767][ 22]LogModuleManager: Shutting down and abandoning module LandscapeEditor (158)
[2016.01.12-04.24.27:767][ 22]LogModuleManager: Shutting down and abandoning module MeshPaint (157)
[2016.01.12-04.24.27:767][ 22]LogModuleManager: Shutting down and abandoning module ActorPickerMode (156)
[2016.01.12-04.24.27:767][ 22]LogModuleManager: Shutting down and abandoning module GeometryMode (155)
[2016.01.12-04.24.27:767][ 22]LogModuleManager: Shutting down and abandoning module TextureAlignMode (154)
[2016.01.12-04.24.27:767][ 22]LogModuleManager: Shutting down and abandoning module BspMode (153)
[2016.01.12-04.24.27:767][ 22]LogModuleManager: Shutting down and abandoning module PlacementMode (152)
[2016.01.12-04.24.27:767][ 22]LogModuleManager: Shutting down and abandoning module AutomationWorker (151)
[2016.01.12-04.24.27:767][ 22]LogModuleManager: Shutting down and abandoning module CharacterAI (150)
[2016.01.12-04.24.27:767][ 22]LogModuleManager: Shutting down and abandoning module GameProjectGeneration (149)
[2016.01.12-04.24.27:767][ 22]LogModuleManager: Shutting down and abandoning module IntroTutorials (148)
[2016.01.12-04.24.27:767][ 22]LogModuleManager: Shutting down and abandoning module EditorLiveStreaming (147)
[2016.01.12-04.24.27:767][ 22]LogModuleManager: Shutting down and abandoning module HardwareTargeting (146)
[2016.01.12-04.24.27:767][ 22]LogModuleManager: Shutting down and abandoning module BehaviorTreeEditor (145)
[2016.01.12-04.24.27:767][ 22]LogModuleManager: Shutting down and abandoning module DeviceProfileEditor (144)
[2016.01.12-04.24.27:767][ 22]LogModuleManager: Shutting down and abandoning module UndoHistory (143)
[2016.01.12-04.24.27:767][ 22]LogModuleManager: Shutting down and abandoning module GameplayTagsEditor (142)
[2016.01.12-04.24.27:768][ 22]LogModuleManager: Shutting down and abandoning module UserFeedback (141)
[2016.01.12-04.24.27:768][ 22]LogModuleManager: Shutting down and abandoning module XmlParser (140)
[2016.01.12-04.24.27:768][ 22]LogModuleManager: Shutting down and abandoning module Blutility (139)
[2016.01.12-04.24.27:768][ 22]LogModuleManager: Shutting down and abandoning module IOSPlatformEditor (138)
[2016.01.12-04.24.27:768][ 22]LogModuleManager: Shutting down and abandoning module IOSRuntimeSettings (137)
[2016.01.12-04.24.27:768][ 22]LogModuleManager: Shutting down and abandoning module AndroidPlatformEditor (136)
[2016.01.12-04.24.27:768][ 22]LogModuleManager: Shutting down and abandoning module AndroidRuntimeSettings (135)
[2016.01.12-04.24.27:768][ 22]LogModuleManager: Shutting down and abandoning module ProjectTargetPlatformEditor (134)
[2016.01.12-04.24.27:768][ 22]LogModuleManager: Shutting down and abandoning module ProjectSettingsViewer (133)
[2016.01.12-04.24.27:768][ 22]LogModuleManager: Shutting down and abandoning module InputBindingEditor (132)
[2016.01.12-04.24.27:768][ 22]LogModuleManager: Shutting down and abandoning module EditorSettingsViewer (131)
[2016.01.12-04.24.27:768][ 22]LogModuleManager: Shutting down and abandoning module SettingsEditor (130)
[2016.01.12-04.24.27:768][ 22]LogModuleManager: Shutting down and abandoning module ProjectLauncher (129)
[2016.01.12-04.24.27:768][ 22]LogModuleManager: Shutting down and abandoning module SessionFrontend (128)
[2016.01.12-04.24.27:768][ 22]LogModuleManager: Shutting down and abandoning module ProfilerClient (127)
[2016.01.12-04.24.27:768][ 22]LogModuleManager: Shutting down and abandoning module TargetDeviceServices (126)
[2016.01.12-04.24.27:768][ 22]LogModuleManager: Shutting down and abandoning module DeviceManager (125)
[2016.01.12-04.24.27:768][ 22]LogModuleManager: Shutting down and abandoning module AutomationController (124)
[2016.01.12-04.24.27:768][ 22]LogModuleManager: Shutting down and abandoning module AutomationWindow (123)
[2016.01.12-04.24.27:768][ 22]LogModuleManager: Shutting down and abandoning module Layers (122)
[2016.01.12-04.24.27:768][ 22]LogModuleManager: Shutting down and abandoning module ComponentVisualizers (121)
[2016.01.12-04.24.27:768][ 22]LogModuleManager: Shutting down and abandoning module DetailCustomizations (120)
[2016.01.12-04.24.27:768][ 22]LogModuleManager: Shutting down and abandoning module PackagesDialog (119)
[2016.01.12-04.24.27:769][ 22]LogModuleManager: Shutting down and abandoning module AssetRegistry (118)
[2016.01.12-04.24.27:802][ 22]LogModuleManager: Shutting down and abandoning module Persona (117)
[2016.01.12-04.24.27:802][ 22]LogModuleManager: Shutting down and abandoning module Kismet (116)
[2016.01.12-04.24.27:803][ 22]LogModuleManager: Shutting down and abandoning module GraphEditor (115)
[2016.01.12-04.24.27:803][ 22]LogModuleManager: Shutting down and abandoning module ClassViewer (114)
[2016.01.12-04.24.27:803][ 22]LogModuleManager: Shutting down and abandoning module Toolbox (113)
[2016.01.12-04.24.27:803][ 22]LogModuleManager: Shutting down and abandoning module ModuleUI (112)
[2016.01.12-04.24.27:803][ 22]LogModuleManager: Shutting down and abandoning module MovieSceneTools (111)
[2016.01.12-04.24.27:803][ 22]LogModuleManager: Shutting down and abandoning module OutputLog (110)
[2016.01.12-04.24.27:803][ 22]LogModuleManager: Shutting down and abandoning module GammaUI (109)
[2016.01.12-04.24.27:803][ 22]LogModuleManager: Shutting down and abandoning module Documentation (108)
[2016.01.12-04.24.27:803][ 22]LogModuleManager: Shutting down and abandoning module GameLiveStreaming (107)
[2016.01.12-04.24.27:803][ 22]LogModuleManager: Shutting down and abandoning module StreamingPauseRendering (106)
[2016.01.12-04.24.27:803][ 22]LogModuleManager: Shutting down and abandoning module HTTP (105)
[2016.01.12-04.24.27:803][ 22]LogModuleManager: Shutting down and abandoning module AnalyticsET (104)
[2016.01.12-04.24.27:803][ 22]LogModuleManager: Shutting down and abandoning module Analytics (103)
[2016.01.12-04.24.27:803][ 22]LogModuleManager: Shutting down and abandoning module GameplayDebugger (102)
[2016.01.12-04.24.27:803][ 22]LogModuleManager: Shutting down and abandoning module AIModule (101)
[2016.01.12-04.24.27:803][ 22]LogModuleManager: Shutting down and abandoning module ProfilerService (100)
[2016.01.12-04.24.27:979][ 22]LogModuleManager: Shutting down and abandoning module TaskGraph (99)
[2016.01.12-04.24.27:979][ 22]LogModuleManager: Shutting down and abandoning module SlateRemote (98)
[2016.01.12-04.24.27:979][ 22]LogModuleManager: Shutting down and abandoning module ScriptEditorPlugin (97)
[2016.01.12-04.24.27:979][ 22]LogModuleManager: Shutting down and abandoning module CustomMeshComponent (96)
[2016.01.12-04.24.27:979][ 22]LogModuleManager: Shutting down and abandoning module CableComponent (95)
[2016.01.12-04.24.27:979][ 22]LogModuleManager: Shutting down and abandoning module MessagingDebugger (94)
[2016.01.12-04.24.27:979][ 22]LogModuleManager: Shutting down and abandoning module MediaPlayerEditor (93)
[2016.01.12-04.24.27:979][ 22]LogModuleManager: Shutting down and abandoning module SpeedTreeImporter (92)
[2016.01.12-04.24.27:979][ 22]LogModuleManager: Shutting down and abandoning module PluginsEditor (91)
[2016.01.12-04.24.27:979][ 22]LogModuleManager: Shutting down and abandoning module EpicSurvey (90)
[2016.01.12-04.24.27:979][ 22]LogModuleManager: Shutting down and abandoning module DesktopPlatform (89)
[2016.01.12-04.24.27:979][ 22]LogModuleManager: Shutting down and abandoning module VisualStudioSourceCodeAccess (88)
[2016.01.12-04.24.27:979][ 22]LogModuleManager: Shutting down and abandoning module UObjectPlugin (87)
[2016.01.12-04.24.27:979][ 22]LogModuleManager: Shutting down and abandoning module SubversionSourceControl (86)
[2016.01.12-04.24.27:979][ 22]LogModuleManager: Shutting down and abandoning module SourceControl (85)
[2016.01.12-04.24.27:979][ 22]LogModuleManager: Shutting down and abandoning module PerforceSourceControl (84)
[2016.01.12-04.24.27:979][ 22]LogModuleManager: Shutting down and abandoning module BlankPlugin (83)
[2016.01.12-04.24.27:979][ 22]LogModuleManager: Shutting down and abandoning module SlateReflector (82)
[2016.01.12-04.24.27:979][ 22]LogModuleManager: Shutting down and abandoning module DirectoryWatcher (81)
[2016.01.12-04.24.27:980][ 22]LogModuleManager: Shutting down and abandoning module HotReload (80)
[2016.01.12-04.24.27:980][ 22]LogModuleManager: Shutting down and abandoning module MainFrame (79)
[2016.01.12-04.24.27:980][ 22]LogModuleManager: Shutting down and abandoning module LevelEditor (78)
[2016.01.12-04.24.27:981][ 22]LogModuleManager: Shutting down and abandoning module ViewportSnapping (77)
[2016.01.12-04.24.27:981][ 22]LogModuleManager: Shutting down and abandoning module SmartSnapping (76)
[2016.01.12-04.24.27:981][ 22]LogModuleManager: Shutting down and abandoning module PaperTiledImporter (75)
[2016.01.12-04.24.27:981][ 22]LogModuleManager: Shutting down and abandoning module PaperJsonImporter (74)
[2016.01.12-04.24.27:982][ 22]LogModuleManager: Shutting down and abandoning module ContentBrowser (73)
[2016.01.12-04.24.27:982][ 22]LogModuleManager: Shutting down and abandoning module PropertyEditor (72)
[2016.01.12-04.24.27:982][ 22]LogModuleManager: Shutting down and abandoning module Paper2DEditor (71)
[2016.01.12-04.24.27:982][ 22]LogModuleManager: Shutting down and abandoning module ScriptPlugin (70)
[2016.01.12-04.24.27:982][ 22]LogModuleManager: Shutting down and abandoning module UdpMessaging (69)
[2016.01.12-04.24.28:083][ 22]LogModuleManager: Shutting down and abandoning module Paper2D (68)
[2016.01.12-04.24.28:083][ 22]LogModuleManager: Shutting down and abandoning module WindowsMoviePlayer (67)
[2016.01.12-04.24.28:086][ 22]LogModuleManager: Shutting down and abandoning module Media (66)
[2016.01.12-04.24.28:086][ 22]LogModuleManager: Shutting down and abandoning module WmfMedia (65)
[2016.01.12-04.24.28:086][ 22]LogModuleManager: Shutting down and abandoning module OnlineBlueprintSupport (64)
[2016.01.12-04.24.28:086][ 22]LogModuleManager: Shutting down and abandoning module FunctionalTesting (63)
[2016.01.12-04.24.28:086][ 22]LogModuleManager: Shutting down and abandoning module CollisionAnalyzer (62)
[2016.01.12-04.24.28:086][ 22]LogModuleManager: Shutting down and abandoning module WorkspaceMenuStructure (61)
[2016.01.12-04.24.28:086][ 22]LogModuleManager: Shutting down and abandoning module MessageLog (60)
[2016.01.12-04.24.28:086][ 22]LogModuleManager: Shutting down and abandoning module Sequencer (59)
[2016.01.12-04.24.28:086][ 22]LogModuleManager: Shutting down and abandoning module AssetTools (58)
[2016.01.12-04.24.28:086][ 22]LogModuleManager: Shutting down and abandoning module UMGEditor (57)
[2016.01.12-04.24.28:086][ 22]LogModuleManager: Shutting down and abandoning module UMG (56)
[2016.01.12-04.24.28:086][ 22]LogModuleManager: Shutting down and abandoning module Slate (55)
[2016.01.12-04.24.28:086][ 22]LogModuleManager: Shutting down and abandoning module EditorStyle (54)
[2016.01.12-04.24.28:089][ 22]LogModuleManager: Shutting down and abandoning module SessionServices (53)
[2016.01.12-04.24.28:089][ 22]LogModuleManager: Shutting down and abandoning module SourceCodeAccess (52)
[2016.01.12-04.24.28:089][ 22]LogModuleManager: Shutting down and abandoning module HeadMountedDisplay (51)
[2016.01.12-04.24.28:089][ 22]LogModuleManager: Shutting down and abandoning module XAudio2 (50)
[2016.01.12-04.24.28:089][ 22]LogModuleManager: Shutting down and abandoning module Networking (48)
[2016.01.12-04.24.28:089][ 22]LogModuleManager: Shutting down and abandoning module Core (47)
[2016.01.12-04.24.28:089][ 22]LogModuleManager: Shutting down and abandoning module KismetCompiler (46)
[2016.01.12-04.24.28:089][ 22]LogModuleManager: Shutting down and abandoning module PhysXFormats (45)
[2016.01.12-04.24.28:090][ 22]LogModuleManager: Shutting down and abandoning module MeshUtilities (44)
[2016.01.12-04.24.28:090][ 22]LogModuleManager: Shutting down and abandoning module DerivedDataCache (43)
[2016.01.12-04.24.28:186][ 22]LogDerivedDataCache: Shutdown
[2016.01.12-04.24.28:186][ 22]LogModuleManager: Shutting down and abandoning module ShaderFormatOpenGL (42)
[2016.01.12-04.24.28:186][ 22]LogModuleManager: Shutting down and abandoning module ShaderFormatD3D (41)
[2016.01.12-04.24.28:186][ 22]LogModuleManager: Shutting down and abandoning module MetalShaderFormat (40)
[2016.01.12-04.24.28:186][ 22]LogModuleManager: Shutting down and abandoning module TextureFormatUncompressed (39)
[2016.01.12-04.24.28:186][ 22]LogModuleManager: Shutting down and abandoning module TextureFormatPVR (38)
[2016.01.12-04.24.28:186][ 22]LogModuleManager: Shutting down and abandoning module TextureFormatDXT (37)
[2016.01.12-04.24.28:186][ 22]LogModuleManager: Shutting down and abandoning module TextureFormatAndroid (36)
[2016.01.12-04.24.28:186][ 22]LogModuleManager: Shutting down and abandoning module AudioFormatOpus (35)
[2016.01.12-04.24.28:186][ 22]LogModuleManager: Shutting down and abandoning module AudioFormatOgg (34)
[2016.01.12-04.24.28:186][ 22]LogModuleManager: Shutting down and abandoning module AudioFormatADPCM (33)
[2016.01.12-04.24.28:186][ 22]LogModuleManager: Shutting down and abandoning module Messaging (32)
[2016.01.12-04.24.28:186][ 22]LogModuleManager: Shutting down and abandoning module IOSTargetPlatform (31)
[2016.01.12-04.24.28:186][ 22]LogModuleManager: Shutting down and abandoning module Android_PVRTCTargetPlatform (30)
[2016.01.12-04.24.28:186][ 22]LogModuleManager: Shutting down and abandoning module Android_ETC2TargetPlatform (29)
[2016.01.12-04.24.28:186][ 22]LogModuleManager: Shutting down and abandoning module Android_ETC1TargetPlatform (28)
[2016.01.12-04.24.28:186][ 22]LogModuleManager: Shutting down and abandoning module Android_DXTTargetPlatform (27)
[2016.01.12-04.24.28:186][ 22]LogModuleManager: Shutting down and abandoning module Android_ATCTargetPlatform (26)
[2016.01.12-04.24.28:186][ 22]LogModuleManager: Shutting down and abandoning module AndroidTargetPlatform (25)
[2016.01.12-04.24.28:186][ 22]LogModuleManager: Shutting down and abandoning module WindowsTargetPlatform (24)
[2016.01.12-04.24.28:186][ 22]LogModuleManager: Shutting down and abandoning module WindowsServerTargetPlatform (23)
[2016.01.12-04.24.28:186][ 22]LogModuleManager: Shutting down and abandoning module WindowsNoEditorTargetPlatform (22)
[2016.01.12-04.24.28:186][ 22]LogModuleManager: Shutting down and abandoning module WindowsClientTargetPlatform (21)
[2016.01.12-04.24.28:186][ 22]LogModuleManager: Shutting down and abandoning module TargetPlatform (20)
[2016.01.12-04.24.28:186][ 22]LogModuleManager: Shutting down and abandoning module InputCore (19)
[2016.01.12-04.24.28:186][ 22]LogModuleManager: Shutting down and abandoning module Settings (18)
[2016.01.12-04.24.28:186][ 22]LogModuleManager: Shutting down and abandoning module ImageWrapper (17)
[2016.01.12-04.24.28:186][ 22]LogModuleManager: Shutting down and abandoning module OculusRift (14)
[2016.01.12-04.24.28:186][ 22]LogModuleManager: Shutting down and abandoning module ExampleDeviceProfileSelector (13)
[2016.01.12-04.24.28:187][ 22]LogModuleManager: Shutting down and abandoning module TextureCompressor (12)
[2016.01.12-04.24.28:187][ 22]LogModuleManager: Shutting down and abandoning module ShaderCore (11)
[2016.01.12-04.24.28:187][ 22]LogModuleManager: Shutting down and abandoning module SlateRHIRenderer (10)
[2016.01.12-04.24.28:190][ 22]LogModuleManager: Shutting down and abandoning module OpenGLDrv (9)
[2016.01.12-04.24.28:190][ 22]LogModuleManager: Shutting down and abandoning module D3D11RHI (8)
[2016.01.12-04.24.28:190][ 22]LogModuleManager: Shutting down and abandoning module Renderer (7)
[2016.01.12-04.24.28:190][ 22]LogModuleManager: Shutting down and abandoning module Engine (6)
[2016.01.12-04.24.28:190][ 22]LogModuleManager: Shutting down and abandoning module CoreUObject (5)
[2016.01.12-04.24.28:190][ 22]LogModuleManager: Shutting down and abandoning module NetworkFile (4)
[2016.01.12-04.24.28:190][ 22]LogModuleManager: Shutting down and abandoning module StreamingFile (3)
[2016.01.12-04.24.28:190][ 22]LogModuleManager: Shutting down and abandoning module SandboxFile (2)
[2016.01.12-04.24.28:190][ 22]LogModuleManager: Shutting down and abandoning module PakFile (1)
[2016.01.12-04.24.28:190][ 22]LogExit: Exiting.
[2016.01.12-04.24.28:196][ 22]Log file closed, 01/11/16 23:24:28
