Log file open, 01/13/16 10:47:15
LogInit:Display: Running engine for game: Proyecto
LogInit: Version: 4.5.1-2336687+++depot+UE4-Releases+4.5
LogInit: API Version: 2326478
LogInit: Compiled (64-bit): Oct 21 2014 22:32:40
LogInit: Compiled with Visual C++: 18.00.21005.01
LogInit: Build Configuration: Development
LogInit: Branch Name: ++depot+UE4-Releases+4.5
LogInit: Command line:  
LogInit: Base directory: C:/Program Files (x86)/Epic Games/4.5/Engine/Binaries/Win64/
LogInit: Rocket: 1
[2016.01.13-15.47.15:971][  0]LogTaskGraph: Started task graph with 3 named threads and 6 total threads.
[2016.01.13-15.47.16:030][  0]LogOnline:Warning: No default platform service specified for OnlineSubsystem
[2016.01.13-15.47.16:062][  0]LogInit: Presizing for 0 objects not considered by GC, pre-allocating 0 bytes.
[2016.01.13-15.47.16:079][  0]LogInit: Object subsystem initialized
[2016.01.13-15.47.16:084][  0]LogConsoleResponse:Warning: Skipping Unknown console variable: 'UIScaleRule = ShortestSide'
[2016.01.13-15.47.16:084][  0]LogConsoleResponse:Warning:   Found in ini file 'C:/Users/Jimmy/git/PoliHeath/Proyecto/Saved/Config/Windows/Engine.ini', in section '[/Script/Engine.RendererSettings]'
[2016.01.13-15.47.16:085][  0]LogConsoleResponse:Warning: Skipping Unknown console variable: 'UIScaleCurve = (EditorCurveData=(Keys=((Time=480.000000,Value=0.444000),(Time=720.000000,Value=0.666000),(Time=1080.000000,Value=1.000000),(Time=8640.000000,Value=8.000000))),ExternalCurve=None)'
[2016.01.13-15.47.16:085][  0]LogConsoleResponse:Warning:   Found in ini file 'C:/Users/Jimmy/git/PoliHeath/Proyecto/Saved/Config/Windows/Engine.ini', in section '[/Script/Engine.RendererSettings]'
[2016.01.13-15.47.16:086][  0]LogInit: Selected Device Profile: [Windows]
[2016.01.13-15.47.16:086][  0]LogInit: Applying CVar settings loaded from the selected device profile: [Windows]
[2016.01.13-15.47.16:101][  0]LogInit: Computer: JIMMY-PC
[2016.01.13-15.47.16:101][  0]LogInit: User: Jimmy
[2016.01.13-15.47.16:104][  0]LogInit: CPU Page size=4096, Cores=6
[2016.01.13-15.47.16:104][  0]LogInit: High frequency timer resolution =2.746524 MHz
[2016.01.13-15.47.16:104][  0]LogMemory: Memory total: Physical=4.0GB (4GB approx) Virtual=131072.0GB
[2016.01.13-15.47.16:104][  0]LogMemory: Platform Memory Stats for Windows
[2016.01.13-15.47.16:104][  0]LogMemory: Process Physical Memory: 59.83 MB used, 59.83 MB peak
[2016.01.13-15.47.16:104][  0]LogMemory: Process Virtual Memory: 35.48 MB used, 38.63 MB peak
[2016.01.13-15.47.16:104][  0]LogMemory: Physical Memory: 2693.59 MB used, 4092.53 MB total
[2016.01.13-15.47.16:104][  0]LogMemory: Virtual Memory: 279.66 MB used, 134217728.00 MB total
[2016.01.13-15.47.16:153][  0]LogD3D11RHI: Found D3D11 adapter 0: NVIDIA GeForce GTX 650 (Feature Level 11_0)
[2016.01.13-15.47.16:154][  0]LogD3D11RHI: Adapter has 1986MB of dedicated video memory, 0MB of dedicated system memory, and 2046MB of shared system memory, 1 output[s]
[2016.01.13-15.47.16:157][  0]LogD3D11RHI: Found D3D11 adapter 1: Microsoft Basic Render Driver (Feature Level 11_0)
[2016.01.13-15.47.16:157][  0]LogD3D11RHI: Adapter has 0MB of dedicated video memory, 0MB of dedicated system memory, and 256MB of shared system memory, 0 output[s]
[2016.01.13-15.47.16:157][  0]LogD3D11RHI: Chosen D3D11 Adapter Id = 0
[2016.01.13-15.47.16:164][  0]LogRHI: Texture pool is 1361 MB (70% of 1945 MB)
[2016.01.13-15.47.16:184][  0]LogD3D11RHI: Async texture creation enabled
[2016.01.13-15.47.16:249][  0]LogTextLocalizationManager: The requested culture ('en_US') has no localization data; parent culture's ('en') localization data will be used.
[2016.01.13-15.47.16:499][  0]LogContentStreaming: Texture pool size is 0.000000MB
[2016.01.13-15.47.24:037][  0]LogTargetPlatformManager:Display: Building Assets For Windows
[2016.01.13-15.47.24:756][  0]LogTargetPlatformManager:Display: Building Assets For Windows
[2016.01.13-15.47.24:846][  0]LogDerivedDataCache:Display: Max Cache Size: 512 MB
[2016.01.13-15.47.24:960][  0]LogDerivedDataCache: Loaded boot cache 0.11s 39MB C:/Users/Jimmy/AppData/Local/UnrealEngine/4.5/DerivedDataCache/Boot.ddc.
[2016.01.13-15.47.24:960][  0]LogDerivedDataCache:Display: Loaded Boot cache: C:/Users/Jimmy/AppData/Local/UnrealEngine/4.5/DerivedDataCache/Boot.ddc
[2016.01.13-15.47.24:960][  0]LogDerivedDataCache: FDerivedDataBackendGraph:  Pak pak cache file ../../../../../../Users/Jimmy/git/PoliHeath/Proyecto/DerivedDataCache/DDC.ddp not found, will not use a pak cache.
[2016.01.13-15.47.24:960][  0]LogDerivedDataCache: Unable to find inner node Pak for hierarchical cache Hierarchy.
[2016.01.13-15.47.25:063][  0]LogDerivedDataCache:Display: Pak cache opened for reading ../../../Engine/DerivedDataCache/DDC.ddp.
[2016.01.13-15.47.25:077][  0]LogDerivedDataCache: Using Local data cache path C:/Users/Jimmy/AppData/Local/UnrealEngine/Common/DerivedDataCache: Writable
[2016.01.13-15.47.25:420][  0]LogMeshUtilities: No automatic mesh reduction module available
[2016.01.13-15.47.25:420][  0]LogMeshUtilities: No automatic mesh merging module available
[2016.01.13-15.47.25:858][  0]LogLinker:Warning: Asset '../../../Engine/Content/Functions/Engine_MaterialFunctions02/Texturing/FlipBook.uasset' has been saved with empty engine version. The asset will be loaded but may be incompatible.
[2016.01.13-15.47.25:864][  0]LogLinker:Warning: Asset '../../../Engine/Content/Functions/Engine_MaterialFunctions02/ExampleContent/Textures/flipbook.uasset' has been saved with empty engine version. The asset will be loaded but may be incompatible.
[2016.01.13-15.47.26:181][  0]LogInit: WinSock: version 1.1 (2.2), MaxSocks=32767, MaxUdp=65467
[2016.01.13-15.47.28:414][  0]UdpMessaging: Initializing bridge on interface 0.0.0.0:0 to multicast group 230.0.0.1:6666.
[2016.01.13-15.47.28:677][  0]LogDirectoryWatcher:Warning: Failed to begin reading directory changes for C:/Users/Jimmy/git/PoliHeath/Proyecto/Binaries/Win64. Error: 0
[2016.01.13-15.47.28:926][  0]SourceControl: Info Source control is disabled
[2016.01.13-15.47.28:926][  0]SourceControl: Info Source control is disabled
[2016.01.13-15.47.28:939][  0]SourceControl: Info Source control is disabled
[2016.01.13-15.47.29:159][  0]LogObj: 22915 objects as part of root set at end of initial load.
[2016.01.13-15.47.29:159][  0]LogUObjectAllocator: 4803536 out of 0 bytes used by permanent object pool.
[2016.01.13-15.47.29:262][  0]LogEngine: Initializing Engine...
[2016.01.13-15.47.29:536][  0]LogInit: XAudio2 using 'Speakers (Realtek High Definition Audio)' : 2 channels at 48 kHz using 32 bits per sample (channel mask 0x3)
[2016.01.13-15.47.29:556][  0]LogInit: FAudioDevice initialized.
[2016.01.13-15.47.29:592][  0]LogAIModule: Creating AISystem for world NewWorld
[2016.01.13-15.47.29:657][  0]LogDerivedDataCache: Saved boot cache 0.06s 39MB C:/Users/Jimmy/AppData/Local/UnrealEngine/4.5/DerivedDataCache/Boot.ddc.
[2016.01.13-15.47.29:676][  0]LogInit: Texture streaming: Enabled
[2016.01.13-15.47.29:758][  0]LogInit: Transaction tracking system initialized
[2016.01.13-15.47.29:925][  0]BlueprintLog: New page: Editor Load
[2016.01.13-15.47.29:970][  0]LogAssetRegistry: FAssetRegistry took 0.0110 seconds to start up
[2016.01.13-15.47.29:971][  0]LogDirectoryWatcher:Warning: Failed to begin reading directory changes for ../../../Engine/Plugins/Experimental/CharacterAI/Content/. Error: 0
[2016.01.13-15.47.30:745][  0]LogTargetPlatformManager:Display: Building Assets For Windows
[2016.01.13-15.47.31:358][  0]LogTargetPlatformManager:Display: Building Assets For Windows
[2016.01.13-15.47.31:682][  0]LogConsoleResponse:Display: 
[2016.01.13-15.47.32:024][  0]SourceControl: Info Source control is disabled
[2016.01.13-15.47.32:024][  0]Cmd: MAP LOAD FILE="../../../Engine/Content/Maps/Templates/Template_Default.umap" TEMPLATE=1 SHOWPROGRESS=1
[2016.01.13-15.47.32:027][  0]LightingResults: New page: Lighting Build
[2016.01.13-15.47.32:043][  0]MapCheck: New page: Map Check
[2016.01.13-15.47.32:043][  0]LightingResults: New page: Lighting Build
[2016.01.13-15.47.32:056][  0]LogParticles: Destroying 0 GPU particle simulations for FXSystem 0x0000007699799A80
[2016.01.13-15.47.32:405][  0]LogEditorServer: Finished looking for orphan Actors (0.000 secs)
[2016.01.13-15.47.32:405][  0]LogAIModule: Creating AISystem for world Untitled_1
[2016.01.13-15.47.32:405][  0]Cmd: MAP CHECKDEP
[2016.01.13-15.47.32:406][  0]MapCheck: New page: Untitled_1 - Jan 13, 2016, 5:47:32 AM
[2016.01.13-15.47.32:596][  0]MapCheck: Info Map check complete: 0 Error(s), 0 Warning(s), took 190.649ms to complete.
[2016.01.13-15.47.32:596][  0]LogFileHelpers: Loading map 'Template_Default' took 0.572
[2016.01.13-15.47.32:709][  0]LogCollectionManager: Loaded 0 collections in 0.001668 seconds
[2016.01.13-15.47.32:928][  0]LogCrashTracker: Crashtracker disabled due to settings.
[2016.01.13-15.47.32:936][  0]LogUObjectGlobals:Warning: Failed to find object 'Class None.'
[2016.01.13-15.47.32:965][  0]LogLoad: Full Startup: 19.97 seconds (BP compile: 0.10 seconds)
[2016.01.13-15.47.33:310][  0]LogContentBrowser:Verbose: The content browser source was changed by the sources view to '/Game/Niveles'
[2016.01.13-15.47.33:571][  0]LogRenderer:Warning: Reallocating scene render targets to support 936x904.
[2016.01.13-15.47.34:417][  3]LogAssetRegistry: Asset discovery search completed in 4.4573 seconds
[2016.01.13-15.48.12:040][443]Cmd: MAP LOAD FILE="../../../../../../Users/Jimmy/git/PoliHeath/Proyecto/Content/Niveles/Nivel_1.umap" TEMPLATE=0 SHOWPROGRESS=1
[2016.01.13-15.48.12:040][443]LightingResults: New page: Lighting Build
[2016.01.13-15.48.12:089][443]LoadErrors: New page: Loading map: Nivel_1.umap
[2016.01.13-15.48.12:089][443]MapCheck: New page: Map Check
[2016.01.13-15.48.12:089][443]LightingResults: New page: Lighting Build
[2016.01.13-15.48.12:106][443]LogParticles: Destroying 0 GPU particle simulations for FXSystem 0x00000076966C4EA0
[2016.01.13-15.48.12:177][443]LogEditorServer: Finished looking for orphan Actors (0.000 secs)
[2016.01.13-15.48.12:178][443]LogAIModule: Creating AISystem for world Nivel_1
[2016.01.13-15.48.12:220][443]Cmd: MAP CHECKDEP
[2016.01.13-15.48.12:221][443]MapCheck: New page: Nivel_1 - Jan 13, 2016, 5:48:12 AM
[2016.01.13-15.48.12:442][443]MapCheck: Info Map check complete: 0 Error(s), 0 Warning(s), took 221.724ms to complete.
[2016.01.13-15.48.12:442][443]LogFileHelpers: Loading map 'Nivel_1' took 0.406
[2016.01.13-15.48.13:053][479]Cmd: OBJ SAVEPACKAGE PACKAGE="/Game/Niveles/Nivel_1" FILE="../../../../../../Users/Jimmy/git/PoliHeath/Proyecto/Content/Niveles/Nivel_1.umap" SILENT=true AUTOSAVING=false KEEPDIRTY=false
[2016.01.13-15.48.13:129][479]LogSavePackage: Save=38.538895ms
[2016.01.13-15.48.13:129][479]LogSavePackage: Moving '../../../../../../Users/Jimmy/git/PoliHeath/Proyecto/Saved/Nivel_11B239B7446EB5E1E102EC2B99F9D6724.tmp' to '../../../../../../Users/Jimmy/git/PoliHeath/Proyecto/Content/Niveles/Nivel_1.umap'
[2016.01.13-15.48.16:450][655]Cmd: QUIT_EDITOR
[2016.01.13-15.48.16:954][655]LogExit: Preparing to exit.
[2016.01.13-15.48.17:563][655]LogExit: Editor shut down
[2016.01.13-15.48.17:563][655]LogExit: Transaction tracking system shut down
[2016.01.13-15.48.17:565][655]LogParticles: Destroying 0 GPU particle simulations for FXSystem 0x000000769CA2E3E0
[2016.01.13-15.48.17:601][655]LogExit: Object subsystem successfully closed.
[2016.01.13-15.48.17:681][655]LogModuleManager: Shutting down and abandoning module ExternalImagePicker (167)
[2016.01.13-15.48.17:681][655]LogModuleManager: Shutting down and abandoning module AndroidDeviceDetection (166)
[2016.01.13-15.48.18:288][655]LogModuleManager: Shutting down and abandoning module CrashTracker (165)
[2016.01.13-15.48.18:288][655]LogModuleManager: Shutting down and abandoning module SuperSearch (164)
[2016.01.13-15.48.18:288][655]LogModuleManager: Shutting down and abandoning module SceneOutliner (163)
[2016.01.13-15.48.18:288][655]LogModuleManager: Shutting down and abandoning module EditorWidgets (162)
[2016.01.13-15.48.18:288][655]LogModuleManager: Shutting down and abandoning module CollectionManager (161)
[2016.01.13-15.48.18:288][655]LogModuleManager: Shutting down and abandoning module StatsViewer (160)
[2016.01.13-15.48.18:288][655]LogModuleManager: Shutting down and abandoning module FoliageEdit (159)
[2016.01.13-15.48.18:288][655]LogModuleManager: Shutting down and abandoning module LandscapeEditor (158)
[2016.01.13-15.48.18:288][655]LogModuleManager: Shutting down and abandoning module MeshPaint (157)
[2016.01.13-15.48.18:288][655]LogModuleManager: Shutting down and abandoning module ActorPickerMode (156)
[2016.01.13-15.48.18:288][655]LogModuleManager: Shutting down and abandoning module GeometryMode (155)
[2016.01.13-15.48.18:288][655]LogModuleManager: Shutting down and abandoning module TextureAlignMode (154)
[2016.01.13-15.48.18:288][655]LogModuleManager: Shutting down and abandoning module BspMode (153)
[2016.01.13-15.48.18:288][655]LogModuleManager: Shutting down and abandoning module PlacementMode (152)
[2016.01.13-15.48.18:288][655]LogModuleManager: Shutting down and abandoning module AutomationWorker (151)
[2016.01.13-15.48.18:288][655]LogModuleManager: Shutting down and abandoning module CharacterAI (150)
[2016.01.13-15.48.18:288][655]LogModuleManager: Shutting down and abandoning module GameProjectGeneration (149)
[2016.01.13-15.48.18:288][655]LogModuleManager: Shutting down and abandoning module IntroTutorials (148)
[2016.01.13-15.48.18:288][655]LogModuleManager: Shutting down and abandoning module EditorLiveStreaming (147)
[2016.01.13-15.48.18:289][655]LogModuleManager: Shutting down and abandoning module HardwareTargeting (146)
[2016.01.13-15.48.18:289][655]LogModuleManager: Shutting down and abandoning module BehaviorTreeEditor (145)
[2016.01.13-15.48.18:289][655]LogModuleManager: Shutting down and abandoning module DeviceProfileEditor (144)
[2016.01.13-15.48.18:289][655]LogModuleManager: Shutting down and abandoning module UndoHistory (143)
[2016.01.13-15.48.18:289][655]LogModuleManager: Shutting down and abandoning module GameplayTagsEditor (142)
[2016.01.13-15.48.18:289][655]LogModuleManager: Shutting down and abandoning module UserFeedback (141)
[2016.01.13-15.48.18:289][655]LogModuleManager: Shutting down and abandoning module XmlParser (140)
[2016.01.13-15.48.18:289][655]LogModuleManager: Shutting down and abandoning module Blutility (139)
[2016.01.13-15.48.18:289][655]LogModuleManager: Shutting down and abandoning module IOSPlatformEditor (138)
[2016.01.13-15.48.18:289][655]LogModuleManager: Shutting down and abandoning module IOSRuntimeSettings (137)
[2016.01.13-15.48.18:289][655]LogModuleManager: Shutting down and abandoning module AndroidPlatformEditor (136)
[2016.01.13-15.48.18:289][655]LogModuleManager: Shutting down and abandoning module AndroidRuntimeSettings (135)
[2016.01.13-15.48.18:289][655]LogModuleManager: Shutting down and abandoning module ProjectTargetPlatformEditor (134)
[2016.01.13-15.48.18:289][655]LogModuleManager: Shutting down and abandoning module ProjectSettingsViewer (133)
[2016.01.13-15.48.18:289][655]LogModuleManager: Shutting down and abandoning module InputBindingEditor (132)
[2016.01.13-15.48.18:289][655]LogModuleManager: Shutting down and abandoning module EditorSettingsViewer (131)
[2016.01.13-15.48.18:289][655]LogModuleManager: Shutting down and abandoning module SettingsEditor (130)
[2016.01.13-15.48.18:289][655]LogModuleManager: Shutting down and abandoning module ProjectLauncher (129)
[2016.01.13-15.48.18:289][655]LogModuleManager: Shutting down and abandoning module SessionFrontend (128)
[2016.01.13-15.48.18:289][655]LogModuleManager: Shutting down and abandoning module ProfilerClient (127)
[2016.01.13-15.48.18:289][655]LogModuleManager: Shutting down and abandoning module TargetDeviceServices (126)
[2016.01.13-15.48.18:289][655]LogModuleManager: Shutting down and abandoning module DeviceManager (125)
[2016.01.13-15.48.18:290][655]LogModuleManager: Shutting down and abandoning module AutomationController (124)
[2016.01.13-15.48.18:290][655]LogModuleManager: Shutting down and abandoning module AutomationWindow (123)
[2016.01.13-15.48.18:290][655]LogModuleManager: Shutting down and abandoning module Layers (122)
[2016.01.13-15.48.18:290][655]LogModuleManager: Shutting down and abandoning module ComponentVisualizers (121)
[2016.01.13-15.48.18:290][655]LogModuleManager: Shutting down and abandoning module DetailCustomizations (120)
[2016.01.13-15.48.18:290][655]LogModuleManager: Shutting down and abandoning module PackagesDialog (119)
[2016.01.13-15.48.18:290][655]LogModuleManager: Shutting down and abandoning module AssetRegistry (118)
[2016.01.13-15.48.18:356][655]LogModuleManager: Shutting down and abandoning module Persona (117)
[2016.01.13-15.48.18:356][655]LogModuleManager: Shutting down and abandoning module Kismet (116)
[2016.01.13-15.48.18:357][655]LogModuleManager: Shutting down and abandoning module GraphEditor (115)
[2016.01.13-15.48.18:357][655]LogModuleManager: Shutting down and abandoning module ClassViewer (114)
[2016.01.13-15.48.18:357][655]LogModuleManager: Shutting down and abandoning module Toolbox (113)
[2016.01.13-15.48.18:357][655]LogModuleManager: Shutting down and abandoning module ModuleUI (112)
[2016.01.13-15.48.18:357][655]LogModuleManager: Shutting down and abandoning module MovieSceneTools (111)
[2016.01.13-15.48.18:357][655]LogModuleManager: Shutting down and abandoning module OutputLog (110)
[2016.01.13-15.48.18:357][655]LogModuleManager: Shutting down and abandoning module GammaUI (109)
[2016.01.13-15.48.18:357][655]LogModuleManager: Shutting down and abandoning module Documentation (108)
[2016.01.13-15.48.18:357][655]LogModuleManager: Shutting down and abandoning module GameLiveStreaming (107)
[2016.01.13-15.48.18:357][655]LogModuleManager: Shutting down and abandoning module StreamingPauseRendering (106)
[2016.01.13-15.48.18:357][655]LogModuleManager: Shutting down and abandoning module HTTP (105)
[2016.01.13-15.48.18:357][655]LogModuleManager: Shutting down and abandoning module AnalyticsET (104)
[2016.01.13-15.48.18:357][655]LogModuleManager: Shutting down and abandoning module Analytics (103)
[2016.01.13-15.48.18:357][655]LogModuleManager: Shutting down and abandoning module GameplayDebugger (102)
[2016.01.13-15.48.18:357][655]LogModuleManager: Shutting down and abandoning module AIModule (101)
[2016.01.13-15.48.18:357][655]LogModuleManager: Shutting down and abandoning module ProfilerService (100)
[2016.01.13-15.48.18:500][655]LogModuleManager: Shutting down and abandoning module TaskGraph (99)
[2016.01.13-15.48.18:500][655]LogModuleManager: Shutting down and abandoning module SlateRemote (98)
[2016.01.13-15.48.18:500][655]LogModuleManager: Shutting down and abandoning module ScriptEditorPlugin (97)
[2016.01.13-15.48.18:500][655]LogModuleManager: Shutting down and abandoning module CustomMeshComponent (96)
[2016.01.13-15.48.18:500][655]LogModuleManager: Shutting down and abandoning module CableComponent (95)
[2016.01.13-15.48.18:500][655]LogModuleManager: Shutting down and abandoning module MessagingDebugger (94)
[2016.01.13-15.48.18:500][655]LogModuleManager: Shutting down and abandoning module MediaPlayerEditor (93)
[2016.01.13-15.48.18:500][655]LogModuleManager: Shutting down and abandoning module SpeedTreeImporter (92)
[2016.01.13-15.48.18:500][655]LogModuleManager: Shutting down and abandoning module PluginsEditor (91)
[2016.01.13-15.48.18:500][655]LogModuleManager: Shutting down and abandoning module EpicSurvey (90)
[2016.01.13-15.48.18:500][655]LogModuleManager: Shutting down and abandoning module DesktopPlatform (89)
[2016.01.13-15.48.18:500][655]LogModuleManager: Shutting down and abandoning module VisualStudioSourceCodeAccess (88)
[2016.01.13-15.48.18:500][655]LogModuleManager: Shutting down and abandoning module UObjectPlugin (87)
[2016.01.13-15.48.18:500][655]LogModuleManager: Shutting down and abandoning module SubversionSourceControl (86)
[2016.01.13-15.48.18:500][655]LogModuleManager: Shutting down and abandoning module SourceControl (85)
[2016.01.13-15.48.18:500][655]LogModuleManager: Shutting down and abandoning module PerforceSourceControl (84)
[2016.01.13-15.48.18:500][655]LogModuleManager: Shutting down and abandoning module BlankPlugin (83)
[2016.01.13-15.48.18:500][655]LogModuleManager: Shutting down and abandoning module SlateReflector (82)
[2016.01.13-15.48.18:500][655]LogModuleManager: Shutting down and abandoning module DirectoryWatcher (81)
[2016.01.13-15.48.18:501][655]LogModuleManager: Shutting down and abandoning module HotReload (80)
[2016.01.13-15.48.18:501][655]LogModuleManager: Shutting down and abandoning module MainFrame (79)
[2016.01.13-15.48.18:501][655]LogModuleManager: Shutting down and abandoning module LevelEditor (78)
[2016.01.13-15.48.18:503][655]LogModuleManager: Shutting down and abandoning module ViewportSnapping (77)
[2016.01.13-15.48.18:503][655]LogModuleManager: Shutting down and abandoning module SmartSnapping (76)
[2016.01.13-15.48.18:503][655]LogModuleManager: Shutting down and abandoning module PaperTiledImporter (75)
[2016.01.13-15.48.18:503][655]LogModuleManager: Shutting down and abandoning module PaperJsonImporter (74)
[2016.01.13-15.48.18:503][655]LogModuleManager: Shutting down and abandoning module ContentBrowser (73)
[2016.01.13-15.48.18:503][655]LogModuleManager: Shutting down and abandoning module PropertyEditor (72)
[2016.01.13-15.48.18:503][655]LogModuleManager: Shutting down and abandoning module Paper2DEditor (71)
[2016.01.13-15.48.18:503][655]LogModuleManager: Shutting down and abandoning module ScriptPlugin (70)
[2016.01.13-15.48.18:503][655]LogModuleManager: Shutting down and abandoning module UdpMessaging (69)
[2016.01.13-15.48.18:604][655]LogModuleManager: Shutting down and abandoning module Paper2D (68)
[2016.01.13-15.48.18:604][655]LogModuleManager: Shutting down and abandoning module WindowsMoviePlayer (67)
[2016.01.13-15.48.18:608][655]LogModuleManager: Shutting down and abandoning module Media (66)
[2016.01.13-15.48.18:608][655]LogModuleManager: Shutting down and abandoning module WmfMedia (65)
[2016.01.13-15.48.18:608][655]LogModuleManager: Shutting down and abandoning module OnlineBlueprintSupport (64)
[2016.01.13-15.48.18:608][655]LogModuleManager: Shutting down and abandoning module FunctionalTesting (63)
[2016.01.13-15.48.18:609][655]LogModuleManager: Shutting down and abandoning module CollisionAnalyzer (62)
[2016.01.13-15.48.18:609][655]LogModuleManager: Shutting down and abandoning module WorkspaceMenuStructure (61)
[2016.01.13-15.48.18:609][655]LogModuleManager: Shutting down and abandoning module MessageLog (60)
[2016.01.13-15.48.18:609][655]LogModuleManager: Shutting down and abandoning module Sequencer (59)
[2016.01.13-15.48.18:609][655]LogModuleManager: Shutting down and abandoning module AssetTools (58)
[2016.01.13-15.48.18:609][655]LogModuleManager: Shutting down and abandoning module UMGEditor (57)
[2016.01.13-15.48.18:609][655]LogModuleManager: Shutting down and abandoning module UMG (56)
[2016.01.13-15.48.18:609][655]LogModuleManager: Shutting down and abandoning module Slate (55)
[2016.01.13-15.48.18:609][655]LogModuleManager: Shutting down and abandoning module EditorStyle (54)
[2016.01.13-15.48.18:612][655]LogModuleManager: Shutting down and abandoning module SessionServices (53)
[2016.01.13-15.48.18:612][655]LogModuleManager: Shutting down and abandoning module SourceCodeAccess (52)
[2016.01.13-15.48.18:612][655]LogModuleManager: Shutting down and abandoning module HeadMountedDisplay (51)
[2016.01.13-15.48.18:612][655]LogModuleManager: Shutting down and abandoning module XAudio2 (50)
[2016.01.13-15.48.18:612][655]LogModuleManager: Shutting down and abandoning module Networking (48)
[2016.01.13-15.48.18:612][655]LogModuleManager: Shutting down and abandoning module Core (47)
[2016.01.13-15.48.18:612][655]LogModuleManager: Shutting down and abandoning module KismetCompiler (46)
[2016.01.13-15.48.18:612][655]LogModuleManager: Shutting down and abandoning module PhysXFormats (45)
[2016.01.13-15.48.18:612][655]LogModuleManager: Shutting down and abandoning module MeshUtilities (44)
[2016.01.13-15.48.18:612][655]LogModuleManager: Shutting down and abandoning module DerivedDataCache (43)
[2016.01.13-15.48.19:110][655]LogDerivedDataCache: Shutdown
[2016.01.13-15.48.19:110][655]LogModuleManager: Shutting down and abandoning module ShaderFormatOpenGL (42)
[2016.01.13-15.48.19:110][655]LogModuleManager: Shutting down and abandoning module ShaderFormatD3D (41)
[2016.01.13-15.48.19:110][655]LogModuleManager: Shutting down and abandoning module MetalShaderFormat (40)
[2016.01.13-15.48.19:110][655]LogModuleManager: Shutting down and abandoning module TextureFormatUncompressed (39)
[2016.01.13-15.48.19:110][655]LogModuleManager: Shutting down and abandoning module TextureFormatPVR (38)
[2016.01.13-15.48.19:110][655]LogModuleManager: Shutting down and abandoning module TextureFormatDXT (37)
[2016.01.13-15.48.19:110][655]LogModuleManager: Shutting down and abandoning module TextureFormatAndroid (36)
[2016.01.13-15.48.19:110][655]LogModuleManager: Shutting down and abandoning module AudioFormatOpus (35)
[2016.01.13-15.48.19:110][655]LogModuleManager: Shutting down and abandoning module AudioFormatOgg (34)
[2016.01.13-15.48.19:110][655]LogModuleManager: Shutting down and abandoning module AudioFormatADPCM (33)
[2016.01.13-15.48.19:110][655]LogModuleManager: Shutting down and abandoning module Messaging (32)
[2016.01.13-15.48.19:110][655]LogModuleManager: Shutting down and abandoning module IOSTargetPlatform (31)
[2016.01.13-15.48.19:110][655]LogModuleManager: Shutting down and abandoning module Android_PVRTCTargetPlatform (30)
[2016.01.13-15.48.19:110][655]LogModuleManager: Shutting down and abandoning module Android_ETC2TargetPlatform (29)
[2016.01.13-15.48.19:110][655]LogModuleManager: Shutting down and abandoning module Android_ETC1TargetPlatform (28)
[2016.01.13-15.48.19:110][655]LogModuleManager: Shutting down and abandoning module Android_DXTTargetPlatform (27)
[2016.01.13-15.48.19:110][655]LogModuleManager: Shutting down and abandoning module Android_ATCTargetPlatform (26)
[2016.01.13-15.48.19:110][655]LogModuleManager: Shutting down and abandoning module AndroidTargetPlatform (25)
[2016.01.13-15.48.19:110][655]LogModuleManager: Shutting down and abandoning module WindowsTargetPlatform (24)
[2016.01.13-15.48.19:110][655]LogModuleManager: Shutting down and abandoning module WindowsServerTargetPlatform (23)
[2016.01.13-15.48.19:110][655]LogModuleManager: Shutting down and abandoning module WindowsNoEditorTargetPlatform (22)
[2016.01.13-15.48.19:110][655]LogModuleManager: Shutting down and abandoning module WindowsClientTargetPlatform (21)
[2016.01.13-15.48.19:111][655]LogModuleManager: Shutting down and abandoning module TargetPlatform (20)
[2016.01.13-15.48.19:111][655]LogModuleManager: Shutting down and abandoning module InputCore (19)
[2016.01.13-15.48.19:111][655]LogModuleManager: Shutting down and abandoning module Settings (18)
[2016.01.13-15.48.19:111][655]LogModuleManager: Shutting down and abandoning module ImageWrapper (17)
[2016.01.13-15.48.19:111][655]LogModuleManager: Shutting down and abandoning module OculusRift (14)
[2016.01.13-15.48.19:111][655]LogModuleManager: Shutting down and abandoning module ExampleDeviceProfileSelector (13)
[2016.01.13-15.48.19:111][655]LogModuleManager: Shutting down and abandoning module TextureCompressor (12)
[2016.01.13-15.48.19:111][655]LogModuleManager: Shutting down and abandoning module ShaderCore (11)
[2016.01.13-15.48.19:111][655]LogModuleManager: Shutting down and abandoning module SlateRHIRenderer (10)
[2016.01.13-15.48.19:114][655]LogModuleManager: Shutting down and abandoning module OpenGLDrv (9)
[2016.01.13-15.48.19:114][655]LogModuleManager: Shutting down and abandoning module D3D11RHI (8)
[2016.01.13-15.48.19:114][655]LogModuleManager: Shutting down and abandoning module Renderer (7)
[2016.01.13-15.48.19:114][655]LogModuleManager: Shutting down and abandoning module Engine (6)
[2016.01.13-15.48.19:114][655]LogModuleManager: Shutting down and abandoning module CoreUObject (5)
[2016.01.13-15.48.19:114][655]LogModuleManager: Shutting down and abandoning module NetworkFile (4)
[2016.01.13-15.48.19:114][655]LogModuleManager: Shutting down and abandoning module StreamingFile (3)
[2016.01.13-15.48.19:114][655]LogModuleManager: Shutting down and abandoning module SandboxFile (2)
[2016.01.13-15.48.19:114][655]LogModuleManager: Shutting down and abandoning module PakFile (1)
[2016.01.13-15.48.19:116][655]LogExit: Exiting.
[2016.01.13-15.48.19:156][655]Log file closed, 01/13/16 10:48:19
