Log file open, 01/13/16 11:56:59
LogInit:Display: Running engine for game: Proyecto
LogInit: Version: 4.5.1-2336687+++depot+UE4-Releases+4.5
LogInit: API Version: 2326478
LogInit: Compiled (64-bit): Oct 21 2014 22:32:40
LogInit: Compiled with Visual C++: 18.00.21005.01
LogInit: Build Configuration: Development
LogInit: Branch Name: ++depot+UE4-Releases+4.5
LogInit: Command line:  
LogInit: Base directory: C:/Program Files (x86)/Epic Games/4.5/Engine/Binaries/Win64/
LogInit: Rocket: 1
[2016.01.13-16.56.59:746][  0]LogTaskGraph: Started task graph with 3 named threads and 6 total threads.
[2016.01.13-16.56.59:804][  0]LogOnline:Warning: No default platform service specified for OnlineSubsystem
[2016.01.13-16.56.59:839][  0]LogInit: Presizing for 0 objects not considered by GC, pre-allocating 0 bytes.
[2016.01.13-16.56.59:855][  0]LogInit: Object subsystem initialized
[2016.01.13-16.56.59:861][  0]LogConsoleResponse:Warning: Skipping Unknown console variable: 'UIScaleRule = ShortestSide'
[2016.01.13-16.56.59:861][  0]LogConsoleResponse:Warning:   Found in ini file 'C:/Users/Jimmy/git/PoliHeath/Proyecto/Saved/Config/Windows/Engine.ini', in section '[/Script/Engine.RendererSettings]'
[2016.01.13-16.56.59:861][  0]LogConsoleResponse:Warning: Skipping Unknown console variable: 'UIScaleCurve = (EditorCurveData=(Keys=((Time=480.000000,Value=0.444000),(Time=720.000000,Value=0.666000),(Time=1080.000000,Value=1.000000),(Time=8640.000000,Value=8.000000))),ExternalCurve=None)'
[2016.01.13-16.56.59:861][  0]LogConsoleResponse:Warning:   Found in ini file 'C:/Users/Jimmy/git/PoliHeath/Proyecto/Saved/Config/Windows/Engine.ini', in section '[/Script/Engine.RendererSettings]'
[2016.01.13-16.56.59:862][  0]LogInit: Selected Device Profile: [Windows]
[2016.01.13-16.56.59:862][  0]LogInit: Applying CVar settings loaded from the selected device profile: [Windows]
[2016.01.13-16.56.59:877][  0]LogInit: Computer: JIMMY-PC
[2016.01.13-16.56.59:877][  0]LogInit: User: Jimmy
[2016.01.13-16.56.59:879][  0]LogInit: CPU Page size=4096, Cores=6
[2016.01.13-16.56.59:879][  0]LogInit: High frequency timer resolution =2.746524 MHz
[2016.01.13-16.56.59:879][  0]LogMemory: Memory total: Physical=4.0GB (4GB approx) Virtual=131072.0GB
[2016.01.13-16.56.59:879][  0]LogMemory: Platform Memory Stats for Windows
[2016.01.13-16.56.59:879][  0]LogMemory: Process Physical Memory: 59.79 MB used, 59.79 MB peak
[2016.01.13-16.56.59:879][  0]LogMemory: Process Virtual Memory: 35.49 MB used, 38.64 MB peak
[2016.01.13-16.56.59:879][  0]LogMemory: Physical Memory: 2479.65 MB used, 4092.53 MB total
[2016.01.13-16.56.59:879][  0]LogMemory: Virtual Memory: 279.66 MB used, 134217728.00 MB total
[2016.01.13-16.56.59:932][  0]LogD3D11RHI: Found D3D11 adapter 0: NVIDIA GeForce GTX 650 (Feature Level 11_0)
[2016.01.13-16.56.59:932][  0]LogD3D11RHI: Adapter has 1986MB of dedicated video memory, 0MB of dedicated system memory, and 2046MB of shared system memory, 1 output[s]
[2016.01.13-16.56.59:935][  0]LogD3D11RHI: Found D3D11 adapter 1: Microsoft Basic Render Driver (Feature Level 11_0)
[2016.01.13-16.56.59:935][  0]LogD3D11RHI: Adapter has 0MB of dedicated video memory, 0MB of dedicated system memory, and 256MB of shared system memory, 0 output[s]
[2016.01.13-16.56.59:935][  0]LogD3D11RHI: Chosen D3D11 Adapter Id = 0
[2016.01.13-16.56.59:943][  0]LogRHI: Texture pool is 1361 MB (70% of 1945 MB)
[2016.01.13-16.56.59:964][  0]LogD3D11RHI: Async texture creation enabled
[2016.01.13-16.57.00:032][  0]LogTextLocalizationManager: The requested culture ('en_US') has no localization data; parent culture's ('en') localization data will be used.
[2016.01.13-16.57.00:279][  0]LogContentStreaming: Texture pool size is 0.000000MB
[2016.01.13-16.57.07:848][  0]LogTargetPlatformManager:Display: Building Assets For Windows
[2016.01.13-16.57.08:533][  0]LogTargetPlatformManager:Display: Building Assets For Windows
[2016.01.13-16.57.08:620][  0]LogDerivedDataCache:Display: Max Cache Size: 512 MB
[2016.01.13-16.57.09:305][  0]LogDerivedDataCache: Loaded boot cache 0.68s 39MB C:/Users/Jimmy/AppData/Local/UnrealEngine/4.5/DerivedDataCache/Boot.ddc.
[2016.01.13-16.57.09:305][  0]LogDerivedDataCache:Display: Loaded Boot cache: C:/Users/Jimmy/AppData/Local/UnrealEngine/4.5/DerivedDataCache/Boot.ddc
[2016.01.13-16.57.09:305][  0]LogDerivedDataCache: FDerivedDataBackendGraph:  Pak pak cache file ../../../../../../Users/Jimmy/git/PoliHeath/Proyecto/DerivedDataCache/DDC.ddp not found, will not use a pak cache.
[2016.01.13-16.57.09:305][  0]LogDerivedDataCache: Unable to find inner node Pak for hierarchical cache Hierarchy.
[2016.01.13-16.57.09:413][  0]LogDerivedDataCache:Display: Pak cache opened for reading ../../../Engine/DerivedDataCache/DDC.ddp.
[2016.01.13-16.57.09:427][  0]LogDerivedDataCache: Using Local data cache path C:/Users/Jimmy/AppData/Local/UnrealEngine/Common/DerivedDataCache: Writable
[2016.01.13-16.57.09:771][  0]LogMeshUtilities: No automatic mesh reduction module available
[2016.01.13-16.57.09:771][  0]LogMeshUtilities: No automatic mesh merging module available
[2016.01.13-16.57.10:210][  0]LogLinker:Warning: Asset '../../../Engine/Content/Functions/Engine_MaterialFunctions02/Texturing/FlipBook.uasset' has been saved with empty engine version. The asset will be loaded but may be incompatible.
[2016.01.13-16.57.10:216][  0]LogLinker:Warning: Asset '../../../Engine/Content/Functions/Engine_MaterialFunctions02/ExampleContent/Textures/flipbook.uasset' has been saved with empty engine version. The asset will be loaded but may be incompatible.
[2016.01.13-16.57.10:528][  0]LogInit: WinSock: version 1.1 (2.2), MaxSocks=32767, MaxUdp=65467
[2016.01.13-16.57.12:760][  0]UdpMessaging: Initializing bridge on interface 0.0.0.0:0 to multicast group 230.0.0.1:6666.
[2016.01.13-16.57.13:021][  0]LogDirectoryWatcher:Warning: Failed to begin reading directory changes for C:/Users/Jimmy/git/PoliHeath/Proyecto/Binaries/Win64. Error: 0
[2016.01.13-16.57.13:268][  0]SourceControl: Info Source control is disabled
[2016.01.13-16.57.13:268][  0]SourceControl: Info Source control is disabled
[2016.01.13-16.57.13:280][  0]SourceControl: Info Source control is disabled
[2016.01.13-16.57.13:502][  0]LogObj: 22915 objects as part of root set at end of initial load.
[2016.01.13-16.57.13:502][  0]LogUObjectAllocator: 4803536 out of 0 bytes used by permanent object pool.
[2016.01.13-16.57.13:604][  0]LogEngine: Initializing Engine...
[2016.01.13-16.57.13:884][  0]LogInit: XAudio2 using 'Speakers (Realtek High Definition Audio)' : 2 channels at 48 kHz using 32 bits per sample (channel mask 0x3)
[2016.01.13-16.57.13:923][  0]LogInit: FAudioDevice initialized.
[2016.01.13-16.57.13:958][  0]LogAIModule: Creating AISystem for world NewWorld
[2016.01.13-16.57.14:008][  0]LogDerivedDataCache: Saved boot cache 0.05s 39MB C:/Users/Jimmy/AppData/Local/UnrealEngine/4.5/DerivedDataCache/Boot.ddc.
[2016.01.13-16.57.14:025][  0]LogInit: Texture streaming: Enabled
[2016.01.13-16.57.14:109][  0]LogInit: Transaction tracking system initialized
[2016.01.13-16.57.14:281][  0]BlueprintLog: New page: Editor Load
[2016.01.13-16.57.14:327][  0]LogAssetRegistry: FAssetRegistry took 0.0111 seconds to start up
[2016.01.13-16.57.14:328][  0]LogDirectoryWatcher:Warning: Failed to begin reading directory changes for ../../../Engine/Plugins/Experimental/CharacterAI/Content/. Error: 0
[2016.01.13-16.57.15:141][  0]LogTargetPlatformManager:Display: Building Assets For Windows
[2016.01.13-16.57.15:708][  0]LogTargetPlatformManager:Display: Building Assets For Windows
[2016.01.13-16.57.16:042][  0]LogConsoleResponse:Display: 
[2016.01.13-16.57.16:433][  0]SourceControl: Info Source control is disabled
[2016.01.13-16.57.16:433][  0]Cmd: MAP LOAD FILE="../../../../../../Users/Jimmy/git/PoliHeath/Proyecto/Content/Niveles/Nivel_1.umap" TEMPLATE=0 SHOWPROGRESS=1
[2016.01.13-16.57.16:433][  0]LightingResults: New page: Lighting Build
[2016.01.13-16.57.16:450][  0]MapCheck: New page: Map Check
[2016.01.13-16.57.16:450][  0]LightingResults: New page: Lighting Build
[2016.01.13-16.57.16:463][  0]LogParticles: Destroying 0 GPU particle simulations for FXSystem 0x0000009A2A3D1A80
[2016.01.13-16.57.16:591][  0]LogEditorServer: Finished looking for orphan Actors (0.000 secs)
[2016.01.13-16.57.16:591][  0]LogAIModule: Creating AISystem for world Nivel_1
[2016.01.13-16.57.16:592][  0]Cmd: MAP CHECKDEP
[2016.01.13-16.57.16:592][  0]MapCheck: New page: Nivel_1 - Jan 13, 2016, 6:57:16 AM
[2016.01.13-16.57.16:821][  0]MapCheck: Info Map check complete: 0 Error(s), 0 Warning(s), took 228.804ms to complete.
[2016.01.13-16.57.16:821][  0]LogFileHelpers: Loading map 'Nivel_1' took 0.388
[2016.01.13-16.57.16:934][  0]LogCollectionManager: Loaded 0 collections in 0.001948 seconds
[2016.01.13-16.57.17:197][  0]LogCrashTracker: Crashtracker disabled due to settings.
[2016.01.13-16.57.17:223][  0]LogUObjectGlobals:Warning: Failed to find object 'Class None.'
[2016.01.13-16.57.17:257][  0]LogLoad: Full Startup: 20.60 seconds (BP compile: 0.05 seconds)
[2016.01.13-16.57.17:603][  0]LogContentBrowser:Verbose: The content browser source was changed by the sources view to '/Game/Niveles'
[2016.01.13-16.57.17:876][  0]LogRenderer:Warning: Reallocating scene render targets to support 936x904.
[2016.01.13-16.57.18:209][  4]LogAssetRegistry: Asset discovery search completed in 3.8935 seconds
[2016.01.13-16.57.29:200][719]LogContentBrowser:Verbose: The content browser source was changed by the sources view to '/Game/Animaciones'
[2016.01.13-16.57.29:672][746]LogContentBrowser:Verbose: The content browser source was changed by the sources view to '/Game/Blueprints'
[2016.01.13-16.57.31:078][827]LogContentBrowser:Verbose: The content browser source was changed by the sources view to '/Game/Blueprints/Player'
[2016.01.13-16.58.11:805][533]LogRenderer:Warning: Reallocating scene render targets to support 1264x904.
[2016.01.13-16.58.27:915][106]LogPropertyNode:Warning: UI Min (0) >= UI Max () for Ranged Numeric
[2016.01.13-16.58.27:917][106]LogPropertyNode:Warning: UI Min (0) >= UI Max () for Ranged Numeric
[2016.01.13-16.58.34:530][469]LogActorComponent: UnregisterComponent: (/Engine/Transient.CharacterMovementComponent_0) Not registered. Aborting.
[2016.01.13-16.58.40:898][661]BlueprintLog: New page: Compile Player
[2016.01.13-16.58.41:316][661]LogActorComponent: UnregisterComponent: (/Engine/Transient.CharacterMovementComponent_1) Not registered. Aborting.
[2016.01.13-16.58.41:496][661]BlueprintEditorCompileResults: Info [0104.45] Compile of Player successful! [in 110 ms]
[2016.01.13-16.58.41:510][661]LogPropertyNode:Warning: UI Min (0) >= UI Max () for Ranged Numeric
[2016.01.13-16.58.41:511][661]LogPropertyNode:Warning: UI Min (0) >= UI Max () for Ranged Numeric
[2016.01.13-16.58.42:241][698]Cmd: OBJ SAVEPACKAGE PACKAGE="/Game/Blueprints/Player/player" FILE="../../../../../../Users/Jimmy/git/PoliHeath/Proyecto/Content/Blueprints/Player/player.uasset" SILENT=true
[2016.01.13-16.58.42:699][698]LogSavePackage: Save=390.275848ms
[2016.01.13-16.58.42:699][698]LogSavePackage: Moving '../../../../../../Users/Jimmy/git/PoliHeath/Proyecto/Saved/player1A5EBA654D76E9E4277B20947982C62C.tmp' to '../../../../../../Users/Jimmy/git/PoliHeath/Proyecto/Content/Blueprints/Player/player.uasset'
[2016.01.13-16.58.48:032][ 25]BlueprintLog: New page: Pre-PIE auto-recompile
[2016.01.13-16.58.48:032][ 25]LogPlayLevel: [PIE] Compiling Tutorial_BP_MacroLib before PIE...
[2016.01.13-16.58.48:111][ 25]LogActorComponent: UnregisterComponent: (/Engine/Transient.CharacterMovementComponent_2) Not registered. Aborting.
[2016.01.13-16.58.48:129][ 25]LogPlayLevel: PIE:  Blueprint regeneration took 96 ms (1 blueprints)
[2016.01.13-16.58.48:129][ 25]PIE: New page: PIE session: Nivel_1 (Jan 13, 2016, 6:58:48 AM)
[2016.01.13-16.58.48:132][ 25]LogPlayLevel: PIE: StaticDuplicateObject took: (0.002746s)
[2016.01.13-16.58.48:133][ 25]LogPlayLevel: PIE: World Init took: (0.001198s)
[2016.01.13-16.58.48:134][ 25]LogPlayLevel: PIE: Created PIE world by copying editor world from /Game/Niveles/Nivel_1.Nivel_1 to /Game/Niveles/UEDPIE_0_Nivel_1.Nivel_1 (0.004181s)
[2016.01.13-16.58.48:232][ 25]LogWorld: Game class is '2D_C'
[2016.01.13-16.58.48:236][ 25]LogAIModule: Creating AISystem for world Nivel_1
[2016.01.13-16.58.48:237][ 25]LogWorld: Bringing World /Game/Niveles/UEDPIE_0_Nivel_1.Nivel_1 up for play (max tick rate 0) at 2016.01.13-11.58.48
[2016.01.13-16.58.48:237][ 25]LogWorld: Bringing up level for play took: 0.000959
[2016.01.13-16.58.48:352][ 25]PIE: Info Play in editor start time for /Game/Niveles/UEDPIE_0_Nivel_1 0.141
[2016.01.13-16.59.06:304][ 33]LogTemp: MouseLeave
[2016.01.13-16.59.06:893][ 60]LogParticles: Destroying 0 GPU particle simulations for FXSystem 0x0000009A3EF34E00
[2016.01.13-16.59.39:973][198]LogActorComponent: UnregisterComponent: (/Engine/Transient.CharacterMovementComponent_3) Not registered. Aborting.
[2016.01.13-16.59.41:332][361]BlueprintLog: New page: Compile Player
[2016.01.13-16.59.41:700][361]BlueprintEditorCompileResults: Info [0164.82] Compile of Player successful! [in 116 ms]
[2016.01.13-16.59.41:706][361]LogPropertyNode:Warning: UI Min (0) >= UI Max () for Ranged Numeric
[2016.01.13-16.59.41:708][361]LogPropertyNode:Warning: UI Min (0) >= UI Max () for Ranged Numeric
[2016.01.13-16.59.42:224][415]Cmd: OBJ SAVEPACKAGE PACKAGE="/Game/Blueprints/Player/player" FILE="../../../../../../Users/Jimmy/git/PoliHeath/Proyecto/Content/Blueprints/Player/player.uasset" SILENT=true
[2016.01.13-16.59.42:633][415]LogSavePackage: Save=391.380157ms
[2016.01.13-16.59.42:633][415]LogSavePackage: Moving '../../../../../../Users/Jimmy/git/PoliHeath/Proyecto/Saved/player3779146E4698DDAE81D6BAAB39FCF61F.tmp' to '../../../../../../Users/Jimmy/git/PoliHeath/Proyecto/Content/Blueprints/Player/player.uasset'
[2016.01.13-17.00.49:528][483]LogPlayLevel: PIE:  No blueprints needed recompiling
[2016.01.13-17.00.49:528][483]PIE: New page: PIE session: Nivel_1 (Jan 13, 2016, 7:00:49 AM)
[2016.01.13-17.00.49:531][483]LogPlayLevel: PIE: StaticDuplicateObject took: (0.002870s)
[2016.01.13-17.00.49:532][483]LogPlayLevel: PIE: World Init took: (0.001114s)
[2016.01.13-17.00.49:532][483]LogPlayLevel: PIE: Created PIE world by copying editor world from /Game/Niveles/Nivel_1.Nivel_1 to /Game/Niveles/UEDPIE_0_Nivel_1.Nivel_1 (0.004226s)
[2016.01.13-17.00.49:567][483]LogWorld: Game class is '2D_C'
[2016.01.13-17.00.49:571][483]LogAIModule: Creating AISystem for world Nivel_1
[2016.01.13-17.00.49:572][483]LogWorld: Bringing World /Game/Niveles/UEDPIE_0_Nivel_1.Nivel_1 up for play (max tick rate 0) at 2016.01.13-12.00.49
[2016.01.13-17.00.49:572][483]LogWorld: Bringing up level for play took: 0.001102
[2016.01.13-17.00.49:575][483]PIE: Info Play in editor start time for /Game/Niveles/UEDPIE_0_Nivel_1 -0.636
[2016.01.13-17.01.01:216][136]LogTemp: MouseLeave
[2016.01.13-17.01.01:839][168]LogActorComponent: UnregisterComponent: (/Engine/Transient.CharacterMovementComponent_4) Not registered. Aborting.
[2016.01.13-17.01.01:855][168]LogParticles: Destroying 0 GPU particle simulations for FXSystem 0x0000009A1D3CC400
[2016.01.13-17.01.02:426][202]LogPlayLevel: PIE:  No blueprints needed recompiling
[2016.01.13-17.01.02:426][202]PIE: New page: PIE session: Nivel_1 (Jan 13, 2016, 7:01:02 AM)
[2016.01.13-17.01.02:429][202]LogPlayLevel: PIE: StaticDuplicateObject took: (0.002687s)
[2016.01.13-17.01.02:430][202]LogPlayLevel: PIE: World Init took: (0.001074s)
[2016.01.13-17.01.02:430][202]LogPlayLevel: PIE: Created PIE world by copying editor world from /Game/Niveles/Nivel_1.Nivel_1 to /Game/Niveles/UEDPIE_0_Nivel_1.Nivel_1 (0.004050s)
[2016.01.13-17.01.02:465][202]LogWorld: Game class is '2D_C'
[2016.01.13-17.01.02:469][202]LogAIModule: Creating AISystem for world Nivel_1
[2016.01.13-17.01.02:469][202]LogWorld: Bringing World /Game/Niveles/UEDPIE_0_Nivel_1.Nivel_1 up for play (max tick rate 0) at 2016.01.13-12.01.02
[2016.01.13-17.01.02:470][202]LogWorld: Bringing up level for play took: 0.000875
[2016.01.13-17.01.02:473][202]PIE: Info Play in editor start time for /Game/Niveles/UEDPIE_0_Nivel_1 0.262
[2016.01.13-17.01.15:261][911]LogTemp: MouseLeave
[2016.01.13-17.01.15:948][946]LogParticles: Destroying 0 GPU particle simulations for FXSystem 0x0000009A1EAA62A0
[2016.01.13-17.01.17:402][ 40]LogPlayLevel: PIE:  No blueprints needed recompiling
[2016.01.13-17.01.17:402][ 40]PIE: New page: PIE session: Nivel_1 (Jan 13, 2016, 7:01:17 AM)
[2016.01.13-17.01.17:405][ 40]LogPlayLevel: PIE: StaticDuplicateObject took: (0.002610s)
[2016.01.13-17.01.17:406][ 40]LogPlayLevel: PIE: World Init took: (0.000985s)
[2016.01.13-17.01.17:406][ 40]LogPlayLevel: PIE: Created PIE world by copying editor world from /Game/Niveles/Nivel_1.Nivel_1 to /Game/Niveles/UEDPIE_0_Nivel_1.Nivel_1 (0.003806s)
[2016.01.13-17.01.17:442][ 40]LogWorld: Game class is '2D_C'
[2016.01.13-17.01.17:445][ 40]LogAIModule: Creating AISystem for world Nivel_1
[2016.01.13-17.01.17:446][ 40]LogWorld: Bringing World /Game/Niveles/UEDPIE_0_Nivel_1.Nivel_1 up for play (max tick rate 0) at 2016.01.13-12.01.17
[2016.01.13-17.01.17:446][ 40]LogWorld: Bringing up level for play took: 0.000898
[2016.01.13-17.01.17:450][ 40]PIE: Info Play in editor start time for /Game/Niveles/UEDPIE_0_Nivel_1 -0.762
[2016.01.13-17.01.25:727][499]LogTemp: MouseLeave
[2016.01.13-17.01.27:071][572]LogTemp: MouseLeave
[2016.01.13-17.01.27:565][596]LogParticles: Destroying 0 GPU particle simulations for FXSystem 0x0000009A232FA0C0
[2016.01.13-17.01.31:889][877]LogEditorViewport: Clicking Background
[2016.01.13-17.01.43:235][620]Cmd: UpdateLandscapeSetup
[2016.01.13-17.01.53:039][223]Cmd: UpdateLandscapeSetup
[2016.01.13-17.01.54:945][348]LogEditorViewport: Clicking Background
[2016.01.13-17.03.05:800][616]LogSlate:Warning: GetFontFace failed to load or process 'Roboto-Regular'
[2016.01.13-17.03.05:800][616]LogSlate:Warning: GetFontFace failed to load or process 'Roboto-Regular'
[2016.01.13-17.03.05:885][616]LogSlate:Warning: GetFontFace failed to load or process 'Roboto-Regular'
[2016.01.13-17.03.05:885][616]LogSlate:Warning: GetFontFace failed to load or process 'Roboto-Regular'
[2016.01.13-17.03.05:886][616]LogSlate:Warning: GetFontFace failed to load or process 'Roboto-Regular'
[2016.01.13-17.03.05:886][616]LogSlate:Warning: GetFontFace failed to load or process 'Roboto-Regular'
[2016.01.13-17.03.05:886][616]LogSlate:Warning: GetFontFace failed to load or process 'Roboto-Regular'
[2016.01.13-17.03.05:886][616]LogSlate:Warning: GetFontFace failed to load or process 'Roboto-Regular'
[2016.01.13-17.03.05:886][616]LogSlate:Warning: GetFontFace failed to load or process 'Roboto-Regular'
[2016.01.13-17.03.05:886][616]LogSlate:Warning: GetFontFace failed to load or process 'Roboto-Regular'
[2016.01.13-17.03.05:886][616]LogSlate:Warning: GetFontFace failed to load or process 'Roboto-Regular'
[2016.01.13-17.03.05:886][616]LogSlate:Warning: GetFontFace failed to load or process 'Roboto-Regular'
[2016.01.13-17.03.05:886][616]LogSlate:Warning: GetFontFace failed to load or process 'Roboto-Regular'
[2016.01.13-17.03.05:886][616]LogSlate:Warning: GetFontFace failed to load or process 'Roboto-Regular'
[2016.01.13-17.03.05:887][616]LogSlate:Warning: GetFontFace failed to load or process 'Roboto-Regular'
[2016.01.13-17.03.05:887][616]LogSlate:Warning: GetFontFace failed to load or process 'Roboto-Regular'
[2016.01.13-17.03.05:887][616]LogSlate:Warning: GetFontFace failed to load or process 'Roboto-Regular'
[2016.01.13-17.03.05:887][616]LogSlate:Warning: GetFontFace failed to load or process 'Roboto-Regular'
[2016.01.13-17.03.05:887][616]LogSlate:Warning: GetFontFace failed to load or process 'Roboto-Regular'
[2016.01.13-17.03.43:418][848]BlueprintLog: New page: Compile Player
[2016.01.13-17.03.43:635][848]LogActorComponent: UnregisterComponent: (/Engine/Transient.CharacterMovementComponent_5) Not registered. Aborting.
[2016.01.13-17.03.43:786][848]BlueprintEditorCompileResults: Info [0406.89] Compile of Player successful! [in 104 ms]
[2016.01.13-17.03.44:809][904]LogPlayLevel: PIE:  No blueprints needed recompiling
[2016.01.13-17.03.44:810][904]PIE: New page: PIE session: Nivel_1 (Jan 13, 2016, 7:03:44 AM)
[2016.01.13-17.03.44:813][904]LogPlayLevel: PIE: StaticDuplicateObject took: (0.002601s)
[2016.01.13-17.03.44:814][904]LogPlayLevel: PIE: World Init took: (0.001011s)
[2016.01.13-17.03.44:814][904]LogPlayLevel: PIE: Created PIE world by copying editor world from /Game/Niveles/Nivel_1.Nivel_1 to /Game/Niveles/UEDPIE_0_Nivel_1.Nivel_1 (0.003916s)
[2016.01.13-17.03.44:916][904]LogWorld: Game class is '2D_C'
[2016.01.13-17.03.44:920][904]LogAIModule: Creating AISystem for world Nivel_1
[2016.01.13-17.03.44:921][904]LogWorld: Bringing World /Game/Niveles/UEDPIE_0_Nivel_1.Nivel_1 up for play (max tick rate 0) at 2016.01.13-12.03.44
[2016.01.13-17.03.44:921][904]LogWorld: Bringing up level for play took: 0.000897
[2016.01.13-17.03.44:927][904]PIE: Info Play in editor start time for /Game/Niveles/UEDPIE_0_Nivel_1 0.715
[2016.01.13-17.03.44:982][904]LogRenderer:Warning: Reallocating scene render targets to support 1296x904.
[2016.01.13-17.03.47:490][ 27]LogTemp: MouseLeave
[2016.01.13-17.03.57:846][554]LogTemp: MouseLeave
[2016.01.13-17.03.58:496][586]LogTemp: MouseLeave
[2016.01.13-17.03.59:290][623]LogParticles: Destroying 0 GPU particle simulations for FXSystem 0x0000009A2D9D4D60
[2016.01.13-17.04.07:989][176]Cmd: OBJ SAVEPACKAGE PACKAGE="/Game/Niveles/Nivel_1" FILE="../../../../../../Users/Jimmy/git/PoliHeath/Proyecto/Content/Niveles/Nivel_1.umap" SILENT=true AUTOSAVING=false KEEPDIRTY=false
[2016.01.13-17.04.07:996][176]LogActorComponent: UnregisterComponent: (/Engine/Transient.CharacterMovementComponent_6) Not registered. Aborting.
[2016.01.13-17.04.08:065][176]LogSavePackage: Save=32.597931ms
[2016.01.13-17.04.08:065][176]LogSavePackage: Moving '../../../../../../Users/Jimmy/git/PoliHeath/Proyecto/Saved/Nivel_1FEB3BDC0445B61C083738A81C4093D0C.tmp' to '../../../../../../Users/Jimmy/git/PoliHeath/Proyecto/Content/Niveles/Nivel_1.umap'
[2016.01.13-17.04.09:715][275]BlueprintLog: New page: Compile Player
[2016.01.13-17.04.10:066][275]BlueprintEditorCompileResults: Info [0433.19] Compile of Player successful! [in 104 ms]
[2016.01.13-17.04.10:730][307]Cmd: OBJ SAVEPACKAGE PACKAGE="/Game/Blueprints/Player/player" FILE="../../../../../../Users/Jimmy/git/PoliHeath/Proyecto/Content/Blueprints/Player/player.uasset" SILENT=true
[2016.01.13-17.04.11:159][307]LogSavePackage: Save=390.304626ms
[2016.01.13-17.04.11:159][307]LogSavePackage: Moving '../../../../../../Users/Jimmy/git/PoliHeath/Proyecto/Saved/player6F7AD3044D787E1864E05CBBF107B6AE.tmp' to '../../../../../../Users/Jimmy/git/PoliHeath/Proyecto/Content/Blueprints/Player/player.uasset'
[2016.01.13-17.04.13:634][455]LogPlayLevel: PIE:  No blueprints needed recompiling
[2016.01.13-17.04.13:634][455]PIE: New page: PIE session: Nivel_1 (Jan 13, 2016, 7:04:13 AM)
[2016.01.13-17.04.13:637][455]LogPlayLevel: PIE: StaticDuplicateObject took: (0.002654s)
[2016.01.13-17.04.13:638][455]LogPlayLevel: PIE: World Init took: (0.001077s)
[2016.01.13-17.04.13:638][455]LogPlayLevel: PIE: Created PIE world by copying editor world from /Game/Niveles/Nivel_1.Nivel_1 to /Game/Niveles/UEDPIE_0_Nivel_1.Nivel_1 (0.003979s)
[2016.01.13-17.04.13:670][455]LogWorld: Game class is '2D_C'
[2016.01.13-17.04.13:674][455]LogAIModule: Creating AISystem for world Nivel_1
[2016.01.13-17.04.13:674][455]LogWorld: Bringing World /Game/Niveles/UEDPIE_0_Nivel_1.Nivel_1 up for play (max tick rate 0) at 2016.01.13-12.04.13
[2016.01.13-17.04.13:675][455]LogWorld: Bringing up level for play took: 0.000898
[2016.01.13-17.04.13:678][455]PIE: Info Play in editor start time for /Game/Niveles/UEDPIE_0_Nivel_1 -0.533
[2016.01.13-17.04.24:019][ 35]LogTemp: MouseLeave
[2016.01.13-17.04.24:501][ 60]LogActorComponent: UnregisterComponent: (/Engine/Transient.CharacterMovementComponent_7) Not registered. Aborting.
[2016.01.13-17.04.24:518][ 60]LogParticles: Destroying 0 GPU particle simulations for FXSystem 0x0000009A3EC78B80
[2016.01.13-17.04.24:519][ 60]LogParticles: Destroying 0 GPU particle simulations for FXSystem 0x0000009A23A14A40
[2016.01.13-17.04.25:051][ 92]LogPlayLevel: PIE:  No blueprints needed recompiling
[2016.01.13-17.04.25:052][ 92]PIE: New page: PIE session: Nivel_1 (Jan 13, 2016, 7:04:25 AM)
[2016.01.13-17.04.25:055][ 92]LogPlayLevel: PIE: StaticDuplicateObject took: (0.002687s)
[2016.01.13-17.04.25:056][ 92]LogPlayLevel: PIE: World Init took: (0.001169s)
[2016.01.13-17.04.25:056][ 92]LogPlayLevel: PIE: Created PIE world by copying editor world from /Game/Niveles/Nivel_1.Nivel_1 to /Game/Niveles/UEDPIE_0_Nivel_1.Nivel_1 (0.004134s)
[2016.01.13-17.04.25:092][ 92]LogWorld: Game class is '2D_C'
[2016.01.13-17.04.25:096][ 92]LogAIModule: Creating AISystem for world Nivel_1
[2016.01.13-17.04.25:096][ 92]LogWorld: Bringing World /Game/Niveles/UEDPIE_0_Nivel_1.Nivel_1 up for play (max tick rate 0) at 2016.01.13-12.04.25
[2016.01.13-17.04.25:097][ 92]LogWorld: Bringing up level for play took: 0.000932
[2016.01.13-17.04.25:100][ 92]PIE: Info Play in editor start time for /Game/Niveles/UEDPIE_0_Nivel_1 0.889
[2016.01.13-17.04.28:602][286]LogTemp: MouseLeave
[2016.01.13-17.04.29:901][355]LogParticles: Destroying 0 GPU particle simulations for FXSystem 0x0000009A35074680
[2016.01.13-17.04.31:224][441]LogPlayLevel: PIE:  No blueprints needed recompiling
[2016.01.13-17.04.31:224][441]PIE: New page: PIE session: Nivel_1 (Jan 13, 2016, 7:04:31 AM)
[2016.01.13-17.04.31:227][441]LogPlayLevel: PIE: StaticDuplicateObject took: (0.002771s)
[2016.01.13-17.04.31:228][441]LogPlayLevel: PIE: World Init took: (0.001396s)
[2016.01.13-17.04.31:228][441]LogPlayLevel: PIE: Created PIE world by copying editor world from /Game/Niveles/Nivel_1.Nivel_1 to /Game/Niveles/UEDPIE_0_Nivel_1.Nivel_1 (0.004430s)
[2016.01.13-17.04.31:262][441]LogWorld: Game class is '2D_C'
[2016.01.13-17.04.31:266][441]LogAIModule: Creating AISystem for world Nivel_1
[2016.01.13-17.04.31:267][441]LogWorld: Bringing World /Game/Niveles/UEDPIE_0_Nivel_1.Nivel_1 up for play (max tick rate 0) at 2016.01.13-12.04.31
[2016.01.13-17.04.31:267][441]LogWorld: Bringing up level for play took: 0.000893
[2016.01.13-17.04.31:270][441]PIE: Info Play in editor start time for /Game/Niveles/UEDPIE_0_Nivel_1 -0.941
[2016.01.13-17.04.43:093][103]LogTemp: MouseLeave
[2016.01.13-17.04.43:511][123]LogParticles: Destroying 0 GPU particle simulations for FXSystem 0x0000009A35074AE0
[2016.01.13-17.05.01:729][299]LogActorComponent: UnregisterComponent: (/Engine/Transient.CharacterMovementComponent_8) Not registered. Aborting.
[2016.01.13-17.05.01:846][303]Cmd: OBJ SAVEPACKAGE PACKAGE="/Game/Blueprints/Player/player" FILE="../../../../../../Users/Jimmy/git/PoliHeath/Proyecto/Content/Blueprints/Player/player.uasset" SILENT=true
[2016.01.13-17.05.02:250][303]LogSavePackage: Save=386.904694ms
[2016.01.13-17.05.02:250][303]LogSavePackage: Moving '../../../../../../Users/Jimmy/git/PoliHeath/Proyecto/Saved/playerA60407E34DC7E56BE9AC068E28D49CA1.tmp' to '../../../../../../Users/Jimmy/git/PoliHeath/Proyecto/Content/Blueprints/Player/player.uasset'
[2016.01.13-17.05.02:834][348]BlueprintLog: New page: Compile Player
[2016.01.13-17.05.03:031][348]LogActorComponent: UnregisterComponent: (/Engine/Transient.CharacterMovementComponent_9) Not registered. Aborting.
[2016.01.13-17.05.03:174][348]BlueprintEditorCompileResults: Info [0486.29] Compile of Player successful! [in 85 ms]
[2016.01.13-17.05.03:798][386]Cmd: OBJ SAVEPACKAGE PACKAGE="/Game/Blueprints/Player/player" FILE="../../../../../../Users/Jimmy/git/PoliHeath/Proyecto/Content/Blueprints/Player/player.uasset" SILENT=true
[2016.01.13-17.05.04:207][386]LogSavePackage: Save=392.515411ms
[2016.01.13-17.05.04:207][386]LogSavePackage: Moving '../../../../../../Users/Jimmy/git/PoliHeath/Proyecto/Saved/player8C43EB5A403496BC80384AB20EF70BC8.tmp' to '../../../../../../Users/Jimmy/git/PoliHeath/Proyecto/Content/Blueprints/Player/player.uasset'
[2016.01.13-17.05.07:738][618]LogPlayLevel: PIE:  No blueprints needed recompiling
[2016.01.13-17.05.07:738][618]PIE: New page: PIE session: Nivel_1 (Jan 13, 2016, 7:05:07 AM)
[2016.01.13-17.05.07:741][618]LogPlayLevel: PIE: StaticDuplicateObject took: (0.002550s)
[2016.01.13-17.05.07:742][618]LogPlayLevel: PIE: World Init took: (0.001080s)
[2016.01.13-17.05.07:742][618]LogPlayLevel: PIE: Created PIE world by copying editor world from /Game/Niveles/Nivel_1.Nivel_1 to /Game/Niveles/UEDPIE_0_Nivel_1.Nivel_1 (0.003879s)
[2016.01.13-17.05.07:775][618]LogWorld: Game class is '2D_C'
[2016.01.13-17.05.07:779][618]LogAIModule: Creating AISystem for world Nivel_1
[2016.01.13-17.05.07:779][618]LogWorld: Bringing World /Game/Niveles/UEDPIE_0_Nivel_1.Nivel_1 up for play (max tick rate 0) at 2016.01.13-12.05.07
[2016.01.13-17.05.07:780][618]LogWorld: Bringing up level for play took: 0.000916
[2016.01.13-17.05.07:783][618]PIE: Info Play in editor start time for /Game/Niveles/UEDPIE_0_Nivel_1 -0.428
[2016.01.13-17.05.22:231][416]LogTemp: MouseLeave
[2016.01.13-17.05.22:568][432]LogActorComponent: UnregisterComponent: (/Engine/Transient.CharacterMovementComponent_10) Not registered. Aborting.
[2016.01.13-17.05.22:584][432]LogParticles: Destroying 0 GPU particle simulations for FXSystem 0x0000009A35077EC0
[2016.01.13-17.05.40:204][111]LogPropertyNode:Warning: UI Min (0) >= UI Max () for Ranged Numeric
[2016.01.13-17.05.40:206][111]LogPropertyNode:Warning: UI Min (0) >= UI Max () for Ranged Numeric
[2016.01.13-17.05.45:577][747]LogActorComponent: UnregisterComponent: (/Engine/Transient.CharacterMovementComponent_11) Not registered. Aborting.
[2016.01.13-17.05.45:649][756]BlueprintLog: New page: Compile Player
[2016.01.13-17.05.46:055][756]BlueprintEditorCompileResults: Info [0529.13] Compile of Player successful! [in 113 ms]
[2016.01.13-17.05.46:060][756]LogPropertyNode:Warning: UI Min (0) >= UI Max () for Ranged Numeric
[2016.01.13-17.05.46:062][756]LogPropertyNode:Warning: UI Min (0) >= UI Max () for Ranged Numeric
[2016.01.13-17.05.46:750][831]Cmd: OBJ SAVEPACKAGE PACKAGE="/Game/Blueprints/Player/player" FILE="../../../../../../Users/Jimmy/git/PoliHeath/Proyecto/Content/Blueprints/Player/player.uasset" SILENT=true
[2016.01.13-17.05.47:157][831]LogSavePackage: Save=387.512726ms
[2016.01.13-17.05.47:157][831]LogSavePackage: Moving '../../../../../../Users/Jimmy/git/PoliHeath/Proyecto/Saved/player896CD01F4D7497504089519A32551A9E.tmp' to '../../../../../../Users/Jimmy/git/PoliHeath/Proyecto/Content/Blueprints/Player/player.uasset'
[2016.01.13-17.05.48:708][953]LogPlayLevel: PIE:  No blueprints needed recompiling
[2016.01.13-17.05.48:708][953]PIE: New page: PIE session: Nivel_1 (Jan 13, 2016, 7:05:48 AM)
[2016.01.13-17.05.48:711][953]LogPlayLevel: PIE: StaticDuplicateObject took: (0.002692s)
[2016.01.13-17.05.48:713][953]LogPlayLevel: PIE: World Init took: (0.001128s)
[2016.01.13-17.05.48:713][953]LogPlayLevel: PIE: Created PIE world by copying editor world from /Game/Niveles/Nivel_1.Nivel_1 to /Game/Niveles/UEDPIE_0_Nivel_1.Nivel_1 (0.004082s)
[2016.01.13-17.05.48:750][953]LogWorld: Game class is '2D_C'
[2016.01.13-17.05.48:754][953]LogAIModule: Creating AISystem for world Nivel_1
[2016.01.13-17.05.48:755][953]LogWorld: Bringing World /Game/Niveles/UEDPIE_0_Nivel_1.Nivel_1 up for play (max tick rate 0) at 2016.01.13-12.05.48
[2016.01.13-17.05.48:755][953]LogWorld: Bringing up level for play took: 0.001022
[2016.01.13-17.05.48:758][953]PIE: Info Play in editor start time for /Game/Niveles/UEDPIE_0_Nivel_1 0.546
[2016.01.13-17.06.04:784][829]LogTemp: MouseLeave
[2016.01.13-17.06.09:993][200]LogPropertyNode:Warning: UI Min (0.0) >= UI Max () for Ranged Numeric
[2016.01.13-17.06.10:005][200]LogPropertyNode:Warning: UI Min (0.0) >= UI Max () for Ranged Numeric
[2016.01.13-17.06.10:533][243]LogPropertyNode:Warning: UI Min (0) >= UI Max () for Ranged Numeric
[2016.01.13-17.06.10:535][243]LogPropertyNode:Warning: UI Min (0) >= UI Max () for Ranged Numeric
[2016.01.13-17.06.25:078][615]LogActorComponent: UnregisterComponent: (/Engine/Transient.CharacterMovementComponent_12) Not registered. Aborting.
[2016.01.13-17.06.28:612][824]LogActorComponent: UnregisterComponent: (/Engine/Transient.CharacterMovementComponent_13) Not registered. Aborting.
[2016.01.13-17.06.28:635][824]LogParticles: Destroying 0 GPU particle simulations for FXSystem 0x0000009A38D32200
[2016.01.13-17.06.29:766][930]BlueprintLog: New page: Compile Player
[2016.01.13-17.06.30:177][930]BlueprintEditorCompileResults: Info [0573.23] Compile of Player successful! [in 96 ms]
[2016.01.13-17.06.30:184][930]LogPropertyNode:Warning: UI Min (0.0) >= UI Max () for Ranged Numeric
[2016.01.13-17.06.30:189][930]LogPropertyNode:Warning: UI Min (0.0) >= UI Max () for Ranged Numeric
[2016.01.13-17.06.30:193][930]LogPropertyNode:Warning: UI Min (0) >= UI Max () for Ranged Numeric
[2016.01.13-17.06.30:194][930]LogPropertyNode:Warning: UI Min (0) >= UI Max () for Ranged Numeric
[2016.01.13-17.06.30:766][990]Cmd: OBJ SAVEPACKAGE PACKAGE="/Game/Blueprints/Player/player" FILE="../../../../../../Users/Jimmy/git/PoliHeath/Proyecto/Content/Blueprints/Player/player.uasset" SILENT=true
[2016.01.13-17.06.31:170][990]LogSavePackage: Save=387.490509ms
[2016.01.13-17.06.31:170][990]LogSavePackage: Moving '../../../../../../Users/Jimmy/git/PoliHeath/Proyecto/Saved/player0A2E22F84E59ED2ED0094AA77B595BC3.tmp' to '../../../../../../Users/Jimmy/git/PoliHeath/Proyecto/Content/Blueprints/Player/player.uasset'
[2016.01.13-17.06.33:437][171]LogPlayLevel: PIE:  No blueprints needed recompiling
[2016.01.13-17.06.33:437][171]PIE: New page: PIE session: Nivel_1 (Jan 13, 2016, 7:06:33 AM)
[2016.01.13-17.06.33:440][171]LogPlayLevel: PIE: StaticDuplicateObject took: (0.002586s)
[2016.01.13-17.06.33:441][171]LogPlayLevel: PIE: World Init took: (0.001103s)
[2016.01.13-17.06.33:441][171]LogPlayLevel: PIE: Created PIE world by copying editor world from /Game/Niveles/Nivel_1.Nivel_1 to /Game/Niveles/UEDPIE_0_Nivel_1.Nivel_1 (0.003924s)
[2016.01.13-17.06.33:477][171]LogWorld: Game class is '2D_C'
[2016.01.13-17.06.33:481][171]LogAIModule: Creating AISystem for world Nivel_1
[2016.01.13-17.06.33:481][171]LogWorld: Bringing World /Game/Niveles/UEDPIE_0_Nivel_1.Nivel_1 up for play (max tick rate 0) at 2016.01.13-12.06.33
[2016.01.13-17.06.33:482][171]LogWorld: Bringing up level for play took: 0.000950
[2016.01.13-17.06.33:485][171]PIE: Info Play in editor start time for /Game/Niveles/UEDPIE_0_Nivel_1 -0.726
[2016.01.13-17.06.39:315][489]LogTemp: MouseLeave
[2016.01.13-17.06.39:618][504]LogActorComponent: UnregisterComponent: (/Engine/Transient.CharacterMovementComponent_14) Not registered. Aborting.
[2016.01.13-17.06.39:636][504]LogParticles: Destroying 0 GPU particle simulations for FXSystem 0x0000009A35264680
[2016.01.13-17.06.40:927][584]LogPlayLevel: PIE:  No blueprints needed recompiling
[2016.01.13-17.06.40:928][584]PIE: New page: PIE session: Nivel_1 (Jan 13, 2016, 7:06:40 AM)
[2016.01.13-17.06.40:931][584]LogPlayLevel: PIE: StaticDuplicateObject took: (0.002744s)
[2016.01.13-17.06.40:932][584]LogPlayLevel: PIE: World Init took: (0.001218s)
[2016.01.13-17.06.40:932][584]LogPlayLevel: PIE: Created PIE world by copying editor world from /Game/Niveles/Nivel_1.Nivel_1 to /Game/Niveles/UEDPIE_0_Nivel_1.Nivel_1 (0.004251s)
[2016.01.13-17.06.40:964][584]LogWorld: Game class is '2D_C'
[2016.01.13-17.06.40:968][584]LogAIModule: Creating AISystem for world Nivel_1
[2016.01.13-17.06.40:969][584]LogWorld: Bringing World /Game/Niveles/UEDPIE_0_Nivel_1.Nivel_1 up for play (max tick rate 0) at 2016.01.13-12.06.40
[2016.01.13-17.06.40:969][584]LogWorld: Bringing up level for play took: 0.000889
[2016.01.13-17.06.40:972][584]PIE: Info Play in editor start time for /Game/Niveles/UEDPIE_0_Nivel_1 0.76
[2016.01.13-17.06.44:423][771]LogTemp: MouseLeave
[2016.01.13-17.06.45:996][855]LogTemp: MouseLeave
[2016.01.13-17.06.46:411][874]LogParticles: Destroying 0 GPU particle simulations for FXSystem 0x0000009A1F77A5C0
[2016.01.13-17.06.51:077][360]BlueprintLog: New page: Compile Player
[2016.01.13-17.06.51:518][360]BlueprintEditorCompileResults: Info [0594.54] Compile of Player successful! [in 100 ms]
[2016.01.13-17.06.51:524][360]LogPropertyNode:Warning: UI Min (0.0) >= UI Max () for Ranged Numeric
[2016.01.13-17.06.51:529][360]LogPropertyNode:Warning: UI Min (0.0) >= UI Max () for Ranged Numeric
[2016.01.13-17.06.51:533][360]LogPropertyNode:Warning: UI Min (0) >= UI Max () for Ranged Numeric
[2016.01.13-17.06.51:534][360]LogPropertyNode:Warning: UI Min (0) >= UI Max () for Ranged Numeric
[2016.01.13-17.06.52:044][420]BlueprintLog: New page: Compile Player
[2016.01.13-17.06.52:510][420]BlueprintEditorCompileResults: Info [0595.51] Compile of Player successful! [in 95 ms]
[2016.01.13-17.06.52:517][420]LogPropertyNode:Warning: UI Min (0.0) >= UI Max () for Ranged Numeric
[2016.01.13-17.06.52:522][420]LogPropertyNode:Warning: UI Min (0.0) >= UI Max () for Ranged Numeric
[2016.01.13-17.06.52:526][420]LogPropertyNode:Warning: UI Min (0) >= UI Max () for Ranged Numeric
[2016.01.13-17.06.52:527][420]LogPropertyNode:Warning: UI Min (0) >= UI Max () for Ranged Numeric
[2016.01.13-17.06.55:005][579]LogPlayLevel: PIE:  No blueprints needed recompiling
[2016.01.13-17.06.55:005][579]PIE: New page: PIE session: Nivel_1 (Jan 13, 2016, 7:06:55 AM)
[2016.01.13-17.06.55:008][579]LogPlayLevel: PIE: StaticDuplicateObject took: (0.002679s)
[2016.01.13-17.06.55:009][579]LogPlayLevel: PIE: World Init took: (0.001106s)
[2016.01.13-17.06.55:010][579]LogPlayLevel: PIE: Created PIE world by copying editor world from /Game/Niveles/Nivel_1.Nivel_1 to /Game/Niveles/UEDPIE_0_Nivel_1.Nivel_1 (0.004020s)
[2016.01.13-17.06.55:043][579]LogWorld: Game class is '2D_C'
[2016.01.13-17.06.55:047][579]LogAIModule: Creating AISystem for world Nivel_1
[2016.01.13-17.06.55:048][579]LogWorld: Bringing World /Game/Niveles/UEDPIE_0_Nivel_1.Nivel_1 up for play (max tick rate 0) at 2016.01.13-12.06.55
[2016.01.13-17.06.55:048][579]LogWorld: Bringing up level for play took: 0.001074
[2016.01.13-17.06.55:052][579]PIE: Info Play in editor start time for /Game/Niveles/UEDPIE_0_Nivel_1 0.84
[2016.01.13-17.06.59:301][812]LogTemp: MouseLeave
[2016.01.13-17.07.04:333][212]LogActorComponent: UnregisterComponent: (/Engine/Transient.CharacterMovementComponent_15) Not registered. Aborting.
[2016.01.13-17.07.59:396][865]LogActorComponent: UnregisterComponent: (/Engine/Transient.CharacterMovementComponent_16) Not registered. Aborting.
[2016.01.13-17.07.59:414][865]LogParticles: Destroying 0 GPU particle simulations for FXSystem 0x0000009A4A6D7C40
[2016.01.13-17.08.35:978][988]BlueprintLog: New page: Pre-PIE auto-recompile
[2016.01.13-17.08.36:256][988]LogActorComponent: UnregisterComponent: (/Engine/Transient.CharacterMovementComponent_17) Not registered. Aborting.
[2016.01.13-17.08.36:256][988]LogPlayLevel: [PIE] Compiling Player before PIE...
[2016.01.13-17.08.36:797][988]LogPlayLevel: PIE:  Blueprint regeneration took 818 ms (1 blueprints)
[2016.01.13-17.08.36:797][988]PIE: New page: PIE session: Nivel_1 (Jan 13, 2016, 7:08:36 AM)
[2016.01.13-17.08.36:800][988]LogPlayLevel: PIE: StaticDuplicateObject took: (0.002780s)
[2016.01.13-17.08.36:801][988]LogPlayLevel: PIE: World Init took: (0.001261s)
[2016.01.13-17.08.36:801][988]LogPlayLevel: PIE: Created PIE world by copying editor world from /Game/Niveles/Nivel_1.Nivel_1 to /Game/Niveles/UEDPIE_0_Nivel_1.Nivel_1 (0.004261s)
[2016.01.13-17.08.36:836][988]LogWorld: Game class is '2D_C'
[2016.01.13-17.08.36:840][988]LogAIModule: Creating AISystem for world Nivel_1
[2016.01.13-17.08.36:840][988]LogWorld: Bringing World /Game/Niveles/UEDPIE_0_Nivel_1.Nivel_1 up for play (max tick rate 0) at 2016.01.13-12.08.36
[2016.01.13-17.08.36:841][988]LogWorld: Bringing up level for play took: 0.000917
[2016.01.13-17.08.36:844][988]PIE: Info Play in editor start time for /Game/Niveles/UEDPIE_0_Nivel_1 0.633
[2016.01.13-17.08.44:408][403]LogTemp: MouseLeave
[2016.01.13-17.08.44:832][424]LogActorComponent: UnregisterComponent: (/Engine/Transient.CharacterMovementComponent_18) Not registered. Aborting.
[2016.01.13-17.08.44:874][425]LogParticles: Destroying 0 GPU particle simulations for FXSystem 0x0000009A33E0EDE0
[2016.01.13-17.09.46:859][ 96]LogBlueprint:Error: [compiler] Error  InputAxis MoveRight  cannot be placed in function graph
[2016.01.13-17.09.46:859][ 96]BlueprintLog: New page: Collapse to Function
[2016.01.13-17.09.46:859][ 96]BlueprintLog:Error: Error  InputAxis MoveRight  cannot be placed in function graph
[2016.01.13-17.09.55:410][468]LogBlueprint:Error: [compiler] Error  InputAxis MoveRight  cannot be placed in macro graph
[2016.01.13-17.09.55:410][468]BlueprintLog: New page: Collapse to Macro
[2016.01.13-17.09.55:410][468]BlueprintLog:Error: Error  InputAxis MoveRight  cannot be placed in macro graph
[2016.01.13-17.10.37:398][376]LogEditorTransaction: Undo Move Node
[2016.01.13-17.10.38:070][396]LogEditorTransaction: Undo Rename Node
[2016.01.13-17.10.38:823][445]LogEditorTransaction: Undo Collapses selected nodes into a single node
[2016.01.13-17.10.54:617][399]LogBlueprint:Error: [compiler] Error  InputAxis MoveRight  cannot be placed in macro graph
[2016.01.13-17.10.54:617][399]BlueprintLog: New page: Collapse to Macro
[2016.01.13-17.10.54:617][399]BlueprintLog:Error: Error  InputAxis MoveRight  cannot be placed in macro graph
[2016.01.13-17.16.00:616][947]LogSlate:Warning: GetFontFace failed to load or process 'Roboto-Regular'
[2016.01.13-17.16.00:617][947]LogSlate:Warning: GetFontFace failed to load or process 'Roboto-Regular'
[2016.01.13-17.16.27:458][603]BlueprintLog: New page: Compile Player
[2016.01.13-17.16.27:498][603]LogBlueprint:Error: [compiler] Error This blueprint (self) is not a PaperFlipbookComponent, therefore ' Target ' must have a connection
[2016.01.13-17.16.27:596][603]LogBlueprint:Warning: [compiler] Warning [1170.94] Compile of Player failed. 1 Fatal Issue(s) 0 Warning(s) [in 116 ms]
[2016.01.13-17.16.27:974][603]BlueprintEditorCompileResults:Error: Error This blueprint (self) is not a PaperFlipbookComponent, therefore ' Target ' must have a connection
[2016.01.13-17.16.27:974][603]BlueprintEditorCompileResults:Warning: Warning [1170.94] Compile of Player failed. 1 Fatal Issue(s) 0 Warning(s) [in 116 ms]
[2016.01.13-17.16.51:421][961]LogUObjectGlobals:Warning: Failed to find object 'Object None.'
[2016.01.13-17.16.57:572][269]BlueprintLog: New page: Compile Player
[2016.01.13-17.16.57:779][269]LogActorComponent: UnregisterComponent: (/Engine/Transient.CharacterMovementComponent_19) Not registered. Aborting.
[2016.01.13-17.16.57:970][269]BlueprintEditorCompileResults: Info [1201.04] Compile of Player successful! [in 96 ms]
[2016.01.13-17.16.59:961][377]LogPlayLevel: PIE:  No blueprints needed recompiling
[2016.01.13-17.16.59:961][377]PIE: New page: PIE session: Nivel_1 (Jan 13, 2016, 7:16:59 AM)
[2016.01.13-17.16.59:964][377]LogPlayLevel: PIE: StaticDuplicateObject took: (0.002611s)
[2016.01.13-17.16.59:966][377]LogPlayLevel: PIE: World Init took: (0.001427s)
[2016.01.13-17.16.59:966][377]LogPlayLevel: PIE: Created PIE world by copying editor world from /Game/Niveles/Nivel_1.Nivel_1 to /Game/Niveles/UEDPIE_0_Nivel_1.Nivel_1 (0.004292s)
[2016.01.13-17.16.59:997][377]LogWorld: Game class is '2D_C'
[2016.01.13-17.17.00:001][377]LogAIModule: Creating AISystem for world Nivel_1
[2016.01.13-17.17.00:001][377]LogWorld: Bringing World /Game/Niveles/UEDPIE_0_Nivel_1.Nivel_1 up for play (max tick rate 0) at 2016.01.13-12.17.00
[2016.01.13-17.17.00:002][377]LogWorld: Bringing up level for play took: 0.001035
[2016.01.13-17.17.00:005][377]PIE: Info Play in editor start time for /Game/Niveles/UEDPIE_0_Nivel_1 -0.206
[2016.01.13-17.17.14:439][117]LogTemp: MouseLeave
[2016.01.13-17.17.14:992][145]LogActorComponent: UnregisterComponent: (/Engine/Transient.CharacterMovementComponent_20) Not registered. Aborting.
[2016.01.13-17.17.15:010][145]LogParticles: Destroying 0 GPU particle simulations for FXSystem 0x0000009A55A4E3E0
[2016.01.13-17.17.28:217][940]LogActorComponent: UnregisterComponent: (/Engine/Transient.CharacterMovementComponent_21) Not registered. Aborting.
[2016.01.13-17.17.28:237][940]LogFileHelpers: Editor autosave (incl. sublevels) for '/Game/Niveles/Nivel_1' took 0.020
[2016.01.13-17.17.28:260][940]OBJ SavePackage: Generating thumbnails for [1] asset(s) in package [/Game/Blueprints/Player/player] ([1] browsable assets)...
[2016.01.13-17.17.28:303][940]OBJ SavePackage:     Rendered thumbnail for [Blueprint /Game/Blueprints/Player/player.Player]
[2016.01.13-17.17.28:303][940]OBJ SavePackage: Finished generating thumbnails for package [/Game/Blueprints/Player/player]
[2016.01.13-17.17.28:730][940]LogSavePackage: Save=390.655609ms
[2016.01.13-17.17.28:730][940]LogSavePackage: Moving '../../../../../../Users/Jimmy/git/PoliHeath/Proyecto/Saved/player_Auto1DADB6F014C52FDA3F8E54E83B5983EA4.tmp' to '../../../../../../Users/Jimmy/git/PoliHeath/Proyecto/Saved/Autosaves/Game/Blueprints/Player/player_Auto1.uasset'
[2016.01.13-17.17.28:752][940]LogFileHelpers: Auto-saving content packages took 0.514
[2016.01.13-17.17.58:276][764]BlueprintLog: New page: Pre-PIE auto-recompile
[2016.01.13-17.17.58:394][764]LogActorComponent: UnregisterComponent: (/Engine/Transient.CharacterMovementComponent_22) Not registered. Aborting.
[2016.01.13-17.17.58:394][764]LogPlayLevel: [PIE] Compiling Player before PIE...
[2016.01.13-17.17.58:745][764]LogPlayLevel: PIE:  Blueprint regeneration took 468 ms (1 blueprints)
[2016.01.13-17.17.58:745][764]PIE: New page: PIE session: Nivel_1 (Jan 13, 2016, 7:17:58 AM)
[2016.01.13-17.17.58:748][764]LogPlayLevel: PIE: StaticDuplicateObject took: (0.002727s)
[2016.01.13-17.17.58:749][764]LogPlayLevel: PIE: World Init took: (0.001105s)
[2016.01.13-17.17.58:750][764]LogPlayLevel: PIE: Created PIE world by copying editor world from /Game/Niveles/Nivel_1.Nivel_1 to /Game/Niveles/UEDPIE_0_Nivel_1.Nivel_1 (0.004079s)
[2016.01.13-17.17.58:789][764]LogWorld: Game class is '2D_C'
[2016.01.13-17.17.58:793][764]LogAIModule: Creating AISystem for world Nivel_1
[2016.01.13-17.17.58:794][764]LogWorld: Bringing World /Game/Niveles/UEDPIE_0_Nivel_1.Nivel_1 up for play (max tick rate 0) at 2016.01.13-12.17.58
[2016.01.13-17.17.58:794][764]LogWorld: Bringing up level for play took: 0.000985
[2016.01.13-17.17.58:798][764]PIE: Info Play in editor start time for /Game/Niveles/UEDPIE_0_Nivel_1 0.587
[2016.01.13-17.18.12:583][456]LogTemp: MouseLeave
[2016.01.13-17.18.13:705][509]LogParticles: Destroying 0 GPU particle simulations for FXSystem 0x0000009A52842160
[2016.01.13-17.23.58:690][679]LogUObjectGlobals:Warning: Failed to find object 'Object None.'
[2016.01.13-17.24.02:318][898]LogSlate:Warning: GetFontFace failed to load or process 'Roboto-Regular'
[2016.01.13-17.24.02:319][898]LogSlate:Warning: GetFontFace failed to load or process 'Roboto-Regular'
[2016.01.13-17.24.02:319][898]LogSlate:Warning: GetFontFace failed to load or process 'Roboto-Regular'
[2016.01.13-17.24.02:319][898]LogSlate:Warning: GetFontFace failed to load or process 'Roboto-Regular'
[2016.01.13-17.24.02:319][898]LogSlate:Warning: GetFontFace failed to load or process 'Roboto-Regular'
[2016.01.13-17.24.02:319][898]LogSlate:Warning: GetFontFace failed to load or process 'Roboto-Regular'
[2016.01.13-17.25.42:461][469]LogSlate:Warning: GetFontFace failed to load or process 'Roboto-Regular'
[2016.01.13-17.25.42:461][469]LogSlate:Warning: GetFontFace failed to load or process 'Roboto-Regular'
[2016.01.13-17.26.30:682][186]BlueprintLog: New page: Compile Player
[2016.01.13-17.26.31:094][186]BlueprintEditorCompileResults: Info [1774.15] Compile of Player successful! [in 100 ms]
[2016.01.13-17.26.34:610][365]LogPlayLevel: PIE:  No blueprints needed recompiling
[2016.01.13-17.26.34:610][365]PIE: New page: PIE session: Nivel_1 (Jan 13, 2016, 7:26:34 AM)
[2016.01.13-17.26.34:613][365]LogPlayLevel: PIE: StaticDuplicateObject took: (0.002599s)
[2016.01.13-17.26.34:614][365]LogPlayLevel: PIE: World Init took: (0.001086s)
[2016.01.13-17.26.34:615][365]LogPlayLevel: PIE: Created PIE world by copying editor world from /Game/Niveles/Nivel_1.Nivel_1 to /Game/Niveles/UEDPIE_0_Nivel_1.Nivel_1 (0.004010s)
[2016.01.13-17.26.34:652][365]LogWorld: Game class is '2D_C'
[2016.01.13-17.26.34:656][365]LogAIModule: Creating AISystem for world Nivel_1
[2016.01.13-17.26.34:657][365]LogWorld: Bringing World /Game/Niveles/UEDPIE_0_Nivel_1.Nivel_1 up for play (max tick rate 0) at 2016.01.13-12.26.34
[2016.01.13-17.26.34:657][365]LogWorld: Bringing up level for play took: 0.001067
[2016.01.13-17.26.34:661][365]PIE: Info Play in editor start time for /Game/Niveles/UEDPIE_0_Nivel_1 0.449
[2016.01.13-17.27.02:715][908]LogTemp: MouseLeave
[2016.01.13-17.27.03:116][929]LogTemp: MouseLeave
[2016.01.13-17.27.04:318][995]LogTemp: MouseLeave
[2016.01.13-17.27.04:650][ 13]LogTemp: MouseLeave
[2016.01.13-17.27.06:323][104]LogTemp: MouseLeave
[2016.01.13-17.27.29:907][262]LogActorComponent: UnregisterComponent: (/Engine/Transient.CharacterMovementComponent_23) Not registered. Aborting.
[2016.01.13-17.27.29:926][262]LogParticles: Destroying 0 GPU particle simulations for FXSystem 0x0000009A532B49A0
[2016.01.13-17.27.37:130][709]BlueprintLog: New page: Compile Player
[2016.01.13-17.27.37:483][709]BlueprintEditorCompileResults: Info [1840.60] Compile of Player successful! [in 98 ms]
[2016.01.13-17.27.38:526][764]LogPlayLevel: PIE:  No blueprints needed recompiling
[2016.01.13-17.27.38:526][764]PIE: New page: PIE session: Nivel_1 (Jan 13, 2016, 7:27:38 AM)
[2016.01.13-17.27.38:529][764]LogPlayLevel: PIE: StaticDuplicateObject took: (0.002756s)
[2016.01.13-17.27.38:530][764]LogPlayLevel: PIE: World Init took: (0.001032s)
[2016.01.13-17.27.38:530][764]LogPlayLevel: PIE: Created PIE world by copying editor world from /Game/Niveles/Nivel_1.Nivel_1 to /Game/Niveles/UEDPIE_0_Nivel_1.Nivel_1 (0.004009s)
[2016.01.13-17.27.38:570][764]LogWorld: Game class is '2D_C'
[2016.01.13-17.27.38:574][764]LogAIModule: Creating AISystem for world Nivel_1
[2016.01.13-17.27.38:575][764]LogWorld: Bringing World /Game/Niveles/UEDPIE_0_Nivel_1.Nivel_1 up for play (max tick rate 0) at 2016.01.13-12.27.38
[2016.01.13-17.27.38:575][764]LogWorld: Bringing up level for play took: 0.000926
[2016.01.13-17.27.38:582][764]PIE: Info Play in editor start time for /Game/Niveles/UEDPIE_0_Nivel_1 0.371
[2016.01.13-17.27.47:000][176]LogTemp: MouseLeave
[2016.01.13-17.27.47:549][203]LogTemp: MouseLeave
[2016.01.13-17.27.48:061][225]LogParticles: Destroying 0 GPU particle simulations for FXSystem 0x0000009A50B42520
[2016.01.13-17.27.54:855][666]LogPlayLevel: PIE:  No blueprints needed recompiling
[2016.01.13-17.27.54:855][666]PIE: New page: PIE session: Nivel_1 (Jan 13, 2016, 7:27:54 AM)
[2016.01.13-17.27.54:858][666]LogPlayLevel: PIE: StaticDuplicateObject took: (0.002666s)
[2016.01.13-17.27.54:859][666]LogPlayLevel: PIE: World Init took: (0.001143s)
[2016.01.13-17.27.54:859][666]LogPlayLevel: PIE: Created PIE world by copying editor world from /Game/Niveles/Nivel_1.Nivel_1 to /Game/Niveles/UEDPIE_0_Nivel_1.Nivel_1 (0.004065s)
[2016.01.13-17.27.54:898][666]LogWorld: Game class is '2D_C'
[2016.01.13-17.27.54:902][666]LogAIModule: Creating AISystem for world Nivel_1
[2016.01.13-17.27.54:903][666]LogWorld: Bringing World /Game/Niveles/UEDPIE_0_Nivel_1.Nivel_1 up for play (max tick rate 0) at 2016.01.13-12.27.54
[2016.01.13-17.27.54:903][666]LogWorld: Bringing up level for play took: 0.000952
[2016.01.13-17.27.54:910][666]PIE: Info Play in editor start time for /Game/Niveles/UEDPIE_0_Nivel_1 0.699
[2016.01.13-17.27.56:274][728]LogTemp: MouseLeave
[2016.01.13-17.28.04:033][999]LogParticles: Destroying 0 GPU particle simulations for FXSystem 0x0000009A50B402C0
[2016.01.13-17.28.14:002][610]LogPlayLevel: PIE:  No blueprints needed recompiling
[2016.01.13-17.28.14:002][610]PIE: New page: PIE session: Nivel_1 (Jan 13, 2016, 7:28:14 AM)
[2016.01.13-17.28.14:005][610]LogPlayLevel: PIE: StaticDuplicateObject took: (0.002813s)
[2016.01.13-17.28.14:006][610]LogPlayLevel: PIE: World Init took: (0.001085s)
[2016.01.13-17.28.14:007][610]LogPlayLevel: PIE: Created PIE world by copying editor world from /Game/Niveles/Nivel_1.Nivel_1 to /Game/Niveles/UEDPIE_0_Nivel_1.Nivel_1 (0.004139s)
[2016.01.13-17.28.14:049][610]LogWorld: Game class is '2D_C'
[2016.01.13-17.28.14:053][610]LogAIModule: Creating AISystem for world Nivel_1
[2016.01.13-17.28.14:054][610]LogWorld: Bringing World /Game/Niveles/UEDPIE_0_Nivel_1.Nivel_1 up for play (max tick rate 0) at 2016.01.13-12.28.14
[2016.01.13-17.28.14:054][610]LogWorld: Bringing up level for play took: 0.001040
[2016.01.13-17.28.14:061][610]PIE: Info Play in editor start time for /Game/Niveles/UEDPIE_0_Nivel_1 -0.15
[2016.01.13-17.28.20:668][914]LogTemp: MouseLeave
[2016.01.13-17.28.21:529][952]LogParticles: Destroying 0 GPU particle simulations for FXSystem 0x0000009A68FF09A0
[2016.01.13-17.28.31:062][536]LogPlayLevel: PIE:  No blueprints needed recompiling
[2016.01.13-17.28.31:062][536]PIE: New page: PIE session: Nivel_1 (Jan 13, 2016, 7:28:31 AM)
[2016.01.13-17.28.31:065][536]LogPlayLevel: PIE: StaticDuplicateObject took: (0.002661s)
[2016.01.13-17.28.31:066][536]LogPlayLevel: PIE: World Init took: (0.001026s)
[2016.01.13-17.28.31:066][536]LogPlayLevel: PIE: Created PIE world by copying editor world from /Game/Niveles/Nivel_1.Nivel_1 to /Game/Niveles/UEDPIE_0_Nivel_1.Nivel_1 (0.003918s)
[2016.01.13-17.28.31:098][536]LogWorld: Game class is '2D_C'
[2016.01.13-17.28.31:102][536]LogAIModule: Creating AISystem for world Nivel_1
[2016.01.13-17.28.31:103][536]LogWorld: Bringing World /Game/Niveles/UEDPIE_0_Nivel_1.Nivel_1 up for play (max tick rate 0) at 2016.01.13-12.28.31
[2016.01.13-17.28.31:103][536]LogWorld: Bringing up level for play took: 0.000929
[2016.01.13-17.28.31:106][536]PIE: Info Play in editor start time for /Game/Niveles/UEDPIE_0_Nivel_1 0.895
[2016.01.13-17.28.32:102][588]LogTemp: MouseLeave
[2016.01.13-17.28.35:217][728]LogTemp: MouseLeave
[2016.01.13-17.28.36:273][764]LogTemp: MouseLeave
[2016.01.13-17.28.54:698][222]LogTemp: MouseLeave
[2016.01.13-17.28.58:636][319]LogActorComponent: UnregisterComponent: (/Engine/Transient.CharacterMovementComponent_24) Not registered. Aborting.
[2016.01.13-17.28.58:656][319]LogParticles: Destroying 0 GPU particle simulations for FXSystem 0x0000009A6048E020
[2016.01.13-17.29.33:378][376]LogFileHelpers: Editor autosave (incl. sublevels) for '/Game/Niveles/Nivel_1' took 0.023
[2016.01.13-17.29.33:391][376]OBJ SavePackage: Generating thumbnails for [1] asset(s) in package [/Game/Blueprints/Player/player] ([1] browsable assets)...
[2016.01.13-17.29.33:441][376]OBJ SavePackage:     Rendered thumbnail for [Blueprint /Game/Blueprints/Player/player.Player]
[2016.01.13-17.29.33:442][376]OBJ SavePackage: Finished generating thumbnails for package [/Game/Blueprints/Player/player]
[2016.01.13-17.29.33:872][376]LogSavePackage: Save=393.677246ms
[2016.01.13-17.29.33:872][376]LogSavePackage: Moving '../../../../../../Users/Jimmy/git/PoliHeath/Proyecto/Saved/player_Auto2A1AB7555462FC8AE5576D89C2B4A4B65.tmp' to '../../../../../../Users/Jimmy/git/PoliHeath/Proyecto/Saved/Autosaves/Game/Blueprints/Player/player_Auto2.uasset'
[2016.01.13-17.29.33:882][376]LogFileHelpers: Auto-saving content packages took 0.504
[2016.01.13-17.30.17:355][676]BlueprintLog: New page: Compile Player
[2016.01.13-17.30.17:578][676]LogActorComponent: UnregisterComponent: (/Engine/Transient.CharacterMovementComponent_25) Not registered. Aborting.
[2016.01.13-17.30.17:713][676]BlueprintEditorCompileResults: Info [2000.83] Compile of Player successful! [in 98 ms]
[2016.01.13-17.30.18:990][742]LogPlayLevel: PIE:  No blueprints needed recompiling
[2016.01.13-17.30.18:991][742]PIE: New page: PIE session: Nivel_1 (Jan 13, 2016, 7:30:18 AM)
[2016.01.13-17.30.18:993][742]LogPlayLevel: PIE: StaticDuplicateObject took: (0.002660s)
[2016.01.13-17.30.18:995][742]LogPlayLevel: PIE: World Init took: (0.001082s)
[2016.01.13-17.30.18:995][742]LogPlayLevel: PIE: Created PIE world by copying editor world from /Game/Niveles/Nivel_1.Nivel_1 to /Game/Niveles/UEDPIE_0_Nivel_1.Nivel_1 (0.003993s)
[2016.01.13-17.30.19:038][742]LogWorld: Game class is '2D_C'
[2016.01.13-17.30.19:042][742]LogAIModule: Creating AISystem for world Nivel_1
[2016.01.13-17.30.19:043][742]LogWorld: Bringing World /Game/Niveles/UEDPIE_0_Nivel_1.Nivel_1 up for play (max tick rate 0) at 2016.01.13-12.30.19
[2016.01.13-17.30.19:044][742]LogWorld: Bringing up level for play took: 0.000958
[2016.01.13-17.30.19:050][742]PIE: Info Play in editor start time for /Game/Niveles/UEDPIE_0_Nivel_1 0.839
[2016.01.13-17.30.27:187][124]LogTemp: MouseLeave
[2016.01.13-17.30.28:110][164]LogParticles: Destroying 0 GPU particle simulations for FXSystem 0x0000009A40AA4220
[2016.01.13-17.30.37:710][753]Cmd: OBJ SAVEPACKAGE PACKAGE="/Game/Niveles/Nivel_1" FILE="../../../../../../Users/Jimmy/git/PoliHeath/Proyecto/Content/Niveles/Nivel_1.umap" SILENT=true AUTOSAVING=false KEEPDIRTY=false
[2016.01.13-17.30.37:723][753]LogActorComponent: UnregisterComponent: (/Engine/Transient.CharacterMovementComponent_26) Not registered. Aborting.
[2016.01.13-17.30.37:795][753]LogSavePackage: Save=32.145721ms
[2016.01.13-17.30.37:795][753]LogSavePackage: Moving '../../../../../../Users/Jimmy/git/PoliHeath/Proyecto/Saved/Nivel_1C061E30D4B6C2EEE0C75C0AFF1A3A6EA.tmp' to '../../../../../../Users/Jimmy/git/PoliHeath/Proyecto/Content/Niveles/Nivel_1.umap'
[2016.01.13-17.30.39:608][854]Cmd: OBJ SAVEPACKAGE PACKAGE="/Game/Blueprints/Player/player" FILE="../../../../../../Users/Jimmy/git/PoliHeath/Proyecto/Content/Blueprints/Player/player.uasset" SILENT=true
[2016.01.13-17.30.40:015][854]LogSavePackage: Save=389.427155ms
[2016.01.13-17.30.40:015][854]LogSavePackage: Moving '../../../../../../Users/Jimmy/git/PoliHeath/Proyecto/Saved/playerBF9B9FAB4DF388BCD663E8B666B84A4F.tmp' to '../../../../../../Users/Jimmy/git/PoliHeath/Proyecto/Content/Blueprints/Player/player.uasset'
[2016.01.13-17.30.40:490][882]BlueprintLog: New page: Compile Player
[2016.01.13-17.30.40:701][882]LogActorComponent: UnregisterComponent: (/Engine/Transient.CharacterMovementComponent_27) Not registered. Aborting.
[2016.01.13-17.30.40:843][882]BlueprintEditorCompileResults: Info [2023.96] Compile of Player successful! [in 95 ms]
[2016.01.13-17.30.46:418][178]Cmd: OBJ SAVEPACKAGE PACKAGE="/Game/Niveles/Nivel_1" FILE="../../../../../../Users/Jimmy/git/PoliHeath/Proyecto/Saved/Autosaves/Game/Niveles/UEDPCNivel_1.umap" SILENT=true AUTOSAVING=true KEEPDIRTY=true
[2016.01.13-17.30.46:479][178]LogSavePackage: Save=41.444386ms
[2016.01.13-17.30.46:479][178]LogSavePackage: Moving '../../../../../../Users/Jimmy/git/PoliHeath/Proyecto/Saved/UEDPCNivel_115AF5AF64F9BAA8B709155AFD61EC064.tmp' to '../../../../../../Users/Jimmy/git/PoliHeath/Proyecto/Saved/Autosaves/Game/Niveles/UEDPCNivel_1.umap'
[2016.01.13-17.30.49:649][356]LogPlayLevel: PIE:  No blueprints needed recompiling
[2016.01.13-17.30.49:649][356]PIE: New page: PIE session: Nivel_1 (Jan 13, 2016, 7:30:49 AM)
[2016.01.13-17.30.49:652][356]LogPlayLevel: PIE: StaticDuplicateObject took: (0.002859s)
[2016.01.13-17.30.49:653][356]LogPlayLevel: PIE: World Init took: (0.001101s)
[2016.01.13-17.30.49:653][356]LogPlayLevel: PIE: Created PIE world by copying editor world from /Game/Niveles/Nivel_1.Nivel_1 to /Game/Niveles/UEDPIE_0_Nivel_1.Nivel_1 (0.004181s)
[2016.01.13-17.30.49:699][356]LogWorld: Game class is '2D_C'
[2016.01.13-17.30.49:703][356]LogAIModule: Creating AISystem for world Nivel_1
[2016.01.13-17.30.49:704][356]LogWorld: Bringing World /Game/Niveles/UEDPIE_0_Nivel_1.Nivel_1 up for play (max tick rate 0) at 2016.01.13-12.30.49
[2016.01.13-17.30.49:704][356]LogWorld: Bringing up level for play took: 0.000960
[2016.01.13-17.30.49:711][356]PIE: Info Play in editor start time for /Game/Niveles/UEDPIE_0_Nivel_1 -0.5
[2016.01.13-17.30.51:436][431]LogTemp: MouseLeave
[2016.01.13-17.30.54:723][540]LogTemp: MouseLeave
[2016.01.13-17.30.55:158][560]LogTemp: MouseLeave
[2016.01.13-17.30.56:138][603]LogParticles: Destroying 0 GPU particle simulations for FXSystem 0x0000009A60B26340
[2016.01.13-17.32.41:426][730]BlueprintLog: New page: Compile Player
[2016.01.13-17.32.41:642][730]LogActorComponent: UnregisterComponent: (/Engine/Transient.CharacterMovementComponent_28) Not registered. Aborting.
[2016.01.13-17.32.41:778][730]BlueprintEditorCompileResults: Info [2144.90] Compile of Player successful! [in 100 ms]
[2016.01.13-17.32.43:323][806]LogPlayLevel: PIE:  No blueprints needed recompiling
[2016.01.13-17.32.43:324][806]PIE: New page: PIE session: Nivel_1 (Jan 13, 2016, 7:32:43 AM)
[2016.01.13-17.32.43:326][806]LogPlayLevel: PIE: StaticDuplicateObject took: (0.002653s)
[2016.01.13-17.32.43:328][806]LogPlayLevel: PIE: World Init took: (0.001074s)
[2016.01.13-17.32.43:328][806]LogPlayLevel: PIE: Created PIE world by copying editor world from /Game/Niveles/Nivel_1.Nivel_1 to /Game/Niveles/UEDPIE_0_Nivel_1.Nivel_1 (0.003963s)
[2016.01.13-17.32.43:361][806]LogWorld: Game class is '2D_C'
[2016.01.13-17.32.43:365][806]LogAIModule: Creating AISystem for world Nivel_1
[2016.01.13-17.32.43:366][806]LogWorld: Bringing World /Game/Niveles/UEDPIE_0_Nivel_1.Nivel_1 up for play (max tick rate 0) at 2016.01.13-12.32.43
[2016.01.13-17.32.43:366][806]LogWorld: Bringing up level for play took: 0.001023
[2016.01.13-17.32.43:370][806]PIE: Info Play in editor start time for /Game/Niveles/UEDPIE_0_Nivel_1 -0.842
[2016.01.13-17.32.54:201][400]LogTemp: MouseLeave
[2016.01.13-17.32.54:950][435]LogActorComponent: UnregisterComponent: (/Engine/Transient.CharacterMovementComponent_29) Not registered. Aborting.
[2016.01.13-17.32.54:966][435]LogParticles: Destroying 0 GPU particle simulations for FXSystem 0x0000009A52640EA0
[2016.01.13-17.35.46:522][321]LogPlayLevel: PIE:  No blueprints needed recompiling
[2016.01.13-17.35.46:522][321]PIE: New page: PIE session: Nivel_1 (Jan 13, 2016, 7:35:46 AM)
[2016.01.13-17.35.46:525][321]LogPlayLevel: PIE: StaticDuplicateObject took: (0.002580s)
[2016.01.13-17.35.46:526][321]LogPlayLevel: PIE: World Init took: (0.001063s)
[2016.01.13-17.35.46:526][321]LogPlayLevel: PIE: Created PIE world by copying editor world from /Game/Niveles/Nivel_1.Nivel_1 to /Game/Niveles/UEDPIE_0_Nivel_1.Nivel_1 (0.003855s)
[2016.01.13-17.35.46:559][321]LogWorld: Game class is '2D_C'
[2016.01.13-17.35.46:563][321]LogAIModule: Creating AISystem for world Nivel_1
[2016.01.13-17.35.46:564][321]LogWorld: Bringing World /Game/Niveles/UEDPIE_0_Nivel_1.Nivel_1 up for play (max tick rate 0) at 2016.01.13-12.35.46
[2016.01.13-17.35.46:564][321]LogWorld: Bringing up level for play took: 0.001052
[2016.01.13-17.35.46:568][321]PIE: Info Play in editor start time for /Game/Niveles/UEDPIE_0_Nivel_1 0.356
[2016.01.13-17.35.47:117][337]LogTemp: MouseLeave
[2016.01.13-17.35.47:811][357]LogTemp: MouseLeave
[2016.01.13-17.35.50:785][412]LogTemp: MouseLeave
[2016.01.13-17.35.51:970][446]LogTemp: MouseLeave
[2016.01.13-17.35.58:861][608]LogTemp: MouseLeave
[2016.01.13-17.36.05:551][653]LogTemp: MouseLeave
[2016.01.13-17.36.06:559][683]LogTemp: MouseLeave
[2016.01.13-17.36.10:097][793]LogTemp: MouseLeave
[2016.01.13-17.37.04:750][395]LogTemp: MouseLeave
[2016.01.13-17.37.12:767][645]LogTemp: MouseLeave
[2016.01.13-17.37.29:561][167]LogTemp: MouseLeave
[2016.01.13-17.37.38:657][455]LogTemp: MouseLeave
[2016.01.13-17.38.00:249][145]LogTemp: MouseLeave
[2016.01.13-17.38.29:869][101]LogTemp: MouseLeave
[2016.01.13-17.38.35:456][263]LogParticles: Destroying 0 GPU particle simulations for FXSystem 0x0000009A40A942C0
[2016.01.13-17.38.38:096][351]LogPlayLevel: PIE:  No blueprints needed recompiling
[2016.01.13-17.38.38:096][351]PIE: New page: PIE session: Nivel_1 (Jan 13, 2016, 7:38:38 AM)
[2016.01.13-17.38.38:099][351]LogPlayLevel: PIE: StaticDuplicateObject took: (0.002622s)
[2016.01.13-17.38.38:100][351]LogPlayLevel: PIE: World Init took: (0.001159s)
[2016.01.13-17.38.38:101][351]LogPlayLevel: PIE: Created PIE world by copying editor world from /Game/Niveles/Nivel_1.Nivel_1 to /Game/Niveles/UEDPIE_0_Nivel_1.Nivel_1 (0.004038s)
[2016.01.13-17.38.38:138][351]LogWorld: Game class is '2D_C'
[2016.01.13-17.38.38:142][351]LogAIModule: Creating AISystem for world Nivel_1
[2016.01.13-17.38.38:142][351]LogWorld: Bringing World /Game/Niveles/UEDPIE_0_Nivel_1.Nivel_1 up for play (max tick rate 0) at 2016.01.13-12.38.38
[2016.01.13-17.38.38:143][351]LogWorld: Bringing up level for play took: 0.000866
[2016.01.13-17.38.38:146][351]PIE: Info Play in editor start time for /Game/Niveles/UEDPIE_0_Nivel_1 -0.066
[2016.01.13-17.38.38:939][376]LogTemp: MouseLeave
[2016.01.13-17.38.42:809][504]LogTemp: MouseLeave
[2016.01.13-17.38.47:682][657]LogTemp: MouseLeave
[2016.01.13-17.39.01:131][ 96]LogTemp: MouseLeave
[2016.01.13-17.39.24:330][844]LogTemp: MouseLeave
[2016.01.13-17.40.17:516][623]LogTemp: MouseLeave
[2016.01.13-17.40.26:359][887]LogParticles: Destroying 0 GPU particle simulations for FXSystem 0x0000009A5F105080
[2016.01.13-17.40.27:716][929]LogPlayLevel: PIE:  No blueprints needed recompiling
[2016.01.13-17.40.27:716][929]PIE: New page: PIE session: Nivel_1 (Jan 13, 2016, 7:40:27 AM)
[2016.01.13-17.40.27:719][929]LogPlayLevel: PIE: StaticDuplicateObject took: (0.002603s)
[2016.01.13-17.40.27:720][929]LogPlayLevel: PIE: World Init took: (0.001117s)
[2016.01.13-17.40.27:721][929]LogPlayLevel: PIE: Created PIE world by copying editor world from /Game/Niveles/Nivel_1.Nivel_1 to /Game/Niveles/UEDPIE_0_Nivel_1.Nivel_1 (0.003987s)
[2016.01.13-17.40.27:753][929]LogWorld: Game class is '2D_C'
[2016.01.13-17.40.27:758][929]LogAIModule: Creating AISystem for world Nivel_1
[2016.01.13-17.40.27:759][929]LogWorld: Bringing World /Game/Niveles/UEDPIE_0_Nivel_1.Nivel_1 up for play (max tick rate 0) at 2016.01.13-12.40.27
[2016.01.13-17.40.27:759][929]LogWorld: Bringing up level for play took: 0.001096
[2016.01.13-17.40.27:763][929]PIE: Info Play in editor start time for /Game/Niveles/UEDPIE_0_Nivel_1 -0.449
[2016.01.13-17.40.28:946][964]LogTemp: MouseLeave
[2016.01.13-17.40.38:734][284]LogTemp: MouseLeave
[2016.01.13-17.40.43:392][437]LogTemp: MouseLeave
[2016.01.13-17.41.00:941][  9]LogTemp: MouseLeave
[2016.01.13-17.41.23:301][707]LogParticles: Destroying 0 GPU particle simulations for FXSystem 0x0000009A5E36E520
[2016.01.13-17.42.06:996][433]LogUObjectGlobals:Warning: Failed to find object 'Object None.'
[2016.01.13-17.42.20:300][871]LogUObjectGlobals:Warning: Failed to find object 'Object None.'
[2016.01.13-17.42.31:475][229]LogActorComponent: UnregisterComponent: (/Engine/Transient.CharacterMovementComponent_30) Not registered. Aborting.
[2016.01.13-17.42.35:856][377]BlueprintLog: New page: Compile Player
[2016.01.13-17.42.36:076][377]LogActorComponent: UnregisterComponent: (/Engine/Transient.CharacterMovementComponent_31) Not registered. Aborting.
[2016.01.13-17.42.36:219][377]BlueprintEditorCompileResults: Info [2739.33] Compile of Player successful! [in 99 ms]
[2016.01.13-17.42.38:310][443]LogPlayLevel: PIE:  No blueprints needed recompiling
[2016.01.13-17.42.38:311][443]PIE: New page: PIE session: Nivel_1 (Jan 13, 2016, 7:42:38 AM)
[2016.01.13-17.42.38:313][443]LogPlayLevel: PIE: StaticDuplicateObject took: (0.002602s)
[2016.01.13-17.42.38:315][443]LogPlayLevel: PIE: World Init took: (0.001160s)
[2016.01.13-17.42.38:315][443]LogPlayLevel: PIE: Created PIE world by copying editor world from /Game/Niveles/Nivel_1.Nivel_1 to /Game/Niveles/UEDPIE_0_Nivel_1.Nivel_1 (0.004003s)
[2016.01.13-17.42.38:350][443]LogWorld: Game class is '2D_C'
[2016.01.13-17.42.38:354][443]LogAIModule: Creating AISystem for world Nivel_1
[2016.01.13-17.42.38:355][443]LogWorld: Bringing World /Game/Niveles/UEDPIE_0_Nivel_1.Nivel_1 up for play (max tick rate 0) at 2016.01.13-12.42.38
[2016.01.13-17.42.38:355][443]LogWorld: Bringing up level for play took: 0.000923
[2016.01.13-17.42.38:358][443]PIE: Info Play in editor start time for /Game/Niveles/UEDPIE_0_Nivel_1 0.146
[2016.01.13-17.42.40:352][502]LogTemp: MouseLeave
[2016.01.13-17.42.59:921][321]LogTemp: MouseLeave
[2016.01.13-17.43.01:753][421]LogTemp: MouseLeave
[2016.01.13-17.43.16:410][905]LogTemp: MouseLeave
[2016.01.13-17.43.29:117][298]LogTemp: MouseLeave
[2016.01.13-17.43.31:705][373]LogActorComponent: UnregisterComponent: (/Engine/Transient.CharacterMovementComponent_32) Not registered. Aborting.
[2016.01.13-17.43.31:722][373]LogParticles: Destroying 0 GPU particle simulations for FXSystem 0x0000009A653F6CA0
[2016.01.13-17.43.33:039][411]LogPlayLevel: PIE:  No blueprints needed recompiling
[2016.01.13-17.43.33:039][411]PIE: New page: PIE session: Nivel_1 (Jan 13, 2016, 7:43:33 AM)
[2016.01.13-17.43.33:042][411]LogPlayLevel: PIE: StaticDuplicateObject took: (0.002622s)
[2016.01.13-17.43.33:043][411]LogPlayLevel: PIE: World Init took: (0.001038s)
[2016.01.13-17.43.33:043][411]LogPlayLevel: PIE: Created PIE world by copying editor world from /Game/Niveles/Nivel_1.Nivel_1 to /Game/Niveles/UEDPIE_0_Nivel_1.Nivel_1 (0.003957s)
[2016.01.13-17.43.33:074][411]LogWorld: Game class is '2D_C'
[2016.01.13-17.43.33:078][411]LogAIModule: Creating AISystem for world Nivel_1
[2016.01.13-17.43.33:079][411]LogWorld: Bringing World /Game/Niveles/UEDPIE_0_Nivel_1.Nivel_1 up for play (max tick rate 0) at 2016.01.13-12.43.33
[2016.01.13-17.43.33:079][411]LogWorld: Bringing up level for play took: 0.000902
[2016.01.13-17.43.33:083][411]PIE: Info Play in editor start time for /Game/Niveles/UEDPIE_0_Nivel_1 0.871
[2016.01.13-17.43.35:360][481]LogTemp: MouseLeave
[2016.01.13-17.43.36:824][524]LogTemp: MouseLeave
[2016.01.13-17.43.39:271][606]LogTemp: MouseLeave
[2016.01.13-17.44.14:266][758]LogTemp: MouseLeave
[2016.01.13-17.44.36:934][468]LogParticles: Destroying 0 GPU particle simulations for FXSystem 0x0000009A6AF68720
[2016.01.13-17.44.38:038][501]LogPlayLevel: PIE:  No blueprints needed recompiling
[2016.01.13-17.44.38:039][501]PIE: New page: PIE session: Nivel_1 (Jan 13, 2016, 7:44:38 AM)
[2016.01.13-17.44.38:041][501]LogPlayLevel: PIE: StaticDuplicateObject took: (0.002609s)
[2016.01.13-17.44.38:042][501]LogPlayLevel: PIE: World Init took: (0.001050s)
[2016.01.13-17.44.38:043][501]LogPlayLevel: PIE: Created PIE world by copying editor world from /Game/Niveles/Nivel_1.Nivel_1 to /Game/Niveles/UEDPIE_0_Nivel_1.Nivel_1 (0.003880s)
[2016.01.13-17.44.38:073][501]LogWorld: Game class is '2D_C'
[2016.01.13-17.44.38:077][501]LogAIModule: Creating AISystem for world Nivel_1
[2016.01.13-17.44.38:078][501]LogWorld: Bringing World /Game/Niveles/UEDPIE_0_Nivel_1.Nivel_1 up for play (max tick rate 0) at 2016.01.13-12.44.38
[2016.01.13-17.44.38:078][501]LogWorld: Bringing up level for play took: 0.000933
[2016.01.13-17.44.38:082][501]PIE: Info Play in editor start time for /Game/Niveles/UEDPIE_0_Nivel_1 -0.13
[2016.01.13-17.44.39:755][554]LogTemp: MouseLeave
[2016.01.13-17.44.40:672][583]LogTemp: MouseLeave
[2016.01.13-17.44.45:669][750]LogTemp: MouseLeave
[2016.01.13-17.44.55:609][ 69]LogTemp: MouseLeave
[2016.01.13-17.45.16:093][723]LogTemp: MouseLeave
[2016.01.13-17.45.28:429][124]LogParticles: Destroying 0 GPU particle simulations for FXSystem 0x0000009A6AF6BD80
[2016.01.13-17.45.36:845][426]BlueprintLog: New page: Pre-PIE auto-recompile
[2016.01.13-17.45.36:963][426]LogActorComponent: UnregisterComponent: (/Engine/Transient.CharacterMovementComponent_33) Not registered. Aborting.
[2016.01.13-17.45.36:963][426]LogPlayLevel: [PIE] Compiling Player before PIE...
[2016.01.13-17.45.37:307][426]LogPlayLevel: PIE:  Blueprint regeneration took 462 ms (1 blueprints)
[2016.01.13-17.45.37:308][426]PIE: New page: PIE session: Nivel_1 (Jan 13, 2016, 7:45:37 AM)
[2016.01.13-17.45.37:310][426]LogPlayLevel: PIE: StaticDuplicateObject took: (0.002689s)
[2016.01.13-17.45.37:311][426]LogPlayLevel: PIE: World Init took: (0.001039s)
[2016.01.13-17.45.37:312][426]LogPlayLevel: PIE: Created PIE world by copying editor world from /Game/Niveles/Nivel_1.Nivel_1 to /Game/Niveles/UEDPIE_0_Nivel_1.Nivel_1 (0.003948s)
[2016.01.13-17.45.37:345][426]LogWorld: Game class is '2D_C'
[2016.01.13-17.45.37:349][426]LogAIModule: Creating AISystem for world Nivel_1
[2016.01.13-17.45.37:350][426]LogWorld: Bringing World /Game/Niveles/UEDPIE_0_Nivel_1.Nivel_1 up for play (max tick rate 0) at 2016.01.13-12.45.37
[2016.01.13-17.45.37:350][426]LogWorld: Bringing up level for play took: 0.000889
[2016.01.13-17.45.37:353][426]PIE: Info Play in editor start time for /Game/Niveles/UEDPIE_0_Nivel_1 1.142
[2016.01.13-17.45.38:436][456]LogTemp: MouseLeave
[2016.01.13-17.45.41:681][566]LogTemp: MouseLeave
[2016.01.13-17.45.53:681][958]LogTemp: MouseLeave
[2016.01.13-17.45.55:066][997]LogActorComponent: UnregisterComponent: (/Engine/Transient.CharacterMovementComponent_34) Not registered. Aborting.
[2016.01.13-17.45.55:163][997]LogParticles: Destroying 0 GPU particle simulations for FXSystem 0x0000009A532D0860
[2016.01.13-17.45.57:236][ 68]Cmd: OBJ SAVEPACKAGE PACKAGE="/Game/Blueprints/Player/player" FILE="../../../../../../Users/Jimmy/git/PoliHeath/Proyecto/Content/Blueprints/Player/player.uasset" SILENT=true
[2016.01.13-17.45.57:650][ 68]LogSavePackage: Save=390.509979ms
[2016.01.13-17.45.57:650][ 68]LogSavePackage: Moving '../../../../../../Users/Jimmy/git/PoliHeath/Proyecto/Saved/player66E7C1694824C5C4DCF7468D4B2B10DA.tmp' to '../../../../../../Users/Jimmy/git/PoliHeath/Proyecto/Content/Blueprints/Player/player.uasset'
[2016.01.13-17.45.58:276][ 91]BlueprintLog: New page: Compile Player
[2016.01.13-17.45.58:483][ 91]LogActorComponent: UnregisterComponent: (/Engine/Transient.CharacterMovementComponent_35) Not registered. Aborting.
[2016.01.13-17.45.58:616][ 91]BlueprintEditorCompileResults: Info [2941.74] Compile of Player successful! [in 94 ms]
[2016.01.13-17.45.59:584][119]Cmd: OBJ SAVEPACKAGE PACKAGE="/Game/Blueprints/Player/player" FILE="../../../../../../Users/Jimmy/git/PoliHeath/Proyecto/Content/Blueprints/Player/player.uasset" SILENT=true
[2016.01.13-17.45.59:996][119]LogSavePackage: Save=394.331177ms
[2016.01.13-17.45.59:996][119]LogSavePackage: Moving '../../../../../../Users/Jimmy/git/PoliHeath/Proyecto/Saved/player3DD863774F97AD8F09BDE8B9B6378A6E.tmp' to '../../../../../../Users/Jimmy/git/PoliHeath/Proyecto/Content/Blueprints/Player/player.uasset'
[2016.01.13-17.46.00:847][149]Cmd: OBJ SAVEPACKAGE PACKAGE="/Game/Niveles/Nivel_1" FILE="../../../../../../Users/Jimmy/git/PoliHeath/Proyecto/Content/Niveles/Nivel_1.umap" SILENT=true AUTOSAVING=false KEEPDIRTY=false
[2016.01.13-17.46.00:854][149]LogActorComponent: UnregisterComponent: (/Engine/Transient.CharacterMovementComponent_36) Not registered. Aborting.
[2016.01.13-17.46.00:921][149]LogSavePackage: Save=31.102587ms
[2016.01.13-17.46.00:921][149]LogSavePackage: Moving '../../../../../../Users/Jimmy/git/PoliHeath/Proyecto/Saved/Nivel_1B41ACB6441DD395F477FD29740DC7DCE.tmp' to '../../../../../../Users/Jimmy/git/PoliHeath/Proyecto/Content/Niveles/Nivel_1.umap'
[2016.01.13-17.46.09:836][585]LogEditorViewport: Clicking Background
[2016.01.13-17.46.27:725][820]LogPlayLevel: PIE:  No blueprints needed recompiling
[2016.01.13-17.46.27:725][820]PIE: New page: PIE session: Nivel_1 (Jan 13, 2016, 7:46:27 AM)
[2016.01.13-17.46.27:728][820]LogPlayLevel: PIE: StaticDuplicateObject took: (0.002679s)
[2016.01.13-17.46.27:729][820]LogPlayLevel: PIE: World Init took: (0.001132s)
[2016.01.13-17.46.27:729][820]LogPlayLevel: PIE: Created PIE world by copying editor world from /Game/Niveles/Nivel_1.Nivel_1 to /Game/Niveles/UEDPIE_0_Nivel_1.Nivel_1 (0.004039s)
[2016.01.13-17.46.27:762][820]LogWorld: Game class is '2D_C'
[2016.01.13-17.46.27:766][820]LogAIModule: Creating AISystem for world Nivel_1
[2016.01.13-17.46.27:767][820]LogWorld: Bringing World /Game/Niveles/UEDPIE_0_Nivel_1.Nivel_1 up for play (max tick rate 0) at 2016.01.13-12.46.27
[2016.01.13-17.46.27:767][820]LogWorld: Bringing up level for play took: 0.000928
[2016.01.13-17.46.27:770][820]PIE: Info Play in editor start time for /Game/Niveles/UEDPIE_0_Nivel_1 -0.442
[2016.01.13-17.46.55:019][334]LogTemp: MouseLeave
[2016.01.13-17.46.55:816][375]LogParticles: Destroying 0 GPU particle simulations for FXSystem 0x0000009A6B503740
[2016.01.13-17.46.56:460][414]LogPlayLevel: PIE:  No blueprints needed recompiling
[2016.01.13-17.46.56:461][414]PIE: New page: PIE session: Nivel_1 (Jan 13, 2016, 7:46:56 AM)
[2016.01.13-17.46.56:464][414]LogPlayLevel: PIE: StaticDuplicateObject took: (0.002637s)
[2016.01.13-17.46.56:465][414]LogPlayLevel: PIE: World Init took: (0.001025s)
[2016.01.13-17.46.56:465][414]LogPlayLevel: PIE: Created PIE world by copying editor world from /Game/Niveles/Nivel_1.Nivel_1 to /Game/Niveles/UEDPIE_0_Nivel_1.Nivel_1 (0.003938s)
[2016.01.13-17.46.56:502][414]LogWorld: Game class is '2D_C'
[2016.01.13-17.46.56:506][414]LogAIModule: Creating AISystem for world Nivel_1
[2016.01.13-17.46.56:507][414]LogWorld: Bringing World /Game/Niveles/UEDPIE_0_Nivel_1.Nivel_1 up for play (max tick rate 0) at 2016.01.13-12.46.56
[2016.01.13-17.46.56:507][414]LogWorld: Bringing up level for play took: 0.000958
[2016.01.13-17.46.56:510][414]PIE: Info Play in editor start time for /Game/Niveles/UEDPIE_0_Nivel_1 0.299
[2016.01.13-17.47.23:087][891]LogTemp: MouseLeave
[2016.01.13-17.47.23:638][917]LogParticles: Destroying 0 GPU particle simulations for FXSystem 0x0000009A6660E2A0
[2016.01.13-17.47.24:139][947]LogPlayLevel: PIE:  No blueprints needed recompiling
[2016.01.13-17.47.24:140][947]PIE: New page: PIE session: Nivel_1 (Jan 13, 2016, 7:47:24 AM)
[2016.01.13-17.47.24:143][947]LogPlayLevel: PIE: StaticDuplicateObject took: (0.002788s)
[2016.01.13-17.47.24:144][947]LogPlayLevel: PIE: World Init took: (0.001092s)
[2016.01.13-17.47.24:144][947]LogPlayLevel: PIE: Created PIE world by copying editor world from /Game/Niveles/Nivel_1.Nivel_1 to /Game/Niveles/UEDPIE_0_Nivel_1.Nivel_1 (0.004159s)
[2016.01.13-17.47.24:179][947]LogWorld: Game class is '2D_C'
[2016.01.13-17.47.24:183][947]LogAIModule: Creating AISystem for world Nivel_1
[2016.01.13-17.47.24:184][947]LogWorld: Bringing World /Game/Niveles/UEDPIE_0_Nivel_1.Nivel_1 up for play (max tick rate 0) at 2016.01.13-12.47.24
[2016.01.13-17.47.24:184][947]LogWorld: Bringing up level for play took: 0.001008
[2016.01.13-17.47.24:187][947]PIE: Info Play in editor start time for /Game/Niveles/UEDPIE_0_Nivel_1 -0.024
[2016.01.13-17.49.08:873][800]LogTemp: MouseLeave
[2016.01.13-17.49.10:557][892]LogTemp: MouseLeave
[2016.01.13-17.49.11:032][915]LogParticles: Destroying 0 GPU particle simulations for FXSystem 0x0000009A6B501620
[2016.01.13-17.50.37:697][861]Cmd: OBJ SAVEPACKAGE PACKAGE="/Game/Niveles/Nivel_1" FILE="../../../../../../Users/Jimmy/git/PoliHeath/Proyecto/Content/Niveles/Nivel_1.umap" SILENT=true AUTOSAVING=false KEEPDIRTY=false
[2016.01.13-17.50.37:780][861]LogSavePackage: Save=33.775421ms
[2016.01.13-17.50.37:780][861]LogSavePackage: Moving '../../../../../../Users/Jimmy/git/PoliHeath/Proyecto/Saved/Nivel_116D8DE3E4FF1DE220E84859A392C27D8.tmp' to '../../../../../../Users/Jimmy/git/PoliHeath/Proyecto/Content/Niveles/Nivel_1.umap'
[2016.01.13-17.50.46:290][281]Cmd: QUIT_EDITOR
[2016.01.13-17.50.46:796][281]LogExit: Preparing to exit.
[2016.01.13-17.50.47:099][281]LogExit: Editor shut down
[2016.01.13-17.50.47:100][281]LogExit: Transaction tracking system shut down
[2016.01.13-17.50.47:101][281]LogParticles: Destroying 0 GPU particle simulations for FXSystem 0x0000009A1D2C9E40
[2016.01.13-17.50.47:101][281]LogParticles: Destroying 0 GPU particle simulations for FXSystem 0x0000009A3E5E5D00
[2016.01.13-17.50.47:101][281]LogParticles: Destroying 0 GPU particle simulations for FXSystem 0x0000009A2D770D60
[2016.01.13-17.50.47:141][281]LogExit: Object subsystem successfully closed.
[2016.01.13-17.50.47:219][281]LogModuleManager: Shutting down and abandoning module ExternalImagePicker (167)
[2016.01.13-17.50.47:219][281]LogModuleManager: Shutting down and abandoning module AndroidDeviceDetection (166)
[2016.01.13-17.50.48:190][281]LogModuleManager: Shutting down and abandoning module CrashTracker (165)
[2016.01.13-17.50.48:190][281]LogModuleManager: Shutting down and abandoning module SuperSearch (164)
[2016.01.13-17.50.48:190][281]LogModuleManager: Shutting down and abandoning module SceneOutliner (163)
[2016.01.13-17.50.48:190][281]LogModuleManager: Shutting down and abandoning module EditorWidgets (162)
[2016.01.13-17.50.48:190][281]LogModuleManager: Shutting down and abandoning module CollectionManager (161)
[2016.01.13-17.50.48:190][281]LogModuleManager: Shutting down and abandoning module StatsViewer (160)
[2016.01.13-17.50.48:190][281]LogModuleManager: Shutting down and abandoning module FoliageEdit (159)
[2016.01.13-17.50.48:190][281]LogModuleManager: Shutting down and abandoning module LandscapeEditor (158)
[2016.01.13-17.50.48:190][281]LogModuleManager: Shutting down and abandoning module MeshPaint (157)
[2016.01.13-17.50.48:190][281]LogModuleManager: Shutting down and abandoning module ActorPickerMode (156)
[2016.01.13-17.50.48:190][281]LogModuleManager: Shutting down and abandoning module GeometryMode (155)
[2016.01.13-17.50.48:190][281]LogModuleManager: Shutting down and abandoning module TextureAlignMode (154)
[2016.01.13-17.50.48:190][281]LogModuleManager: Shutting down and abandoning module BspMode (153)
[2016.01.13-17.50.48:190][281]LogModuleManager: Shutting down and abandoning module PlacementMode (152)
[2016.01.13-17.50.48:190][281]LogModuleManager: Shutting down and abandoning module AutomationWorker (151)
[2016.01.13-17.50.48:190][281]LogModuleManager: Shutting down and abandoning module CharacterAI (150)
[2016.01.13-17.50.48:191][281]LogModuleManager: Shutting down and abandoning module GameProjectGeneration (149)
[2016.01.13-17.50.48:191][281]LogModuleManager: Shutting down and abandoning module IntroTutorials (148)
[2016.01.13-17.50.48:191][281]LogModuleManager: Shutting down and abandoning module EditorLiveStreaming (147)
[2016.01.13-17.50.48:191][281]LogModuleManager: Shutting down and abandoning module HardwareTargeting (146)
[2016.01.13-17.50.48:191][281]LogModuleManager: Shutting down and abandoning module BehaviorTreeEditor (145)
[2016.01.13-17.50.48:191][281]LogModuleManager: Shutting down and abandoning module DeviceProfileEditor (144)
[2016.01.13-17.50.48:191][281]LogModuleManager: Shutting down and abandoning module UndoHistory (143)
[2016.01.13-17.50.48:191][281]LogModuleManager: Shutting down and abandoning module GameplayTagsEditor (142)
[2016.01.13-17.50.48:191][281]LogModuleManager: Shutting down and abandoning module UserFeedback (141)
[2016.01.13-17.50.48:191][281]LogModuleManager: Shutting down and abandoning module XmlParser (140)
[2016.01.13-17.50.48:191][281]LogModuleManager: Shutting down and abandoning module Blutility (139)
[2016.01.13-17.50.48:191][281]LogModuleManager: Shutting down and abandoning module IOSPlatformEditor (138)
[2016.01.13-17.50.48:191][281]LogModuleManager: Shutting down and abandoning module IOSRuntimeSettings (137)
[2016.01.13-17.50.48:191][281]LogModuleManager: Shutting down and abandoning module AndroidPlatformEditor (136)
[2016.01.13-17.50.48:191][281]LogModuleManager: Shutting down and abandoning module AndroidRuntimeSettings (135)
[2016.01.13-17.50.48:191][281]LogModuleManager: Shutting down and abandoning module ProjectTargetPlatformEditor (134)
[2016.01.13-17.50.48:191][281]LogModuleManager: Shutting down and abandoning module ProjectSettingsViewer (133)
[2016.01.13-17.50.48:191][281]LogModuleManager: Shutting down and abandoning module InputBindingEditor (132)
[2016.01.13-17.50.48:191][281]LogModuleManager: Shutting down and abandoning module EditorSettingsViewer (131)
[2016.01.13-17.50.48:191][281]LogModuleManager: Shutting down and abandoning module SettingsEditor (130)
[2016.01.13-17.50.48:191][281]LogModuleManager: Shutting down and abandoning module ProjectLauncher (129)
[2016.01.13-17.50.48:191][281]LogModuleManager: Shutting down and abandoning module SessionFrontend (128)
[2016.01.13-17.50.48:192][281]LogModuleManager: Shutting down and abandoning module ProfilerClient (127)
[2016.01.13-17.50.48:192][281]LogModuleManager: Shutting down and abandoning module TargetDeviceServices (126)
[2016.01.13-17.50.48:192][281]LogModuleManager: Shutting down and abandoning module DeviceManager (125)
[2016.01.13-17.50.48:192][281]LogModuleManager: Shutting down and abandoning module AutomationController (124)
[2016.01.13-17.50.48:192][281]LogModuleManager: Shutting down and abandoning module AutomationWindow (123)
[2016.01.13-17.50.48:192][281]LogModuleManager: Shutting down and abandoning module Layers (122)
[2016.01.13-17.50.48:192][281]LogModuleManager: Shutting down and abandoning module ComponentVisualizers (121)
[2016.01.13-17.50.48:192][281]LogModuleManager: Shutting down and abandoning module DetailCustomizations (120)
[2016.01.13-17.50.48:192][281]LogModuleManager: Shutting down and abandoning module PackagesDialog (119)
[2016.01.13-17.50.48:192][281]LogModuleManager: Shutting down and abandoning module AssetRegistry (118)
[2016.01.13-17.50.48:216][281]LogModuleManager: Shutting down and abandoning module Persona (117)
[2016.01.13-17.50.48:216][281]LogModuleManager: Shutting down and abandoning module Kismet (116)
[2016.01.13-17.50.48:216][281]LogModuleManager: Shutting down and abandoning module GraphEditor (115)
[2016.01.13-17.50.48:216][281]LogModuleManager: Shutting down and abandoning module ClassViewer (114)
[2016.01.13-17.50.48:216][281]LogModuleManager: Shutting down and abandoning module Toolbox (113)
[2016.01.13-17.50.48:216][281]LogModuleManager: Shutting down and abandoning module ModuleUI (112)
[2016.01.13-17.50.48:216][281]LogModuleManager: Shutting down and abandoning module MovieSceneTools (111)
[2016.01.13-17.50.48:216][281]LogModuleManager: Shutting down and abandoning module OutputLog (110)
[2016.01.13-17.50.48:216][281]LogModuleManager: Shutting down and abandoning module GammaUI (109)
[2016.01.13-17.50.48:217][281]LogModuleManager: Shutting down and abandoning module Documentation (108)
[2016.01.13-17.50.48:217][281]LogModuleManager: Shutting down and abandoning module GameLiveStreaming (107)
[2016.01.13-17.50.48:217][281]LogModuleManager: Shutting down and abandoning module StreamingPauseRendering (106)
[2016.01.13-17.50.48:217][281]LogModuleManager: Shutting down and abandoning module HTTP (105)
[2016.01.13-17.50.48:217][281]LogModuleManager: Shutting down and abandoning module AnalyticsET (104)
[2016.01.13-17.50.48:217][281]LogModuleManager: Shutting down and abandoning module Analytics (103)
[2016.01.13-17.50.48:217][281]LogModuleManager: Shutting down and abandoning module GameplayDebugger (102)
[2016.01.13-17.50.48:217][281]LogModuleManager: Shutting down and abandoning module AIModule (101)
[2016.01.13-17.50.48:217][281]LogModuleManager: Shutting down and abandoning module ProfilerService (100)
[2016.01.13-17.50.48:291][281]LogModuleManager: Shutting down and abandoning module TaskGraph (99)
[2016.01.13-17.50.48:291][281]LogModuleManager: Shutting down and abandoning module SlateRemote (98)
[2016.01.13-17.50.48:291][281]LogModuleManager: Shutting down and abandoning module ScriptEditorPlugin (97)
[2016.01.13-17.50.48:291][281]LogModuleManager: Shutting down and abandoning module CustomMeshComponent (96)
[2016.01.13-17.50.48:291][281]LogModuleManager: Shutting down and abandoning module CableComponent (95)
[2016.01.13-17.50.48:291][281]LogModuleManager: Shutting down and abandoning module MessagingDebugger (94)
[2016.01.13-17.50.48:291][281]LogModuleManager: Shutting down and abandoning module MediaPlayerEditor (93)
[2016.01.13-17.50.48:291][281]LogModuleManager: Shutting down and abandoning module SpeedTreeImporter (92)
[2016.01.13-17.50.48:291][281]LogModuleManager: Shutting down and abandoning module PluginsEditor (91)
[2016.01.13-17.50.48:291][281]LogModuleManager: Shutting down and abandoning module EpicSurvey (90)
[2016.01.13-17.50.48:291][281]LogModuleManager: Shutting down and abandoning module DesktopPlatform (89)
[2016.01.13-17.50.48:291][281]LogModuleManager: Shutting down and abandoning module VisualStudioSourceCodeAccess (88)
[2016.01.13-17.50.48:291][281]LogModuleManager: Shutting down and abandoning module UObjectPlugin (87)
[2016.01.13-17.50.48:291][281]LogModuleManager: Shutting down and abandoning module SubversionSourceControl (86)
[2016.01.13-17.50.48:291][281]LogModuleManager: Shutting down and abandoning module SourceControl (85)
[2016.01.13-17.50.48:291][281]LogModuleManager: Shutting down and abandoning module PerforceSourceControl (84)
[2016.01.13-17.50.48:291][281]LogModuleManager: Shutting down and abandoning module BlankPlugin (83)
[2016.01.13-17.50.48:291][281]LogModuleManager: Shutting down and abandoning module SlateReflector (82)
[2016.01.13-17.50.48:291][281]LogModuleManager: Shutting down and abandoning module DirectoryWatcher (81)
[2016.01.13-17.50.48:292][281]LogModuleManager: Shutting down and abandoning module HotReload (80)
[2016.01.13-17.50.48:292][281]LogModuleManager: Shutting down and abandoning module MainFrame (79)
[2016.01.13-17.50.48:292][281]LogModuleManager: Shutting down and abandoning module LevelEditor (78)
[2016.01.13-17.50.48:294][281]LogModuleManager: Shutting down and abandoning module ViewportSnapping (77)
[2016.01.13-17.50.48:294][281]LogModuleManager: Shutting down and abandoning module SmartSnapping (76)
[2016.01.13-17.50.48:294][281]LogModuleManager: Shutting down and abandoning module PaperTiledImporter (75)
[2016.01.13-17.50.48:294][281]LogModuleManager: Shutting down and abandoning module PaperJsonImporter (74)
[2016.01.13-17.50.48:294][281]LogModuleManager: Shutting down and abandoning module ContentBrowser (73)
[2016.01.13-17.50.48:294][281]LogModuleManager: Shutting down and abandoning module PropertyEditor (72)
[2016.01.13-17.50.48:294][281]LogModuleManager: Shutting down and abandoning module Paper2DEditor (71)
[2016.01.13-17.50.48:294][281]LogModuleManager: Shutting down and abandoning module ScriptPlugin (70)
[2016.01.13-17.50.48:294][281]LogModuleManager: Shutting down and abandoning module UdpMessaging (69)
[2016.01.13-17.50.48:395][281]LogModuleManager: Shutting down and abandoning module Paper2D (68)
[2016.01.13-17.50.48:395][281]LogModuleManager: Shutting down and abandoning module WindowsMoviePlayer (67)
[2016.01.13-17.50.48:399][281]LogModuleManager: Shutting down and abandoning module Media (66)
[2016.01.13-17.50.48:399][281]LogModuleManager: Shutting down and abandoning module WmfMedia (65)
[2016.01.13-17.50.48:399][281]LogModuleManager: Shutting down and abandoning module OnlineBlueprintSupport (64)
[2016.01.13-17.50.48:400][281]LogModuleManager: Shutting down and abandoning module FunctionalTesting (63)
[2016.01.13-17.50.48:400][281]LogModuleManager: Shutting down and abandoning module CollisionAnalyzer (62)
[2016.01.13-17.50.48:400][281]LogModuleManager: Shutting down and abandoning module WorkspaceMenuStructure (61)
[2016.01.13-17.50.48:400][281]LogModuleManager: Shutting down and abandoning module MessageLog (60)
[2016.01.13-17.50.48:400][281]LogModuleManager: Shutting down and abandoning module Sequencer (59)
[2016.01.13-17.50.48:400][281]LogModuleManager: Shutting down and abandoning module AssetTools (58)
[2016.01.13-17.50.48:400][281]LogModuleManager: Shutting down and abandoning module UMGEditor (57)
[2016.01.13-17.50.48:400][281]LogModuleManager: Shutting down and abandoning module UMG (56)
[2016.01.13-17.50.48:400][281]LogModuleManager: Shutting down and abandoning module Slate (55)
[2016.01.13-17.50.48:400][281]LogModuleManager: Shutting down and abandoning module EditorStyle (54)
[2016.01.13-17.50.48:403][281]LogModuleManager: Shutting down and abandoning module SessionServices (53)
[2016.01.13-17.50.48:403][281]LogModuleManager: Shutting down and abandoning module SourceCodeAccess (52)
[2016.01.13-17.50.48:403][281]LogModuleManager: Shutting down and abandoning module HeadMountedDisplay (51)
[2016.01.13-17.50.48:403][281]LogModuleManager: Shutting down and abandoning module XAudio2 (50)
[2016.01.13-17.50.48:403][281]LogModuleManager: Shutting down and abandoning module Networking (48)
[2016.01.13-17.50.48:403][281]LogModuleManager: Shutting down and abandoning module Core (47)
[2016.01.13-17.50.48:403][281]LogModuleManager: Shutting down and abandoning module KismetCompiler (46)
[2016.01.13-17.50.48:403][281]LogModuleManager: Shutting down and abandoning module PhysXFormats (45)
[2016.01.13-17.50.48:403][281]LogModuleManager: Shutting down and abandoning module MeshUtilities (44)
[2016.01.13-17.50.48:403][281]LogModuleManager: Shutting down and abandoning module DerivedDataCache (43)
[2016.01.13-17.50.48:407][281]LogDerivedDataCache: Shutdown
[2016.01.13-17.50.48:407][281]LogModuleManager: Shutting down and abandoning module ShaderFormatOpenGL (42)
[2016.01.13-17.50.48:407][281]LogModuleManager: Shutting down and abandoning module ShaderFormatD3D (41)
[2016.01.13-17.50.48:407][281]LogModuleManager: Shutting down and abandoning module MetalShaderFormat (40)
[2016.01.13-17.50.48:407][281]LogModuleManager: Shutting down and abandoning module TextureFormatUncompressed (39)
[2016.01.13-17.50.48:407][281]LogModuleManager: Shutting down and abandoning module TextureFormatPVR (38)
[2016.01.13-17.50.48:407][281]LogModuleManager: Shutting down and abandoning module TextureFormatDXT (37)
[2016.01.13-17.50.48:407][281]LogModuleManager: Shutting down and abandoning module TextureFormatAndroid (36)
[2016.01.13-17.50.48:407][281]LogModuleManager: Shutting down and abandoning module AudioFormatOpus (35)
[2016.01.13-17.50.48:407][281]LogModuleManager: Shutting down and abandoning module AudioFormatOgg (34)
[2016.01.13-17.50.48:407][281]LogModuleManager: Shutting down and abandoning module AudioFormatADPCM (33)
[2016.01.13-17.50.48:407][281]LogModuleManager: Shutting down and abandoning module Messaging (32)
[2016.01.13-17.50.48:407][281]LogModuleManager: Shutting down and abandoning module IOSTargetPlatform (31)
[2016.01.13-17.50.48:407][281]LogModuleManager: Shutting down and abandoning module Android_PVRTCTargetPlatform (30)
[2016.01.13-17.50.48:407][281]LogModuleManager: Shutting down and abandoning module Android_ETC2TargetPlatform (29)
[2016.01.13-17.50.48:407][281]LogModuleManager: Shutting down and abandoning module Android_ETC1TargetPlatform (28)
[2016.01.13-17.50.48:407][281]LogModuleManager: Shutting down and abandoning module Android_DXTTargetPlatform (27)
[2016.01.13-17.50.48:407][281]LogModuleManager: Shutting down and abandoning module Android_ATCTargetPlatform (26)
[2016.01.13-17.50.48:407][281]LogModuleManager: Shutting down and abandoning module AndroidTargetPlatform (25)
[2016.01.13-17.50.48:407][281]LogModuleManager: Shutting down and abandoning module WindowsTargetPlatform (24)
[2016.01.13-17.50.48:407][281]LogModuleManager: Shutting down and abandoning module WindowsServerTargetPlatform (23)
[2016.01.13-17.50.48:407][281]LogModuleManager: Shutting down and abandoning module WindowsNoEditorTargetPlatform (22)
[2016.01.13-17.50.48:407][281]LogModuleManager: Shutting down and abandoning module WindowsClientTargetPlatform (21)
[2016.01.13-17.50.48:407][281]LogModuleManager: Shutting down and abandoning module TargetPlatform (20)
[2016.01.13-17.50.48:407][281]LogModuleManager: Shutting down and abandoning module InputCore (19)
[2016.01.13-17.50.48:407][281]LogModuleManager: Shutting down and abandoning module Settings (18)
[2016.01.13-17.50.48:407][281]LogModuleManager: Shutting down and abandoning module ImageWrapper (17)
[2016.01.13-17.50.48:407][281]LogModuleManager: Shutting down and abandoning module OculusRift (14)
[2016.01.13-17.50.48:407][281]LogModuleManager: Shutting down and abandoning module ExampleDeviceProfileSelector (13)
[2016.01.13-17.50.48:407][281]LogModuleManager: Shutting down and abandoning module TextureCompressor (12)
[2016.01.13-17.50.48:407][281]LogModuleManager: Shutting down and abandoning module ShaderCore (11)
[2016.01.13-17.50.48:408][281]LogModuleManager: Shutting down and abandoning module SlateRHIRenderer (10)
[2016.01.13-17.50.48:412][281]LogModuleManager: Shutting down and abandoning module OpenGLDrv (9)
[2016.01.13-17.50.48:412][281]LogModuleManager: Shutting down and abandoning module D3D11RHI (8)
[2016.01.13-17.50.48:412][281]LogModuleManager: Shutting down and abandoning module Renderer (7)
[2016.01.13-17.50.48:412][281]LogModuleManager: Shutting down and abandoning module Engine (6)
[2016.01.13-17.50.48:412][281]LogModuleManager: Shutting down and abandoning module CoreUObject (5)
[2016.01.13-17.50.48:412][281]LogModuleManager: Shutting down and abandoning module NetworkFile (4)
[2016.01.13-17.50.48:412][281]LogModuleManager: Shutting down and abandoning module StreamingFile (3)
[2016.01.13-17.50.48:412][281]LogModuleManager: Shutting down and abandoning module SandboxFile (2)
[2016.01.13-17.50.48:412][281]LogModuleManager: Shutting down and abandoning module PakFile (1)
[2016.01.13-17.50.48:413][281]LogExit: Exiting.
[2016.01.13-17.50.48:439][281]Log file closed, 01/13/16 12:50:48
