Log file open, 02/05/16 00:05:02
LogInit:Display: Running engine for game: Proyecto
LogInit: Version: 4.5.1-2336687+++depot+UE4-Releases+4.5
LogInit: API Version: 2326478
LogInit: Compiled (64-bit): Oct 21 2014 22:32:40
LogInit: Compiled with Visual C++: 18.00.21005.01
LogInit: Build Configuration: Development
LogInit: Branch Name: ++depot+UE4-Releases+4.5
LogInit: Command line:  
LogInit: Base directory: C:/Program Files (x86)/Epic Games/4.5/Engine/Binaries/Win64/
LogInit: Rocket: 1
[2016.02.05-05.05.02:773][  0]LogTaskGraph: Started task graph with 3 named threads and 6 total threads.
[2016.02.05-05.05.02:838][  0]LogOnline:Warning: No default platform service specified for OnlineSubsystem
[2016.02.05-05.05.02:886][  0]LogInit: Presizing for 0 objects not considered by GC, pre-allocating 0 bytes.
[2016.02.05-05.05.02:909][  0]LogInit: Object subsystem initialized
[2016.02.05-05.05.02:917][  0]LogConsoleResponse:Warning: Skipping Unknown console variable: 'UIScaleRule = ShortestSide'
[2016.02.05-05.05.02:917][  0]LogConsoleResponse:Warning:   Found in ini file 'C:/Users/Jimmy/git/PoliHeath/Proyecto/Saved/Config/Windows/Engine.ini', in section '[/Script/Engine.RendererSettings]'
[2016.02.05-05.05.02:917][  0]LogConsoleResponse:Warning: Skipping Unknown console variable: 'UIScaleCurve = (EditorCurveData=(Keys=((Time=480.000000,Value=0.444000),(Time=720.000000,Value=0.666000),(Time=1080.000000,Value=1.000000),(Time=8640.000000,Value=8.000000))),ExternalCurve=None)'
[2016.02.05-05.05.02:917][  0]LogConsoleResponse:Warning:   Found in ini file 'C:/Users/Jimmy/git/PoliHeath/Proyecto/Saved/Config/Windows/Engine.ini', in section '[/Script/Engine.RendererSettings]'
[2016.02.05-05.05.02:918][  0]LogInit: Selected Device Profile: [Windows]
[2016.02.05-05.05.02:918][  0]LogInit: Applying CVar settings loaded from the selected device profile: [Windows]
[2016.02.05-05.05.02:940][  0]LogInit: Computer: JIMMY-PC
[2016.02.05-05.05.02:940][  0]LogInit: User: Jimmy
[2016.02.05-05.05.02:942][  0]LogInit: CPU Page size=4096, Cores=6
[2016.02.05-05.05.02:942][  0]LogInit: High frequency timer resolution =2.746524 MHz
[2016.02.05-05.05.02:942][  0]LogMemory: Memory total: Physical=4.0GB (4GB approx) Virtual=131072.0GB
[2016.02.05-05.05.02:942][  0]LogMemory: Platform Memory Stats for Windows
[2016.02.05-05.05.02:942][  0]LogMemory: Process Physical Memory: 61.27 MB used, 61.39 MB peak
[2016.02.05-05.05.02:942][  0]LogMemory: Process Virtual Memory: 39.43 MB used, 39.57 MB peak
[2016.02.05-05.05.02:942][  0]LogMemory: Physical Memory: 2569.33 MB used, 4092.53 MB total
[2016.02.05-05.05.02:942][  0]LogMemory: Virtual Memory: 283.72 MB used, 134217728.00 MB total
[2016.02.05-05.05.03:012][  0]LogD3D11RHI: Found D3D11 adapter 0: NVIDIA GeForce GTX 650 (Feature Level 11_0)
[2016.02.05-05.05.03:012][  0]LogD3D11RHI: Adapter has 1986MB of dedicated video memory, 0MB of dedicated system memory, and 2046MB of shared system memory, 1 output[s]
[2016.02.05-05.05.03:015][  0]LogD3D11RHI: Found D3D11 adapter 1: Microsoft Basic Render Driver (Feature Level 11_0)
[2016.02.05-05.05.03:015][  0]LogD3D11RHI: Adapter has 0MB of dedicated video memory, 0MB of dedicated system memory, and 256MB of shared system memory, 0 output[s]
[2016.02.05-05.05.03:015][  0]LogD3D11RHI: Chosen D3D11 Adapter Id = 0
[2016.02.05-05.05.03:024][  0]LogRHI: Texture pool is 1361 MB (70% of 1945 MB)
[2016.02.05-05.05.03:052][  0]LogD3D11RHI: Async texture creation enabled
[2016.02.05-05.05.03:129][  0]LogTextLocalizationManager: The requested culture ('en_US') has no localization data; parent culture's ('en') localization data will be used.
[2016.02.05-05.05.03:446][  0]LogContentStreaming: Texture pool size is 0.000000MB
[2016.02.05-05.05.15:188][  0]LogTargetPlatformManager:Display: Building Assets For Windows
[2016.02.05-05.05.16:395][  0]LogTargetPlatformManager:Display: Building Assets For Windows
[2016.02.05-05.05.16:527][  0]LogDerivedDataCache:Display: Max Cache Size: 512 MB
[2016.02.05-05.05.17:391][  0]LogDerivedDataCache: Loaded boot cache 0.86s 51MB C:/Users/Jimmy/AppData/Local/UnrealEngine/4.5/DerivedDataCache/Boot.ddc.
[2016.02.05-05.05.17:391][  0]LogDerivedDataCache:Display: Loaded Boot cache: C:/Users/Jimmy/AppData/Local/UnrealEngine/4.5/DerivedDataCache/Boot.ddc
[2016.02.05-05.05.17:391][  0]LogDerivedDataCache: FDerivedDataBackendGraph:  Pak pak cache file ../../../../../../Users/Jimmy/git/PoliHeath/Proyecto/DerivedDataCache/DDC.ddp not found, will not use a pak cache.
[2016.02.05-05.05.17:391][  0]LogDerivedDataCache: Unable to find inner node Pak for hierarchical cache Hierarchy.
[2016.02.05-05.05.17:538][  0]LogDerivedDataCache:Display: Pak cache opened for reading ../../../Engine/DerivedDataCache/DDC.ddp.
[2016.02.05-05.05.17:552][  0]LogDerivedDataCache: Using Local data cache path C:/Users/Jimmy/AppData/Local/UnrealEngine/Common/DerivedDataCache: Writable
[2016.02.05-05.05.18:863][  0]LogMeshUtilities: No automatic mesh reduction module available
[2016.02.05-05.05.18:863][  0]LogMeshUtilities: No automatic mesh merging module available
[2016.02.05-05.05.19:424][  0]LogLinker:Warning: Asset '../../../Engine/Content/Functions/Engine_MaterialFunctions02/Texturing/FlipBook.uasset' has been saved with empty engine version. The asset will be loaded but may be incompatible.
[2016.02.05-05.05.19:432][  0]LogLinker:Warning: Asset '../../../Engine/Content/Functions/Engine_MaterialFunctions02/ExampleContent/Textures/flipbook.uasset' has been saved with empty engine version. The asset will be loaded but may be incompatible.
[2016.02.05-05.05.19:865][  0]LogInit: WinSock: version 1.1 (2.2), MaxSocks=32767, MaxUdp=65467
[2016.02.05-05.05.35:829][  0]UdpMessaging: Initializing bridge on interface 0.0.0.0:0 to multicast group 230.0.0.1:6666.
[2016.02.05-05.05.36:266][  0]LogDirectoryWatcher:Warning: Failed to begin reading directory changes for C:/Users/Jimmy/git/PoliHeath/Proyecto/Binaries/Win64. Error: 0
[2016.02.05-05.05.36:627][  0]SourceControl: Info Source control is disabled
[2016.02.05-05.05.36:628][  0]SourceControl: Info Source control is disabled
[2016.02.05-05.05.36:645][  0]SourceControl: Info Source control is disabled
[2016.02.05-05.05.37:050][  0]LogObj: 22915 objects as part of root set at end of initial load.
[2016.02.05-05.05.37:050][  0]LogUObjectAllocator: 4803536 out of 0 bytes used by permanent object pool.
[2016.02.05-05.05.37:207][  0]LogEngine: Initializing Engine...
[2016.02.05-05.05.37:564][  0]LogInit: XAudio2 using 'Speakers (Realtek High Definition Audio)' : 2 channels at 48 kHz using 32 bits per sample (channel mask 0x3)
[2016.02.05-05.05.37:608][  0]LogInit: FAudioDevice initialized.
[2016.02.05-05.05.37:682][  0]LogAIModule: Creating AISystem for world NewWorld
[2016.02.05-05.05.37:762][  0]LogDerivedDataCache: Saved boot cache 0.08s 39MB C:/Users/Jimmy/AppData/Local/UnrealEngine/4.5/DerivedDataCache/Boot.ddc.
[2016.02.05-05.05.37:777][  0]LogInit: Texture streaming: Enabled
[2016.02.05-05.05.37:908][  0]LogInit: Transaction tracking system initialized
[2016.02.05-05.05.38:173][  0]BlueprintLog: New page: Editor Load
[2016.02.05-05.05.38:232][  0]LogAssetRegistry: FAssetRegistry took 0.0108 seconds to start up
[2016.02.05-05.05.38:233][  0]LogDirectoryWatcher:Warning: Failed to begin reading directory changes for ../../../Engine/Plugins/Experimental/CharacterAI/Content/. Error: 0
[2016.02.05-05.05.39:577][  0]LogTargetPlatformManager:Display: Building Assets For Windows
[2016.02.05-05.05.40:361][  0]LogTargetPlatformManager:Display: Building Assets For Windows
[2016.02.05-05.05.40:907][  0]LogConsoleResponse:Display: 
[2016.02.05-05.05.41:684][  0]SourceControl: Info Source control is disabled
[2016.02.05-05.05.41:685][  0]Cmd: MAP LOAD FILE="../../../../../../Users/Jimmy/git/PoliHeath/Proyecto/Content/Niveles/Nivel_1.umap" TEMPLATE=0 SHOWPROGRESS=1
[2016.02.05-05.05.41:686][  0]LightingResults: New page: Lighting Build
[2016.02.05-05.05.41:711][  0]MapCheck: New page: Map Check
[2016.02.05-05.05.41:711][  0]LightingResults: New page: Lighting Build
[2016.02.05-05.05.41:729][  0]LogParticles: Destroying 0 GPU particle simulations for FXSystem 0x000000AC1D191A80
[2016.02.05-05.05.42:552][  0]LogEditorServer: Finished looking for orphan Actors (0.000 secs)
[2016.02.05-05.05.42:552][  0]LogAIModule: Creating AISystem for world Nivel_1
[2016.02.05-05.05.42:553][  0]Cmd: MAP CHECKDEP
[2016.02.05-05.05.42:554][  0]MapCheck: New page: Nivel_1 - Feb 4, 2016, 7:05:42 PM
[2016.02.05-05.05.42:865][  0]MapCheck: Info Map check complete: 0 Error(s), 0 Warning(s), took 311.403ms to complete.
[2016.02.05-05.05.42:865][  0]LogFileHelpers: Loading map 'Nivel_1' took 1.180
[2016.02.05-05.05.43:029][  0]LogCollectionManager: Loaded 0 collections in 0.002538 seconds
[2016.02.05-05.05.43:332][  0]LogCrashTracker: Crashtracker disabled due to settings.
[2016.02.05-05.05.43:400][  0]LogUObjectGlobals:Warning: Failed to find object 'Class None.'
[2016.02.05-05.05.43:431][  0]LogLoad: Full Startup: 44.59 seconds (BP compile: 0.21 seconds)
[2016.02.05-05.05.43:780][  0]LogContentBrowser:Verbose: The content browser source was changed by the sources view to '/Game/Attributes'
[2016.02.05-05.05.44:129][  0]LogRenderer:Warning: Reallocating scene render targets to support 1104x904.
[2016.02.05-05.05.45:667][  5]LogAssetRegistry: Asset discovery search completed in 7.4466 seconds
[2016.02.05-05.05.55:754][288]LogContentBrowser:Verbose: The content browser source was changed by the sources view to '/Game/Blueprints'
[2016.02.05-05.06.02:908][689]LogEditorViewport: Clicking Background
[2016.02.05-05.06.11:490][155]LogEditorViewport: Clicking on Actor (LMB): Zombie_C (Zombie)
[2016.02.05-05.06.14:111][265]LogEditorViewport: Clicking on Actor (LMB): PlayerStart (PlayerStart)
[2016.02.05-05.06.17:235][411]LogEditorViewport: Clicking on Actor (LMB): Zombie_C (Zombie)
[2016.02.05-05.06.26:048][795]LogEditorViewport: Clicking Background
[2016.02.05-05.06.27:055][854]LogEditorViewport: Clicking on Actor (LMB): PaperSpriteActor (Sp_Background)
[2016.02.05-05.06.28:671][922]LogEditorViewport: Clicking on Actor (LMB): PlayerStart (PlayerStart)
[2016.02.05-05.06.31:381][ 46]LogEditorViewport: Clicking on Actor (LMB): PaperSpriteActor (Sp_Background)
[2016.02.05-05.06.32:728][102]LogEditorViewport: Clicking on Actor (LMB): Zombie_C (Zombie)
[2016.02.05-05.06.35:724][224]LogEditorViewport: Clicking on Actor (LMB): PaperSpriteActor (floor_sprite_4)
[2016.02.05-05.06.36:398][245]BlueprintLog: New page: Pre-PIE auto-recompile
[2016.02.05-05.06.36:398][245]LogPlayLevel: [PIE] Compiling Nivel_1 before PIE...
[2016.02.05-05.06.36:506][245]LogActorComponent: UnregisterComponent: (/Engine/Transient.CharacterMovementComponent_0) Not registered. Aborting.
[2016.02.05-05.06.36:536][245]LogPlayLevel: PIE:  Blueprint regeneration took 138 ms (1 blueprints)
[2016.02.05-05.06.36:536][245]PIE: New page: PIE session: Nivel_1 (Feb 4, 2016, 7:06:36 PM)
[2016.02.05-05.06.36:543][245]LogPlayLevel: PIE: StaticDuplicateObject took: (0.006155s)
[2016.02.05-05.06.36:544][245]LogPlayLevel: PIE: World Init took: (0.001262s)
[2016.02.05-05.06.36:544][245]LogPlayLevel: PIE: Created PIE world by copying editor world from /Game/Niveles/Nivel_1.Nivel_1 to /Game/Niveles/UEDPIE_0_Nivel_1.Nivel_1 (0.007739s)
[2016.02.05-05.06.36:601][245]LogWorld: Game class is '2D_C'
[2016.02.05-05.06.36:607][245]LogAIModule: Creating AISystem for world Nivel_1
[2016.02.05-05.06.36:608][245]LogWorld: Bringing World /Game/Niveles/UEDPIE_0_Nivel_1.Nivel_1 up for play (max tick rate 0) at 2016.02.05-00.06.36
[2016.02.05-05.06.36:610][245]LogWorld: Bringing up level for play took: 0.002802
[2016.02.05-05.06.36:624][245]PIE: Info Play in editor start time for /Game/Niveles/UEDPIE_0_Nivel_1 0.555
[2016.02.05-05.06.42:250][520]LogTemp: MouseLeave
[2016.02.05-05.06.43:512][574]LogParticles: Destroying 0 GPU particle simulations for FXSystem 0x000000AC3D86D9E0
[2016.02.05-05.06.44:562][616]LogEditorViewport: Clicking Background
[2016.02.05-05.06.51:414][861]LogSlate:Warning: GetFontFace failed to load or process 'Roboto-Regular'
[2016.02.05-05.06.51:414][861]LogSlate:Warning: GetFontFace failed to load or process 'Roboto-Regular'
[2016.02.05-05.06.51:420][861]LogSlate:Warning: GetFontFace failed to load or process 'Roboto-Regular'
[2016.02.05-05.06.51:420][861]LogSlate:Warning: GetFontFace failed to load or process 'Roboto-Regular'
[2016.02.05-05.06.51:421][861]LogSlate:Warning: GetFontFace failed to load or process 'Roboto-Regular'
[2016.02.05-05.06.51:421][861]LogSlate:Warning: GetFontFace failed to load or process 'Roboto-Regular'
[2016.02.05-05.06.51:421][861]LogSlate:Warning: GetFontFace failed to load or process 'Roboto-Regular'
[2016.02.05-05.06.51:421][861]LogSlate:Warning: GetFontFace failed to load or process 'Roboto-Regular'
[2016.02.05-05.06.51:421][861]LogSlate:Warning: GetFontFace failed to load or process 'Roboto-Regular'
[2016.02.05-05.06.51:421][861]LogSlate:Warning: GetFontFace failed to load or process 'Roboto-Regular'
[2016.02.05-05.06.51:421][861]LogSlate:Warning: GetFontFace failed to load or process 'Roboto-Regular'
[2016.02.05-05.06.51:422][861]LogSlate:Warning: GetFontFace failed to load or process 'Roboto-Regular'
[2016.02.05-05.06.51:422][861]LogSlate:Warning: GetFontFace failed to load or process 'Roboto-Regular'
[2016.02.05-05.06.51:422][861]LogSlate:Warning: GetFontFace failed to load or process 'Roboto-Regular'
[2016.02.05-05.06.51:422][861]LogSlate:Warning: GetFontFace failed to load or process 'Roboto-Regular'
[2016.02.05-05.06.51:422][861]LogSlate:Warning: GetFontFace failed to load or process 'Roboto-Regular'
[2016.02.05-05.06.51:422][861]LogSlate:Warning: GetFontFace failed to load or process 'Roboto-Regular'
[2016.02.05-05.06.51:423][861]LogSlate:Warning: GetFontFace failed to load or process 'Roboto-Regular'
[2016.02.05-05.06.51:423][861]LogSlate:Warning: GetFontFace failed to load or process 'Roboto-Regular'
[2016.02.05-05.07.00:233][224]LogEditorViewport: Clicking on Actor (LMB): Zombie_C (Zombie)
[2016.02.05-05.07.07:032][394]Cmd: OBJ SAVEPACKAGE PACKAGE="/Game/Blueprints/Zombie" FILE="../../../../../../Users/Jimmy/git/PoliHeath/Proyecto/Content/Blueprints/Zombie.uasset" SILENT=true
[2016.02.05-05.07.07:694][394]LogSavePackage: Save=621.740051ms
[2016.02.05-05.07.07:694][394]LogSavePackage: Moving '../../../../../../Users/Jimmy/git/PoliHeath/Proyecto/Saved/ZombieF194B3F44D38C0476AF53CA2A90033FE.tmp' to '../../../../../../Users/Jimmy/git/PoliHeath/Proyecto/Content/Blueprints/Zombie.uasset'
[2016.02.05-05.07.25:134][921]LogSlate:Warning: GetFontFace failed to load or process 'Roboto-Regular'
[2016.02.05-05.07.25:134][921]LogSlate:Warning: GetFontFace failed to load or process 'Roboto-Regular'
[2016.02.05-05.07.25:134][921]LogSlate:Warning: GetFontFace failed to load or process 'Roboto-Regular'
[2016.02.05-05.07.25:134][921]LogSlate:Warning: GetFontFace failed to load or process 'Roboto-Regular'
[2016.02.05-05.07.40:972][426]BlueprintLog: New page: Compile Nivel_1
[2016.02.05-05.07.41:117][426]LogActorComponent: UnregisterComponent: (/Engine/Transient.CharacterMovementComponent_1) Not registered. Aborting.
[2016.02.05-05.07.41:156][426]LogParticles: Destroying 0 GPU particle simulations for FXSystem 0x000000AC2BB24AE0
[2016.02.05-05.07.41:198][426]BlueprintEditorCompileResults: Info [0162.14] Compile of Nivel_1 successful! [in 3 ms]
[2016.02.05-05.07.42:528][464]BlueprintLog: New page: Pre-PIE auto-recompile
[2016.02.05-05.07.42:528][464]LogPlayLevel: [PIE] Compiling Tutorial_BP_MacroLib before PIE...
[2016.02.05-05.07.42:648][464]LogPlayLevel: [PIE] Compiling Nivel_1 before PIE...
[2016.02.05-05.07.42:792][464]LogPlayLevel: PIE:  Blueprint regeneration took 264 ms (2 blueprints)
[2016.02.05-05.07.42:793][464]PIE: New page: PIE session: Nivel_1 (Feb 4, 2016, 7:07:42 PM)
[2016.02.05-05.07.42:799][464]LogPlayLevel: PIE: StaticDuplicateObject took: (0.006217s)
[2016.02.05-05.07.42:801][464]LogPlayLevel: PIE: World Init took: (0.001350s)
[2016.02.05-05.07.42:801][464]LogPlayLevel: PIE: Created PIE world by copying editor world from /Game/Niveles/Nivel_1.Nivel_1 to /Game/Niveles/UEDPIE_0_Nivel_1.Nivel_1 (0.007875s)
[2016.02.05-05.07.42:840][464]LogWorld: Game class is '2D_C'
[2016.02.05-05.07.42:846][464]LogAIModule: Creating AISystem for world Nivel_1
[2016.02.05-05.07.42:847][464]LogWorld: Bringing World /Game/Niveles/UEDPIE_0_Nivel_1.Nivel_1 up for play (max tick rate 0) at 2016.02.05-00.07.42
[2016.02.05-05.07.42:848][464]LogWorld: Bringing up level for play took: 0.002427
[2016.02.05-05.07.42:855][464]PIE: Info Play in editor start time for /Game/Niveles/UEDPIE_0_Nivel_1 0.786
[2016.02.05-05.07.49:797][695]LogTemp: MouseLeave
[2016.02.05-05.07.51:173][731]LogParticles: Destroying 0 GPU particle simulations for FXSystem 0x000000AC1DB1D440
[2016.02.05-05.07.53:024][797]LogEditorViewport: Clicking Background
[2016.02.05-05.07.53:824][838]BlueprintLog: New page: Pre-PIE auto-recompile
[2016.02.05-05.07.53:824][838]LogPlayLevel: [PIE] Compiling Nivel_1 before PIE...
[2016.02.05-05.07.53:961][838]LogPlayLevel: PIE:  Blueprint regeneration took 137 ms (1 blueprints)
[2016.02.05-05.07.53:962][838]PIE: New page: PIE session: Nivel_1 (Feb 4, 2016, 7:07:53 PM)
[2016.02.05-05.07.53:968][838]LogPlayLevel: PIE: StaticDuplicateObject took: (0.006262s)
[2016.02.05-05.07.53:969][838]LogPlayLevel: PIE: World Init took: (0.001254s)
[2016.02.05-05.07.53:970][838]LogPlayLevel: PIE: Created PIE world by copying editor world from /Game/Niveles/Nivel_1.Nivel_1 to /Game/Niveles/UEDPIE_0_Nivel_1.Nivel_1 (0.007851s)
[2016.02.05-05.07.54:004][838]LogWorld: Game class is '2D_C'
[2016.02.05-05.07.54:009][838]LogAIModule: Creating AISystem for world Nivel_1
[2016.02.05-05.07.54:011][838]LogWorld: Bringing World /Game/Niveles/UEDPIE_0_Nivel_1.Nivel_1 up for play (max tick rate 0) at 2016.02.05-00.07.54
[2016.02.05-05.07.54:012][838]LogWorld: Bringing up level for play took: 0.002377
[2016.02.05-05.07.54:018][838]PIE: Info Play in editor start time for /Game/Niveles/UEDPIE_0_Nivel_1 -0.051
[2016.02.05-05.07.56:718][972]LogTemp: MouseLeave
[2016.02.05-05.07.57:673][ 15]LogParticles: Destroying 0 GPU particle simulations for FXSystem 0x000000AC2BB4B880
[2016.02.05-05.08.09:853][504]BlueprintLog: New page: Pre-PIE auto-recompile
[2016.02.05-05.08.09:863][504]LogPlayLevel: [PIE] Compiling Nivel_1 before PIE...
[2016.02.05-05.08.09:982][504]LogActorComponent: UnregisterComponent: (/Engine/Transient.CharacterMovementComponent_2) Not registered. Aborting.
[2016.02.05-05.08.10:010][504]LogPlayLevel: PIE:  Blueprint regeneration took 156 ms (1 blueprints)
[2016.02.05-05.08.10:010][504]PIE: New page: PIE session: Nivel_1 (Feb 4, 2016, 7:08:10 PM)
[2016.02.05-05.08.10:017][504]LogPlayLevel: PIE: StaticDuplicateObject took: (0.006190s)
[2016.02.05-05.08.10:018][504]LogPlayLevel: PIE: World Init took: (0.001218s)
[2016.02.05-05.08.10:018][504]LogPlayLevel: PIE: Created PIE world by copying editor world from /Game/Niveles/Nivel_1.Nivel_1 to /Game/Niveles/UEDPIE_0_Nivel_1.Nivel_1 (0.007686s)
[2016.02.05-05.08.10:056][504]LogWorld: Game class is '2D_C'
[2016.02.05-05.08.10:061][504]LogAIModule: Creating AISystem for world Nivel_1
[2016.02.05-05.08.10:063][504]LogWorld: Bringing World /Game/Niveles/UEDPIE_0_Nivel_1.Nivel_1 up for play (max tick rate 0) at 2016.02.05-00.08.10
[2016.02.05-05.08.10:064][504]LogWorld: Bringing up level for play took: 0.002396
[2016.02.05-05.08.10:071][504]PIE: Info Play in editor start time for /Game/Niveles/UEDPIE_0_Nivel_1 0.001
[2016.02.05-05.08.11:000][522]LogTemp: MouseLeave
[2016.02.05-05.08.17:638][785]LogTemp: MouseLeave
[2016.02.05-05.08.18:970][845]LogTemp: MouseLeave
[2016.02.05-05.08.19:165][852]LogTemp: MouseLeave
[2016.02.05-05.08.19:580][867]LogTemp: MouseLeave
[2016.02.05-05.08.20:965][918]LogTemp: MouseLeave
[2016.02.05-05.08.21:799][950]LogTemp: MouseLeave
[2016.02.05-05.08.25:481][  9]LogTemp: MouseLeave
[2016.02.05-05.08.30:088][176]LogTemp: MouseLeave
[2016.02.05-05.08.32:163][251]LogTemp: MouseLeave
[2016.02.05-05.08.57:572][760]LogTemp: MouseLeave
[2016.02.05-05.08.58:380][789]LogTemp: MouseLeave
[2016.02.05-05.09.04:326][994]LogTemp: MouseLeave
[2016.02.05-05.09.04:650][  5]LogTemp: MouseLeave
[2016.02.05-05.09.08:281][128]LogTemp: MouseLeave
[2016.02.05-05.09.10:651][208]LogParticles: Destroying 0 GPU particle simulations for FXSystem 0x000000AC3DAC39C0
[2016.02.05-05.17.04:386][757]LogActorComponent: UnregisterComponent: (/Engine/Transient.CharacterMovementComponent_3) Not registered. Aborting.
[2016.02.05-05.17.04:436][757]Cmd: OBJ SAVEPACKAGE PACKAGE="/Game/Niveles/Nivel_1" FILE="../../../../../../Users/Jimmy/git/PoliHeath/Proyecto/Saved/Autosaves/Game/Niveles/Nivel_1_Auto1.umap" SILENT=true AUTOSAVING=true KEEPDIRTY=false
[2016.02.05-05.17.04:610][757]LogSavePackage: Save=126.095749ms
[2016.02.05-05.17.04:610][757]LogSavePackage: Moving '../../../../../../Users/Jimmy/git/PoliHeath/Proyecto/Saved/Nivel_1_Auto12441591E4E9E3B7D3BB752AE0F53FAD4.tmp' to '../../../../../../Users/Jimmy/git/PoliHeath/Proyecto/Saved/Autosaves/Game/Niveles/Nivel_1_Auto1.umap'
[2016.02.05-05.17.04:637][757]LogFileHelpers: Editor autosave (incl. sublevels) for '/Game/Niveles/Nivel_1' took 0.250
[2016.02.05-05.17.04:637][757]LogFileHelpers: Editor autosave (incl. sublevels) for all levels took 0.250
[2016.02.05-05.29.15:568][197]LogEditorViewport: Clicking on Actor (LMB): Zombie_C (Zombie)
[2016.02.05-05.29.18:524][301]LogInit: Transaction tracking system initialized
[2016.02.05-05.29.18:537][301]EditorErrors: New page: Matinee Initialization
[2016.02.05-05.32.56:785][399]LogEditorViewport: Clicking on Actor (LMB): MatineeActor (MatineeActor)
[2016.02.05-05.33.00:547][558]LogEditorViewport: Clicking Background
[2016.02.05-05.33.03:914][691]LogEditorViewport: Clicking on Actor (LMB): Zombie_C (Zombie)
[2016.02.05-05.33.32:321][321]LogEditorViewport: Clicking on Actor (LMB): Zombie_C (Zombie)
[2016.02.05-05.34.13:486][673]LogEditorTransaction: Undo Move End Marker
[2016.02.05-05.34.14:754][823]LogEditorTransaction: Undo New Group
[2016.02.05-05.52.50:509][ 51]LogActorComponent: UnregisterComponent: (/Engine/Transient.CharacterMovementComponent_4) Not registered. Aborting.
[2016.02.05-05.52.50:532][ 51]LogExit: Transaction tracking system shut down
[2016.02.05-05.52.50:574][ 51]Cmd: OBJ SAVEPACKAGE PACKAGE="/Game/Niveles/Nivel_1" FILE="../../../../../../Users/Jimmy/git/PoliHeath/Proyecto/Saved/Autosaves/Game/Niveles/Nivel_1_Auto2.umap" SILENT=true AUTOSAVING=true KEEPDIRTY=false
[2016.02.05-05.52.50:727][ 51]LogSavePackage: Save=114.119522ms
[2016.02.05-05.52.50:727][ 51]LogSavePackage: Moving '../../../../../../Users/Jimmy/git/PoliHeath/Proyecto/Saved/Nivel_1_Auto2345AFCC8473ABBDD726B378070AB72B2.tmp' to '../../../../../../Users/Jimmy/git/PoliHeath/Proyecto/Saved/Autosaves/Game/Niveles/Nivel_1_Auto2.umap'
[2016.02.05-05.52.50:739][ 51]LogFileHelpers: Editor autosave (incl. sublevels) for '/Game/Niveles/Nivel_1' took 0.230
[2016.02.05-05.52.50:739][ 51]LogFileHelpers: Editor autosave (incl. sublevels) for all levels took 0.230
[2016.02.05-05.52.57:442][310]LogWindowsTextInputMethodSystem:Error: Deactivating a context failed while setting focus to the disabled TSF document manager.
[2016.02.05-05.53.14:807][ 20]LogWindowsTextInputMethodSystem:Error: Deactivating a context failed while setting focus to the disabled TSF document manager.
[2016.02.05-05.53.14:925][ 25]LogWindowsTextInputMethodSystem:Error: Deactivating a context failed while setting focus to the disabled TSF document manager.
[2016.02.05-05.53.15:532][ 53]LogWindowsTextInputMethodSystem:Error: Deactivating a context failed while setting focus to the disabled TSF document manager.
[2016.02.05-05.54.15:957][278]Cmd: OBJ SAVEPACKAGE PACKAGE="/Game/Blueprints/Zombie" FILE="../../../../../../Users/Jimmy/git/PoliHeath/Proyecto/Content/Blueprints/Zombie.uasset" SILENT=true
[2016.02.05-05.54.16:598][278]LogSavePackage: Save=606.055481ms
[2016.02.05-05.54.16:598][278]LogSavePackage: Moving '../../../../../../Users/Jimmy/git/PoliHeath/Proyecto/Saved/Zombie4AF372E24A0EC2DA375E8A8F32B9E7C4.tmp' to '../../../../../../Users/Jimmy/git/PoliHeath/Proyecto/Content/Blueprints/Zombie.uasset'
[2016.02.05-05.54.17:009][278]Cmd: OBJ SAVEPACKAGE PACKAGE="/Game/Niveles/Nivel_1" FILE="../../../../../../Users/Jimmy/git/PoliHeath/Proyecto/Content/Niveles/Nivel_1.umap" SILENT=true AUTOSAVING=false KEEPDIRTY=false
[2016.02.05-05.54.17:015][278]LogActorComponent: UnregisterComponent: (/Engine/Transient.CharacterMovementComponent_5) Not registered. Aborting.
[2016.02.05-05.54.17:171][278]LogSavePackage: Save=104.631165ms
[2016.02.05-05.54.17:171][278]LogSavePackage: Moving '../../../../../../Users/Jimmy/git/PoliHeath/Proyecto/Saved/Nivel_1455F1A3E4717B7DC7F75358C0BA91B42.tmp' to '../../../../../../Users/Jimmy/git/PoliHeath/Proyecto/Content/Niveles/Nivel_1.umap'
[2016.02.05-05.54.17:277][278]LogFileHelpers: Saving map 'Nivel_1' took 0.666
[2016.02.05-05.54.18:710][279]Cmd: QUIT_EDITOR
[2016.02.05-05.54.19:572][279]LogExit: Preparing to exit.
[2016.02.05-05.54.20:526][279]LogExit: Editor shut down
[2016.02.05-05.54.20:527][279]LogExit: Transaction tracking system shut down
[2016.02.05-05.54.20:538][279]LogParticles: Destroying 0 GPU particle simulations for FXSystem 0x000000AC175AEDE0
[2016.02.05-05.54.20:538][279]LogParticles: Destroying 0 GPU particle simulations for FXSystem 0x000000AC1A356700
[2016.02.05-05.54.20:540][279]LogParticles: Destroying 0 GPU particle simulations for FXSystem 0x000000AC1A354720
[2016.02.05-05.54.20:540][279]LogParticles: Destroying 0 GPU particle simulations for FXSystem 0x000000AC34F10C20
[2016.02.05-05.54.21:322][279]LogExit: Object subsystem successfully closed.
[2016.02.05-05.54.21:671][279]LogModuleManager: Shutting down and abandoning module DistCurveEditor (168)
[2016.02.05-05.54.21:671][279]LogModuleManager: Shutting down and abandoning module Matinee (167)
[2016.02.05-05.54.21:671][279]LogModuleManager: Shutting down and abandoning module AndroidDeviceDetection (166)
[2016.02.05-05.54.22:507][279]LogModuleManager: Shutting down and abandoning module CrashTracker (165)
[2016.02.05-05.54.22:507][279]LogModuleManager: Shutting down and abandoning module SuperSearch (164)
[2016.02.05-05.54.22:507][279]LogModuleManager: Shutting down and abandoning module SceneOutliner (163)
[2016.02.05-05.54.22:507][279]LogModuleManager: Shutting down and abandoning module EditorWidgets (162)
[2016.02.05-05.54.22:507][279]LogModuleManager: Shutting down and abandoning module CollectionManager (161)
[2016.02.05-05.54.22:521][279]LogModuleManager: Shutting down and abandoning module StatsViewer (160)
[2016.02.05-05.54.22:536][279]LogModuleManager: Shutting down and abandoning module FoliageEdit (159)
[2016.02.05-05.54.22:555][279]LogModuleManager: Shutting down and abandoning module LandscapeEditor (158)
[2016.02.05-05.54.22:557][279]LogModuleManager: Shutting down and abandoning module MeshPaint (157)
[2016.02.05-05.54.22:565][279]LogModuleManager: Shutting down and abandoning module ActorPickerMode (156)
[2016.02.05-05.54.22:565][279]LogModuleManager: Shutting down and abandoning module GeometryMode (155)
[2016.02.05-05.54.22:565][279]LogModuleManager: Shutting down and abandoning module TextureAlignMode (154)
[2016.02.05-05.54.22:565][279]LogModuleManager: Shutting down and abandoning module BspMode (153)
[2016.02.05-05.54.22:565][279]LogModuleManager: Shutting down and abandoning module PlacementMode (152)
[2016.02.05-05.54.22:565][279]LogModuleManager: Shutting down and abandoning module AutomationWorker (151)
[2016.02.05-05.54.22:565][279]LogModuleManager: Shutting down and abandoning module CharacterAI (150)
[2016.02.05-05.54.22:565][279]LogModuleManager: Shutting down and abandoning module GameProjectGeneration (149)
[2016.02.05-05.54.22:565][279]LogModuleManager: Shutting down and abandoning module IntroTutorials (148)
[2016.02.05-05.54.22:591][279]LogModuleManager: Shutting down and abandoning module EditorLiveStreaming (147)
[2016.02.05-05.54.22:591][279]LogModuleManager: Shutting down and abandoning module HardwareTargeting (146)
[2016.02.05-05.54.22:591][279]LogModuleManager: Shutting down and abandoning module BehaviorTreeEditor (145)
[2016.02.05-05.54.22:627][279]LogModuleManager: Shutting down and abandoning module DeviceProfileEditor (144)
[2016.02.05-05.54.22:647][279]LogModuleManager: Shutting down and abandoning module UndoHistory (143)
[2016.02.05-05.54.22:647][279]LogModuleManager: Shutting down and abandoning module GameplayTagsEditor (142)
[2016.02.05-05.54.22:670][279]LogModuleManager: Shutting down and abandoning module UserFeedback (141)
[2016.02.05-05.54.22:670][279]LogModuleManager: Shutting down and abandoning module XmlParser (140)
[2016.02.05-05.54.22:682][279]LogModuleManager: Shutting down and abandoning module Blutility (139)
[2016.02.05-05.54.22:683][279]LogModuleManager: Shutting down and abandoning module IOSPlatformEditor (138)
[2016.02.05-05.54.22:683][279]LogModuleManager: Shutting down and abandoning module IOSRuntimeSettings (137)
[2016.02.05-05.54.22:683][279]LogModuleManager: Shutting down and abandoning module AndroidPlatformEditor (136)
[2016.02.05-05.54.22:683][279]LogModuleManager: Shutting down and abandoning module AndroidRuntimeSettings (135)
[2016.02.05-05.54.22:683][279]LogModuleManager: Shutting down and abandoning module ProjectTargetPlatformEditor (134)
[2016.02.05-05.54.22:683][279]LogModuleManager: Shutting down and abandoning module ProjectSettingsViewer (133)
[2016.02.05-05.54.22:683][279]LogModuleManager: Shutting down and abandoning module InputBindingEditor (132)
[2016.02.05-05.54.22:721][279]LogModuleManager: Shutting down and abandoning module EditorSettingsViewer (131)
[2016.02.05-05.54.22:721][279]LogModuleManager: Shutting down and abandoning module SettingsEditor (130)
[2016.02.05-05.54.22:740][279]LogModuleManager: Shutting down and abandoning module ProjectLauncher (129)
[2016.02.05-05.54.22:757][279]LogModuleManager: Shutting down and abandoning module SessionFrontend (128)
[2016.02.05-05.54.22:770][279]LogModuleManager: Shutting down and abandoning module ProfilerClient (127)
[2016.02.05-05.54.22:788][279]LogModuleManager: Shutting down and abandoning module TargetDeviceServices (126)
[2016.02.05-05.54.22:788][279]LogModuleManager: Shutting down and abandoning module DeviceManager (125)
[2016.02.05-05.54.22:798][279]LogModuleManager: Shutting down and abandoning module AutomationController (124)
[2016.02.05-05.54.22:825][279]LogModuleManager: Shutting down and abandoning module AutomationWindow (123)
[2016.02.05-05.54.22:844][279]LogModuleManager: Shutting down and abandoning module Layers (122)
[2016.02.05-05.54.22:897][279]LogModuleManager: Shutting down and abandoning module ComponentVisualizers (121)
[2016.02.05-05.54.22:897][279]LogModuleManager: Shutting down and abandoning module DetailCustomizations (120)
[2016.02.05-05.54.22:919][279]LogModuleManager: Shutting down and abandoning module PackagesDialog (119)
[2016.02.05-05.54.22:920][279]LogModuleManager: Shutting down and abandoning module AssetRegistry (118)
[2016.02.05-05.54.23:046][279]LogModuleManager: Shutting down and abandoning module Persona (117)
[2016.02.05-05.54.23:062][279]LogModuleManager: Shutting down and abandoning module Kismet (116)
[2016.02.05-05.54.23:081][279]LogModuleManager: Shutting down and abandoning module GraphEditor (115)
[2016.02.05-05.54.23:081][279]LogModuleManager: Shutting down and abandoning module ClassViewer (114)
[2016.02.05-05.54.23:081][279]LogModuleManager: Shutting down and abandoning module Toolbox (113)
[2016.02.05-05.54.23:081][279]LogModuleManager: Shutting down and abandoning module ModuleUI (112)
[2016.02.05-05.54.23:087][279]LogModuleManager: Shutting down and abandoning module MovieSceneTools (111)
[2016.02.05-05.54.23:170][279]LogModuleManager: Shutting down and abandoning module OutputLog (110)
[2016.02.05-05.54.23:170][279]LogModuleManager: Shutting down and abandoning module GammaUI (109)
[2016.02.05-05.54.23:183][279]LogModuleManager: Shutting down and abandoning module Documentation (108)
[2016.02.05-05.54.23:183][279]LogModuleManager: Shutting down and abandoning module GameLiveStreaming (107)
[2016.02.05-05.54.23:190][279]LogModuleManager: Shutting down and abandoning module StreamingPauseRendering (106)
[2016.02.05-05.54.23:190][279]LogModuleManager: Shutting down and abandoning module HTTP (105)
[2016.02.05-05.54.23:190][279]LogModuleManager: Shutting down and abandoning module AnalyticsET (104)
[2016.02.05-05.54.23:190][279]LogModuleManager: Shutting down and abandoning module Analytics (103)
[2016.02.05-05.54.23:190][279]LogModuleManager: Shutting down and abandoning module GameplayDebugger (102)
[2016.02.05-05.54.23:196][279]LogModuleManager: Shutting down and abandoning module AIModule (101)
[2016.02.05-05.54.23:210][279]LogModuleManager: Shutting down and abandoning module ProfilerService (100)
[2016.02.05-05.54.23:305][279]LogModuleManager: Shutting down and abandoning module TaskGraph (99)
[2016.02.05-05.54.23:348][279]LogModuleManager: Shutting down and abandoning module SlateRemote (98)
[2016.02.05-05.54.23:348][279]LogModuleManager: Shutting down and abandoning module ScriptEditorPlugin (97)
[2016.02.05-05.54.23:348][279]LogModuleManager: Shutting down and abandoning module CustomMeshComponent (96)
[2016.02.05-05.54.23:348][279]LogModuleManager: Shutting down and abandoning module CableComponent (95)
[2016.02.05-05.54.23:348][279]LogModuleManager: Shutting down and abandoning module MessagingDebugger (94)
[2016.02.05-05.54.23:480][279]LogModuleManager: Shutting down and abandoning module MediaPlayerEditor (93)
[2016.02.05-05.54.23:503][279]LogModuleManager: Shutting down and abandoning module SpeedTreeImporter (92)
[2016.02.05-05.54.23:503][279]LogModuleManager: Shutting down and abandoning module PluginsEditor (91)
[2016.02.05-05.54.23:514][279]LogModuleManager: Shutting down and abandoning module EpicSurvey (90)
[2016.02.05-05.54.23:514][279]LogModuleManager: Shutting down and abandoning module DesktopPlatform (89)
[2016.02.05-05.54.23:538][279]LogModuleManager: Shutting down and abandoning module VisualStudioSourceCodeAccess (88)
[2016.02.05-05.54.23:546][279]LogModuleManager: Shutting down and abandoning module UObjectPlugin (87)
[2016.02.05-05.54.23:546][279]LogModuleManager: Shutting down and abandoning module SubversionSourceControl (86)
[2016.02.05-05.54.23:569][279]LogModuleManager: Shutting down and abandoning module SourceControl (85)
[2016.02.05-05.54.23:569][279]LogModuleManager: Shutting down and abandoning module PerforceSourceControl (84)
[2016.02.05-05.54.23:592][279]LogModuleManager: Shutting down and abandoning module BlankPlugin (83)
[2016.02.05-05.54.23:592][279]LogModuleManager: Shutting down and abandoning module SlateReflector (82)
[2016.02.05-05.54.23:612][279]LogModuleManager: Shutting down and abandoning module DirectoryWatcher (81)
[2016.02.05-05.54.23:614][279]LogModuleManager: Shutting down and abandoning module HotReload (80)
[2016.02.05-05.54.23:614][279]LogModuleManager: Shutting down and abandoning module MainFrame (79)
[2016.02.05-05.54.23:614][279]LogModuleManager: Shutting down and abandoning module LevelEditor (78)
[2016.02.05-05.54.23:631][279]LogModuleManager: Shutting down and abandoning module ViewportSnapping (77)
[2016.02.05-05.54.23:631][279]LogModuleManager: Shutting down and abandoning module SmartSnapping (76)
[2016.02.05-05.54.23:631][279]LogModuleManager: Shutting down and abandoning module PaperTiledImporter (75)
[2016.02.05-05.54.23:631][279]LogModuleManager: Shutting down and abandoning module PaperJsonImporter (74)
[2016.02.05-05.54.23:649][279]LogModuleManager: Shutting down and abandoning module ContentBrowser (73)
[2016.02.05-05.54.23:649][279]LogModuleManager: Shutting down and abandoning module PropertyEditor (72)
[2016.02.05-05.54.23:649][279]LogModuleManager: Shutting down and abandoning module Paper2DEditor (71)
[2016.02.05-05.54.23:679][279]LogModuleManager: Shutting down and abandoning module ScriptPlugin (70)
[2016.02.05-05.54.23:689][279]LogModuleManager: Shutting down and abandoning module UdpMessaging (69)
[2016.02.05-05.54.23:789][279]LogModuleManager: Shutting down and abandoning module Paper2D (68)
[2016.02.05-05.54.23:789][279]LogModuleManager: Shutting down and abandoning module WindowsMoviePlayer (67)
[2016.02.05-05.54.23:807][279]LogModuleManager: Shutting down and abandoning module Media (66)
[2016.02.05-05.54.23:807][279]LogModuleManager: Shutting down and abandoning module WmfMedia (65)
[2016.02.05-05.54.23:823][279]LogModuleManager: Shutting down and abandoning module OnlineBlueprintSupport (64)
[2016.02.05-05.54.23:823][279]LogModuleManager: Shutting down and abandoning module FunctionalTesting (63)
[2016.02.05-05.54.23:823][279]LogModuleManager: Shutting down and abandoning module CollisionAnalyzer (62)
[2016.02.05-05.54.23:848][279]LogModuleManager: Shutting down and abandoning module WorkspaceMenuStructure (61)
[2016.02.05-05.54.23:848][279]LogModuleManager: Shutting down and abandoning module MessageLog (60)
[2016.02.05-05.54.23:848][279]LogModuleManager: Shutting down and abandoning module Sequencer (59)
[2016.02.05-05.54.23:870][279]LogModuleManager: Shutting down and abandoning module AssetTools (58)
[2016.02.05-05.54.23:907][279]LogModuleManager: Shutting down and abandoning module UMGEditor (57)
[2016.02.05-05.54.23:924][279]LogModuleManager: Shutting down and abandoning module UMG (56)
[2016.02.05-05.54.23:924][279]LogModuleManager: Shutting down and abandoning module Slate (55)
[2016.02.05-05.54.23:924][279]LogModuleManager: Shutting down and abandoning module EditorStyle (54)
[2016.02.05-05.54.23:928][279]LogModuleManager: Shutting down and abandoning module SessionServices (53)
[2016.02.05-05.54.23:928][279]LogModuleManager: Shutting down and abandoning module SourceCodeAccess (52)
[2016.02.05-05.54.23:928][279]LogModuleManager: Shutting down and abandoning module HeadMountedDisplay (51)
[2016.02.05-05.54.23:928][279]LogModuleManager: Shutting down and abandoning module XAudio2 (50)
[2016.02.05-05.54.23:928][279]LogModuleManager: Shutting down and abandoning module Networking (48)
[2016.02.05-05.54.23:928][279]LogModuleManager: Shutting down and abandoning module Core (47)
[2016.02.05-05.54.23:928][279]LogModuleManager: Shutting down and abandoning module KismetCompiler (46)
[2016.02.05-05.54.23:928][279]LogModuleManager: Shutting down and abandoning module PhysXFormats (45)
[2016.02.05-05.54.23:928][279]LogModuleManager: Shutting down and abandoning module MeshUtilities (44)
[2016.02.05-05.54.23:947][279]LogModuleManager: Shutting down and abandoning module DerivedDataCache (43)
[2016.02.05-05.54.24:021][279]LogDerivedDataCache: Shutdown
[2016.02.05-05.54.24:021][279]LogModuleManager: Shutting down and abandoning module ShaderFormatOpenGL (42)
[2016.02.05-05.54.24:036][279]LogModuleManager: Shutting down and abandoning module ShaderFormatD3D (41)
[2016.02.05-05.54.24:043][279]LogModuleManager: Shutting down and abandoning module MetalShaderFormat (40)
[2016.02.05-05.54.24:059][279]LogModuleManager: Shutting down and abandoning module TextureFormatUncompressed (39)
[2016.02.05-05.54.24:059][279]LogModuleManager: Shutting down and abandoning module TextureFormatPVR (38)
[2016.02.05-05.54.24:071][279]LogModuleManager: Shutting down and abandoning module TextureFormatDXT (37)
[2016.02.05-05.54.24:085][279]LogModuleManager: Shutting down and abandoning module TextureFormatAndroid (36)
[2016.02.05-05.54.24:085][279]LogModuleManager: Shutting down and abandoning module AudioFormatOpus (35)
[2016.02.05-05.54.24:093][279]LogModuleManager: Shutting down and abandoning module AudioFormatOgg (34)
[2016.02.05-05.54.24:093][279]LogModuleManager: Shutting down and abandoning module AudioFormatADPCM (33)
[2016.02.05-05.54.24:093][279]LogModuleManager: Shutting down and abandoning module Messaging (32)
[2016.02.05-05.54.24:093][279]LogModuleManager: Shutting down and abandoning module IOSTargetPlatform (31)
[2016.02.05-05.54.24:093][279]LogModuleManager: Shutting down and abandoning module Android_PVRTCTargetPlatform (30)
[2016.02.05-05.54.24:093][279]LogModuleManager: Shutting down and abandoning module Android_ETC2TargetPlatform (29)
[2016.02.05-05.54.24:094][279]LogModuleManager: Shutting down and abandoning module Android_ETC1TargetPlatform (28)
[2016.02.05-05.54.24:094][279]LogModuleManager: Shutting down and abandoning module Android_DXTTargetPlatform (27)
[2016.02.05-05.54.24:094][279]LogModuleManager: Shutting down and abandoning module Android_ATCTargetPlatform (26)
[2016.02.05-05.54.24:094][279]LogModuleManager: Shutting down and abandoning module AndroidTargetPlatform (25)
[2016.02.05-05.54.24:094][279]LogModuleManager: Shutting down and abandoning module WindowsTargetPlatform (24)
[2016.02.05-05.54.24:094][279]LogModuleManager: Shutting down and abandoning module WindowsServerTargetPlatform (23)
[2016.02.05-05.54.24:094][279]LogModuleManager: Shutting down and abandoning module WindowsNoEditorTargetPlatform (22)
[2016.02.05-05.54.24:094][279]LogModuleManager: Shutting down and abandoning module WindowsClientTargetPlatform (21)
[2016.02.05-05.54.24:094][279]LogModuleManager: Shutting down and abandoning module TargetPlatform (20)
[2016.02.05-05.54.24:094][279]LogModuleManager: Shutting down and abandoning module InputCore (19)
[2016.02.05-05.54.24:094][279]LogModuleManager: Shutting down and abandoning module Settings (18)
[2016.02.05-05.54.24:094][279]LogModuleManager: Shutting down and abandoning module ImageWrapper (17)
[2016.02.05-05.54.24:094][279]LogModuleManager: Shutting down and abandoning module OculusRift (14)
[2016.02.05-05.54.24:110][279]LogModuleManager: Shutting down and abandoning module ExampleDeviceProfileSelector (13)
[2016.02.05-05.54.24:110][279]LogModuleManager: Shutting down and abandoning module TextureCompressor (12)
[2016.02.05-05.54.24:129][279]LogModuleManager: Shutting down and abandoning module ShaderCore (11)
[2016.02.05-05.54.24:129][279]LogModuleManager: Shutting down and abandoning module SlateRHIRenderer (10)
[2016.02.05-05.54.24:154][279]LogModuleManager: Shutting down and abandoning module OpenGLDrv (9)
[2016.02.05-05.54.24:154][279]LogModuleManager: Shutting down and abandoning module D3D11RHI (8)
[2016.02.05-05.54.24:154][279]LogModuleManager: Shutting down and abandoning module Renderer (7)
[2016.02.05-05.54.24:154][279]LogModuleManager: Shutting down and abandoning module Engine (6)
[2016.02.05-05.54.24:154][279]LogModuleManager: Shutting down and abandoning module CoreUObject (5)
[2016.02.05-05.54.24:154][279]LogModuleManager: Shutting down and abandoning module NetworkFile (4)
[2016.02.05-05.54.24:170][279]LogModuleManager: Shutting down and abandoning module StreamingFile (3)
[2016.02.05-05.54.24:170][279]LogModuleManager: Shutting down and abandoning module SandboxFile (2)
[2016.02.05-05.54.24:170][279]LogModuleManager: Shutting down and abandoning module PakFile (1)
[2016.02.05-05.54.24:176][279]LogExit: Exiting.
[2016.02.05-05.54.24:233][279]Log file closed, 02/05/16 00:54:24
