Log file open, 01/14/16 23:15:22
LogInit:Display: Running engine for game: Proyecto
LogInit: Version: 4.5.1-2336687+++depot+UE4-Releases+4.5
LogInit: API Version: 2326478
LogInit: Compiled (64-bit): Oct 21 2014 22:32:40
LogInit: Compiled with Visual C++: 18.00.21005.01
LogInit: Build Configuration: Development
LogInit: Branch Name: ++depot+UE4-Releases+4.5
LogInit: Command line:  
LogInit: Base directory: C:/Program Files (x86)/Epic Games/4.5/Engine/Binaries/Win64/
LogInit: Rocket: 1
[2016.01.15-04.15.22:394][  0]LogTaskGraph: Started task graph with 3 named threads and 4 total threads.
[2016.01.15-04.15.22:426][  0]LogOnline:Warning: No default platform service specified for OnlineSubsystem
[2016.01.15-04.15.22:502][  0]LogInit: Presizing for 0 objects not considered by GC, pre-allocating 0 bytes.
[2016.01.15-04.15.22:514][  0]LogInit: Object subsystem initialized
[2016.01.15-04.15.22:517][  0]LogConsoleResponse:Warning: Skipping Unknown console variable: 'UIScaleRule = ShortestSide'
[2016.01.15-04.15.22:517][  0]LogConsoleResponse:Warning:   Found in ini file 'C:/Users/user/Documents/GitHub/PoliHeath/Proyecto/Saved/Config/Windows/Engine.ini', in section '[/Script/Engine.RendererSettings]'
[2016.01.15-04.15.22:517][  0]LogConsoleResponse:Warning: Skipping Unknown console variable: 'UIScaleCurve = (EditorCurveData=(Keys=((Time=480.000000,Value=0.444000),(Time=720.000000,Value=0.666000),(Time=1080.000000,Value=1.000000),(Time=8640.000000,Value=8.000000))),ExternalCurve=None)'
[2016.01.15-04.15.22:517][  0]LogConsoleResponse:Warning:   Found in ini file 'C:/Users/user/Documents/GitHub/PoliHeath/Proyecto/Saved/Config/Windows/Engine.ini', in section '[/Script/Engine.RendererSettings]'
[2016.01.15-04.15.22:518][  0]LogInit: Selected Device Profile: [Windows]
[2016.01.15-04.15.22:518][  0]LogInit: Applying CVar settings loaded from the selected device profile: [Windows]
[2016.01.15-04.15.22:544][  0]LogInit: Computer: DANNY
[2016.01.15-04.15.22:544][  0]LogInit: User: user
[2016.01.15-04.15.22:545][  0]LogInit: CPU Page size=4096, Cores=2
[2016.01.15-04.15.22:545][  0]LogInit: High frequency timer resolution =1.656323 MHz
[2016.01.15-04.15.22:546][  0]LogMemory: Memory total: Physical=7.9GB (8GB approx) Virtual=131072.0GB
[2016.01.15-04.15.22:546][  0]LogMemory: Platform Memory Stats for Windows
[2016.01.15-04.15.22:546][  0]LogMemory: Process Physical Memory: 60.28 MB used, 60.28 MB peak
[2016.01.15-04.15.22:546][  0]LogMemory: Process Virtual Memory: 35.23 MB used, 38.51 MB peak
[2016.01.15-04.15.22:546][  0]LogMemory: Physical Memory: 4324.23 MB used, 8096.02 MB total
[2016.01.15-04.15.22:546][  0]LogMemory: Virtual Memory: 274.44 MB used, 134217728.00 MB total
[2016.01.15-04.15.22:615][  0]LogD3D11RHI: Found D3D11 adapter 0: Intel(R) HD Graphics Family (Feature Level 11_0)
[2016.01.15-04.15.22:615][  0]LogD3D11RHI: Adapter has 0MB of dedicated video memory, 0MB of dedicated system memory, and 1792MB of shared system memory, 1 output[s]
[2016.01.15-04.15.22:676][  0]LogD3D11RHI: Found D3D11 adapter 1: Microsoft Basic Render Driver (Feature Level 11_0)
[2016.01.15-04.15.22:676][  0]LogD3D11RHI: Adapter has 0MB of dedicated video memory, 0MB of dedicated system memory, and 256MB of shared system memory, 0 output[s]
[2016.01.15-04.15.22:676][  0]LogD3D11RHI: Chosen D3D11 Adapter Id = 0
[2016.01.15-04.15.22:681][  0]LogRHI: Texture pool is 627 MB (70% of 896 MB)
[2016.01.15-04.15.22:692][  0]LogD3D11RHI: Async texture creation enabled
[2016.01.15-04.15.23:458][  0]LogTextLocalizationManager: The requested culture ('es_ES') has no localization data; parent culture's ('es') localization data will be used.
[2016.01.15-04.15.23:590][  0]LogContentStreaming: Texture pool size is 0.000000MB
[2016.01.15-04.15.32:217][  0]LogTargetPlatformManager:Display: Building Assets For Windows
[2016.01.15-04.15.33:314][  0]LogTargetPlatformManager:Display: Building Assets For Windows
[2016.01.15-04.15.33:396][  0]LogDerivedDataCache:Display: Max Cache Size: 512 MB
[2016.01.15-04.15.33:768][  0]LogDerivedDataCache: Loaded boot cache 0.37s 39MB C:/Users/user/AppData/Local/UnrealEngine/4.5/DerivedDataCache/Boot.ddc.
[2016.01.15-04.15.33:769][  0]LogDerivedDataCache:Display: Loaded Boot cache: C:/Users/user/AppData/Local/UnrealEngine/4.5/DerivedDataCache/Boot.ddc
[2016.01.15-04.15.33:770][  0]LogDerivedDataCache: FDerivedDataBackendGraph:  Pak pak cache file ../../../../../../Users/user/Documents/GitHub/PoliHeath/Proyecto/DerivedDataCache/DDC.ddp not found, will not use a pak cache.
[2016.01.15-04.15.33:770][  0]LogDerivedDataCache: Unable to find inner node Pak for hierarchical cache Hierarchy.
[2016.01.15-04.15.33:912][  0]LogDerivedDataCache:Display: Pak cache opened for reading ../../../Engine/DerivedDataCache/DDC.ddp.
[2016.01.15-04.15.33:926][  0]LogDerivedDataCache: Using Local data cache path C:/Users/user/AppData/Local/UnrealEngine/Common/DerivedDataCache: Writable
[2016.01.15-04.15.39:937][  0]LogMeshUtilities: No automatic mesh reduction module available
[2016.01.15-04.15.39:937][  0]LogMeshUtilities: No automatic mesh merging module available
[2016.01.15-04.15.41:161][  0]LogLinker:Warning: Asset '../../../Engine/Content/Functions/Engine_MaterialFunctions02/Texturing/FlipBook.uasset' has been saved with empty engine version. The asset will be loaded but may be incompatible.
[2016.01.15-04.15.41:221][  0]LogLinker:Warning: Asset '../../../Engine/Content/Functions/Engine_MaterialFunctions02/ExampleContent/Textures/flipbook.uasset' has been saved with empty engine version. The asset will be loaded but may be incompatible.
[2016.01.15-04.15.42:410][  0]LogInit: WinSock: version 1.1 (2.2), MaxSocks=32767, MaxUdp=65467
[2016.01.15-04.16.04:746][  0]UdpMessaging: Initializing bridge on interface 0.0.0.0:0 to multicast group 230.0.0.1:6666.
[2016.01.15-04.16.05:532][  0]LogDirectoryWatcher:Warning: Failed to begin reading directory changes for C:/Users/user/Documents/GitHub/PoliHeath/Proyecto/Binaries/Win64. Error: 0
[2016.01.15-04.16.06:392][  0]SourceControl: Info Source control is disabled
[2016.01.15-04.16.06:392][  0]SourceControl: Info Source control is disabled
[2016.01.15-04.16.06:400][  0]SourceControl: Info Source control is disabled
[2016.01.15-04.16.07:174][  0]LogObj: 22915 objects as part of root set at end of initial load.
[2016.01.15-04.16.07:174][  0]LogUObjectAllocator: 4803536 out of 0 bytes used by permanent object pool.
[2016.01.15-04.16.08:105][  0]LogEngine: Initializing Engine...
[2016.01.15-04.16.08:607][  0]LogInit: XAudio2 using 'Speakers / Headphones (Realtek High Definition Audio)' : 2 channels at 48 kHz using 32 bits per sample (channel mask 0x3)
[2016.01.15-04.16.09:150][  0]LogInit: FAudioDevice initialized.
[2016.01.15-04.16.09:267][  0]LogAIModule: Creating AISystem for world NewWorld
[2016.01.15-04.16.09:324][  0]LogDerivedDataCache: Saved boot cache 0.03s 39MB C:/Users/user/AppData/Local/UnrealEngine/4.5/DerivedDataCache/Boot.ddc.
[2016.01.15-04.16.09:332][  0]LogInit: Texture streaming: Enabled
[2016.01.15-04.16.09:594][  0]LogInit: Transaction tracking system initialized
[2016.01.15-04.16.10:027][  0]BlueprintLog: New page: Cargar el editor
[2016.01.15-04.16.10:181][  0]LogAssetRegistry: FAssetRegistry took 0.0108 seconds to start up
[2016.01.15-04.16.10:182][  0]LogDirectoryWatcher:Warning: Failed to begin reading directory changes for ../../../Engine/Plugins/Experimental/CharacterAI/Content/. Error: 0
[2016.01.15-04.16.12:834][  0]LogTargetPlatformManager:Display: Building Assets For Windows
[2016.01.15-04.16.13:416][  0]LogTargetPlatformManager:Display: Building Assets For Windows
[2016.01.15-04.16.15:968][  0]LogConsoleResponse:Display: 
[2016.01.15-04.16.19:233][  0]SourceControl: Info Source control is disabled
[2016.01.15-04.16.19:297][  0]Cmd: MAP LOAD FILE="../../../../../../Users/user/Documents/GitHub/PoliHeath/Proyecto/Content/Niveles/Nivel_1.umap" TEMPLATE=0 SHOWPROGRESS=1
[2016.01.15-04.16.19:339][  0]LightingResults: New page: Diseñar la iluminación
[2016.01.15-04.16.19:468][  0]MapCheck: New page: Revisión del mapa
[2016.01.15-04.16.19:468][  0]LightingResults: New page: Diseñar la iluminación
[2016.01.15-04.16.19:494][  0]LogParticles: Destroying 0 GPU particle simulations for FXSystem 0x0000007DCC0594E0
[2016.01.15-04.16.21:374][  0]LogEditorServer: Finished looking for orphan Actors (0.000 secs)
[2016.01.15-04.16.21:374][  0]LogAIModule: Creating AISystem for world Nivel_1
[2016.01.15-04.16.21:400][  0]Cmd: MAP CHECKDEP
[2016.01.15-04.16.21:400][  0]MapCheck: New page: Nivel_1 - 14/1/2016 18:16:21
[2016.01.15-04.16.21:634][  0]MapCheck: Info Map check complete: 0 Error(s), 0 Warning(s), took 233,919ms to complete.
[2016.01.15-04.16.21:634][  0]LogFileHelpers: Loading map 'Nivel_1' took 2.368
[2016.01.15-04.16.22:730][  0]LogCollectionManager: Loaded 0 collections in 0.002325 seconds
[2016.01.15-04.16.23:737][  0]LogCrashTracker: Crashtracker disabled due to settings.
[2016.01.15-04.16.23:930][  0]LogUObjectGlobals:Warning: Failed to find object 'Class None.'
[2016.01.15-04.16.24:034][  0]LogLoad: Full Startup: 64.65 seconds (BP compile: 0.64 seconds)
[2016.01.15-04.16.24:047][  0]LogContentBrowser:Verbose: The content browser source was changed by the sources view to '/Game/Blueprints/Player'
[2016.01.15-04.16.24:801][  0]LogRenderer:Warning: Reallocating scene render targets to support 792x592.
[2016.01.15-04.16.33:439][461]LogAssetRegistry: Asset discovery search completed in 23.2689 seconds
[2016.01.15-04.17.05:258][435]LogContentBrowser:Verbose: The content browser source was changed by the sources view to '/Game/Niveles'
[2016.01.15-04.17.06:215][480]LogActorComponent: UnregisterComponent: (/Engine/Transient.CharacterMovementComponent_0) Not registered. Aborting.
[2016.01.15-04.17.06:244][480]Cmd: MAP LOAD FILE="../../../../../../Users/user/Documents/GitHub/PoliHeath/Proyecto/Content/Niveles/Nivel_1.umap" TEMPLATE=0 SHOWPROGRESS=1
[2016.01.15-04.17.06:244][480]LightingResults: New page: Diseñar la iluminación
[2016.01.15-04.17.06:304][480]LoadErrors: New page: Cargando mapa: Nivel_1.umap
[2016.01.15-04.17.06:305][480]MapCheck: New page: Revisión del mapa
[2016.01.15-04.17.06:305][480]LightingResults: New page: Diseñar la iluminación
[2016.01.15-04.17.06:328][480]LogParticles: Destroying 0 GPU particle simulations for FXSystem 0x0000007DC302AB60
[2016.01.15-04.17.06:409][480]LogEditorServer: Finished looking for orphan Actors (0.000 secs)
[2016.01.15-04.17.06:409][480]LogAIModule: Creating AISystem for world Nivel_1
[2016.01.15-04.17.06:454][480]Cmd: MAP CHECKDEP
[2016.01.15-04.17.06:454][480]MapCheck: New page: Nivel_1 - 14/1/2016 18:17:06
[2016.01.15-04.17.06:658][480]MapCheck: Info Map check complete: 0 Error(s), 0 Warning(s), took 203,863ms to complete.
[2016.01.15-04.17.06:658][480]LogFileHelpers: Loading map 'Nivel_1' took 0.417
[2016.01.15-04.17.17:663][148]LogPlayLevel: PIE:  No blueprints needed recompiling
[2016.01.15-04.17.17:663][148]PIE: New page: Sesión PIE (reproducción en el editor): Nivel_1 (14/1/2016 18:17:17)
[2016.01.15-04.17.17:666][148]LogPlayLevel: PIE: StaticDuplicateObject took: (0.002853s)
[2016.01.15-04.17.17:667][148]LogPlayLevel: PIE: World Init took: (0.000749s)
[2016.01.15-04.17.17:667][148]LogPlayLevel: PIE: Created PIE world by copying editor world from /Game/Niveles/Nivel_1.Nivel_1 to /Game/Niveles/UEDPIE_0_Nivel_1.Nivel_1 (0.003848s)
[2016.01.15-04.17.17:769][148]LogWorld: Game class is '2D_C'
[2016.01.15-04.17.17:790][148]LogAIModule: Creating AISystem for world Nivel_1
[2016.01.15-04.17.17:791][148]LogWorld: Bringing World /Game/Niveles/UEDPIE_0_Nivel_1.Nivel_1 up for play (max tick rate 0) at 2016.01.14-23.17.17
[2016.01.15-04.17.17:791][148]LogWorld: Bringing up level for play took: 0.001112
[2016.01.15-04.17.17:844][148]PIE: Info Tiempo de inicio de la reproducción en el editor para  /Game/Niveles/UEDPIE_0_Nivel_1 0,672
[2016.01.15-04.17.36:317][642]LogTemp: MouseLeave
[2016.01.15-04.18.50:577][653]LogTemp: MouseLeave
[2016.01.15-04.18.51:244][671]LogTemp: MouseLeave
[2016.01.15-04.18.51:428][676]LogTemp: MouseLeave
[2016.01.15-04.18.51:506][678]LogTemp: MouseLeave
[2016.01.15-04.18.52:753][703]LogTemp: MouseLeave
[2016.01.15-04.18.55:085][710]LogTemp: MouseLeave
[2016.01.15-04.18.56:752][715]LogTemp: MouseLeave
[2016.01.15-04.18.57:744][718]LogTemp: MouseLeave
[2016.01.15-04.19.00:694][742]LogTemp: MouseLeave
[2016.01.15-04.19.00:945][749]LogTemp: MouseLeave
[2016.01.15-04.19.01:244][757]LogTemp: MouseLeave
[2016.01.15-04.19.02:460][788]LogTemp: MouseLeave
[2016.01.15-04.19.03:616][821]LogTemp: MouseLeave
[2016.01.15-04.19.04:968][860]LogTemp: MouseLeave
[2016.01.15-04.19.06:016][887]LogParticles: Destroying 0 GPU particle simulations for FXSystem 0x0000007DD3B12020
[2016.01.15-04.19.46:729][838]LogEditorViewport: Clicking Background
[2016.01.15-04.19.51:273][126]LogContentBrowser:Verbose: The content browser source was changed by the sources view to '/Game/Blueprints/Player'
[2016.01.15-04.19.53:923][201]LogContentBrowser:Verbose: The content browser source was changed by the sources view to '/Game/Blueprints'
[2016.01.15-04.19.56:036][316]LogContentBrowser:Verbose: The content browser source was changed by the sources view to '/Game/Blueprints/Player'
[2016.01.15-04.19.59:871][421]LogContentBrowser:Verbose: The content browser source was changed by the sources view to '/Game/Animaciones'
[2016.01.15-04.20.06:009][771]LogContentBrowser:Verbose: The content browser source was changed by the sources view to '/Game/Animaciones/Atlas'
[2016.01.15-04.20.18:389][521]LogContentBrowser:Verbose: The content browser source was changed by the sources view to '/Game/Animaciones'
[2016.01.15-04.20.20:155][632]LogContentBrowser:Verbose: The content browser source was changed by the sources view to '/Game/Animaciones/Atlas'
[2016.01.15-04.20.21:569][721]LogContentBrowser:Verbose: The content browser source was changed by the sources view to '/Game/Animaciones/Atlas/Correr'
[2016.01.15-04.34.53:997][852]LogFactory: FactoryCreateBinary: Texture with TextureFactory (0 0 ../../../../../../Users/user/Downloads/zombie2/zombie2.png)
[2016.01.15-04.34.58:309][852]0.000040 seconds to analyze Texture2D /Game/Animaciones/Atlas/zombie2.zombie2

[2016.01.15-04.34.58:338][852]LogTexture:Display: Building textures: zombie2 (BGRA8)
[2016.01.15-04.34.58:647][852]LogContentBrowser:Verbose: The content browser source was changed by the sources view to 'None'
[2016.01.15-04.34.58:648][852]LogContentBrowser:Verbose: The content browser source was changed by the sources view to '/Game/Animaciones/Atlas'
[2016.01.15-04.35.04:806][212]LogEditorViewport: Clicking Background
[2016.01.15-04.35.08:363][413]Cmd: OBJ SAVEPACKAGE PACKAGE="/Game/Niveles/Nivel_1" FILE="../../../../../../Users/user/Documents/GitHub/PoliHeath/Proyecto/Content/Niveles/Nivel_1.umap" SILENT=true AUTOSAVING=false KEEPDIRTY=false
[2016.01.15-04.35.08:368][413]LogActorComponent: UnregisterComponent: (/Engine/Transient.CharacterMovementComponent_1) Not registered. Aborting.
[2016.01.15-04.35.08:455][413]LogSavePackage: Save=26.477928ms
[2016.01.15-04.35.08:455][413]LogSavePackage: Moving '../../../../../../Users/user/Documents/GitHub/PoliHeath/Proyecto/Saved/Nivel_109F532A54817D658C1FEDAA6B0B50A9A.tmp' to '../../../../../../Users/user/Documents/GitHub/PoliHeath/Proyecto/Content/Niveles/Nivel_1.umap'
[2016.01.15-04.35.11:409][564]LogEditorViewport: Clicking Background
[2016.01.15-04.35.16:751][825]LogContentBrowser:Verbose: The content browser source was changed by the sources view to 'None'
[2016.01.15-04.35.16:752][825]LogContentBrowser:Verbose: The content browser source was changed by the sources view to '/Game/Animaciones/Atlas'
[2016.01.15-04.35.16:767][825]LogContentBrowser:Verbose: The content browser source was changed by the sources view to '/Game/Animaciones/Atlas'
[2016.01.15-04.35.16:768][825]LogContentBrowser:Verbose: The content browser source was changed by the sources view to '/Game/Animaciones/Atlas'
[2016.01.15-04.35.16:768][825]LogContentBrowser:Verbose: The content browser source was changed by the sources view to '/Game/Animaciones/Atlas'
[2016.01.15-04.35.16:769][825]LogContentBrowser:Verbose: The content browser source was changed by the sources view to '/Game/Animaciones/Atlas'
[2016.01.15-04.35.16:769][825]LogContentBrowser:Verbose: The content browser source was changed by the sources view to '/Game/Animaciones/Atlas'
[2016.01.15-04.35.46:842][219]LogRenderer:Warning: Reallocating scene render targets to support 1080x592.
[2016.01.15-04.36.43:480][733]LogParticles: Destroying 0 GPU particle simulations for FXSystem 0x0000007DD49D40E0
[2016.01.15-04.36.43:480][733]LogParticles: Destroying 0 GPU particle simulations for FXSystem 0x0000007DC23DC860
[2016.01.15-04.36.43:480][733]LogParticles: Destroying 0 GPU particle simulations for FXSystem 0x0000007DD8E493A0
[2016.01.15-04.38.19:261][348]LogWindowsTextInputMethodSystem:Error: Deactivating a context failed while setting focus to the disabled TSF document manager.
[2016.01.15-04.38.19:261][348]LogWindowsTextInputMethodSystem:Error: Deactivating a context failed while setting focus to the disabled TSF document manager.
[2016.01.15-04.38.19:362][348]Cmd: OBJ SAVEPACKAGE PACKAGE="/Game/Animaciones/Atlas/C1_zombie" FILE="../../../../../../Users/user/Documents/GitHub/PoliHeath/Proyecto/Content/Animaciones/Atlas/C1_zombie.uasset" SILENT=true
[2016.01.15-04.38.19:430][348]LogSavePackage: Save=62.075451ms
[2016.01.15-04.38.19:430][348]LogSavePackage: Moving '../../../../../../Users/user/Documents/GitHub/PoliHeath/Proyecto/Saved/C1_zombie72DB67414C8D0C4F33F814BC6B5E22BC.tmp' to '../../../../../../Users/user/Documents/GitHub/PoliHeath/Proyecto/Content/Animaciones/Atlas/C1_zombie.uasset'
[2016.01.15-04.38.19:499][348]LogParticles: Destroying 0 GPU particle simulations for FXSystem 0x0000007DE27DBEC0
[2016.01.15-04.38.19:499][348]LogParticles: Destroying 0 GPU particle simulations for FXSystem 0x0000007DD8F5B420
[2016.01.15-04.38.19:499][348]LogParticles: Destroying 0 GPU particle simulations for FXSystem 0x0000007DC1FC6D40
[2016.01.15-04.38.22:269][508]LogWindowsTextInputMethodSystem:Error: Deactivating a context failed while setting focus to the disabled TSF document manager.
[2016.01.15-04.38.22:270][508]LogWindowsTextInputMethodSystem:Error: Deactivating a context failed while setting focus to the disabled TSF document manager.
[2016.01.15-04.38.24:882][655]LogWindowsTextInputMethodSystem:Error: Deactivating a context failed while setting focus to the disabled TSF document manager.
[2016.01.15-04.38.24:882][655]LogWindowsTextInputMethodSystem:Error: Deactivating a context failed while setting focus to the disabled TSF document manager.
[2016.01.15-04.38.27:094][782]LogWindowsTextInputMethodSystem:Error: Deactivating a context failed while setting focus to the disabled TSF document manager.
[2016.01.15-04.38.27:094][782]LogWindowsTextInputMethodSystem:Error: Deactivating a context failed while setting focus to the disabled TSF document manager.
[2016.01.15-04.38.34:567][233]LogWindowsTextInputMethodSystem:Error: Deactivating a context failed while setting focus to the disabled TSF document manager.
[2016.01.15-04.38.34:567][233]LogWindowsTextInputMethodSystem:Error: Deactivating a context failed while setting focus to the disabled TSF document manager.
[2016.01.15-04.38.34:629][233]Cmd: OBJ SAVEPACKAGE PACKAGE="/Game/Animaciones/Atlas/C1" FILE="../../../../../../Users/user/Documents/GitHub/PoliHeath/Proyecto/Content/Animaciones/Atlas/C1.uasset" SILENT=true
[2016.01.15-04.38.34:695][233]LogSavePackage: Save=60.333641ms
[2016.01.15-04.38.34:695][233]LogSavePackage: Moving '../../../../../../Users/user/Documents/GitHub/PoliHeath/Proyecto/Saved/C143A746D745C94032B8B1869DD2F2054C.tmp' to '../../../../../../Users/user/Documents/GitHub/PoliHeath/Proyecto/Content/Animaciones/Atlas/C1.uasset'
[2016.01.15-04.38.39:993][505]LogContentBrowser:Verbose: The content browser source was changed by the sources view to '/Game/Animaciones/Atlas'
[2016.01.15-04.38.52:406][264]LogWindowsTextInputMethodSystem:Error: Deactivating a context failed while setting focus to the disabled TSF document manager.
[2016.01.15-04.38.52:406][264]LogWindowsTextInputMethodSystem:Error: Deactivating a context failed while setting focus to the disabled TSF document manager.
[2016.01.15-04.38.55:190][433]LogContentBrowser:Verbose: The content browser source was changed by the sources view to '/Game/Animaciones'
[2016.01.15-04.38.58:906][654]LogContentBrowser:Verbose: The content browser source was changed by the sources view to '/Game/Animaciones/Atlas'
[2016.01.15-04.39.00:826][758]LogContentBrowser:Verbose: The content browser source was changed by the sources view to '/Game/Animaciones/Atlas/Correr'
[2016.01.15-04.39.04:412][978]LogContentBrowser:Verbose: The content browser source was changed by the sources view to '/Game/Animaciones/Atlas'
[2016.01.15-04.40.50:829][ 94]BlueprintLog: New page: Volver a compilar automáticamente la reproducción en el editor (PIE) anterior
[2016.01.15-04.40.50:829][ 94]LogPlayLevel: [PIE] Compiling Tutorial_BP_MacroLib before PIE...
[2016.01.15-04.40.50:913][ 94]LogPlayLevel: PIE:  Blueprint regeneration took 84 ms (1 blueprints)
[2016.01.15-04.40.50:914][ 94]PIE: New page: Sesión PIE (reproducción en el editor): Nivel_1 (14/1/2016 18:40:50)
[2016.01.15-04.40.50:917][ 94]LogPlayLevel: PIE: StaticDuplicateObject took: (0.003316s)
[2016.01.15-04.40.50:918][ 94]LogPlayLevel: PIE: World Init took: (0.000991s)
[2016.01.15-04.40.50:918][ 94]LogPlayLevel: PIE: Created PIE world by copying editor world from /Game/Niveles/Nivel_1.Nivel_1 to /Game/Niveles/UEDPIE_0_Nivel_1.Nivel_1 (0.004544s)
[2016.01.15-04.40.50:954][ 94]LogWorld: Game class is '2D_C'
[2016.01.15-04.40.50:955][ 94]LogAIModule: Creating AISystem for world Nivel_1
[2016.01.15-04.40.50:956][ 94]LogWorld: Bringing World /Game/Niveles/UEDPIE_0_Nivel_1.Nivel_1 up for play (max tick rate 0) at 2016.01.14-23.40.50
[2016.01.15-04.40.50:956][ 94]LogWorld: Bringing up level for play took: 0.001022
[2016.01.15-04.40.50:958][ 94]PIE: Info Tiempo de inicio de la reproducción en el editor para  /Game/Niveles/UEDPIE_0_Nivel_1 -0,214
[2016.01.15-04.40.58:472][311]LogTemp: MouseLeave
[2016.01.15-04.40.59:185][328]LogTemp: MouseLeave
[2016.01.15-04.41.00:736][372]LogParticles: Destroying 0 GPU particle simulations for FXSystem 0x0000007DD894DB20
[2016.01.15-04.41.15:479][116]LogPlayLevel: PIE:  No blueprints needed recompiling
[2016.01.15-04.41.15:479][116]PIE: New page: Sesión PIE (reproducción en el editor): Nivel_1 (14/1/2016 18:41:15)
[2016.01.15-04.41.15:484][116]LogPlayLevel: PIE: StaticDuplicateObject took: (0.004091s)
[2016.01.15-04.41.15:485][116]LogPlayLevel: PIE: World Init took: (0.000909s)
[2016.01.15-04.41.15:485][116]LogPlayLevel: PIE: Created PIE world by copying editor world from /Game/Niveles/Nivel_1.Nivel_1 to /Game/Niveles/UEDPIE_0_Nivel_1.Nivel_1 (0.005260s)
[2016.01.15-04.41.15:520][116]LogWorld: Game class is '2D_C'
[2016.01.15-04.41.15:521][116]LogAIModule: Creating AISystem for world Nivel_1
[2016.01.15-04.41.15:522][116]LogWorld: Bringing World /Game/Niveles/UEDPIE_0_Nivel_1.Nivel_1 up for play (max tick rate 0) at 2016.01.14-23.41.15
[2016.01.15-04.41.15:522][116]LogWorld: Bringing up level for play took: 0.001073
[2016.01.15-04.41.15:525][116]PIE: Info Tiempo de inicio de la reproducción en el editor para  /Game/Niveles/UEDPIE_0_Nivel_1 0,352
[2016.01.15-04.41.33:659][667]LogTemp: MouseLeave
[2016.01.15-04.41.34:869][700]LogTemp: MouseLeave
[2016.01.15-04.41.38:957][882]LogParticles: Destroying 0 GPU particle simulations for FXSystem 0x0000007DD228F560
[2016.01.15-04.41.45:144][206]Cmd: DELETE
[2016.01.15-04.41.45:144][206]Cmd: ACTOR DELETE
[2016.01.15-04.41.45:240][206]LogEditorActor: Deleted Actor: PaperSpriteActor
[2016.01.15-04.41.45:262][206]LogEditorActor: Deleted 1 Actors (0.035 secs)
[2016.01.15-04.41.56:559][815]Cmd: OBJ SAVEPACKAGE PACKAGE="/Game/Niveles/Nivel_1" FILE="../../../../../../Users/user/Documents/GitHub/PoliHeath/Proyecto/Content/Niveles/Nivel_1.umap" SILENT=true AUTOSAVING=false KEEPDIRTY=false
[2016.01.15-04.41.56:634][815]LogSavePackage: Save=26.430836ms
[2016.01.15-04.41.56:634][815]LogSavePackage: Moving '../../../../../../Users/user/Documents/GitHub/PoliHeath/Proyecto/Saved/Nivel_183D598C941DDBCD0BF70C0AD6F01037A.tmp' to '../../../../../../Users/user/Documents/GitHub/PoliHeath/Proyecto/Content/Niveles/Nivel_1.umap'
[2016.01.15-04.42.07:417][925]Cmd: QUIT_EDITOR
[2016.01.15-04.42.07:924][925]LogExit: Preparing to exit.
[2016.01.15-04.42.09:087][925]LogExit: Editor shut down
[2016.01.15-04.42.09:088][925]LogExit: Transaction tracking system shut down
[2016.01.15-04.42.09:089][925]LogParticles: Destroying 0 GPU particle simulations for FXSystem 0x0000007DC23DE5C0
[2016.01.15-04.42.09:091][925]LogParticles: Destroying 0 GPU particle simulations for FXSystem 0x0000007DC2F9C720
[2016.01.15-04.42.09:464][925]LogParticles: Destroying 0 GPU particle simulations for FXSystem 0x0000007DC2EDCF40
[2016.01.15-04.42.09:464][925]LogExit: Object subsystem successfully closed.
[2016.01.15-04.42.09:656][925]LogModuleManager: Shutting down and abandoning module TextureEditor (167)
[2016.01.15-04.42.09:668][925]LogModuleManager: Shutting down and abandoning module AndroidDeviceDetection (166)
[2016.01.15-04.42.09:669][925]LogModuleManager: Shutting down and abandoning module CrashTracker (165)
[2016.01.15-04.42.09:669][925]LogModuleManager: Shutting down and abandoning module SuperSearch (164)
[2016.01.15-04.42.09:669][925]LogModuleManager: Shutting down and abandoning module SceneOutliner (163)
[2016.01.15-04.42.09:669][925]LogModuleManager: Shutting down and abandoning module EditorWidgets (162)
[2016.01.15-04.42.09:669][925]LogModuleManager: Shutting down and abandoning module CollectionManager (161)
[2016.01.15-04.42.09:676][925]LogModuleManager: Shutting down and abandoning module StatsViewer (160)
[2016.01.15-04.42.09:698][925]LogModuleManager: Shutting down and abandoning module FoliageEdit (159)
[2016.01.15-04.42.09:698][925]LogModuleManager: Shutting down and abandoning module LandscapeEditor (158)
[2016.01.15-04.42.09:716][925]LogModuleManager: Shutting down and abandoning module MeshPaint (157)
[2016.01.15-04.42.09:716][925]LogModuleManager: Shutting down and abandoning module ActorPickerMode (156)
[2016.01.15-04.42.09:716][925]LogModuleManager: Shutting down and abandoning module GeometryMode (155)
[2016.01.15-04.42.09:716][925]LogModuleManager: Shutting down and abandoning module TextureAlignMode (154)
[2016.01.15-04.42.09:716][925]LogModuleManager: Shutting down and abandoning module BspMode (153)
[2016.01.15-04.42.09:716][925]LogModuleManager: Shutting down and abandoning module PlacementMode (152)
[2016.01.15-04.42.09:716][925]LogModuleManager: Shutting down and abandoning module AutomationWorker (151)
[2016.01.15-04.42.09:716][925]LogModuleManager: Shutting down and abandoning module CharacterAI (150)
[2016.01.15-04.42.09:716][925]LogModuleManager: Shutting down and abandoning module GameProjectGeneration (149)
[2016.01.15-04.42.09:740][925]LogModuleManager: Shutting down and abandoning module IntroTutorials (148)
[2016.01.15-04.42.09:778][925]LogModuleManager: Shutting down and abandoning module EditorLiveStreaming (147)
[2016.01.15-04.42.09:778][925]LogModuleManager: Shutting down and abandoning module HardwareTargeting (146)
[2016.01.15-04.42.09:778][925]LogModuleManager: Shutting down and abandoning module BehaviorTreeEditor (145)
[2016.01.15-04.42.09:814][925]LogModuleManager: Shutting down and abandoning module DeviceProfileEditor (144)
[2016.01.15-04.42.09:815][925]LogModuleManager: Shutting down and abandoning module UndoHistory (143)
[2016.01.15-04.42.09:815][925]LogModuleManager: Shutting down and abandoning module GameplayTagsEditor (142)
[2016.01.15-04.42.09:825][925]LogModuleManager: Shutting down and abandoning module UserFeedback (141)
[2016.01.15-04.42.09:825][925]LogModuleManager: Shutting down and abandoning module XmlParser (140)
[2016.01.15-04.42.09:825][925]LogModuleManager: Shutting down and abandoning module Blutility (139)
[2016.01.15-04.42.09:825][925]LogModuleManager: Shutting down and abandoning module IOSPlatformEditor (138)
[2016.01.15-04.42.09:826][925]LogModuleManager: Shutting down and abandoning module IOSRuntimeSettings (137)
[2016.01.15-04.42.09:826][925]LogModuleManager: Shutting down and abandoning module AndroidPlatformEditor (136)
[2016.01.15-04.42.09:826][925]LogModuleManager: Shutting down and abandoning module AndroidRuntimeSettings (135)
[2016.01.15-04.42.09:826][925]LogModuleManager: Shutting down and abandoning module ProjectTargetPlatformEditor (134)
[2016.01.15-04.42.09:826][925]LogModuleManager: Shutting down and abandoning module ProjectSettingsViewer (133)
[2016.01.15-04.42.09:826][925]LogModuleManager: Shutting down and abandoning module InputBindingEditor (132)
[2016.01.15-04.42.09:826][925]LogModuleManager: Shutting down and abandoning module EditorSettingsViewer (131)
[2016.01.15-04.42.09:826][925]LogModuleManager: Shutting down and abandoning module SettingsEditor (130)
[2016.01.15-04.42.09:826][925]LogModuleManager: Shutting down and abandoning module ProjectLauncher (129)
[2016.01.15-04.42.09:826][925]LogModuleManager: Shutting down and abandoning module SessionFrontend (128)
[2016.01.15-04.42.09:826][925]LogModuleManager: Shutting down and abandoning module ProfilerClient (127)
[2016.01.15-04.42.09:833][925]LogModuleManager: Shutting down and abandoning module TargetDeviceServices (126)
[2016.01.15-04.42.09:833][925]LogModuleManager: Shutting down and abandoning module DeviceManager (125)
[2016.01.15-04.42.09:834][925]LogModuleManager: Shutting down and abandoning module AutomationController (124)
[2016.01.15-04.42.09:834][925]LogModuleManager: Shutting down and abandoning module AutomationWindow (123)
[2016.01.15-04.42.09:843][925]LogModuleManager: Shutting down and abandoning module Layers (122)
[2016.01.15-04.42.09:854][925]LogModuleManager: Shutting down and abandoning module ComponentVisualizers (121)
[2016.01.15-04.42.09:854][925]LogModuleManager: Shutting down and abandoning module DetailCustomizations (120)
[2016.01.15-04.42.09:869][925]LogModuleManager: Shutting down and abandoning module PackagesDialog (119)
[2016.01.15-04.42.09:869][925]LogModuleManager: Shutting down and abandoning module AssetRegistry (118)
[2016.01.15-04.42.09:973][925]LogModuleManager: Shutting down and abandoning module Persona (117)
[2016.01.15-04.42.10:015][925]LogModuleManager: Shutting down and abandoning module Kismet (116)
[2016.01.15-04.42.10:032][925]LogModuleManager: Shutting down and abandoning module GraphEditor (115)
[2016.01.15-04.42.10:032][925]LogModuleManager: Shutting down and abandoning module ClassViewer (114)
[2016.01.15-04.42.10:032][925]LogModuleManager: Shutting down and abandoning module Toolbox (113)
[2016.01.15-04.42.10:032][925]LogModuleManager: Shutting down and abandoning module ModuleUI (112)
[2016.01.15-04.42.10:048][925]LogModuleManager: Shutting down and abandoning module MovieSceneTools (111)
[2016.01.15-04.42.10:081][925]LogModuleManager: Shutting down and abandoning module OutputLog (110)
[2016.01.15-04.42.10:081][925]LogModuleManager: Shutting down and abandoning module GammaUI (109)
[2016.01.15-04.42.10:092][925]LogModuleManager: Shutting down and abandoning module Documentation (108)
[2016.01.15-04.42.10:092][925]LogModuleManager: Shutting down and abandoning module GameLiveStreaming (107)
[2016.01.15-04.42.10:092][925]LogModuleManager: Shutting down and abandoning module StreamingPauseRendering (106)
[2016.01.15-04.42.10:092][925]LogModuleManager: Shutting down and abandoning module HTTP (105)
[2016.01.15-04.42.10:092][925]LogModuleManager: Shutting down and abandoning module AnalyticsET (104)
[2016.01.15-04.42.10:092][925]LogModuleManager: Shutting down and abandoning module Analytics (103)
[2016.01.15-04.42.10:092][925]LogModuleManager: Shutting down and abandoning module GameplayDebugger (102)
[2016.01.15-04.42.10:092][925]LogModuleManager: Shutting down and abandoning module AIModule (101)
[2016.01.15-04.42.10:111][925]LogModuleManager: Shutting down and abandoning module ProfilerService (100)
[2016.01.15-04.42.10:244][925]LogModuleManager: Shutting down and abandoning module TaskGraph (99)
[2016.01.15-04.42.10:261][925]LogModuleManager: Shutting down and abandoning module SlateRemote (98)
[2016.01.15-04.42.10:261][925]LogModuleManager: Shutting down and abandoning module ScriptEditorPlugin (97)
[2016.01.15-04.42.10:261][925]LogModuleManager: Shutting down and abandoning module CustomMeshComponent (96)
[2016.01.15-04.42.10:261][925]LogModuleManager: Shutting down and abandoning module CableComponent (95)
[2016.01.15-04.42.10:261][925]LogModuleManager: Shutting down and abandoning module MessagingDebugger (94)
[2016.01.15-04.42.10:311][925]LogModuleManager: Shutting down and abandoning module MediaPlayerEditor (93)
[2016.01.15-04.42.10:325][925]LogModuleManager: Shutting down and abandoning module SpeedTreeImporter (92)
[2016.01.15-04.42.10:325][925]LogModuleManager: Shutting down and abandoning module PluginsEditor (91)
[2016.01.15-04.42.10:325][925]LogModuleManager: Shutting down and abandoning module EpicSurvey (90)
[2016.01.15-04.42.10:325][925]LogModuleManager: Shutting down and abandoning module DesktopPlatform (89)
[2016.01.15-04.42.10:339][925]LogModuleManager: Shutting down and abandoning module VisualStudioSourceCodeAccess (88)
[2016.01.15-04.42.10:339][925]LogModuleManager: Shutting down and abandoning module UObjectPlugin (87)
[2016.01.15-04.42.10:339][925]LogModuleManager: Shutting down and abandoning module SubversionSourceControl (86)
[2016.01.15-04.42.10:339][925]LogModuleManager: Shutting down and abandoning module SourceControl (85)
[2016.01.15-04.42.10:339][925]LogModuleManager: Shutting down and abandoning module PerforceSourceControl (84)
[2016.01.15-04.42.10:356][925]LogModuleManager: Shutting down and abandoning module BlankPlugin (83)
[2016.01.15-04.42.10:356][925]LogModuleManager: Shutting down and abandoning module SlateReflector (82)
[2016.01.15-04.42.10:356][925]LogModuleManager: Shutting down and abandoning module DirectoryWatcher (81)
[2016.01.15-04.42.10:357][925]LogModuleManager: Shutting down and abandoning module HotReload (80)
[2016.01.15-04.42.10:357][925]LogModuleManager: Shutting down and abandoning module MainFrame (79)
[2016.01.15-04.42.10:357][925]LogModuleManager: Shutting down and abandoning module LevelEditor (78)
[2016.01.15-04.42.10:358][925]LogModuleManager: Shutting down and abandoning module ViewportSnapping (77)
[2016.01.15-04.42.10:358][925]LogModuleManager: Shutting down and abandoning module SmartSnapping (76)
[2016.01.15-04.42.10:358][925]LogModuleManager: Shutting down and abandoning module PaperTiledImporter (75)
[2016.01.15-04.42.10:358][925]LogModuleManager: Shutting down and abandoning module PaperJsonImporter (74)
[2016.01.15-04.42.10:358][925]LogModuleManager: Shutting down and abandoning module ContentBrowser (73)
[2016.01.15-04.42.10:358][925]LogModuleManager: Shutting down and abandoning module PropertyEditor (72)
[2016.01.15-04.42.10:358][925]LogModuleManager: Shutting down and abandoning module Paper2DEditor (71)
[2016.01.15-04.42.10:358][925]LogModuleManager: Shutting down and abandoning module ScriptPlugin (70)
[2016.01.15-04.42.10:367][925]LogModuleManager: Shutting down and abandoning module UdpMessaging (69)
[2016.01.15-04.42.10:474][925]LogModuleManager: Shutting down and abandoning module Paper2D (68)
[2016.01.15-04.42.10:474][925]LogModuleManager: Shutting down and abandoning module WindowsMoviePlayer (67)
[2016.01.15-04.42.10:488][925]LogModuleManager: Shutting down and abandoning module Media (66)
[2016.01.15-04.42.10:488][925]LogModuleManager: Shutting down and abandoning module WmfMedia (65)
[2016.01.15-04.42.10:488][925]LogModuleManager: Shutting down and abandoning module OnlineBlueprintSupport (64)
[2016.01.15-04.42.10:488][925]LogModuleManager: Shutting down and abandoning module FunctionalTesting (63)
[2016.01.15-04.42.10:488][925]LogModuleManager: Shutting down and abandoning module CollisionAnalyzer (62)
[2016.01.15-04.42.10:514][925]LogModuleManager: Shutting down and abandoning module WorkspaceMenuStructure (61)
[2016.01.15-04.42.10:514][925]LogModuleManager: Shutting down and abandoning module MessageLog (60)
[2016.01.15-04.42.10:515][925]LogModuleManager: Shutting down and abandoning module Sequencer (59)
[2016.01.15-04.42.10:537][925]LogModuleManager: Shutting down and abandoning module AssetTools (58)
[2016.01.15-04.42.10:537][925]LogModuleManager: Shutting down and abandoning module UMGEditor (57)
[2016.01.15-04.42.10:553][925]LogModuleManager: Shutting down and abandoning module UMG (56)
[2016.01.15-04.42.10:567][925]LogModuleManager: Shutting down and abandoning module Slate (55)
[2016.01.15-04.42.10:567][925]LogModuleManager: Shutting down and abandoning module EditorStyle (54)
[2016.01.15-04.42.10:570][925]LogModuleManager: Shutting down and abandoning module SessionServices (53)
[2016.01.15-04.42.10:570][925]LogModuleManager: Shutting down and abandoning module SourceCodeAccess (52)
[2016.01.15-04.42.10:570][925]LogModuleManager: Shutting down and abandoning module HeadMountedDisplay (51)
[2016.01.15-04.42.10:570][925]LogModuleManager: Shutting down and abandoning module XAudio2 (50)
[2016.01.15-04.42.10:570][925]LogModuleManager: Shutting down and abandoning module Networking (48)
[2016.01.15-04.42.10:570][925]LogModuleManager: Shutting down and abandoning module Core (47)
[2016.01.15-04.42.10:570][925]LogModuleManager: Shutting down and abandoning module KismetCompiler (46)
[2016.01.15-04.42.10:570][925]LogModuleManager: Shutting down and abandoning module PhysXFormats (45)
[2016.01.15-04.42.10:570][925]LogModuleManager: Shutting down and abandoning module MeshUtilities (44)
[2016.01.15-04.42.10:576][925]LogModuleManager: Shutting down and abandoning module DerivedDataCache (43)
[2016.01.15-04.42.10:582][925]LogDerivedDataCache: Shutdown
[2016.01.15-04.42.10:582][925]LogModuleManager: Shutting down and abandoning module ShaderFormatOpenGL (42)
[2016.01.15-04.42.10:598][925]LogModuleManager: Shutting down and abandoning module ShaderFormatD3D (41)
[2016.01.15-04.42.10:598][925]LogModuleManager: Shutting down and abandoning module MetalShaderFormat (40)
[2016.01.15-04.42.10:613][925]LogModuleManager: Shutting down and abandoning module TextureFormatUncompressed (39)
[2016.01.15-04.42.10:613][925]LogModuleManager: Shutting down and abandoning module TextureFormatPVR (38)
[2016.01.15-04.42.10:613][925]LogModuleManager: Shutting down and abandoning module TextureFormatDXT (37)
[2016.01.15-04.42.10:613][925]LogModuleManager: Shutting down and abandoning module TextureFormatAndroid (36)
[2016.01.15-04.42.10:613][925]LogModuleManager: Shutting down and abandoning module AudioFormatOpus (35)
[2016.01.15-04.42.10:613][925]LogModuleManager: Shutting down and abandoning module AudioFormatOgg (34)
[2016.01.15-04.42.10:613][925]LogModuleManager: Shutting down and abandoning module AudioFormatADPCM (33)
[2016.01.15-04.42.10:613][925]LogModuleManager: Shutting down and abandoning module Messaging (32)
[2016.01.15-04.42.10:613][925]LogModuleManager: Shutting down and abandoning module IOSTargetPlatform (31)
[2016.01.15-04.42.10:613][925]LogModuleManager: Shutting down and abandoning module Android_PVRTCTargetPlatform (30)
[2016.01.15-04.42.10:613][925]LogModuleManager: Shutting down and abandoning module Android_ETC2TargetPlatform (29)
[2016.01.15-04.42.10:613][925]LogModuleManager: Shutting down and abandoning module Android_ETC1TargetPlatform (28)
[2016.01.15-04.42.10:613][925]LogModuleManager: Shutting down and abandoning module Android_DXTTargetPlatform (27)
[2016.01.15-04.42.10:613][925]LogModuleManager: Shutting down and abandoning module Android_ATCTargetPlatform (26)
[2016.01.15-04.42.10:613][925]LogModuleManager: Shutting down and abandoning module AndroidTargetPlatform (25)
[2016.01.15-04.42.10:613][925]LogModuleManager: Shutting down and abandoning module WindowsTargetPlatform (24)
[2016.01.15-04.42.10:613][925]LogModuleManager: Shutting down and abandoning module WindowsServerTargetPlatform (23)
[2016.01.15-04.42.10:613][925]LogModuleManager: Shutting down and abandoning module WindowsNoEditorTargetPlatform (22)
[2016.01.15-04.42.10:613][925]LogModuleManager: Shutting down and abandoning module WindowsClientTargetPlatform (21)
[2016.01.15-04.42.10:613][925]LogModuleManager: Shutting down and abandoning module TargetPlatform (20)
[2016.01.15-04.42.10:613][925]LogModuleManager: Shutting down and abandoning module InputCore (19)
[2016.01.15-04.42.10:613][925]LogModuleManager: Shutting down and abandoning module Settings (18)
[2016.01.15-04.42.10:613][925]LogModuleManager: Shutting down and abandoning module ImageWrapper (17)
[2016.01.15-04.42.10:613][925]LogModuleManager: Shutting down and abandoning module OculusRift (14)
[2016.01.15-04.42.10:631][925]LogModuleManager: Shutting down and abandoning module ExampleDeviceProfileSelector (13)
[2016.01.15-04.42.10:631][925]LogModuleManager: Shutting down and abandoning module TextureCompressor (12)
[2016.01.15-04.42.10:631][925]LogModuleManager: Shutting down and abandoning module ShaderCore (11)
[2016.01.15-04.42.10:631][925]LogModuleManager: Shutting down and abandoning module SlateRHIRenderer (10)
[2016.01.15-04.42.10:634][925]LogModuleManager: Shutting down and abandoning module OpenGLDrv (9)
[2016.01.15-04.42.10:634][925]LogModuleManager: Shutting down and abandoning module D3D11RHI (8)
[2016.01.15-04.42.10:634][925]LogModuleManager: Shutting down and abandoning module Renderer (7)
[2016.01.15-04.42.10:634][925]LogModuleManager: Shutting down and abandoning module Engine (6)
[2016.01.15-04.42.10:634][925]LogModuleManager: Shutting down and abandoning module CoreUObject (5)
[2016.01.15-04.42.10:634][925]LogModuleManager: Shutting down and abandoning module NetworkFile (4)
[2016.01.15-04.42.10:651][925]LogModuleManager: Shutting down and abandoning module StreamingFile (3)
[2016.01.15-04.42.10:651][925]LogModuleManager: Shutting down and abandoning module SandboxFile (2)
[2016.01.15-04.42.10:669][925]LogModuleManager: Shutting down and abandoning module PakFile (1)
[2016.01.15-04.42.10:679][925]LogExit: Exiting.
[2016.01.15-04.42.10:711][925]Log file closed, 01/14/16 23:42:10
