Log file open, 01/24/16 10:30:47
LogInit:Display: Running engine for game: Proyecto
LogInit: Version: 4.5.1-2336687+++depot+UE4-Releases+4.5
LogInit: API Version: 2326478
LogInit: Compiled (64-bit): Oct 21 2014 22:32:40
LogInit: Compiled with Visual C++: 18.00.21005.01
LogInit: Build Configuration: Development
LogInit: Branch Name: ++depot+UE4-Releases+4.5
LogInit: Command line:  
LogInit: Base directory: C:/Program Files (x86)/Epic Games/4.5/Engine/Binaries/Win64/
LogInit: Rocket: 1
[2016.01.24-15.30.47:419][  0]LogTaskGraph: Started task graph with 3 named threads and 6 total threads.
[2016.01.24-15.30.47:484][  0]LogOnline:Warning: No default platform service specified for OnlineSubsystem
[2016.01.24-15.30.47:532][  0]LogInit: Presizing for 0 objects not considered by GC, pre-allocating 0 bytes.
[2016.01.24-15.30.47:555][  0]LogInit: Object subsystem initialized
[2016.01.24-15.30.47:563][  0]LogConsoleResponse:Warning: Skipping Unknown console variable: 'UIScaleRule = ShortestSide'
[2016.01.24-15.30.47:563][  0]LogConsoleResponse:Warning:   Found in ini file 'C:/Users/Jimmy/git/PoliHeath/Proyecto/Saved/Config/Windows/Engine.ini', in section '[/Script/Engine.RendererSettings]'
[2016.01.24-15.30.47:563][  0]LogConsoleResponse:Warning: Skipping Unknown console variable: 'UIScaleCurve = (EditorCurveData=(Keys=((Time=480.000000,Value=0.444000),(Time=720.000000,Value=0.666000),(Time=1080.000000,Value=1.000000),(Time=8640.000000,Value=8.000000))),ExternalCurve=None)'
[2016.01.24-15.30.47:563][  0]LogConsoleResponse:Warning:   Found in ini file 'C:/Users/Jimmy/git/PoliHeath/Proyecto/Saved/Config/Windows/Engine.ini', in section '[/Script/Engine.RendererSettings]'
[2016.01.24-15.30.47:564][  0]LogInit: Selected Device Profile: [Windows]
[2016.01.24-15.30.47:564][  0]LogInit: Applying CVar settings loaded from the selected device profile: [Windows]
[2016.01.24-15.30.47:584][  0]LogInit: Computer: JIMMY-PC
[2016.01.24-15.30.47:584][  0]LogInit: User: Jimmy
[2016.01.24-15.30.47:587][  0]LogInit: CPU Page size=4096, Cores=6
[2016.01.24-15.30.47:587][  0]LogInit: High frequency timer resolution =2.746528 MHz
[2016.01.24-15.30.47:587][  0]LogMemory: Memory total: Physical=4.0GB (4GB approx) Virtual=131072.0GB
[2016.01.24-15.30.47:587][  0]LogMemory: Platform Memory Stats for Windows
[2016.01.24-15.30.47:587][  0]LogMemory: Process Physical Memory: 59.66 MB used, 59.79 MB peak
[2016.01.24-15.30.47:587][  0]LogMemory: Process Virtual Memory: 35.36 MB used, 38.66 MB peak
[2016.01.24-15.30.47:587][  0]LogMemory: Physical Memory: 2314.93 MB used, 4092.53 MB total
[2016.01.24-15.30.47:587][  0]LogMemory: Virtual Memory: 279.66 MB used, 134217728.00 MB total
[2016.01.24-15.30.47:660][  0]LogD3D11RHI: Found D3D11 adapter 0: NVIDIA GeForce GTX 650 (Feature Level 11_0)
[2016.01.24-15.30.47:660][  0]LogD3D11RHI: Adapter has 1986MB of dedicated video memory, 0MB of dedicated system memory, and 2046MB of shared system memory, 1 output[s]
[2016.01.24-15.30.47:663][  0]LogD3D11RHI: Found D3D11 adapter 1: Microsoft Basic Render Driver (Feature Level 11_0)
[2016.01.24-15.30.47:663][  0]LogD3D11RHI: Adapter has 0MB of dedicated video memory, 0MB of dedicated system memory, and 256MB of shared system memory, 0 output[s]
[2016.01.24-15.30.47:663][  0]LogD3D11RHI: Chosen D3D11 Adapter Id = 0
[2016.01.24-15.30.47:675][  0]LogRHI: Texture pool is 1361 MB (70% of 1945 MB)
[2016.01.24-15.30.47:703][  0]LogD3D11RHI: Async texture creation enabled
[2016.01.24-15.30.47:807][  0]LogTextLocalizationManager: The requested culture ('en_US') has no localization data; parent culture's ('en') localization data will be used.
[2016.01.24-15.30.48:135][  0]LogContentStreaming: Texture pool size is 0.000000MB
[2016.01.24-15.31.00:325][  0]LogTargetPlatformManager:Display: Building Assets For Windows
[2016.01.24-15.31.01:703][  0]LogTargetPlatformManager:Display: Building Assets For Windows
[2016.01.24-15.31.01:885][  0]LogDerivedDataCache:Display: Max Cache Size: 512 MB
[2016.01.24-15.31.02:715][  0]LogDerivedDataCache: Loaded boot cache 0.82s 51MB C:/Users/Jimmy/AppData/Local/UnrealEngine/4.5/DerivedDataCache/Boot.ddc.
[2016.01.24-15.31.02:715][  0]LogDerivedDataCache:Display: Loaded Boot cache: C:/Users/Jimmy/AppData/Local/UnrealEngine/4.5/DerivedDataCache/Boot.ddc
[2016.01.24-15.31.02:715][  0]LogDerivedDataCache: FDerivedDataBackendGraph:  Pak pak cache file ../../../../../../Users/Jimmy/git/PoliHeath/Proyecto/DerivedDataCache/DDC.ddp not found, will not use a pak cache.
[2016.01.24-15.31.02:715][  0]LogDerivedDataCache: Unable to find inner node Pak for hierarchical cache Hierarchy.
[2016.01.24-15.31.02:937][  0]LogDerivedDataCache:Display: Pak cache opened for reading ../../../Engine/DerivedDataCache/DDC.ddp.
[2016.01.24-15.31.02:952][  0]LogDerivedDataCache: Using Local data cache path C:/Users/Jimmy/AppData/Local/UnrealEngine/Common/DerivedDataCache: Writable
[2016.01.24-15.31.08:242][  0]LogMeshUtilities: No automatic mesh reduction module available
[2016.01.24-15.31.08:242][  0]LogMeshUtilities: No automatic mesh merging module available
[2016.01.24-15.31.10:376][  0]LogLinker:Warning: Asset '../../../Engine/Content/Functions/Engine_MaterialFunctions02/Texturing/FlipBook.uasset' has been saved with empty engine version. The asset will be loaded but may be incompatible.
[2016.01.24-15.31.10:428][  0]LogLinker:Warning: Asset '../../../Engine/Content/Functions/Engine_MaterialFunctions02/ExampleContent/Textures/flipbook.uasset' has been saved with empty engine version. The asset will be loaded but may be incompatible.
[2016.01.24-15.31.13:128][  0]LogInit: WinSock: version 1.1 (2.2), MaxSocks=32767, MaxUdp=65467
[2016.01.24-15.31.37:702][  0]UdpMessaging: Initializing bridge on interface 0.0.0.0:0 to multicast group 230.0.0.1:6666.
[2016.01.24-15.31.38:869][  0]LogDirectoryWatcher:Warning: Failed to begin reading directory changes for C:/Users/Jimmy/git/PoliHeath/Proyecto/Binaries/Win64. Error: 0
[2016.01.24-15.31.40:253][  0]SourceControl: Info Source control is disabled
[2016.01.24-15.31.40:266][  0]SourceControl: Info Source control is disabled
[2016.01.24-15.31.40:283][  0]SourceControl: Info Source control is disabled
[2016.01.24-15.31.41:466][  0]LogObj: 22915 objects as part of root set at end of initial load.
[2016.01.24-15.31.41:466][  0]LogUObjectAllocator: 4803536 out of 0 bytes used by permanent object pool.
[2016.01.24-15.31.43:589][  0]LogAutomationTest:Warning: Smoke tests took > 1s to run: 1.48s
[2016.01.24-15.31.43:668][  0]LogEngine: Initializing Engine...
[2016.01.24-15.31.44:688][  0]LogInit: XAudio2 using 'Speakers (Realtek High Definition Audio)' : 2 channels at 48 kHz using 32 bits per sample (channel mask 0x3)
[2016.01.24-15.31.44:905][  0]LogInit: FAudioDevice initialized.
[2016.01.24-15.31.45:601][  0]LogAIModule: Creating AISystem for world NewWorld
[2016.01.24-15.31.45:797][  0]LogDerivedDataCache: Saved boot cache 0.13s 51MB C:/Users/Jimmy/AppData/Local/UnrealEngine/4.5/DerivedDataCache/Boot.ddc.
[2016.01.24-15.31.45:816][  0]LogInit: Texture streaming: Enabled
[2016.01.24-15.31.47:662][  0]LogInit: Transaction tracking system initialized
[2016.01.24-15.31.49:396][  0]BlueprintLog: New page: Editor Load
[2016.01.24-15.31.49:579][  0]LogAssetRegistry: FAssetRegistry took 0.0124 seconds to start up
[2016.01.24-15.31.49:581][  0]LogDirectoryWatcher:Warning: Failed to begin reading directory changes for ../../../Engine/Plugins/Experimental/CharacterAI/Content/. Error: 0
[2016.01.24-15.31.51:958][  0]LogTargetPlatformManager:Display: Building Assets For Windows
[2016.01.24-15.31.52:777][  0]LogTargetPlatformManager:Display: Building Assets For Windows
[2016.01.24-15.31.54:088][  0]LogConsoleResponse:Display: 
[2016.01.24-15.31.56:918][  0]SourceControl: Info Source control is disabled
[2016.01.24-15.31.56:938][  0]Cmd: MAP LOAD FILE="../../../../../../Users/Jimmy/git/PoliHeath/Proyecto/Content/Niveles/Nivel_1.umap" TEMPLATE=0 SHOWPROGRESS=1
[2016.01.24-15.31.56:963][  0]LightingResults: New page: Lighting Build
[2016.01.24-15.31.57:047][  0]MapCheck: New page: Map Check
[2016.01.24-15.31.57:047][  0]LightingResults: New page: Lighting Build
[2016.01.24-15.31.57:065][  0]LogParticles: Destroying 0 GPU particle simulations for FXSystem 0x000000894A9A19E0
[2016.01.24-15.31.58:901][  0]LogEditorServer: Finished looking for orphan Actors (0.000 secs)
[2016.01.24-15.31.58:955][  0]LogAIModule: Creating AISystem for world Nivel_1
[2016.01.24-15.31.59:011][  0]Cmd: MAP CHECKDEP
[2016.01.24-15.31.59:038][  0]MapCheck: New page: Nivel_1 - Jan 24, 2016, 5:31:59 AM
[2016.01.24-15.31.59:379][  0]MapCheck: Info Map check complete: 0 Error(s), 0 Warning(s), took 367.026ms to complete.
[2016.01.24-15.31.59:379][  0]LogFileHelpers: Loading map 'Nivel_1' took 2.454
[2016.01.24-15.32.00:030][  0]LogCollectionManager: Loaded 0 collections in 0.002525 seconds
[2016.01.24-15.32.01:235][  0]LogCrashTracker: Crashtracker disabled due to settings.
[2016.01.24-15.32.01:401][  0]LogUObjectGlobals:Warning: Failed to find object 'Class None.'
[2016.01.24-15.32.01:489][  0]LogLoad: Full Startup: 78.32 seconds (BP compile: 0.64 seconds)
[2016.01.24-15.32.01:838][  0]LogContentBrowser:Verbose: The content browser source was changed by the sources view to '/Game/Niveles'
[2016.01.24-15.32.02:992][  0]LogRenderer:Warning: Reallocating scene render targets to support 1096x904.
[2016.01.24-15.32.04:961][  6]LogAssetRegistry: Asset discovery search completed in 15.3954 seconds
[2016.01.24-15.32.19:178][158]Cmd: MAP LOAD FILE="../../../../../../Users/Jimmy/git/PoliHeath/Proyecto/Content/Niveles/Nivel_1.umap" TEMPLATE=0 SHOWPROGRESS=1
[2016.01.24-15.32.19:178][158]LightingResults: New page: Lighting Build
[2016.01.24-15.32.19:250][158]LoadErrors: New page: Loading map: Nivel_1.umap
[2016.01.24-15.32.19:251][158]MapCheck: New page: Map Check
[2016.01.24-15.32.19:251][158]LightingResults: New page: Lighting Build
[2016.01.24-15.32.19:284][158]LogParticles: Destroying 0 GPU particle simulations for FXSystem 0x00000089411F79C0
[2016.01.24-15.32.19:405][158]LogEditorServer: Finished looking for orphan Actors (0.000 secs)
[2016.01.24-15.32.19:406][158]LogAIModule: Creating AISystem for world Nivel_1
[2016.01.24-15.32.19:465][158]Cmd: MAP CHECKDEP
[2016.01.24-15.32.19:465][158]MapCheck: New page: Nivel_1 - Jan 24, 2016, 5:32:19 AM
[2016.01.24-15.32.19:720][158]MapCheck: Info Map check complete: 0 Error(s), 0 Warning(s), took 254.503ms to complete.
[2016.01.24-15.32.19:720][158]LogFileHelpers: Loading map 'Nivel_1' took 0.545
[2016.01.24-15.32.40:272][385]LogEditorViewport: Clicking Background
[2016.01.24-15.32.52:805][112]LogEditorViewport: Clicking Background
[2016.01.24-15.32.54:506][205]LogEditorViewport: Clicking Background
[2016.01.24-15.32.55:190][247]LogEditorViewport: Clicking Background
[2016.01.24-15.32.55:838][287]LogEditorViewport: Clicking Background
[2016.01.24-15.33.04:234][815]LogEditorViewport: Clicking on Actor (LMB): PaperSpriteActor (zombie2_Sprite2)
[2016.01.24-15.33.10:521][112]Cmd: EDCALLBACK SURFPROPS
[2016.01.24-15.33.11:621][159]Cmd: EDCALLBACK SURFPROPS
[2016.01.24-15.33.12:945][234]LogEditorViewport: Clicking Background
[2016.01.24-15.33.15:993][409]LogEditorViewport: Clicking Background
[2016.01.24-15.33.18:265][554]LogEditorViewport: Clicking Background
[2016.01.24-15.33.19:451][634]LogEditorViewport: Clicking on Actor (LMB): DirectionalLight (DirectionalLight)
[2016.01.24-15.33.20:157][663]LogEditorViewport: Clicking Background
[2016.01.24-15.43.58:749][ 74]Cmd: CLOSE_SLATE_MAINFRAME
[2016.01.24-15.44.00:182][ 75]Cmd: QUIT_EDITOR
[2016.01.24-15.44.00:900][ 75]LogExit: Preparing to exit.
[2016.01.24-15.44.03:480][ 75]LogExit: Editor shut down
[2016.01.24-15.44.03:481][ 75]LogExit: Transaction tracking system shut down
[2016.01.24-15.44.03:482][ 75]LogParticles: Destroying 0 GPU particle simulations for FXSystem 0x000000893A3EA160
[2016.01.24-15.44.03:484][ 75]LogParticles: Destroying 0 GPU particle simulations for FXSystem 0x000000896138E160
[2016.01.24-15.44.03:531][ 75]LogExit: Object subsystem successfully closed.
[2016.01.24-15.44.04:896][ 75]LogModuleManager: Shutting down and abandoning module AndroidDeviceDetection (166)
[2016.01.24-15.44.05:213][ 75]LogModuleManager: Shutting down and abandoning module CrashTracker (165)
[2016.01.24-15.44.05:213][ 75]LogModuleManager: Shutting down and abandoning module SuperSearch (164)
[2016.01.24-15.44.05:213][ 75]LogModuleManager: Shutting down and abandoning module SceneOutliner (163)
[2016.01.24-15.44.05:213][ 75]LogModuleManager: Shutting down and abandoning module EditorWidgets (162)
[2016.01.24-15.44.05:213][ 75]LogModuleManager: Shutting down and abandoning module CollectionManager (161)
[2016.01.24-15.44.05:213][ 75]LogModuleManager: Shutting down and abandoning module StatsViewer (160)
[2016.01.24-15.44.05:213][ 75]LogModuleManager: Shutting down and abandoning module FoliageEdit (159)
[2016.01.24-15.44.05:213][ 75]LogModuleManager: Shutting down and abandoning module LandscapeEditor (158)
[2016.01.24-15.44.05:213][ 75]LogModuleManager: Shutting down and abandoning module MeshPaint (157)
[2016.01.24-15.44.05:213][ 75]LogModuleManager: Shutting down and abandoning module ActorPickerMode (156)
[2016.01.24-15.44.05:213][ 75]LogModuleManager: Shutting down and abandoning module GeometryMode (155)
[2016.01.24-15.44.05:213][ 75]LogModuleManager: Shutting down and abandoning module TextureAlignMode (154)
[2016.01.24-15.44.05:213][ 75]LogModuleManager: Shutting down and abandoning module BspMode (153)
[2016.01.24-15.44.05:214][ 75]LogModuleManager: Shutting down and abandoning module PlacementMode (152)
[2016.01.24-15.44.05:214][ 75]LogModuleManager: Shutting down and abandoning module AutomationWorker (151)
[2016.01.24-15.44.05:214][ 75]LogModuleManager: Shutting down and abandoning module CharacterAI (150)
[2016.01.24-15.44.05:214][ 75]LogModuleManager: Shutting down and abandoning module GameProjectGeneration (149)
[2016.01.24-15.44.05:214][ 75]LogModuleManager: Shutting down and abandoning module IntroTutorials (148)
[2016.01.24-15.44.05:214][ 75]LogModuleManager: Shutting down and abandoning module EditorLiveStreaming (147)
[2016.01.24-15.44.05:214][ 75]LogModuleManager: Shutting down and abandoning module HardwareTargeting (146)
[2016.01.24-15.44.05:214][ 75]LogModuleManager: Shutting down and abandoning module BehaviorTreeEditor (145)
[2016.01.24-15.44.05:214][ 75]LogModuleManager: Shutting down and abandoning module DeviceProfileEditor (144)
[2016.01.24-15.44.05:214][ 75]LogModuleManager: Shutting down and abandoning module UndoHistory (143)
[2016.01.24-15.44.05:214][ 75]LogModuleManager: Shutting down and abandoning module GameplayTagsEditor (142)
[2016.01.24-15.44.05:214][ 75]LogModuleManager: Shutting down and abandoning module UserFeedback (141)
[2016.01.24-15.44.05:214][ 75]LogModuleManager: Shutting down and abandoning module XmlParser (140)
[2016.01.24-15.44.05:214][ 75]LogModuleManager: Shutting down and abandoning module Blutility (139)
[2016.01.24-15.44.05:214][ 75]LogModuleManager: Shutting down and abandoning module IOSPlatformEditor (138)
[2016.01.24-15.44.05:214][ 75]LogModuleManager: Shutting down and abandoning module IOSRuntimeSettings (137)
[2016.01.24-15.44.05:214][ 75]LogModuleManager: Shutting down and abandoning module AndroidPlatformEditor (136)
[2016.01.24-15.44.05:214][ 75]LogModuleManager: Shutting down and abandoning module AndroidRuntimeSettings (135)
[2016.01.24-15.44.05:214][ 75]LogModuleManager: Shutting down and abandoning module ProjectTargetPlatformEditor (134)
[2016.01.24-15.44.05:214][ 75]LogModuleManager: Shutting down and abandoning module ProjectSettingsViewer (133)
[2016.01.24-15.44.05:215][ 75]LogModuleManager: Shutting down and abandoning module InputBindingEditor (132)
[2016.01.24-15.44.05:215][ 75]LogModuleManager: Shutting down and abandoning module EditorSettingsViewer (131)
[2016.01.24-15.44.05:215][ 75]LogModuleManager: Shutting down and abandoning module SettingsEditor (130)
[2016.01.24-15.44.05:215][ 75]LogModuleManager: Shutting down and abandoning module ProjectLauncher (129)
[2016.01.24-15.44.05:215][ 75]LogModuleManager: Shutting down and abandoning module SessionFrontend (128)
[2016.01.24-15.44.05:215][ 75]LogModuleManager: Shutting down and abandoning module ProfilerClient (127)
[2016.01.24-15.44.05:215][ 75]LogModuleManager: Shutting down and abandoning module TargetDeviceServices (126)
[2016.01.24-15.44.05:215][ 75]LogModuleManager: Shutting down and abandoning module DeviceManager (125)
[2016.01.24-15.44.05:215][ 75]LogModuleManager: Shutting down and abandoning module AutomationController (124)
[2016.01.24-15.44.05:215][ 75]LogModuleManager: Shutting down and abandoning module AutomationWindow (123)
[2016.01.24-15.44.05:215][ 75]LogModuleManager: Shutting down and abandoning module Layers (122)
[2016.01.24-15.44.05:215][ 75]LogModuleManager: Shutting down and abandoning module ComponentVisualizers (121)
[2016.01.24-15.44.05:215][ 75]LogModuleManager: Shutting down and abandoning module DetailCustomizations (120)
[2016.01.24-15.44.05:216][ 75]LogModuleManager: Shutting down and abandoning module PackagesDialog (119)
[2016.01.24-15.44.05:216][ 75]LogModuleManager: Shutting down and abandoning module AssetRegistry (118)
[2016.01.24-15.44.05:321][ 75]LogModuleManager: Shutting down and abandoning module Persona (117)
[2016.01.24-15.44.05:321][ 75]LogModuleManager: Shutting down and abandoning module Kismet (116)
[2016.01.24-15.44.05:321][ 75]LogModuleManager: Shutting down and abandoning module GraphEditor (115)
[2016.01.24-15.44.05:321][ 75]LogModuleManager: Shutting down and abandoning module ClassViewer (114)
[2016.01.24-15.44.05:321][ 75]LogModuleManager: Shutting down and abandoning module Toolbox (113)
[2016.01.24-15.44.05:321][ 75]LogModuleManager: Shutting down and abandoning module ModuleUI (112)
[2016.01.24-15.44.05:321][ 75]LogModuleManager: Shutting down and abandoning module MovieSceneTools (111)
[2016.01.24-15.44.05:321][ 75]LogModuleManager: Shutting down and abandoning module OutputLog (110)
[2016.01.24-15.44.05:321][ 75]LogModuleManager: Shutting down and abandoning module GammaUI (109)
[2016.01.24-15.44.05:321][ 75]LogModuleManager: Shutting down and abandoning module Documentation (108)
[2016.01.24-15.44.05:321][ 75]LogModuleManager: Shutting down and abandoning module GameLiveStreaming (107)
[2016.01.24-15.44.05:321][ 75]LogModuleManager: Shutting down and abandoning module StreamingPauseRendering (106)
[2016.01.24-15.44.05:321][ 75]LogModuleManager: Shutting down and abandoning module HTTP (105)
[2016.01.24-15.44.05:321][ 75]LogModuleManager: Shutting down and abandoning module AnalyticsET (104)
[2016.01.24-15.44.05:321][ 75]LogModuleManager: Shutting down and abandoning module Analytics (103)
[2016.01.24-15.44.05:322][ 75]LogModuleManager: Shutting down and abandoning module GameplayDebugger (102)
[2016.01.24-15.44.05:322][ 75]LogModuleManager: Shutting down and abandoning module AIModule (101)
[2016.01.24-15.44.05:322][ 75]LogModuleManager: Shutting down and abandoning module ProfilerService (100)
[2016.01.24-15.44.05:449][ 75]LogModuleManager: Shutting down and abandoning module TaskGraph (99)
[2016.01.24-15.44.05:449][ 75]LogModuleManager: Shutting down and abandoning module SlateRemote (98)
[2016.01.24-15.44.05:449][ 75]LogModuleManager: Shutting down and abandoning module ScriptEditorPlugin (97)
[2016.01.24-15.44.05:449][ 75]LogModuleManager: Shutting down and abandoning module CustomMeshComponent (96)
[2016.01.24-15.44.05:449][ 75]LogModuleManager: Shutting down and abandoning module CableComponent (95)
[2016.01.24-15.44.05:449][ 75]LogModuleManager: Shutting down and abandoning module MessagingDebugger (94)
[2016.01.24-15.44.05:449][ 75]LogModuleManager: Shutting down and abandoning module MediaPlayerEditor (93)
[2016.01.24-15.44.05:449][ 75]LogModuleManager: Shutting down and abandoning module SpeedTreeImporter (92)
[2016.01.24-15.44.05:449][ 75]LogModuleManager: Shutting down and abandoning module PluginsEditor (91)
[2016.01.24-15.44.05:449][ 75]LogModuleManager: Shutting down and abandoning module EpicSurvey (90)
[2016.01.24-15.44.05:449][ 75]LogModuleManager: Shutting down and abandoning module DesktopPlatform (89)
[2016.01.24-15.44.05:450][ 75]LogModuleManager: Shutting down and abandoning module VisualStudioSourceCodeAccess (88)
[2016.01.24-15.44.05:450][ 75]LogModuleManager: Shutting down and abandoning module UObjectPlugin (87)
[2016.01.24-15.44.05:450][ 75]LogModuleManager: Shutting down and abandoning module SubversionSourceControl (86)
[2016.01.24-15.44.05:450][ 75]LogModuleManager: Shutting down and abandoning module SourceControl (85)
[2016.01.24-15.44.05:450][ 75]LogModuleManager: Shutting down and abandoning module PerforceSourceControl (84)
[2016.01.24-15.44.05:450][ 75]LogModuleManager: Shutting down and abandoning module BlankPlugin (83)
[2016.01.24-15.44.05:450][ 75]LogModuleManager: Shutting down and abandoning module SlateReflector (82)
[2016.01.24-15.44.05:450][ 75]LogModuleManager: Shutting down and abandoning module DirectoryWatcher (81)
[2016.01.24-15.44.05:450][ 75]LogModuleManager: Shutting down and abandoning module HotReload (80)
[2016.01.24-15.44.05:450][ 75]LogModuleManager: Shutting down and abandoning module MainFrame (79)
[2016.01.24-15.44.05:450][ 75]LogModuleManager: Shutting down and abandoning module LevelEditor (78)
[2016.01.24-15.44.05:452][ 75]LogModuleManager: Shutting down and abandoning module ViewportSnapping (77)
[2016.01.24-15.44.05:452][ 75]LogModuleManager: Shutting down and abandoning module SmartSnapping (76)
[2016.01.24-15.44.05:452][ 75]LogModuleManager: Shutting down and abandoning module PaperTiledImporter (75)
[2016.01.24-15.44.05:452][ 75]LogModuleManager: Shutting down and abandoning module PaperJsonImporter (74)
[2016.01.24-15.44.05:452][ 75]LogModuleManager: Shutting down and abandoning module ContentBrowser (73)
[2016.01.24-15.44.05:452][ 75]LogModuleManager: Shutting down and abandoning module PropertyEditor (72)
[2016.01.24-15.44.05:453][ 75]LogModuleManager: Shutting down and abandoning module Paper2DEditor (71)
[2016.01.24-15.44.05:453][ 75]LogModuleManager: Shutting down and abandoning module ScriptPlugin (70)
[2016.01.24-15.44.05:453][ 75]LogModuleManager: Shutting down and abandoning module UdpMessaging (69)
[2016.01.24-15.44.05:554][ 75]LogModuleManager: Shutting down and abandoning module Paper2D (68)
[2016.01.24-15.44.05:554][ 75]LogModuleManager: Shutting down and abandoning module WindowsMoviePlayer (67)
[2016.01.24-15.44.05:560][ 75]LogModuleManager: Shutting down and abandoning module Media (66)
[2016.01.24-15.44.05:560][ 75]LogModuleManager: Shutting down and abandoning module WmfMedia (65)
[2016.01.24-15.44.05:560][ 75]LogModuleManager: Shutting down and abandoning module OnlineBlueprintSupport (64)
[2016.01.24-15.44.05:560][ 75]LogModuleManager: Shutting down and abandoning module FunctionalTesting (63)
[2016.01.24-15.44.05:560][ 75]LogModuleManager: Shutting down and abandoning module CollisionAnalyzer (62)
[2016.01.24-15.44.05:560][ 75]LogModuleManager: Shutting down and abandoning module WorkspaceMenuStructure (61)
[2016.01.24-15.44.05:560][ 75]LogModuleManager: Shutting down and abandoning module MessageLog (60)
[2016.01.24-15.44.05:560][ 75]LogModuleManager: Shutting down and abandoning module Sequencer (59)
[2016.01.24-15.44.05:560][ 75]LogModuleManager: Shutting down and abandoning module AssetTools (58)
[2016.01.24-15.44.05:561][ 75]LogModuleManager: Shutting down and abandoning module UMGEditor (57)
[2016.01.24-15.44.05:561][ 75]LogModuleManager: Shutting down and abandoning module UMG (56)
[2016.01.24-15.44.05:561][ 75]LogModuleManager: Shutting down and abandoning module Slate (55)
[2016.01.24-15.44.05:561][ 75]LogModuleManager: Shutting down and abandoning module EditorStyle (54)
[2016.01.24-15.44.05:565][ 75]LogModuleManager: Shutting down and abandoning module SessionServices (53)
[2016.01.24-15.44.05:565][ 75]LogModuleManager: Shutting down and abandoning module SourceCodeAccess (52)
[2016.01.24-15.44.05:565][ 75]LogModuleManager: Shutting down and abandoning module HeadMountedDisplay (51)
[2016.01.24-15.44.05:565][ 75]LogModuleManager: Shutting down and abandoning module XAudio2 (50)
[2016.01.24-15.44.05:565][ 75]LogModuleManager: Shutting down and abandoning module Networking (48)
[2016.01.24-15.44.05:565][ 75]LogModuleManager: Shutting down and abandoning module Core (47)
[2016.01.24-15.44.05:565][ 75]LogModuleManager: Shutting down and abandoning module KismetCompiler (46)
[2016.01.24-15.44.05:565][ 75]LogModuleManager: Shutting down and abandoning module PhysXFormats (45)
[2016.01.24-15.44.05:565][ 75]LogModuleManager: Shutting down and abandoning module MeshUtilities (44)
[2016.01.24-15.44.05:565][ 75]LogModuleManager: Shutting down and abandoning module DerivedDataCache (43)
[2016.01.24-15.44.05:660][ 75]LogDerivedDataCache: Shutdown
[2016.01.24-15.44.05:660][ 75]LogModuleManager: Shutting down and abandoning module ShaderFormatOpenGL (42)
[2016.01.24-15.44.05:660][ 75]LogModuleManager: Shutting down and abandoning module ShaderFormatD3D (41)
[2016.01.24-15.44.05:660][ 75]LogModuleManager: Shutting down and abandoning module MetalShaderFormat (40)
[2016.01.24-15.44.05:660][ 75]LogModuleManager: Shutting down and abandoning module TextureFormatUncompressed (39)
[2016.01.24-15.44.05:660][ 75]LogModuleManager: Shutting down and abandoning module TextureFormatPVR (38)
[2016.01.24-15.44.05:660][ 75]LogModuleManager: Shutting down and abandoning module TextureFormatDXT (37)
[2016.01.24-15.44.05:660][ 75]LogModuleManager: Shutting down and abandoning module TextureFormatAndroid (36)
[2016.01.24-15.44.05:660][ 75]LogModuleManager: Shutting down and abandoning module AudioFormatOpus (35)
[2016.01.24-15.44.05:660][ 75]LogModuleManager: Shutting down and abandoning module AudioFormatOgg (34)
[2016.01.24-15.44.05:660][ 75]LogModuleManager: Shutting down and abandoning module AudioFormatADPCM (33)
[2016.01.24-15.44.05:660][ 75]LogModuleManager: Shutting down and abandoning module Messaging (32)
[2016.01.24-15.44.05:660][ 75]LogModuleManager: Shutting down and abandoning module IOSTargetPlatform (31)
[2016.01.24-15.44.05:660][ 75]LogModuleManager: Shutting down and abandoning module Android_PVRTCTargetPlatform (30)
[2016.01.24-15.44.05:660][ 75]LogModuleManager: Shutting down and abandoning module Android_ETC2TargetPlatform (29)
[2016.01.24-15.44.05:660][ 75]LogModuleManager: Shutting down and abandoning module Android_ETC1TargetPlatform (28)
[2016.01.24-15.44.05:660][ 75]LogModuleManager: Shutting down and abandoning module Android_DXTTargetPlatform (27)
[2016.01.24-15.44.05:660][ 75]LogModuleManager: Shutting down and abandoning module Android_ATCTargetPlatform (26)
[2016.01.24-15.44.05:660][ 75]LogModuleManager: Shutting down and abandoning module AndroidTargetPlatform (25)
[2016.01.24-15.44.05:660][ 75]LogModuleManager: Shutting down and abandoning module WindowsTargetPlatform (24)
[2016.01.24-15.44.05:660][ 75]LogModuleManager: Shutting down and abandoning module WindowsServerTargetPlatform (23)
[2016.01.24-15.44.05:660][ 75]LogModuleManager: Shutting down and abandoning module WindowsNoEditorTargetPlatform (22)
[2016.01.24-15.44.05:660][ 75]LogModuleManager: Shutting down and abandoning module WindowsClientTargetPlatform (21)
[2016.01.24-15.44.05:660][ 75]LogModuleManager: Shutting down and abandoning module TargetPlatform (20)
[2016.01.24-15.44.05:660][ 75]LogModuleManager: Shutting down and abandoning module InputCore (19)
[2016.01.24-15.44.05:660][ 75]LogModuleManager: Shutting down and abandoning module Settings (18)
[2016.01.24-15.44.05:661][ 75]LogModuleManager: Shutting down and abandoning module ImageWrapper (17)
[2016.01.24-15.44.05:661][ 75]LogModuleManager: Shutting down and abandoning module OculusRift (14)
[2016.01.24-15.44.05:661][ 75]LogModuleManager: Shutting down and abandoning module ExampleDeviceProfileSelector (13)
[2016.01.24-15.44.05:661][ 75]LogModuleManager: Shutting down and abandoning module TextureCompressor (12)
[2016.01.24-15.44.05:661][ 75]LogModuleManager: Shutting down and abandoning module ShaderCore (11)
[2016.01.24-15.44.05:661][ 75]LogModuleManager: Shutting down and abandoning module SlateRHIRenderer (10)
[2016.01.24-15.44.05:662][ 75]LogModuleManager: Shutting down and abandoning module OpenGLDrv (9)
[2016.01.24-15.44.05:662][ 75]LogModuleManager: Shutting down and abandoning module D3D11RHI (8)
[2016.01.24-15.44.05:662][ 75]LogModuleManager: Shutting down and abandoning module Renderer (7)
[2016.01.24-15.44.05:662][ 75]LogModuleManager: Shutting down and abandoning module Engine (6)
[2016.01.24-15.44.05:662][ 75]LogModuleManager: Shutting down and abandoning module CoreUObject (5)
[2016.01.24-15.44.05:662][ 75]LogModuleManager: Shutting down and abandoning module NetworkFile (4)
[2016.01.24-15.44.05:662][ 75]LogModuleManager: Shutting down and abandoning module StreamingFile (3)
[2016.01.24-15.44.05:663][ 75]LogModuleManager: Shutting down and abandoning module SandboxFile (2)
[2016.01.24-15.44.05:663][ 75]LogModuleManager: Shutting down and abandoning module PakFile (1)
[2016.01.24-15.44.05:663][ 75]LogExit: Exiting.
[2016.01.24-15.44.05:674][ 75]Log file closed, 01/24/16 10:44:05
