Log file open, 01/25/16 01:18:25
LogInit:Display: Running engine for game: Proyecto
LogInit: Version: 4.5.1-2336687+++depot+UE4-Releases+4.5
LogInit: API Version: 2326478
LogInit: Compiled (64-bit): Oct 21 2014 22:32:40
LogInit: Compiled with Visual C++: 18.00.21005.01
LogInit: Build Configuration: Development
LogInit: Branch Name: ++depot+UE4-Releases+4.5
LogInit: Command line:  
LogInit: Base directory: C:/Program Files (x86)/Epic Games/4.5/Engine/Binaries/Win64/
LogInit: Rocket: 1
[2016.01.25-06.18.25:683][  0]LogTaskGraph: Started task graph with 3 named threads and 6 total threads.
[2016.01.25-06.18.25:750][  0]LogOnline:Warning: No default platform service specified for OnlineSubsystem
[2016.01.25-06.18.25:806][  0]LogInit: Presizing for 0 objects not considered by GC, pre-allocating 0 bytes.
[2016.01.25-06.18.25:831][  0]LogInit: Object subsystem initialized
[2016.01.25-06.18.25:840][  0]LogConsoleResponse:Warning: Skipping Unknown console variable: 'UIScaleRule = ShortestSide'
[2016.01.25-06.18.25:840][  0]LogConsoleResponse:Warning:   Found in ini file 'C:/Users/Jimmy/git/copia para android/PoliHeath/Proyecto/Saved/Config/Windows/Engine.ini', in section '[/Script/Engine.RendererSettings]'
[2016.01.25-06.18.25:840][  0]LogConsoleResponse:Warning: Skipping Unknown console variable: 'UIScaleCurve = (EditorCurveData=(Keys=((Time=480.000000,Value=0.444000),(Time=720.000000,Value=0.666000),(Time=1080.000000,Value=1.000000),(Time=8640.000000,Value=8.000000))),ExternalCurve=None)'
[2016.01.25-06.18.25:840][  0]LogConsoleResponse:Warning:   Found in ini file 'C:/Users/Jimmy/git/copia para android/PoliHeath/Proyecto/Saved/Config/Windows/Engine.ini', in section '[/Script/Engine.RendererSettings]'
[2016.01.25-06.18.25:842][  0]LogInit: Selected Device Profile: [Windows]
[2016.01.25-06.18.25:842][  0]LogInit: Applying CVar settings loaded from the selected device profile: [Windows]
[2016.01.25-06.18.25:863][  0]LogInit: Computer: JIMMY-PC
[2016.01.25-06.18.25:863][  0]LogInit: User: Jimmy
[2016.01.25-06.18.25:865][  0]LogInit: CPU Page size=4096, Cores=6
[2016.01.25-06.18.25:865][  0]LogInit: High frequency timer resolution =2.746528 MHz
[2016.01.25-06.18.25:866][  0]LogMemory: Memory total: Physical=4.0GB (4GB approx) Virtual=131072.0GB
[2016.01.25-06.18.25:866][  0]LogMemory: Platform Memory Stats for Windows
[2016.01.25-06.18.25:866][  0]LogMemory: Process Physical Memory: 63.41 MB used, 63.41 MB peak
[2016.01.25-06.18.25:866][  0]LogMemory: Process Virtual Memory: 39.58 MB used, 39.58 MB peak
[2016.01.25-06.18.25:866][  0]LogMemory: Physical Memory: 2536.01 MB used, 4092.53 MB total
[2016.01.25-06.18.25:866][  0]LogMemory: Virtual Memory: 283.72 MB used, 134217728.00 MB total
[2016.01.25-06.18.26:014][  0]LogD3D11RHI: Found D3D11 adapter 0: NVIDIA GeForce GTX 650 (Feature Level 11_0)
[2016.01.25-06.18.26:014][  0]LogD3D11RHI: Adapter has 1986MB of dedicated video memory, 0MB of dedicated system memory, and 2046MB of shared system memory, 1 output[s]
[2016.01.25-06.18.26:017][  0]LogD3D11RHI: Found D3D11 adapter 1: Microsoft Basic Render Driver (Feature Level 11_0)
[2016.01.25-06.18.26:017][  0]LogD3D11RHI: Adapter has 0MB of dedicated video memory, 0MB of dedicated system memory, and 256MB of shared system memory, 0 output[s]
[2016.01.25-06.18.26:017][  0]LogD3D11RHI: Chosen D3D11 Adapter Id = 0
[2016.01.25-06.18.26:028][  0]LogRHI: Texture pool is 1361 MB (70% of 1945 MB)
[2016.01.25-06.18.26:062][  0]LogD3D11RHI: Async texture creation enabled
[2016.01.25-06.18.26:215][  0]LogTextLocalizationManager: The requested culture ('en_US') has no localization data; parent culture's ('en') localization data will be used.
[2016.01.25-06.18.26:539][  0]LogContentStreaming: Texture pool size is 0.000000MB
[2016.01.25-06.18.39:813][  0]LogTargetPlatformManager:Display: Building Assets For Windows
[2016.01.25-06.18.41:202][  0]LogTargetPlatformManager:Display: Building Assets For Windows
[2016.01.25-06.18.41:415][  0]LogDerivedDataCache:Display: Max Cache Size: 512 MB
[2016.01.25-06.18.42:120][  0]LogDerivedDataCache: Loaded boot cache 0.70s 39MB C:/Users/Jimmy/AppData/Local/UnrealEngine/4.5/DerivedDataCache/Boot.ddc.
[2016.01.25-06.18.42:120][  0]LogDerivedDataCache:Display: Loaded Boot cache: C:/Users/Jimmy/AppData/Local/UnrealEngine/4.5/DerivedDataCache/Boot.ddc
[2016.01.25-06.18.42:120][  0]LogDerivedDataCache: FDerivedDataBackendGraph:  Pak pak cache file ../../../../../../Users/Jimmy/git/copia para android/PoliHeath/Proyecto/DerivedDataCache/DDC.ddp not found, will not use a pak cache.
[2016.01.25-06.18.42:120][  0]LogDerivedDataCache: Unable to find inner node Pak for hierarchical cache Hierarchy.
[2016.01.25-06.18.42:348][  0]LogDerivedDataCache:Display: Pak cache opened for reading ../../../Engine/DerivedDataCache/DDC.ddp.
[2016.01.25-06.18.42:400][  0]LogDerivedDataCache: Using Local data cache path C:/Users/Jimmy/AppData/Local/UnrealEngine/Common/DerivedDataCache: Writable
[2016.01.25-06.18.48:466][  0]LogMeshUtilities: No automatic mesh reduction module available
[2016.01.25-06.18.48:466][  0]LogMeshUtilities: No automatic mesh merging module available
[2016.01.25-06.18.51:003][  0]LogLinker:Warning: Asset '../../../Engine/Content/Functions/Engine_MaterialFunctions02/Texturing/FlipBook.uasset' has been saved with empty engine version. The asset will be loaded but may be incompatible.
[2016.01.25-06.18.51:113][  0]LogLinker:Warning: Asset '../../../Engine/Content/Functions/Engine_MaterialFunctions02/ExampleContent/Textures/flipbook.uasset' has been saved with empty engine version. The asset will be loaded but may be incompatible.
[2016.01.25-06.18.53:880][  0]LogInit: WinSock: version 1.1 (2.2), MaxSocks=32767, MaxUdp=65467
[2016.01.25-06.19.21:976][  0]UdpMessaging: Initializing bridge on interface 0.0.0.0:0 to multicast group 230.0.0.1:6666.
[2016.01.25-06.19.23:134][  0]LogDirectoryWatcher:Warning: Failed to begin reading directory changes for C:/Users/Jimmy/git/copia para android/PoliHeath/Proyecto/Binaries/Win64. Error: 0
[2016.01.25-06.19.24:635][  0]SourceControl: Info Source control is disabled
[2016.01.25-06.19.24:647][  0]SourceControl: Info Source control is disabled
[2016.01.25-06.19.24:666][  0]SourceControl: Info Source control is disabled
[2016.01.25-06.19.25:534][  0]LogObj: 22915 objects as part of root set at end of initial load.
[2016.01.25-06.19.25:535][  0]LogUObjectAllocator: 4803536 out of 0 bytes used by permanent object pool.
[2016.01.25-06.19.26:459][  0]LogEngine: Initializing Engine...
[2016.01.25-06.19.27:599][  0]LogInit: XAudio2 using 'Speakers (Realtek High Definition Audio)' : 2 channels at 48 kHz using 32 bits per sample (channel mask 0x3)
[2016.01.25-06.19.27:731][  0]LogInit: FAudioDevice initialized.
[2016.01.25-06.19.28:269][  0]LogAIModule: Creating AISystem for world NewWorld
[2016.01.25-06.19.28:754][  0]LogDerivedDataCache: Saved boot cache 0.10s 39MB C:/Users/Jimmy/AppData/Local/UnrealEngine/4.5/DerivedDataCache/Boot.ddc.
[2016.01.25-06.19.28:983][  0]LogInit: Texture streaming: Enabled
[2016.01.25-06.19.31:021][  0]LogInit: Transaction tracking system initialized
[2016.01.25-06.19.32:437][  0]BlueprintLog: New page: Editor Load
[2016.01.25-06.19.32:821][  0]LogAssetRegistry: FAssetRegistry took 0.0592 seconds to start up
[2016.01.25-06.19.32:822][  0]LogDirectoryWatcher:Warning: Failed to begin reading directory changes for ../../../Engine/Plugins/Experimental/CharacterAI/Content/. Error: 0
[2016.01.25-06.19.36:480][  0]LogTargetPlatformManager:Display: Building Assets For Windows
[2016.01.25-06.19.37:305][  0]LogTargetPlatformManager:Display: Building Assets For Windows
[2016.01.25-06.19.40:452][  0]LogConsoleResponse:Display: 
[2016.01.25-06.19.44:811][  0]SourceControl: Info Source control is disabled
[2016.01.25-06.19.44:861][  0]Cmd: MAP LOAD FILE="../../../../../../Users/Jimmy/git/copia para android/PoliHeath/Proyecto/Content/Niveles/Nivel_1.umap" TEMPLATE=0 SHOWPROGRESS=1
[2016.01.25-06.19.44:893][  0]LightingResults: New page: Lighting Build
[2016.01.25-06.19.45:145][  0]MapCheck: New page: Map Check
[2016.01.25-06.19.45:145][  0]LightingResults: New page: Lighting Build
[2016.01.25-06.19.45:585][  0]LogParticles: Destroying 0 GPU particle simulations for FXSystem 0x000001CC00F49A80
[2016.01.25-06.19.48:307][  0]LogEditorServer: Finished looking for orphan Actors (0.000 secs)
[2016.01.25-06.19.48:343][  0]LogAIModule: Creating AISystem for world Nivel_1
[2016.01.25-06.19.48:497][  0]Cmd: MAP CHECKDEP
[2016.01.25-06.19.48:557][  0]MapCheck: New page: Nivel_1 - Jan 24, 2016, 8:19:48 PM
[2016.01.25-06.19.49:004][  0]MapCheck: Info Map check complete: 0 Error(s), 0 Warning(s), took 471.104ms to complete.
[2016.01.25-06.19.49:004][  0]LogFileHelpers: Loading map 'Nivel_1' took 4.178
[2016.01.25-06.19.51:214][  0]LogCollectionManager: Loaded 0 collections in 0.002976 seconds
[2016.01.25-06.19.53:230][  0]LogCrashTracker: Crashtracker disabled due to settings.
[2016.01.25-06.19.53:717][  0]LogUObjectGlobals:Warning: Failed to find object 'Class None.'
[2016.01.25-06.19.53:963][  0]LogLoad: Full Startup: 93.12 seconds (BP compile: 0.48 seconds)
[2016.01.25-06.19.54:362][  0]LogContentBrowser:Verbose: The content browser source was changed by the sources view to '/Game/Niveles'
[2016.01.25-06.19.56:044][  0]LogRenderer:Warning: Reallocating scene render targets to support 1136x904.
[2016.01.25-06.20.01:062][ 11]LogAssetRegistry: Asset discovery search completed in 28.2998 seconds
[2016.01.25-06.21.15:094][352]LogEditorViewport: Clicking on Actor (LMB): PaperSpriteActor (floor_sprite)
[2016.01.25-06.21.16:518][383]LogEditorViewport: Clicking Background
[2016.01.25-06.21.17:461][435]LogEditorViewport: Clicking on Actor (LMB): PaperSpriteActor (Sp_Background)
[2016.01.25-06.21.23:132][664]LogEditorViewport: Clicking on Actor (LMB): PaperSpriteActor (Sp_Background)
[2016.01.25-06.21.25:822][771]Cmd: TRANSACTION UNDO
[2016.01.25-06.21.25:823][771]LogEditorTransaction: Undo Move Actors
[2016.01.25-06.21.26:603][789]LogEditorViewport: Clicking Background
[2016.01.25-06.21.27:393][832]LogEditorViewport: Clicking on Actor (LMB): PaperSpriteActor (Sp_Background)
[2016.01.25-06.21.30:732][962]LogEditorViewport: Clicking on Actor (LMB): PaperSpriteActor (Sp_Background)
[2016.01.25-06.21.31:748][  0]LogEditorViewport: Clicking on Actor (LMB): PaperSpriteActor (Sp_Background)
[2016.01.25-06.21.32:404][ 25]LogEditorViewport: Clicking Background
[2016.01.25-06.21.33:692][ 99]LogEditorViewport: Clicking on Actor (LMB): PaperSpriteActor (Sp_Background)
[2016.01.25-06.21.37:942][265]LogEditorViewport: Clicking Background
[2016.01.25-06.21.42:044][481]LogEditorViewport: Clicking on Actor (LMB): PaperSpriteActor (Sp_Background)
[2016.01.25-06.21.46:002][651]LogEditorViewport: Clicking on Actor (LMB): PaperSpriteActor (Sp_Background)
[2016.01.25-06.21.47:023][692]LogEditorViewport: Clicking Background
[2016.01.25-06.22.01:485][568]LogEditorViewport: Clicking on Actor (LMB): PaperSpriteActor (floor_sprite)
[2016.01.25-06.22.18:592][322]LogEditorViewport: Clicking on Actor (LMB): PaperSpriteActor (floor_sprite)
[2016.01.25-06.22.23:106][510]LogEditorViewport: Clicking on Actor (LMB): PaperSpriteActor (floor_sprite)
[2016.01.25-06.22.30:784][772]LogEditorViewport: Clicking Background
[2016.01.25-06.22.31:863][831]LogEditorViewport: Clicking on Actor (LMB): PaperSpriteActor (Sp_Background)
[2016.01.25-06.22.34:803][948]LogEditorViewport: Clicking Background
[2016.01.25-06.22.36:838][ 42]LogEditorViewport: Clicking on Actor (LMB): PaperSpriteActor (Sp_Background)
[2016.01.25-06.22.43:913][307]LogEditorViewport: Clicking Background
[2016.01.25-06.22.45:210][382]LogEditorViewport: Clicking on Actor (LMB): PaperSpriteActor (Sp_Background_2)
[2016.01.25-06.22.49:076][541]LogEditorViewport: Clicking Background
[2016.01.25-06.22.51:606][687]LogEditorViewport: Clicking on Actor (LMB): PaperSpriteActor (Sp_Background_2)
[2016.01.25-06.22.52:737][732]LogEditorViewport: Clicking Background
[2016.01.25-06.22.57:220][969]LogEditorViewport: Clicking on Actor (LMB): PaperSpriteActor (floor_sprite)
[2016.01.25-06.23.09:669][511]Cmd: EDIT COPY
[2016.01.25-06.23.23:763][129]LogEditorViewport: Clicking Background
[2016.01.25-06.23.27:547][354]LogEditorViewport: Clicking on Actor (LMB): PaperSpriteActor (floor_sprite)
[2016.01.25-06.23.29:131][418]LogEditorViewport: Clicking on Actor (LMB): PaperSpriteActor (floor_sprite_2)
[2016.01.25-06.23.30:699][481]LogEditorViewport: Clicking on Actor (LMB): PaperSpriteActor (Sp_Background_2)
[2016.01.25-06.23.34:614][649]LogEditorViewport: Clicking Background
[2016.01.25-06.23.35:432][694]LogEditorViewport: Clicking on Actor (LMB): PaperSpriteActor (floor_sprite)
[2016.01.25-06.23.48:440][221]LogUnrealMath: Expression Error : No value recognized
[2016.01.25-06.23.48:440][221]LogUnrealMath: Expression Error : Error in expression
[2016.01.25-06.24.01:423][741]Cmd: TRANSACTION UNDO
[2016.01.25-06.24.01:423][741]LogEditorTransaction: Undo Move Actors
[2016.01.25-06.24.02:134][756]Cmd: TRANSACTION UNDO
[2016.01.25-06.24.02:134][756]LogEditorTransaction: Undo Move Actors
[2016.01.25-06.24.02:860][781]Cmd: TRANSACTION UNDO
[2016.01.25-06.24.02:860][781]LogEditorTransaction: Undo Set actor rotation
[2016.01.25-06.24.03:514][801]Cmd: TRANSACTION UNDO
[2016.01.25-06.24.03:514][801]LogEditorTransaction: Undo Set actor rotation
[2016.01.25-06.24.09:633][ 59]LogEditorViewport: Clicking on Actor (LMB): PaperSpriteActor (floor_sprite_3)
[2016.01.25-06.24.23:487][645]LogEditorViewport: Clicking on Actor (LMB): PaperSpriteActor (floor_sprite_3)
[2016.01.25-06.24.23:640][647]LogEditorViewport: Clicking on Actor (double click): PaperSpriteActor (floor_sprite_3)
[2016.01.25-06.24.48:344][652]Cmd: TRANSACTION UNDO
[2016.01.25-06.24.48:344][652]LogEditorTransaction: Undo Set actor scale
[2016.01.25-06.24.54:831][908]Cmd: TRANSACTION UNDO
[2016.01.25-06.24.54:831][908]LogEditorTransaction: Undo Set actor scale
[2016.01.25-06.25.13:329][665]LogEditorViewport: Clicking Background
[2016.01.25-06.25.49:385][412]LogEditorViewport: Clicking on Actor (LMB): PaperSpriteActor (floor_sprite)
[2016.01.25-06.25.50:288][445]LogEditorViewport: Clicking Background
[2016.01.25-06.25.51:221][501]LogEditorViewport: Clicking on Actor (LMB): PaperSpriteActor (floor_sprite)
[2016.01.25-06.26.02:070][941]LogEditorViewport: Clicking Background
[2016.01.25-06.26.02:947][993]LogEditorViewport: Clicking on Actor (LMB): PaperSpriteActor (floor_sprite_4)
[2016.01.25-06.26.10:274][264]LogEditorViewport: Clicking Background
[2016.01.25-06.26.16:759][588]LogEditorViewport: Clicking on Actor (LMB): PaperSpriteActor (floor_sprite_3)
[2016.01.25-06.26.38:476][456]LogEditorViewport: Clicking Background
[2016.01.25-06.26.39:612][521]LogEditorViewport: Clicking on Actor (LMB): PaperSpriteActor (floor_sprite_5)
[2016.01.25-06.26.51:153][ 16]LogEditorViewport: Clicking Background
[2016.01.25-06.26.52:148][ 70]LogEditorViewport: Clicking on Actor (LMB): PaperSpriteActor (floor_sprite_6)
[2016.01.25-06.26.53:576][120]LogEditorViewport: Clicking Background
[2016.01.25-06.26.57:859][345]LogContentBrowser:Verbose: The content browser source was changed by the sources view to '/Game/Blueprints'
[2016.01.25-06.26.59:448][439]LogContentBrowser:Verbose: The content browser source was changed by the sources view to '/Game/Niveles'
[2016.01.25-06.26.59:987][469]LogContentBrowser:Verbose: The content browser source was changed by the sources view to '/Game/Sprites'
[2016.01.25-06.27.04:101][691]LogContentBrowser:Verbose: The content browser source was changed by the sources view to '/Game/Niveles'
[2016.01.25-06.27.05:531][777]LogContentBrowser:Verbose: The content browser source was changed by the sources view to '/Game/FlipBooks'
[2016.01.25-06.27.06:722][843]LogContentBrowser:Verbose: The content browser source was changed by the sources view to '/Game/Niveles'
[2016.01.25-06.27.07:424][884]LogContentBrowser:Verbose: The content browser source was changed by the sources view to '/Game/FlipBooks'
[2016.01.25-06.27.08:560][946]LogContentBrowser:Verbose: The content browser source was changed by the sources view to '/Game/Niveles'
[2016.01.25-06.27.10:043][ 33]LogContentBrowser:Verbose: The content browser source was changed by the sources view to '/Game/FlipBooks'
[2016.01.25-06.27.11:422][110]LogContentBrowser:Verbose: The content browser source was changed by the sources view to '/Game/Blueprints'
[2016.01.25-06.27.12:225][155]LogContentBrowser:Verbose: The content browser source was changed by the sources view to '/Game/FlipBooks'
[2016.01.25-06.27.12:905][193]LogContentBrowser:Verbose: The content browser source was changed by the sources view to '/Game/Niveles'
[2016.01.25-06.27.14:146][265]LogContentBrowser:Verbose: The content browser source was changed by the sources view to '/Game/FlipBooks'
[2016.01.25-06.27.22:376][729]LogContentBrowser:Verbose: The content browser source was changed by the sources view to '/Game/Niveles'
[2016.01.25-06.27.46:818][547]LogSavePackage: Save=118.782700ms
[2016.01.25-06.27.46:818][547]LogSavePackage: Moving '../../../../../../Users/Jimmy/git/copia para android/PoliHeath/Proyecto/Saved/Nivel_103D64F9F4DFCCDD5FAB093BD5AFCF60A.tmp' to '../../../../../../Users/Jimmy/git/copia para android/PoliHeath/Proyecto/Content/Niveles/Nivel_1.umap'
[2016.01.25-06.27.52:784][845]LogUObjectHash:Warning: Ambiguous search, could be Model /Engine/Transient.World_1:PersistentLevel.Model_4 or Model /Game/Niveles/Nivel_1.Nivel_1:PersistentLevel.BoxPincel_3.Model_4
[2016.01.25-06.27.52:784][845]LogUObjectHash:Warning: Ambiguous search, could be Model /Engine/Transient.World_1:PersistentLevel.Model_4 or Model /Game/Niveles/Nivel_1.Nivel_1:PersistentLevel.BoxPincel_2.Model_4
[2016.01.25-06.27.52:784][845]LogProperty:Warning: Illegal TEXT reference to a private object in external package (Model /Engine/Transient.World_1:PersistentLevel.Model_4) from referencer (BrushComponent /Game/Niveles/Nivel_1.Nivel_1:PersistentLevel.BoxPincel_4.BrushComponent0).  Import failed...
[2016.01.25-06.27.52:784][845]LogProperty:Warning: ObjectProperty /Script/Engine.BrushComponent:Brush: unresolved reference to 'Model'Model_4''
[2016.01.25-06.27.56:374][996]LogEditorViewport: Clicking Background
[2016.01.25-06.28.17:639][307]LogEditorViewport: Clicking Background
[2016.01.25-06.28.45:391][ 61]LogContentBrowser:Verbose: The content browser source was changed by the sources view to '/Game'
[2016.01.25-06.28.46:009][ 99]LogContentBrowser:Verbose: The content browser source was changed by the sources view to '/Game/Blueprints'
[2016.01.25-06.28.48:244][225]LogContentBrowser:Verbose: The content browser source was changed by the sources view to '/Game/Blueprints/Player'
[2016.01.25-06.28.56:294][439]LogRenderer:Warning: Reallocating scene render targets to support 1264x904.
[2016.01.25-06.28.57:317][493]BlueprintLog: New page: Pre-PIE auto-recompile
[2016.01.25-06.28.57:317][493]LogPlayLevel: [PIE] Compiling Tutorial_BP_MacroLib before PIE...
[2016.01.25-06.28.57:497][493]LogActorComponent: UnregisterComponent: (/Engine/Transient.CharacterMovementComponent_0) Not registered. Aborting.
[2016.01.25-06.28.57:524][493]LogPlayLevel: PIE:  Blueprint regeneration took 207 ms (1 blueprints)
[2016.01.25-06.28.57:524][493]PIE: New page: PIE session: Nivel_1 (Jan 24, 2016, 8:28:57 PM)
[2016.01.25-06.28.57:565][493]LogPlayLevel: PIE: StaticDuplicateObject took: (0.024368s)
[2016.01.25-06.28.57:566][493]LogPlayLevel: PIE: World Init took: (0.001393s)
[2016.01.25-06.28.57:566][493]LogPlayLevel: PIE: Created PIE world by copying editor world from /Game/Niveles/Nivel_1.Nivel_1 to /Game/Niveles/UEDPIE_0_Nivel_1.Nivel_1 (0.026122s)
[2016.01.25-06.28.57:617][493]LogWorld: Game class is '2D_C'
[2016.01.25-06.28.57:744][493]LogAIModule: Creating AISystem for world Nivel_1
[2016.01.25-06.28.57:746][493]LogWorld: Bringing World /Game/Niveles/UEDPIE_0_Nivel_1.Nivel_1 up for play (max tick rate 0) at 2016.01.25-01.28.57
[2016.01.25-06.28.57:755][493]LogWorld: Bringing up level for play took: 0.011132
[2016.01.25-06.28.57:850][493]PIE: Info Play in editor start time for /Game/Niveles/UEDPIE_0_Nivel_1 1.488
[2016.01.25-06.28.58:261][493]LogRenderer:Warning: Reallocating scene render targets to support 1296x904.
[2016.01.25-06.29.41:343][727]LogTemp: MouseLeave
[2016.01.25-06.29.43:397][878]LogTemp: MouseLeave
[2016.01.25-06.29.44:143][925]LogParticles: Destroying 0 GPU particle simulations for FXSystem 0x000000E70B633380
[2016.01.25-06.29.46:423][ 68]LogEditorViewport: Clicking on Actor (LMB): PaperSpriteActor (floor_sprite_4)
[2016.01.25-06.29.55:251][450]LogEditorViewport: Clicking on Actor (LMB): PaperSpriteActor (floor_sprite_5)
[2016.01.25-06.29.59:886][646]LogEditorViewport: Clicking Background
[2016.01.25-06.30.01:073][717]LogEditorViewport: Clicking on Actor (LMB): PaperSpriteActor (floor_sprite_5)
[2016.01.25-06.30.07:503][992]LogEditorViewport: Clicking Background
[2016.01.25-06.30.12:049][261]LogPlayLevel: PIE:  No blueprints needed recompiling
[2016.01.25-06.30.12:050][261]PIE: New page: PIE session: Nivel_1 (Jan 24, 2016, 8:30:12 PM)
[2016.01.25-06.30.12:055][261]LogPlayLevel: PIE: StaticDuplicateObject took: (0.005522s)
[2016.01.25-06.30.12:057][261]LogPlayLevel: PIE: World Init took: (0.001392s)
[2016.01.25-06.30.12:057][261]LogPlayLevel: PIE: Created PIE world by copying editor world from /Game/Niveles/Nivel_1.Nivel_1 to /Game/Niveles/UEDPIE_0_Nivel_1.Nivel_1 (0.007223s)
[2016.01.25-06.30.12:097][261]LogWorld: Game class is '2D_C'
[2016.01.25-06.30.12:103][261]LogAIModule: Creating AISystem for world Nivel_1
[2016.01.25-06.30.12:104][261]LogWorld: Bringing World /Game/Niveles/UEDPIE_0_Nivel_1.Nivel_1 up for play (max tick rate 0) at 2016.01.25-01.30.12
[2016.01.25-06.30.12:105][261]LogWorld: Bringing up level for play took: 0.002020
[2016.01.25-06.30.12:110][261]PIE: Info Play in editor start time for /Game/Niveles/UEDPIE_0_Nivel_1 -0.252
[2016.01.25-06.30.53:578][444]LogTemp: MouseLeave
[2016.01.25-06.30.55:079][550]LogActorComponent: UnregisterComponent: (/Engine/Transient.CharacterMovementComponent_1) Not registered. Aborting.
[2016.01.25-06.30.55:101][550]LogParticles: Destroying 0 GPU particle simulations for FXSystem 0x000000E71366F060
[2016.01.25-06.30.57:066][684]Cmd: OBJ SAVEPACKAGE PACKAGE="/Game/Blueprints/Player/player" FILE="../../../../../../Users/Jimmy/git/copia para android/PoliHeath/Proyecto/Content/Blueprints/Player/player.uasset" SILENT=true
[2016.01.25-06.30.57:699][684]LogSavePackage: Save=597.094238ms
[2016.01.25-06.30.57:699][684]LogSavePackage: Moving '../../../../../../Users/Jimmy/git/copia para android/PoliHeath/Proyecto/Saved/player8EA89F594361124B3F40C9A6E03B1A44.tmp' to '../../../../../../Users/Jimmy/git/copia para android/PoliHeath/Proyecto/Content/Blueprints/Player/player.uasset'
[2016.01.25-06.30.59:646][796]LogActorComponent: UnregisterComponent: (/Engine/Transient.CharacterMovementComponent_2) Not registered. Aborting.
[2016.01.25-06.30.59:668][796]LogParticles: Destroying 0 GPU particle simulations for FXSystem 0x000000E6807C0B80
[2016.01.25-06.30.59:748][796]LogSavePackage: Save=67.173172ms
[2016.01.25-06.30.59:748][796]LogSavePackage: Moving '../../../../../../Users/Jimmy/git/copia para android/PoliHeath/Proyecto/Saved/Nivel_1A650775049E26EE186B5518570DA7A35.tmp' to '../../../../../../Users/Jimmy/git/copia para android/PoliHeath/Proyecto/Content/Niveles/Nivel_1.umap'
[2016.01.25-06.31.00:969][861]LogEditorViewport: Clicking Background
[2016.01.25-06.31.08:711][347]LogEditorViewport: Clicking on Actor (LMB): PaperFlipbookActor (ReposoZombie_2)
[2016.01.25-06.31.12:424][514]LogEditorViewport: Clicking Background
[2016.01.25-06.31.17:019][788]LogSavePackage: Save=73.114853ms
[2016.01.25-06.31.17:019][788]LogSavePackage: Moving '../../../../../../Users/Jimmy/git/copia para android/PoliHeath/Proyecto/Saved/Nivel_13BF8B762478D573D1760D2A16EFD0A8A.tmp' to '../../../../../../Users/Jimmy/git/copia para android/PoliHeath/Proyecto/Content/Niveles/Nivel_1.umap'
[2016.01.25-06.31.22:333][984]BlueprintLog: New page: Compile Player
[2016.01.25-06.31.22:608][984]LogActorComponent: UnregisterComponent: (/Engine/Transient.CharacterMovementComponent_3) Not registered. Aborting.
[2016.01.25-06.31.22:803][984]BlueprintEditorCompileResults: Info [0781.66] Compile of Player successful! [in 129 ms]
[2016.01.25-06.31.42:022][146]LogActorComponent: UnregisterComponent: (/Engine/Transient.CharacterMovementComponent_4) Not registered. Aborting.
[2016.01.25-06.31.42:043][146]LogParticles: Destroying 0 GPU particle simulations for FXSystem 0x000000E60EC6CD60
[2016.01.25-06.31.43:177][147]Cmd: QUIT_EDITOR
[2016.01.25-06.31.44:018][147]LogExit: Preparing to exit.
[2016.01.25-06.31.45:335][147]LogExit: Editor shut down
[2016.01.25-06.31.45:336][147]LogExit: Transaction tracking system shut down
[2016.01.25-06.31.45:343][147]LogParticles: Destroying 0 GPU particle simulations for FXSystem 0x000000E6FD2BED40
[2016.01.25-06.31.45:343][147]LogParticles: Destroying 0 GPU particle simulations for FXSystem 0x000000E70C14E7A0
[2016.01.25-06.31.45:343][147]LogParticles: Destroying 0 GPU particle simulations for FXSystem 0x000000E6FBC4BA60
[2016.01.25-06.31.45:639][147]LogExit: Object subsystem successfully closed.
[2016.01.25-06.31.46:067][147]LogModuleManager: Shutting down and abandoning module AndroidDeviceDetection (166)
[2016.01.25-06.31.46:098][147]LogModuleManager: Shutting down and abandoning module CrashTracker (165)
[2016.01.25-06.31.46:098][147]LogModuleManager: Shutting down and abandoning module SuperSearch (164)
[2016.01.25-06.31.46:098][147]LogModuleManager: Shutting down and abandoning module SceneOutliner (163)
[2016.01.25-06.31.46:098][147]LogModuleManager: Shutting down and abandoning module EditorWidgets (162)
[2016.01.25-06.31.46:098][147]LogModuleManager: Shutting down and abandoning module CollectionManager (161)
[2016.01.25-06.31.46:117][147]LogModuleManager: Shutting down and abandoning module StatsViewer (160)
[2016.01.25-06.31.46:127][147]LogModuleManager: Shutting down and abandoning module FoliageEdit (159)
[2016.01.25-06.31.46:127][147]LogModuleManager: Shutting down and abandoning module LandscapeEditor (158)
[2016.01.25-06.31.46:144][147]LogModuleManager: Shutting down and abandoning module MeshPaint (157)
[2016.01.25-06.31.46:144][147]LogModuleManager: Shutting down and abandoning module ActorPickerMode (156)
[2016.01.25-06.31.46:144][147]LogModuleManager: Shutting down and abandoning module GeometryMode (155)
[2016.01.25-06.31.46:144][147]LogModuleManager: Shutting down and abandoning module TextureAlignMode (154)
[2016.01.25-06.31.46:144][147]LogModuleManager: Shutting down and abandoning module BspMode (153)
[2016.01.25-06.31.46:144][147]LogModuleManager: Shutting down and abandoning module PlacementMode (152)
[2016.01.25-06.31.46:144][147]LogModuleManager: Shutting down and abandoning module AutomationWorker (151)
[2016.01.25-06.31.46:144][147]LogModuleManager: Shutting down and abandoning module CharacterAI (150)
[2016.01.25-06.31.46:144][147]LogModuleManager: Shutting down and abandoning module GameProjectGeneration (149)
[2016.01.25-06.31.46:158][147]LogModuleManager: Shutting down and abandoning module IntroTutorials (148)
[2016.01.25-06.31.46:167][147]LogModuleManager: Shutting down and abandoning module EditorLiveStreaming (147)
[2016.01.25-06.31.46:167][147]LogModuleManager: Shutting down and abandoning module HardwareTargeting (146)
[2016.01.25-06.31.46:167][147]LogModuleManager: Shutting down and abandoning module BehaviorTreeEditor (145)
[2016.01.25-06.31.46:225][147]LogModuleManager: Shutting down and abandoning module DeviceProfileEditor (144)
[2016.01.25-06.31.46:225][147]LogModuleManager: Shutting down and abandoning module UndoHistory (143)
[2016.01.25-06.31.46:225][147]LogModuleManager: Shutting down and abandoning module GameplayTagsEditor (142)
[2016.01.25-06.31.46:241][147]LogModuleManager: Shutting down and abandoning module UserFeedback (141)
[2016.01.25-06.31.46:241][147]LogModuleManager: Shutting down and abandoning module XmlParser (140)
[2016.01.25-06.31.46:241][147]LogModuleManager: Shutting down and abandoning module Blutility (139)
[2016.01.25-06.31.46:241][147]LogModuleManager: Shutting down and abandoning module IOSPlatformEditor (138)
[2016.01.25-06.31.46:241][147]LogModuleManager: Shutting down and abandoning module IOSRuntimeSettings (137)
[2016.01.25-06.31.46:241][147]LogModuleManager: Shutting down and abandoning module AndroidPlatformEditor (136)
[2016.01.25-06.31.46:241][147]LogModuleManager: Shutting down and abandoning module AndroidRuntimeSettings (135)
[2016.01.25-06.31.46:241][147]LogModuleManager: Shutting down and abandoning module ProjectTargetPlatformEditor (134)
[2016.01.25-06.31.46:242][147]LogModuleManager: Shutting down and abandoning module ProjectSettingsViewer (133)
[2016.01.25-06.31.46:242][147]LogModuleManager: Shutting down and abandoning module InputBindingEditor (132)
[2016.01.25-06.31.46:242][147]LogModuleManager: Shutting down and abandoning module EditorSettingsViewer (131)
[2016.01.25-06.31.46:242][147]LogModuleManager: Shutting down and abandoning module SettingsEditor (130)
[2016.01.25-06.31.46:254][147]LogModuleManager: Shutting down and abandoning module ProjectLauncher (129)
[2016.01.25-06.31.46:254][147]LogModuleManager: Shutting down and abandoning module SessionFrontend (128)
[2016.01.25-06.31.46:254][147]LogModuleManager: Shutting down and abandoning module ProfilerClient (127)
[2016.01.25-06.31.46:268][147]LogModuleManager: Shutting down and abandoning module TargetDeviceServices (126)
[2016.01.25-06.31.46:268][147]LogModuleManager: Shutting down and abandoning module DeviceManager (125)
[2016.01.25-06.31.46:269][147]LogModuleManager: Shutting down and abandoning module AutomationController (124)
[2016.01.25-06.31.46:269][147]LogModuleManager: Shutting down and abandoning module AutomationWindow (123)
[2016.01.25-06.31.46:291][147]LogModuleManager: Shutting down and abandoning module Layers (122)
[2016.01.25-06.31.46:312][147]LogModuleManager: Shutting down and abandoning module ComponentVisualizers (121)
[2016.01.25-06.31.46:312][147]LogModuleManager: Shutting down and abandoning module DetailCustomizations (120)
[2016.01.25-06.31.46:312][147]LogModuleManager: Shutting down and abandoning module PackagesDialog (119)
[2016.01.25-06.31.46:312][147]LogModuleManager: Shutting down and abandoning module AssetRegistry (118)
[2016.01.25-06.31.46:402][147]LogModuleManager: Shutting down and abandoning module Persona (117)
[2016.01.25-06.31.46:425][147]LogModuleManager: Shutting down and abandoning module Kismet (116)
[2016.01.25-06.31.46:425][147]LogModuleManager: Shutting down and abandoning module GraphEditor (115)
[2016.01.25-06.31.46:425][147]LogModuleManager: Shutting down and abandoning module ClassViewer (114)
[2016.01.25-06.31.46:425][147]LogModuleManager: Shutting down and abandoning module Toolbox (113)
[2016.01.25-06.31.46:426][147]LogModuleManager: Shutting down and abandoning module ModuleUI (112)
[2016.01.25-06.31.46:434][147]LogModuleManager: Shutting down and abandoning module MovieSceneTools (111)
[2016.01.25-06.31.46:467][147]LogModuleManager: Shutting down and abandoning module OutputLog (110)
[2016.01.25-06.31.46:467][147]LogModuleManager: Shutting down and abandoning module GammaUI (109)
[2016.01.25-06.31.46:480][147]LogModuleManager: Shutting down and abandoning module Documentation (108)
[2016.01.25-06.31.46:480][147]LogModuleManager: Shutting down and abandoning module GameLiveStreaming (107)
[2016.01.25-06.31.46:480][147]LogModuleManager: Shutting down and abandoning module StreamingPauseRendering (106)
[2016.01.25-06.31.46:480][147]LogModuleManager: Shutting down and abandoning module HTTP (105)
[2016.01.25-06.31.46:480][147]LogModuleManager: Shutting down and abandoning module AnalyticsET (104)
[2016.01.25-06.31.46:480][147]LogModuleManager: Shutting down and abandoning module Analytics (103)
[2016.01.25-06.31.46:480][147]LogModuleManager: Shutting down and abandoning module GameplayDebugger (102)
[2016.01.25-06.31.46:480][147]LogModuleManager: Shutting down and abandoning module AIModule (101)
[2016.01.25-06.31.46:499][147]LogModuleManager: Shutting down and abandoning module ProfilerService (100)
[2016.01.25-06.31.46:529][147]LogModuleManager: Shutting down and abandoning module TaskGraph (99)
[2016.01.25-06.31.46:537][147]LogModuleManager: Shutting down and abandoning module SlateRemote (98)
[2016.01.25-06.31.46:537][147]LogModuleManager: Shutting down and abandoning module ScriptEditorPlugin (97)
[2016.01.25-06.31.46:537][147]LogModuleManager: Shutting down and abandoning module CustomMeshComponent (96)
[2016.01.25-06.31.46:537][147]LogModuleManager: Shutting down and abandoning module CableComponent (95)
[2016.01.25-06.31.46:537][147]LogModuleManager: Shutting down and abandoning module MessagingDebugger (94)
[2016.01.25-06.31.46:568][147]LogModuleManager: Shutting down and abandoning module MediaPlayerEditor (93)
[2016.01.25-06.31.46:574][147]LogModuleManager: Shutting down and abandoning module SpeedTreeImporter (92)
[2016.01.25-06.31.46:574][147]LogModuleManager: Shutting down and abandoning module PluginsEditor (91)
[2016.01.25-06.31.46:575][147]LogModuleManager: Shutting down and abandoning module EpicSurvey (90)
[2016.01.25-06.31.46:575][147]LogModuleManager: Shutting down and abandoning module DesktopPlatform (89)
[2016.01.25-06.31.46:594][147]LogModuleManager: Shutting down and abandoning module VisualStudioSourceCodeAccess (88)
[2016.01.25-06.31.46:594][147]LogModuleManager: Shutting down and abandoning module UObjectPlugin (87)
[2016.01.25-06.31.46:594][147]LogModuleManager: Shutting down and abandoning module SubversionSourceControl (86)
[2016.01.25-06.31.46:594][147]LogModuleManager: Shutting down and abandoning module SourceControl (85)
[2016.01.25-06.31.46:594][147]LogModuleManager: Shutting down and abandoning module PerforceSourceControl (84)
[2016.01.25-06.31.46:603][147]LogModuleManager: Shutting down and abandoning module BlankPlugin (83)
[2016.01.25-06.31.46:603][147]LogModuleManager: Shutting down and abandoning module SlateReflector (82)
[2016.01.25-06.31.46:603][147]LogModuleManager: Shutting down and abandoning module DirectoryWatcher (81)
[2016.01.25-06.31.46:604][147]LogModuleManager: Shutting down and abandoning module HotReload (80)
[2016.01.25-06.31.46:604][147]LogModuleManager: Shutting down and abandoning module MainFrame (79)
[2016.01.25-06.31.46:604][147]LogModuleManager: Shutting down and abandoning module LevelEditor (78)
[2016.01.25-06.31.46:606][147]LogModuleManager: Shutting down and abandoning module ViewportSnapping (77)
[2016.01.25-06.31.46:606][147]LogModuleManager: Shutting down and abandoning module SmartSnapping (76)
[2016.01.25-06.31.46:606][147]LogModuleManager: Shutting down and abandoning module PaperTiledImporter (75)
[2016.01.25-06.31.46:606][147]LogModuleManager: Shutting down and abandoning module PaperJsonImporter (74)
[2016.01.25-06.31.46:606][147]LogModuleManager: Shutting down and abandoning module ContentBrowser (73)
[2016.01.25-06.31.46:606][147]LogModuleManager: Shutting down and abandoning module PropertyEditor (72)
[2016.01.25-06.31.46:606][147]LogModuleManager: Shutting down and abandoning module Paper2DEditor (71)
[2016.01.25-06.31.46:628][147]LogModuleManager: Shutting down and abandoning module ScriptPlugin (70)
[2016.01.25-06.31.46:644][147]LogModuleManager: Shutting down and abandoning module UdpMessaging (69)
[2016.01.25-06.31.46:745][147]LogModuleManager: Shutting down and abandoning module Paper2D (68)
[2016.01.25-06.31.46:745][147]LogModuleManager: Shutting down and abandoning module WindowsMoviePlayer (67)
[2016.01.25-06.31.46:751][147]LogModuleManager: Shutting down and abandoning module Media (66)
[2016.01.25-06.31.46:751][147]LogModuleManager: Shutting down and abandoning module WmfMedia (65)
[2016.01.25-06.31.46:752][147]LogModuleManager: Shutting down and abandoning module OnlineBlueprintSupport (64)
[2016.01.25-06.31.46:752][147]LogModuleManager: Shutting down and abandoning module FunctionalTesting (63)
[2016.01.25-06.31.46:752][147]LogModuleManager: Shutting down and abandoning module CollisionAnalyzer (62)
[2016.01.25-06.31.46:793][147]LogModuleManager: Shutting down and abandoning module WorkspaceMenuStructure (61)
[2016.01.25-06.31.46:794][147]LogModuleManager: Shutting down and abandoning module MessageLog (60)
[2016.01.25-06.31.46:794][147]LogModuleManager: Shutting down and abandoning module Sequencer (59)
[2016.01.25-06.31.46:812][147]LogModuleManager: Shutting down and abandoning module AssetTools (58)
[2016.01.25-06.31.46:898][147]LogModuleManager: Shutting down and abandoning module UMGEditor (57)
[2016.01.25-06.31.46:931][147]LogModuleManager: Shutting down and abandoning module UMG (56)
[2016.01.25-06.31.46:964][147]LogModuleManager: Shutting down and abandoning module Slate (55)
[2016.01.25-06.31.46:964][147]LogModuleManager: Shutting down and abandoning module EditorStyle (54)
[2016.01.25-06.31.46:967][147]LogModuleManager: Shutting down and abandoning module SessionServices (53)
[2016.01.25-06.31.46:967][147]LogModuleManager: Shutting down and abandoning module SourceCodeAccess (52)
[2016.01.25-06.31.46:967][147]LogModuleManager: Shutting down and abandoning module HeadMountedDisplay (51)
[2016.01.25-06.31.46:967][147]LogModuleManager: Shutting down and abandoning module XAudio2 (50)
[2016.01.25-06.31.46:968][147]LogModuleManager: Shutting down and abandoning module Networking (48)
[2016.01.25-06.31.46:968][147]LogModuleManager: Shutting down and abandoning module Core (47)
[2016.01.25-06.31.46:968][147]LogModuleManager: Shutting down and abandoning module KismetCompiler (46)
[2016.01.25-06.31.46:968][147]LogModuleManager: Shutting down and abandoning module PhysXFormats (45)
[2016.01.25-06.31.46:968][147]LogModuleManager: Shutting down and abandoning module MeshUtilities (44)
[2016.01.25-06.31.47:002][147]LogModuleManager: Shutting down and abandoning module DerivedDataCache (43)
[2016.01.25-06.31.47:083][147]LogDerivedDataCache: Shutdown
[2016.01.25-06.31.47:083][147]LogModuleManager: Shutting down and abandoning module ShaderFormatOpenGL (42)
[2016.01.25-06.31.47:101][147]LogModuleManager: Shutting down and abandoning module ShaderFormatD3D (41)
[2016.01.25-06.31.47:101][147]LogModuleManager: Shutting down and abandoning module MetalShaderFormat (40)
[2016.01.25-06.31.47:131][147]LogModuleManager: Shutting down and abandoning module TextureFormatUncompressed (39)
[2016.01.25-06.31.47:131][147]LogModuleManager: Shutting down and abandoning module TextureFormatPVR (38)
[2016.01.25-06.31.47:132][147]LogModuleManager: Shutting down and abandoning module TextureFormatDXT (37)
[2016.01.25-06.31.47:132][147]LogModuleManager: Shutting down and abandoning module TextureFormatAndroid (36)
[2016.01.25-06.31.47:132][147]LogModuleManager: Shutting down and abandoning module AudioFormatOpus (35)
[2016.01.25-06.31.47:132][147]LogModuleManager: Shutting down and abandoning module AudioFormatOgg (34)
[2016.01.25-06.31.47:132][147]LogModuleManager: Shutting down and abandoning module AudioFormatADPCM (33)
[2016.01.25-06.31.47:132][147]LogModuleManager: Shutting down and abandoning module Messaging (32)
[2016.01.25-06.31.47:132][147]LogModuleManager: Shutting down and abandoning module IOSTargetPlatform (31)
[2016.01.25-06.31.47:132][147]LogModuleManager: Shutting down and abandoning module Android_PVRTCTargetPlatform (30)
[2016.01.25-06.31.47:132][147]LogModuleManager: Shutting down and abandoning module Android_ETC2TargetPlatform (29)
[2016.01.25-06.31.47:132][147]LogModuleManager: Shutting down and abandoning module Android_ETC1TargetPlatform (28)
[2016.01.25-06.31.47:132][147]LogModuleManager: Shutting down and abandoning module Android_DXTTargetPlatform (27)
[2016.01.25-06.31.47:132][147]LogModuleManager: Shutting down and abandoning module Android_ATCTargetPlatform (26)
[2016.01.25-06.31.47:132][147]LogModuleManager: Shutting down and abandoning module AndroidTargetPlatform (25)
[2016.01.25-06.31.47:132][147]LogModuleManager: Shutting down and abandoning module WindowsTargetPlatform (24)
[2016.01.25-06.31.47:132][147]LogModuleManager: Shutting down and abandoning module WindowsServerTargetPlatform (23)
[2016.01.25-06.31.47:132][147]LogModuleManager: Shutting down and abandoning module WindowsNoEditorTargetPlatform (22)
[2016.01.25-06.31.47:132][147]LogModuleManager: Shutting down and abandoning module WindowsClientTargetPlatform (21)
[2016.01.25-06.31.47:132][147]LogModuleManager: Shutting down and abandoning module TargetPlatform (20)
[2016.01.25-06.31.47:132][147]LogModuleManager: Shutting down and abandoning module InputCore (19)
[2016.01.25-06.31.47:132][147]LogModuleManager: Shutting down and abandoning module Settings (18)
[2016.01.25-06.31.47:132][147]LogModuleManager: Shutting down and abandoning module ImageWrapper (17)
[2016.01.25-06.31.47:132][147]LogModuleManager: Shutting down and abandoning module OculusRift (14)
[2016.01.25-06.31.47:132][147]LogModuleManager: Shutting down and abandoning module ExampleDeviceProfileSelector (13)
[2016.01.25-06.31.47:132][147]LogModuleManager: Shutting down and abandoning module TextureCompressor (12)
[2016.01.25-06.31.47:158][147]LogModuleManager: Shutting down and abandoning module ShaderCore (11)
[2016.01.25-06.31.47:158][147]LogModuleManager: Shutting down and abandoning module SlateRHIRenderer (10)
[2016.01.25-06.31.47:163][147]LogModuleManager: Shutting down and abandoning module OpenGLDrv (9)
[2016.01.25-06.31.47:163][147]LogModuleManager: Shutting down and abandoning module D3D11RHI (8)
[2016.01.25-06.31.47:163][147]LogModuleManager: Shutting down and abandoning module Renderer (7)
[2016.01.25-06.31.47:163][147]LogModuleManager: Shutting down and abandoning module Engine (6)
[2016.01.25-06.31.47:163][147]LogModuleManager: Shutting down and abandoning module CoreUObject (5)
[2016.01.25-06.31.47:163][147]LogModuleManager: Shutting down and abandoning module NetworkFile (4)
[2016.01.25-06.31.47:200][147]LogModuleManager: Shutting down and abandoning module StreamingFile (3)
[2016.01.25-06.31.47:201][147]LogModuleManager: Shutting down and abandoning module SandboxFile (2)
[2016.01.25-06.31.47:205][147]LogModuleManager: Shutting down and abandoning module PakFile (1)
[2016.01.25-06.31.47:224][147]LogExit: Exiting.
[2016.01.25-06.31.47:276][147]Log file closed, 01/25/16 01:31:47
