Log file open, 01/11/16 23:24:34
LogInit:Display: Running engine for game: Proyecto
LogInit: Version: 4.5.1-2336687+++depot+UE4-Releases+4.5
LogInit: API Version: 2326478
LogInit: Compiled (64-bit): Oct 21 2014 22:32:40
LogInit: Compiled with Visual C++: 18.00.21005.01
LogInit: Build Configuration: Development
LogInit: Branch Name: ++depot+UE4-Releases+4.5
LogInit: Command line:  
LogInit: Base directory: C:/Program Files (x86)/Epic Games/4.5/Engine/Binaries/Win64/
LogInit: Rocket: 1
[2016.01.12-04.24.34:300][  0]LogTaskGraph: Started task graph with 3 named threads and 4 total threads.
[2016.01.12-04.24.34:334][  0]LogOnline:Warning: No default platform service specified for OnlineSubsystem
[2016.01.12-04.24.34:362][  0]LogInit: Presizing for 0 objects not considered by GC, pre-allocating 0 bytes.
[2016.01.12-04.24.34:373][  0]LogInit: Object subsystem initialized
[2016.01.12-04.24.34:376][  0]LogConsoleResponse:Warning: Skipping Unknown console variable: 'UIScaleRule = ShortestSide'
[2016.01.12-04.24.34:376][  0]LogConsoleResponse:Warning:   Found in ini file 'C:/Users/user/Documents/Proyecto/Saved/Config/Windows/Engine.ini', in section '[/Script/Engine.RendererSettings]'
[2016.01.12-04.24.34:376][  0]LogConsoleResponse:Warning: Skipping Unknown console variable: 'UIScaleCurve = (EditorCurveData=(Keys=((Time=480.000000,Value=0.444000),(Time=720.000000,Value=0.666000),(Time=1080.000000,Value=1.000000),(Time=8640.000000,Value=8.000000))),ExternalCurve=None)'
[2016.01.12-04.24.34:376][  0]LogConsoleResponse:Warning:   Found in ini file 'C:/Users/user/Documents/Proyecto/Saved/Config/Windows/Engine.ini', in section '[/Script/Engine.RendererSettings]'
[2016.01.12-04.24.34:377][  0]LogInit: Selected Device Profile: [Windows]
[2016.01.12-04.24.34:377][  0]LogInit: Applying CVar settings loaded from the selected device profile: [Windows]
[2016.01.12-04.24.34:391][  0]LogInit: Computer: DANNY
[2016.01.12-04.24.34:391][  0]LogInit: User: user
[2016.01.12-04.24.34:393][  0]LogInit: CPU Page size=4096, Cores=2
[2016.01.12-04.24.34:393][  0]LogInit: High frequency timer resolution =1.656325 MHz
[2016.01.12-04.24.34:393][  0]LogMemory: Memory total: Physical=7.9GB (8GB approx) Virtual=131072.0GB
[2016.01.12-04.24.34:394][  0]LogMemory: Platform Memory Stats for Windows
[2016.01.12-04.24.34:394][  0]LogMemory: Process Physical Memory: 60.23 MB used, 60.23 MB peak
[2016.01.12-04.24.34:394][  0]LogMemory: Process Virtual Memory: 35.22 MB used, 38.50 MB peak
[2016.01.12-04.24.34:394][  0]LogMemory: Physical Memory: 4432.74 MB used, 8096.02 MB total
[2016.01.12-04.24.34:394][  0]LogMemory: Virtual Memory: 274.44 MB used, 134217728.00 MB total
[2016.01.12-04.24.34:418][  0]LogD3D11RHI: Found D3D11 adapter 0: Intel(R) HD Graphics Family (Feature Level 11_0)
[2016.01.12-04.24.34:418][  0]LogD3D11RHI: Adapter has 0MB of dedicated video memory, 0MB of dedicated system memory, and 1792MB of shared system memory, 1 output[s]
[2016.01.12-04.24.34:421][  0]LogD3D11RHI: Found D3D11 adapter 1: Microsoft Basic Render Driver (Feature Level 11_0)
[2016.01.12-04.24.34:421][  0]LogD3D11RHI: Adapter has 0MB of dedicated video memory, 0MB of dedicated system memory, and 256MB of shared system memory, 0 output[s]
[2016.01.12-04.24.34:421][  0]LogD3D11RHI: Chosen D3D11 Adapter Id = 0
[2016.01.12-04.24.34:427][  0]LogRHI: Texture pool is 627 MB (70% of 896 MB)
[2016.01.12-04.24.34:435][  0]LogD3D11RHI: Async texture creation enabled
[2016.01.12-04.24.34:478][  0]LogTextLocalizationManager: The requested culture ('es_ES') has no localization data; parent culture's ('es') localization data will be used.
[2016.01.12-04.24.34:612][  0]LogContentStreaming: Texture pool size is 0.000000MB
[2016.01.12-04.24.41:074][  0]LogTargetPlatformManager:Display: Building Assets For Windows
[2016.01.12-04.24.41:708][  0]LogTargetPlatformManager:Display: Building Assets For Windows
[2016.01.12-04.24.41:785][  0]LogDerivedDataCache:Display: Max Cache Size: 512 MB
[2016.01.12-04.24.41:950][  0]LogDerivedDataCache: Loaded boot cache 0.17s 39MB C:/Users/user/AppData/Local/UnrealEngine/4.5/DerivedDataCache/Boot.ddc.
[2016.01.12-04.24.41:951][  0]LogDerivedDataCache:Display: Loaded Boot cache: C:/Users/user/AppData/Local/UnrealEngine/4.5/DerivedDataCache/Boot.ddc
[2016.01.12-04.24.41:951][  0]LogDerivedDataCache: FDerivedDataBackendGraph:  Pak pak cache file ../../../../../../Users/user/Documents/Proyecto/DerivedDataCache/DDC.ddp not found, will not use a pak cache.
[2016.01.12-04.24.41:951][  0]LogDerivedDataCache: Unable to find inner node Pak for hierarchical cache Hierarchy.
[2016.01.12-04.24.42:035][  0]LogDerivedDataCache:Display: Pak cache opened for reading ../../../Engine/DerivedDataCache/DDC.ddp.
[2016.01.12-04.24.42:048][  0]LogDerivedDataCache: Using Local data cache path C:/Users/user/AppData/Local/UnrealEngine/Common/DerivedDataCache: Writable
[2016.01.12-04.24.42:318][  0]LogMeshUtilities: No automatic mesh reduction module available
[2016.01.12-04.24.42:318][  0]LogMeshUtilities: No automatic mesh merging module available
[2016.01.12-04.24.42:651][  0]LogLinker:Warning: Asset '../../../Engine/Content/Functions/Engine_MaterialFunctions02/Texturing/FlipBook.uasset' has been saved with empty engine version. The asset will be loaded but may be incompatible.
[2016.01.12-04.24.42:658][  0]LogLinker:Warning: Asset '../../../Engine/Content/Functions/Engine_MaterialFunctions02/ExampleContent/Textures/flipbook.uasset' has been saved with empty engine version. The asset will be loaded but may be incompatible.
[2016.01.12-04.24.42:930][  0]LogInit: WinSock: version 1.1 (2.2), MaxSocks=32767, MaxUdp=65467
[2016.01.12-04.24.47:063][  0]UdpMessaging: Initializing bridge on interface 0.0.0.0:0 to multicast group 230.0.0.1:6666.
[2016.01.12-04.24.47:284][  0]LogDirectoryWatcher:Warning: Failed to begin reading directory changes for C:/Users/user/Documents/Proyecto/Binaries/Win64. Error: 0
[2016.01.12-04.24.47:493][  0]SourceControl: Info Source control is disabled
[2016.01.12-04.24.47:493][  0]SourceControl: Info Source control is disabled
[2016.01.12-04.24.47:505][  0]SourceControl: Info Source control is disabled
[2016.01.12-04.24.47:701][  0]LogObj: 22915 objects as part of root set at end of initial load.
[2016.01.12-04.24.47:701][  0]LogUObjectAllocator: 4803536 out of 0 bytes used by permanent object pool.
[2016.01.12-04.24.47:777][  0]LogEngine: Initializing Engine...
[2016.01.12-04.24.48:001][  0]LogInit: XAudio2 using 'Speakers / Headphones (Realtek High Definition Audio)' : 2 channels at 48 kHz using 32 bits per sample (channel mask 0x3)
[2016.01.12-04.24.48:125][  0]LogInit: FAudioDevice initialized.
[2016.01.12-04.24.48:160][  0]LogAIModule: Creating AISystem for world NewWorld
[2016.01.12-04.24.48:196][  0]LogDerivedDataCache: Saved boot cache 0.03s 39MB C:/Users/user/AppData/Local/UnrealEngine/4.5/DerivedDataCache/Boot.ddc.
[2016.01.12-04.24.48:201][  0]LogInit: Texture streaming: Enabled
[2016.01.12-04.24.48:273][  0]LogInit: Transaction tracking system initialized
[2016.01.12-04.24.48:439][  0]BlueprintLog: New page: Cargar el editor
[2016.01.12-04.24.48:478][  0]LogAssetRegistry: FAssetRegistry took 0.0111 seconds to start up
[2016.01.12-04.24.48:479][  0]LogDirectoryWatcher:Warning: Failed to begin reading directory changes for ../../../Engine/Plugins/Experimental/CharacterAI/Content/. Error: 0
[2016.01.12-04.24.49:241][  0]LogTargetPlatformManager:Display: Building Assets For Windows
[2016.01.12-04.24.49:816][  0]LogTargetPlatformManager:Display: Building Assets For Windows
[2016.01.12-04.24.50:219][  0]LogConsoleResponse:Display: 
[2016.01.12-04.24.50:736][  0]SourceControl: Info Source control is disabled
[2016.01.12-04.24.50:736][  0]Cmd: MAP LOAD FILE="../../../Engine/Content/Maps/Templates/Template_Default.umap" TEMPLATE=1 SHOWPROGRESS=1
[2016.01.12-04.24.50:739][  0]LightingResults: New page: Diseñar la iluminación
[2016.01.12-04.24.50:764][  0]MapCheck: New page: Revisión del mapa
[2016.01.12-04.24.50:764][  0]LightingResults: New page: Diseñar la iluminación
[2016.01.12-04.24.50:799][  0]LogParticles: Destroying 0 GPU particle simulations for FXSystem 0x00000015E0E59440
[2016.01.12-04.24.51:297][  0]LogEditorServer: Finished looking for orphan Actors (0.000 secs)
[2016.01.12-04.24.51:298][  0]LogAIModule: Creating AISystem for world Untitled_1
[2016.01.12-04.24.51:298][  0]Cmd: MAP CHECKDEP
[2016.01.12-04.24.51:298][  0]MapCheck: New page: Untitled_1 - 11/1/2016 18:24:51
[2016.01.12-04.24.51:654][  0]MapCheck: Info Map check complete: 0 Error(s), 0 Warning(s), took 355,072ms to complete.
[2016.01.12-04.24.51:654][  0]LogFileHelpers: Loading map 'Template_Default' took 0.917
[2016.01.12-04.24.51:849][  0]LogCollectionManager: Loaded 0 collections in 0.002538 seconds
[2016.01.12-04.24.52:140][  0]LogCrashTracker: Crashtracker disabled due to settings.
[2016.01.12-04.24.52:174][  0]LogUObjectGlobals:Warning: Failed to find object 'Class None.'
[2016.01.12-04.24.52:212][  0]LogLoad: Full Startup: 20.78 seconds (BP compile: 0.18 seconds)
[2016.01.12-04.24.52:246][  0]LogContentBrowser:Verbose: The content browser source was changed by the sources view to '/Game/Niveles'
[2016.01.12-04.24.52:503][  0]LogRenderer:Warning: Reallocating scene render targets to support 848x592.
[2016.01.12-04.24.53:193][  3]LogAssetRegistry: Asset discovery search completed in 4.7272 seconds
[2016.01.12-04.25.40:429][261]Cmd: MAP LOAD FILE="../../../../../../Users/user/Documents/Proyecto/Content/Niveles/Nivel_1.umap" TEMPLATE=0 SHOWPROGRESS=1
[2016.01.12-04.25.40:429][261]LightingResults: New page: Diseñar la iluminación
[2016.01.12-04.25.40:485][261]LoadErrors: New page: Cargando mapa: Nivel_1.umap
[2016.01.12-04.25.40:486][261]MapCheck: New page: Revisión del mapa
[2016.01.12-04.25.40:486][261]LightingResults: New page: Diseñar la iluminación
[2016.01.12-04.25.40:511][261]LogParticles: Destroying 0 GPU particle simulations for FXSystem 0x00000015DDA5B380
[2016.01.12-04.25.40:524][261]LogEditorServer: Finished looking for orphan Actors (0.000 secs)
[2016.01.12-04.25.40:524][261]LogAIModule: Creating AISystem for world Nivel_1
[2016.01.12-04.25.40:578][261]Cmd: MAP CHECKDEP
[2016.01.12-04.25.40:579][261]MapCheck: New page: Nivel_1 - 11/1/2016 18:25:40
[2016.01.12-04.25.40:774][261]MapCheck: Info Map check complete: 0 Error(s), 0 Warning(s), took 195,326ms to complete.
[2016.01.12-04.25.40:774][261]LogFileHelpers: Loading map 'Nivel_1' took 0.347
[2016.01.12-04.25.47:434][488]LogEditorViewport: Clicking on Actor (LMB): StaticMeshActor (SM_Template_Map_Floor)
[2016.01.12-04.25.55:556][723]LogEditorViewport: Clicking on Actor (LMB): BP_Sky_Sphere_C (BP_Sky_Shere)
[2016.01.12-04.28.56:448][ 83]Cmd: BRUSH ADD SELECTNEWBRUSH
[2016.01.12-04.28.57:649][123]Cmd: DELETE
[2016.01.12-04.28.57:649][123]Cmd: ACTOR DELETE
[2016.01.12-04.28.57:650][123]LogEditorActor: Deleted Actor: Brush
[2016.01.12-04.28.57:684][123]LogEditorActor: Deleted 1 Actors (0.035 secs)
[2016.01.12-04.29.06:310][481]Cmd: BRUSH ADD SELECTNEWBRUSH
[2016.01.12-04.29.20:604][955]LogEditorViewport: Clicking on Actor (LMB): BP_Sky_Sphere_C (BP_Sky_Shere)
[2016.01.12-04.29.53:582][ 45]Cmd: POLY TEXMULT UU=-0.000000 VV=-0.000000 UV=-1.000000 VU=1.000000
[2016.01.12-04.29.54:292][ 69]Cmd: POLY TEXMULT UU=-0.000000 VV=-0.000000 UV=-1.000000 VU=1.000000
[2016.01.12-04.29.54:818][ 87]Cmd: POLY TEXMULT UU=-0.000000 VV=-0.000000 UV=-1.000000 VU=1.000000
[2016.01.12-04.29.55:366][106]Cmd: POLY TEXMULT UU=-0.000000 VV=-0.000000 UV=-1.000000 VU=1.000000
[2016.01.12-04.29.57:020][158]Cmd: POLY TEXMULT UU=0.707107 VV=0.707107 UV=-0.707107 VU=0.707107
[2016.01.12-04.29.57:520][173]Cmd: POLY TEXMULT UU=0.707107 VV=0.707107 UV=-0.707107 VU=0.707107
[2016.01.12-04.29.57:999][189]Cmd: POLY TEXMULT UU=0.707107 VV=0.707107 UV=-0.707107 VU=0.707107
[2016.01.12-04.29.58:715][213]Cmd: POLY TEXMULT UU=0.707107 VV=0.707107 UV=-0.707107 VU=0.707107
[2016.01.12-04.30.00:772][278]Cmd: POLY TEXMULT UU=1 VV=-1
[2016.01.12-04.30.01:316][297]Cmd: POLY TEXMULT UU=1 VV=-1
[2016.01.12-04.30.11:051][686]LogEditorViewport: Clicking on Actor (LMB): Brush (Linear Stair Pincel)
[2016.01.12-04.30.30:046][256]LogEditorViewport: Clicking on Actor (LMB): BP_Sky_Sphere_C (BP_Sky_Shere)
[2016.01.12-04.30.34:105][375]LogEditorViewport: Clicking on Actor (context menu): Brush (Linear Stair Pincel)
[2016.01.12-04.35.40:854][504]Cmd: OBJ SAVEPACKAGE PACKAGE="/Game/Niveles/Nivel_1" FILE="../../../../../../Users/user/Documents/Proyecto/Saved/Autosaves/Game/Niveles/Nivel_1_Auto1.umap" SILENT=true AUTOSAVING=true KEEPDIRTY=false
[2016.01.12-04.35.40:942][504]LogSavePackage: Save=66.061913ms
[2016.01.12-04.35.40:943][504]LogSavePackage: Moving '../../../../../../Users/user/Documents/Proyecto/Saved/Nivel_1_Auto18003388443A65190AE10F782094D6EEC.tmp' to '../../../../../../Users/user/Documents/Proyecto/Saved/Autosaves/Game/Niveles/Nivel_1_Auto1.umap'
[2016.01.12-04.35.40:953][504]LogFileHelpers: Editor autosave (incl. sublevels) for '/Game/Niveles/Nivel_1' took 0.164
[2016.01.12-04.35.40:953][504]LogFileHelpers: Editor autosave (incl. sublevels) for all levels took 0.164
[2016.01.12-04.36.56:922][876]LogEditorViewport: Clicking on Actor (LMB): Brush (Linear Stair Pincel)
[2016.01.12-05.21.16:314][ 67]Cmd: QUIT_EDITOR
[2016.01.12-05.21.16:782][ 67]LogExit: Preparing to exit.
[2016.01.12-05.21.17:342][ 67]LogExit: Editor shut down
[2016.01.12-05.21.17:343][ 67]LogExit: Transaction tracking system shut down
[2016.01.12-05.21.17:348][ 67]LogParticles: Destroying 0 GPU particle simulations for FXSystem 0x00000015DDAF7CE0
[2016.01.12-05.21.17:348][ 67]LogParticles: Destroying 0 GPU particle simulations for FXSystem 0x00000015DDAF7100
[2016.01.12-05.21.17:348][ 67]LogParticles: Destroying 0 GPU particle simulations for FXSystem 0x00000015DCC13920
[2016.01.12-05.21.17:386][ 67]LogExit: Object subsystem successfully closed.
[2016.01.12-05.21.17:443][ 67]LogModuleManager: Shutting down and abandoning module AndroidDeviceDetection (166)
[2016.01.12-05.21.17:443][ 67]LogModuleManager: Shutting down and abandoning module CrashTracker (165)
[2016.01.12-05.21.17:443][ 67]LogModuleManager: Shutting down and abandoning module SuperSearch (164)
[2016.01.12-05.21.17:443][ 67]LogModuleManager: Shutting down and abandoning module SceneOutliner (163)
[2016.01.12-05.21.17:443][ 67]LogModuleManager: Shutting down and abandoning module EditorWidgets (162)
[2016.01.12-05.21.17:443][ 67]LogModuleManager: Shutting down and abandoning module CollectionManager (161)
[2016.01.12-05.21.17:443][ 67]LogModuleManager: Shutting down and abandoning module StatsViewer (160)
[2016.01.12-05.21.17:444][ 67]LogModuleManager: Shutting down and abandoning module FoliageEdit (159)
[2016.01.12-05.21.17:444][ 67]LogModuleManager: Shutting down and abandoning module LandscapeEditor (158)
[2016.01.12-05.21.17:444][ 67]LogModuleManager: Shutting down and abandoning module MeshPaint (157)
[2016.01.12-05.21.17:444][ 67]LogModuleManager: Shutting down and abandoning module ActorPickerMode (156)
[2016.01.12-05.21.17:444][ 67]LogModuleManager: Shutting down and abandoning module GeometryMode (155)
[2016.01.12-05.21.17:444][ 67]LogModuleManager: Shutting down and abandoning module TextureAlignMode (154)
[2016.01.12-05.21.17:444][ 67]LogModuleManager: Shutting down and abandoning module BspMode (153)
[2016.01.12-05.21.17:444][ 67]LogModuleManager: Shutting down and abandoning module PlacementMode (152)
[2016.01.12-05.21.17:444][ 67]LogModuleManager: Shutting down and abandoning module AutomationWorker (151)
[2016.01.12-05.21.17:444][ 67]LogModuleManager: Shutting down and abandoning module CharacterAI (150)
[2016.01.12-05.21.17:444][ 67]LogModuleManager: Shutting down and abandoning module GameProjectGeneration (149)
[2016.01.12-05.21.17:444][ 67]LogModuleManager: Shutting down and abandoning module IntroTutorials (148)
[2016.01.12-05.21.17:444][ 67]LogModuleManager: Shutting down and abandoning module EditorLiveStreaming (147)
[2016.01.12-05.21.17:444][ 67]LogModuleManager: Shutting down and abandoning module HardwareTargeting (146)
[2016.01.12-05.21.17:444][ 67]LogModuleManager: Shutting down and abandoning module BehaviorTreeEditor (145)
[2016.01.12-05.21.17:444][ 67]LogModuleManager: Shutting down and abandoning module DeviceProfileEditor (144)
[2016.01.12-05.21.17:444][ 67]LogModuleManager: Shutting down and abandoning module UndoHistory (143)
[2016.01.12-05.21.17:444][ 67]LogModuleManager: Shutting down and abandoning module GameplayTagsEditor (142)
[2016.01.12-05.21.17:444][ 67]LogModuleManager: Shutting down and abandoning module UserFeedback (141)
[2016.01.12-05.21.17:444][ 67]LogModuleManager: Shutting down and abandoning module XmlParser (140)
[2016.01.12-05.21.17:444][ 67]LogModuleManager: Shutting down and abandoning module Blutility (139)
[2016.01.12-05.21.17:444][ 67]LogModuleManager: Shutting down and abandoning module IOSPlatformEditor (138)
[2016.01.12-05.21.17:444][ 67]LogModuleManager: Shutting down and abandoning module IOSRuntimeSettings (137)
[2016.01.12-05.21.17:444][ 67]LogModuleManager: Shutting down and abandoning module AndroidPlatformEditor (136)
[2016.01.12-05.21.17:444][ 67]LogModuleManager: Shutting down and abandoning module AndroidRuntimeSettings (135)
[2016.01.12-05.21.17:444][ 67]LogModuleManager: Shutting down and abandoning module ProjectTargetPlatformEditor (134)
[2016.01.12-05.21.17:444][ 67]LogModuleManager: Shutting down and abandoning module ProjectSettingsViewer (133)
[2016.01.12-05.21.17:444][ 67]LogModuleManager: Shutting down and abandoning module InputBindingEditor (132)
[2016.01.12-05.21.17:444][ 67]LogModuleManager: Shutting down and abandoning module EditorSettingsViewer (131)
[2016.01.12-05.21.17:444][ 67]LogModuleManager: Shutting down and abandoning module SettingsEditor (130)
[2016.01.12-05.21.17:444][ 67]LogModuleManager: Shutting down and abandoning module ProjectLauncher (129)
[2016.01.12-05.21.17:444][ 67]LogModuleManager: Shutting down and abandoning module SessionFrontend (128)
[2016.01.12-05.21.17:444][ 67]LogModuleManager: Shutting down and abandoning module ProfilerClient (127)
[2016.01.12-05.21.17:444][ 67]LogModuleManager: Shutting down and abandoning module TargetDeviceServices (126)
[2016.01.12-05.21.17:445][ 67]LogModuleManager: Shutting down and abandoning module DeviceManager (125)
[2016.01.12-05.21.17:445][ 67]LogModuleManager: Shutting down and abandoning module AutomationController (124)
[2016.01.12-05.21.17:445][ 67]LogModuleManager: Shutting down and abandoning module AutomationWindow (123)
[2016.01.12-05.21.17:445][ 67]LogModuleManager: Shutting down and abandoning module Layers (122)
[2016.01.12-05.21.17:445][ 67]LogModuleManager: Shutting down and abandoning module ComponentVisualizers (121)
[2016.01.12-05.21.17:445][ 67]LogModuleManager: Shutting down and abandoning module DetailCustomizations (120)
[2016.01.12-05.21.17:445][ 67]LogModuleManager: Shutting down and abandoning module PackagesDialog (119)
[2016.01.12-05.21.17:445][ 67]LogModuleManager: Shutting down and abandoning module AssetRegistry (118)
[2016.01.12-05.21.17:558][ 67]LogModuleManager: Shutting down and abandoning module Persona (117)
[2016.01.12-05.21.17:558][ 67]LogModuleManager: Shutting down and abandoning module Kismet (116)
[2016.01.12-05.21.17:558][ 67]LogModuleManager: Shutting down and abandoning module GraphEditor (115)
[2016.01.12-05.21.17:558][ 67]LogModuleManager: Shutting down and abandoning module ClassViewer (114)
[2016.01.12-05.21.17:558][ 67]LogModuleManager: Shutting down and abandoning module Toolbox (113)
[2016.01.12-05.21.17:558][ 67]LogModuleManager: Shutting down and abandoning module ModuleUI (112)
[2016.01.12-05.21.17:558][ 67]LogModuleManager: Shutting down and abandoning module MovieSceneTools (111)
[2016.01.12-05.21.17:559][ 67]LogModuleManager: Shutting down and abandoning module OutputLog (110)
[2016.01.12-05.21.17:559][ 67]LogModuleManager: Shutting down and abandoning module GammaUI (109)
[2016.01.12-05.21.17:559][ 67]LogModuleManager: Shutting down and abandoning module Documentation (108)
[2016.01.12-05.21.17:559][ 67]LogModuleManager: Shutting down and abandoning module GameLiveStreaming (107)
[2016.01.12-05.21.17:559][ 67]LogModuleManager: Shutting down and abandoning module StreamingPauseRendering (106)
[2016.01.12-05.21.17:559][ 67]LogModuleManager: Shutting down and abandoning module HTTP (105)
[2016.01.12-05.21.17:559][ 67]LogModuleManager: Shutting down and abandoning module AnalyticsET (104)
[2016.01.12-05.21.17:559][ 67]LogModuleManager: Shutting down and abandoning module Analytics (103)
[2016.01.12-05.21.17:559][ 67]LogModuleManager: Shutting down and abandoning module GameplayDebugger (102)
[2016.01.12-05.21.17:559][ 67]LogModuleManager: Shutting down and abandoning module AIModule (101)
[2016.01.12-05.21.17:559][ 67]LogModuleManager: Shutting down and abandoning module ProfilerService (100)
[2016.01.12-05.21.17:676][ 67]LogModuleManager: Shutting down and abandoning module TaskGraph (99)
[2016.01.12-05.21.17:676][ 67]LogModuleManager: Shutting down and abandoning module SlateRemote (98)
[2016.01.12-05.21.17:676][ 67]LogModuleManager: Shutting down and abandoning module ScriptEditorPlugin (97)
[2016.01.12-05.21.17:676][ 67]LogModuleManager: Shutting down and abandoning module CustomMeshComponent (96)
[2016.01.12-05.21.17:676][ 67]LogModuleManager: Shutting down and abandoning module CableComponent (95)
[2016.01.12-05.21.17:676][ 67]LogModuleManager: Shutting down and abandoning module MessagingDebugger (94)
[2016.01.12-05.21.17:676][ 67]LogModuleManager: Shutting down and abandoning module MediaPlayerEditor (93)
[2016.01.12-05.21.17:676][ 67]LogModuleManager: Shutting down and abandoning module SpeedTreeImporter (92)
[2016.01.12-05.21.17:676][ 67]LogModuleManager: Shutting down and abandoning module PluginsEditor (91)
[2016.01.12-05.21.17:677][ 67]LogModuleManager: Shutting down and abandoning module EpicSurvey (90)
[2016.01.12-05.21.17:677][ 67]LogModuleManager: Shutting down and abandoning module DesktopPlatform (89)
[2016.01.12-05.21.17:677][ 67]LogModuleManager: Shutting down and abandoning module VisualStudioSourceCodeAccess (88)
[2016.01.12-05.21.17:677][ 67]LogModuleManager: Shutting down and abandoning module UObjectPlugin (87)
[2016.01.12-05.21.17:677][ 67]LogModuleManager: Shutting down and abandoning module SubversionSourceControl (86)
[2016.01.12-05.21.17:677][ 67]LogModuleManager: Shutting down and abandoning module SourceControl (85)
[2016.01.12-05.21.17:677][ 67]LogModuleManager: Shutting down and abandoning module PerforceSourceControl (84)
[2016.01.12-05.21.17:677][ 67]LogModuleManager: Shutting down and abandoning module BlankPlugin (83)
[2016.01.12-05.21.17:677][ 67]LogModuleManager: Shutting down and abandoning module SlateReflector (82)
[2016.01.12-05.21.17:677][ 67]LogModuleManager: Shutting down and abandoning module DirectoryWatcher (81)
[2016.01.12-05.21.17:679][ 67]LogModuleManager: Shutting down and abandoning module HotReload (80)
[2016.01.12-05.21.17:680][ 67]LogModuleManager: Shutting down and abandoning module MainFrame (79)
[2016.01.12-05.21.17:680][ 67]LogModuleManager: Shutting down and abandoning module LevelEditor (78)
[2016.01.12-05.21.17:682][ 67]LogModuleManager: Shutting down and abandoning module ViewportSnapping (77)
[2016.01.12-05.21.17:682][ 67]LogModuleManager: Shutting down and abandoning module SmartSnapping (76)
[2016.01.12-05.21.17:682][ 67]LogModuleManager: Shutting down and abandoning module PaperTiledImporter (75)
[2016.01.12-05.21.17:682][ 67]LogModuleManager: Shutting down and abandoning module PaperJsonImporter (74)
[2016.01.12-05.21.17:682][ 67]LogModuleManager: Shutting down and abandoning module ContentBrowser (73)
[2016.01.12-05.21.17:682][ 67]LogModuleManager: Shutting down and abandoning module PropertyEditor (72)
[2016.01.12-05.21.17:683][ 67]LogModuleManager: Shutting down and abandoning module Paper2DEditor (71)
[2016.01.12-05.21.17:683][ 67]LogModuleManager: Shutting down and abandoning module ScriptPlugin (70)
[2016.01.12-05.21.17:683][ 67]LogModuleManager: Shutting down and abandoning module UdpMessaging (69)
[2016.01.12-05.21.17:783][ 67]LogModuleManager: Shutting down and abandoning module Paper2D (68)
[2016.01.12-05.21.17:783][ 67]LogModuleManager: Shutting down and abandoning module WindowsMoviePlayer (67)
[2016.01.12-05.21.17:792][ 67]LogModuleManager: Shutting down and abandoning module Media (66)
[2016.01.12-05.21.17:792][ 67]LogModuleManager: Shutting down and abandoning module WmfMedia (65)
[2016.01.12-05.21.17:793][ 67]LogModuleManager: Shutting down and abandoning module OnlineBlueprintSupport (64)
[2016.01.12-05.21.17:793][ 67]LogModuleManager: Shutting down and abandoning module FunctionalTesting (63)
[2016.01.12-05.21.17:793][ 67]LogModuleManager: Shutting down and abandoning module CollisionAnalyzer (62)
[2016.01.12-05.21.17:793][ 67]LogModuleManager: Shutting down and abandoning module WorkspaceMenuStructure (61)
[2016.01.12-05.21.17:793][ 67]LogModuleManager: Shutting down and abandoning module MessageLog (60)
[2016.01.12-05.21.17:793][ 67]LogModuleManager: Shutting down and abandoning module Sequencer (59)
[2016.01.12-05.21.17:793][ 67]LogModuleManager: Shutting down and abandoning module AssetTools (58)
[2016.01.12-05.21.17:793][ 67]LogModuleManager: Shutting down and abandoning module UMGEditor (57)
[2016.01.12-05.21.17:793][ 67]LogModuleManager: Shutting down and abandoning module UMG (56)
[2016.01.12-05.21.17:793][ 67]LogModuleManager: Shutting down and abandoning module Slate (55)
[2016.01.12-05.21.17:793][ 67]LogModuleManager: Shutting down and abandoning module EditorStyle (54)
[2016.01.12-05.21.17:799][ 67]LogModuleManager: Shutting down and abandoning module SessionServices (53)
[2016.01.12-05.21.17:800][ 67]LogModuleManager: Shutting down and abandoning module SourceCodeAccess (52)
[2016.01.12-05.21.17:800][ 67]LogModuleManager: Shutting down and abandoning module HeadMountedDisplay (51)
[2016.01.12-05.21.17:800][ 67]LogModuleManager: Shutting down and abandoning module XAudio2 (50)
[2016.01.12-05.21.17:800][ 67]LogModuleManager: Shutting down and abandoning module Networking (48)
[2016.01.12-05.21.17:800][ 67]LogModuleManager: Shutting down and abandoning module Core (47)
[2016.01.12-05.21.17:800][ 67]LogModuleManager: Shutting down and abandoning module KismetCompiler (46)
[2016.01.12-05.21.17:800][ 67]LogModuleManager: Shutting down and abandoning module PhysXFormats (45)
[2016.01.12-05.21.17:800][ 67]LogModuleManager: Shutting down and abandoning module MeshUtilities (44)
[2016.01.12-05.21.17:800][ 67]LogModuleManager: Shutting down and abandoning module DerivedDataCache (43)
[2016.01.12-05.21.17:829][ 67]LogDerivedDataCache: Shutdown
[2016.01.12-05.21.17:829][ 67]LogModuleManager: Shutting down and abandoning module ShaderFormatOpenGL (42)
[2016.01.12-05.21.17:829][ 67]LogModuleManager: Shutting down and abandoning module ShaderFormatD3D (41)
[2016.01.12-05.21.17:829][ 67]LogModuleManager: Shutting down and abandoning module MetalShaderFormat (40)
[2016.01.12-05.21.17:829][ 67]LogModuleManager: Shutting down and abandoning module TextureFormatUncompressed (39)
[2016.01.12-05.21.17:829][ 67]LogModuleManager: Shutting down and abandoning module TextureFormatPVR (38)
[2016.01.12-05.21.17:829][ 67]LogModuleManager: Shutting down and abandoning module TextureFormatDXT (37)
[2016.01.12-05.21.17:829][ 67]LogModuleManager: Shutting down and abandoning module TextureFormatAndroid (36)
[2016.01.12-05.21.17:829][ 67]LogModuleManager: Shutting down and abandoning module AudioFormatOpus (35)
[2016.01.12-05.21.17:829][ 67]LogModuleManager: Shutting down and abandoning module AudioFormatOgg (34)
[2016.01.12-05.21.17:829][ 67]LogModuleManager: Shutting down and abandoning module AudioFormatADPCM (33)
[2016.01.12-05.21.17:829][ 67]LogModuleManager: Shutting down and abandoning module Messaging (32)
[2016.01.12-05.21.17:829][ 67]LogModuleManager: Shutting down and abandoning module IOSTargetPlatform (31)
[2016.01.12-05.21.17:829][ 67]LogModuleManager: Shutting down and abandoning module Android_PVRTCTargetPlatform (30)
[2016.01.12-05.21.17:829][ 67]LogModuleManager: Shutting down and abandoning module Android_ETC2TargetPlatform (29)
[2016.01.12-05.21.17:829][ 67]LogModuleManager: Shutting down and abandoning module Android_ETC1TargetPlatform (28)
[2016.01.12-05.21.17:829][ 67]LogModuleManager: Shutting down and abandoning module Android_DXTTargetPlatform (27)
[2016.01.12-05.21.17:830][ 67]LogModuleManager: Shutting down and abandoning module Android_ATCTargetPlatform (26)
[2016.01.12-05.21.17:830][ 67]LogModuleManager: Shutting down and abandoning module AndroidTargetPlatform (25)
[2016.01.12-05.21.17:830][ 67]LogModuleManager: Shutting down and abandoning module WindowsTargetPlatform (24)
[2016.01.12-05.21.17:830][ 67]LogModuleManager: Shutting down and abandoning module WindowsServerTargetPlatform (23)
[2016.01.12-05.21.17:830][ 67]LogModuleManager: Shutting down and abandoning module WindowsNoEditorTargetPlatform (22)
[2016.01.12-05.21.17:830][ 67]LogModuleManager: Shutting down and abandoning module WindowsClientTargetPlatform (21)
[2016.01.12-05.21.17:830][ 67]LogModuleManager: Shutting down and abandoning module TargetPlatform (20)
[2016.01.12-05.21.17:830][ 67]LogModuleManager: Shutting down and abandoning module InputCore (19)
[2016.01.12-05.21.17:830][ 67]LogModuleManager: Shutting down and abandoning module Settings (18)
[2016.01.12-05.21.17:830][ 67]LogModuleManager: Shutting down and abandoning module ImageWrapper (17)
[2016.01.12-05.21.17:830][ 67]LogModuleManager: Shutting down and abandoning module OculusRift (14)
[2016.01.12-05.21.17:830][ 67]LogModuleManager: Shutting down and abandoning module ExampleDeviceProfileSelector (13)
[2016.01.12-05.21.17:830][ 67]LogModuleManager: Shutting down and abandoning module TextureCompressor (12)
[2016.01.12-05.21.17:830][ 67]LogModuleManager: Shutting down and abandoning module ShaderCore (11)
[2016.01.12-05.21.17:830][ 67]LogModuleManager: Shutting down and abandoning module SlateRHIRenderer (10)
[2016.01.12-05.21.17:833][ 67]LogModuleManager: Shutting down and abandoning module OpenGLDrv (9)
[2016.01.12-05.21.17:834][ 67]LogModuleManager: Shutting down and abandoning module D3D11RHI (8)
[2016.01.12-05.21.17:834][ 67]LogModuleManager: Shutting down and abandoning module Renderer (7)
[2016.01.12-05.21.17:834][ 67]LogModuleManager: Shutting down and abandoning module Engine (6)
[2016.01.12-05.21.17:834][ 67]LogModuleManager: Shutting down and abandoning module CoreUObject (5)
[2016.01.12-05.21.17:834][ 67]LogModuleManager: Shutting down and abandoning module NetworkFile (4)
[2016.01.12-05.21.17:834][ 67]LogModuleManager: Shutting down and abandoning module StreamingFile (3)
[2016.01.12-05.21.17:834][ 67]LogModuleManager: Shutting down and abandoning module SandboxFile (2)
[2016.01.12-05.21.17:834][ 67]LogModuleManager: Shutting down and abandoning module PakFile (1)
[2016.01.12-05.21.17:835][ 67]LogExit: Exiting.
[2016.01.12-05.21.17:849][ 67]Log file closed, 01/12/16 00:21:17
