Log file open, 01/13/16 10:48:20
LogInit:Display: Running engine for game: Proyecto
LogInit: Version: 4.5.1-2336687+++depot+UE4-Releases+4.5
LogInit: API Version: 2326478
LogInit: Compiled (64-bit): Oct 21 2014 22:32:40
LogInit: Compiled with Visual C++: 18.00.21005.01
LogInit: Build Configuration: Development
LogInit: Branch Name: ++depot+UE4-Releases+4.5
LogInit: Command line:  
LogInit: Base directory: C:/Program Files (x86)/Epic Games/4.5/Engine/Binaries/Win64/
LogInit: Rocket: 1
[2016.01.13-15.48.20:464][  0]LogTaskGraph: Started task graph with 3 named threads and 6 total threads.
[2016.01.13-15.48.20:522][  0]LogOnline:Warning: No default platform service specified for OnlineSubsystem
[2016.01.13-15.48.20:555][  0]LogInit: Presizing for 0 objects not considered by GC, pre-allocating 0 bytes.
[2016.01.13-15.48.20:572][  0]LogInit: Object subsystem initialized
[2016.01.13-15.48.20:577][  0]LogConsoleResponse:Warning: Skipping Unknown console variable: 'UIScaleRule = ShortestSide'
[2016.01.13-15.48.20:577][  0]LogConsoleResponse:Warning:   Found in ini file 'C:/Users/Jimmy/git/PoliHeath/Proyecto/Saved/Config/Windows/Engine.ini', in section '[/Script/Engine.RendererSettings]'
[2016.01.13-15.48.20:577][  0]LogConsoleResponse:Warning: Skipping Unknown console variable: 'UIScaleCurve = (EditorCurveData=(Keys=((Time=480.000000,Value=0.444000),(Time=720.000000,Value=0.666000),(Time=1080.000000,Value=1.000000),(Time=8640.000000,Value=8.000000))),ExternalCurve=None)'
[2016.01.13-15.48.20:577][  0]LogConsoleResponse:Warning:   Found in ini file 'C:/Users/Jimmy/git/PoliHeath/Proyecto/Saved/Config/Windows/Engine.ini', in section '[/Script/Engine.RendererSettings]'
[2016.01.13-15.48.20:578][  0]LogInit: Selected Device Profile: [Windows]
[2016.01.13-15.48.20:578][  0]LogInit: Applying CVar settings loaded from the selected device profile: [Windows]
[2016.01.13-15.48.20:592][  0]LogInit: Computer: JIMMY-PC
[2016.01.13-15.48.20:592][  0]LogInit: User: Jimmy
[2016.01.13-15.48.20:594][  0]LogInit: CPU Page size=4096, Cores=6
[2016.01.13-15.48.20:594][  0]LogInit: High frequency timer resolution =2.746524 MHz
[2016.01.13-15.48.20:594][  0]LogMemory: Memory total: Physical=4.0GB (4GB approx) Virtual=131072.0GB
[2016.01.13-15.48.20:594][  0]LogMemory: Platform Memory Stats for Windows
[2016.01.13-15.48.20:594][  0]LogMemory: Process Physical Memory: 59.80 MB used, 59.80 MB peak
[2016.01.13-15.48.20:594][  0]LogMemory: Process Virtual Memory: 35.46 MB used, 38.61 MB peak
[2016.01.13-15.48.20:594][  0]LogMemory: Physical Memory: 2695.25 MB used, 4092.53 MB total
[2016.01.13-15.48.20:594][  0]LogMemory: Virtual Memory: 279.66 MB used, 134217728.00 MB total
[2016.01.13-15.48.20:639][  0]LogD3D11RHI: Found D3D11 adapter 0: NVIDIA GeForce GTX 650 (Feature Level 11_0)
[2016.01.13-15.48.20:639][  0]LogD3D11RHI: Adapter has 1986MB of dedicated video memory, 0MB of dedicated system memory, and 2046MB of shared system memory, 1 output[s]
[2016.01.13-15.48.20:642][  0]LogD3D11RHI: Found D3D11 adapter 1: Microsoft Basic Render Driver (Feature Level 11_0)
[2016.01.13-15.48.20:642][  0]LogD3D11RHI: Adapter has 0MB of dedicated video memory, 0MB of dedicated system memory, and 256MB of shared system memory, 0 output[s]
[2016.01.13-15.48.20:642][  0]LogD3D11RHI: Chosen D3D11 Adapter Id = 0
[2016.01.13-15.48.20:649][  0]LogRHI: Texture pool is 1361 MB (70% of 1945 MB)
[2016.01.13-15.48.20:672][  0]LogD3D11RHI: Async texture creation enabled
[2016.01.13-15.48.20:746][  0]LogTextLocalizationManager: The requested culture ('en_US') has no localization data; parent culture's ('en') localization data will be used.
[2016.01.13-15.48.21:004][  0]LogContentStreaming: Texture pool size is 0.000000MB
[2016.01.13-15.48.28:564][  0]LogTargetPlatformManager:Display: Building Assets For Windows
[2016.01.13-15.48.29:281][  0]LogTargetPlatformManager:Display: Building Assets For Windows
[2016.01.13-15.48.29:368][  0]LogDerivedDataCache:Display: Max Cache Size: 512 MB
[2016.01.13-15.48.29:464][  0]LogDerivedDataCache: Loaded boot cache 0.10s 39MB C:/Users/Jimmy/AppData/Local/UnrealEngine/4.5/DerivedDataCache/Boot.ddc.
[2016.01.13-15.48.29:464][  0]LogDerivedDataCache:Display: Loaded Boot cache: C:/Users/Jimmy/AppData/Local/UnrealEngine/4.5/DerivedDataCache/Boot.ddc
[2016.01.13-15.48.29:465][  0]LogDerivedDataCache: FDerivedDataBackendGraph:  Pak pak cache file ../../../../../../Users/Jimmy/git/PoliHeath/Proyecto/DerivedDataCache/DDC.ddp not found, will not use a pak cache.
[2016.01.13-15.48.29:465][  0]LogDerivedDataCache: Unable to find inner node Pak for hierarchical cache Hierarchy.
[2016.01.13-15.48.29:568][  0]LogDerivedDataCache:Display: Pak cache opened for reading ../../../Engine/DerivedDataCache/DDC.ddp.
[2016.01.13-15.48.29:582][  0]LogDerivedDataCache: Using Local data cache path C:/Users/Jimmy/AppData/Local/UnrealEngine/Common/DerivedDataCache: Writable
[2016.01.13-15.48.29:929][  0]LogMeshUtilities: No automatic mesh reduction module available
[2016.01.13-15.48.29:929][  0]LogMeshUtilities: No automatic mesh merging module available
[2016.01.13-15.48.30:321][  0]LogLinker:Warning: Asset '../../../Engine/Content/Functions/Engine_MaterialFunctions02/Texturing/FlipBook.uasset' has been saved with empty engine version. The asset will be loaded but may be incompatible.
[2016.01.13-15.48.30:326][  0]LogLinker:Warning: Asset '../../../Engine/Content/Functions/Engine_MaterialFunctions02/ExampleContent/Textures/flipbook.uasset' has been saved with empty engine version. The asset will be loaded but may be incompatible.
[2016.01.13-15.48.30:616][  0]LogInit: WinSock: version 1.1 (2.2), MaxSocks=32767, MaxUdp=65467
[2016.01.13-15.48.32:738][  0]UdpMessaging: Initializing bridge on interface 0.0.0.0:0 to multicast group 230.0.0.1:6666.
[2016.01.13-15.48.32:984][  0]LogDirectoryWatcher:Warning: Failed to begin reading directory changes for C:/Users/Jimmy/git/PoliHeath/Proyecto/Binaries/Win64. Error: 0
[2016.01.13-15.48.33:213][  0]SourceControl: Info Source control is disabled
[2016.01.13-15.48.33:213][  0]SourceControl: Info Source control is disabled
[2016.01.13-15.48.33:225][  0]SourceControl: Info Source control is disabled
[2016.01.13-15.48.33:435][  0]LogObj: 22915 objects as part of root set at end of initial load.
[2016.01.13-15.48.33:435][  0]LogUObjectAllocator: 4803536 out of 0 bytes used by permanent object pool.
[2016.01.13-15.48.33:534][  0]LogEngine: Initializing Engine...
[2016.01.13-15.48.33:783][  0]LogInit: XAudio2 using 'Speakers (Realtek High Definition Audio)' : 2 channels at 48 kHz using 32 bits per sample (channel mask 0x3)
[2016.01.13-15.48.33:800][  0]LogInit: FAudioDevice initialized.
[2016.01.13-15.48.33:834][  0]LogAIModule: Creating AISystem for world NewWorld
[2016.01.13-15.48.33:882][  0]LogDerivedDataCache: Saved boot cache 0.05s 39MB C:/Users/Jimmy/AppData/Local/UnrealEngine/4.5/DerivedDataCache/Boot.ddc.
[2016.01.13-15.48.33:896][  0]LogInit: Texture streaming: Enabled
[2016.01.13-15.48.33:973][  0]LogInit: Transaction tracking system initialized
[2016.01.13-15.48.34:126][  0]BlueprintLog: New page: Editor Load
[2016.01.13-15.48.34:169][  0]LogAssetRegistry: FAssetRegistry took 0.0109 seconds to start up
[2016.01.13-15.48.34:170][  0]LogDirectoryWatcher:Warning: Failed to begin reading directory changes for ../../../Engine/Plugins/Experimental/CharacterAI/Content/. Error: 0
[2016.01.13-15.48.34:923][  0]LogTargetPlatformManager:Display: Building Assets For Windows
[2016.01.13-15.48.35:462][  0]LogTargetPlatformManager:Display: Building Assets For Windows
[2016.01.13-15.48.35:783][  0]LogConsoleResponse:Display: 
[2016.01.13-15.48.36:124][  0]SourceControl: Info Source control is disabled
[2016.01.13-15.48.36:124][  0]Cmd: MAP LOAD FILE="../../../../../../Users/Jimmy/git/PoliHeath/Proyecto/Content/Niveles/Nivel_1.umap" TEMPLATE=0 SHOWPROGRESS=1
[2016.01.13-15.48.36:125][  0]LightingResults: New page: Lighting Build
[2016.01.13-15.48.36:140][  0]MapCheck: New page: Map Check
[2016.01.13-15.48.36:140][  0]LightingResults: New page: Lighting Build
[2016.01.13-15.48.36:153][  0]LogParticles: Destroying 0 GPU particle simulations for FXSystem 0x0000006DDEDF1A80
[2016.01.13-15.48.36:262][  0]LogEditorServer: Finished looking for orphan Actors (0.000 secs)
[2016.01.13-15.48.36:262][  0]LogAIModule: Creating AISystem for world Nivel_1
[2016.01.13-15.48.36:262][  0]Cmd: MAP CHECKDEP
[2016.01.13-15.48.36:263][  0]MapCheck: New page: Nivel_1 - Jan 13, 2016, 5:48:36 AM
[2016.01.13-15.48.36:455][  0]MapCheck: Info Map check complete: 0 Error(s), 0 Warning(s), took 192.266ms to complete.
[2016.01.13-15.48.36:455][  0]LogFileHelpers: Loading map 'Nivel_1' took 0.331
[2016.01.13-15.48.36:560][  0]LogCollectionManager: Loaded 0 collections in 0.001639 seconds
[2016.01.13-15.48.36:798][  0]LogCrashTracker: Crashtracker disabled due to settings.
[2016.01.13-15.48.36:830][  0]LogUObjectGlobals:Warning: Failed to find object 'Class None.'
[2016.01.13-15.48.36:863][  0]LogLoad: Full Startup: 19.50 seconds (BP compile: 0.05 seconds)
[2016.01.13-15.48.37:208][  0]LogContentBrowser:Verbose: The content browser source was changed by the sources view to '/Game/Niveles'
[2016.01.13-15.48.37:468][  0]LogRenderer:Warning: Reallocating scene render targets to support 936x904.
[2016.01.13-15.48.38:304][  3]LogAssetRegistry: Asset discovery search completed in 4.1462 seconds
[2016.01.13-15.48.45:063][230]Cmd: MAP LOAD FILE="../../../../../../Users/Jimmy/git/PoliHeath/Proyecto/Content/Niveles/Nivel_1.umap" TEMPLATE=0 SHOWPROGRESS=1
[2016.01.13-15.48.45:063][230]LightingResults: New page: Lighting Build
[2016.01.13-15.48.45:113][230]LoadErrors: New page: Loading map: Nivel_1.umap
[2016.01.13-15.48.45:114][230]MapCheck: New page: Map Check
[2016.01.13-15.48.45:114][230]LightingResults: New page: Lighting Build
[2016.01.13-15.48.45:127][230]LogParticles: Destroying 0 GPU particle simulations for FXSystem 0x0000006DDE939E40
[2016.01.13-15.48.45:228][230]LogEditorServer: Finished looking for orphan Actors (0.000 secs)
[2016.01.13-15.48.45:228][230]LogAIModule: Creating AISystem for world Nivel_1
[2016.01.13-15.48.45:280][230]Cmd: MAP CHECKDEP
[2016.01.13-15.48.45:280][230]MapCheck: New page: Nivel_1 - Jan 13, 2016, 5:48:45 AM
[2016.01.13-15.48.45:458][230]MapCheck: Info Map check complete: 0 Error(s), 0 Warning(s), took 177.502ms to complete.
[2016.01.13-15.48.45:458][230]LogFileHelpers: Loading map 'Nivel_1' took 0.398
[2016.01.13-15.48.56:259][997]Cmd: UpdateLandscapeSetup
[2016.01.13-15.48.56:359][998]Cmd: UpdateLandscapeSetup
[2016.01.13-15.48.56:382][999]Cmd: UpdateLandscapeSetup
[2016.01.13-15.48.56:401][  0]Cmd: UpdateLandscapeSetup
[2016.01.13-15.48.56:419][  1]Cmd: UpdateLandscapeSetup
[2016.01.13-15.48.56:441][  2]Cmd: UpdateLandscapeSetup
[2016.01.13-15.48.56:463][  3]Cmd: UpdateLandscapeSetup
[2016.01.13-15.48.56:483][  4]Cmd: UpdateLandscapeSetup
[2016.01.13-15.48.56:503][  5]Cmd: UpdateLandscapeSetup
[2016.01.13-15.48.56:526][  6]Cmd: UpdateLandscapeSetup
[2016.01.13-15.48.56:548][  7]Cmd: UpdateLandscapeSetup
[2016.01.13-15.48.56:570][  8]Cmd: UpdateLandscapeSetup
[2016.01.13-15.48.56:594][  9]Cmd: UpdateLandscapeSetup
[2016.01.13-15.48.56:616][ 10]Cmd: UpdateLandscapeSetup
[2016.01.13-15.48.56:636][ 11]Cmd: UpdateLandscapeSetup
[2016.01.13-15.48.56:656][ 12]Cmd: UpdateLandscapeSetup
[2016.01.13-15.48.56:677][ 13]Cmd: UpdateLandscapeSetup
[2016.01.13-15.48.56:696][ 14]Cmd: UpdateLandscapeSetup
[2016.01.13-15.48.56:715][ 15]Cmd: UpdateLandscapeSetup
[2016.01.13-15.48.56:735][ 16]Cmd: UpdateLandscapeSetup
[2016.01.13-15.48.56:756][ 17]Cmd: UpdateLandscapeSetup
[2016.01.13-15.48.56:776][ 18]Cmd: UpdateLandscapeSetup
[2016.01.13-15.48.56:795][ 19]Cmd: UpdateLandscapeSetup
[2016.01.13-15.48.56:815][ 20]Cmd: UpdateLandscapeSetup
[2016.01.13-15.48.56:835][ 21]Cmd: UpdateLandscapeSetup
[2016.01.13-15.48.56:856][ 22]Cmd: UpdateLandscapeSetup
[2016.01.13-15.48.56:875][ 23]Cmd: UpdateLandscapeSetup
[2016.01.13-15.48.56:893][ 24]Cmd: UpdateLandscapeSetup
[2016.01.13-15.48.56:911][ 25]Cmd: UpdateLandscapeSetup
[2016.01.13-15.48.56:930][ 26]Cmd: UpdateLandscapeSetup
[2016.01.13-15.48.56:948][ 27]Cmd: UpdateLandscapeSetup
[2016.01.13-15.48.56:967][ 28]Cmd: UpdateLandscapeSetup
[2016.01.13-15.48.56:986][ 29]Cmd: UpdateLandscapeSetup
[2016.01.13-15.48.57:004][ 30]Cmd: UpdateLandscapeSetup
[2016.01.13-15.48.57:023][ 31]Cmd: UpdateLandscapeSetup
[2016.01.13-15.48.57:041][ 32]Cmd: UpdateLandscapeSetup
[2016.01.13-15.48.57:061][ 33]Cmd: UpdateLandscapeSetup
[2016.01.13-15.48.57:081][ 34]Cmd: UpdateLandscapeSetup
[2016.01.13-15.48.57:102][ 35]Cmd: UpdateLandscapeSetup
[2016.01.13-15.48.57:122][ 36]Cmd: UpdateLandscapeSetup
[2016.01.13-15.48.57:141][ 37]Cmd: UpdateLandscapeSetup
[2016.01.13-15.48.57:159][ 38]Cmd: UpdateLandscapeSetup
[2016.01.13-15.48.57:194][ 40]Cmd: UpdateLandscapeSetup
[2016.01.13-15.48.57:428][ 57]Cmd: UpdateLandscapeSetup
[2016.01.13-15.48.57:450][ 58]Cmd: UpdateLandscapeSetup
[2016.01.13-15.48.57:471][ 59]Cmd: UpdateLandscapeSetup
[2016.01.13-15.48.57:492][ 60]Cmd: UpdateLandscapeSetup
[2016.01.13-15.48.57:514][ 61]Cmd: UpdateLandscapeSetup
[2016.01.13-15.48.57:536][ 62]Cmd: UpdateLandscapeSetup
[2016.01.13-15.48.57:557][ 63]Cmd: UpdateLandscapeSetup
[2016.01.13-15.48.57:577][ 64]Cmd: UpdateLandscapeSetup
[2016.01.13-15.48.57:596][ 65]Cmd: UpdateLandscapeSetup
[2016.01.13-15.48.57:615][ 66]Cmd: UpdateLandscapeSetup
[2016.01.13-15.48.57:634][ 67]Cmd: UpdateLandscapeSetup
[2016.01.13-15.48.57:653][ 68]Cmd: UpdateLandscapeSetup
[2016.01.13-15.48.57:672][ 69]Cmd: UpdateLandscapeSetup
[2016.01.13-15.48.57:691][ 70]Cmd: UpdateLandscapeSetup
[2016.01.13-15.48.57:710][ 71]Cmd: UpdateLandscapeSetup
[2016.01.13-15.48.57:728][ 72]Cmd: UpdateLandscapeSetup
[2016.01.13-15.48.57:746][ 73]Cmd: UpdateLandscapeSetup
[2016.01.13-15.48.57:765][ 74]Cmd: UpdateLandscapeSetup
[2016.01.13-15.48.57:783][ 75]Cmd: UpdateLandscapeSetup
[2016.01.13-15.48.57:801][ 76]Cmd: UpdateLandscapeSetup
[2016.01.13-15.48.57:819][ 77]Cmd: UpdateLandscapeSetup
[2016.01.13-15.48.57:838][ 78]Cmd: UpdateLandscapeSetup
[2016.01.13-15.48.57:859][ 79]Cmd: UpdateLandscapeSetup
[2016.01.13-15.48.57:877][ 80]Cmd: UpdateLandscapeSetup
[2016.01.13-15.48.57:895][ 81]Cmd: UpdateLandscapeSetup
[2016.01.13-15.48.57:913][ 82]Cmd: UpdateLandscapeSetup
[2016.01.13-15.48.57:932][ 83]Cmd: UpdateLandscapeSetup
[2016.01.13-15.48.57:949][ 84]Cmd: UpdateLandscapeSetup
[2016.01.13-15.48.57:968][ 85]Cmd: UpdateLandscapeSetup
[2016.01.13-15.48.57:985][ 86]Cmd: UpdateLandscapeSetup
[2016.01.13-15.48.58:003][ 87]Cmd: UpdateLandscapeSetup
[2016.01.13-15.48.58:021][ 88]Cmd: UpdateLandscapeSetup
[2016.01.13-15.48.58:055][ 90]Cmd: UpdateLandscapeSetup
[2016.01.13-15.48.58:140][ 96]Cmd: UpdateLandscapeSetup
[2016.01.13-15.49.00:464][266]Cmd: TRANSACTION UNDO
[2016.01.13-15.49.00:464][266]LogEditorTransaction: Undo Edit Kill Z
[2016.01.13-15.49.00:530][267]Cmd: UpdateLandscapeSetup
[2016.01.13-15.49.33:940][924]LogPlayLevel: PIE:  No blueprints needed recompiling
[2016.01.13-15.49.33:940][924]PIE: New page: PIE session: Nivel_1 (Jan 13, 2016, 5:49:33 AM)
[2016.01.13-15.49.33:943][924]LogPlayLevel: PIE: StaticDuplicateObject took: (0.002614s)
[2016.01.13-15.49.33:944][924]LogPlayLevel: PIE: World Init took: (0.001177s)
[2016.01.13-15.49.33:944][924]LogPlayLevel: PIE: Created PIE world by copying editor world from /Game/Niveles/Nivel_1.Nivel_1 to /Game/Niveles/UEDPIE_0_Nivel_1.Nivel_1 (0.004030s)
[2016.01.13-15.49.33:997][924]LogWorld: Game class is '2D_C'
[2016.01.13-15.49.34:001][924]LogAIModule: Creating AISystem for world Nivel_1
[2016.01.13-15.49.34:002][924]LogWorld: Bringing World /Game/Niveles/UEDPIE_0_Nivel_1.Nivel_1 up for play (max tick rate 0) at 2016.01.13-10.49.34
[2016.01.13-15.49.34:002][924]LogWorld: Bringing up level for play took: 0.000967
[2016.01.13-15.49.34:012][924]PIE: Info Play in editor start time for /Game/Niveles/UEDPIE_0_Nivel_1 -0.199
[2016.01.13-15.49.35:681][ 13]LogParticles: Destroying 0 GPU particle simulations for FXSystem 0x0000006DD3D22CA0
[2016.01.13-15.49.47:414][846]LogPlayLevel: PIE:  No blueprints needed recompiling
[2016.01.13-15.49.47:415][846]PIE: New page: PIE session: Nivel_1 (Jan 13, 2016, 5:49:47 AM)
[2016.01.13-15.49.47:417][846]LogPlayLevel: PIE: StaticDuplicateObject took: (0.002678s)
[2016.01.13-15.49.47:419][846]LogPlayLevel: PIE: World Init took: (0.001096s)
[2016.01.13-15.49.47:419][846]LogPlayLevel: PIE: Created PIE world by copying editor world from /Game/Niveles/Nivel_1.Nivel_1 to /Game/Niveles/UEDPIE_0_Nivel_1.Nivel_1 (0.003988s)
[2016.01.13-15.49.47:453][846]LogWorld: Game class is '2D_C'
[2016.01.13-15.49.47:456][846]LogAIModule: Creating AISystem for world Nivel_1
[2016.01.13-15.49.47:457][846]LogWorld: Bringing World /Game/Niveles/UEDPIE_0_Nivel_1.Nivel_1 up for play (max tick rate 0) at 2016.01.13-10.49.47
[2016.01.13-15.49.47:457][846]LogWorld: Bringing up level for play took: 0.000850
[2016.01.13-15.49.47:460][846]PIE: Info Play in editor start time for /Game/Niveles/UEDPIE_0_Nivel_1 -0.751
[2016.01.13-15.49.49:541][966]LogTemp: MouseLeave
[2016.01.13-15.49.50:855][ 34]LogParticles: Destroying 0 GPU particle simulations for FXSystem 0x0000006DD3F607C0
[2016.01.13-15.49.53:849][245]Cmd: OBJ SAVEPACKAGE PACKAGE="/Game/Niveles/Nivel_1" FILE="../../../../../../Users/Jimmy/git/PoliHeath/Proyecto/Content/Niveles/Nivel_1.umap" SILENT=true AUTOSAVING=false KEEPDIRTY=false
[2016.01.13-15.49.53:928][245]LogSavePackage: Save=37.847477ms
[2016.01.13-15.49.53:928][245]LogSavePackage: Moving '../../../../../../Users/Jimmy/git/PoliHeath/Proyecto/Saved/Nivel_14F45919F48BD565EAFE631A0F712C13E.tmp' to '../../../../../../Users/Jimmy/git/PoliHeath/Proyecto/Content/Niveles/Nivel_1.umap'
[2016.01.13-15.50.52:910][988]Cmd: QUIT_EDITOR
[2016.01.13-15.50.53:430][988]LogExit: Preparing to exit.
[2016.01.13-15.50.53:817][988]LogExit: Editor shut down
[2016.01.13-15.50.53:817][988]LogExit: Transaction tracking system shut down
[2016.01.13-15.50.53:818][988]LogParticles: Destroying 0 GPU particle simulations for FXSystem 0x0000006DD3804D60
[2016.01.13-15.50.53:854][988]LogExit: Object subsystem successfully closed.
[2016.01.13-15.50.53:929][988]LogModuleManager: Shutting down and abandoning module AndroidDeviceDetection (166)
[2016.01.13-15.50.54:345][988]LogModuleManager: Shutting down and abandoning module CrashTracker (165)
[2016.01.13-15.50.54:345][988]LogModuleManager: Shutting down and abandoning module SuperSearch (164)
[2016.01.13-15.50.54:345][988]LogModuleManager: Shutting down and abandoning module SceneOutliner (163)
[2016.01.13-15.50.54:345][988]LogModuleManager: Shutting down and abandoning module EditorWidgets (162)
[2016.01.13-15.50.54:345][988]LogModuleManager: Shutting down and abandoning module CollectionManager (161)
[2016.01.13-15.50.54:345][988]LogModuleManager: Shutting down and abandoning module StatsViewer (160)
[2016.01.13-15.50.54:345][988]LogModuleManager: Shutting down and abandoning module FoliageEdit (159)
[2016.01.13-15.50.54:345][988]LogModuleManager: Shutting down and abandoning module LandscapeEditor (158)
[2016.01.13-15.50.54:345][988]LogModuleManager: Shutting down and abandoning module MeshPaint (157)
[2016.01.13-15.50.54:345][988]LogModuleManager: Shutting down and abandoning module ActorPickerMode (156)
[2016.01.13-15.50.54:345][988]LogModuleManager: Shutting down and abandoning module GeometryMode (155)
[2016.01.13-15.50.54:345][988]LogModuleManager: Shutting down and abandoning module TextureAlignMode (154)
[2016.01.13-15.50.54:345][988]LogModuleManager: Shutting down and abandoning module BspMode (153)
[2016.01.13-15.50.54:345][988]LogModuleManager: Shutting down and abandoning module PlacementMode (152)
[2016.01.13-15.50.54:345][988]LogModuleManager: Shutting down and abandoning module AutomationWorker (151)
[2016.01.13-15.50.54:345][988]LogModuleManager: Shutting down and abandoning module CharacterAI (150)
[2016.01.13-15.50.54:345][988]LogModuleManager: Shutting down and abandoning module GameProjectGeneration (149)
[2016.01.13-15.50.54:345][988]LogModuleManager: Shutting down and abandoning module IntroTutorials (148)
[2016.01.13-15.50.54:345][988]LogModuleManager: Shutting down and abandoning module EditorLiveStreaming (147)
[2016.01.13-15.50.54:346][988]LogModuleManager: Shutting down and abandoning module HardwareTargeting (146)
[2016.01.13-15.50.54:346][988]LogModuleManager: Shutting down and abandoning module BehaviorTreeEditor (145)
[2016.01.13-15.50.54:346][988]LogModuleManager: Shutting down and abandoning module DeviceProfileEditor (144)
[2016.01.13-15.50.54:346][988]LogModuleManager: Shutting down and abandoning module UndoHistory (143)
[2016.01.13-15.50.54:346][988]LogModuleManager: Shutting down and abandoning module GameplayTagsEditor (142)
[2016.01.13-15.50.54:346][988]LogModuleManager: Shutting down and abandoning module UserFeedback (141)
[2016.01.13-15.50.54:346][988]LogModuleManager: Shutting down and abandoning module XmlParser (140)
[2016.01.13-15.50.54:346][988]LogModuleManager: Shutting down and abandoning module Blutility (139)
[2016.01.13-15.50.54:346][988]LogModuleManager: Shutting down and abandoning module IOSPlatformEditor (138)
[2016.01.13-15.50.54:346][988]LogModuleManager: Shutting down and abandoning module IOSRuntimeSettings (137)
[2016.01.13-15.50.54:346][988]LogModuleManager: Shutting down and abandoning module AndroidPlatformEditor (136)
[2016.01.13-15.50.54:346][988]LogModuleManager: Shutting down and abandoning module AndroidRuntimeSettings (135)
[2016.01.13-15.50.54:346][988]LogModuleManager: Shutting down and abandoning module ProjectTargetPlatformEditor (134)
[2016.01.13-15.50.54:346][988]LogModuleManager: Shutting down and abandoning module ProjectSettingsViewer (133)
[2016.01.13-15.50.54:346][988]LogModuleManager: Shutting down and abandoning module InputBindingEditor (132)
[2016.01.13-15.50.54:346][988]LogModuleManager: Shutting down and abandoning module EditorSettingsViewer (131)
[2016.01.13-15.50.54:346][988]LogModuleManager: Shutting down and abandoning module SettingsEditor (130)
[2016.01.13-15.50.54:346][988]LogModuleManager: Shutting down and abandoning module ProjectLauncher (129)
[2016.01.13-15.50.54:346][988]LogModuleManager: Shutting down and abandoning module SessionFrontend (128)
[2016.01.13-15.50.54:346][988]LogModuleManager: Shutting down and abandoning module ProfilerClient (127)
[2016.01.13-15.50.54:346][988]LogModuleManager: Shutting down and abandoning module TargetDeviceServices (126)
[2016.01.13-15.50.54:346][988]LogModuleManager: Shutting down and abandoning module DeviceManager (125)
[2016.01.13-15.50.54:347][988]LogModuleManager: Shutting down and abandoning module AutomationController (124)
[2016.01.13-15.50.54:347][988]LogModuleManager: Shutting down and abandoning module AutomationWindow (123)
[2016.01.13-15.50.54:347][988]LogModuleManager: Shutting down and abandoning module Layers (122)
[2016.01.13-15.50.54:347][988]LogModuleManager: Shutting down and abandoning module ComponentVisualizers (121)
[2016.01.13-15.50.54:347][988]LogModuleManager: Shutting down and abandoning module DetailCustomizations (120)
[2016.01.13-15.50.54:347][988]LogModuleManager: Shutting down and abandoning module PackagesDialog (119)
[2016.01.13-15.50.54:347][988]LogModuleManager: Shutting down and abandoning module AssetRegistry (118)
[2016.01.13-15.50.54:453][988]LogModuleManager: Shutting down and abandoning module Persona (117)
[2016.01.13-15.50.54:453][988]LogModuleManager: Shutting down and abandoning module Kismet (116)
[2016.01.13-15.50.54:453][988]LogModuleManager: Shutting down and abandoning module GraphEditor (115)
[2016.01.13-15.50.54:453][988]LogModuleManager: Shutting down and abandoning module ClassViewer (114)
[2016.01.13-15.50.54:453][988]LogModuleManager: Shutting down and abandoning module Toolbox (113)
[2016.01.13-15.50.54:453][988]LogModuleManager: Shutting down and abandoning module ModuleUI (112)
[2016.01.13-15.50.54:453][988]LogModuleManager: Shutting down and abandoning module MovieSceneTools (111)
[2016.01.13-15.50.54:453][988]LogModuleManager: Shutting down and abandoning module OutputLog (110)
[2016.01.13-15.50.54:453][988]LogModuleManager: Shutting down and abandoning module GammaUI (109)
[2016.01.13-15.50.54:453][988]LogModuleManager: Shutting down and abandoning module Documentation (108)
[2016.01.13-15.50.54:453][988]LogModuleManager: Shutting down and abandoning module GameLiveStreaming (107)
[2016.01.13-15.50.54:453][988]LogModuleManager: Shutting down and abandoning module StreamingPauseRendering (106)
[2016.01.13-15.50.54:453][988]LogModuleManager: Shutting down and abandoning module HTTP (105)
[2016.01.13-15.50.54:453][988]LogModuleManager: Shutting down and abandoning module AnalyticsET (104)
[2016.01.13-15.50.54:453][988]LogModuleManager: Shutting down and abandoning module Analytics (103)
[2016.01.13-15.50.54:453][988]LogModuleManager: Shutting down and abandoning module GameplayDebugger (102)
[2016.01.13-15.50.54:453][988]LogModuleManager: Shutting down and abandoning module AIModule (101)
[2016.01.13-15.50.54:453][988]LogModuleManager: Shutting down and abandoning module ProfilerService (100)
[2016.01.13-15.50.54:474][988]LogModuleManager: Shutting down and abandoning module TaskGraph (99)
[2016.01.13-15.50.54:474][988]LogModuleManager: Shutting down and abandoning module SlateRemote (98)
[2016.01.13-15.50.54:474][988]LogModuleManager: Shutting down and abandoning module ScriptEditorPlugin (97)
[2016.01.13-15.50.54:474][988]LogModuleManager: Shutting down and abandoning module CustomMeshComponent (96)
[2016.01.13-15.50.54:474][988]LogModuleManager: Shutting down and abandoning module CableComponent (95)
[2016.01.13-15.50.54:474][988]LogModuleManager: Shutting down and abandoning module MessagingDebugger (94)
[2016.01.13-15.50.54:474][988]LogModuleManager: Shutting down and abandoning module MediaPlayerEditor (93)
[2016.01.13-15.50.54:474][988]LogModuleManager: Shutting down and abandoning module SpeedTreeImporter (92)
[2016.01.13-15.50.54:474][988]LogModuleManager: Shutting down and abandoning module PluginsEditor (91)
[2016.01.13-15.50.54:474][988]LogModuleManager: Shutting down and abandoning module EpicSurvey (90)
[2016.01.13-15.50.54:474][988]LogModuleManager: Shutting down and abandoning module DesktopPlatform (89)
[2016.01.13-15.50.54:475][988]LogModuleManager: Shutting down and abandoning module VisualStudioSourceCodeAccess (88)
[2016.01.13-15.50.54:475][988]LogModuleManager: Shutting down and abandoning module UObjectPlugin (87)
[2016.01.13-15.50.54:475][988]LogModuleManager: Shutting down and abandoning module SubversionSourceControl (86)
[2016.01.13-15.50.54:475][988]LogModuleManager: Shutting down and abandoning module SourceControl (85)
[2016.01.13-15.50.54:475][988]LogModuleManager: Shutting down and abandoning module PerforceSourceControl (84)
[2016.01.13-15.50.54:475][988]LogModuleManager: Shutting down and abandoning module BlankPlugin (83)
[2016.01.13-15.50.54:475][988]LogModuleManager: Shutting down and abandoning module SlateReflector (82)
[2016.01.13-15.50.54:475][988]LogModuleManager: Shutting down and abandoning module DirectoryWatcher (81)
[2016.01.13-15.50.54:476][988]LogModuleManager: Shutting down and abandoning module HotReload (80)
[2016.01.13-15.50.54:476][988]LogModuleManager: Shutting down and abandoning module MainFrame (79)
[2016.01.13-15.50.54:476][988]LogModuleManager: Shutting down and abandoning module LevelEditor (78)
[2016.01.13-15.50.54:477][988]LogModuleManager: Shutting down and abandoning module ViewportSnapping (77)
[2016.01.13-15.50.54:477][988]LogModuleManager: Shutting down and abandoning module SmartSnapping (76)
[2016.01.13-15.50.54:477][988]LogModuleManager: Shutting down and abandoning module PaperTiledImporter (75)
[2016.01.13-15.50.54:477][988]LogModuleManager: Shutting down and abandoning module PaperJsonImporter (74)
[2016.01.13-15.50.54:477][988]LogModuleManager: Shutting down and abandoning module ContentBrowser (73)
[2016.01.13-15.50.54:477][988]LogModuleManager: Shutting down and abandoning module PropertyEditor (72)
[2016.01.13-15.50.54:478][988]LogModuleManager: Shutting down and abandoning module Paper2DEditor (71)
[2016.01.13-15.50.54:478][988]LogModuleManager: Shutting down and abandoning module ScriptPlugin (70)
[2016.01.13-15.50.54:478][988]LogModuleManager: Shutting down and abandoning module UdpMessaging (69)
[2016.01.13-15.50.54:579][988]LogModuleManager: Shutting down and abandoning module Paper2D (68)
[2016.01.13-15.50.54:579][988]LogModuleManager: Shutting down and abandoning module WindowsMoviePlayer (67)
[2016.01.13-15.50.54:584][988]LogModuleManager: Shutting down and abandoning module Media (66)
[2016.01.13-15.50.54:584][988]LogModuleManager: Shutting down and abandoning module WmfMedia (65)
[2016.01.13-15.50.54:584][988]LogModuleManager: Shutting down and abandoning module OnlineBlueprintSupport (64)
[2016.01.13-15.50.54:584][988]LogModuleManager: Shutting down and abandoning module FunctionalTesting (63)
[2016.01.13-15.50.54:584][988]LogModuleManager: Shutting down and abandoning module CollisionAnalyzer (62)
[2016.01.13-15.50.54:584][988]LogModuleManager: Shutting down and abandoning module WorkspaceMenuStructure (61)
[2016.01.13-15.50.54:584][988]LogModuleManager: Shutting down and abandoning module MessageLog (60)
[2016.01.13-15.50.54:584][988]LogModuleManager: Shutting down and abandoning module Sequencer (59)
[2016.01.13-15.50.54:584][988]LogModuleManager: Shutting down and abandoning module AssetTools (58)
[2016.01.13-15.50.54:584][988]LogModuleManager: Shutting down and abandoning module UMGEditor (57)
[2016.01.13-15.50.54:584][988]LogModuleManager: Shutting down and abandoning module UMG (56)
[2016.01.13-15.50.54:584][988]LogModuleManager: Shutting down and abandoning module Slate (55)
[2016.01.13-15.50.54:584][988]LogModuleManager: Shutting down and abandoning module EditorStyle (54)
[2016.01.13-15.50.54:588][988]LogModuleManager: Shutting down and abandoning module SessionServices (53)
[2016.01.13-15.50.54:588][988]LogModuleManager: Shutting down and abandoning module SourceCodeAccess (52)
[2016.01.13-15.50.54:588][988]LogModuleManager: Shutting down and abandoning module HeadMountedDisplay (51)
[2016.01.13-15.50.54:588][988]LogModuleManager: Shutting down and abandoning module XAudio2 (50)
[2016.01.13-15.50.54:588][988]LogModuleManager: Shutting down and abandoning module Networking (48)
[2016.01.13-15.50.54:588][988]LogModuleManager: Shutting down and abandoning module Core (47)
[2016.01.13-15.50.54:588][988]LogModuleManager: Shutting down and abandoning module KismetCompiler (46)
[2016.01.13-15.50.54:588][988]LogModuleManager: Shutting down and abandoning module PhysXFormats (45)
[2016.01.13-15.50.54:588][988]LogModuleManager: Shutting down and abandoning module MeshUtilities (44)
[2016.01.13-15.50.54:588][988]LogModuleManager: Shutting down and abandoning module DerivedDataCache (43)
[2016.01.13-15.50.54:638][988]LogDerivedDataCache: Shutdown
[2016.01.13-15.50.54:638][988]LogModuleManager: Shutting down and abandoning module ShaderFormatOpenGL (42)
[2016.01.13-15.50.54:638][988]LogModuleManager: Shutting down and abandoning module ShaderFormatD3D (41)
[2016.01.13-15.50.54:638][988]LogModuleManager: Shutting down and abandoning module MetalShaderFormat (40)
[2016.01.13-15.50.54:638][988]LogModuleManager: Shutting down and abandoning module TextureFormatUncompressed (39)
[2016.01.13-15.50.54:638][988]LogModuleManager: Shutting down and abandoning module TextureFormatPVR (38)
[2016.01.13-15.50.54:638][988]LogModuleManager: Shutting down and abandoning module TextureFormatDXT (37)
[2016.01.13-15.50.54:638][988]LogModuleManager: Shutting down and abandoning module TextureFormatAndroid (36)
[2016.01.13-15.50.54:638][988]LogModuleManager: Shutting down and abandoning module AudioFormatOpus (35)
[2016.01.13-15.50.54:638][988]LogModuleManager: Shutting down and abandoning module AudioFormatOgg (34)
[2016.01.13-15.50.54:638][988]LogModuleManager: Shutting down and abandoning module AudioFormatADPCM (33)
[2016.01.13-15.50.54:638][988]LogModuleManager: Shutting down and abandoning module Messaging (32)
[2016.01.13-15.50.54:638][988]LogModuleManager: Shutting down and abandoning module IOSTargetPlatform (31)
[2016.01.13-15.50.54:638][988]LogModuleManager: Shutting down and abandoning module Android_PVRTCTargetPlatform (30)
[2016.01.13-15.50.54:638][988]LogModuleManager: Shutting down and abandoning module Android_ETC2TargetPlatform (29)
[2016.01.13-15.50.54:638][988]LogModuleManager: Shutting down and abandoning module Android_ETC1TargetPlatform (28)
[2016.01.13-15.50.54:638][988]LogModuleManager: Shutting down and abandoning module Android_DXTTargetPlatform (27)
[2016.01.13-15.50.54:638][988]LogModuleManager: Shutting down and abandoning module Android_ATCTargetPlatform (26)
[2016.01.13-15.50.54:638][988]LogModuleManager: Shutting down and abandoning module AndroidTargetPlatform (25)
[2016.01.13-15.50.54:638][988]LogModuleManager: Shutting down and abandoning module WindowsTargetPlatform (24)
[2016.01.13-15.50.54:638][988]LogModuleManager: Shutting down and abandoning module WindowsServerTargetPlatform (23)
[2016.01.13-15.50.54:638][988]LogModuleManager: Shutting down and abandoning module WindowsNoEditorTargetPlatform (22)
[2016.01.13-15.50.54:638][988]LogModuleManager: Shutting down and abandoning module WindowsClientTargetPlatform (21)
[2016.01.13-15.50.54:638][988]LogModuleManager: Shutting down and abandoning module TargetPlatform (20)
[2016.01.13-15.50.54:638][988]LogModuleManager: Shutting down and abandoning module InputCore (19)
[2016.01.13-15.50.54:638][988]LogModuleManager: Shutting down and abandoning module Settings (18)
[2016.01.13-15.50.54:638][988]LogModuleManager: Shutting down and abandoning module ImageWrapper (17)
[2016.01.13-15.50.54:638][988]LogModuleManager: Shutting down and abandoning module OculusRift (14)
[2016.01.13-15.50.54:638][988]LogModuleManager: Shutting down and abandoning module ExampleDeviceProfileSelector (13)
[2016.01.13-15.50.54:638][988]LogModuleManager: Shutting down and abandoning module TextureCompressor (12)
[2016.01.13-15.50.54:639][988]LogModuleManager: Shutting down and abandoning module ShaderCore (11)
[2016.01.13-15.50.54:639][988]LogModuleManager: Shutting down and abandoning module SlateRHIRenderer (10)
[2016.01.13-15.50.54:640][988]LogModuleManager: Shutting down and abandoning module OpenGLDrv (9)
[2016.01.13-15.50.54:640][988]LogModuleManager: Shutting down and abandoning module D3D11RHI (8)
[2016.01.13-15.50.54:640][988]LogModuleManager: Shutting down and abandoning module Renderer (7)
[2016.01.13-15.50.54:640][988]LogModuleManager: Shutting down and abandoning module Engine (6)
[2016.01.13-15.50.54:640][988]LogModuleManager: Shutting down and abandoning module CoreUObject (5)
[2016.01.13-15.50.54:640][988]LogModuleManager: Shutting down and abandoning module NetworkFile (4)
[2016.01.13-15.50.54:640][988]LogModuleManager: Shutting down and abandoning module StreamingFile (3)
[2016.01.13-15.50.54:640][988]LogModuleManager: Shutting down and abandoning module SandboxFile (2)
[2016.01.13-15.50.54:640][988]LogModuleManager: Shutting down and abandoning module PakFile (1)
[2016.01.13-15.50.54:641][988]LogExit: Exiting.
[2016.01.13-15.50.54:650][988]Log file closed, 01/13/16 10:50:54
