Log file open, 01/11/16 00:02:49
LogInit:Display: Running engine for game: Proyecto
LogInit: Version: 4.5.1-2336687+++depot+UE4-Releases+4.5
LogInit: API Version: 2326478
LogInit: Compiled (64-bit): Oct 21 2014 22:32:40
LogInit: Compiled with Visual C++: 18.00.21005.01
LogInit: Build Configuration: Development
LogInit: Branch Name: ++depot+UE4-Releases+4.5
LogInit: Command line: 
LogInit: Base directory: C:/Program Files (x86)/Epic Games/4.5/Engine/Binaries/Win64/
LogInit: Rocket: 1
[2016.01.11-05.02.49:960][  0]LogTaskGraph: Started task graph with 3 named threads and 4 total threads.
[2016.01.11-05.02.49:996][  0]LogOnline:Warning: No default platform service specified for OnlineSubsystem
[2016.01.11-05.02.50:028][  0]LogInit: Presizing for 0 objects not considered by GC, pre-allocating 0 bytes.
[2016.01.11-05.02.50:040][  0]LogInit: Object subsystem initialized
[2016.01.11-05.02.50:044][  0]LogConsoleResponse:Warning: Skipping Unknown console variable: 'UIScaleRule = ShortestSide'
[2016.01.11-05.02.50:044][  0]LogConsoleResponse:Warning:   Found in ini file 'C:/Users/user/Documents/Proyecto/Saved/Config/Windows/Engine.ini', in section '[/Script/Engine.RendererSettings]'
[2016.01.11-05.02.50:044][  0]LogConsoleResponse:Warning: Skipping Unknown console variable: 'UIScaleCurve = (EditorCurveData=(Keys=((Time=480,Value=0.444),(Time=720,Value=0.666),(Time=1080,Value=1.0),(Time=8640,Value=8.0))),ExternalCurve=None)'
[2016.01.11-05.02.50:044][  0]LogConsoleResponse:Warning:   Found in ini file 'C:/Users/user/Documents/Proyecto/Saved/Config/Windows/Engine.ini', in section '[/Script/Engine.RendererSettings]'
[2016.01.11-05.02.50:044][  0]LogInit: Selected Device Profile: [Windows]
[2016.01.11-05.02.50:044][  0]LogInit: Applying CVar settings loaded from the selected device profile: [Windows]
[2016.01.11-05.02.50:055][  0]LogInit: Computer: DANNY
[2016.01.11-05.02.50:055][  0]LogInit: User: user
[2016.01.11-05.02.50:057][  0]LogInit: CPU Page size=4096, Cores=2
[2016.01.11-05.02.50:057][  0]LogInit: High frequency timer resolution =1.656325 MHz
[2016.01.11-05.02.50:057][  0]LogMemory: Memory total: Physical=7.9GB (8GB approx) Virtual=131072.0GB
[2016.01.11-05.02.50:057][  0]LogMemory: Platform Memory Stats for Windows
[2016.01.11-05.02.50:057][  0]LogMemory: Process Physical Memory: 60.26 MB used, 60.26 MB peak
[2016.01.11-05.02.50:057][  0]LogMemory: Process Virtual Memory: 35.19 MB used, 35.41 MB peak
[2016.01.11-05.02.50:057][  0]LogMemory: Physical Memory: 4095.68 MB used, 8096.02 MB total
[2016.01.11-05.02.50:057][  0]LogMemory: Virtual Memory: 274.44 MB used, 134217728.00 MB total
[2016.01.11-05.02.50:083][  0]LogD3D11RHI: Found D3D11 adapter 0: Intel(R) HD Graphics Family (Feature Level 11_0)
[2016.01.11-05.02.50:083][  0]LogD3D11RHI: Adapter has 0MB of dedicated video memory, 0MB of dedicated system memory, and 1792MB of shared system memory, 1 output[s]
[2016.01.11-05.02.50:084][  0]LogD3D11RHI: Found D3D11 adapter 1: Microsoft Basic Render Driver (Feature Level 11_0)
[2016.01.11-05.02.50:084][  0]LogD3D11RHI: Adapter has 0MB of dedicated video memory, 0MB of dedicated system memory, and 256MB of shared system memory, 0 output[s]
[2016.01.11-05.02.50:084][  0]LogD3D11RHI: Chosen D3D11 Adapter Id = 0
[2016.01.11-05.02.50:090][  0]LogRHI: Texture pool is 627 MB (70% of 896 MB)
[2016.01.11-05.02.50:100][  0]LogD3D11RHI: Async texture creation enabled
[2016.01.11-05.02.50:142][  0]LogTextLocalizationManager: The requested culture ('es_ES') has no localization data; parent culture's ('es') localization data will be used.
[2016.01.11-05.02.50:273][  0]LogContentStreaming: Texture pool size is 0.000000MB
[2016.01.11-05.02.57:159][  0]LogTargetPlatformManager:Display: Building Assets For Windows
[2016.01.11-05.02.57:930][  0]LogTargetPlatformManager:Display: Building Assets For Windows
[2016.01.11-05.02.58:004][  0]LogDerivedDataCache:Display: Max Cache Size: 512 MB
[2016.01.11-05.02.58:083][  0]LogDerivedDataCache: Loaded boot cache 0.08s 39MB C:/Users/user/AppData/Local/UnrealEngine/4.5/DerivedDataCache/Boot.ddc.
[2016.01.11-05.02.58:083][  0]LogDerivedDataCache:Display: Loaded Boot cache: C:/Users/user/AppData/Local/UnrealEngine/4.5/DerivedDataCache/Boot.ddc
[2016.01.11-05.02.58:083][  0]LogDerivedDataCache: FDerivedDataBackendGraph:  Pak pak cache file ../../../../../../Users/user/Documents/Proyecto/DerivedDataCache/DDC.ddp not found, will not use a pak cache.
[2016.01.11-05.02.58:083][  0]LogDerivedDataCache: Unable to find inner node Pak for hierarchical cache Hierarchy.
[2016.01.11-05.02.58:169][  0]LogDerivedDataCache:Display: Pak cache opened for reading ../../../Engine/DerivedDataCache/DDC.ddp.
[2016.01.11-05.02.58:182][  0]LogDerivedDataCache: Using Local data cache path C:/Users/user/AppData/Local/UnrealEngine/Common/DerivedDataCache: Writable
[2016.01.11-05.02.58:488][  0]LogMeshUtilities: No automatic mesh reduction module available
[2016.01.11-05.02.58:488][  0]LogMeshUtilities: No automatic mesh merging module available
[2016.01.11-05.02.58:877][  0]LogLinker:Warning: Asset '../../../Engine/Content/Functions/Engine_MaterialFunctions02/Texturing/FlipBook.uasset' has been saved with empty engine version. The asset will be loaded but may be incompatible.
[2016.01.11-05.02.58:885][  0]LogLinker:Warning: Asset '../../../Engine/Content/Functions/Engine_MaterialFunctions02/ExampleContent/Textures/flipbook.uasset' has been saved with empty engine version. The asset will be loaded but may be incompatible.
[2016.01.11-05.02.59:195][  0]LogInit: WinSock: version 1.1 (2.2), MaxSocks=32767, MaxUdp=65467
[2016.01.11-05.03.01:690][  0]UdpMessaging: Initializing bridge on interface 0.0.0.0:0 to multicast group 230.0.0.1:6666.
[2016.01.11-05.03.01:961][  0]LogDirectoryWatcher:Warning: Failed to begin reading directory changes for C:/Users/user/Documents/Proyecto/Binaries/Win64. Error: 0
[2016.01.11-05.03.02:173][  0]SourceControl: Info Source control is disabled
[2016.01.11-05.03.02:173][  0]SourceControl: Info Source control is disabled
[2016.01.11-05.03.02:182][  0]SourceControl: Info Source control is disabled
[2016.01.11-05.03.02:392][  0]LogObj: 22915 objects as part of root set at end of initial load.
[2016.01.11-05.03.02:392][  0]LogUObjectAllocator: 4803544 out of 0 bytes used by permanent object pool.
[2016.01.11-05.03.02:469][  0]LogEngine: Initializing Engine...
[2016.01.11-05.03.02:685][  0]LogInit: XAudio2 using 'Speakers / Headphones (Realtek High Definition Audio)' : 2 channels at 48 kHz using 32 bits per sample (channel mask 0x3)
[2016.01.11-05.03.02:808][  0]LogInit: FAudioDevice initialized.
[2016.01.11-05.03.02:840][  0]LogAIModule: Creating AISystem for world NewWorld
[2016.01.11-05.03.02:875][  0]LogDerivedDataCache: Saved boot cache 0.03s 39MB C:/Users/user/AppData/Local/UnrealEngine/4.5/DerivedDataCache/Boot.ddc.
[2016.01.11-05.03.02:883][  0]LogInit: Texture streaming: Enabled
[2016.01.11-05.03.02:952][  0]LogInit: Transaction tracking system initialized
[2016.01.11-05.03.03:131][  0]BlueprintLog: New page: Cargar el editor
[2016.01.11-05.03.03:175][  0]LogAssetRegistry: FAssetRegistry took 0.0105 seconds to start up
[2016.01.11-05.03.03:176][  0]LogDirectoryWatcher:Warning: Failed to begin reading directory changes for ../../../Engine/Plugins/Experimental/CharacterAI/Content/. Error: 0
[2016.01.11-05.03.04:209][  0]LogTargetPlatformManager:Display: Building Assets For Windows
[2016.01.11-05.03.05:038][  0]LogTargetPlatformManager:Display: Building Assets For Windows
[2016.01.11-05.03.08:776][  0]LogConsoleResponse:Display: 
[2016.01.11-05.03.09:213][  0]SourceControl: Info Source control is disabled
[2016.01.11-05.03.09:213][  0]Cmd: MAP LOAD FILE="../../../Engine/Content/Maps/Templates/Template_Default.umap" TEMPLATE=1 SHOWPROGRESS=1
[2016.01.11-05.03.09:216][  0]LightingResults: New page: Diseñar la iluminación
[2016.01.11-05.03.09:237][  0]MapCheck: New page: Revisión del mapa
[2016.01.11-05.03.09:237][  0]LightingResults: New page: Diseñar la iluminación
[2016.01.11-05.03.09:266][  0]LogParticles: Destroying 0 GPU particle simulations for FXSystem 0x0000001C3E1560C0
[2016.01.11-05.03.09:610][  0]LogEditorServer: Finished looking for orphan Actors (0.000 secs)
[2016.01.11-05.03.09:610][  0]LogAIModule: Creating AISystem for world Untitled_1
[2016.01.11-05.03.09:611][  0]Cmd: MAP CHECKDEP
[2016.01.11-05.03.09:611][  0]MapCheck: New page: Untitled_1 - 10/1/2016 19:03:09
[2016.01.11-05.03.09:846][  0]MapCheck: Info Map check complete: 0 Error(s), 0 Warning(s), took 235,643ms to complete.
[2016.01.11-05.03.09:847][  0]LogFileHelpers: Loading map 'Template_Default' took 0.634
[2016.01.11-05.03.09:983][  0]LogCollectionManager: Loaded 0 collections in 0.002035 seconds
[2016.01.11-05.03.10:164][  0]LogCrashTracker: Crashtracker disabled due to settings.
[2016.01.11-05.03.10:198][  0]LogUObjectGlobals:Warning: Failed to find object 'Class None.'
[2016.01.11-05.03.10:263][  0]LogLoad: Full Startup: 23.30 seconds (BP compile: 0.09 seconds)
[2016.01.11-05.03.10:786][  0]LogRenderer:Warning: Reallocating scene render targets to support 808x592.
[2016.01.11-05.03.11:878][  3]LogAssetRegistry: Asset discovery search completed in 8.7133 seconds
[2016.01.11-05.06.52:335][730]LogPlayLevel: PIE:  No blueprints needed recompiling
[2016.01.11-05.06.52:336][730]PIE: New page: Sesión PIE (reproducción en el editor): Untitled_1 (10/1/2016 19:06:52)
[2016.01.11-05.06.52:340][730]LogPlayLevel: PIE: StaticDuplicateObject took: (0.003750s)
[2016.01.11-05.06.52:342][730]LogPlayLevel: PIE: World Init took: (0.001793s)
[2016.01.11-05.06.52:342][730]LogPlayLevel: PIE: Created PIE world by copying editor world from /Temp/Untitled_1.Untitled_1 to /Temp/UEDPIE_0_Untitled_1.Untitled_1 (0.005883s)
[2016.01.11-05.06.52:391][730]LogWorld: Game class is 'GameMode'
[2016.01.11-05.06.52:393][730]LogAIModule: Creating AISystem for world Untitled_1
[2016.01.11-05.06.52:394][730]LogWorld: Bringing World /Temp/UEDPIE_0_Untitled_1.Untitled_1 up for play (max tick rate 0) at 2016.01.11-00.06.52
[2016.01.11-05.06.52:395][730]LogWorld: Bringing up level for play took: 0.001179
[2016.01.11-05.06.52:402][730]PIE: Info Tiempo de inicio de la reproducción en el editor para  /Temp/UEDPIE_0_Untitled_1 0,339
[2016.01.11-05.06.55:286][888]LogTemp: MouseLeave
[2016.01.11-05.06.56:060][923]LogParticles: Destroying 0 GPU particle simulations for FXSystem 0x0000001C341BB9C0
[2016.01.11-05.06.57:776][983]LogEditorViewport: Clicking on Actor (LMB): PlayerStart (Player Start)
[2016.01.11-05.07.05:657][238]LogContentBrowser:Verbose: The content browser source was changed by the sources view to '/Game/Carpeta nueva'
[2016.01.11-05.07.07:536][289]LogContentBrowser:Verbose: The content browser source was changed by the sources view to 'None'
[2016.01.11-05.15.04:059][895]LogContentBrowser:Verbose: The content browser source was changed by the sources view to '/Game'
[2016.01.11-05.15.05:016][940]LogContentBrowser:Verbose: The content browser source was changed by the sources view to '/Game/Carpeta nueva'
[2016.01.11-05.15.09:017][ 69]LogContentBrowser:Verbose: The content browser source was changed by the sources view to '/Game/Animacion'
[2016.01.11-05.15.13:285][204]LogContentBrowser:Verbose: The content browser source was changed by the sources view to '/Game/Animacion'
[2016.01.11-05.15.16:524][306]LogContentBrowser:Verbose: The content browser source was changed by the sources view to '/Game/Animacion'
[2016.01.11-05.15.22:472][534]LogContentBrowser:Verbose: The content browser source was changed by the sources view to '/Game/Animacion'
[2016.01.11-05.15.25:446][637]LogContentBrowser:Verbose: The content browser source was changed by the sources view to '/Game/Animaciones'
[2016.01.11-05.15.27:314][702]LogContentBrowser:Verbose: The content browser source was changed by the sources view to '/Game'
[2016.01.11-05.15.28:059][737]LogContentBrowser:Verbose: The content browser source was changed by the sources view to '/Game/Carpeta nueva'
[2016.01.11-05.15.32:721][895]LogContentBrowser:Verbose: The content browser source was changed by the sources view to '/Game/Blueprints'
[2016.01.11-05.15.34:412][953]LogContentBrowser:Verbose: The content browser source was changed by the sources view to '/Game'
[2016.01.11-05.15.35:405][  1]LogContentBrowser:Verbose: The content browser source was changed by the sources view to '/Game/Carpeta nueva'
[2016.01.11-05.15.37:915][ 86]LogContentBrowser:Verbose: The content browser source was changed by the sources view to '/Game/Niveles'
[2016.01.11-05.18.25:181][ 64]LogEditorViewport: Clicking on Actor (LMB): PlayerStart (Player Start)
[2016.01.11-05.18.34:617][363]LogEditorViewport: Clicking on Actor (LMB): AtmosphericFog (Atmospheric Fog)
[2016.01.11-05.18.47:128][755]LogEditorViewport: Clicking on Actor (LMB): StaticMeshActor (SM_Template_Map_Floor)
[2016.01.11-05.19.05:189][335]LogEditorActor: Deleted Actor: BP_Sky_Sphere_C
[2016.01.11-05.19.05:234][335]LogEditorActor: Deleted 1 Actors (0.046 secs)
[2016.01.11-05.19.07:407][422]Cmd: TRANSACTION UNDO
[2016.01.11-05.19.07:407][422]LogEditorTransaction: Undo Eliminar selección
[2016.01.11-05.19.07:410][422]LogActorComponent: RegisterComponentWithWorld: (/Temp/Untitled_1.Untitled_1:PersistentLevel.BP_Sky_Shere_74.Base) Trying to register component with IsPendingKill() == true. Aborting.
[2016.01.11-05.19.07:430][422]PIE:Warning: Warning AttachTo: '/Temp/Untitled_1.Untitled_1:PersistentLevel.BP_Sky_Shere_74.Base' cannot be attached to itself. Aborting.
[2016.01.11-05.19.14:395][659]LogWindowsTextInputMethodSystem:Error: Deactivating a context failed while setting focus to the disabled TSF document manager.
[2016.01.11-05.19.16:610][659]LogWindowsTextInputMethodSystem:Error: Deactivating a context failed while setting focus to the disabled TSF document manager.
[2016.01.11-05.19.26:094][659]LogWindowsTextInputMethodSystem:Error: Deactivating a context failed while setting focus to the disabled TSF document manager.
[2016.01.11-05.19.27:963][659]Cmd: OBJ SAVEPACKAGE PACKAGE="/Game/Niveles/Nivel_1" FILE="../../../../../../Users/user/Documents/Proyecto/Content/Niveles/Nivel_1.umap" SILENT=true AUTOSAVING=false KEEPDIRTY=false
[2016.01.11-05.19.28:065][659]LogSavePackage: Save=54.043137ms
[2016.01.11-05.19.28:065][659]LogSavePackage: Moving '../../../../../../Users/user/Documents/Proyecto/Saved/Nivel_19226036F4C559A70DD436689757BF705.tmp' to '../../../../../../Users/user/Documents/Proyecto/Content/Niveles/Nivel_1.umap'
[2016.01.11-05.19.28:115][659]LogFileHelpers: Saving map 'Nivel_1' took 1.766
[2016.01.11-05.19.41:801][148]LogPlayLevel: PIE:  No blueprints needed recompiling
[2016.01.11-05.19.41:801][148]PIE: New page: Sesión PIE (reproducción en el editor): Nivel_1 (10/1/2016 19:19:41)
[2016.01.11-05.19.41:805][148]LogPlayLevel: PIE: StaticDuplicateObject took: (0.003327s)
[2016.01.11-05.19.41:807][148]LogPlayLevel: PIE: World Init took: (0.001788s)
[2016.01.11-05.19.41:807][148]LogPlayLevel: PIE: Created PIE world by copying editor world from /Game/Niveles/Nivel_1.Nivel_1 to /Game/Niveles/UEDPIE_0_Nivel_1.Nivel_1 (0.005417s)
[2016.01.11-05.19.41:843][148]LogWorld: Game class is 'GameMode'
[2016.01.11-05.19.41:844][148]LogAIModule: Creating AISystem for world Nivel_1
[2016.01.11-05.19.41:845][148]LogWorld: Bringing World /Game/Niveles/UEDPIE_0_Nivel_1.Nivel_1 up for play (max tick rate 0) at 2016.01.11-00.19.41
[2016.01.11-05.19.41:846][148]LogWorld: Bringing up level for play took: 0.001212
[2016.01.11-05.19.41:852][148]PIE: Info Tiempo de inicio de la reproducción en el editor para  /Game/Niveles/UEDPIE_0_Nivel_1 -0,211
[2016.01.11-05.19.52:961][703]LogTemp: MouseLeave
[2016.01.11-05.19.53:906][752]LogTemp: MouseLeave
[2016.01.11-05.20.11:156][642]LogTemp: MouseLeave
[2016.01.11-05.20.11:883][662]LogTemp: MouseLeave
[2016.01.11-05.20.38:660][810]LogTemp: MouseLeave
[2016.01.11-05.20.42:050][978]LogParticles: Destroying 0 GPU particle simulations for FXSystem 0x0000001C349E4FE0
[2016.01.11-05.20.47:898][163]LogEditorViewport: Clicking on Actor (LMB): BP_Sky_Sphere_C (BP_Sky_Shere)
[2016.01.11-05.20.47:982][164]LogEditorViewport: Clicking on Actor (double click): BP_Sky_Sphere_C (BP_Sky_Shere)
[2016.01.11-05.20.56:475][442]LogEditorViewport: Clicking on Actor (context menu): BP_Sky_Sphere_C (BP_Sky_Shere)
[2016.01.11-05.20.58:526][531]Cmd: CAMERA ALIGN ACTIVEVIEWPORTONLY
[2016.01.11-05.20.58:526][531]Aligned camera to fit all selected actors.
[2016.01.11-05.20.59:907][577]LogEditorViewport: Clicking on Actor (LMB): BP_Sky_Sphere_C (BP_Sky_Shere)
[2016.01.11-05.20.59:998][578]LogEditorViewport: Clicking on Actor (double click): BP_Sky_Sphere_C (BP_Sky_Shere)
[2016.01.11-05.21.00:627][598]LogEditorViewport: Clicking on Actor (LMB): BP_Sky_Sphere_C (BP_Sky_Shere)
[2016.01.11-05.21.01:060][611]LogEditorViewport: Clicking on Actor (LMB): BP_Sky_Sphere_C (BP_Sky_Shere)
[2016.01.11-05.21.01:393][620]LogEditorViewport: Clicking on Actor (LMB): BP_Sky_Sphere_C (BP_Sky_Shere)
[2016.01.11-05.21.01:848][634]LogEditorViewport: Clicking on Actor (LMB): BP_Sky_Sphere_C (BP_Sky_Shere)
[2016.01.11-05.21.02:666][660]LogEditorViewport: Clicking on Actor (LMB): BP_Sky_Sphere_C (BP_Sky_Shere)
[2016.01.11-05.21.04:121][708]LogEditorViewport: Clicking on Actor (LMB): BP_Sky_Sphere_C (BP_Sky_Shere)
[2016.01.11-05.21.04:209][709]LogEditorViewport: Clicking on Actor (double click): BP_Sky_Sphere_C (BP_Sky_Shere)
[2016.01.11-05.21.05:396][749]LogEditorViewport: Clicking on Actor (LMB): BP_Sky_Sphere_C (BP_Sky_Shere)
[2016.01.11-05.21.15:256][173]Cmd: CAMERA ALIGN ACTIVEVIEWPORTONLY
[2016.01.11-05.21.15:256][173]Aligned camera to fit all selected actors.
[2016.01.11-05.21.27:018][587]LogEditorViewport: Clicking on Actor (LMB): BP_Sky_Sphere_C (BP_Sky_Shere)
[2016.01.11-05.21.28:106][618]LogEditorViewport: Clicking on Actor (context menu): BP_Sky_Sphere_C (BP_Sky_Shere)
[2016.01.11-05.21.29:658][672]Cmd: CAMERA ALIGN ACTIVEVIEWPORTONLY
[2016.01.11-05.21.29:658][672]Aligned camera to fit all selected actors.
[2016.01.11-05.21.32:749][771]LogEditorViewport: Clicking on Actor (LMB): BP_Sky_Sphere_C (BP_Sky_Shere)
[2016.01.11-05.21.33:357][789]LogEditorViewport: Clicking on Actor (context menu): BP_Sky_Sphere_C (BP_Sky_Shere)
[2016.01.11-05.21.34:862][853]Cmd: CAMERA ALIGN ACTIVEVIEWPORTONLY
[2016.01.11-05.21.34:862][853]Aligned camera to fit all selected actors.
[2016.01.11-05.21.36:920][916]LogEditorViewport: Clicking on Actor (LMB): BP_Sky_Sphere_C (BP_Sky_Shere)
[2016.01.11-05.21.37:499][932]LogEditorViewport: Clicking on Actor (context menu): BP_Sky_Sphere_C (BP_Sky_Shere)
[2016.01.11-05.21.38:826][980]Cmd: CAMERA ALIGN ACTIVEVIEWPORTONLY
[2016.01.11-05.21.38:826][980]Aligned camera to fit all selected actors.
[2016.01.11-05.21.42:107][ 81]LogEditorViewport: Clicking on Actor (LMB): BP_Sky_Sphere_C (BP_Sky_Shere)
[2016.01.11-05.21.55:443][572]Cmd: CAMERA ALIGN ACTIVEVIEWPORTONLY
[2016.01.11-05.21.55:444][572]Aligned camera to fit all selected actors.
[2016.01.11-05.22.31:371][836]LogEditorViewport: Clicking on Actor (LMB): BP_Sky_Sphere_C (BP_Sky_Shere)
[2016.01.11-05.22.33:486][898]LogEditorViewport: Clicking on Actor (LMB): StaticMeshActor (SM_Template_Map_Floor)
[2016.01.11-05.22.34:371][922]LogEditorViewport: Clicking on Actor (context menu): StaticMeshActor (SM_Template_Map_Floor)
[2016.01.11-05.22.35:901][974]Cmd: CAMERA ALIGN ACTIVEVIEWPORTONLY
[2016.01.11-05.22.35:901][974]Aligned camera to fit all selected actors.
[2016.01.11-05.22.46:904][331]LogPlayLevel: PIE:  No blueprints needed recompiling
[2016.01.11-05.22.46:905][331]PIE: New page: Sesión PIE (reproducción en el editor): Nivel_1 (10/1/2016 19:22:46)
[2016.01.11-05.22.46:913][331]LogPlayLevel: PIE: StaticDuplicateObject took: (0.007774s)
[2016.01.11-05.22.46:915][331]LogPlayLevel: PIE: World Init took: (0.002758s)
[2016.01.11-05.22.46:916][331]LogPlayLevel: PIE: Created PIE world by copying editor world from /Game/Niveles/Nivel_1.Nivel_1 to /Game/Niveles/UEDPIE_0_Nivel_1.Nivel_1 (0.010804s)
[2016.01.11-05.22.46:952][331]LogWorld: Game class is 'GameMode'
[2016.01.11-05.22.46:954][331]LogAIModule: Creating AISystem for world Nivel_1
[2016.01.11-05.22.46:955][331]LogWorld: Bringing World /Game/Niveles/UEDPIE_0_Nivel_1.Nivel_1 up for play (max tick rate 0) at 2016.01.11-00.22.46
[2016.01.11-05.22.46:955][331]LogWorld: Bringing up level for play took: 0.001209
[2016.01.11-05.22.46:959][331]PIE: Info Tiempo de inicio de la reproducción en el editor para  /Game/Niveles/UEDPIE_0_Nivel_1 0,896
[2016.01.11-05.22.47:922][377]LogTemp: MouseLeave
[2016.01.11-05.22.50:858][519]LogTemp: MouseLeave
[2016.01.11-05.22.51:599][555]LogTemp: MouseLeave
[2016.01.11-05.22.54:191][680]LogParticles: Destroying 0 GPU particle simulations for FXSystem 0x0000001C31D1AFC0
[2016.01.11-05.22.56:001][738]LogEditorViewport: Clicking on Actor (LMB): BP_Sky_Sphere_C (BP_Sky_Shere)
[2016.01.11-05.22.57:012][770]LogEditorViewport: Clicking on Actor (LMB): PlayerStart (Player Start)
[2016.01.11-05.22.58:627][823]LogEditorViewport: Clicking on Actor (LMB): PlayerStart (Player Start)
[2016.01.11-05.22.59:219][842]LogEditorViewport: Clicking on Actor (LMB): PlayerStart (Player Start)
[2016.01.11-05.22.59:639][855]LogEditorViewport: Clicking on Actor (LMB): PlayerStart (Player Start)
[2016.01.11-05.23.01:288][909]LogEditorViewport: Clicking on Actor (LMB): StaticMeshActor (SM_Template_Map_Floor)
[2016.01.11-05.23.02:129][934]LogEditorViewport: Clicking on Actor (LMB): StaticMeshActor (SM_Template_Map_Floor)
[2016.01.11-05.23.34:327][  7]LogTexture:Display: Building textures: Texture2D_2 (G8)
[2016.01.11-05.23.37:359][ 94]LogTexture:Display: Building textures: Texture2D_3 (G8)
[2016.01.11-05.23.52:669][662]LogEditorViewport: Clicking on Actor (LMB): StaticMeshActor (SM_Template_Map_Floor)
[2016.01.11-05.24.26:706][711]LogEditorViewport: Clicking on Actor (LMB): BP_Sky_Sphere_C (BP_Sky_Shere)
[2016.01.11-05.24.32:719][923]LogEditorViewport: Clicking on Actor (LMB): BP_Sky_Sphere_C (BP_Sky_Shere)
[2016.01.11-05.24.39:358][131]LogEditorViewport: Clicking on Actor (LMB): BP_Sky_Sphere_C (BP_Sky_Shere)
[2016.01.11-05.24.42:835][240]LogEditorViewport: Clicking on Actor (LMB): BP_Sky_Sphere_C (BP_Sky_Shere)
[2016.01.11-05.24.43:403][257]LogEditorViewport: Clicking on Actor (LMB): PlayerStart (Player Start)
[2016.01.11-05.24.44:676][297]LogEditorViewport: Clicking on Actor (context menu): PlayerStart (Player Start)
[2016.01.11-05.24.47:064][400]LogEditorViewport: Clicking on Actor (LMB): BP_Sky_Sphere_C (BP_Sky_Shere)
[2016.01.11-05.24.47:187][402]LogEditorViewport: Clicking on Actor (double click): BP_Sky_Sphere_C (BP_Sky_Shere)
[2016.01.11-05.24.48:680][447]LogEditorViewport: Clicking on Actor (LMB): PlayerStart (Player Start)
[2016.01.11-05.24.55:435][659]LogEditorViewport: Clicking on Actor (LMB): PlayerStart (Player Start)
[2016.01.11-05.24.55:763][668]LogEditorViewport: Clicking on Actor (double click): PlayerStart (Player Start)
[2016.01.11-05.24.56:304][684]LogEditorViewport: Clicking on Actor (LMB): PlayerStart (Player Start)
[2016.01.11-05.24.56:393][685]LogEditorViewport: Clicking on Actor (double click): PlayerStart (Player Start)
[2016.01.11-05.25.02:569][926]LogEditorViewport: Clicking on Actor (LMB): BP_Sky_Sphere_C (BP_Sky_Shere)
[2016.01.11-05.25.04:352][982]LogEditorViewport: Clicking on Actor (LMB): BP_Sky_Sphere_C (BP_Sky_Shere)
[2016.01.11-05.25.05:470][ 16]LogEditorViewport: Clicking on Actor (LMB): StaticMeshActor (SM_Template_Map_Floor)
[2016.01.11-05.25.15:516][304]LogEditorViewport: Clicking on Actor (LMB): BP_Sky_Sphere_C (BP_Sky_Shere)
[2016.01.11-05.25.23:643][571]LogPlayLevel: PIE:  No blueprints needed recompiling
[2016.01.11-05.25.23:643][571]PIE: New page: Sesión PIE (reproducción en el editor): Nivel_1 (10/1/2016 19:25:23)
[2016.01.11-05.25.23:648][571]LogPlayLevel: PIE: StaticDuplicateObject took: (0.004793s)
[2016.01.11-05.25.23:651][571]LogPlayLevel: PIE: World Init took: (0.002353s)
[2016.01.11-05.25.23:651][571]LogPlayLevel: PIE: Created PIE world by copying editor world from /Game/Niveles/Nivel_1.Nivel_1 to /Game/Niveles/UEDPIE_0_Nivel_1.Nivel_1 (0.007422s)
[2016.01.11-05.25.23:687][571]LogWorld: Game class is 'GameMode'
[2016.01.11-05.25.23:689][571]LogAIModule: Creating AISystem for world Nivel_1
[2016.01.11-05.25.23:689][571]LogWorld: Bringing World /Game/Niveles/UEDPIE_0_Nivel_1.Nivel_1 up for play (max tick rate 0) at 2016.01.11-00.25.23
[2016.01.11-05.25.23:690][571]LogWorld: Bringing up level for play took: 0.001064
[2016.01.11-05.25.23:694][571]PIE: Info Tiempo de inicio de la reproducción en el editor para  /Game/Niveles/UEDPIE_0_Nivel_1 -0,368
[2016.01.11-05.25.27:147][744]LogTemp: MouseLeave
[2016.01.11-05.25.32:492][ 14]LogTemp: MouseLeave
[2016.01.11-05.25.33:270][ 44]LogParticles: Destroying 0 GPU particle simulations for FXSystem 0x0000001C33718C20
[2016.01.11-05.25.33:335][ 45]LogRenderer:Warning: Reallocating scene render targets to support 856x592.
[2016.01.11-05.25.37:586][160]LogEditorViewport: Clicking on Actor (LMB): PlayerStart (Player Start)
[2016.01.11-05.25.39:848][221]LogPlayLevel: PIE:  No blueprints needed recompiling
[2016.01.11-05.25.39:849][221]PIE: New page: Sesión PIE (reproducción en el editor): Nivel_1 (10/1/2016 19:25:39)
[2016.01.11-05.25.39:852][221]LogPlayLevel: PIE: StaticDuplicateObject took: (0.003179s)
[2016.01.11-05.25.39:855][221]LogPlayLevel: PIE: World Init took: (0.002684s)
[2016.01.11-05.25.39:856][221]LogPlayLevel: PIE: Created PIE world by copying editor world from /Game/Niveles/Nivel_1.Nivel_1 to /Game/Niveles/UEDPIE_0_Nivel_1.Nivel_1 (0.006807s)
[2016.01.11-05.25.39:893][221]LogWorld: Game class is 'GameMode'
[2016.01.11-05.25.39:895][221]LogAIModule: Creating AISystem for world Nivel_1
[2016.01.11-05.25.39:896][221]LogWorld: Bringing World /Game/Niveles/UEDPIE_0_Nivel_1.Nivel_1 up for play (max tick rate 0) at 2016.01.11-00.25.39
[2016.01.11-05.25.39:896][221]LogWorld: Bringing up level for play took: 0.001071
[2016.01.11-05.25.39:900][221]PIE: Info Tiempo de inicio de la reproducción en el editor para  /Game/Niveles/UEDPIE_0_Nivel_1 -0,163
[2016.01.11-05.25.46:593][528]LogTemp: MouseLeave
[2016.01.11-05.25.47:536][567]LogParticles: Destroying 0 GPU particle simulations for FXSystem 0x0000001C337184A0
[2016.01.11-05.25.59:788][921]LogEditorViewport: Clicking on Actor (double click): StaticMeshActor (SM_Template_Map_Floor)
[2016.01.11-05.26.01:290][961]LogEditorViewport: Clicking on Actor (LMB): BP_Sky_Sphere_C (BP_Sky_Shere)
[2016.01.11-05.26.01:884][976]LogEditorViewport: Clicking on Actor (LMB): PlayerStart (Player Start)
[2016.01.11-05.26.02:950][  5]LogEditorViewport: Clicking on Actor (LMB): BP_Sky_Sphere_C (BP_Sky_Shere)
[2016.01.11-05.26.12:662][173]Cmd: OBJ SAVEPACKAGE PACKAGE="/Game/Niveles/Nivel_1" FILE="../../../../../../Users/user/Documents/Proyecto/Content/Niveles/Nivel_1.umap" SILENT=true AUTOSAVING=false KEEPDIRTY=false
[2016.01.11-05.26.12:779][173]LogSavePackage: Save=56.481064ms
[2016.01.11-05.26.12:779][173]LogSavePackage: Moving '../../../../../../Users/user/Documents/Proyecto/Saved/Nivel_152DCCC1F4DA3E913E6CF1E9A08865468.tmp' to '../../../../../../Users/user/Documents/Proyecto/Content/Niveles/Nivel_1.umap'
[2016.01.11-05.26.13:949][204]LogEditorViewport: Clicking on Actor (LMB): BP_Sky_Sphere_C (BP_Sky_Shere)
[2016.01.11-05.26.14:540][219]LogEditorViewport: Clicking on Actor (LMB): StaticMeshActor (SM_Template_Map_Floor)
[2016.01.11-05.29.27:789][953]Cmd: OBJ SAVEPACKAGE PACKAGE="/Game/Niveles/Nivel_1" FILE="../../../../../../Users/user/Documents/Proyecto/Content/Niveles/Nivel_1.umap" SILENT=true AUTOSAVING=false KEEPDIRTY=false
[2016.01.11-05.29.27:895][953]LogSavePackage: Save=50.839058ms
[2016.01.11-05.29.27:895][953]LogSavePackage: Moving '../../../../../../Users/user/Documents/Proyecto/Saved/Nivel_1423351834638DE438A4DAFB69AA31A84.tmp' to '../../../../../../Users/user/Documents/Proyecto/Content/Niveles/Nivel_1.umap'
[2016.01.11-05.29.30:221][990]Cmd: QUIT_EDITOR
[2016.01.11-05.29.30:866][990]LogExit: Preparing to exit.
[2016.01.11-05.29.31:946][990]LogExit: Editor shut down
[2016.01.11-05.29.31:946][990]LogExit: Transaction tracking system shut down
[2016.01.11-05.29.31:947][990]LogParticles: Destroying 0 GPU particle simulations for FXSystem 0x0000001C34C85080
[2016.01.11-05.29.31:948][990]LogParticles: Destroying 0 GPU particle simulations for FXSystem 0x0000001C3371A480
[2016.01.11-05.29.32:022][990]LogParticles: Destroying 0 GPU particle simulations for FXSystem 0x0000001C33719800
[2016.01.11-05.29.32:023][990]LogExit: Object subsystem successfully closed.
[2016.01.11-05.29.32:093][990]LogModuleManager: Shutting down and abandoning module AndroidDeviceDetection (166)
[2016.01.11-05.29.32:093][990]LogModuleManager: Shutting down and abandoning module CrashTracker (165)
[2016.01.11-05.29.32:093][990]LogModuleManager: Shutting down and abandoning module SuperSearch (164)
[2016.01.11-05.29.32:093][990]LogModuleManager: Shutting down and abandoning module SceneOutliner (163)
[2016.01.11-05.29.32:093][990]LogModuleManager: Shutting down and abandoning module EditorWidgets (162)
[2016.01.11-05.29.32:094][990]LogModuleManager: Shutting down and abandoning module CollectionManager (161)
[2016.01.11-05.29.32:094][990]LogModuleManager: Shutting down and abandoning module StatsViewer (160)
[2016.01.11-05.29.32:094][990]LogModuleManager: Shutting down and abandoning module FoliageEdit (159)
[2016.01.11-05.29.32:094][990]LogModuleManager: Shutting down and abandoning module LandscapeEditor (158)
[2016.01.11-05.29.32:094][990]LogModuleManager: Shutting down and abandoning module MeshPaint (157)
[2016.01.11-05.29.32:094][990]LogModuleManager: Shutting down and abandoning module ActorPickerMode (156)
[2016.01.11-05.29.32:094][990]LogModuleManager: Shutting down and abandoning module GeometryMode (155)
[2016.01.11-05.29.32:094][990]LogModuleManager: Shutting down and abandoning module TextureAlignMode (154)
[2016.01.11-05.29.32:094][990]LogModuleManager: Shutting down and abandoning module BspMode (153)
[2016.01.11-05.29.32:094][990]LogModuleManager: Shutting down and abandoning module PlacementMode (152)
[2016.01.11-05.29.32:094][990]LogModuleManager: Shutting down and abandoning module AutomationWorker (151)
[2016.01.11-05.29.32:094][990]LogModuleManager: Shutting down and abandoning module CharacterAI (150)
[2016.01.11-05.29.32:094][990]LogModuleManager: Shutting down and abandoning module GameProjectGeneration (149)
[2016.01.11-05.29.32:094][990]LogModuleManager: Shutting down and abandoning module IntroTutorials (148)
[2016.01.11-05.29.32:094][990]LogModuleManager: Shutting down and abandoning module EditorLiveStreaming (147)
[2016.01.11-05.29.32:094][990]LogModuleManager: Shutting down and abandoning module HardwareTargeting (146)
[2016.01.11-05.29.32:094][990]LogModuleManager: Shutting down and abandoning module BehaviorTreeEditor (145)
[2016.01.11-05.29.32:094][990]LogModuleManager: Shutting down and abandoning module DeviceProfileEditor (144)
[2016.01.11-05.29.32:094][990]LogModuleManager: Shutting down and abandoning module UndoHistory (143)
[2016.01.11-05.29.32:094][990]LogModuleManager: Shutting down and abandoning module GameplayTagsEditor (142)
[2016.01.11-05.29.32:094][990]LogModuleManager: Shutting down and abandoning module UserFeedback (141)
[2016.01.11-05.29.32:094][990]LogModuleManager: Shutting down and abandoning module XmlParser (140)
[2016.01.11-05.29.32:094][990]LogModuleManager: Shutting down and abandoning module Blutility (139)
[2016.01.11-05.29.32:094][990]LogModuleManager: Shutting down and abandoning module IOSPlatformEditor (138)
[2016.01.11-05.29.32:094][990]LogModuleManager: Shutting down and abandoning module IOSRuntimeSettings (137)
[2016.01.11-05.29.32:094][990]LogModuleManager: Shutting down and abandoning module AndroidPlatformEditor (136)
[2016.01.11-05.29.32:094][990]LogModuleManager: Shutting down and abandoning module AndroidRuntimeSettings (135)
[2016.01.11-05.29.32:094][990]LogModuleManager: Shutting down and abandoning module ProjectTargetPlatformEditor (134)
[2016.01.11-05.29.32:094][990]LogModuleManager: Shutting down and abandoning module ProjectSettingsViewer (133)
[2016.01.11-05.29.32:094][990]LogModuleManager: Shutting down and abandoning module InputBindingEditor (132)
[2016.01.11-05.29.32:095][990]LogModuleManager: Shutting down and abandoning module EditorSettingsViewer (131)
[2016.01.11-05.29.32:095][990]LogModuleManager: Shutting down and abandoning module SettingsEditor (130)
[2016.01.11-05.29.32:095][990]LogModuleManager: Shutting down and abandoning module ProjectLauncher (129)
[2016.01.11-05.29.32:095][990]LogModuleManager: Shutting down and abandoning module SessionFrontend (128)
[2016.01.11-05.29.32:095][990]LogModuleManager: Shutting down and abandoning module ProfilerClient (127)
[2016.01.11-05.29.32:095][990]LogModuleManager: Shutting down and abandoning module TargetDeviceServices (126)
[2016.01.11-05.29.32:095][990]LogModuleManager: Shutting down and abandoning module DeviceManager (125)
[2016.01.11-05.29.32:095][990]LogModuleManager: Shutting down and abandoning module AutomationController (124)
[2016.01.11-05.29.32:095][990]LogModuleManager: Shutting down and abandoning module AutomationWindow (123)
[2016.01.11-05.29.32:095][990]LogModuleManager: Shutting down and abandoning module Layers (122)
[2016.01.11-05.29.32:095][990]LogModuleManager: Shutting down and abandoning module ComponentVisualizers (121)
[2016.01.11-05.29.32:095][990]LogModuleManager: Shutting down and abandoning module DetailCustomizations (120)
[2016.01.11-05.29.32:095][990]LogModuleManager: Shutting down and abandoning module PackagesDialog (119)
[2016.01.11-05.29.32:095][990]LogModuleManager: Shutting down and abandoning module AssetRegistry (118)
[2016.01.11-05.29.32:140][990]LogModuleManager: Shutting down and abandoning module Persona (117)
[2016.01.11-05.29.32:140][990]LogModuleManager: Shutting down and abandoning module Kismet (116)
[2016.01.11-05.29.32:140][990]LogModuleManager: Shutting down and abandoning module GraphEditor (115)
[2016.01.11-05.29.32:140][990]LogModuleManager: Shutting down and abandoning module ClassViewer (114)
[2016.01.11-05.29.32:140][990]LogModuleManager: Shutting down and abandoning module Toolbox (113)
[2016.01.11-05.29.32:140][990]LogModuleManager: Shutting down and abandoning module ModuleUI (112)
[2016.01.11-05.29.32:140][990]LogModuleManager: Shutting down and abandoning module MovieSceneTools (111)
[2016.01.11-05.29.32:140][990]LogModuleManager: Shutting down and abandoning module OutputLog (110)
[2016.01.11-05.29.32:140][990]LogModuleManager: Shutting down and abandoning module GammaUI (109)
[2016.01.11-05.29.32:140][990]LogModuleManager: Shutting down and abandoning module Documentation (108)
[2016.01.11-05.29.32:140][990]LogModuleManager: Shutting down and abandoning module GameLiveStreaming (107)
[2016.01.11-05.29.32:140][990]LogModuleManager: Shutting down and abandoning module StreamingPauseRendering (106)
[2016.01.11-05.29.32:140][990]LogModuleManager: Shutting down and abandoning module HTTP (105)
[2016.01.11-05.29.32:141][990]LogModuleManager: Shutting down and abandoning module AnalyticsET (104)
[2016.01.11-05.29.32:141][990]LogModuleManager: Shutting down and abandoning module Analytics (103)
[2016.01.11-05.29.32:141][990]LogModuleManager: Shutting down and abandoning module GameplayDebugger (102)
[2016.01.11-05.29.32:141][990]LogModuleManager: Shutting down and abandoning module AIModule (101)
[2016.01.11-05.29.32:141][990]LogModuleManager: Shutting down and abandoning module ProfilerService (100)
[2016.01.11-05.29.32:306][990]LogModuleManager: Shutting down and abandoning module TaskGraph (99)
[2016.01.11-05.29.32:306][990]LogModuleManager: Shutting down and abandoning module SlateRemote (98)
[2016.01.11-05.29.32:306][990]LogModuleManager: Shutting down and abandoning module ScriptEditorPlugin (97)
[2016.01.11-05.29.32:306][990]LogModuleManager: Shutting down and abandoning module CustomMeshComponent (96)
[2016.01.11-05.29.32:306][990]LogModuleManager: Shutting down and abandoning module CableComponent (95)
[2016.01.11-05.29.32:306][990]LogModuleManager: Shutting down and abandoning module MessagingDebugger (94)
[2016.01.11-05.29.32:306][990]LogModuleManager: Shutting down and abandoning module MediaPlayerEditor (93)
[2016.01.11-05.29.32:306][990]LogModuleManager: Shutting down and abandoning module SpeedTreeImporter (92)
[2016.01.11-05.29.32:307][990]LogModuleManager: Shutting down and abandoning module PluginsEditor (91)
[2016.01.11-05.29.32:307][990]LogModuleManager: Shutting down and abandoning module EpicSurvey (90)
[2016.01.11-05.29.32:307][990]LogModuleManager: Shutting down and abandoning module DesktopPlatform (89)
[2016.01.11-05.29.32:307][990]LogModuleManager: Shutting down and abandoning module VisualStudioSourceCodeAccess (88)
[2016.01.11-05.29.32:307][990]LogModuleManager: Shutting down and abandoning module UObjectPlugin (87)
[2016.01.11-05.29.32:307][990]LogModuleManager: Shutting down and abandoning module SubversionSourceControl (86)
[2016.01.11-05.29.32:307][990]LogModuleManager: Shutting down and abandoning module SourceControl (85)
[2016.01.11-05.29.32:307][990]LogModuleManager: Shutting down and abandoning module PerforceSourceControl (84)
[2016.01.11-05.29.32:307][990]LogModuleManager: Shutting down and abandoning module BlankPlugin (83)
[2016.01.11-05.29.32:307][990]LogModuleManager: Shutting down and abandoning module SlateReflector (82)
[2016.01.11-05.29.32:307][990]LogModuleManager: Shutting down and abandoning module DirectoryWatcher (81)
[2016.01.11-05.29.32:308][990]LogModuleManager: Shutting down and abandoning module HotReload (80)
[2016.01.11-05.29.32:308][990]LogModuleManager: Shutting down and abandoning module MainFrame (79)
[2016.01.11-05.29.32:308][990]LogModuleManager: Shutting down and abandoning module LevelEditor (78)
[2016.01.11-05.29.32:311][990]LogModuleManager: Shutting down and abandoning module ViewportSnapping (77)
[2016.01.11-05.29.32:311][990]LogModuleManager: Shutting down and abandoning module SmartSnapping (76)
[2016.01.11-05.29.32:311][990]LogModuleManager: Shutting down and abandoning module PaperTiledImporter (75)
[2016.01.11-05.29.32:311][990]LogModuleManager: Shutting down and abandoning module PaperJsonImporter (74)
[2016.01.11-05.29.32:311][990]LogModuleManager: Shutting down and abandoning module ContentBrowser (73)
[2016.01.11-05.29.32:311][990]LogModuleManager: Shutting down and abandoning module PropertyEditor (72)
[2016.01.11-05.29.32:311][990]LogModuleManager: Shutting down and abandoning module Paper2DEditor (71)
[2016.01.11-05.29.32:311][990]LogModuleManager: Shutting down and abandoning module ScriptPlugin (70)
[2016.01.11-05.29.32:311][990]LogModuleManager: Shutting down and abandoning module UdpMessaging (69)
[2016.01.11-05.29.32:412][990]LogModuleManager: Shutting down and abandoning module Paper2D (68)
[2016.01.11-05.29.32:412][990]LogModuleManager: Shutting down and abandoning module WindowsMoviePlayer (67)
[2016.01.11-05.29.32:420][990]LogModuleManager: Shutting down and abandoning module Media (66)
[2016.01.11-05.29.32:420][990]LogModuleManager: Shutting down and abandoning module WmfMedia (65)
[2016.01.11-05.29.32:421][990]LogModuleManager: Shutting down and abandoning module OnlineBlueprintSupport (64)
[2016.01.11-05.29.32:421][990]LogModuleManager: Shutting down and abandoning module FunctionalTesting (63)
[2016.01.11-05.29.32:421][990]LogModuleManager: Shutting down and abandoning module CollisionAnalyzer (62)
[2016.01.11-05.29.32:421][990]LogModuleManager: Shutting down and abandoning module WorkspaceMenuStructure (61)
[2016.01.11-05.29.32:421][990]LogModuleManager: Shutting down and abandoning module MessageLog (60)
[2016.01.11-05.29.32:421][990]LogModuleManager: Shutting down and abandoning module Sequencer (59)
[2016.01.11-05.29.32:421][990]LogModuleManager: Shutting down and abandoning module AssetTools (58)
[2016.01.11-05.29.32:421][990]LogModuleManager: Shutting down and abandoning module UMGEditor (57)
[2016.01.11-05.29.32:421][990]LogModuleManager: Shutting down and abandoning module UMG (56)
[2016.01.11-05.29.32:421][990]LogModuleManager: Shutting down and abandoning module Slate (55)
[2016.01.11-05.29.32:421][990]LogModuleManager: Shutting down and abandoning module EditorStyle (54)
[2016.01.11-05.29.32:426][990]LogModuleManager: Shutting down and abandoning module SessionServices (53)
[2016.01.11-05.29.32:426][990]LogModuleManager: Shutting down and abandoning module SourceCodeAccess (52)
[2016.01.11-05.29.32:426][990]LogModuleManager: Shutting down and abandoning module HeadMountedDisplay (51)
[2016.01.11-05.29.32:426][990]LogModuleManager: Shutting down and abandoning module XAudio2 (50)
[2016.01.11-05.29.32:426][990]LogModuleManager: Shutting down and abandoning module Networking (48)
[2016.01.11-05.29.32:426][990]LogModuleManager: Shutting down and abandoning module Core (47)
[2016.01.11-05.29.32:426][990]LogModuleManager: Shutting down and abandoning module KismetCompiler (46)
[2016.01.11-05.29.32:426][990]LogModuleManager: Shutting down and abandoning module PhysXFormats (45)
[2016.01.11-05.29.32:426][990]LogModuleManager: Shutting down and abandoning module MeshUtilities (44)
[2016.01.11-05.29.32:426][990]LogModuleManager: Shutting down and abandoning module DerivedDataCache (43)
[2016.01.11-05.29.32:498][990]LogDerivedDataCache: Shutdown
[2016.01.11-05.29.32:498][990]LogModuleManager: Shutting down and abandoning module ShaderFormatOpenGL (42)
[2016.01.11-05.29.32:498][990]LogModuleManager: Shutting down and abandoning module ShaderFormatD3D (41)
[2016.01.11-05.29.32:498][990]LogModuleManager: Shutting down and abandoning module MetalShaderFormat (40)
[2016.01.11-05.29.32:498][990]LogModuleManager: Shutting down and abandoning module TextureFormatUncompressed (39)
[2016.01.11-05.29.32:498][990]LogModuleManager: Shutting down and abandoning module TextureFormatPVR (38)
[2016.01.11-05.29.32:498][990]LogModuleManager: Shutting down and abandoning module TextureFormatDXT (37)
[2016.01.11-05.29.32:498][990]LogModuleManager: Shutting down and abandoning module TextureFormatAndroid (36)
[2016.01.11-05.29.32:498][990]LogModuleManager: Shutting down and abandoning module AudioFormatOpus (35)
[2016.01.11-05.29.32:498][990]LogModuleManager: Shutting down and abandoning module AudioFormatOgg (34)
[2016.01.11-05.29.32:498][990]LogModuleManager: Shutting down and abandoning module AudioFormatADPCM (33)
[2016.01.11-05.29.32:498][990]LogModuleManager: Shutting down and abandoning module Messaging (32)
[2016.01.11-05.29.32:498][990]LogModuleManager: Shutting down and abandoning module IOSTargetPlatform (31)
[2016.01.11-05.29.32:498][990]LogModuleManager: Shutting down and abandoning module Android_PVRTCTargetPlatform (30)
[2016.01.11-05.29.32:498][990]LogModuleManager: Shutting down and abandoning module Android_ETC2TargetPlatform (29)
[2016.01.11-05.29.32:498][990]LogModuleManager: Shutting down and abandoning module Android_ETC1TargetPlatform (28)
[2016.01.11-05.29.32:499][990]LogModuleManager: Shutting down and abandoning module Android_DXTTargetPlatform (27)
[2016.01.11-05.29.32:499][990]LogModuleManager: Shutting down and abandoning module Android_ATCTargetPlatform (26)
[2016.01.11-05.29.32:499][990]LogModuleManager: Shutting down and abandoning module AndroidTargetPlatform (25)
[2016.01.11-05.29.32:499][990]LogModuleManager: Shutting down and abandoning module WindowsTargetPlatform (24)
[2016.01.11-05.29.32:499][990]LogModuleManager: Shutting down and abandoning module WindowsServerTargetPlatform (23)
[2016.01.11-05.29.32:499][990]LogModuleManager: Shutting down and abandoning module WindowsNoEditorTargetPlatform (22)
[2016.01.11-05.29.32:499][990]LogModuleManager: Shutting down and abandoning module WindowsClientTargetPlatform (21)
[2016.01.11-05.29.32:499][990]LogModuleManager: Shutting down and abandoning module TargetPlatform (20)
[2016.01.11-05.29.32:499][990]LogModuleManager: Shutting down and abandoning module InputCore (19)
[2016.01.11-05.29.32:499][990]LogModuleManager: Shutting down and abandoning module Settings (18)
[2016.01.11-05.29.32:499][990]LogModuleManager: Shutting down and abandoning module ImageWrapper (17)
[2016.01.11-05.29.32:499][990]LogModuleManager: Shutting down and abandoning module OculusRift (14)
[2016.01.11-05.29.32:499][990]LogModuleManager: Shutting down and abandoning module ExampleDeviceProfileSelector (13)
[2016.01.11-05.29.32:499][990]LogModuleManager: Shutting down and abandoning module TextureCompressor (12)
[2016.01.11-05.29.32:499][990]LogModuleManager: Shutting down and abandoning module ShaderCore (11)
[2016.01.11-05.29.32:499][990]LogModuleManager: Shutting down and abandoning module SlateRHIRenderer (10)
[2016.01.11-05.29.32:503][990]LogModuleManager: Shutting down and abandoning module OpenGLDrv (9)
[2016.01.11-05.29.32:503][990]LogModuleManager: Shutting down and abandoning module D3D11RHI (8)
[2016.01.11-05.29.32:503][990]LogModuleManager: Shutting down and abandoning module Renderer (7)
[2016.01.11-05.29.32:503][990]LogModuleManager: Shutting down and abandoning module Engine (6)
[2016.01.11-05.29.32:503][990]LogModuleManager: Shutting down and abandoning module CoreUObject (5)
[2016.01.11-05.29.32:503][990]LogModuleManager: Shutting down and abandoning module NetworkFile (4)
[2016.01.11-05.29.32:503][990]LogModuleManager: Shutting down and abandoning module StreamingFile (3)
[2016.01.11-05.29.32:503][990]LogModuleManager: Shutting down and abandoning module SandboxFile (2)
[2016.01.11-05.29.32:503][990]LogModuleManager: Shutting down and abandoning module PakFile (1)
[2016.01.11-05.29.32:504][990]LogExit: Exiting.
[2016.01.11-05.29.32:551][990]Log file closed, 01/11/16 00:29:32
