Log file open, 01/11/16 00:48:03
LogInit:Display: Running engine for game: Proyecto
LogInit: Version: 4.5.1-2336687+++depot+UE4-Releases+4.5
LogInit: API Version: 2326478
LogInit: Compiled (64-bit): Oct 21 2014 22:32:40
LogInit: Compiled with Visual C++: 18.00.21005.01
LogInit: Build Configuration: Development
LogInit: Branch Name: ++depot+UE4-Releases+4.5
LogInit: Command line:  
LogInit: Base directory: C:/Program Files (x86)/Epic Games/4.5/Engine/Binaries/Win64/
LogInit: Rocket: 1
[2016.01.11-05.48.03:524][  0]LogTaskGraph: Started task graph with 3 named threads and 4 total threads.
[2016.01.11-05.48.03:557][  0]LogOnline:Warning: No default platform service specified for OnlineSubsystem
[2016.01.11-05.48.03:584][  0]LogInit: Presizing for 0 objects not considered by GC, pre-allocating 0 bytes.
[2016.01.11-05.48.03:596][  0]LogInit: Object subsystem initialized
[2016.01.11-05.48.03:600][  0]LogConsoleResponse:Warning: Skipping Unknown console variable: 'UIScaleRule = ShortestSide'
[2016.01.11-05.48.03:600][  0]LogConsoleResponse:Warning:   Found in ini file 'C:/Users/user/Documents/Proyecto/Saved/Config/Windows/Engine.ini', in section '[/Script/Engine.RendererSettings]'
[2016.01.11-05.48.03:600][  0]LogConsoleResponse:Warning: Skipping Unknown console variable: 'UIScaleCurve = (EditorCurveData=(Keys=((Time=480.000000,Value=0.444000),(Time=720.000000,Value=0.666000),(Time=1080.000000,Value=1.000000),(Time=8640.000000,Value=8.000000))),ExternalCurve=None)'
[2016.01.11-05.48.03:600][  0]LogConsoleResponse:Warning:   Found in ini file 'C:/Users/user/Documents/Proyecto/Saved/Config/Windows/Engine.ini', in section '[/Script/Engine.RendererSettings]'
[2016.01.11-05.48.03:600][  0]LogInit: Selected Device Profile: [Windows]
[2016.01.11-05.48.03:600][  0]LogInit: Applying CVar settings loaded from the selected device profile: [Windows]
[2016.01.11-05.48.03:614][  0]LogInit: Computer: DANNY
[2016.01.11-05.48.03:614][  0]LogInit: User: user
[2016.01.11-05.48.03:616][  0]LogInit: CPU Page size=4096, Cores=2
[2016.01.11-05.48.03:616][  0]LogInit: High frequency timer resolution =1.656325 MHz
[2016.01.11-05.48.03:616][  0]LogMemory: Memory total: Physical=7.9GB (8GB approx) Virtual=131072.0GB
[2016.01.11-05.48.03:616][  0]LogMemory: Platform Memory Stats for Windows
[2016.01.11-05.48.03:616][  0]LogMemory: Process Physical Memory: 60.29 MB used, 60.29 MB peak
[2016.01.11-05.48.03:616][  0]LogMemory: Process Virtual Memory: 35.17 MB used, 38.56 MB peak
[2016.01.11-05.48.03:616][  0]LogMemory: Physical Memory: 2679.84 MB used, 8096.02 MB total
[2016.01.11-05.48.03:616][  0]LogMemory: Virtual Memory: 274.44 MB used, 134217728.00 MB total
[2016.01.11-05.48.03:638][  0]LogD3D11RHI: Found D3D11 adapter 0: Intel(R) HD Graphics Family (Feature Level 11_0)
[2016.01.11-05.48.03:638][  0]LogD3D11RHI: Adapter has 0MB of dedicated video memory, 0MB of dedicated system memory, and 1792MB of shared system memory, 1 output[s]
[2016.01.11-05.48.03:641][  0]LogD3D11RHI: Found D3D11 adapter 1: Microsoft Basic Render Driver (Feature Level 11_0)
[2016.01.11-05.48.03:641][  0]LogD3D11RHI: Adapter has 0MB of dedicated video memory, 0MB of dedicated system memory, and 256MB of shared system memory, 0 output[s]
[2016.01.11-05.48.03:641][  0]LogD3D11RHI: Chosen D3D11 Adapter Id = 0
[2016.01.11-05.48.03:646][  0]LogRHI: Texture pool is 627 MB (70% of 896 MB)
[2016.01.11-05.48.03:654][  0]LogD3D11RHI: Async texture creation enabled
[2016.01.11-05.48.03:696][  0]LogTextLocalizationManager: The requested culture ('es_ES') has no localization data; parent culture's ('es') localization data will be used.
[2016.01.11-05.48.03:832][  0]LogContentStreaming: Texture pool size is 0.000000MB
[2016.01.11-05.48.10:598][  0]LogTargetPlatformManager:Display: Building Assets For Windows
[2016.01.11-05.48.11:246][  0]LogTargetPlatformManager:Display: Building Assets For Windows
[2016.01.11-05.48.11:318][  0]LogDerivedDataCache:Display: Max Cache Size: 512 MB
[2016.01.11-05.48.11:392][  0]LogDerivedDataCache: Loaded boot cache 0.07s 39MB C:/Users/user/AppData/Local/UnrealEngine/4.5/DerivedDataCache/Boot.ddc.
[2016.01.11-05.48.11:392][  0]LogDerivedDataCache:Display: Loaded Boot cache: C:/Users/user/AppData/Local/UnrealEngine/4.5/DerivedDataCache/Boot.ddc
[2016.01.11-05.48.11:392][  0]LogDerivedDataCache: FDerivedDataBackendGraph:  Pak pak cache file ../../../../../../Users/user/Documents/Proyecto/DerivedDataCache/DDC.ddp not found, will not use a pak cache.
[2016.01.11-05.48.11:392][  0]LogDerivedDataCache: Unable to find inner node Pak for hierarchical cache Hierarchy.
[2016.01.11-05.48.11:479][  0]LogDerivedDataCache:Display: Pak cache opened for reading ../../../Engine/DerivedDataCache/DDC.ddp.
[2016.01.11-05.48.11:492][  0]LogDerivedDataCache: Using Local data cache path C:/Users/user/AppData/Local/UnrealEngine/Common/DerivedDataCache: Writable
[2016.01.11-05.48.11:786][  0]LogMeshUtilities: No automatic mesh reduction module available
[2016.01.11-05.48.11:786][  0]LogMeshUtilities: No automatic mesh merging module available
[2016.01.11-05.48.12:188][  0]LogLinker:Warning: Asset '../../../Engine/Content/Functions/Engine_MaterialFunctions02/Texturing/FlipBook.uasset' has been saved with empty engine version. The asset will be loaded but may be incompatible.
[2016.01.11-05.48.12:197][  0]LogLinker:Warning: Asset '../../../Engine/Content/Functions/Engine_MaterialFunctions02/ExampleContent/Textures/flipbook.uasset' has been saved with empty engine version. The asset will be loaded but may be incompatible.
[2016.01.11-05.48.12:497][  0]LogInit: WinSock: version 1.1 (2.2), MaxSocks=32767, MaxUdp=65467
[2016.01.11-05.48.14:531][  0]UdpMessaging: Initializing bridge on interface 0.0.0.0:0 to multicast group 230.0.0.1:6666.
[2016.01.11-05.48.14:762][  0]LogDirectoryWatcher:Warning: Failed to begin reading directory changes for C:/Users/user/Documents/Proyecto/Binaries/Win64. Error: 0
[2016.01.11-05.48.14:960][  0]SourceControl: Info Source control is disabled
[2016.01.11-05.48.14:960][  0]SourceControl: Info Source control is disabled
[2016.01.11-05.48.14:968][  0]SourceControl: Info Source control is disabled
[2016.01.11-05.48.15:159][  0]LogObj: 22915 objects as part of root set at end of initial load.
[2016.01.11-05.48.15:159][  0]LogUObjectAllocator: 4803536 out of 0 bytes used by permanent object pool.
[2016.01.11-05.48.15:232][  0]LogEngine: Initializing Engine...
[2016.01.11-05.48.15:449][  0]LogInit: XAudio2 using 'Speakers / Headphones (Realtek High Definition Audio)' : 2 channels at 48 kHz using 32 bits per sample (channel mask 0x3)
[2016.01.11-05.48.16:138][  0]LogInit: FAudioDevice initialized.
[2016.01.11-05.48.16:186][  0]LogAIModule: Creating AISystem for world NewWorld
[2016.01.11-05.48.16:230][  0]LogDerivedDataCache: Saved boot cache 0.04s 39MB C:/Users/user/AppData/Local/UnrealEngine/4.5/DerivedDataCache/Boot.ddc.
[2016.01.11-05.48.16:238][  0]LogInit: Texture streaming: Enabled
[2016.01.11-05.48.16:303][  0]LogInit: Transaction tracking system initialized
[2016.01.11-05.48.16:448][  0]BlueprintLog: New page: Cargar el editor
[2016.01.11-05.48.16:493][  0]LogAssetRegistry: FAssetRegistry took 0.0111 seconds to start up
[2016.01.11-05.48.16:493][  0]LogDirectoryWatcher:Warning: Failed to begin reading directory changes for ../../../Engine/Plugins/Experimental/CharacterAI/Content/. Error: 0
[2016.01.11-05.48.17:442][  0]LogTargetPlatformManager:Display: Building Assets For Windows
[2016.01.11-05.48.18:090][  0]LogTargetPlatformManager:Display: Building Assets For Windows
[2016.01.11-05.48.18:493][  0]LogConsoleResponse:Display: 
[2016.01.11-05.48.18:874][  0]SourceControl: Info Source control is disabled
[2016.01.11-05.48.18:874][  0]Cmd: MAP LOAD FILE="../../../Engine/Content/Maps/Templates/Template_Default.umap" TEMPLATE=1 SHOWPROGRESS=1
[2016.01.11-05.48.18:877][  0]LightingResults: New page: Diseñar la iluminación
[2016.01.11-05.48.18:893][  0]MapCheck: New page: Revisión del mapa
[2016.01.11-05.48.18:893][  0]LightingResults: New page: Diseñar la iluminación
[2016.01.11-05.48.18:926][  0]LogParticles: Destroying 0 GPU particle simulations for FXSystem 0x0000009461F25440
[2016.01.11-05.48.19:271][  0]LogEditorServer: Finished looking for orphan Actors (0.000 secs)
[2016.01.11-05.48.19:271][  0]LogAIModule: Creating AISystem for world Untitled_1
[2016.01.11-05.48.19:272][  0]Cmd: MAP CHECKDEP
[2016.01.11-05.48.19:272][  0]MapCheck: New page: Untitled_1 - 10/1/2016 19:48:19
[2016.01.11-05.48.19:476][  0]MapCheck: Info Map check complete: 0 Error(s), 0 Warning(s), took 203,501ms to complete.
[2016.01.11-05.48.19:476][  0]LogFileHelpers: Loading map 'Template_Default' took 0.602
[2016.01.11-05.48.19:565][  0]LogCollectionManager: Loaded 0 collections in 0.001561 seconds
[2016.01.11-05.48.19:716][  0]LogCrashTracker: Crashtracker disabled due to settings.
[2016.01.11-05.48.19:738][  0]LogUObjectGlobals:Warning: Failed to find object 'Class None.'
[2016.01.11-05.48.19:813][  0]LogLoad: Full Startup: 19.18 seconds (BP compile: 0.09 seconds)
[2016.01.11-05.48.19:836][  0]LogContentBrowser:Verbose: The content browser source was changed by the sources view to '/Game/Niveles'
[2016.01.11-05.48.20:020][  0]LogRenderer:Warning: Reallocating scene render targets to support 856x592.
[2016.01.11-05.48.20:674][  3]LogAssetRegistry: Asset discovery search completed in 4.1929 seconds
[2016.01.11-05.48.40:374][665]LogPlayLevel: PIE:  No blueprints needed recompiling
[2016.01.11-05.48.40:374][665]PIE: New page: Sesión PIE (reproducción en el editor): Untitled_1 (10/1/2016 19:48:40)
[2016.01.11-05.48.40:377][665]LogPlayLevel: PIE: StaticDuplicateObject took: (0.003085s)
[2016.01.11-05.48.40:379][665]LogPlayLevel: PIE: World Init took: (0.002001s)
[2016.01.11-05.48.40:380][665]LogPlayLevel: PIE: Created PIE world by copying editor world from /Temp/Untitled_1.Untitled_1 to /Temp/UEDPIE_0_Untitled_1.Untitled_1 (0.005547s)
[2016.01.11-05.48.40:437][665]LogWorld: Game class is 'GameMode'
[2016.01.11-05.48.40:439][665]LogAIModule: Creating AISystem for world Untitled_1
[2016.01.11-05.48.40:440][665]LogWorld: Bringing World /Temp/UEDPIE_0_Untitled_1.Untitled_1 up for play (max tick rate 60) at 2016.01.11-00.48.40
[2016.01.11-05.48.40:440][665]LogWorld: Bringing up level for play took: 0.000981
[2016.01.11-05.48.40:451][665]PIE: Info Tiempo de inicio de la reproducción en el editor para  /Temp/UEDPIE_0_Untitled_1 0,395
[2016.01.11-05.49.06:461][962]LogTemp: MouseLeave
[2016.01.11-05.49.30:633][185]LogTemp: MouseLeave
[2016.01.11-05.49.31:221][209]LogParticles: Destroying 0 GPU particle simulations for FXSystem 0x000000945AB0C400
[2016.01.11-05.49.36:271][391]LogEditorViewport: Clicking on Actor (LMB): BP_Sky_Sphere_C (BP_Sky_Shere)
[2016.01.11-05.49.36:457][395]LogEditorViewport: Clicking on Actor (double click): BP_Sky_Sphere_C (BP_Sky_Shere)
[2016.01.11-05.49.37:604][430]LogEditorViewport: Clicking on Actor (LMB): BP_Sky_Sphere_C (BP_Sky_Shere)
[2016.01.11-05.49.37:789][434]LogEditorViewport: Clicking on Actor (double click): BP_Sky_Sphere_C (BP_Sky_Shere)
[2016.01.11-05.52.49:475][260]LogUProjectInfo: Found projects:
[2016.01.11-06.01.16:496][103]LogContentBrowser:Verbose: The content browser source was changed by the sources view to '/Game'
[2016.01.11-06.01.23:080][460]LogEditorViewport: Clicking on Actor (LMB): BP_Sky_Sphere_C (BP_Sky_Shere)
[2016.01.11-06.01.27:807][633]LogContentBrowser:Verbose: The content browser source was changed by the sources view to '/Game/Niveles'
[2016.01.11-06.01.30:660][731]LogContentBrowser:Verbose: The content browser source was changed by the sources view to '/Game'
[2016.01.11-06.01.35:612][972]LogContentBrowser:Verbose: The content browser source was changed by the sources view to '/Game/Carpeta nueva'
[2016.01.11-06.01.42:847][196]LogContentBrowser:Verbose: The content browser source was changed by the sources view to '/Game/Blueprints'
[2016.01.11-06.01.44:685][257]LogContentBrowser:Verbose: The content browser source was changed by the sources view to '/Game'
[2016.01.11-06.01.47:628][400]LogContentBrowser:Verbose: The content browser source was changed by the sources view to '/Game/Carpeta nueva'
[2016.01.11-06.01.54:452][610]LogContentBrowser:Verbose: The content browser source was changed by the sources view to '/Game/Animaciones'
[2016.01.11-06.02.02:219][881]LogWindowsTextInputMethodSystem:Error: Deactivating a context failed while setting focus to the disabled TSF document manager.
[2016.01.11-06.02.06:466][881]LogWindowsTextInputMethodSystem:Error: Deactivating a context failed while setting focus to the disabled TSF document manager.
[2016.01.11-06.02.14:768][126]LogContentBrowser:Verbose: The content browser source was changed by the sources view to '/Game'
[2016.01.11-06.02.28:630][757]LogEditorViewport: Clicking on Actor (LMB): StaticMeshActor (SM_Template_Map_Floor)
[2016.01.11-06.02.43:542][170]LogEditorViewport: Clicking on Actor (LMB): BP_Sky_Sphere_C (BP_Sky_Shere)
[2016.01.11-06.02.43:751][175]LogEditorViewport: Clicking on Actor (double click): BP_Sky_Sphere_C (BP_Sky_Shere)
[2016.01.11-06.03.00:159][686]LogEditorViewport: Clicking on Actor (LMB): BP_Sky_Sphere_C (BP_Sky_Shere)
[2016.01.11-06.03.01:906][740]LogEditorViewport: Clicking on Actor (LMB): StaticMeshActor (SM_Template_Map_Floor)
[2016.01.11-06.03.13:799][ 69]LogEditorViewport: Clicking on Actor (LMB): BP_Sky_Sphere_C (BP_Sky_Shere)
[2016.01.11-06.03.15:530][118]BlueprintLog: New page: Volver a compilar automáticamente la reproducción en el editor (PIE) anterior
[2016.01.11-06.03.15:530][118]LogPlayLevel: [PIE] Compiling Tutorial_BP_MacroLib before PIE...
[2016.01.11-06.03.15:632][118]LogPlayLevel: PIE:  Blueprint regeneration took 101 ms (1 blueprints)
[2016.01.11-06.03.15:632][118]PIE: New page: Sesión PIE (reproducción en el editor): Untitled_1 (10/1/2016 20:03:15)
[2016.01.11-06.03.15:635][118]LogPlayLevel: PIE: StaticDuplicateObject took: (0.002346s)
[2016.01.11-06.03.15:637][118]LogPlayLevel: PIE: World Init took: (0.002145s)
[2016.01.11-06.03.15:637][118]LogPlayLevel: PIE: Created PIE world by copying editor world from /Temp/Untitled_1.Untitled_1 to /Temp/UEDPIE_0_Untitled_1.Untitled_1 (0.004753s)
[2016.01.11-06.03.15:670][118]LogWorld: Game class is 'GameMode'
[2016.01.11-06.03.15:671][118]LogAIModule: Creating AISystem for world Untitled_1
[2016.01.11-06.03.15:672][118]LogWorld: Bringing World /Temp/UEDPIE_0_Untitled_1.Untitled_1 up for play (max tick rate 60) at 2016.01.11-01.03.15
[2016.01.11-06.03.15:672][118]LogWorld: Bringing up level for play took: 0.000782
[2016.01.11-06.03.15:675][118]PIE: Info Tiempo de inicio de la reproducción en el editor para  /Temp/UEDPIE_0_Untitled_1 -0,382
[2016.01.11-06.03.22:882][504]LogTemp: MouseLeave
[2016.01.11-06.03.25:543][651]LogTemp: MouseLeave
[2016.01.11-06.03.26:276][673]LogTemp: MouseLeave
[2016.01.11-06.05.31:903][158]LogTemp: MouseLeave
[2016.01.11-06.05.37:390][257]LogTemp: MouseLeave
[2016.01.11-06.05.42:643][357]LogTemp: MouseLeave
[2016.01.11-06.05.43:969][428]LogParticles: Destroying 0 GPU particle simulations for FXSystem 0x0000009454C10FE0
[2016.01.11-06.06.06:464][300]LogWindowsTextInputMethodSystem:Error: Deactivating a context failed while setting focus to the disabled TSF document manager.
[2016.01.11-06.06.08:471][300]LogWindowsTextInputMethodSystem:Error: Deactivating a context failed while setting focus to the disabled TSF document manager.
[2016.01.11-06.06.15:061][300]LogWindowsTextInputMethodSystem:Error: Deactivating a context failed while setting focus to the disabled TSF document manager.
[2016.01.11-06.06.15:061][300]LogWindowsTextInputMethodSystem:Error: Deactivating a context failed while setting focus to the disabled TSF document manager.
[2016.01.11-06.06.15:516][300]Cmd: OBJ SAVEPACKAGE PACKAGE="/Game/Niveles/Nivel_1" FILE="../../../../../../Users/user/Documents/Proyecto/Content/Niveles/Nivel_1.umap" SILENT=true AUTOSAVING=false KEEPDIRTY=false
[2016.01.11-06.06.15:608][300]LogSavePackage: Save=41.619247ms
[2016.01.11-06.06.15:609][300]LogSavePackage: Moving '../../../../../../Users/user/Documents/Proyecto/Saved/Nivel_1B6E04EEC42B0B19472586F9AEBEAFE5A.tmp' to '../../../../../../Users/user/Documents/Proyecto/Content/Niveles/Nivel_1.umap'
[2016.01.11-06.06.15:655][300]LogFileHelpers: Saving map 'Nivel_1' took 0.571
[2016.01.11-06.06.20:232][430]Cmd: QUIT_EDITOR
[2016.01.11-06.06.20:658][430]LogExit: Preparing to exit.
[2016.01.11-06.06.21:487][430]LogExit: Editor shut down
[2016.01.11-06.06.21:488][430]LogExit: Transaction tracking system shut down
[2016.01.11-06.06.21:489][430]LogParticles: Destroying 0 GPU particle simulations for FXSystem 0x000000946C7A63E0
[2016.01.11-06.06.21:489][430]LogParticles: Destroying 0 GPU particle simulations for FXSystem 0x000000946C7A5760
[2016.01.11-06.06.21:490][430]LogParticles: Destroying 0 GPU particle simulations for FXSystem 0x0000009454B6F380
[2016.01.11-06.06.21:544][430]LogExit: Object subsystem successfully closed.
[2016.01.11-06.06.21:645][430]LogModuleManager: Shutting down and abandoning module AndroidDeviceDetection (166)
[2016.01.11-06.06.21:645][430]LogModuleManager: Shutting down and abandoning module CrashTracker (165)
[2016.01.11-06.06.21:645][430]LogModuleManager: Shutting down and abandoning module SuperSearch (164)
[2016.01.11-06.06.21:645][430]LogModuleManager: Shutting down and abandoning module SceneOutliner (163)
[2016.01.11-06.06.21:645][430]LogModuleManager: Shutting down and abandoning module EditorWidgets (162)
[2016.01.11-06.06.21:645][430]LogModuleManager: Shutting down and abandoning module CollectionManager (161)
[2016.01.11-06.06.21:645][430]LogModuleManager: Shutting down and abandoning module StatsViewer (160)
[2016.01.11-06.06.21:645][430]LogModuleManager: Shutting down and abandoning module FoliageEdit (159)
[2016.01.11-06.06.21:645][430]LogModuleManager: Shutting down and abandoning module LandscapeEditor (158)
[2016.01.11-06.06.21:645][430]LogModuleManager: Shutting down and abandoning module MeshPaint (157)
[2016.01.11-06.06.21:645][430]LogModuleManager: Shutting down and abandoning module ActorPickerMode (156)
[2016.01.11-06.06.21:645][430]LogModuleManager: Shutting down and abandoning module GeometryMode (155)
[2016.01.11-06.06.21:645][430]LogModuleManager: Shutting down and abandoning module TextureAlignMode (154)
[2016.01.11-06.06.21:645][430]LogModuleManager: Shutting down and abandoning module BspMode (153)
[2016.01.11-06.06.21:645][430]LogModuleManager: Shutting down and abandoning module PlacementMode (152)
[2016.01.11-06.06.21:645][430]LogModuleManager: Shutting down and abandoning module AutomationWorker (151)
[2016.01.11-06.06.21:645][430]LogModuleManager: Shutting down and abandoning module CharacterAI (150)
[2016.01.11-06.06.21:645][430]LogModuleManager: Shutting down and abandoning module GameProjectGeneration (149)
[2016.01.11-06.06.21:645][430]LogModuleManager: Shutting down and abandoning module IntroTutorials (148)
[2016.01.11-06.06.21:645][430]LogModuleManager: Shutting down and abandoning module EditorLiveStreaming (147)
[2016.01.11-06.06.21:646][430]LogModuleManager: Shutting down and abandoning module HardwareTargeting (146)
[2016.01.11-06.06.21:646][430]LogModuleManager: Shutting down and abandoning module BehaviorTreeEditor (145)
[2016.01.11-06.06.21:646][430]LogModuleManager: Shutting down and abandoning module DeviceProfileEditor (144)
[2016.01.11-06.06.21:646][430]LogModuleManager: Shutting down and abandoning module UndoHistory (143)
[2016.01.11-06.06.21:646][430]LogModuleManager: Shutting down and abandoning module GameplayTagsEditor (142)
[2016.01.11-06.06.21:646][430]LogModuleManager: Shutting down and abandoning module UserFeedback (141)
[2016.01.11-06.06.21:646][430]LogModuleManager: Shutting down and abandoning module XmlParser (140)
[2016.01.11-06.06.21:646][430]LogModuleManager: Shutting down and abandoning module Blutility (139)
[2016.01.11-06.06.21:646][430]LogModuleManager: Shutting down and abandoning module IOSPlatformEditor (138)
[2016.01.11-06.06.21:646][430]LogModuleManager: Shutting down and abandoning module IOSRuntimeSettings (137)
[2016.01.11-06.06.21:646][430]LogModuleManager: Shutting down and abandoning module AndroidPlatformEditor (136)
[2016.01.11-06.06.21:646][430]LogModuleManager: Shutting down and abandoning module AndroidRuntimeSettings (135)
[2016.01.11-06.06.21:646][430]LogModuleManager: Shutting down and abandoning module ProjectTargetPlatformEditor (134)
[2016.01.11-06.06.21:646][430]LogModuleManager: Shutting down and abandoning module ProjectSettingsViewer (133)
[2016.01.11-06.06.21:646][430]LogModuleManager: Shutting down and abandoning module InputBindingEditor (132)
[2016.01.11-06.06.21:646][430]LogModuleManager: Shutting down and abandoning module EditorSettingsViewer (131)
[2016.01.11-06.06.21:646][430]LogModuleManager: Shutting down and abandoning module SettingsEditor (130)
[2016.01.11-06.06.21:646][430]LogModuleManager: Shutting down and abandoning module ProjectLauncher (129)
[2016.01.11-06.06.21:646][430]LogModuleManager: Shutting down and abandoning module SessionFrontend (128)
[2016.01.11-06.06.21:646][430]LogModuleManager: Shutting down and abandoning module ProfilerClient (127)
[2016.01.11-06.06.21:646][430]LogModuleManager: Shutting down and abandoning module TargetDeviceServices (126)
[2016.01.11-06.06.21:646][430]LogModuleManager: Shutting down and abandoning module DeviceManager (125)
[2016.01.11-06.06.21:646][430]LogModuleManager: Shutting down and abandoning module AutomationController (124)
[2016.01.11-06.06.21:646][430]LogModuleManager: Shutting down and abandoning module AutomationWindow (123)
[2016.01.11-06.06.21:646][430]LogModuleManager: Shutting down and abandoning module Layers (122)
[2016.01.11-06.06.21:646][430]LogModuleManager: Shutting down and abandoning module ComponentVisualizers (121)
[2016.01.11-06.06.21:646][430]LogModuleManager: Shutting down and abandoning module DetailCustomizations (120)
[2016.01.11-06.06.21:646][430]LogModuleManager: Shutting down and abandoning module PackagesDialog (119)
[2016.01.11-06.06.21:647][430]LogModuleManager: Shutting down and abandoning module AssetRegistry (118)
[2016.01.11-06.06.21:776][430]LogModuleManager: Shutting down and abandoning module Persona (117)
[2016.01.11-06.06.21:776][430]LogModuleManager: Shutting down and abandoning module Kismet (116)
[2016.01.11-06.06.21:776][430]LogModuleManager: Shutting down and abandoning module GraphEditor (115)
[2016.01.11-06.06.21:776][430]LogModuleManager: Shutting down and abandoning module ClassViewer (114)
[2016.01.11-06.06.21:776][430]LogModuleManager: Shutting down and abandoning module Toolbox (113)
[2016.01.11-06.06.21:776][430]LogModuleManager: Shutting down and abandoning module ModuleUI (112)
[2016.01.11-06.06.21:776][430]LogModuleManager: Shutting down and abandoning module MovieSceneTools (111)
[2016.01.11-06.06.21:776][430]LogModuleManager: Shutting down and abandoning module OutputLog (110)
[2016.01.11-06.06.21:776][430]LogModuleManager: Shutting down and abandoning module GammaUI (109)
[2016.01.11-06.06.21:776][430]LogModuleManager: Shutting down and abandoning module Documentation (108)
[2016.01.11-06.06.21:776][430]LogModuleManager: Shutting down and abandoning module GameLiveStreaming (107)
[2016.01.11-06.06.21:776][430]LogModuleManager: Shutting down and abandoning module StreamingPauseRendering (106)
[2016.01.11-06.06.21:776][430]LogModuleManager: Shutting down and abandoning module HTTP (105)
[2016.01.11-06.06.21:777][430]LogModuleManager: Shutting down and abandoning module AnalyticsET (104)
[2016.01.11-06.06.21:777][430]LogModuleManager: Shutting down and abandoning module Analytics (103)
[2016.01.11-06.06.21:777][430]LogModuleManager: Shutting down and abandoning module GameplayDebugger (102)
[2016.01.11-06.06.21:777][430]LogModuleManager: Shutting down and abandoning module AIModule (101)
[2016.01.11-06.06.21:777][430]LogModuleManager: Shutting down and abandoning module ProfilerService (100)
[2016.01.11-06.06.21:848][430]LogModuleManager: Shutting down and abandoning module TaskGraph (99)
[2016.01.11-06.06.21:849][430]LogModuleManager: Shutting down and abandoning module SlateRemote (98)
[2016.01.11-06.06.21:849][430]LogModuleManager: Shutting down and abandoning module ScriptEditorPlugin (97)
[2016.01.11-06.06.21:849][430]LogModuleManager: Shutting down and abandoning module CustomMeshComponent (96)
[2016.01.11-06.06.21:849][430]LogModuleManager: Shutting down and abandoning module CableComponent (95)
[2016.01.11-06.06.21:849][430]LogModuleManager: Shutting down and abandoning module MessagingDebugger (94)
[2016.01.11-06.06.21:852][430]LogModuleManager: Shutting down and abandoning module MediaPlayerEditor (93)
[2016.01.11-06.06.21:852][430]LogModuleManager: Shutting down and abandoning module SpeedTreeImporter (92)
[2016.01.11-06.06.21:852][430]LogModuleManager: Shutting down and abandoning module PluginsEditor (91)
[2016.01.11-06.06.21:852][430]LogModuleManager: Shutting down and abandoning module EpicSurvey (90)
[2016.01.11-06.06.21:852][430]LogModuleManager: Shutting down and abandoning module DesktopPlatform (89)
[2016.01.11-06.06.21:852][430]LogModuleManager: Shutting down and abandoning module VisualStudioSourceCodeAccess (88)
[2016.01.11-06.06.21:852][430]LogModuleManager: Shutting down and abandoning module UObjectPlugin (87)
[2016.01.11-06.06.21:852][430]LogModuleManager: Shutting down and abandoning module SubversionSourceControl (86)
[2016.01.11-06.06.21:852][430]LogModuleManager: Shutting down and abandoning module SourceControl (85)
[2016.01.11-06.06.21:852][430]LogModuleManager: Shutting down and abandoning module PerforceSourceControl (84)
[2016.01.11-06.06.21:852][430]LogModuleManager: Shutting down and abandoning module BlankPlugin (83)
[2016.01.11-06.06.21:852][430]LogModuleManager: Shutting down and abandoning module SlateReflector (82)
[2016.01.11-06.06.21:852][430]LogModuleManager: Shutting down and abandoning module DirectoryWatcher (81)
[2016.01.11-06.06.21:853][430]LogModuleManager: Shutting down and abandoning module HotReload (80)
[2016.01.11-06.06.21:853][430]LogModuleManager: Shutting down and abandoning module MainFrame (79)
[2016.01.11-06.06.21:853][430]LogModuleManager: Shutting down and abandoning module LevelEditor (78)
[2016.01.11-06.06.21:855][430]LogModuleManager: Shutting down and abandoning module ViewportSnapping (77)
[2016.01.11-06.06.21:855][430]LogModuleManager: Shutting down and abandoning module SmartSnapping (76)
[2016.01.11-06.06.21:855][430]LogModuleManager: Shutting down and abandoning module PaperTiledImporter (75)
[2016.01.11-06.06.21:855][430]LogModuleManager: Shutting down and abandoning module PaperJsonImporter (74)
[2016.01.11-06.06.21:855][430]LogModuleManager: Shutting down and abandoning module ContentBrowser (73)
[2016.01.11-06.06.21:855][430]LogModuleManager: Shutting down and abandoning module PropertyEditor (72)
[2016.01.11-06.06.21:855][430]LogModuleManager: Shutting down and abandoning module Paper2DEditor (71)
[2016.01.11-06.06.21:855][430]LogModuleManager: Shutting down and abandoning module ScriptPlugin (70)
[2016.01.11-06.06.21:855][430]LogModuleManager: Shutting down and abandoning module UdpMessaging (69)
[2016.01.11-06.06.21:956][430]LogModuleManager: Shutting down and abandoning module Paper2D (68)
[2016.01.11-06.06.21:956][430]LogModuleManager: Shutting down and abandoning module WindowsMoviePlayer (67)
[2016.01.11-06.06.21:961][430]LogModuleManager: Shutting down and abandoning module Media (66)
[2016.01.11-06.06.21:961][430]LogModuleManager: Shutting down and abandoning module WmfMedia (65)
[2016.01.11-06.06.21:961][430]LogModuleManager: Shutting down and abandoning module OnlineBlueprintSupport (64)
[2016.01.11-06.06.21:961][430]LogModuleManager: Shutting down and abandoning module FunctionalTesting (63)
[2016.01.11-06.06.21:961][430]LogModuleManager: Shutting down and abandoning module CollisionAnalyzer (62)
[2016.01.11-06.06.21:961][430]LogModuleManager: Shutting down and abandoning module WorkspaceMenuStructure (61)
[2016.01.11-06.06.21:961][430]LogModuleManager: Shutting down and abandoning module MessageLog (60)
[2016.01.11-06.06.21:961][430]LogModuleManager: Shutting down and abandoning module Sequencer (59)
[2016.01.11-06.06.21:961][430]LogModuleManager: Shutting down and abandoning module AssetTools (58)
[2016.01.11-06.06.21:961][430]LogModuleManager: Shutting down and abandoning module UMGEditor (57)
[2016.01.11-06.06.21:961][430]LogModuleManager: Shutting down and abandoning module UMG (56)
[2016.01.11-06.06.21:961][430]LogModuleManager: Shutting down and abandoning module Slate (55)
[2016.01.11-06.06.21:961][430]LogModuleManager: Shutting down and abandoning module EditorStyle (54)
[2016.01.11-06.06.21:965][430]LogModuleManager: Shutting down and abandoning module SessionServices (53)
[2016.01.11-06.06.21:965][430]LogModuleManager: Shutting down and abandoning module SourceCodeAccess (52)
[2016.01.11-06.06.21:965][430]LogModuleManager: Shutting down and abandoning module HeadMountedDisplay (51)
[2016.01.11-06.06.21:965][430]LogModuleManager: Shutting down and abandoning module XAudio2 (50)
[2016.01.11-06.06.21:965][430]LogModuleManager: Shutting down and abandoning module Networking (48)
[2016.01.11-06.06.21:965][430]LogModuleManager: Shutting down and abandoning module Core (47)
[2016.01.11-06.06.21:965][430]LogModuleManager: Shutting down and abandoning module KismetCompiler (46)
[2016.01.11-06.06.21:965][430]LogModuleManager: Shutting down and abandoning module PhysXFormats (45)
[2016.01.11-06.06.21:965][430]LogModuleManager: Shutting down and abandoning module MeshUtilities (44)
[2016.01.11-06.06.21:968][430]LogModuleManager: Shutting down and abandoning module DerivedDataCache (43)
[2016.01.11-06.06.21:977][430]LogDerivedDataCache: Shutdown
[2016.01.11-06.06.21:977][430]LogModuleManager: Shutting down and abandoning module ShaderFormatOpenGL (42)
[2016.01.11-06.06.21:977][430]LogModuleManager: Shutting down and abandoning module ShaderFormatD3D (41)
[2016.01.11-06.06.21:977][430]LogModuleManager: Shutting down and abandoning module MetalShaderFormat (40)
[2016.01.11-06.06.21:977][430]LogModuleManager: Shutting down and abandoning module TextureFormatUncompressed (39)
[2016.01.11-06.06.21:977][430]LogModuleManager: Shutting down and abandoning module TextureFormatPVR (38)
[2016.01.11-06.06.21:977][430]LogModuleManager: Shutting down and abandoning module TextureFormatDXT (37)
[2016.01.11-06.06.21:977][430]LogModuleManager: Shutting down and abandoning module TextureFormatAndroid (36)
[2016.01.11-06.06.21:977][430]LogModuleManager: Shutting down and abandoning module AudioFormatOpus (35)
[2016.01.11-06.06.21:977][430]LogModuleManager: Shutting down and abandoning module AudioFormatOgg (34)
[2016.01.11-06.06.21:977][430]LogModuleManager: Shutting down and abandoning module AudioFormatADPCM (33)
[2016.01.11-06.06.21:977][430]LogModuleManager: Shutting down and abandoning module Messaging (32)
[2016.01.11-06.06.21:977][430]LogModuleManager: Shutting down and abandoning module IOSTargetPlatform (31)
[2016.01.11-06.06.21:977][430]LogModuleManager: Shutting down and abandoning module Android_PVRTCTargetPlatform (30)
[2016.01.11-06.06.21:977][430]LogModuleManager: Shutting down and abandoning module Android_ETC2TargetPlatform (29)
[2016.01.11-06.06.21:977][430]LogModuleManager: Shutting down and abandoning module Android_ETC1TargetPlatform (28)
[2016.01.11-06.06.21:977][430]LogModuleManager: Shutting down and abandoning module Android_DXTTargetPlatform (27)
[2016.01.11-06.06.21:977][430]LogModuleManager: Shutting down and abandoning module Android_ATCTargetPlatform (26)
[2016.01.11-06.06.21:977][430]LogModuleManager: Shutting down and abandoning module AndroidTargetPlatform (25)
[2016.01.11-06.06.21:977][430]LogModuleManager: Shutting down and abandoning module WindowsTargetPlatform (24)
[2016.01.11-06.06.21:977][430]LogModuleManager: Shutting down and abandoning module WindowsServerTargetPlatform (23)
[2016.01.11-06.06.21:977][430]LogModuleManager: Shutting down and abandoning module WindowsNoEditorTargetPlatform (22)
[2016.01.11-06.06.21:977][430]LogModuleManager: Shutting down and abandoning module WindowsClientTargetPlatform (21)
[2016.01.11-06.06.21:977][430]LogModuleManager: Shutting down and abandoning module TargetPlatform (20)
[2016.01.11-06.06.21:977][430]LogModuleManager: Shutting down and abandoning module InputCore (19)
[2016.01.11-06.06.21:977][430]LogModuleManager: Shutting down and abandoning module Settings (18)
[2016.01.11-06.06.21:977][430]LogModuleManager: Shutting down and abandoning module ImageWrapper (17)
[2016.01.11-06.06.21:977][430]LogModuleManager: Shutting down and abandoning module OculusRift (14)
[2016.01.11-06.06.21:977][430]LogModuleManager: Shutting down and abandoning module ExampleDeviceProfileSelector (13)
[2016.01.11-06.06.21:977][430]LogModuleManager: Shutting down and abandoning module TextureCompressor (12)
[2016.01.11-06.06.21:977][430]LogModuleManager: Shutting down and abandoning module ShaderCore (11)
[2016.01.11-06.06.21:977][430]LogModuleManager: Shutting down and abandoning module SlateRHIRenderer (10)
[2016.01.11-06.06.21:980][430]LogModuleManager: Shutting down and abandoning module OpenGLDrv (9)
[2016.01.11-06.06.21:980][430]LogModuleManager: Shutting down and abandoning module D3D11RHI (8)
[2016.01.11-06.06.21:980][430]LogModuleManager: Shutting down and abandoning module Renderer (7)
[2016.01.11-06.06.21:980][430]LogModuleManager: Shutting down and abandoning module Engine (6)
[2016.01.11-06.06.21:980][430]LogModuleManager: Shutting down and abandoning module CoreUObject (5)
[2016.01.11-06.06.21:980][430]LogModuleManager: Shutting down and abandoning module NetworkFile (4)
[2016.01.11-06.06.21:980][430]LogModuleManager: Shutting down and abandoning module StreamingFile (3)
[2016.01.11-06.06.21:980][430]LogModuleManager: Shutting down and abandoning module SandboxFile (2)
[2016.01.11-06.06.21:980][430]LogModuleManager: Shutting down and abandoning module PakFile (1)
[2016.01.11-06.06.21:981][430]LogExit: Exiting.
[2016.01.11-06.06.21:992][430]Log file closed, 01/11/16 01:06:21
