[2016.02.25-05.18.23:745][  0]Log file open, 02/25/16 00:18:23
[2016.02.25-05.18.23:745][  0]LogInit:Display: Running engine for game: Proyecto
[2016.02.25-05.18.23:745][  0]LogInit:Display: RandInit(-1371281269) SRandInit(-1371281269).
[2016.02.25-05.18.23:745][  0]LogTaskGraph: Started task graph with 4 named threads and 8 total threads.
[2016.02.25-05.18.23:745][  0]LogStats: Stats thread started
[2016.02.25-05.18.23:745][  0]LogInit: Version: 4.8.3-2634408+++depot+UE4-Releases+4.8
[2016.02.25-05.18.23:745][  0]LogInit: API Version: 2579680
[2016.02.25-05.18.23:745][  0]LogInit: Compiled (64-bit): Jul 27 2015 16:24:33
[2016.02.25-05.18.23:745][  0]LogInit: Compiled with Visual C++: 18.00.21005.01
[2016.02.25-05.18.23:745][  0]LogInit: Build Configuration: Development
[2016.02.25-05.18.23:745][  0]LogInit: Branch Name: ++depot+UE4-Releases+4.8
[2016.02.25-05.18.23:745][  0]LogInit: Command line:  
[2016.02.25-05.18.23:745][  0]LogInit: Base directory: C:/Program Files (x86)/Epic Games/4.8/Engine/Binaries/Win64/
[2016.02.25-05.18.23:745][  0]LogInit: Rocket: 1
[2016.02.25-05.18.23:788][  0]LogInit: Using libcurl 7.41.0
[2016.02.25-05.18.23:788][  0]LogInit:  - built for x86_64-pc-win32
[2016.02.25-05.18.23:788][  0]LogInit:  - supports SSL with WinSSL
[2016.02.25-05.18.23:788][  0]LogInit:  - other features:
[2016.02.25-05.18.23:788][  0]LogInit:      CURL_VERSION_SSL
[2016.02.25-05.18.23:788][  0]LogInit:      CURL_VERSION_IPV6
[2016.02.25-05.18.23:788][  0]LogInit:      CURL_VERSION_ASYNCHDNS
[2016.02.25-05.18.23:788][  0]LogInit:      CURL_VERSION_LARGEFILE
[2016.02.25-05.18.23:788][  0]LogInit:      CURL_VERSION_IDN
[2016.02.25-05.18.23:788][  0]LogInit:  CurlRequestOptions (configurable via config and command line):
[2016.02.25-05.18.23:788][  0]LogInit:  - bVerifyPeer = true  - Libcurl will verify peer certificate
[2016.02.25-05.18.23:788][  0]LogInit:  - bUseHttpProxy = false  - Libcurl will NOT use HTTP proxy
[2016.02.25-05.18.23:788][  0]LogInit:  - bDontReuseConnections = false  - Libcurl will reuse connections
[2016.02.25-05.18.23:788][  0]LogInit:  - CertBundlePath = nullptr  - Libcurl will use whatever was configured at build time.
[2016.02.25-05.18.23:823][  0]LogOnline:Warning: No default platform service specified for OnlineSubsystem
[2016.02.25-05.18.23:864][  0]LogInit: Presizing for 0 objects not considered by GC, pre-allocating 0 bytes.
[2016.02.25-05.18.23:884][  0]LogInit: Object subsystem initialized
[2016.02.25-05.18.23:886][  0]LogConsoleResponse:Warning: Skipping Unknown console variable: 'UIScaleCurve = (EditorCurveData=(Keys=((Time=480.000000,Value=0.444000),(Time=720.000000,Value=0.666000),(Time=1080.000000,Value=1.000000),(Time=8640.000000,Value=8.000000))),ExternalCurve=None)'
[2016.02.25-05.18.23:886][  0]LogConsoleResponse:Warning:   Found in ini file 'C:/Users/Jimmy/git/PoliHeath/Proyecto 4.8/Saved/Config/Windows/Engine.ini', in section '[/Script/Engine.RendererSettings]'
[2016.02.25-05.18.23:887][  0]LogConsoleManager:Warning: Console variable 'r.MSAA.CompositingSampleCount' wasn't set ('Scalability' has a lower priority than 'ProjectSetting')
[2016.02.25-05.18.23:887][  0]LogInit: Selected Device Profile: [Windows]
[2016.02.25-05.18.23:887][  0]LogInit: Applying CVar settings loaded from the selected device profile: [Windows]
[2016.02.25-05.18.23:915][  0]LogInit: Computer: JIMMY-PC
[2016.02.25-05.18.23:915][  0]LogInit: User: Jimmy
[2016.02.25-05.18.23:915][  0]LogInit: CPU Page size=4096, Cores=6
[2016.02.25-05.18.23:915][  0]LogInit: High frequency timer resolution =2.746525 MHz
[2016.02.25-05.18.23:916][  0]LogMemory: Memory total: Physical=4.0GB (4GB approx)
[2016.02.25-05.18.23:916][  0]LogMemory: Platform Memory Stats for Windows
[2016.02.25-05.18.23:916][  0]LogMemory: Process Physical Memory: 49.18 MB used, 49.18 MB peak
[2016.02.25-05.18.23:916][  0]LogMemory: Process Virtual Memory: 22.18 MB used, 22.18 MB peak
[2016.02.25-05.18.23:916][  0]LogMemory: Physical Memory: 2134.38 MB used, 4092.53 MB total
[2016.02.25-05.18.23:916][  0]LogMemory: Virtual Memory: 292.58 MB used, 134217728.00 MB total
[2016.02.25-05.18.24:012][  0]LogTextLocalizationManager: The requested culture ('en_US') has no localization data; parent culture's ('en') localization data will be used.
[2016.02.25-05.18.24:534][  0]LogTextLocalizationManager:Warning: Loaded localization resources contain conflicting entries for (Namespace:ContentBrowser, Key:ImportAssetToolTip):
Localization Resource: (C:/Program Files (x86)/Epic Games/4.8/Engine/Content/Localization/Editor/en/Editor.locres) Source String Hash: (-630476809) Localized String: (Import to {0}...)
Localization Resource: (C:/Program Files (x86)/Epic Games/4.8/Engine/Content/Localization/Editor/en/Editor.locres) Source String Hash: (1271782899) Localized String: (Imports an asset from file to this folder.)
[2016.02.25-05.18.25:662][  0]LogD3D11RHI: Found D3D11 adapter 0: NVIDIA GeForce GTX 650 (Feature Level 11_0)
[2016.02.25-05.18.25:662][  0]LogD3D11RHI: Adapter has 1986MB of dedicated video memory, 0MB of dedicated system memory, and 2046MB of shared system memory, 1 output[s]
[2016.02.25-05.18.25:665][  0]LogD3D11RHI: Found D3D11 adapter 1: Microsoft Basic Render Driver (Feature Level 11_0)
[2016.02.25-05.18.25:665][  0]LogD3D11RHI: Adapter has 0MB of dedicated video memory, 0MB of dedicated system memory, and 256MB of shared system memory, 0 output[s]
[2016.02.25-05.18.25:665][  0]LogD3D11RHI: Chosen D3D11 Adapter Id = 0
[2016.02.25-05.18.25:674][  0]LogD3D11RHI: InitD3DDevice
[2016.02.25-05.18.25:674][  0]LogD3D11RHI: !Direct3DDevice
[2016.02.25-05.18.25:674][  0]LogRHI: Texture pool is 1361 MB (70% of 1945 MB)
[2016.02.25-05.18.25:704][  0]LogD3D11RHI: Async texture creation enabled
[2016.02.25-05.18.25:728][  0]LogShaderCompilers:Display: Using Local Shader Compiler.
[2016.02.25-05.18.28:876][  0]LogTemp:Display: Loaded TP DesktopTargetPlatform
[2016.02.25-05.18.28:919][  0]LogTemp:Display: Loaded TP WindowsClientTargetPlatform
[2016.02.25-05.18.28:962][  0]LogTemp:Display: Loaded TP WindowsNoEditorTargetPlatform
[2016.02.25-05.18.29:006][  0]LogTemp:Display: Loaded TP WindowsServerTargetPlatform
[2016.02.25-05.18.29:056][  0]LogTemp:Display: Loaded TP WindowsTargetPlatform
[2016.02.25-05.18.29:095][  0]LogTemp:Display: Loaded TP AndroidTargetPlatform
[2016.02.25-05.18.29:134][  0]LogTemp:Display: Loaded TP Android_ASTCTargetPlatform
[2016.02.25-05.18.29:172][  0]LogTemp:Display: Loaded TP Android_ATCTargetPlatform
[2016.02.25-05.18.29:211][  0]LogTemp:Display: Loaded TP Android_DXTTargetPlatform
[2016.02.25-05.18.29:250][  0]LogTemp:Display: Loaded TP Android_ETC1TargetPlatform
[2016.02.25-05.18.29:288][  0]LogTemp:Display: Loaded TP Android_ETC2TargetPlatform
[2016.02.25-05.18.29:326][  0]LogTemp:Display: Loaded TP Android_PVRTCTargetPlatform
[2016.02.25-05.18.29:452][  0]LogTemp:Display: Loaded TP IOSTargetPlatform
[2016.02.25-05.18.29:489][  0]LogTemp:Display: Loaded TP LinuxNoEditorTargetPlatform
[2016.02.25-05.18.29:527][  0]LogTemp:Display: Loaded TP LinuxServerTargetPlatform
[2016.02.25-05.18.29:576][  0]LogTemp:Display: Loaded TP LinuxTargetPlatform
[2016.02.25-05.18.29:576][  0]LogTargetPlatformManager:Display: Building Assets For Windows
[2016.02.25-05.18.30:202][  0]LogDerivedDataCache:Display: Max Cache Size: 512 MB
[2016.02.25-05.18.30:884][  0]LogDerivedDataCache: Loaded boot cache 0.68s 56MB C:/Users/Jimmy/AppData/Local/UnrealEngine/4.8/DerivedDataCache/Boot.ddc.
[2016.02.25-05.18.30:884][  0]LogDerivedDataCache:Display: Loaded Boot cache: C:/Users/Jimmy/AppData/Local/UnrealEngine/4.8/DerivedDataCache/Boot.ddc
[2016.02.25-05.18.30:884][  0]LogDerivedDataCache: FDerivedDataBackendGraph:  Pak pak cache file ../../../../../../Users/Jimmy/git/PoliHeath/Proyecto 4.8/DerivedDataCache/DDC.ddp not found, will not use a pak cache.
[2016.02.25-05.18.30:884][  0]LogDerivedDataCache: Unable to find inner node Pak for hierarchical cache Hierarchy.
[2016.02.25-05.18.30:884][  0]LogDerivedDataCache: FDerivedDataBackendGraph:  CompressedPak pak cache file ../../../../../../Users/Jimmy/git/PoliHeath/Proyecto 4.8/DerivedDataCache/Compressed.ddp not found, will not use a pak cache.
[2016.02.25-05.18.30:884][  0]LogDerivedDataCache: Unable to find inner node CompressedPak for hierarchical cache Hierarchy.
[2016.02.25-05.18.31:265][  0]LogDerivedDataCache:Display: Pak cache opened for reading ../../../Engine/DerivedDataCache/Compressed.ddp.
[2016.02.25-05.18.31:279][  0]LogDerivedDataCache: Using Local data cache path C:/Users/Jimmy/AppData/Local/UnrealEngine/Common/DerivedDataCache: Writable
[2016.02.25-05.18.32:123][  0]LogInit: Selected Device Profile: [Windows]
[2016.02.25-05.18.32:350][  0]ImportText (ComponentSweepMultiTests): Missing closing parenthesis: (RootShapeAsset="/Engine/BasicShapes/Cube.Cube",ShapeType="TriggerCapsule",HitResult=(Time=0.50,Location=(X=-100.000015,Y=0.0,Z=100.000015),ImpactPoint=(X=-50.0,Y=0.0,Z=50.0),Normal=(X=-1.0,Y=-0.0,Z=0.0),ImpactNormal=(X=0.0,Y=0.0,Z=1.0),TraceStart=(X=-200.0,Y=0.0,Z=200.0),TraceEnd=(X=0.0,Y=0.0,Z=0.0))
[2016.02.25-05.18.32:351][  0]ImportText (LineTraceSingleByChannelTests): Missing closing parenthesis: (RootShapeAsset="/Engine/BasicShapes/Cube.Cube",HitResult=(Time=0.50,Location=(X=-100.000015,Y=0.0,Z=100.000015),ImpactPoint=(X=-50.0,Y=0.0,Z=50.0),Normal=(X=-1.0,Y=-0.0,Z=0.0),ImpactNormal=(X=0.0,Y=0.0,Z=1.0),TraceStart=(X=-200.0,Y=0.0,Z=200.0),TraceEnd=(X=0.0,Y=0.0,Z=0.0))
[2016.02.25-05.18.32:432][  0]LogMeshUtilities: No automatic mesh reduction module available
[2016.02.25-05.18.32:432][  0]LogMeshUtilities: No automatic mesh merging module available
[2016.02.25-05.18.33:397][  0]LogInit: WinSock: version 1.1 (2.2), MaxSocks=32767, MaxUdp=65467
[2016.02.25-05.18.38:005][  0]UdpMessaging: Initializing bridge on interface 0.0.0.0:0 to multicast group 230.0.0.1:6666.
[2016.02.25-05.18.39:095][  0]SourceControl: Info Source control is disabled
[2016.02.25-05.18.40:340][  0]LogObj: 26273 objects as part of root set at end of initial load.
[2016.02.25-05.18.40:340][  0]LogUObjectAllocator: 5409248 out of 0 bytes used by permanent object pool.
[2016.02.25-05.18.40:549][  0]LogEngine: Initializing Engine...
[2016.02.25-05.18.40:559][  0]LogHMD: Can't find Oculus library dev build: is proper Runtime installed? Version: 0.6.0.0
[2016.02.25-05.18.40:563][  0]LogHMD:Warning: SteamVR failed to initialize.  Error: 110
[2016.02.25-05.18.41:061][  0]LogAIModule: Creating AISystem for world NewWorld
[2016.02.25-05.18.41:077][  0]LogInit: XAudio2 using 'Speakers (Realtek High Definition Audio)' : 2 channels at 48 kHz using 32 bits per sample (channel mask 0x3)
[2016.02.25-05.18.41:102][  0]LogInit: FAudioDevice initialized.
[2016.02.25-05.18.41:198][  0]LogDerivedDataCache: Saved boot cache 0.10s 56MB C:/Users/Jimmy/AppData/Local/UnrealEngine/4.8/DerivedDataCache/Boot.ddc.
[2016.02.25-05.18.41:219][  0]LogInit: Texture streaming: Disabled
[2016.02.25-05.18.41:290][  0]LogAnalytics: Creating configured Analytics provider AnalyticsET
[2016.02.25-05.18.41:290][  0]LogAnalytics: [UEEditor.Rocket.Release] APIServer = http://et2.epicgames.com/ET2/. AppVersion = 4.8.3-2634408+++depot+UE4-Releases+4.8
[2016.02.25-05.18.41:290][  0]LogAnalytics: [UEEditor.Rocket.Release] SetUserId d27f3b9b4f30e27e25812782be8b0d8d|8dcf4c5a87044acf9d7d9b2f0991a3f0|822a412b-4e57-4804-a033-2e42d5894c6e
[2016.02.25-05.18.41:290][  0]LogAnalytics: [UEEditor.Rocket.Release] AnalyticsET::StartSession
[2016.02.25-05.18.41:376][  0]LogInit: Transaction tracking system initialized
[2016.02.25-05.18.41:761][  0]BlueprintLog: New page: Editor Load
[2016.02.25-05.18.41:842][  0]LogAssetRegistry: FAssetRegistry took 0.0114 seconds to start up
[2016.02.25-05.18.41:843][  0]LogDirectoryWatcher:Warning: Failed to begin reading directory changes for ../../../Engine/Plugins/Experimental/CharacterAI/Content/. Error: 0
[2016.02.25-05.18.43:988][  0]LogConsoleManager:Warning: Console variable 'r.VSync' wasn't set ('GameSetting' has a lower priority than 'SystemSettingsIni')
[2016.02.25-05.18.43:989][  0]LogConsoleResponse:Display: 
[2016.02.25-05.18.44:300][  0]LogCook:Display: Done creating registry. It took  0.00s.
[2016.02.25-05.18.45:067][  0]Cmd: MAP LOAD FILE="../../../../../../Users/Jimmy/git/PoliHeath/Proyecto 4.8/Content/Niveles/Menu.umap" TEMPLATE=0 SHOWPROGRESS=1 FEATURELEVEL=3
[2016.02.25-05.18.45:069][  0]LightingResults: New page: Lighting Build
[2016.02.25-05.18.45:107][  0]MapCheck: New page: Map Check
[2016.02.25-05.18.45:107][  0]LightingResults: New page: Lighting Build
[2016.02.25-05.18.45:129][  0]LogParticles: Destroying 0 GPU particle simulations for FXSystem 0x000000EC96210B80
[2016.02.25-05.18.45:722][  0]LogAIModule: Creating AISystem for world Menu
[2016.02.25-05.18.45:725][  0]LogEditorServer: Finished looking for orphan Actors (0.000 secs)
[2016.02.25-05.18.45:727][  0]Cmd: MAP CHECKDEP NOCLEARLOG
[2016.02.25-05.18.45:953][  0]MapCheck: Info Map check complete: 0 Error(s), 0 Warning(s), took 225.944ms to complete.
[2016.02.25-05.18.45:954][  0]LogFileHelpers: Loading map 'Menu' took 0.886
[2016.02.25-05.18.46:181][  0]LogCollectionManager: Loaded 0 collections in 0.005379 seconds
[2016.02.25-05.18.46:201][  0]LogContentBrowser: Native class hierarchy populated in 0.0202 seconds. Added 1792 classes and 301 folders.
[2016.02.25-05.18.46:324][  0]LogContentBrowser: Native class hierarchy updated for 'WidgetCarousel' in 0.0009 seconds. Added 0 classes and 0 folders.
[2016.02.25-05.18.46:440][  0]LogContentBrowser: Native class hierarchy updated for 'AddContentDialog' in 0.0009 seconds. Added 0 classes and 0 folders.
[2016.02.25-05.18.46:496][  0]LogContentBrowser: Native class hierarchy updated for 'SceneOutliner' in 0.0010 seconds. Added 1 classes and 2 folders.
[2016.02.25-05.18.46:586][  0]LogCrashTracker: Crashtracker disabled due to settings.
[2016.02.25-05.18.46:588][  0]LogD3D11RHI: InitD3DDevice
[2016.02.25-05.18.46:593][  0]LogUObjectGlobals:Warning: Failed to find object 'Class None.'
[2016.02.25-05.18.46:617][  0]LogLoad: Full Startup: 29.53 seconds (BP compile: 0.43 seconds)
[2016.02.25-05.18.47:050][  0]SourceControl: Info # On branch master
[2016.02.25-05.18.47:050][  0]SourceControl: Info # Changes not staged for commit:
[2016.02.25-05.18.47:050][  0]SourceControl: Info #   (use "git add <file>..." to update what will be committed)
[2016.02.25-05.18.47:050][  0]SourceControl: Info #   (use "git checkout -- <file>..." to discard changes in working directory)
[2016.02.25-05.18.47:050][  0]SourceControl: Info #
[2016.02.25-05.18.47:050][  0]SourceControl: Info #	modified:   Proyecto 4.8/Intermediate/CachedAssetRegistry.bin
[2016.02.25-05.18.47:050][  0]SourceControl: Info #	modified:   Proyecto 4.8/Saved/Config/Windows/Editor.ini
[2016.02.25-05.18.47:051][  0]SourceControl: Info #	modified:   Proyecto 4.8/Saved/Config/Windows/EditorPerProjectUserSettings.ini
[2016.02.25-05.18.47:051][  0]SourceControl: Info #	modified:   Proyecto 4.8/Saved/Config/Windows/Engine.ini
[2016.02.25-05.18.47:051][  0]SourceControl: Info #	modified:   Proyecto 4.8/Saved/Logs/Proyecto.log
[2016.02.25-05.18.47:051][  0]SourceControl: Info #
[2016.02.25-05.18.47:051][  0]SourceControl: Info # Untracked files:
[2016.02.25-05.18.47:051][  0]SourceControl: Info #   (use "git add <file>..." to include in what will be committed)
[2016.02.25-05.18.47:051][  0]SourceControl: Info #
[2016.02.25-05.18.47:051][  0]SourceControl: Info #	Proyecto 4.8/Saved/Logs/Proyecto-backup-2016.02.25-00.18.23.log
[2016.02.25-05.18.47:051][  0]SourceControl: Info no changes added to commit (use "git add" and/or "git commit -a")
[2016.02.25-05.18.47:051][  0]LogContentStreaming: Texture pool size is 0.000000MB
[2016.02.25-05.18.47:104][  0]LogContentStreaming: Texture pool size now 1000 MB
[2016.02.25-05.18.47:684][  0]LogRenderer: Reallocating scene render targets to support 1208x576 (Frame:2).
[2016.02.25-05.18.47:827][  1]LogD3D11RHI: InitD3DDevice
[2016.02.25-05.18.47:869][  1]LogD3D11RHI: InitD3DDevice
[2016.02.25-05.18.48:002][  2]LogD3D11RHI: InitD3DDevice
[2016.02.25-05.18.48:484][ 13]LogAssetRegistry: Asset discovery search completed in 6.6537 seconds
[2016.02.25-05.20.37:583][539]LogD3D11RHI: InitD3DDevice
[2016.02.25-05.20.45:554][539]LogAIModule: Creating AISystem for world Nivel_1
[2016.02.25-05.20.46:634][539]Cmd: MAP LOAD FILE="../../../../../../Users/Jimmy/git/PoliHeath/Proyecto 4.8/Content/Niveles/Nivel_1.umap" TEMPLATE=0 SHOWPROGRESS=1 FEATURELEVEL=3
[2016.02.25-05.20.46:637][539]LightingResults: New page: Lighting Build
[2016.02.25-05.20.46:715][539]LoadErrors: New page: Loading map: Nivel_1.umap
[2016.02.25-05.20.46:715][539]MapCheck: New page: Map Check
[2016.02.25-05.20.46:715][539]LightingResults: New page: Lighting Build
[2016.02.25-05.20.46:738][539]LogParticles: Destroying 0 GPU particle simulations for FXSystem 0x000000EC84F5C2C0
[2016.02.25-05.20.46:966][539]LogAIModule: Creating AISystem for world Nivel_1
[2016.02.25-05.20.46:992][539]LogEditorServer: Finished looking for orphan Actors (0.000 secs)
[2016.02.25-05.20.47:101][539]Cmd: MAP CHECKDEP NOCLEARLOG
[2016.02.25-05.20.47:301][539]MapCheck: Info Map check complete: 0 Error(s), 0 Warning(s), took 199.62ms to complete.
[2016.02.25-05.20.47:301][539]LogFileHelpers: Loading map 'Nivel_1' took 0.669
[2016.02.25-05.20.50:802][817]LogEditorViewport: Clicking on Actor (LMB): tubo_BP_C (mesaPC_Sprite7)
[2016.02.25-05.21.22:434][777]LogD3D11RHI: InitD3DDevice
[2016.02.25-05.21.23:264][834]LogD3D11RHI: InitD3DDevice
[2016.02.25-05.21.24:576][906]LogD3D11RHI: InitD3DDevice
[2016.02.25-05.21.24:660][906]LogD3D11RHI: InitD3DDevice
[2016.02.25-05.21.24:691][906]Cmd: OBJ SAVEPACKAGE PACKAGE="/Game/Blueprints/Level_1/tubo_BP" FILE="../../../../../../Users/Jimmy/git/PoliHeath/Proyecto 4.8/Content/Blueprints/Level_1/tubo_BP.uasset" SILENT=true
[2016.02.25-05.21.24:735][906]LogSavePackage: Save=37.448414ms
[2016.02.25-05.21.24:735][906]LogSavePackage: Moving '../../../../../../Users/Jimmy/git/PoliHeath/Proyecto 4.8/Saved/tubo_BPC535EF7744AC6DA0EF0BA68036920FF4.tmp' to '../../../../../../Users/Jimmy/git/PoliHeath/Proyecto 4.8/Content/Blueprints/Level_1/tubo_BP.uasset'
[2016.02.25-05.21.24:746][906]LogD3D11RHI: InitD3DDevice
[2016.02.25-05.21.24:916][906]LogD3D11RHI: InitD3DDevice
[2016.02.25-05.21.25:002][906]LogD3D11RHI: InitD3DDevice
[2016.02.25-05.21.25:007][906]LogD3D11RHI: InitD3DDevice
[2016.02.25-05.21.25:109][906]LogD3D11RHI: InitD3DDevice
[2016.02.25-05.21.30:783][237]LogD3D11RHI: InitD3DDevice
[2016.02.25-05.21.31:178][237]SourceControl: Info # On branch master
[2016.02.25-05.21.31:178][237]SourceControl: Info # Changes to be committed:
[2016.02.25-05.21.31:178][237]SourceControl: Info #   (use "git reset HEAD <file>..." to unstage)
[2016.02.25-05.21.31:178][237]SourceControl: Info #
[2016.02.25-05.21.31:178][237]SourceControl: Info #	new file:   Proyecto 4.8/Content/Blueprints/Level_1/tubo_BP.uasset
[2016.02.25-05.21.31:178][237]SourceControl: Info #
[2016.02.25-05.21.31:178][237]SourceControl: Info # Changes not staged for commit:
[2016.02.25-05.21.31:178][237]SourceControl: Info #   (use "git add <file>..." to update what will be committed)
[2016.02.25-05.21.31:178][237]SourceControl: Info #   (use "git checkout -- <file>..." to discard changes in working directory)
[2016.02.25-05.21.31:178][237]SourceControl: Info #
[2016.02.25-05.21.31:178][237]SourceControl: Info #	modified:   Proyecto 4.8/Intermediate/CachedAssetRegistry.bin
[2016.02.25-05.21.31:178][237]SourceControl: Info #	modified:   Proyecto 4.8/Saved/Autosaves/PackageRestoreData.json
[2016.02.25-05.21.31:178][237]SourceControl: Info #	modified:   Proyecto 4.8/Saved/Config/Windows/Editor.ini
[2016.02.25-05.21.31:178][237]SourceControl: Info #	modified:   Proyecto 4.8/Saved/Config/Windows/EditorPerProjectUserSettings.ini
[2016.02.25-05.21.31:178][237]SourceControl: Info #	modified:   Proyecto 4.8/Saved/Config/Windows/Engine.ini
[2016.02.25-05.21.31:178][237]SourceControl: Info #	modified:   Proyecto 4.8/Saved/Logs/Proyecto.log
[2016.02.25-05.21.31:178][237]SourceControl: Info #
[2016.02.25-05.21.31:178][237]SourceControl: Info # Untracked files:
[2016.02.25-05.21.31:179][237]SourceControl: Info #   (use "git add <file>..." to include in what will be committed)
[2016.02.25-05.21.31:179][237]SourceControl: Info #
[2016.02.25-05.21.31:179][237]SourceControl: Info #	Proyecto 4.8/Saved/Logs/Proyecto-backup-2016.02.25-00.18.23.log
[2016.02.25-05.21.31:212][237]LogD3D11RHI: InitD3DDevice
[2016.02.25-05.21.31:299][237]LogD3D11RHI: InitD3DDevice
[2016.02.25-05.21.31:335][237]LogD3D11RHI: InitD3DDevice
[2016.02.25-05.21.31:424][237]LogD3D11RHI: InitD3DDevice
[2016.02.25-05.21.31:514][237]LogD3D11RHI: InitD3DDevice
[2016.02.25-05.21.31:771][237]LogMetaData: Removing '/Game/Blueprints/Level_1/mesa_BP.SKEL_mesa_BP_C' ref from Metadata '/Game/Blueprints/Level_1/tubo_BP.PackageMetaData'
[2016.02.25-05.21.31:771][237]LogMetaData: Removing '/Game/Blueprints/Level_1/mesa_BP.mesa_BP_C' ref from Metadata '/Game/Blueprints/Level_1/tubo_BP.PackageMetaData'
[2016.02.25-05.21.31:803][237]LogD3D11RHI: InitD3DDevice
[2016.02.25-05.21.31:821][237]Cmd: OBJ SAVEPACKAGE PACKAGE="/Game/Blueprints/Level_1/mesa_BP" FILE="../../../../../../Users/Jimmy/git/PoliHeath/Proyecto 4.8/Content/Blueprints/Level_1/mesa_BP.uasset" SILENT=true
[2016.02.25-05.21.31:869][237]LogSavePackage: Save=38.544708ms
[2016.02.25-05.21.31:869][237]LogSavePackage: Moving '../../../../../../Users/Jimmy/git/PoliHeath/Proyecto 4.8/Saved/mesa_BP8950EC874900F652B9E7219246BAF9F4.tmp' to '../../../../../../Users/Jimmy/git/PoliHeath/Proyecto 4.8/Content/Blueprints/Level_1/mesa_BP.uasset'
[2016.02.25-05.21.31:881][237]LogD3D11RHI: InitD3DDevice
[2016.02.25-05.21.32:055][237]Cmd: OBJ SAVEPACKAGE PACKAGE="/Game/Blueprints/Level_1/tubo_BP" FILE="../../../../../../Users/Jimmy/git/PoliHeath/Proyecto 4.8/Content/Blueprints/Level_1/tubo_BP.uasset" SILENT=true
[2016.02.25-05.21.32:151][237]LogSavePackage: Save=6.277751ms
[2016.02.25-05.21.32:151][237]LogSavePackage: Moving '../../../../../../Users/Jimmy/git/PoliHeath/Proyecto 4.8/Saved/tubo_BP22A07CE942DCCD4F328A2BA9709890E4.tmp' to '../../../../../../Users/Jimmy/git/PoliHeath/Proyecto 4.8/Content/Blueprints/Level_1/tubo_BP.uasset'
[2016.02.25-05.21.32:166][237]LogD3D11RHI: InitD3DDevice
[2016.02.25-05.21.32:259][237]LogD3D11RHI: InitD3DDevice
[2016.02.25-05.21.34:212][338]LogD3D11RHI: InitD3DDevice
[2016.02.25-05.21.37:305][338]LogD3D11RHI: InitD3DDevice
[2016.02.25-05.21.38:216][338]LogObjectTools:Warning: ForceReplaceReferences replaced references for a transient object 'REINST_SKEL_mesa_BP_C_205' or package '/Engine/Transient'.
[2016.02.25-05.21.38:216][338]LogObjectTools:Warning: ForceReplaceReferences replaced references for a transient object 'REINST_SKEL_mesa_BP_C_209' or package '/Engine/Transient'.
[2016.02.25-05.21.38:217][338]LogObjectTools:Warning: ForceReplaceReferences replaced references for a transient object 'REINST_mesa_BP_C_208' or package '/Engine/Transient'.
[2016.02.25-05.21.38:217][338]LogObjectTools:Warning: ForceReplaceReferences replaced references for a transient object 'DEADCLASS_mesa_BP_C_1' or package '/Engine/Transient'.
[2016.02.25-05.21.38:217][338]LogObjectTools:Warning: ForceReplaceReferences replaced references for a transient object 'DEADCLASS_mesa_BP_C_0' or package '/Engine/Transient'.
[2016.02.25-05.21.38:353][338]LogD3D11RHI: InitD3DDevice
[2016.02.25-05.21.38:594][338]LogD3D11RHI: InitD3DDevice
[2016.02.25-05.21.38:919][338]SourceControl:Error: Error error: pathspec 'Proyecto 4.8/Content/Blueprints/Level_1/mesa_BP.uasset' did not match any file(s) known to git.
[2016.02.25-05.21.38:924][338]LogD3D11RHI: InitD3DDevice
[2016.02.25-05.21.39:035][338]SourceControl:Error: Error fatal: pathspec 'Proyecto 4.8/Content/Blueprints/Level_1/mesa_BP.uasset' did not match any files
[2016.02.25-05.21.39:036][338]LogObjectTools:Warning: SCC failed to open '../../../../../../Users/Jimmy/git/PoliHeath/Proyecto 4.8/Content/Blueprints/Level_1/mesa_BP.uasset' for delete while saving an empty package.
[2016.02.25-05.21.40:833][448]LogEditorViewport: Clicking on Actor (LMB): tubo_BP_C (mesaPC_Sprite7)
[2016.02.25-05.21.41:649][499]Cmd: DELETE
[2016.02.25-05.21.41:649][499]Cmd: ACTOR DELETE