[2016.02.14-01.39.30:294][  0]Log file open, 02/13/16 20:39:30
[2016.02.14-01.39.30:294][  0]LogInit:Display: Running engine for game: Proyecto
[2016.02.14-01.39.30:294][  0]LogInit:Display: RandInit(2061654600) SRandInit(2061654601).
[2016.02.14-01.39.30:294][  0]LogTaskGraph: Started task graph with 4 named threads and 8 total threads.
[2016.02.14-01.39.30:294][  0]LogStats: Stats thread started
[2016.02.14-01.39.30:294][  0]LogInit: Version: 4.8.3-2634408+++depot+UE4-Releases+4.8
[2016.02.14-01.39.30:294][  0]LogInit: API Version: 2579680
[2016.02.14-01.39.30:294][  0]LogInit: Compiled (64-bit): Jul 27 2015 16:24:33
[2016.02.14-01.39.30:294][  0]LogInit: Compiled with Visual C++: 18.00.21005.01
[2016.02.14-01.39.30:295][  0]LogInit: Build Configuration: Development
[2016.02.14-01.39.30:295][  0]LogInit: Branch Name: ++depot+UE4-Releases+4.8
[2016.02.14-01.39.30:295][  0]LogInit: Command line:  
[2016.02.14-01.39.30:295][  0]LogInit: Base directory: C:/Program Files (x86)/Epic Games/4.8/Engine/Binaries/Win64/
[2016.02.14-01.39.30:295][  0]LogInit: Rocket: 1
[2016.02.14-01.39.30:342][  0]LogInit: Using libcurl 7.41.0
[2016.02.14-01.39.30:342][  0]LogInit:  - built for x86_64-pc-win32
[2016.02.14-01.39.30:342][  0]LogInit:  - supports SSL with WinSSL
[2016.02.14-01.39.30:342][  0]LogInit:  - other features:
[2016.02.14-01.39.30:342][  0]LogInit:      CURL_VERSION_SSL
[2016.02.14-01.39.30:342][  0]LogInit:      CURL_VERSION_IPV6
[2016.02.14-01.39.30:342][  0]LogInit:      CURL_VERSION_ASYNCHDNS
[2016.02.14-01.39.30:342][  0]LogInit:      CURL_VERSION_LARGEFILE
[2016.02.14-01.39.30:342][  0]LogInit:      CURL_VERSION_IDN
[2016.02.14-01.39.30:343][  0]LogInit:  CurlRequestOptions (configurable via config and command line):
[2016.02.14-01.39.30:343][  0]LogInit:  - bVerifyPeer = true  - Libcurl will verify peer certificate
[2016.02.14-01.39.30:343][  0]LogInit:  - bUseHttpProxy = false  - Libcurl will NOT use HTTP proxy
[2016.02.14-01.39.30:343][  0]LogInit:  - bDontReuseConnections = false  - Libcurl will reuse connections
[2016.02.14-01.39.30:343][  0]LogInit:  - CertBundlePath = nullptr  - Libcurl will use whatever was configured at build time.
[2016.02.14-01.39.30:378][  0]LogOnline:Warning: No default platform service specified for OnlineSubsystem
[2016.02.14-01.39.30:422][  0]LogInit: Presizing for 0 objects not considered by GC, pre-allocating 0 bytes.
[2016.02.14-01.39.30:441][  0]LogInit: Object subsystem initialized
[2016.02.14-01.39.30:444][  0]LogConsoleResponse:Warning: Skipping Unknown console variable: 'UIScaleCurve = (EditorCurveData=(Keys=((Time=480.000000,Value=0.444000),(Time=720.000000,Value=0.666000),(Time=1080.000000,Value=1.000000),(Time=8640.000000,Value=8.000000))),ExternalCurve=None)'
[2016.02.14-01.39.30:444][  0]LogConsoleResponse:Warning:   Found in ini file 'C:/Users/Jimmy/git/PoliHeath/Proyecto 4.8/Saved/Config/Windows/Engine.ini', in section '[/Script/Engine.RendererSettings]'
[2016.02.14-01.39.30:445][  0]LogConsoleManager:Warning: Console variable 'r.MSAA.CompositingSampleCount' wasn't set ('Scalability' has a lower priority than 'ProjectSetting')
[2016.02.14-01.39.30:445][  0]LogInit: Selected Device Profile: [Windows]
[2016.02.14-01.39.30:445][  0]LogInit: Applying CVar settings loaded from the selected device profile: [Windows]
[2016.02.14-01.39.30:475][  0]LogInit: Computer: JIMMY-PC
[2016.02.14-01.39.30:475][  0]LogInit: User: Jimmy
[2016.02.14-01.39.30:475][  0]LogInit: CPU Page size=4096, Cores=6
[2016.02.14-01.39.30:475][  0]LogInit: High frequency timer resolution =2.746524 MHz
[2016.02.14-01.39.30:475][  0]LogMemory: Memory total: Physical=4.0GB (4GB approx)
[2016.02.14-01.39.30:476][  0]LogMemory: Platform Memory Stats for Windows
[2016.02.14-01.39.30:476][  0]LogMemory: Process Physical Memory: 48.45 MB used, 48.45 MB peak
[2016.02.14-01.39.30:476][  0]LogMemory: Process Virtual Memory: 22.23 MB used, 23.13 MB peak
[2016.02.14-01.39.30:476][  0]LogMemory: Physical Memory: 2184.51 MB used, 4092.53 MB total
[2016.02.14-01.39.30:476][  0]LogMemory: Virtual Memory: 292.58 MB used, 134217728.00 MB total
[2016.02.14-01.39.30:611][  0]LogTextLocalizationManager: The requested culture ('en_US') has no localization data; parent culture's ('en') localization data will be used.
[2016.02.14-01.39.31:135][  0]LogTextLocalizationManager:Warning: Loaded localization resources contain conflicting entries for (Namespace:ContentBrowser, Key:ImportAssetToolTip):
Localization Resource: (C:/Program Files (x86)/Epic Games/4.8/Engine/Content/Localization/Editor/en/Editor.locres) Source String Hash: (-630476809) Localized String: (Import to {0}...)
Localization Resource: (C:/Program Files (x86)/Epic Games/4.8/Engine/Content/Localization/Editor/en/Editor.locres) Source String Hash: (1271782899) Localized String: (Imports an asset from file to this folder.)
[2016.02.14-01.39.32:285][  0]LogD3D11RHI: Found D3D11 adapter 0: NVIDIA GeForce GTX 650 (Feature Level 11_0)
[2016.02.14-01.39.32:285][  0]LogD3D11RHI: Adapter has 1986MB of dedicated video memory, 0MB of dedicated system memory, and 2046MB of shared system memory, 1 output[s]
[2016.02.14-01.39.32:289][  0]LogD3D11RHI: Found D3D11 adapter 1: Microsoft Basic Render Driver (Feature Level 11_0)
[2016.02.14-01.39.32:289][  0]LogD3D11RHI: Adapter has 0MB of dedicated video memory, 0MB of dedicated system memory, and 256MB of shared system memory, 0 output[s]
[2016.02.14-01.39.32:289][  0]LogD3D11RHI: Chosen D3D11 Adapter Id = 0
[2016.02.14-01.39.32:299][  0]LogD3D11RHI: InitD3DDevice
[2016.02.14-01.39.32:299][  0]LogD3D11RHI: !Direct3DDevice
[2016.02.14-01.39.32:299][  0]LogRHI: Texture pool is 1361 MB (70% of 1945 MB)
[2016.02.14-01.39.32:329][  0]LogD3D11RHI: Async texture creation enabled
[2016.02.14-01.39.32:352][  0]LogShaderCompilers:Display: Using Local Shader Compiler.
[2016.02.14-01.39.39:417][  0]LogTemp:Display: Loaded TP DesktopTargetPlatform
[2016.02.14-01.39.39:461][  0]LogTemp:Display: Loaded TP WindowsClientTargetPlatform
[2016.02.14-01.39.39:528][  0]LogTemp:Display: Loaded TP WindowsNoEditorTargetPlatform
[2016.02.14-01.39.39:595][  0]LogTemp:Display: Loaded TP WindowsServerTargetPlatform
[2016.02.14-01.39.39:682][  0]LogTemp:Display: Loaded TP WindowsTargetPlatform
[2016.02.14-01.39.39:778][  0]LogTemp:Display: Loaded TP AndroidTargetPlatform
[2016.02.14-01.39.39:817][  0]LogTemp:Display: Loaded TP Android_ASTCTargetPlatform
[2016.02.14-01.39.39:859][  0]LogTemp:Display: Loaded TP Android_ATCTargetPlatform
[2016.02.14-01.39.39:898][  0]LogTemp:Display: Loaded TP Android_DXTTargetPlatform
[2016.02.14-01.39.39:936][  0]LogTemp:Display: Loaded TP Android_ETC1TargetPlatform
[2016.02.14-01.39.39:975][  0]LogTemp:Display: Loaded TP Android_ETC2TargetPlatform
[2016.02.14-01.39.40:016][  0]LogTemp:Display: Loaded TP Android_PVRTCTargetPlatform
[2016.02.14-01.39.40:200][  0]LogTemp:Display: Loaded TP IOSTargetPlatform
[2016.02.14-01.39.40:238][  0]LogTemp:Display: Loaded TP LinuxNoEditorTargetPlatform
[2016.02.14-01.39.40:277][  0]LogTemp:Display: Loaded TP LinuxServerTargetPlatform
[2016.02.14-01.39.40:327][  0]LogTemp:Display: Loaded TP LinuxTargetPlatform
[2016.02.14-01.39.40:327][  0]LogTargetPlatformManager:Display: Building Assets For Windows
[2016.02.14-01.39.41:353][  0]LogDerivedDataCache:Display: Max Cache Size: 512 MB
[2016.02.14-01.39.42:461][  0]LogDerivedDataCache: Loaded boot cache 1.11s 53MB C:/Users/Jimmy/AppData/Local/UnrealEngine/4.8/DerivedDataCache/Boot.ddc.
[2016.02.14-01.39.42:461][  0]LogDerivedDataCache:Display: Loaded Boot cache: C:/Users/Jimmy/AppData/Local/UnrealEngine/4.8/DerivedDataCache/Boot.ddc
[2016.02.14-01.39.42:462][  0]LogDerivedDataCache: FDerivedDataBackendGraph:  Pak pak cache file ../../../../../../Users/Jimmy/git/PoliHeath/Proyecto 4.8/DerivedDataCache/DDC.ddp not found, will not use a pak cache.
[2016.02.14-01.39.42:462][  0]LogDerivedDataCache: Unable to find inner node Pak for hierarchical cache Hierarchy.
[2016.02.14-01.39.42:462][  0]LogDerivedDataCache: FDerivedDataBackendGraph:  CompressedPak pak cache file ../../../../../../Users/Jimmy/git/PoliHeath/Proyecto 4.8/DerivedDataCache/Compressed.ddp not found, will not use a pak cache.
[2016.02.14-01.39.42:462][  0]LogDerivedDataCache: Unable to find inner node CompressedPak for hierarchical cache Hierarchy.
[2016.02.14-01.39.42:947][  0]LogDerivedDataCache:Display: Pak cache opened for reading ../../../Engine/DerivedDataCache/Compressed.ddp.
[2016.02.14-01.39.42:962][  0]LogDerivedDataCache: Using Local data cache path C:/Users/Jimmy/AppData/Local/UnrealEngine/Common/DerivedDataCache: Writable
[2016.02.14-01.39.50:826][  0]LogInit: Selected Device Profile: [Windows]
[2016.02.14-01.39.51:119][  0]ImportText (ComponentSweepMultiTests): Missing closing parenthesis: (RootShapeAsset="/Engine/BasicShapes/Cube.Cube",ShapeType="TriggerCapsule",HitResult=(Time=0.50,Location=(X=-100.000015,Y=0.0,Z=100.000015),ImpactPoint=(X=-50.0,Y=0.0,Z=50.0),Normal=(X=-1.0,Y=-0.0,Z=0.0),ImpactNormal=(X=0.0,Y=0.0,Z=1.0),TraceStart=(X=-200.0,Y=0.0,Z=200.0),TraceEnd=(X=0.0,Y=0.0,Z=0.0))
[2016.02.14-01.39.51:120][  0]ImportText (LineTraceSingleByChannelTests): Missing closing parenthesis: (RootShapeAsset="/Engine/BasicShapes/Cube.Cube",HitResult=(Time=0.50,Location=(X=-100.000015,Y=0.0,Z=100.000015),ImpactPoint=(X=-50.0,Y=0.0,Z=50.0),Normal=(X=-1.0,Y=-0.0,Z=0.0),ImpactNormal=(X=0.0,Y=0.0,Z=1.0),TraceStart=(X=-200.0,Y=0.0,Z=200.0),TraceEnd=(X=0.0,Y=0.0,Z=0.0))
[2016.02.14-01.39.51:305][  0]LogMeshUtilities: No automatic mesh reduction module available
[2016.02.14-01.39.51:306][  0]LogMeshUtilities: No automatic mesh merging module available
[2016.02.14-01.39.53:353][  0]LogInit: WinSock: version 1.1 (2.2), MaxSocks=32767, MaxUdp=65467
[2016.02.14-01.40.23:302][  0]UdpMessaging: Initializing bridge on interface 0.0.0.0:0 to multicast group 230.0.0.1:6666.
[2016.02.14-01.40.25:712][  0]SourceControl: Info Source control is disabled
[2016.02.14-01.40.27:491][  0]LogObj: 26273 objects as part of root set at end of initial load.
[2016.02.14-01.40.27:491][  0]LogUObjectAllocator: 5409248 out of 0 bytes used by permanent object pool.
[2016.02.14-01.40.27:960][  0]LogEngine: Initializing Engine...
[2016.02.14-01.40.27:970][  0]LogHMD: Can't find Oculus library dev build: is proper Runtime installed? Version: 0.6.0.0
[2016.02.14-01.40.28:036][  0]LogHMD:Warning: SteamVR failed to initialize.  Error: 110
[2016.02.14-01.40.28:976][  0]LogAIModule: Creating AISystem for world NewWorld
[2016.02.14-01.40.29:012][  0]LogInit: XAudio2 using 'Speakers (Realtek High Definition Audio)' : 2 channels at 48 kHz using 32 bits per sample (channel mask 0x3)
[2016.02.14-01.40.29:048][  0]LogInit: FAudioDevice initialized.
[2016.02.14-01.40.29:224][  0]LogDerivedDataCache: Saved boot cache 0.18s 53MB C:/Users/Jimmy/AppData/Local/UnrealEngine/4.8/DerivedDataCache/Boot.ddc.
[2016.02.14-01.40.29:247][  0]LogInit: Texture streaming: Disabled
[2016.02.14-01.40.29:361][  0]LogAnalytics: Creating configured Analytics provider AnalyticsET
[2016.02.14-01.40.29:361][  0]LogAnalytics: [UEEditor.Rocket.Release] APIServer = http://et2.epicgames.com/ET2/. AppVersion = 4.8.3-2634408+++depot+UE4-Releases+4.8
[2016.02.14-01.40.29:361][  0]LogAnalytics: [UEEditor.Rocket.Release] SetUserId d27f3b9b4f30e27e25812782be8b0d8d|8dcf4c5a87044acf9d7d9b2f0991a3f0|822a412b-4e57-4804-a033-2e42d5894c6e
[2016.02.14-01.40.29:362][  0]LogAnalytics: [UEEditor.Rocket.Release] AnalyticsET::StartSession
[2016.02.14-01.40.29:485][  0]LogInit: Transaction tracking system initialized
[2016.02.14-01.40.30:180][  0]BlueprintLog: New page: Editor Load
[2016.02.14-01.40.32:283][  0]LogAssetRegistry: FAssetRegistry took 0.0112 seconds to start up
[2016.02.14-01.40.32:285][  0]LogDirectoryWatcher:Warning: Failed to begin reading directory changes for ../../../Engine/Plugins/Experimental/CharacterAI/Content/. Error: 0
[2016.02.14-01.40.37:079][  0]LogConsoleManager:Warning: Console variable 'r.VSync' wasn't set ('GameSetting' has a lower priority than 'SystemSettingsIni')
[2016.02.14-01.40.37:079][  0]LogConsoleResponse:Display: 
[2016.02.14-01.40.39:206][  0]LogCook:Display: Done creating registry. It took  0.00s.
[2016.02.14-01.40.41:409][  0]Cmd: MAP LOAD FILE="../../../../../../Users/Jimmy/git/PoliHeath/Proyecto 4.8/Content/Niveles/Nivel_1.umap" TEMPLATE=0 SHOWPROGRESS=1 FEATURELEVEL=3
[2016.02.14-01.40.41:551][  0]LightingResults: New page: Lighting Build
[2016.02.14-01.40.41:588][  0]MapCheck: New page: Map Check
[2016.02.14-01.40.41:588][  0]LightingResults: New page: Lighting Build
[2016.02.14-01.40.41:613][  0]LogParticles: Destroying 0 GPU particle simulations for FXSystem 0x0000002CD1C18B80
[2016.02.14-01.40.44:461][  0]LogAIModule: Creating AISystem for world Nivel_1
[2016.02.14-01.40.44:550][  0]LogEditorServer: Finished looking for orphan Actors (0.000 secs)
[2016.02.14-01.40.44:553][  0]Cmd: MAP CHECKDEP NOCLEARLOG
[2016.02.14-01.40.44:821][  0]MapCheck: Info Map check complete: 0 Error(s), 0 Warning(s), took 267.852ms to complete.
[2016.02.14-01.40.44:821][  0]LogFileHelpers: Loading map 'Nivel_1' took 3.413
[2016.02.14-01.40.45:497][  0]LogCollectionManager: Loaded 0 collections in 0.005520 seconds
[2016.02.14-01.40.45:518][  0]LogContentBrowser: Native class hierarchy populated in 0.0214 seconds. Added 1792 classes and 301 folders.
[2016.02.14-01.40.46:764][  0]LogContentBrowser: Native class hierarchy updated for 'WidgetCarousel' in 0.0009 seconds. Added 0 classes and 0 folders.
[2016.02.14-01.40.48:922][  0]LogContentBrowser: Native class hierarchy updated for 'AddContentDialog' in 0.0009 seconds. Added 0 classes and 0 folders.
[2016.02.14-01.40.49:015][  0]LogContentBrowser: Native class hierarchy updated for 'SceneOutliner' in 0.0010 seconds. Added 1 classes and 2 folders.
[2016.02.14-01.40.49:471][  0]LogCrashTracker: Crashtracker disabled due to settings.
[2016.02.14-01.40.49:474][  0]LogD3D11RHI: InitD3DDevice
[2016.02.14-01.40.49:483][  0]LogUObjectGlobals:Warning: Failed to find object 'Class None.'
[2016.02.14-01.40.49:507][  0]LogLoad: Full Startup: 87.31 seconds (BP compile: 1.43 seconds)
[2016.02.14-01.40.50:194][  0]SourceControl: Info # On branch master
[2016.02.14-01.40.50:194][  0]SourceControl: Info # Changes to be committed:
[2016.02.14-01.40.50:194][  0]SourceControl: Info #   (use "git reset HEAD <file>..." to unstage)
[2016.02.14-01.40.50:194][  0]SourceControl: Info #
[2016.02.14-01.40.50:194][  0]SourceControl: Info #	new file:   Proyecto 4.8/Content/Blueprints/Char_States.uasset
[2016.02.14-01.40.50:194][  0]SourceControl: Info #	new file:   Proyecto 4.8/Content/Blueprints/NewUserDefinedEnum.uasset
[2016.02.14-01.40.50:194][  0]SourceControl: Info #	new file:   Proyecto 4.8/Content/FlipBooks/Hit.uasset
[2016.02.14-01.40.50:194][  0]SourceControl: Info #	new file:   Proyecto 4.8/Content/FlipBooks/Sitting.uasset
[2016.02.14-01.40.50:194][  0]SourceControl: Info #	new file:   Proyecto 4.8/Content/Sprites/MainChar/Correr/Sitting.uasset
[2016.02.14-01.40.50:194][  0]SourceControl: Info #	new file:   Proyecto 4.8/Content/Sprites/MainChar/Reposo/Hit.uasset
[2016.02.14-01.40.50:194][  0]SourceControl: Info #
[2016.02.14-01.40.50:194][  0]SourceControl: Info # Changes not staged for commit:
[2016.02.14-01.40.50:194][  0]SourceControl: Info #   (use "git add/rm <file>..." to update what will be committed)
[2016.02.14-01.40.50:194][  0]SourceControl: Info #   (use "git checkout -- <file>..." to discard changes in working directory)
[2016.02.14-01.40.50:194][  0]SourceControl: Info #
[2016.02.14-01.40.50:194][  0]SourceControl: Info #	modified:   Proyecto 4.8/Content/Blueprints/CaminaZombie.uasset
[2016.02.14-01.40.50:194][  0]SourceControl: Info #	modified:   Proyecto 4.8/Content/Blueprints/Char_States.uasset
[2016.02.14-01.40.50:195][  0]SourceControl: Info #	modified:   Proyecto 4.8/Content/Blueprints/Player/player.uasset
[2016.02.14-01.40.50:195][  0]SourceControl: Info #	modified:   Proyecto 4.8/Content/Blueprints/Zombie.uasset
[2016.02.14-01.40.50:195][  0]SourceControl: Info #	modified:   Proyecto 4.8/Content/FlipBooks/Hit.uasset
[2016.02.14-01.40.50:195][  0]SourceControl: Info #	modified:   Proyecto 4.8/Content/HUD/PantallaPrimaria.uasset
[2016.02.14-01.40.50:195][  0]SourceControl: Info #	modified:   Proyecto 4.8/Content/Niveles/Nivel_1.umap
[2016.02.14-01.40.50:195][  0]SourceControl: Info #	modified:   Proyecto 4.8/Content/Sprites/ZombieChar/Caminar/C1.uasset
[2016.02.14-01.40.50:195][  0]SourceControl: Info #	modified:   Proyecto 4.8/Content/Sprites/ZombieChar/Caminar/C2.uasset
[2016.02.14-01.40.50:195][  0]SourceControl: Info #	modified:   Proyecto 4.8/Content/Sprites/ZombieChar/Caminar/C3.uasset
[2016.02.14-01.40.50:195][  0]SourceControl: Info #	modified:   Proyecto 4.8/Content/Sprites/ZombieChar/Caminar/C4.uasset
[2016.02.14-01.40.50:195][  0]SourceControl: Info #	modified:   Proyecto 4.8/Content/Sprites/ZombieChar/Caminar/C5.uasset
[2016.02.14-01.40.50:195][  0]SourceControl: Info #	modified:   Proyecto 4.8/Intermediate/CachedAssetRegistry.bin
[2016.02.14-01.40.50:195][  0]SourceControl: Info #	modified:   Proyecto 4.8/Intermediate/Config/CoalescedSourceConfigs/Engine.ini
[2016.02.14-01.40.50:195][  0]SourceControl: Info #	modified:   Proyecto 4.8/Intermediate/Config/CoalescedSourceConfigs/Game.ini
[2016.02.14-01.40.50:195][  0]SourceControl: Info #	modified:   Proyecto 4.8/Saved/AutoScreenshot.png
[2016.02.14-01.40.50:195][  0]SourceControl: Info #	modified:   Proyecto 4.8/Saved/Autosaves/Game/Blueprints/Player/player_Auto1.uasset
[2016.02.14-01.40.50:195][  0]SourceControl: Info #	modified:   Proyecto 4.8/Saved/Autosaves/Game/Blueprints/Player/player_Auto2.uasset
[2016.02.14-01.40.50:195][  0]SourceControl: Info #	modified:   Proyecto 4.8/Saved/Autosaves/Game/Niveles/Nivel_1_Auto1.umap
[2016.02.14-01.40.50:195][  0]SourceControl: Info #	modified:   Proyecto 4.8/Saved/Autosaves/Game/Niveles/Nivel_1_Auto3.umap
[2016.02.14-01.40.50:195][  0]SourceControl: Info #	modified:   Proyecto 4.8/Saved/Config/Windows/Editor.ini
[2016.02.14-01.40.50:196][  0]SourceControl: Info #	modified:   Proyecto 4.8/Saved/Config/Windows/EditorPerProjectUserSettings.ini
[2016.02.14-01.40.50:196][  0]SourceControl: Info #	modified:   Proyecto 4.8/Saved/Config/Windows/Engine.ini
[2016.02.14-01.40.50:196][  0]SourceControl: Info #	deleted:    Proyecto 4.8/Saved/Logs/Proyecto-backup-2016.02.04-22.11.11.log
[2016.02.14-01.40.50:196][  0]SourceControl: Info #	deleted:    Proyecto 4.8/Saved/Logs/Proyecto-backup-2016.02.05-00.54.40.log
[2016.02.14-01.40.50:196][  0]SourceControl: Info #	deleted:    Proyecto 4.8/Saved/Logs/Proyecto-backup-2016.02.05-01.00.43.log
[2016.02.14-01.40.50:196][  0]SourceControl: Info #	deleted:    Proyecto 4.8/Saved/Logs/Proyecto-backup-2016.02.05-18.17.30.log
[2016.02.14-01.40.50:196][  0]SourceControl: Info #	deleted:    Proyecto 4.8/Saved/Logs/Proyecto-backup-2016.02.05-18.51.52.log
[2016.02.14-01.40.50:196][  0]SourceControl: Info #	modified:   Proyecto 4.8/Saved/Logs/Proyecto.log
[2016.02.14-01.40.50:196][  0]SourceControl: Info #	modified:   Proyecto/Saved/AutoScreenshot.png
[2016.02.14-01.40.50:196][  0]SourceControl: Info #	modified:   Proyecto/Saved/Config/Windows/Editor.ini
[2016.02.14-01.40.50:196][  0]SourceControl: Info #	modified:   Proyecto/Saved/Config/Windows/EditorLayout.ini
[2016.02.14-01.40.50:196][  0]SourceControl: Info #	modified:   Proyecto/Saved/Config/Windows/EditorUserSettings.ini
[2016.02.14-01.40.50:196][  0]SourceControl: Info #	deleted:    Proyecto/Saved/Logs/Proyecto-backup-2016.01.31-20.58.37.log
[2016.02.14-01.40.50:196][  0]SourceControl: Info #	deleted:    Proyecto/Saved/Logs/Proyecto-backup-2016.01.31-23.37.24.log
[2016.02.14-01.40.50:196][  0]SourceControl: Info #	deleted:    Proyecto/Saved/Logs/Proyecto-backup-2016.02.01-17.25.54.log
[2016.02.14-01.40.50:196][  0]SourceControl: Info #	deleted:    Proyecto/Saved/Logs/Proyecto-backup-2016.02.04-23.12.38.log
[2016.02.14-01.40.50:196][  0]SourceControl: Info #	deleted:    Proyecto/Saved/Logs/Proyecto-backup-2016.02.05-00.05.02.log
[2016.02.14-01.40.50:196][  0]SourceControl: Info #	deleted:    Proyecto/Saved/Logs/Proyecto-backup-2016.02.05-01.07.05.log
[2016.02.14-01.40.50:196][  0]SourceControl: Info #	modified:   Proyecto/Saved/Logs/Proyecto.log
[2016.02.14-01.40.50:197][  0]SourceControl: Info #
[2016.02.14-01.40.50:197][  0]SourceControl: Info # Untracked files:
[2016.02.14-01.40.50:197][  0]SourceControl: Info #   (use "git add <file>..." to include in what will be committed)
[2016.02.14-01.40.50:197][  0]SourceControl: Info #
[2016.02.14-01.40.50:197][  0]SourceControl: Info #	Proyecto 4.8/Saved/Autosaves/Game/Blueprints/NewUserDefinedEnum_Auto2.uasset
[2016.02.14-01.40.50:197][  0]SourceControl: Info #	Proyecto 4.8/Saved/Autosaves/Game/Blueprints/Player/player_Auto0.uasset
[2016.02.14-01.40.50:197][  0]SourceControl: Info #	Proyecto 4.8/Saved/Autosaves/Game/Blueprints/Player/player_Auto3.uasset
[2016.02.14-01.40.50:197][  0]SourceControl: Info #	Proyecto 4.8/Saved/Autosaves/Game/Blueprints/Player/player_Auto4.uasset
[2016.02.14-01.40.50:197][  0]SourceControl: Info #	Proyecto 4.8/Saved/Autosaves/Game/Blueprints/Player/player_Auto5.uasset
[2016.02.14-01.40.50:197][  0]SourceControl: Info #	Proyecto 4.8/Saved/Autosaves/Game/Blueprints/Player/player_Auto7.uasset
[2016.02.14-01.40.50:197][  0]SourceControl: Info #	Proyecto 4.8/Saved/Autosaves/Game/Blueprints/Player/player_Auto8.uasset
[2016.02.14-01.40.50:197][  0]SourceControl: Info #	Proyecto 4.8/Saved/Autosaves/Game/Blueprints/Player/player_Auto9.uasset
[2016.02.14-01.40.50:197][  0]SourceControl: Info #	Proyecto 4.8/Saved/Autosaves/Game/Sprites/MainChar/Correr/Sitting_Auto2.uasset
[2016.02.14-01.40.50:197][  0]SourceControl: Info #	Proyecto 4.8/Saved/Autosaves/Game/Sprites/MainChar/Reposo/
[2016.02.14-01.40.50:197][  0]SourceControl: Info #	Proyecto 4.8/Saved/Backup/C1_2016-02-13-20-16-19.uasset
[2016.02.14-01.40.50:197][  0]SourceControl: Info #	Proyecto 4.8/Saved/Backup/C2_2016-02-13-20-16-34.uasset
[2016.02.14-01.40.50:197][  0]SourceControl: Info #	Proyecto 4.8/Saved/Backup/C3_2016-02-13-20-17-34.uasset
[2016.02.14-01.40.50:197][  0]SourceControl: Info #	Proyecto 4.8/Saved/Backup/C4_2016-02-13-20-17-33.uasset
[2016.02.14-01.40.50:197][  0]SourceControl: Info #	Proyecto 4.8/Saved/Backup/C5_2016-02-13-20-17-31.uasset
[2016.02.14-01.40.50:198][  0]SourceControl: Info #	Proyecto 4.8/Saved/Backup/CaminaZombie_2016-02-13-15-30-02.uasset
[2016.02.14-01.40.50:198][  0]SourceControl: Info #	Proyecto 4.8/Saved/Backup/CaminaZombie_2016-02-13-15-56-28.uasset
[2016.02.14-01.40.50:198][  0]SourceControl: Info #	Proyecto 4.8/Saved/Backup/CaminaZombie_2016-02-13-16-01-49.uasset
[2016.02.14-01.40.50:198][  0]SourceControl: Info #	Proyecto 4.8/Saved/Backup/CaminaZombie_2016-02-13-16-07-19.uasset
[2016.02.14-01.40.50:198][  0]SourceControl: Info #	Proyecto 4.8/Saved/Backup/CaminaZombie_2016-02-13-20-06-20.uasset
[2016.02.14-01.40.50:198][  0]SourceControl: Info #	Proyecto 4.8/Saved/Backup/CaminaZombie_2016-02-13-20-17-39.uasset
[2016.02.14-01.40.50:198][  0]SourceControl: Info #	Proyecto 4.8/Saved/Backup/Char_States_2016-02-13-17-02-36.uasset
[2016.02.14-01.40.50:198][  0]SourceControl: Info #	Proyecto 4.8/Saved/Backup/Char_States_2016-02-13-19-41-27.uasset
[2016.02.14-01.40.50:198][  0]SourceControl: Info #	Proyecto 4.8/Saved/Backup/Hit_2016-02-13-18-24-28.uasset
[2016.02.14-01.40.50:198][  0]SourceControl: Info #	Proyecto 4.8/Saved/Backup/Hit_2016-02-13-18-54-19.uasset
[2016.02.14-01.40.50:198][  0]SourceControl: Info #	Proyecto 4.8/Saved/Backup/Nivel_1_2016-02-13-15-30-06.umap
[2016.02.14-01.40.50:198][  0]SourceControl: Info #	Proyecto 4.8/Saved/Backup/Nivel_1_2016-02-13-16-01-55.umap
[2016.02.14-01.40.50:198][  0]SourceControl: Info #	Proyecto 4.8/Saved/Backup/Nivel_1_2016-02-13-16-08-20.umap
[2016.02.14-01.40.50:198][  0]SourceControl: Info #	Proyecto 4.8/Saved/Backup/Nivel_1_2016-02-13-16-44-21.umap
[2016.02.14-01.40.50:198][  0]SourceControl: Info #	Proyecto 4.8/Saved/Backup/Nivel_1_2016-02-13-17-22-46.umap
[2016.02.14-01.40.50:198][  0]SourceControl: Info #	Proyecto 4.8/Saved/Backup/Nivel_1_2016-02-13-20-06-56.umap
[2016.02.14-01.40.50:198][  0]SourceControl: Info #	Proyecto 4.8/Saved/Backup/Nivel_1_2016-02-13-20-18-14.umap
[2016.02.14-01.40.50:198][  0]SourceControl: Info #	Proyecto 4.8/Saved/Backup/Nivel_1_2016-02-13-20-30-00.umap
[2016.02.14-01.40.50:198][  0]SourceControl: Info #	Proyecto 4.8/Saved/Backup/Nivel_1_2016-02-13-20-35-24.umap
[2016.02.14-01.40.50:198][  0]SourceControl: Info #	Proyecto 4.8/Saved/Backup/PantallaPrimaria_2016-02-13-16-29-11.uasset
[2016.02.14-01.40.50:199][  0]SourceControl: Info #	Proyecto 4.8/Saved/Backup/PantallaPrimaria_2016-02-13-17-16-09.uasset
[2016.02.14-01.40.50:199][  0]SourceControl: Info #	Proyecto 4.8/Saved/Backup/PantallaPrimaria_2016-02-13-17-23-38.uasset
[2016.02.14-01.40.50:199][  0]SourceControl: Info #	Proyecto 4.8/Saved/Backup/Zombie_2016-02-13-15-43-36.uasset
[2016.02.14-01.40.50:199][  0]SourceControl: Info #	Proyecto 4.8/Saved/Backup/Zombie_2016-02-13-15-49-18.uasset
[2016.02.14-01.40.50:199][  0]SourceControl: Info #	Proyecto 4.8/Saved/Backup/Zombie_2016-02-13-15-56-30.uasset
[2016.02.14-01.40.50:199][  0]SourceControl: Info #	Proyecto 4.8/Saved/Backup/Zombie_2016-02-13-16-08-22.uasset
[2016.02.14-01.40.50:199][  0]SourceControl: Info #	Proyecto 4.8/Saved/Backup/player_2016-02-13-16-47-57.uasset
[2016.02.14-01.40.50:199][  0]SourceControl: Info #	Proyecto 4.8/Saved/Backup/player_2016-02-13-16-54-16.uasset
[2016.02.14-01.40.50:199][  0]SourceControl: Info #	Proyecto 4.8/Saved/Backup/player_2016-02-13-17-03-56.uasset
[2016.02.14-01.40.50:199][  0]SourceControl: Info #	Proyecto 4.8/Saved/Backup/player_2016-02-13-17-14-33.uasset
[2016.02.14-01.40.50:199][  0]SourceControl: Info #	Proyecto 4.8/Saved/Backup/player_2016-02-13-17-19-47.uasset
[2016.02.14-01.40.50:199][  0]SourceControl: Info #	Proyecto 4.8/Saved/Backup/player_2016-02-13-17-30-25.uasset
[2016.02.14-01.40.50:199][  0]SourceControl: Info #	Proyecto 4.8/Saved/Backup/player_2016-02-13-17-41-18.uasset
[2016.02.14-01.40.50:199][  0]SourceControl: Info #	Proyecto 4.8/Saved/Backup/player_2016-02-13-17-51-02.uasset
[2016.02.14-01.40.50:199][  0]SourceControl: Info #	Proyecto 4.8/Saved/Backup/player_2016-02-13-18-02-59.uasset
[2016.02.14-01.40.50:199][  0]SourceControl: Info #	Proyecto 4.8/Saved/Backup/player_2016-02-13-18-13-00.uasset
[2016.02.14-01.40.50:199][  0]SourceControl: Info #	Proyecto 4.8/Saved/Backup/player_2016-02-13-18-22-08.uasset
[2016.02.14-01.40.50:199][  0]SourceControl: Info #	Proyecto 4.8/Saved/Backup/player_2016-02-13-18-32-29.uasset
[2016.02.14-01.40.50:199][  0]SourceControl: Info #	Proyecto 4.8/Saved/Backup/player_2016-02-13-18-40-23.uasset
[2016.02.14-01.40.50:199][  0]SourceControl: Info #	Proyecto 4.8/Saved/Backup/player_2016-02-13-18-51-08.uasset
[2016.02.14-01.40.50:200][  0]SourceControl: Info #	Proyecto 4.8/Saved/Backup/player_2016-02-13-19-01-36.uasset
[2016.02.14-01.40.50:200][  0]SourceControl: Info #	Proyecto 4.8/Saved/Backup/player_2016-02-13-19-12-32.uasset
[2016.02.14-01.40.50:200][  0]SourceControl: Info #	Proyecto 4.8/Saved/Backup/player_2016-02-13-19-34-21.uasset
[2016.02.14-01.40.50:200][  0]SourceControl: Info #	Proyecto 4.8/Saved/Backup/player_2016-02-13-19-46-30.uasset
[2016.02.14-01.40.50:200][  0]SourceControl: Info #	Proyecto 4.8/Saved/Backup/player_2016-02-13-19-57-43.uasset
[2016.02.14-01.40.50:200][  0]SourceControl: Info #	Proyecto 4.8/Saved/Backup/player_2016-02-13-20-06-56.uasset
[2016.02.14-01.40.50:200][  0]SourceControl: Info #	Proyecto 4.8/Saved/Backup/player_2016-02-13-20-18-05.uasset
[2016.02.14-01.40.50:200][  0]SourceControl: Info #	Proyecto 4.8/Saved/Backup/player_2016-02-13-20-35-21.uasset
[2016.02.14-01.40.50:200][  0]SourceControl: Info #	Proyecto 4.8/Saved/Logs/Proyecto-backup-2016.02.13-14.37.31.log
[2016.02.14-01.40.50:200][  0]SourceControl: Info #	Proyecto 4.8/Saved/Logs/Proyecto-backup-2016.02.13-15.38.09.log
[2016.02.14-01.40.50:200][  0]SourceControl: Info #	Proyecto 4.8/Saved/Logs/Proyecto-backup-2016.02.13-16.13.04.log
[2016.02.14-01.40.50:200][  0]SourceControl: Info #	Proyecto 4.8/Saved/Logs/Proyecto-backup-2016.02.13-20.39.29.log
[2016.02.14-01.40.50:200][  0]SourceControl: Info #	Proyecto 4.8/Saved/Logs/UE4CC-Windows-7BC2C323478A8DCCF1691F895BA529CA/
[2016.02.14-01.40.50:200][  0]SourceControl: Info #	Proyecto/Saved/Logs/Proyecto-backup-2016.02.13-17.48.09.log
[2016.02.14-01.40.50:200][  0]LogContentStreaming: Texture pool size is 0.000000MB
[2016.02.14-01.40.50:403][  0]LogContentStreaming: Texture pool size now 1000 MB
[2016.02.14-01.40.51:022][  0]LogRenderer: Reallocating scene render targets to support 1208x576 (Frame:2).
[2016.02.14-01.40.54:906][ 12]LogAssetRegistry: Asset discovery search completed in 22.6338 seconds
[2016.02.14-01.44.52:036][771]LogD3D11RHI: InitD3DDevice
[2016.02.14-01.48.37:277][537]Cmd: QUIT_EDITOR
[2016.02.14-01.48.37:576][537]LogWindowsTextInputMethodSystem:Display: IME system now deactivated.
[2016.02.14-01.48.37:871][537]LogExit: Preparing to exit.
[2016.02.14-01.48.38:508][537]LogExit: Editor shut down
[2016.02.14-01.48.38:510][537]LogExit: Transaction tracking system shut down
[2016.02.14-01.48.38:516][537]LogParticles: Destroying 0 GPU particle simulations for FXSystem 0x0000002CC2918FE0
[2016.02.14-01.48.38:517][537]LogParticles: Destroying 0 GPU particle simulations for FXSystem 0x0000002CE0EBEE80
[2016.02.14-01.48.38:844][537]LogParticles: Destroying 0 GPU particle simulations for FXSystem 0x0000002CE0D70E00
[2016.02.14-01.48.38:844][537]LogExit: Object subsystem successfully closed.
[2016.02.14-01.48.38:868][537]LogD3D11RHI: Shutdown
[2016.02.14-01.48.38:868][537]LogD3D11RHI: CleanupD3DDevice
[2016.02.14-01.48.38:950][537]LogD3D11RHI: ~FD3D11DynamicRHI
[2016.02.14-01.48.39:000][537]LogModuleManager: Shutting down and abandoning module CrashTracker (188)
[2016.02.14-01.48.39:000][537]LogModuleManager: Shutting down and abandoning module SceneOutliner (187)
[2016.02.14-01.48.39:000][537]LogModuleManager: Shutting down and abandoning module SuperSearch (186)
[2016.02.14-01.48.39:000][537]LogModuleManager: Shutting down and abandoning module WidgetCarousel (185)
[2016.02.14-01.48.39:000][537]LogModuleManager: Shutting down and abandoning module AddContentDialog (184)
[2016.02.14-01.48.39:002][537]LogModuleManager: Shutting down and abandoning module EditorWidgets (183)
[2016.02.14-01.48.39:002][537]LogModuleManager: Shutting down and abandoning module CollectionManager (182)
[2016.02.14-01.48.39:002][537]LogModuleManager: Shutting down and abandoning module StatsViewer (181)
[2016.02.14-01.48.39:002][537]LogModuleManager: Shutting down and abandoning module FoliageEdit (180)
[2016.02.14-01.48.39:002][537]LogModuleManager: Shutting down and abandoning module LandscapeEditor (179)
[2016.02.14-01.48.39:002][537]LogModuleManager: Shutting down and abandoning module ActorPickerMode (178)
[2016.02.14-01.48.39:002][537]LogModuleManager: Shutting down and abandoning module GeometryMode (177)
[2016.02.14-01.48.39:002][537]LogModuleManager: Shutting down and abandoning module TextureAlignMode (176)
[2016.02.14-01.48.39:002][537]LogModuleManager: Shutting down and abandoning module BspMode (175)
[2016.02.14-01.48.39:002][537]LogModuleManager: Shutting down and abandoning module PlacementMode (174)
[2016.02.14-01.48.39:002][537]LogModuleManager: Shutting down and abandoning module AutomationWorker (173)
[2016.02.14-01.48.39:002][537]LogModuleManager: Shutting down and abandoning module CharacterAI (172)
[2016.02.14-01.48.39:002][537]LogModuleManager: Shutting down and abandoning module SmartSnapping (171)
[2016.02.14-01.48.39:002][537]LogModuleManager: Shutting down and abandoning module ViewportSnapping (170)
[2016.02.14-01.48.39:003][537]LogModuleManager: Shutting down and abandoning module LogVisualizer (169)
[2016.02.14-01.48.39:003][537]LogModuleManager: Shutting down and abandoning module GameProjectGeneration (168)
[2016.02.14-01.48.39:003][537]LogModuleManager: Shutting down and abandoning module IntroTutorials (167)
[2016.02.14-01.48.39:003][537]LogModuleManager: Shutting down and abandoning module EditorLiveStreaming (166)
[2016.02.14-01.48.39:003][537]LogModuleManager: Shutting down and abandoning module IOSPlatformEditor (165)
[2016.02.14-01.48.39:003][537]LogModuleManager: Shutting down and abandoning module HTML5PlatformEditor (164)
[2016.02.14-01.48.39:003][537]LogModuleManager: Shutting down and abandoning module AndroidDeviceDetection (163)
[2016.02.14-01.48.39:833][537]LogModuleManager: Shutting down and abandoning module AndroidPlatformEditor (162)
[2016.02.14-01.48.39:833][537]LogModuleManager: Shutting down and abandoning module IOSRuntimeSettings (161)
[2016.02.14-01.48.39:833][537]LogModuleManager: Shutting down and abandoning module AndroidRuntimeSettings (160)
[2016.02.14-01.48.39:833][537]LogModuleManager: Shutting down and abandoning module MergeActors (159)
[2016.02.14-01.48.39:833][537]LogModuleManager: Shutting down and abandoning module SizeMap (158)
[2016.02.14-01.48.39:833][537]LogModuleManager: Shutting down and abandoning module TreeMap (157)
[2016.02.14-01.48.39:833][537]LogModuleManager: Shutting down and abandoning module ReferenceViewer (156)
[2016.02.14-01.48.39:833][537]LogModuleManager: Shutting down and abandoning module LocalizationDashboard (155)
[2016.02.14-01.48.39:833][537]LogModuleManager: Shutting down and abandoning module HardwareTargeting (154)
[2016.02.14-01.48.39:833][537]LogModuleManager: Shutting down and abandoning module DeviceProfileEditor (153)
[2016.02.14-01.48.39:833][537]LogModuleManager: Shutting down and abandoning module UndoHistory (152)
[2016.02.14-01.48.39:833][537]LogModuleManager: Shutting down and abandoning module GameplayTagsEditor (151)
[2016.02.14-01.48.39:833][537]LogModuleManager: Shutting down and abandoning module UserFeedback (150)
[2016.02.14-01.48.39:833][537]LogModuleManager: Shutting down and abandoning module XmlParser (149)
[2016.02.14-01.48.39:833][537]LogModuleManager: Shutting down and abandoning module Blutility (148)
[2016.02.14-01.48.39:833][537]LogModuleManager: Shutting down and abandoning module ProjectTargetPlatformEditor (147)
[2016.02.14-01.48.39:833][537]LogModuleManager: Shutting down and abandoning module ProjectSettingsViewer (146)
[2016.02.14-01.48.39:834][537]LogModuleManager: Shutting down and abandoning module InputBindingEditor (145)
[2016.02.14-01.48.39:834][537]LogModuleManager: Shutting down and abandoning module EditorSettingsViewer (144)
[2016.02.14-01.48.39:834][537]LogModuleManager: Shutting down and abandoning module SettingsEditor (143)
[2016.02.14-01.48.39:834][537]LogModuleManager: Shutting down and abandoning module ProjectLauncher (142)
[2016.02.14-01.48.39:834][537]LogModuleManager: Shutting down and abandoning module SessionFrontend (141)
[2016.02.14-01.48.39:834][537]LogModuleManager: Shutting down and abandoning module ProfilerClient (140)
[2016.02.14-01.48.39:834][537]LogModuleManager: Shutting down and abandoning module TargetDeviceServices (139)
[2016.02.14-01.48.39:834][537]LogModuleManager: Shutting down and abandoning module DeviceManager (138)
[2016.02.14-01.48.39:834][537]LogModuleManager: Shutting down and abandoning module AutomationController (137)
[2016.02.14-01.48.39:834][537]LogModuleManager: Shutting down and abandoning module AutomationWindow (136)
[2016.02.14-01.48.39:834][537]LogModuleManager: Shutting down and abandoning module Layers (135)
[2016.02.14-01.48.39:834][537]LogModuleManager: Shutting down and abandoning module ComponentVisualizers (134)
[2016.02.14-01.48.39:834][537]LogModuleManager: Shutting down and abandoning module DetailCustomizations (133)
[2016.02.14-01.48.39:835][537]LogModuleManager: Shutting down and abandoning module PackagesDialog (132)
[2016.02.14-01.48.39:835][537]LogModuleManager: Shutting down and abandoning module AssetRegistry (131)
[2016.02.14-01.48.40:006][537]LogModuleManager: Shutting down and abandoning module Persona (130)
[2016.02.14-01.48.40:006][537]LogModuleManager: Shutting down and abandoning module Kismet (129)
[2016.02.14-01.48.40:006][537]LogModuleManager: Shutting down and abandoning module GraphEditor (128)
[2016.02.14-01.48.40:007][537]LogModuleManager: Shutting down and abandoning module ClassViewer (127)
[2016.02.14-01.48.40:007][537]LogModuleManager: Shutting down and abandoning module Toolbox (126)
[2016.02.14-01.48.40:007][537]LogModuleManager: Shutting down and abandoning module ModuleUI (125)
[2016.02.14-01.48.40:007][537]LogModuleManager: Shutting down and abandoning module MovieSceneTools (124)
[2016.02.14-01.48.40:007][537]LogModuleManager: Shutting down and abandoning module OutputLog (123)
[2016.02.14-01.48.40:007][537]LogModuleManager: Shutting down and abandoning module GammaUI (122)
[2016.02.14-01.48.40:007][537]LogModuleManager: Shutting down and abandoning module Documentation (121)
[2016.02.14-01.48.40:007][537]LogModuleManager: Shutting down and abandoning module GameLiveStreaming (120)
[2016.02.14-01.48.40:007][537]LogModuleManager: Shutting down and abandoning module StreamingPauseRendering (119)
[2016.02.14-01.48.40:007][537]LogModuleManager: Shutting down and abandoning module AnalyticsET (118)
[2016.02.14-01.48.40:007][537]LogModuleManager: Shutting down and abandoning module Analytics (117)
[2016.02.14-01.48.40:007][537]LogModuleManager: Shutting down and abandoning module AITestSuite (116)
[2016.02.14-01.48.40:007][537]LogModuleManager: Shutting down and abandoning module GameplayDebugger (115)
[2016.02.14-01.48.40:007][537]LogModuleManager: Shutting down and abandoning module AIModule (114)
[2016.02.14-01.48.40:007][537]LogModuleManager: Shutting down and abandoning module ProfilerService (113)
[2016.02.14-01.48.40:166][537]LogModuleManager: Shutting down and abandoning module TaskGraph (112)
[2016.02.14-01.48.40:166][537]LogModuleManager: Shutting down and abandoning module SlateRemote (111)
[2016.02.14-01.48.40:166][537]LogModuleManager: Shutting down and abandoning module SteamVRController (110)
[2016.02.14-01.48.40:166][537]LogModuleManager: Shutting down and abandoning module SteamVR (109)
[2016.02.14-01.48.40:166][537]LogModuleManager: Shutting down and abandoning module ProceduralMeshComponent (108)
[2016.02.14-01.48.40:166][537]LogModuleManager: Shutting down and abandoning module OculusRift (107)
[2016.02.14-01.48.40:166][537]LogModuleManager: Shutting down and abandoning module LeapMotionController (106)
[2016.02.14-01.48.40:193][537]LogModuleManager: Shutting down and abandoning module CustomMeshComponent (105)
[2016.02.14-01.48.40:193][537]LogModuleManager: Shutting down and abandoning module CableComponent (104)
[2016.02.14-01.48.40:193][537]LogModuleManager: Shutting down and abandoning module MessagingDebugger (103)
[2016.02.14-01.48.40:193][537]LogModuleManager: Shutting down and abandoning module MediaPlayerEditor (102)
[2016.02.14-01.48.40:193][537]LogModuleManager: Shutting down and abandoning module SpeedTreeImporter (101)
[2016.02.14-01.48.40:193][537]LogModuleManager: Shutting down and abandoning module PluginBrowser (100)
[2016.02.14-01.48.40:193][537]LogModuleManager: Shutting down and abandoning module EpicSurvey (99)
[2016.02.14-01.48.40:193][537]LogModuleManager: Shutting down and abandoning module DesktopPlatform (98)
[2016.02.14-01.48.40:193][537]LogModuleManager: Shutting down and abandoning module VisualStudioSourceCodeAccess (97)
[2016.02.14-01.48.40:194][537]LogModuleManager: Shutting down and abandoning module UObjectPlugin (96)
[2016.02.14-01.48.40:194][537]LogModuleManager: Shutting down and abandoning module SubversionSourceControl (95)
[2016.02.14-01.48.40:194][537]LogModuleManager: Shutting down and abandoning module PerforceSourceControl (94)
[2016.02.14-01.48.40:194][537]LogModuleManager: Shutting down and abandoning module SourceControl (93)
[2016.02.14-01.48.40:194][537]LogModuleManager: Shutting down and abandoning module GitSourceControl (92)
[2016.02.14-01.48.40:194][537]LogModuleManager: Shutting down and abandoning module BlankPlugin (91)
[2016.02.14-01.48.40:194][537]LogModuleManager: Shutting down and abandoning module PaperTiledImporter (90)
[2016.02.14-01.48.40:194][537]LogModuleManager: Shutting down and abandoning module PaperSpriteSheetImporter (89)
[2016.02.14-01.48.40:194][537]LogModuleManager: Shutting down and abandoning module MeshPaint (88)
[2016.02.14-01.48.40:194][537]LogModuleManager: Shutting down and abandoning module SlateReflector (87)
[2016.02.14-01.48.40:194][537]LogModuleManager: Shutting down and abandoning module DirectoryWatcher (86)
[2016.02.14-01.48.40:195][537]LogModuleManager: Shutting down and abandoning module HotReload (85)
[2016.02.14-01.48.40:195][537]LogModuleManager: Shutting down and abandoning module MainFrame (84)
[2016.02.14-01.48.40:195][537]LogModuleManager: Shutting down and abandoning module LevelEditor (83)
[2016.02.14-01.48.40:197][537]LogModuleManager: Shutting down and abandoning module ContentBrowser (82)
[2016.02.14-01.48.40:199][537]LogModuleManager: Shutting down and abandoning module Paper2DEditor (81)
[2016.02.14-01.48.40:199][537]LogModuleManager: Shutting down and abandoning module UdpMessaging (80)
[2016.02.14-01.48.40:300][537]LogModuleManager: Shutting down and abandoning module Paper2D (79)
[2016.02.14-01.48.40:300][537]LogModuleManager: Shutting down and abandoning module WindowsMoviePlayer (78)
[2016.02.14-01.48.40:305][537]LogModuleManager: Shutting down and abandoning module Media (77)
[2016.02.14-01.48.40:305][537]LogModuleManager: Shutting down and abandoning module WmfMedia (76)
[2016.02.14-01.48.40:306][537]LogModuleManager: Shutting down and abandoning module OnlineBlueprintSupport (75)
[2016.02.14-01.48.40:306][537]LogModuleManager: Shutting down and abandoning module PropertyEditor (74)
[2016.02.14-01.48.40:306][537]LogModuleManager: Shutting down and abandoning module BehaviorTreeEditor (73)
[2016.02.14-01.48.40:306][537]LogModuleManager: Shutting down and abandoning module FunctionalTesting (72)
[2016.02.14-01.48.40:306][537]LogModuleManager: Shutting down and abandoning module CollisionAnalyzer (71)
[2016.02.14-01.48.40:306][537]LogModuleManager: Shutting down and abandoning module WorkspaceMenuStructure (70)
[2016.02.14-01.48.40:306][537]LogModuleManager: Shutting down and abandoning module MessageLog (69)
[2016.02.14-01.48.40:306][537]LogModuleManager: Shutting down and abandoning module Sequencer (68)
[2016.02.14-01.48.40:306][537]LogModuleManager: Shutting down and abandoning module AssetTools (67)
[2016.02.14-01.48.40:306][537]LogModuleManager: Shutting down and abandoning module UMGEditor (66)
[2016.02.14-01.48.40:306][537]LogModuleManager: Shutting down and abandoning module UMG (65)
[2016.02.14-01.48.40:306][537]LogModuleManager: Shutting down and abandoning module Slate (64)
[2016.02.14-01.48.40:306][537]LogModuleManager: Shutting down and abandoning module EditorStyle (63)
[2016.02.14-01.48.40:313][537]LogModuleManager: Shutting down and abandoning module SessionServices (62)
[2016.02.14-01.48.40:313][537]LogModuleManager: Shutting down and abandoning module SourceCodeAccess (61)
[2016.02.14-01.48.40:313][537]LogModuleManager: Shutting down and abandoning module HeadMountedDisplay (60)
[2016.02.14-01.48.40:313][537]LogModuleManager: Shutting down and abandoning module XAudio2 (59)
[2016.02.14-01.48.40:313][537]LogModuleManager: Shutting down and abandoning module Networking (57)
[2016.02.14-01.48.40:313][537]LogModuleManager: Shutting down and abandoning module Core (56)
[2016.02.14-01.48.40:313][537]LogModuleManager: Shutting down and abandoning module KismetCompiler (55)
[2016.02.14-01.48.40:313][537]LogModuleManager: Shutting down and abandoning module PhysXFormats (54)
[2016.02.14-01.48.40:313][537]LogModuleManager: Shutting down and abandoning module MeshUtilities (53)
[2016.02.14-01.48.40:313][537]LogModuleManager: Shutting down and abandoning module DerivedDataCache (52)
[2016.02.14-01.48.40:336][537]LogDerivedDataCache: Shutdown
[2016.02.14-01.48.40:336][537]LogModuleManager: Shutting down and abandoning module ShaderFormatOpenGL (51)
[2016.02.14-01.48.40:336][537]LogModuleManager: Shutting down and abandoning module ShaderFormatD3D (50)
[2016.02.14-01.48.40:336][537]LogModuleManager: Shutting down and abandoning module MetalShaderFormat (49)
[2016.02.14-01.48.40:336][537]LogModuleManager: Shutting down and abandoning module TextureFormatUncompressed (48)
[2016.02.14-01.48.40:336][537]LogModuleManager: Shutting down and abandoning module TextureFormatPVR (47)
[2016.02.14-01.48.40:336][537]LogModuleManager: Shutting down and abandoning module TextureFormatIntelISPCTexComp (46)
[2016.02.14-01.48.40:336][537]LogModuleManager: Shutting down and abandoning module TextureFormatDXT (45)
[2016.02.14-01.48.40:336][537]LogModuleManager: Shutting down and abandoning module ImageWrapper (44)
[2016.02.14-01.48.40:336][537]LogModuleManager: Shutting down and abandoning module TextureFormatASTC (43)
[2016.02.14-01.48.40:336][537]LogModuleManager: Shutting down and abandoning module TextureFormatAndroid (42)
[2016.02.14-01.48.40:336][537]LogModuleManager: Shutting down and abandoning module AudioFormatOpus (41)
[2016.02.14-01.48.40:336][537]LogModuleManager: Shutting down and abandoning module AudioFormatOgg (40)
[2016.02.14-01.48.40:336][537]LogModuleManager: Shutting down and abandoning module AudioFormatADPCM (39)
[2016.02.14-01.48.40:336][537]LogModuleManager: Shutting down and abandoning module LinuxTargetPlatform (38)
[2016.02.14-01.48.40:336][537]LogModuleManager: Shutting down and abandoning module LinuxServerTargetPlatform (37)
[2016.02.14-01.48.40:336][537]LogModuleManager: Shutting down and abandoning module LinuxNoEditorTargetPlatform (36)
[2016.02.14-01.48.40:336][537]LogModuleManager: Shutting down and abandoning module Messaging (35)
[2016.02.14-01.48.40:336][537]LogModuleManager: Shutting down and abandoning module IOSTargetPlatform (34)
[2016.02.14-01.48.40:336][537]LogModuleManager: Shutting down and abandoning module HTML5TargetPlatform (33)
[2016.02.14-01.48.40:336][537]LogModuleManager: Shutting down and abandoning module Android_PVRTCTargetPlatform (32)
[2016.02.14-01.48.40:336][537]LogModuleManager: Shutting down and abandoning module Android_ETC2TargetPlatform (31)
[2016.02.14-01.48.40:336][537]LogModuleManager: Shutting down and abandoning module Android_ETC1TargetPlatform (30)
[2016.02.14-01.48.40:336][537]LogModuleManager: Shutting down and abandoning module Android_DXTTargetPlatform (29)
[2016.02.14-01.48.40:337][537]LogModuleManager: Shutting down and abandoning module Android_ATCTargetPlatform (28)
[2016.02.14-01.48.40:337][537]LogModuleManager: Shutting down and abandoning module Android_ASTCTargetPlatform (27)
[2016.02.14-01.48.40:337][537]LogModuleManager: Shutting down and abandoning module AndroidTargetPlatform (26)
[2016.02.14-01.48.40:337][537]LogModuleManager: Shutting down and abandoning module WindowsTargetPlatform (25)
[2016.02.14-01.48.40:337][537]LogModuleManager: Shutting down and abandoning module WindowsServerTargetPlatform (24)
[2016.02.14-01.48.40:337][537]LogModuleManager: Shutting down and abandoning module WindowsNoEditorTargetPlatform (23)
[2016.02.14-01.48.40:337][537]LogModuleManager: Shutting down and abandoning module WindowsClientTargetPlatform (22)
[2016.02.14-01.48.40:337][537]LogModuleManager: Shutting down and abandoning module DesktopTargetPlatform (21)
[2016.02.14-01.48.40:337][537]LogModuleManager: Shutting down and abandoning module TargetPlatform (20)
[2016.02.14-01.48.40:337][537]LogModuleManager: Shutting down and abandoning module InputCore (19)
[2016.02.14-01.48.40:337][537]LogModuleManager: Shutting down and abandoning module Settings (18)
[2016.02.14-01.48.40:337][537]LogModuleManager: Shutting down and abandoning module OnlineSubsystem (16)
[2016.02.14-01.48.40:337][537]LogModuleManager: Shutting down and abandoning module HTTP (15)
[2016.02.14-01.48.40:337][537]LogModuleManager: Shutting down and abandoning module ExampleDeviceProfileSelector (14)
[2016.02.14-01.48.40:337][537]LogModuleManager: Shutting down and abandoning module TextureCompressor (13)
[2016.02.14-01.48.40:338][537]LogModuleManager: Shutting down and abandoning module ShaderCore (12)
[2016.02.14-01.48.40:338][537]LogModuleManager: Shutting down and abandoning module Landscape (11)
[2016.02.14-01.48.40:338][537]LogModuleManager: Shutting down and abandoning module SlateRHIRenderer (10)
[2016.02.14-01.48.40:342][537]LogModuleManager: Shutting down and abandoning module OpenGLDrv (9)
[2016.02.14-01.48.40:342][537]LogModuleManager: Shutting down and abandoning module D3D11RHI (8)
[2016.02.14-01.48.40:342][537]LogModuleManager: Shutting down and abandoning module Renderer (7)
[2016.02.14-01.48.40:342][537]LogModuleManager: Shutting down and abandoning module Engine (6)
[2016.02.14-01.48.40:342][537]LogModuleManager: Shutting down and abandoning module CoreUObject (5)
[2016.02.14-01.48.40:342][537]LogModuleManager: Shutting down and abandoning module NetworkFile (4)
[2016.02.14-01.48.40:342][537]LogModuleManager: Shutting down and abandoning module StreamingFile (3)
[2016.02.14-01.48.40:342][537]LogModuleManager: Shutting down and abandoning module SandboxFile (2)
[2016.02.14-01.48.40:342][537]LogModuleManager: Shutting down and abandoning module PakFile (1)
[2016.02.14-01.48.40:343][537]LogExit: Exiting.
[2016.02.14-01.48.40:346][537]Log file closed, 02/13/16 20:48:40
