[2016.02.28-22.40.34:813][  0]Log file open, 02/28/16 17:40:34
[2016.02.28-22.40.34:826][  0]LogInit:Display: Running engine for game: Proyecto
[2016.02.28-22.40.34:826][  0]LogInit:Display: RandInit(99644101) SRandInit(99644102).
[2016.02.28-22.40.34:826][  0]LogTaskGraph: Started task graph with 4 named threads and 8 total threads.
[2016.02.28-22.40.34:826][  0]LogStats: Stats thread started
[2016.02.28-22.40.34:826][  0]LogInit: Version: 4.8.3-2634408+++depot+UE4-Releases+4.8
[2016.02.28-22.40.34:827][  0]LogInit: API Version: 2579680
[2016.02.28-22.40.34:827][  0]LogInit: Compiled (64-bit): Jul 27 2015 16:24:33
[2016.02.28-22.40.34:827][  0]LogInit: Compiled with Visual C++: 18.00.21005.01
[2016.02.28-22.40.34:827][  0]LogInit: Build Configuration: Development
[2016.02.28-22.40.34:827][  0]LogInit: Branch Name: ++depot+UE4-Releases+4.8
[2016.02.28-22.40.34:827][  0]LogInit: Command line:  
[2016.02.28-22.40.34:827][  0]LogInit: Base directory: C:/Program Files (x86)/Epic Games/4.8/Engine/Binaries/Win64/
[2016.02.28-22.40.34:827][  0]LogInit: Rocket: 1
[2016.02.28-22.40.34:885][  0]LogInit: Using libcurl 7.41.0
[2016.02.28-22.40.34:885][  0]LogInit:  - built for x86_64-pc-win32
[2016.02.28-22.40.34:885][  0]LogInit:  - supports SSL with WinSSL
[2016.02.28-22.40.34:885][  0]LogInit:  - other features:
[2016.02.28-22.40.34:885][  0]LogInit:      CURL_VERSION_SSL
[2016.02.28-22.40.34:885][  0]LogInit:      CURL_VERSION_IPV6
[2016.02.28-22.40.34:885][  0]LogInit:      CURL_VERSION_ASYNCHDNS
[2016.02.28-22.40.34:885][  0]LogInit:      CURL_VERSION_LARGEFILE
[2016.02.28-22.40.34:885][  0]LogInit:      CURL_VERSION_IDN
[2016.02.28-22.40.34:886][  0]LogInit:  CurlRequestOptions (configurable via config and command line):
[2016.02.28-22.40.34:887][  0]LogInit:  - bVerifyPeer = true  - Libcurl will verify peer certificate
[2016.02.28-22.40.34:887][  0]LogInit:  - bUseHttpProxy = false  - Libcurl will NOT use HTTP proxy
[2016.02.28-22.40.34:887][  0]LogInit:  - bDontReuseConnections = false  - Libcurl will reuse connections
[2016.02.28-22.40.34:887][  0]LogInit:  - CertBundlePath = nullptr  - Libcurl will use whatever was configured at build time.
[2016.02.28-22.40.34:933][  0]LogOnline:Warning: No default platform service specified for OnlineSubsystem
[2016.02.28-22.40.35:126][  0]LogInit: Presizing for 0 objects not considered by GC, pre-allocating 0 bytes.
[2016.02.28-22.40.35:383][  0]LogInit: Object subsystem initialized
[2016.02.28-22.40.35:496][  0]LogConsoleResponse:Warning: Skipping Unknown console variable: 'TranslucentSortAxis = (X=0.000000,Y=-1.000000,Z=0.000000)'
[2016.02.28-22.40.35:496][  0]LogConsoleResponse:Warning:   Found in ini file 'C:/Users/Jimmy/git/PoliHeath/Proyecto 4.8/Saved/Config/Windows/Engine.ini', in section '[/Script/Engine.RendererSettings]'
[2016.02.28-22.40.35:496][  0]LogConsoleResponse:Warning: Skipping Unknown console variable: 'UIScaleRule = ShortestSide'
[2016.02.28-22.40.35:496][  0]LogConsoleResponse:Warning:   Found in ini file 'C:/Users/Jimmy/git/PoliHeath/Proyecto 4.8/Saved/Config/Windows/Engine.ini', in section '[/Script/Engine.RendererSettings]'
[2016.02.28-22.40.35:496][  0]LogConsoleResponse:Warning: Skipping Unknown console variable: 'UIScaleCurve = (EditorCurveData=(Keys=),ExternalCurve=None)'
[2016.02.28-22.40.35:496][  0]LogConsoleResponse:Warning:   Found in ini file 'C:/Users/Jimmy/git/PoliHeath/Proyecto 4.8/Saved/Config/Windows/Engine.ini', in section '[/Script/Engine.RendererSettings]'
[2016.02.28-22.40.35:570][  0]LogInit: Selected Device Profile: [Windows]
[2016.02.28-22.40.35:570][  0]LogInit: Applying CVar settings loaded from the selected device profile: [Windows]
[2016.02.28-22.40.35:737][  0]LogInit: Computer: JIMMY-PC
[2016.02.28-22.40.35:737][  0]LogInit: User: Jimmy
[2016.02.28-22.40.35:737][  0]LogInit: CPU Page size=4096, Cores=6
[2016.02.28-22.40.35:737][  0]LogInit: High frequency timer resolution =2.746525 MHz
[2016.02.28-22.40.35:737][  0]LogMemory: Memory total: Physical=4.0GB (4GB approx)
[2016.02.28-22.40.35:749][  0]LogMemory: Platform Memory Stats for Windows
[2016.02.28-22.40.35:749][  0]LogMemory: Process Physical Memory: 48.63 MB used, 48.63 MB peak
[2016.02.28-22.40.35:749][  0]LogMemory: Process Virtual Memory: 22.19 MB used, 22.19 MB peak
[2016.02.28-22.40.35:749][  0]LogMemory: Physical Memory: 2389.38 MB used, 4092.53 MB total
[2016.02.28-22.40.35:749][  0]LogMemory: Virtual Memory: 292.58 MB used, 134217728.00 MB total
[2016.02.28-22.40.36:787][  0]LogTextLocalizationManager: The requested culture ('en_US') has no localization data; parent culture's ('en') localization data will be used.
[2016.02.28-22.40.37:453][  0]LogTextLocalizationManager:Warning: Loaded localization resources contain conflicting entries for (Namespace:ContentBrowser, Key:ImportAssetToolTip):
Localization Resource: (C:/Program Files (x86)/Epic Games/4.8/Engine/Content/Localization/Editor/en/Editor.locres) Source String Hash: (-630476809) Localized String: (Import to {0}...)
Localization Resource: (C:/Program Files (x86)/Epic Games/4.8/Engine/Content/Localization/Editor/en/Editor.locres) Source String Hash: (1271782899) Localized String: (Imports an asset from file to this folder.)
[2016.02.28-22.40.39:234][  0]LogD3D11RHI: Found D3D11 adapter 0: NVIDIA GeForce GTX 650 (Feature Level 11_0)
[2016.02.28-22.40.39:234][  0]LogD3D11RHI: Adapter has 1986MB of dedicated video memory, 0MB of dedicated system memory, and 2046MB of shared system memory, 1 output[s]
[2016.02.28-22.40.39:237][  0]LogD3D11RHI: Found D3D11 adapter 1: Microsoft Basic Render Driver (Feature Level 11_0)
[2016.02.28-22.40.39:237][  0]LogD3D11RHI: Adapter has 0MB of dedicated video memory, 0MB of dedicated system memory, and 256MB of shared system memory, 0 output[s]
[2016.02.28-22.40.39:237][  0]LogD3D11RHI: Chosen D3D11 Adapter Id = 0
[2016.02.28-22.40.39:250][  0]LogD3D11RHI: InitD3DDevice
[2016.02.28-22.40.39:250][  0]LogD3D11RHI: !Direct3DDevice
[2016.02.28-22.40.39:250][  0]LogRHI: Texture pool is 1361 MB (70% of 1945 MB)
[2016.02.28-22.40.39:279][  0]LogD3D11RHI: Async texture creation enabled
[2016.02.28-22.40.39:676][  0]LogShaderCompilers:Display: Using Local Shader Compiler.
[2016.02.28-22.40.45:857][  0]LogTemp:Display: Loaded TP DesktopTargetPlatform
[2016.02.28-22.40.45:904][  0]LogTemp:Display: Loaded TP WindowsClientTargetPlatform
[2016.02.28-22.40.45:950][  0]LogTemp:Display: Loaded TP WindowsNoEditorTargetPlatform
[2016.02.28-22.40.45:996][  0]LogTemp:Display: Loaded TP WindowsServerTargetPlatform
[2016.02.28-22.40.46:052][  0]LogTemp:Display: Loaded TP WindowsTargetPlatform
[2016.02.28-22.40.46:117][  0]LogTemp:Display: Loaded TP AndroidTargetPlatform
[2016.02.28-22.40.46:174][  0]LogTemp:Display: Loaded TP Android_ASTCTargetPlatform
[2016.02.28-22.40.46:216][  0]LogTemp:Display: Loaded TP Android_ATCTargetPlatform
[2016.02.28-22.40.46:257][  0]LogTemp:Display: Loaded TP Android_DXTTargetPlatform
[2016.02.28-22.40.46:298][  0]LogTemp:Display: Loaded TP Android_ETC1TargetPlatform
[2016.02.28-22.40.46:356][  0]LogTemp:Display: Loaded TP Android_ETC2TargetPlatform
[2016.02.28-22.40.46:412][  0]LogTemp:Display: Loaded TP Android_PVRTCTargetPlatform
[2016.02.28-22.40.46:603][  0]LogTemp:Display: Loaded TP IOSTargetPlatform
[2016.02.28-22.40.46:644][  0]LogTemp:Display: Loaded TP LinuxNoEditorTargetPlatform
[2016.02.28-22.40.46:685][  0]LogTemp:Display: Loaded TP LinuxServerTargetPlatform
[2016.02.28-22.40.46:737][  0]LogTemp:Display: Loaded TP LinuxTargetPlatform
[2016.02.28-22.40.46:737][  0]LogTargetPlatformManager:Display: Building Assets For Windows
[2016.02.28-22.40.47:819][  0]LogDerivedDataCache:Display: Max Cache Size: 512 MB
[2016.02.28-22.40.48:796][  0]LogDerivedDataCache: Loaded boot cache 0.98s 53MB C:/Users/Jimmy/AppData/Local/UnrealEngine/4.8/DerivedDataCache/Boot.ddc.
[2016.02.28-22.40.48:796][  0]LogDerivedDataCache:Display: Loaded Boot cache: C:/Users/Jimmy/AppData/Local/UnrealEngine/4.8/DerivedDataCache/Boot.ddc
[2016.02.28-22.40.48:797][  0]LogDerivedDataCache: FDerivedDataBackendGraph:  Pak pak cache file ../../../../../../Users/Jimmy/git/PoliHeath/Proyecto 4.8/DerivedDataCache/DDC.ddp not found, will not use a pak cache.
[2016.02.28-22.40.48:797][  0]LogDerivedDataCache: Unable to find inner node Pak for hierarchical cache Hierarchy.
[2016.02.28-22.40.48:797][  0]LogDerivedDataCache: FDerivedDataBackendGraph:  CompressedPak pak cache file ../../../../../../Users/Jimmy/git/PoliHeath/Proyecto 4.8/DerivedDataCache/Compressed.ddp not found, will not use a pak cache.
[2016.02.28-22.40.48:797][  0]LogDerivedDataCache: Unable to find inner node CompressedPak for hierarchical cache Hierarchy.
[2016.02.28-22.40.49:261][  0]LogDerivedDataCache:Display: Pak cache opened for reading ../../../Engine/DerivedDataCache/Compressed.ddp.
[2016.02.28-22.40.49:276][  0]LogDerivedDataCache: Using Local data cache path C:/Users/Jimmy/AppData/Local/UnrealEngine/Common/DerivedDataCache: Writable
[2016.02.28-22.40.56:413][  0]LogInit: Selected Device Profile: [Windows]
[2016.02.28-22.40.57:358][  0]ImportText (ComponentSweepMultiTests): Missing closing parenthesis: (RootShapeAsset="/Engine/BasicShapes/Cube.Cube",ShapeType="TriggerCapsule",HitResult=(Time=0.50,Location=(X=-100.000015,Y=0.0,Z=100.000015),ImpactPoint=(X=-50.0,Y=0.0,Z=50.0),Normal=(X=-1.0,Y=-0.0,Z=0.0),ImpactNormal=(X=0.0,Y=0.0,Z=1.0),TraceStart=(X=-200.0,Y=0.0,Z=200.0),TraceEnd=(X=0.0,Y=0.0,Z=0.0))
[2016.02.28-22.40.57:359][  0]ImportText (LineTraceSingleByChannelTests): Missing closing parenthesis: (RootShapeAsset="/Engine/BasicShapes/Cube.Cube",HitResult=(Time=0.50,Location=(X=-100.000015,Y=0.0,Z=100.000015),ImpactPoint=(X=-50.0,Y=0.0,Z=50.0),Normal=(X=-1.0,Y=-0.0,Z=0.0),ImpactNormal=(X=0.0,Y=0.0,Z=1.0),TraceStart=(X=-200.0,Y=0.0,Z=200.0),TraceEnd=(X=0.0,Y=0.0,Z=0.0))
[2016.02.28-22.40.57:772][  0]LogMeshUtilities: No automatic mesh reduction module available
[2016.02.28-22.40.57:772][  0]LogMeshUtilities: No automatic mesh merging module available
[2016.02.28-22.41.02:079][  0]LogInit: WinSock: version 1.1 (2.2), MaxSocks=32767, MaxUdp=65467
[2016.02.28-22.41.30:001][  0]UdpMessaging: Initializing bridge on interface 0.0.0.0:0 to multicast group 230.0.0.1:6666.
[2016.02.28-22.41.35:321][  0]SourceControl: Info Source control is disabled
[2016.02.28-22.41.35:321][  0]SourceControl: Info Source control is disabled
[2016.02.28-22.41.35:395][  0]SourceControl: Info Source control is disabled
[2016.02.28-22.41.35:488][  0]SourceControl: Info Source control is disabled
[2016.02.28-22.41.38:483][  0]LogObj: 26273 objects as part of root set at end of initial load.
[2016.02.28-22.41.38:483][  0]LogUObjectAllocator: 5409248 out of 0 bytes used by permanent object pool.
[2016.02.28-22.41.41:572][  0]LogAutomationTest:Warning: Smoke tests took > 1s to run: 1.19s
[2016.02.28-22.41.41:876][  0]LogEngine: Initializing Engine...
[2016.02.28-22.41.41:947][  0]LogHMD: Can't find Oculus library dev build: is proper Runtime installed? Version: 0.6.0.0
[2016.02.28-22.41.42:333][  0]LogHMD:Warning: SteamVR failed to initialize.  Error: 110
[2016.02.28-22.41.45:889][  0]LogAIModule: Creating AISystem for world NewWorld
[2016.02.28-22.41.46:869][  0]LogInit: XAudio2 using 'Speakers (Realtek High Definition Audio)' : 2 channels at 48 kHz using 32 bits per sample (channel mask 0x3)
[2016.02.28-22.41.47:062][  0]LogInit: FAudioDevice initialized.
[2016.02.28-22.41.47:109][  0]LogDerivedDataCache:Error: Could not save memory cache C:/Users/Jimmy/AppData/Local/UnrealEngine/4.8/DerivedDataCache/Boot.ddc.
[2016.02.28-22.41.47:163][  0]LogInit: Texture streaming: Disabled
[2016.02.28-22.41.47:539][  0]LogAnalytics: Creating configured Analytics provider AnalyticsET
[2016.02.28-22.41.47:930][  0]LogAnalytics: [UEEditor.Rocket.Release] APIServer = http://et2.epicgames.com/ET2/. AppVersion = 4.8.3-2634408+++depot+UE4-Releases+4.8
[2016.02.28-22.41.47:930][  0]LogAnalytics: [UEEditor.Rocket.Release] SetUserId d27f3b9b4f30e27e25812782be8b0d8d|8dcf4c5a87044acf9d7d9b2f0991a3f0|822a412b-4e57-4804-a033-2e42d5894c6e
[2016.02.28-22.41.48:040][  0]LogAnalytics: [UEEditor.Rocket.Release] AnalyticsET::StartSession
[2016.02.28-22.41.49:331][  0]LogInit: Transaction tracking system initialized
[2016.02.28-22.41.54:160][  0]BlueprintLog: New page: Editor Load
[2016.02.28-22.41.54:426][  0]LogAssetRegistry: FAssetRegistry took 0.0133 seconds to start up
[2016.02.28-22.41.54:440][  0]LogDirectoryWatcher:Warning: Failed to begin reading directory changes for ../../../Engine/Plugins/Experimental/CharacterAI/Content/. Error: 0
[2016.02.28-22.42.03:042][  0]LogLinker:Warning: Can't find file '/Game/2DSideScrollerBP/2DSideScrollerOverview'
[2016.02.28-22.42.03:043][  0]LogLinker:Warning: Can't find file '/Game/2DSideScrollerBP/2DSideScrollerOverview'
[2016.02.28-22.42.03:043][  0]LogLinker:Warning: Can't find file '/Game/2DSideScrollerBP/2DSideScrollerOverview'
[2016.02.28-22.42.03:043][  0]LogUObjectGlobals:Warning: Failed to find object 'Class /Game/2DSideScrollerBP/2DSideScrollerOverview.2DSideScrollerOverview_C'
[2016.02.28-22.42.04:130][  0]LogConsoleManager:Warning: Console variable 'r.VSync' wasn't set ('GameSetting' has a lower priority than 'SystemSettingsIni')
[2016.02.28-22.42.04:131][  0]LogConsoleResponse:Display: 
[2016.02.28-22.42.09:868][  0]LogCook:Display: Done creating registry. It took  0.00s.
[2016.02.28-22.42.13:892][  0]SourceControl: Info Source control is disabled
[2016.02.28-22.42.14:336][  0]Cmd: MAP LOAD FILE="../../../../../../Users/Jimmy/git/PoliHeath/Proyecto 4.8/Content/Niveles/Nivel_1.umap" TEMPLATE=0 SHOWPROGRESS=1 FEATURELEVEL=3
[2016.02.28-22.42.14:819][  0]LightingResults: New page: Lighting Build
[2016.02.28-22.42.15:920][  0]MapCheck: New page: Map Check
[2016.02.28-22.42.15:920][  0]LightingResults: New page: Lighting Build
[2016.02.28-22.42.17:094][  0]LogParticles: Destroying 0 GPU particle simulations for FXSystem 0x00000091424C4B80
[2016.02.28-22.42.29:257][  0]LogAIModule: Creating AISystem for world Nivel_1
[2016.02.28-22.42.30:764][  0]LogEditorServer: Finished looking for orphan Actors (0.001 secs)
[2016.02.28-22.42.31:034][  0]Cmd: MAP CHECKDEP NOCLEARLOG
[2016.02.28-22.42.31:388][  0]MapCheck: Info Map check complete: 0 Error(s), 0 Warning(s), took 353.292ms to complete.
[2016.02.28-22.42.31:389][  0]LogFileHelpers: Loading map 'Nivel_1' took 17.385
[2016.02.28-22.42.33:583][  0]LogCollectionManager: Loaded 0 collections in 0.006606 seconds
[2016.02.28-22.42.33:616][  0]LogContentBrowser: Native class hierarchy populated in 0.0330 seconds. Added 1792 classes and 301 folders.
[2016.02.28-22.42.34:076][  0]LogContentBrowser: Native class hierarchy updated for 'WidgetCarousel' in 0.0009 seconds. Added 0 classes and 0 folders.
[2016.02.28-22.42.34:521][  0]LogContentBrowser: Native class hierarchy updated for 'AddContentDialog' in 0.0009 seconds. Added 0 classes and 0 folders.
[2016.02.28-22.42.34:620][  0]LogContentBrowser: Native class hierarchy updated for 'SceneOutliner' in 0.0011 seconds. Added 1 classes and 2 folders.
[2016.02.28-22.42.36:033][  0]LogCrashTracker: Crashtracker disabled due to settings.
[2016.02.28-22.42.36:119][  0]LogD3D11RHI: InitD3DDevice
[2016.02.28-22.42.36:261][  0]LogUObjectGlobals:Warning: Failed to find object 'Class None.'
[2016.02.28-22.42.36:348][  0]LogLoad: Full Startup: 128.43 seconds (BP compile: 5.83 seconds)
[2016.02.28-22.42.37:911][  0]LogContentStreaming: Texture pool size is 0.000000MB
[2016.02.28-22.42.38:484][  0]LogContentStreaming: Texture pool size now 1000 MB
[2016.02.28-22.42.47:174][  0]LogRenderer: Reallocating scene render targets to support 1208x576 (Frame:2).
[2016.02.28-22.42.50:849][  2]LogD3D11RHI: InitD3DDevice
[2016.02.28-22.42.57:363][ 21]LogAssetRegistry: Asset discovery search completed in 62.9491 seconds
[2016.02.28-22.50.10:809][419]LogD3D11RHI: InitD3DDevice
[2016.02.28-22.50.13:435][572]LogD3D11RHI: InitD3DDevice
[2016.02.28-22.50.15:210][670]LogD3D11RHI: InitD3DDevice
[2016.02.28-22.50.20:795][805]LogEditorViewport: Clicking Background
[2016.02.28-22.50.26:729][ 58]LogD3D11RHI: InitD3DDevice
[2016.02.28-22.50.26:850][ 58]LogLinker:Warning: Asset '../../../Engine/Content/ArtTools/RenderToTexture/Macros/RenderToTextureMacros.uasset' has been saved with empty engine version. The asset will be loaded but may be incompatible.
[2016.02.28-22.50.27:167][ 58]LogLinker:Warning: Asset '../../../Engine/Content/ArtTools/RenderToTexture/Enums/RenderToTexture_Enum.uasset' has been saved with empty engine version. The asset will be loaded but may be incompatible.
[2016.02.28-22.50.45:444][512]BlueprintLog: New page: Compile Player
[2016.02.28-22.50.48:863][512]BlueprintEditorCompileResults: Info The execution path doesn't end with a return node.  False 
[2016.02.28-22.50.48:864][512]BlueprintEditorCompileResults: Info [0620.95] Compile of Player successful! [in 3,419 ms]
[2016.02.28-22.51.00:089][687]BlueprintLog: New page: Pre-PIE auto-recompile
[2016.02.28-22.51.00:111][687]LogPlayLevel: [PIE] Compiling Nivel_1 before PIE...
[2016.02.28-22.51.00:394][687]LogPlayLevel: PIE:  Blueprint regeneration took 312 ms (1 blueprints)
[2016.02.28-22.51.00:664][687]PIE: New page: PIE session: Nivel_1 (Feb 28, 2016, 12:51:00 PM)
[2016.02.28-22.51.00:682][687]LogPlayLevel: Creating play world package: /Game/Niveles/UEDPIE_0_Nivel_1
[2016.02.28-22.51.00:729][687]LogPlayLevel: PIE: StaticDuplicateObject took: (0.047410s)
[2016.02.28-22.51.00:731][687]LogAIModule: Creating AISystem for world Nivel_1
[2016.02.28-22.51.00:733][687]LogPlayLevel: PIE: World Init took: (0.003156s)
[2016.02.28-22.51.00:739][687]LogPlayLevel: PIE: Created PIE world by copying editor world from /Game/Niveles/Nivel_1.Nivel_1 to /Game/Niveles/UEDPIE_0_Nivel_1.Nivel_1 (0.057159s)
[2016.02.28-22.51.00:937][687]LogInit: XAudio2 using 'Speakers (Realtek High Definition Audio)' : 2 channels at 48 kHz using 32 bits per sample (channel mask 0x3)
[2016.02.28-22.51.00:979][687]LogInit: FAudioDevice initialized.
[2016.02.28-22.51.01:013][687]LogD3D11RHI: InitD3DDevice
[2016.02.28-22.51.01:160][687]LogWorld: Game class is '2D_C'
[2016.02.28-22.51.01:292][687]LogWorld: Bringing World /Game/Niveles/UEDPIE_0_Nivel_1.Nivel_1 up for play (max tick rate 0) at 2016.02.28-17.51.01
[2016.02.28-22.51.01:292][687]LogActor:Warning: GameSession /Game/Niveles/UEDPIE_0_Nivel_1.Nivel_1:PersistentLevel.GameSession_0 has natively added scene component(s), but none of them were set as the actor's RootComponent - picking one arbitrarily
[2016.02.28-22.51.01:294][687]LogActor:Warning: GameNetworkManager /Game/Niveles/UEDPIE_0_Nivel_1.Nivel_1:PersistentLevel.GameNetworkManager_0 has natively added scene component(s), but none of them were set as the actor's RootComponent - picking one arbitrarily
[2016.02.28-22.51.01:295][687]LogWorld: Bringing up level for play took: 0.016949
[2016.02.28-22.51.01:712][687]PIE: Info Play in editor start time for /Game/Niveles/UEDPIE_0_Nivel_1 1.65
[2016.02.28-22.51.02:058][687]LogRenderer: Reallocating scene render targets to support 1296x760 (Frame:626).
[2016.02.28-22.51.17:109][160]LogPackageName: SearchForPackageOnDisk took   0.175s to resolve Menu.umap
[2016.02.28-22.51.17:340][161]LogPackageName: SearchForPackageOnDisk took   0.171s to resolve Menu.umap
[2016.02.28-22.51.17:340][161]LogNet: Browse: /Game/Niveles/Menu
[2016.02.28-22.51.17:340][161]LogLoad: LoadMap: /Game/Niveles/Menu
[2016.02.28-22.51.17:522][161]LogParticles: Destroying 0 GPU particle simulations for FXSystem 0x000000917BC7DF80
[2016.02.28-22.51.17:522][161]Cmd: MEM
[2016.02.28-22.51.17:646][161]LogMemory: Platform Memory Stats for Windows
[2016.02.28-22.51.17:646][161]LogMemory: Process Physical Memory: 706.30 MB used, 710.38 MB peak
[2016.02.28-22.51.17:646][161]LogMemory: Process Virtual Memory: 1230.46 MB used, 1373.56 MB peak
[2016.02.28-22.51.17:646][161]LogMemory: Physical Memory: 2943.27 MB used, 4092.53 MB total
[2016.02.28-22.51.17:646][161]LogMemory: Virtual Memory: 1864.52 MB used, 134217728.00 MB total
[2016.02.28-22.51.17:646][161]LogMemory: 
[2016.02.28-22.51.17:646][161]Allocator Stats for TBB: (not implemented)
[2016.02.28-22.51.19:358][161]LogAIModule: Creating AISystem for world Menu
[2016.02.28-22.51.19:365][161]LogWorld: Game class is 'GameMode'
[2016.02.28-22.51.19:372][161]LogWorld: Bringing World /Game/Niveles/UEDPIE_0_Menu.Menu up for play (max tick rate 0) at 2016.02.28-17.51.19
[2016.02.28-22.51.19:372][161]LogActor:Warning: GameSession /Game/Niveles/UEDPIE_0_Menu.Menu:PersistentLevel.GameSession_1 has natively added scene component(s), but none of them were set as the actor's RootComponent - picking one arbitrarily
[2016.02.28-22.51.19:373][161]LogActor:Warning: GameNetworkManager /Game/Niveles/UEDPIE_0_Menu.Menu:PersistentLevel.GameNetworkManager_1 has natively added scene component(s), but none of them were set as the actor's RootComponent - picking one arbitrarily
[2016.02.28-22.51.19:374][161]LogWorld: Bringing up level for play took: 0.003111
[2016.02.28-22.51.19:411][161]LogGameMode: Warning - PATHS NOT DEFINED or NO PLAYERSTART with positive rating
[2016.02.28-22.51.30:100][464]LogPackageName: SearchForPackageOnDisk took   0.168s to resolve Nivel_1.umap
[2016.02.28-22.51.30:271][464]LogPackageName: SearchForPackageOnDisk took   0.170s to resolve Nivel_1.umap
[2016.02.28-22.51.30:271][464]LogNet: Browse: /Game/Niveles/Nivel_1
[2016.02.28-22.51.30:271][464]LogLoad: LoadMap: /Game/Niveles/Nivel_1
[2016.02.28-22.51.30:484][464]LogParticles: Destroying 0 GPU particle simulations for FXSystem 0x0000009159C2ADE0
[2016.02.28-22.51.30:484][464]Cmd: MEM
[2016.02.28-22.51.30:564][464]LogMemory: Platform Memory Stats for Windows
[2016.02.28-22.51.30:564][464]LogMemory: Process Physical Memory: 743.07 MB used, 797.99 MB peak
[2016.02.28-22.51.30:564][464]LogMemory: Process Virtual Memory: 1288.73 MB used, 1463.11 MB peak
[2016.02.28-22.51.30:564][464]LogMemory: Physical Memory: 2969.79 MB used, 4092.53 MB total
[2016.02.28-22.51.30:564][464]LogMemory: Virtual Memory: 1917.39 MB used, 134217728.00 MB total
[2016.02.28-22.51.30:564][464]LogMemory: 
[2016.02.28-22.51.30:564][464]Allocator Stats for TBB: (not implemented)
[2016.02.28-22.51.30:564][464]LogPlayLevel: Creating play world package: /Game/Niveles/UEDPIE_0_Nivel_1
[2016.02.28-22.51.30:587][464]LogPlayLevel: PIE: StaticDuplicateObject took: (0.023246s)
[2016.02.28-22.51.30:588][464]LogAIModule: Creating AISystem for world Nivel_1
[2016.02.28-22.51.30:590][464]LogPlayLevel: PIE: World Init took: (0.003155s)
[2016.02.28-22.51.30:591][464]LogPlayLevel: PIE: Created PIE world by copying editor world from /Game/Niveles/Nivel_1.Nivel_1 to /Game/Niveles/UEDPIE_0_Nivel_1.Nivel_1 (0.026791s)
[2016.02.28-22.51.30:591][464]LogWorld: Game class is '2D_C'
[2016.02.28-22.51.30:610][464]LogWorld: Bringing World /Game/Niveles/UEDPIE_0_Nivel_1.Nivel_1 up for play (max tick rate 0) at 2016.02.28-17.51.30
[2016.02.28-22.51.30:610][464]LogActor:Warning: GameSession /Game/Niveles/UEDPIE_0_Nivel_1.Nivel_1:PersistentLevel.GameSession_2 has natively added scene component(s), but none of them were set as the actor's RootComponent - picking one arbitrarily
[2016.02.28-22.51.30:611][464]LogActor:Warning: GameNetworkManager /Game/Niveles/UEDPIE_0_Nivel_1.Nivel_1:PersistentLevel.GameNetworkManager_2 has natively added scene component(s), but none of them were set as the actor's RootComponent - picking one arbitrarily
[2016.02.28-22.51.30:612][464]LogWorld: Bringing up level for play took: 0.015781
[2016.02.28-22.51.33:564][552]LogParticles: Destroying 0 GPU particle simulations for FXSystem 0x0000009159C119E0
[2016.02.28-22.51.41:529][ 16]LogD3D11RHI: InitD3DDevice
[2016.02.28-22.51.50:091][546]BlueprintLog: New page: Compile Player
[2016.02.28-22.51.52:251][546]BlueprintEditorCompileResults: Info The execution path doesn't end with a return node.  False 
[2016.02.28-22.51.52:251][546]BlueprintEditorCompileResults: Info [0684.33] Compile of Player successful! [in 2,159 ms]
[2016.02.28-22.51.53:345][604]BlueprintLog: New page: Pre-PIE auto-recompile
[2016.02.28-22.51.53:368][604]LogPlayLevel: [PIE] Compiling Nivel_1 before PIE...
[2016.02.28-22.51.53:664][604]LogPlayLevel: PIE:  Blueprint regeneration took 319 ms (1 blueprints)
[2016.02.28-22.51.53:665][604]PIE: New page: PIE session: Nivel_1 (Feb 28, 2016, 12:51:53 PM)
[2016.02.28-22.51.53:666][604]LogPlayLevel: Creating play world package: /Game/Niveles/UEDPIE_0_Nivel_1
[2016.02.28-22.51.53:679][604]LogPlayLevel: PIE: StaticDuplicateObject took: (0.012957s)
[2016.02.28-22.51.53:681][604]LogAIModule: Creating AISystem for world Nivel_1
[2016.02.28-22.51.53:682][604]LogPlayLevel: PIE: World Init took: (0.003144s)
[2016.02.28-22.51.53:683][604]LogPlayLevel: PIE: Created PIE world by copying editor world from /Game/Niveles/Nivel_1.Nivel_1 to /Game/Niveles/UEDPIE_0_Nivel_1.Nivel_1 (0.016479s)
[2016.02.28-22.51.53:775][604]LogInit: XAudio2 using 'Speakers (Realtek High Definition Audio)' : 2 channels at 48 kHz using 32 bits per sample (channel mask 0x3)
[2016.02.28-22.51.53:795][604]LogInit: FAudioDevice initialized.
[2016.02.28-22.51.53:800][604]LogD3D11RHI: InitD3DDevice
[2016.02.28-22.51.53:839][604]LogWorld: Game class is '2D_C'
[2016.02.28-22.51.53:858][604]LogWorld: Bringing World /Game/Niveles/UEDPIE_0_Nivel_1.Nivel_1 up for play (max tick rate 0) at 2016.02.28-17.51.53
[2016.02.28-22.51.53:858][604]LogActor:Warning: GameSession /Game/Niveles/UEDPIE_0_Nivel_1.Nivel_1:PersistentLevel.GameSession_3 has natively added scene component(s), but none of them were set as the actor's RootComponent - picking one arbitrarily
[2016.02.28-22.51.53:860][604]LogActor:Warning: GameNetworkManager /Game/Niveles/UEDPIE_0_Nivel_1.Nivel_1:PersistentLevel.GameNetworkManager_3 has natively added scene component(s), but none of them were set as the actor's RootComponent - picking one arbitrarily
[2016.02.28-22.51.53:861][604]LogWorld: Bringing up level for play took: 0.016064
[2016.02.28-22.51.53:917][604]PIE: Info Play in editor start time for /Game/Niveles/UEDPIE_0_Nivel_1 -0.145
[2016.02.28-22.52.08:835][322]LogPackageName: SearchForPackageOnDisk took   0.169s to resolve Menu.umap
[2016.02.28-22.52.09:024][323]LogPackageName: SearchForPackageOnDisk took   0.168s to resolve Menu.umap
[2016.02.28-22.52.09:024][323]LogNet: Browse: /Game/Niveles/Menu
[2016.02.28-22.52.09:025][323]LogLoad: LoadMap: /Game/Niveles/Menu
[2016.02.28-22.52.09:125][323]LogParticles: Destroying 0 GPU particle simulations for FXSystem 0x000000915FAECCC0
[2016.02.28-22.52.09:125][323]Cmd: MEM
[2016.02.28-22.52.09:206][323]LogMemory: Platform Memory Stats for Windows
[2016.02.28-22.52.09:206][323]LogMemory: Process Physical Memory: 739.56 MB used, 797.99 MB peak
[2016.02.28-22.52.09:206][323]LogMemory: Process Virtual Memory: 1287.95 MB used, 1463.11 MB peak
[2016.02.28-22.52.09:206][323]LogMemory: Physical Memory: 2980.74 MB used, 4092.53 MB total
[2016.02.28-22.52.09:206][323]LogMemory: Virtual Memory: 1930.91 MB used, 134217728.00 MB total
[2016.02.28-22.52.09:206][323]LogMemory: 
[2016.02.28-22.52.09:206][323]Allocator Stats for TBB: (not implemented)
[2016.02.28-22.52.09:484][323]LogAIModule: Creating AISystem for world Menu
[2016.02.28-22.52.09:487][323]LogWorld: Game class is 'GameMode'
[2016.02.28-22.52.09:494][323]LogWorld: Bringing World /Game/Niveles/UEDPIE_0_Menu.Menu up for play (max tick rate 0) at 2016.02.28-17.52.09
[2016.02.28-22.52.09:494][323]LogActor:Warning: GameSession /Game/Niveles/UEDPIE_0_Menu.Menu:PersistentLevel.GameSession_4 has natively added scene component(s), but none of them were set as the actor's RootComponent - picking one arbitrarily
[2016.02.28-22.52.09:495][323]LogActor:Warning: GameNetworkManager /Game/Niveles/UEDPIE_0_Menu.Menu:PersistentLevel.GameNetworkManager_4 has natively added scene component(s), but none of them were set as the actor's RootComponent - picking one arbitrarily
[2016.02.28-22.52.09:496][323]LogWorld: Bringing up level for play took: 0.003006
[2016.02.28-22.52.09:497][323]LogGameMode: Warning - PATHS NOT DEFINED or NO PLAYERSTART with positive rating
[2016.02.28-22.52.11:801][429]LogPackageName: SearchForPackageOnDisk took   0.170s to resolve Nivel_1.umap
[2016.02.28-22.52.11:969][429]LogPackageName: SearchForPackageOnDisk took   0.168s to resolve Nivel_1.umap
[2016.02.28-22.52.11:969][429]LogNet: Browse: /Game/Niveles/Nivel_1
[2016.02.28-22.52.11:970][429]LogLoad: LoadMap: /Game/Niveles/Nivel_1
[2016.02.28-22.52.12:121][429]LogParticles: Destroying 0 GPU particle simulations for FXSystem 0x000000917BC7D9E0
[2016.02.28-22.52.12:122][429]Cmd: MEM
[2016.02.28-22.52.12:204][429]LogMemory: Platform Memory Stats for Windows
[2016.02.28-22.52.12:204][429]LogMemory: Process Physical Memory: 740.05 MB used, 797.99 MB peak
[2016.02.28-22.52.12:204][429]LogMemory: Process Virtual Memory: 1289.95 MB used, 1463.11 MB peak
[2016.02.28-22.52.12:204][429]LogMemory: Physical Memory: 2981.24 MB used, 4092.53 MB total
[2016.02.28-22.52.12:204][429]LogMemory: Virtual Memory: 1932.16 MB used, 134217728.00 MB total
[2016.02.28-22.52.12:204][429]LogMemory: 
[2016.02.28-22.52.12:204][429]Allocator Stats for TBB: (not implemented)
[2016.02.28-22.52.12:205][429]LogPlayLevel: Creating play world package: /Game/Niveles/UEDPIE_0_Nivel_1
[2016.02.28-22.52.12:228][429]LogPlayLevel: PIE: StaticDuplicateObject took: (0.023233s)
[2016.02.28-22.52.12:229][429]LogAIModule: Creating AISystem for world Nivel_1
[2016.02.28-22.52.12:231][429]LogPlayLevel: PIE: World Init took: (0.003291s)
[2016.02.28-22.52.12:231][429]LogPlayLevel: PIE: Created PIE world by copying editor world from /Game/Niveles/Nivel_1.Nivel_1 to /Game/Niveles/UEDPIE_0_Nivel_1.Nivel_1 (0.026898s)
[2016.02.28-22.52.12:231][429]LogWorld: Game class is '2D_C'
[2016.02.28-22.52.12:251][429]LogWorld: Bringing World /Game/Niveles/UEDPIE_0_Nivel_1.Nivel_1 up for play (max tick rate 0) at 2016.02.28-17.52.12
[2016.02.28-22.52.12:251][429]LogActor:Warning: GameSession /Game/Niveles/UEDPIE_0_Nivel_1.Nivel_1:PersistentLevel.GameSession_5 has natively added scene component(s), but none of them were set as the actor's RootComponent - picking one arbitrarily
[2016.02.28-22.52.12:252][429]LogActor:Warning: GameNetworkManager /Game/Niveles/UEDPIE_0_Nivel_1.Nivel_1:PersistentLevel.GameNetworkManager_5 has natively added scene component(s), but none of them were set as the actor's RootComponent - picking one arbitrarily
[2016.02.28-22.52.12:253][429]LogWorld: Bringing up level for play took: 0.016225
[2016.02.28-22.52.13:987][504]LogParticles: Destroying 0 GPU particle simulations for FXSystem 0x000000915FAEC540
[2016.02.28-22.52.20:412][894]BlueprintLog: New page: Pre-PIE auto-recompile
[2016.02.28-22.52.20:434][894]LogPlayLevel: [PIE] Compiling Nivel_1 before PIE...
[2016.02.28-22.52.20:725][894]LogPlayLevel: PIE:  Blueprint regeneration took 313 ms (1 blueprints)
[2016.02.28-22.52.20:725][894]PIE: New page: PIE session: Nivel_1 (Feb 28, 2016, 12:52:20 PM)
[2016.02.28-22.52.20:726][894]LogPlayLevel: Creating play world package: /Game/Niveles/UEDPIE_0_Nivel_1
[2016.02.28-22.52.20:740][894]LogPlayLevel: PIE: StaticDuplicateObject took: (0.013252s)
[2016.02.28-22.52.20:741][894]LogAIModule: Creating AISystem for world Nivel_1
[2016.02.28-22.52.20:743][894]LogPlayLevel: PIE: World Init took: (0.003133s)
[2016.02.28-22.52.20:743][894]LogPlayLevel: PIE: Created PIE world by copying editor world from /Game/Niveles/Nivel_1.Nivel_1 to /Game/Niveles/UEDPIE_0_Nivel_1.Nivel_1 (0.016760s)
[2016.02.28-22.52.20:831][894]LogInit: XAudio2 using 'Speakers (Realtek High Definition Audio)' : 2 channels at 48 kHz using 32 bits per sample (channel mask 0x3)
[2016.02.28-22.52.20:852][894]LogInit: FAudioDevice initialized.
[2016.02.28-22.52.20:856][894]LogD3D11RHI: InitD3DDevice
[2016.02.28-22.52.20:896][894]LogWorld: Game class is '2D_C'
[2016.02.28-22.52.20:915][894]LogWorld: Bringing World /Game/Niveles/UEDPIE_0_Nivel_1.Nivel_1 up for play (max tick rate 0) at 2016.02.28-17.52.20
[2016.02.28-22.52.20:915][894]LogActor:Warning: GameSession /Game/Niveles/UEDPIE_0_Nivel_1.Nivel_1:PersistentLevel.GameSession_6 has natively added scene component(s), but none of them were set as the actor's RootComponent - picking one arbitrarily
[2016.02.28-22.52.20:916][894]LogActor:Warning: GameNetworkManager /Game/Niveles/UEDPIE_0_Nivel_1.Nivel_1:PersistentLevel.GameNetworkManager_6 has natively added scene component(s), but none of them were set as the actor's RootComponent - picking one arbitrarily
[2016.02.28-22.52.20:917][894]LogWorld: Bringing up level for play took: 0.016182
[2016.02.28-22.52.20:973][894]PIE: Info Play in editor start time for /Game/Niveles/UEDPIE_0_Nivel_1 0.912
[2016.02.28-22.52.35:862][648]LogPackageName: SearchForPackageOnDisk took   0.171s to resolve Menu.umap
[2016.02.28-22.52.36:052][649]LogPackageName: SearchForPackageOnDisk took   0.170s to resolve Menu.umap
[2016.02.28-22.52.36:052][649]LogNet: Browse: /Game/Niveles/Menu
[2016.02.28-22.52.36:052][649]LogLoad: LoadMap: /Game/Niveles/Menu
[2016.02.28-22.52.36:153][649]LogParticles: Destroying 0 GPU particle simulations for FXSystem 0x000000914989E2A0
[2016.02.28-22.52.36:153][649]Cmd: MEM
[2016.02.28-22.52.36:231][649]LogMemory: Platform Memory Stats for Windows
[2016.02.28-22.52.36:231][649]LogMemory: Process Physical Memory: 740.49 MB used, 797.99 MB peak
[2016.02.28-22.52.36:231][649]LogMemory: Process Virtual Memory: 1288.74 MB used, 1463.11 MB peak
[2016.02.28-22.52.36:231][649]LogMemory: Physical Memory: 2976.50 MB used, 4092.53 MB total
[2016.02.28-22.52.36:231][649]LogMemory: Virtual Memory: 1930.91 MB used, 134217728.00 MB total
[2016.02.28-22.52.36:231][649]LogMemory: 
[2016.02.28-22.52.36:231][649]Allocator Stats for TBB: (not implemented)
[2016.02.28-22.52.36:507][649]LogAIModule: Creating AISystem for world Menu
[2016.02.28-22.52.36:510][649]LogWorld: Game class is 'GameMode'
[2016.02.28-22.52.36:517][649]LogWorld: Bringing World /Game/Niveles/UEDPIE_0_Menu.Menu up for play (max tick rate 0) at 2016.02.28-17.52.36
[2016.02.28-22.52.36:517][649]LogActor:Warning: GameSession /Game/Niveles/UEDPIE_0_Menu.Menu:PersistentLevel.GameSession_7 has natively added scene component(s), but none of them were set as the actor's RootComponent - picking one arbitrarily
[2016.02.28-22.52.36:518][649]LogActor:Warning: GameNetworkManager /Game/Niveles/UEDPIE_0_Menu.Menu:PersistentLevel.GameNetworkManager_7 has natively added scene component(s), but none of them were set as the actor's RootComponent - picking one arbitrarily
[2016.02.28-22.52.36:519][649]LogWorld: Bringing up level for play took: 0.002997
[2016.02.28-22.52.36:520][649]LogGameMode: Warning - PATHS NOT DEFINED or NO PLAYERSTART with positive rating
[2016.02.28-22.52.40:194][829]LogPackageName: SearchForPackageOnDisk took   0.170s to resolve Nivel_1.umap
[2016.02.28-22.52.40:363][829]LogPackageName: SearchForPackageOnDisk took   0.168s to resolve Nivel_1.umap
[2016.02.28-22.52.40:363][829]LogNet: Browse: /Game/Niveles/Nivel_1
[2016.02.28-22.52.40:363][829]LogLoad: LoadMap: /Game/Niveles/Nivel_1
[2016.02.28-22.52.40:519][829]LogParticles: Destroying 0 GPU particle simulations for FXSystem 0x00000091631BD9E0
[2016.02.28-22.52.40:519][829]Cmd: MEM
[2016.02.28-22.52.40:602][829]LogMemory: Platform Memory Stats for Windows
[2016.02.28-22.52.40:602][829]LogMemory: Process Physical Memory: 741.27 MB used, 797.99 MB peak
[2016.02.28-22.52.40:602][829]LogMemory: Process Virtual Memory: 1291.24 MB used, 1463.11 MB peak
[2016.02.28-22.52.40:602][829]LogMemory: Physical Memory: 3028.43 MB used, 4092.53 MB total
[2016.02.28-22.52.40:602][829]LogMemory: Virtual Memory: 1932.16 MB used, 134217728.00 MB total
[2016.02.28-22.52.40:602][829]LogMemory: 
[2016.02.28-22.52.40:602][829]Allocator Stats for TBB: (not implemented)
[2016.02.28-22.52.40:602][829]LogPlayLevel: Creating play world package: /Game/Niveles/UEDPIE_0_Nivel_1
[2016.02.28-22.52.40:624][829]LogPlayLevel: PIE: StaticDuplicateObject took: (0.022587s)
[2016.02.28-22.52.40:626][829]LogAIModule: Creating AISystem for world Nivel_1
[2016.02.28-22.52.40:628][829]LogPlayLevel: PIE: World Init took: (0.003306s)
[2016.02.28-22.52.40:628][829]LogPlayLevel: PIE: Created PIE world by copying editor world from /Game/Niveles/Nivel_1.Nivel_1 to /Game/Niveles/UEDPIE_0_Nivel_1.Nivel_1 (0.026362s)
[2016.02.28-22.52.40:628][829]LogWorld: Game class is '2D_C'
[2016.02.28-22.52.40:647][829]LogWorld: Bringing World /Game/Niveles/UEDPIE_0_Nivel_1.Nivel_1 up for play (max tick rate 0) at 2016.02.28-17.52.40
[2016.02.28-22.52.40:648][829]LogActor:Warning: GameSession /Game/Niveles/UEDPIE_0_Nivel_1.Nivel_1:PersistentLevel.GameSession_8 has natively added scene component(s), but none of them were set as the actor's RootComponent - picking one arbitrarily
[2016.02.28-22.52.40:649][829]LogActor:Warning: GameNetworkManager /Game/Niveles/UEDPIE_0_Nivel_1.Nivel_1:PersistentLevel.GameNetworkManager_8 has natively added scene component(s), but none of them were set as the actor's RootComponent - picking one arbitrarily
[2016.02.28-22.52.40:650][829]LogWorld: Bringing up level for play took: 0.016429
[2016.02.28-22.52.45:583][ 63]LogParticles: Destroying 0 GPU particle simulations for FXSystem 0x000000914989C180
[2016.02.28-22.52.50:792][383]BlueprintLog: New page: Compile Player
[2016.02.28-22.52.51:087][383]LogBlueprint:Error: [compiler Player] Error This blueprint (self) is not a PlayerController, therefore ' Target ' must have a connection.
[2016.02.28-22.52.51:096][383]LogBlueprint:Error: [compiler Player] Error Variable node  Set bShowMouseCursor  uses an invalid target.  It may depend on a node that is not connected to the execution chain, and got purged.
[2016.02.28-22.52.53:174][383]LogBlueprint:Warning: [compiler Player] Warning [0745.26] Compile of Player failed. 2 Fatal Issue(s) 0 Warning(s) [in 2,381 ms]
[2016.02.28-22.52.53:174][383]BlueprintEditorCompileResults:Error: Error This blueprint (self) is not a PlayerController, therefore ' Target ' must have a connection.
[2016.02.28-22.52.53:174][383]BlueprintEditorCompileResults:Error: Error Variable node  Set bShowMouseCursor  uses an invalid target.  It may depend on a node that is not connected to the execution chain, and got purged.
[2016.02.28-22.52.53:174][383]BlueprintEditorCompileResults: Info The execution path doesn't end with a return node.  False 
[2016.02.28-22.52.53:174][383]BlueprintEditorCompileResults:Warning: Warning [0745.26] Compile of Player failed. 2 Fatal Issue(s) 0 Warning(s) [in 2,381 ms]
[2016.02.28-22.52.53:971][427]BlueprintLog: New page: Pre-PIE auto-recompile
[2016.02.28-22.52.53:994][427]LogPlayLevel: [PIE] Compiling Nivel_1 before PIE...
[2016.02.28-22.52.54:492][427]LogPlayLevel: PIE:  Blueprint regeneration took 521 ms (1 blueprints)
[2016.02.28-22.52.54:498][427]LogD3D11RHI: InitD3DDevice
[2016.02.28-22.53.00:653][654]BlueprintLog: New page: Compile Player
[2016.02.28-22.53.02:832][654]BlueprintEditorCompileResults: Info The execution path doesn't end with a return node.  False 
[2016.02.28-22.53.02:832][654]BlueprintEditorCompileResults: Info [0754.91] Compile of Player successful! [in 2,177 ms]
[2016.02.28-22.53.03:756][707]BlueprintLog: New page: Pre-PIE auto-recompile
[2016.02.28-22.53.03:780][707]LogPlayLevel: [PIE] Compiling Nivel_1 before PIE...
[2016.02.28-22.53.04:105][707]LogPlayLevel: PIE:  Blueprint regeneration took 349 ms (1 blueprints)
[2016.02.28-22.53.04:106][707]PIE: New page: PIE session: Nivel_1 (Feb 28, 2016, 12:53:04 PM)
[2016.02.28-22.53.04:107][707]LogPlayLevel: Creating play world package: /Game/Niveles/UEDPIE_0_Nivel_1
[2016.02.28-22.53.04:120][707]LogPlayLevel: PIE: StaticDuplicateObject took: (0.012842s)
[2016.02.28-22.53.04:121][707]LogAIModule: Creating AISystem for world Nivel_1
[2016.02.28-22.53.04:123][707]LogPlayLevel: PIE: World Init took: (0.003217s)
[2016.02.28-22.53.04:123][707]LogPlayLevel: PIE: Created PIE world by copying editor world from /Game/Niveles/Nivel_1.Nivel_1 to /Game/Niveles/UEDPIE_0_Nivel_1.Nivel_1 (0.016437s)
[2016.02.28-22.53.04:213][707]LogInit: XAudio2 using 'Speakers (Realtek High Definition Audio)' : 2 channels at 48 kHz using 32 bits per sample (channel mask 0x3)
[2016.02.28-22.53.04:234][707]LogInit: FAudioDevice initialized.
[2016.02.28-22.53.04:238][707]LogD3D11RHI: InitD3DDevice
[2016.02.28-22.53.04:283][707]LogWorld: Game class is '2D_C'
[2016.02.28-22.53.04:302][707]LogWorld: Bringing World /Game/Niveles/UEDPIE_0_Nivel_1.Nivel_1 up for play (max tick rate 0) at 2016.02.28-17.53.04
[2016.02.28-22.53.04:302][707]LogActor:Warning: GameSession /Game/Niveles/UEDPIE_0_Nivel_1.Nivel_1:PersistentLevel.GameSession_9 has natively added scene component(s), but none of them were set as the actor's RootComponent - picking one arbitrarily
[2016.02.28-22.53.04:304][707]LogActor:Warning: GameNetworkManager /Game/Niveles/UEDPIE_0_Nivel_1.Nivel_1:PersistentLevel.GameNetworkManager_9 has natively added scene component(s), but none of them were set as the actor's RootComponent - picking one arbitrarily
[2016.02.28-22.53.04:305][707]LogWorld: Bringing up level for play took: 0.016463
[2016.02.28-22.53.04:359][707]PIE: Info Play in editor start time for /Game/Niveles/UEDPIE_0_Nivel_1 0.297
[2016.02.28-22.53.19:291][501]LogPackageName: SearchForPackageOnDisk took   0.186s to resolve Menu.umap
[2016.02.28-22.53.19:487][502]LogPackageName: SearchForPackageOnDisk took   0.175s to resolve Menu.umap
[2016.02.28-22.53.19:487][502]LogNet: Browse: /Game/Niveles/Menu
[2016.02.28-22.53.19:487][502]LogLoad: LoadMap: /Game/Niveles/Menu
[2016.02.28-22.53.19:593][502]LogParticles: Destroying 0 GPU particle simulations for FXSystem 0x000000916604DDA0
[2016.02.28-22.53.19:593][502]Cmd: MEM
[2016.02.28-22.53.19:672][502]LogMemory: Platform Memory Stats for Windows
[2016.02.28-22.53.19:672][502]LogMemory: Process Physical Memory: 740.77 MB used, 797.99 MB peak
[2016.02.28-22.53.19:672][502]LogMemory: Process Virtual Memory: 1288.45 MB used, 1463.11 MB peak
[2016.02.28-22.53.19:672][502]LogMemory: Physical Memory: 3042.65 MB used, 4092.53 MB total
[2016.02.28-22.53.19:672][502]LogMemory: Virtual Memory: 1930.91 MB used, 134217728.00 MB total
[2016.02.28-22.53.19:672][502]LogMemory: 
[2016.02.28-22.53.19:672][502]Allocator Stats for TBB: (not implemented)
[2016.02.28-22.53.19:952][502]LogAIModule: Creating AISystem for world Menu
[2016.02.28-22.53.19:955][502]LogWorld: Game class is 'GameMode'
[2016.02.28-22.53.19:963][502]LogWorld: Bringing World /Game/Niveles/UEDPIE_0_Menu.Menu up for play (max tick rate 0) at 2016.02.28-17.53.19
[2016.02.28-22.53.19:963][502]LogActor:Warning: GameSession /Game/Niveles/UEDPIE_0_Menu.Menu:PersistentLevel.GameSession_10 has natively added scene component(s), but none of them were set as the actor's RootComponent - picking one arbitrarily
[2016.02.28-22.53.19:964][502]LogActor:Warning: GameNetworkManager /Game/Niveles/UEDPIE_0_Menu.Menu:PersistentLevel.GameNetworkManager_10 has natively added scene component(s), but none of them were set as the actor's RootComponent - picking one arbitrarily
[2016.02.28-22.53.19:965][502]LogWorld: Bringing up level for play took: 0.003002
[2016.02.28-22.53.19:966][502]LogGameMode: Warning - PATHS NOT DEFINED or NO PLAYERSTART with positive rating
[2016.02.28-22.53.23:329][668]LogPackageName: SearchForPackageOnDisk took   0.172s to resolve Nivel_1.umap
[2016.02.28-22.53.23:500][668]LogPackageName: SearchForPackageOnDisk took   0.170s to resolve Nivel_1.umap
[2016.02.28-22.53.23:500][668]LogNet: Browse: /Game/Niveles/Nivel_1
[2016.02.28-22.53.23:500][668]LogLoad: LoadMap: /Game/Niveles/Nivel_1
[2016.02.28-22.53.23:656][668]LogParticles: Destroying 0 GPU particle simulations for FXSystem 0x000000915F3F6660
[2016.02.28-22.53.23:656][668]Cmd: MEM
[2016.02.28-22.53.23:742][668]LogMemory: Platform Memory Stats for Windows
[2016.02.28-22.53.23:742][668]LogMemory: Process Physical Memory: 741.52 MB used, 797.99 MB peak
[2016.02.28-22.53.23:742][668]LogMemory: Process Virtual Memory: 1290.95 MB used, 1463.11 MB peak
[2016.02.28-22.53.23:742][668]LogMemory: Physical Memory: 3064.24 MB used, 4092.53 MB total
[2016.02.28-22.53.23:742][668]LogMemory: Virtual Memory: 1932.16 MB used, 134217728.00 MB total
[2016.02.28-22.53.23:742][668]LogMemory: 
[2016.02.28-22.53.23:742][668]Allocator Stats for TBB: (not implemented)
[2016.02.28-22.53.23:742][668]LogPlayLevel: Creating play world package: /Game/Niveles/UEDPIE_0_Nivel_1
[2016.02.28-22.53.23:765][668]LogPlayLevel: PIE: StaticDuplicateObject took: (0.023217s)
[2016.02.28-22.53.23:767][668]LogAIModule: Creating AISystem for world Nivel_1
[2016.02.28-22.53.23:769][668]LogPlayLevel: PIE: World Init took: (0.003259s)
[2016.02.28-22.53.23:769][668]LogPlayLevel: PIE: Created PIE world by copying editor world from /Game/Niveles/Nivel_1.Nivel_1 to /Game/Niveles/UEDPIE_0_Nivel_1.Nivel_1 (0.026881s)
[2016.02.28-22.53.23:769][668]LogWorld: Game class is '2D_C'
[2016.02.28-22.53.23:788][668]LogWorld: Bringing World /Game/Niveles/UEDPIE_0_Nivel_1.Nivel_1 up for play (max tick rate 0) at 2016.02.28-17.53.23
[2016.02.28-22.53.23:788][668]LogActor:Warning: GameSession /Game/Niveles/UEDPIE_0_Nivel_1.Nivel_1:PersistentLevel.GameSession_11 has natively added scene component(s), but none of them were set as the actor's RootComponent - picking one arbitrarily
[2016.02.28-22.53.23:790][668]LogActor:Warning: GameNetworkManager /Game/Niveles/UEDPIE_0_Nivel_1.Nivel_1:PersistentLevel.GameNetworkManager_11 has natively added scene component(s), but none of them were set as the actor's RootComponent - picking one arbitrarily
[2016.02.28-22.53.23:791][668]LogWorld: Bringing up level for play took: 0.016158
[2016.02.28-22.53.25:352][738]LogParticles: Destroying 0 GPU particle simulations for FXSystem 0x000000915F3F6200
[2016.02.28-22.53.34:283][277]LogD3D11RHI: InitD3DDevice
[2016.02.28-22.53.34:938][304]LogD3D11RHI: InitD3DDevice
[2016.02.28-22.53.44:455][865]BlueprintLog: New page: Compile Player
[2016.02.28-22.53.46:622][865]BlueprintEditorCompileResults: Info The execution path doesn't end with a return node.  False 
[2016.02.28-22.53.46:622][865]BlueprintEditorCompileResults: Info [0798.70] Compile of Player successful! [in 2,166 ms]
[2016.02.28-22.54.30:555][614]BlueprintLog: New page: Compile Player
[2016.02.28-22.54.32:709][614]BlueprintEditorCompileResults: Info The execution path doesn't end with a return node.  False 
[2016.02.28-22.54.32:709][614]BlueprintEditorCompileResults: Info [0844.79] Compile of Player successful! [in 2,154 ms]
[2016.02.28-22.54.33:396][651]LogD3D11RHI: InitD3DDevice
[2016.02.28-22.54.33:446][651]Cmd: OBJ SAVEPACKAGE PACKAGE="/Game/Blueprints/Player/player" FILE="../../../../../../Users/Jimmy/git/PoliHeath/Proyecto 4.8/Content/Blueprints/Player/player.uasset" SILENT=true
[2016.02.28-22.54.34:235][651]LogSavePackage: Save=630.073608ms
[2016.02.28-22.54.34:235][651]LogSavePackage: Moving '../../../../../../Users/Jimmy/git/PoliHeath/Proyecto 4.8/Saved/player833C630C49FF56B6016612BE75E6764C.tmp' to '../../../../../../Users/Jimmy/git/PoliHeath/Proyecto 4.8/Content/Blueprints/Player/player.uasset'
[2016.02.28-22.54.34:760][682]BlueprintLog: New page: Pre-PIE auto-recompile
[2016.02.28-22.54.34:783][682]LogPlayLevel: [PIE] Compiling Nivel_1 before PIE...
[2016.02.28-22.54.35:078][682]LogPlayLevel: PIE:  Blueprint regeneration took 317 ms (1 blueprints)
[2016.02.28-22.54.35:078][682]PIE: New page: PIE session: Nivel_1 (Feb 28, 2016, 12:54:35 PM)
[2016.02.28-22.54.35:080][682]LogPlayLevel: Creating play world package: /Game/Niveles/UEDPIE_0_Nivel_1
[2016.02.28-22.54.35:093][682]LogPlayLevel: PIE: StaticDuplicateObject took: (0.013218s)
[2016.02.28-22.54.35:094][682]LogAIModule: Creating AISystem for world Nivel_1
[2016.02.28-22.54.35:096][682]LogPlayLevel: PIE: World Init took: (0.003500s)
[2016.02.28-22.54.35:097][682]LogPlayLevel: PIE: Created PIE world by copying editor world from /Game/Niveles/Nivel_1.Nivel_1 to /Game/Niveles/UEDPIE_0_Nivel_1.Nivel_1 (0.017095s)
[2016.02.28-22.54.35:188][682]LogInit: XAudio2 using 'Speakers (Realtek High Definition Audio)' : 2 channels at 48 kHz using 32 bits per sample (channel mask 0x3)
[2016.02.28-22.54.35:211][682]LogInit: FAudioDevice initialized.
[2016.02.28-22.54.35:216][682]LogD3D11RHI: InitD3DDevice
[2016.02.28-22.54.35:258][682]LogWorld: Game class is '2D_C'
[2016.02.28-22.54.35:277][682]LogWorld: Bringing World /Game/Niveles/UEDPIE_0_Nivel_1.Nivel_1 up for play (max tick rate 0) at 2016.02.28-17.54.35
[2016.02.28-22.54.35:277][682]LogActor:Warning: GameSession /Game/Niveles/UEDPIE_0_Nivel_1.Nivel_1:PersistentLevel.GameSession_12 has natively added scene component(s), but none of them were set as the actor's RootComponent - picking one arbitrarily
[2016.02.28-22.54.35:279][682]LogActor:Warning: GameNetworkManager /Game/Niveles/UEDPIE_0_Nivel_1.Nivel_1:PersistentLevel.GameNetworkManager_12 has natively added scene component(s), but none of them were set as the actor's RootComponent - picking one arbitrarily
[2016.02.28-22.54.35:280][682]LogWorld: Bringing up level for play took: 0.016085
[2016.02.28-22.54.35:335][682]PIE: Info Play in editor start time for /Game/Niveles/UEDPIE_0_Nivel_1 1.273
[2016.02.28-22.54.50:239][467]LogPackageName: SearchForPackageOnDisk took   0.176s to resolve Menu.umap
[2016.02.28-22.54.50:430][468]LogPackageName: SearchForPackageOnDisk took   0.170s to resolve Menu.umap
[2016.02.28-22.54.50:430][468]LogNet: Browse: /Game/Niveles/Menu
[2016.02.28-22.54.50:430][468]LogLoad: LoadMap: /Game/Niveles/Menu
[2016.02.28-22.54.50:534][468]LogParticles: Destroying 0 GPU particle simulations for FXSystem 0x000000917BA27CE0
[2016.02.28-22.54.50:535][468]Cmd: MEM
[2016.02.28-22.54.50:616][468]LogMemory: Platform Memory Stats for Windows
[2016.02.28-22.54.50:616][468]LogMemory: Process Physical Memory: 741.72 MB used, 797.99 MB peak
[2016.02.28-22.54.50:616][468]LogMemory: Process Virtual Memory: 1289.52 MB used, 1463.11 MB peak
[2016.02.28-22.54.50:616][468]LogMemory: Physical Memory: 3130.24 MB used, 4092.53 MB total
[2016.02.28-22.54.50:616][468]LogMemory: Virtual Memory: 1931.03 MB used, 134217728.00 MB total
[2016.02.28-22.54.50:616][468]LogMemory: 
[2016.02.28-22.54.50:616][468]Allocator Stats for TBB: (not implemented)
[2016.02.28-22.54.50:901][468]LogAIModule: Creating AISystem for world Menu
[2016.02.28-22.54.50:905][468]LogWorld: Game class is 'GameMode'
[2016.02.28-22.54.50:911][468]LogWorld: Bringing World /Game/Niveles/UEDPIE_0_Menu.Menu up for play (max tick rate 0) at 2016.02.28-17.54.50
[2016.02.28-22.54.50:911][468]LogActor:Warning: GameSession /Game/Niveles/UEDPIE_0_Menu.Menu:PersistentLevel.GameSession_13 has natively added scene component(s), but none of them were set as the actor's RootComponent - picking one arbitrarily
[2016.02.28-22.54.50:913][468]LogActor:Warning: GameNetworkManager /Game/Niveles/UEDPIE_0_Menu.Menu:PersistentLevel.GameNetworkManager_13 has natively added scene component(s), but none of them were set as the actor's RootComponent - picking one arbitrarily
[2016.02.28-22.54.50:913][468]LogWorld: Bringing up level for play took: 0.002987
[2016.02.28-22.54.50:914][468]LogGameMode: Warning - PATHS NOT DEFINED or NO PLAYERSTART with positive rating
[2016.02.28-22.54.52:002][512]LogParticles: Destroying 0 GPU particle simulations for FXSystem 0x000000913BB202C0
[2016.02.28-22.55.01:035][ 52]LogD3D11RHI: InitD3DDevice
[2016.02.28-22.55.01:177][ 52]LogLinker:Warning: Asset '../../../Engine/Content/ArtTools/RenderToTexture/Macros/RenderToTextureMacros.uasset' has been saved with empty engine version. The asset will be loaded but may be incompatible.
[2016.02.28-22.55.01:208][ 52]LogLinker:Warning: Asset '../../../Engine/Content/ArtTools/RenderToTexture/Enums/RenderToTexture_Enum.uasset' has been saved with empty engine version. The asset will be loaded but may be incompatible.
[2016.02.28-22.55.09:501][606]LogD3D11RHI: InitD3DDevice
[2016.02.28-22.55.13:772][880]LogD3D11RHI: InitD3DDevice
[2016.02.28-22.55.17:955][151]LogD3D11RHI: InitD3DDevice
[2016.02.28-22.55.42:886][988]LogD3D11RHI: InitD3DDevice
[2016.02.28-22.55.46:586][215]LogD3D11RHI: InitD3DDevice
[2016.02.28-22.56.00:528][ 83]LogD3D11RHI: InitD3DDevice
[2016.02.28-22.56.10:002][684]LogD3D11RHI: InitD3DDevice
[2016.02.28-22.56.16:310][ 86]LogD3D11RHI: InitD3DDevice
[2016.02.28-22.56.19:316][290]LogD3D11RHI: InitD3DDevice
[2016.02.28-22.56.25:310][680]BlueprintLog: New page: Compile GameOver
[2016.02.28-22.56.25:691][680]BlueprintEditorCompileResults: Info [0957.77] Compile of GameOver successful! [in 380 ms]
[2016.02.28-22.56.26:279][717]LogD3D11RHI: InitD3DDevice
[2016.02.28-22.56.26:309][717]Cmd: OBJ SAVEPACKAGE PACKAGE="/Game/HUD/GameOver" FILE="../../../../../../Users/Jimmy/git/PoliHeath/Proyecto 4.8/Content/HUD/GameOver.uasset" SILENT=true
[2016.02.28-22.56.26:483][717]LogSavePackage: Save=14.632672ms
[2016.02.28-22.56.26:483][717]LogSavePackage: Moving '../../../../../../Users/Jimmy/git/PoliHeath/Proyecto 4.8/Saved/GameOver572C321B476933E42495A5AC8F70187D.tmp' to '../../../../../../Users/Jimmy/git/PoliHeath/Proyecto 4.8/Content/HUD/GameOver.uasset'
[2016.02.28-22.56.27:829][783]LogD3D11RHI: InitD3DDevice
[2016.02.28-22.56.52:038][ 72]LogD3D11RHI: InitD3DDevice
[2016.02.28-22.56.52:473][ 87]LogD3D11RHI: InitD3DDevice
[2016.02.28-22.56.52:752][ 89]LogD3D11RHI: InitD3DDevice
[2016.02.28-22.56.53:771][130]LogD3D11RHI: InitD3DDevice
[2016.02.28-22.57.43:847][541]LogParticles: Destroying 0 GPU particle simulations for FXSystem 0x00000091428016C0
[2016.02.28-22.57.44:285][541]LogParticles: Destroying 0 GPU particle simulations for FXSystem 0x000000915FA4C5E0
[2016.02.28-22.57.44:286][541]LogWindowsTextInputMethodSystem:Display: IME system now deactivated.
[2016.02.28-22.57.44:819][542]Cmd: QUIT_EDITOR
[2016.02.28-22.57.45:982][542]LogExit: Preparing to exit.
[2016.02.28-22.57.46:293][542]LogExit: Editor shut down
[2016.02.28-22.57.46:294][542]LogExit: Transaction tracking system shut down
[2016.02.28-22.57.46:318][542]LogParticles: Destroying 0 GPU particle simulations for FXSystem 0x0000009133489120
[2016.02.28-22.57.46:318][542]LogParticles: Destroying 0 GPU particle simulations for FXSystem 0x000000914B315260
[2016.02.28-22.57.46:319][542]LogParticles: Destroying 0 GPU particle simulations for FXSystem 0x0000009139EBE3E0
[2016.02.28-22.57.46:319][542]LogParticles: Destroying 0 GPU particle simulations for FXSystem 0x000000916189D620
[2016.02.28-22.57.46:319][542]LogParticles: Destroying 0 GPU particle simulations for FXSystem 0x000000913C17FF60
[2016.02.28-22.57.46:329][542]LogParticles: Destroying 0 GPU particle simulations for FXSystem 0x000000915FA4C680
[2016.02.28-22.57.46:790][542]LogExit: Object subsystem successfully closed.
[2016.02.28-22.57.46:811][542]LogD3D11RHI: Shutdown
[2016.02.28-22.57.46:811][542]LogD3D11RHI: CleanupD3DDevice
[2016.02.28-22.57.46:914][542]LogD3D11RHI: ~FD3D11DynamicRHI
[2016.02.28-22.57.46:966][542]LogModuleManager: Shutting down and abandoning module SequencerWidgets (189)
[2016.02.28-22.57.46:966][542]LogModuleManager: Shutting down and abandoning module CrashTracker (188)
[2016.02.28-22.57.46:966][542]LogModuleManager: Shutting down and abandoning module SceneOutliner (187)
[2016.02.28-22.57.46:966][542]LogModuleManager: Shutting down and abandoning module SuperSearch (186)
[2016.02.28-22.57.46:966][542]LogModuleManager: Shutting down and abandoning module WidgetCarousel (185)
[2016.02.28-22.57.46:966][542]LogModuleManager: Shutting down and abandoning module AddContentDialog (184)
[2016.02.28-22.57.46:968][542]LogModuleManager: Shutting down and abandoning module EditorWidgets (183)
[2016.02.28-22.57.46:968][542]LogModuleManager: Shutting down and abandoning module CollectionManager (182)
[2016.02.28-22.57.46:968][542]LogModuleManager: Shutting down and abandoning module StatsViewer (181)
[2016.02.28-22.57.46:968][542]LogModuleManager: Shutting down and abandoning module FoliageEdit (180)
[2016.02.28-22.57.46:968][542]LogModuleManager: Shutting down and abandoning module LandscapeEditor (179)
[2016.02.28-22.57.46:969][542]LogModuleManager: Shutting down and abandoning module ActorPickerMode (178)
[2016.02.28-22.57.46:969][542]LogModuleManager: Shutting down and abandoning module GeometryMode (177)
[2016.02.28-22.57.46:969][542]LogModuleManager: Shutting down and abandoning module TextureAlignMode (176)
[2016.02.28-22.57.46:969][542]LogModuleManager: Shutting down and abandoning module BspMode (175)
[2016.02.28-22.57.46:969][542]LogModuleManager: Shutting down and abandoning module PlacementMode (174)
[2016.02.28-22.57.46:969][542]LogModuleManager: Shutting down and abandoning module AutomationWorker (173)
[2016.02.28-22.57.46:969][542]LogModuleManager: Shutting down and abandoning module CharacterAI (172)
[2016.02.28-22.57.46:969][542]LogModuleManager: Shutting down and abandoning module SmartSnapping (171)
[2016.02.28-22.57.46:969][542]LogModuleManager: Shutting down and abandoning module ViewportSnapping (170)
[2016.02.28-22.57.46:969][542]LogModuleManager: Shutting down and abandoning module LogVisualizer (169)
[2016.02.28-22.57.46:969][542]LogModuleManager: Shutting down and abandoning module GameProjectGeneration (168)
[2016.02.28-22.57.46:969][542]LogModuleManager: Shutting down and abandoning module IntroTutorials (167)
[2016.02.28-22.57.46:970][542]LogModuleManager: Shutting down and abandoning module EditorLiveStreaming (166)
[2016.02.28-22.57.46:970][542]LogModuleManager: Shutting down and abandoning module IOSPlatformEditor (165)
[2016.02.28-22.57.46:970][542]LogModuleManager: Shutting down and abandoning module HTML5PlatformEditor (164)
[2016.02.28-22.57.46:970][542]LogModuleManager: Shutting down and abandoning module AndroidDeviceDetection (163)
[2016.02.28-22.57.47:778][542]LogModuleManager: Shutting down and abandoning module AndroidPlatformEditor (162)
[2016.02.28-22.57.47:778][542]LogModuleManager: Shutting down and abandoning module IOSRuntimeSettings (161)
[2016.02.28-22.57.47:778][542]LogModuleManager: Shutting down and abandoning module AndroidRuntimeSettings (160)
[2016.02.28-22.57.47:778][542]LogModuleManager: Shutting down and abandoning module MergeActors (159)
[2016.02.28-22.57.47:778][542]LogModuleManager: Shutting down and abandoning module SizeMap (158)
[2016.02.28-22.57.47:778][542]LogModuleManager: Shutting down and abandoning module TreeMap (157)
[2016.02.28-22.57.47:778][542]LogModuleManager: Shutting down and abandoning module ReferenceViewer (156)
[2016.02.28-22.57.47:778][542]LogModuleManager: Shutting down and abandoning module LocalizationDashboard (155)
[2016.02.28-22.57.47:778][542]LogModuleManager: Shutting down and abandoning module HardwareTargeting (154)
[2016.02.28-22.57.47:778][542]LogModuleManager: Shutting down and abandoning module DeviceProfileEditor (153)
[2016.02.28-22.57.47:778][542]LogModuleManager: Shutting down and abandoning module UndoHistory (152)
[2016.02.28-22.57.47:778][542]LogModuleManager: Shutting down and abandoning module GameplayTagsEditor (151)
[2016.02.28-22.57.47:778][542]LogModuleManager: Shutting down and abandoning module UserFeedback (150)
[2016.02.28-22.57.47:778][542]LogModuleManager: Shutting down and abandoning module XmlParser (149)
[2016.02.28-22.57.47:778][542]LogModuleManager: Shutting down and abandoning module Blutility (148)
[2016.02.28-22.57.47:778][542]LogModuleManager: Shutting down and abandoning module ProjectTargetPlatformEditor (147)
[2016.02.28-22.57.47:778][542]LogModuleManager: Shutting down and abandoning module ProjectSettingsViewer (146)
[2016.02.28-22.57.47:779][542]LogModuleManager: Shutting down and abandoning module InputBindingEditor (145)
[2016.02.28-22.57.47:779][542]LogModuleManager: Shutting down and abandoning module EditorSettingsViewer (144)
[2016.02.28-22.57.47:779][542]LogModuleManager: Shutting down and abandoning module SettingsEditor (143)
[2016.02.28-22.57.47:779][542]LogModuleManager: Shutting down and abandoning module ProjectLauncher (142)
[2016.02.28-22.57.47:779][542]LogModuleManager: Shutting down and abandoning module SessionFrontend (141)
[2016.02.28-22.57.47:779][542]LogModuleManager: Shutting down and abandoning module ProfilerClient (140)
[2016.02.28-22.57.47:779][542]LogModuleManager: Shutting down and abandoning module TargetDeviceServices (139)
[2016.02.28-22.57.47:779][542]LogModuleManager: Shutting down and abandoning module DeviceManager (138)
[2016.02.28-22.57.47:779][542]LogModuleManager: Shutting down and abandoning module AutomationController (137)
[2016.02.28-22.57.47:779][542]LogModuleManager: Shutting down and abandoning module AutomationWindow (136)
[2016.02.28-22.57.47:779][542]LogModuleManager: Shutting down and abandoning module Layers (135)
[2016.02.28-22.57.47:779][542]LogModuleManager: Shutting down and abandoning module ComponentVisualizers (134)
[2016.02.28-22.57.47:779][542]LogModuleManager: Shutting down and abandoning module DetailCustomizations (133)
[2016.02.28-22.57.47:780][542]LogModuleManager: Shutting down and abandoning module PackagesDialog (132)
[2016.02.28-22.57.47:780][542]LogModuleManager: Shutting down and abandoning module AssetRegistry (131)
[2016.02.28-22.57.47:944][542]LogModuleManager: Shutting down and abandoning module Persona (130)
[2016.02.28-22.57.47:944][542]LogModuleManager: Shutting down and abandoning module Kismet (129)
[2016.02.28-22.57.47:944][542]LogModuleManager: Shutting down and abandoning module GraphEditor (128)
[2016.02.28-22.57.47:945][542]LogModuleManager: Shutting down and abandoning module ClassViewer (127)
[2016.02.28-22.57.47:945][542]LogModuleManager: Shutting down and abandoning module Toolbox (126)
[2016.02.28-22.57.47:945][542]LogModuleManager: Shutting down and abandoning module ModuleUI (125)
[2016.02.28-22.57.47:945][542]LogModuleManager: Shutting down and abandoning module MovieSceneTools (124)
[2016.02.28-22.57.47:945][542]LogModuleManager: Shutting down and abandoning module OutputLog (123)
[2016.02.28-22.57.47:945][542]LogModuleManager: Shutting down and abandoning module GammaUI (122)
[2016.02.28-22.57.47:945][542]LogModuleManager: Shutting down and abandoning module Documentation (121)
[2016.02.28-22.57.47:945][542]LogModuleManager: Shutting down and abandoning module GameLiveStreaming (120)
[2016.02.28-22.57.47:945][542]LogModuleManager: Shutting down and abandoning module StreamingPauseRendering (119)
[2016.02.28-22.57.47:945][542]LogModuleManager: Shutting down and abandoning module AnalyticsET (118)
[2016.02.28-22.57.47:945][542]LogModuleManager: Shutting down and abandoning module Analytics (117)
[2016.02.28-22.57.47:945][542]LogModuleManager: Shutting down and abandoning module AITestSuite (116)
[2016.02.28-22.57.47:945][542]LogModuleManager: Shutting down and abandoning module GameplayDebugger (115)
[2016.02.28-22.57.47:945][542]LogModuleManager: Shutting down and abandoning module AIModule (114)
[2016.02.28-22.57.47:945][542]LogModuleManager: Shutting down and abandoning module ProfilerService (113)
[2016.02.28-22.57.48:070][542]LogModuleManager: Shutting down and abandoning module TaskGraph (112)
[2016.02.28-22.57.48:070][542]LogModuleManager: Shutting down and abandoning module SlateRemote (111)
[2016.02.28-22.57.48:070][542]LogModuleManager: Shutting down and abandoning module SteamVRController (110)
[2016.02.28-22.57.48:070][542]LogModuleManager: Shutting down and abandoning module SteamVR (109)
[2016.02.28-22.57.48:070][542]LogModuleManager: Shutting down and abandoning module ProceduralMeshComponent (108)
[2016.02.28-22.57.48:070][542]LogModuleManager: Shutting down and abandoning module OculusRift (107)
[2016.02.28-22.57.48:070][542]LogModuleManager: Shutting down and abandoning module LeapMotionController (106)
[2016.02.28-22.57.48:093][542]LogModuleManager: Shutting down and abandoning module CustomMeshComponent (105)
[2016.02.28-22.57.48:093][542]LogModuleManager: Shutting down and abandoning module CableComponent (104)
[2016.02.28-22.57.48:093][542]LogModuleManager: Shutting down and abandoning module MessagingDebugger (103)
[2016.02.28-22.57.48:093][542]LogModuleManager: Shutting down and abandoning module MediaPlayerEditor (102)
[2016.02.28-22.57.48:093][542]LogModuleManager: Shutting down and abandoning module SpeedTreeImporter (101)
[2016.02.28-22.57.48:093][542]LogModuleManager: Shutting down and abandoning module PluginBrowser (100)
[2016.02.28-22.57.48:094][542]LogModuleManager: Shutting down and abandoning module EpicSurvey (99)
[2016.02.28-22.57.48:094][542]LogModuleManager: Shutting down and abandoning module DesktopPlatform (98)
[2016.02.28-22.57.48:094][542]LogModuleManager: Shutting down and abandoning module VisualStudioSourceCodeAccess (97)
[2016.02.28-22.57.48:094][542]LogModuleManager: Shutting down and abandoning module UObjectPlugin (96)
[2016.02.28-22.57.48:094][542]LogModuleManager: Shutting down and abandoning module SubversionSourceControl (95)
[2016.02.28-22.57.48:094][542]LogModuleManager: Shutting down and abandoning module PerforceSourceControl (94)
[2016.02.28-22.57.48:094][542]LogModuleManager: Shutting down and abandoning module SourceControl (93)
[2016.02.28-22.57.48:094][542]LogModuleManager: Shutting down and abandoning module GitSourceControl (92)
[2016.02.28-22.57.48:094][542]LogModuleManager: Shutting down and abandoning module BlankPlugin (91)
[2016.02.28-22.57.48:094][542]LogModuleManager: Shutting down and abandoning module PaperTiledImporter (90)
[2016.02.28-22.57.48:094][542]LogModuleManager: Shutting down and abandoning module PaperSpriteSheetImporter (89)
[2016.02.28-22.57.48:094][542]LogModuleManager: Shutting down and abandoning module MeshPaint (88)
[2016.02.28-22.57.48:094][542]LogModuleManager: Shutting down and abandoning module SlateReflector (87)
[2016.02.28-22.57.48:094][542]LogModuleManager: Shutting down and abandoning module DirectoryWatcher (86)
[2016.02.28-22.57.48:095][542]LogModuleManager: Shutting down and abandoning module HotReload (85)
[2016.02.28-22.57.48:095][542]LogModuleManager: Shutting down and abandoning module MainFrame (84)
[2016.02.28-22.57.48:095][542]LogModuleManager: Shutting down and abandoning module LevelEditor (83)
[2016.02.28-22.57.48:097][542]LogModuleManager: Shutting down and abandoning module ContentBrowser (82)
[2016.02.28-22.57.48:100][542]LogModuleManager: Shutting down and abandoning module Paper2DEditor (81)
[2016.02.28-22.57.48:100][542]LogModuleManager: Shutting down and abandoning module UdpMessaging (80)
[2016.02.28-22.57.48:200][542]LogModuleManager: Shutting down and abandoning module Paper2D (79)
[2016.02.28-22.57.48:200][542]LogModuleManager: Shutting down and abandoning module WindowsMoviePlayer (78)
[2016.02.28-22.57.48:205][542]LogModuleManager: Shutting down and abandoning module Media (77)
[2016.02.28-22.57.48:205][542]LogModuleManager: Shutting down and abandoning module WmfMedia (76)
[2016.02.28-22.57.48:206][542]LogModuleManager: Shutting down and abandoning module OnlineBlueprintSupport (75)
[2016.02.28-22.57.48:206][542]LogModuleManager: Shutting down and abandoning module PropertyEditor (74)
[2016.02.28-22.57.48:206][542]LogModuleManager: Shutting down and abandoning module BehaviorTreeEditor (73)
[2016.02.28-22.57.48:206][542]LogModuleManager: Shutting down and abandoning module FunctionalTesting (72)
[2016.02.28-22.57.48:206][542]LogModuleManager: Shutting down and abandoning module CollisionAnalyzer (71)
[2016.02.28-22.57.48:206][542]LogModuleManager: Shutting down and abandoning module WorkspaceMenuStructure (70)
[2016.02.28-22.57.48:206][542]LogModuleManager: Shutting down and abandoning module MessageLog (69)
[2016.02.28-22.57.48:206][542]LogModuleManager: Shutting down and abandoning module Sequencer (68)
[2016.02.28-22.57.48:206][542]LogModuleManager: Shutting down and abandoning module AssetTools (67)
[2016.02.28-22.57.48:206][542]LogModuleManager: Shutting down and abandoning module UMGEditor (66)
[2016.02.28-22.57.48:206][542]LogModuleManager: Shutting down and abandoning module UMG (65)
[2016.02.28-22.57.48:206][542]LogModuleManager: Shutting down and abandoning module Slate (64)
[2016.02.28-22.57.48:206][542]LogModuleManager: Shutting down and abandoning module EditorStyle (63)
[2016.02.28-22.57.48:212][542]LogModuleManager: Shutting down and abandoning module SessionServices (62)
[2016.02.28-22.57.48:212][542]LogModuleManager: Shutting down and abandoning module SourceCodeAccess (61)
[2016.02.28-22.57.48:212][542]LogModuleManager: Shutting down and abandoning module HeadMountedDisplay (60)
[2016.02.28-22.57.48:212][542]LogModuleManager: Shutting down and abandoning module XAudio2 (59)
[2016.02.28-22.57.48:212][542]LogModuleManager: Shutting down and abandoning module Networking (57)
[2016.02.28-22.57.48:212][542]LogModuleManager: Shutting down and abandoning module Core (56)
[2016.02.28-22.57.48:212][542]LogModuleManager: Shutting down and abandoning module KismetCompiler (55)
[2016.02.28-22.57.48:213][542]LogModuleManager: Shutting down and abandoning module PhysXFormats (54)
[2016.02.28-22.57.48:213][542]LogModuleManager: Shutting down and abandoning module MeshUtilities (53)
[2016.02.28-22.57.48:213][542]LogModuleManager: Shutting down and abandoning module DerivedDataCache (52)
[2016.02.28-22.57.48:230][542]LogDerivedDataCache: Shutdown
[2016.02.28-22.57.48:230][542]LogModuleManager: Shutting down and abandoning module ShaderFormatOpenGL (51)
[2016.02.28-22.57.48:230][542]LogModuleManager: Shutting down and abandoning module ShaderFormatD3D (50)
[2016.02.28-22.57.48:230][542]LogModuleManager: Shutting down and abandoning module MetalShaderFormat (49)
[2016.02.28-22.57.48:230][542]LogModuleManager: Shutting down and abandoning module TextureFormatUncompressed (48)
[2016.02.28-22.57.48:230][542]LogModuleManager: Shutting down and abandoning module TextureFormatPVR (47)
[2016.02.28-22.57.48:230][542]LogModuleManager: Shutting down and abandoning module TextureFormatIntelISPCTexComp (46)
[2016.02.28-22.57.48:230][542]LogModuleManager: Shutting down and abandoning module TextureFormatDXT (45)
[2016.02.28-22.57.48:230][542]LogModuleManager: Shutting down and abandoning module ImageWrapper (44)
[2016.02.28-22.57.48:230][542]LogModuleManager: Shutting down and abandoning module TextureFormatASTC (43)
[2016.02.28-22.57.48:230][542]LogModuleManager: Shutting down and abandoning module TextureFormatAndroid (42)
[2016.02.28-22.57.48:230][542]LogModuleManager: Shutting down and abandoning module AudioFormatOpus (41)
[2016.02.28-22.57.48:230][542]LogModuleManager: Shutting down and abandoning module AudioFormatOgg (40)
[2016.02.28-22.57.48:230][542]LogModuleManager: Shutting down and abandoning module AudioFormatADPCM (39)
[2016.02.28-22.57.48:230][542]LogModuleManager: Shutting down and abandoning module LinuxTargetPlatform (38)
[2016.02.28-22.57.48:231][542]LogModuleManager: Shutting down and abandoning module LinuxServerTargetPlatform (37)
[2016.02.28-22.57.48:231][542]LogModuleManager: Shutting down and abandoning module LinuxNoEditorTargetPlatform (36)
[2016.02.28-22.57.48:231][542]LogModuleManager: Shutting down and abandoning module Messaging (35)
[2016.02.28-22.57.48:231][542]LogModuleManager: Shutting down and abandoning module IOSTargetPlatform (34)
[2016.02.28-22.57.48:231][542]LogModuleManager: Shutting down and abandoning module HTML5TargetPlatform (33)
[2016.02.28-22.57.48:231][542]LogModuleManager: Shutting down and abandoning module Android_PVRTCTargetPlatform (32)
[2016.02.28-22.57.48:231][542]LogModuleManager: Shutting down and abandoning module Android_ETC2TargetPlatform (31)
[2016.02.28-22.57.48:231][542]LogModuleManager: Shutting down and abandoning module Android_ETC1TargetPlatform (30)
[2016.02.28-22.57.48:231][542]LogModuleManager: Shutting down and abandoning module Android_DXTTargetPlatform (29)
[2016.02.28-22.57.48:231][542]LogModuleManager: Shutting down and abandoning module Android_ATCTargetPlatform (28)
[2016.02.28-22.57.48:231][542]LogModuleManager: Shutting down and abandoning module Android_ASTCTargetPlatform (27)
[2016.02.28-22.57.48:231][542]LogModuleManager: Shutting down and abandoning module AndroidTargetPlatform (26)
[2016.02.28-22.57.48:231][542]LogModuleManager: Shutting down and abandoning module WindowsTargetPlatform (25)
[2016.02.28-22.57.48:231][542]LogModuleManager: Shutting down and abandoning module WindowsServerTargetPlatform (24)
[2016.02.28-22.57.48:231][542]LogModuleManager: Shutting down and abandoning module WindowsNoEditorTargetPlatform (23)
[2016.02.28-22.57.48:231][542]LogModuleManager: Shutting down and abandoning module WindowsClientTargetPlatform (22)
[2016.02.28-22.57.48:231][542]LogModuleManager: Shutting down and abandoning module DesktopTargetPlatform (21)
[2016.02.28-22.57.48:231][542]LogModuleManager: Shutting down and abandoning module TargetPlatform (20)
[2016.02.28-22.57.48:231][542]LogModuleManager: Shutting down and abandoning module InputCore (19)
[2016.02.28-22.57.48:231][542]LogModuleManager: Shutting down and abandoning module Settings (18)
[2016.02.28-22.57.48:231][542]LogModuleManager: Shutting down and abandoning module OnlineSubsystem (16)
[2016.02.28-22.57.48:231][542]LogModuleManager: Shutting down and abandoning module HTTP (15)
[2016.02.28-22.57.48:231][542]LogModuleManager: Shutting down and abandoning module ExampleDeviceProfileSelector (14)
[2016.02.28-22.57.48:232][542]LogModuleManager: Shutting down and abandoning module TextureCompressor (13)
[2016.02.28-22.57.48:232][542]LogModuleManager: Shutting down and abandoning module ShaderCore (12)
[2016.02.28-22.57.48:232][542]LogModuleManager: Shutting down and abandoning module Landscape (11)
[2016.02.28-22.57.48:232][542]LogModuleManager: Shutting down and abandoning module SlateRHIRenderer (10)
[2016.02.28-22.57.48:240][542]LogModuleManager: Shutting down and abandoning module OpenGLDrv (9)
[2016.02.28-22.57.48:240][542]LogModuleManager: Shutting down and abandoning module D3D11RHI (8)
[2016.02.28-22.57.48:240][542]LogModuleManager: Shutting down and abandoning module Renderer (7)
[2016.02.28-22.57.48:240][542]LogModuleManager: Shutting down and abandoning module Engine (6)
[2016.02.28-22.57.48:240][542]LogModuleManager: Shutting down and abandoning module CoreUObject (5)
[2016.02.28-22.57.48:240][542]LogModuleManager: Shutting down and abandoning module NetworkFile (4)
[2016.02.28-22.57.48:240][542]LogModuleManager: Shutting down and abandoning module StreamingFile (3)
[2016.02.28-22.57.48:240][542]LogModuleManager: Shutting down and abandoning module SandboxFile (2)
[2016.02.28-22.57.48:240][542]LogModuleManager: Shutting down and abandoning module PakFile (1)
[2016.02.28-22.57.48:241][542]LogExit: Exiting.
[2016.02.28-22.57.48:244][542]Log file closed, 02/28/16 17:57:48
