[2016.02.24-23.21.04:885][  0]Log file open, 02/24/16 18:21:04
[2016.02.24-23.21.04:885][  0]LogInit:Display: Running engine for game: Proyecto
[2016.02.24-23.21.04:885][  0]LogInit:Display: RandInit(-123851264) SRandInit(-123851263).
[2016.02.24-23.21.04:885][  0]LogTaskGraph: Started task graph with 4 named threads and 8 total threads.
[2016.02.24-23.21.04:885][  0]LogStats: Stats thread started
[2016.02.24-23.21.04:885][  0]LogInit: Version: 4.8.3-2634408+++depot+UE4-Releases+4.8
[2016.02.24-23.21.04:885][  0]LogInit: API Version: 2579680
[2016.02.24-23.21.04:885][  0]LogInit: Compiled (64-bit): Jul 27 2015 16:24:33
[2016.02.24-23.21.04:885][  0]LogInit: Compiled with Visual C++: 18.00.21005.01
[2016.02.24-23.21.04:885][  0]LogInit: Build Configuration: Development
[2016.02.24-23.21.04:885][  0]LogInit: Branch Name: ++depot+UE4-Releases+4.8
[2016.02.24-23.21.04:885][  0]LogInit: Command line:  
[2016.02.24-23.21.04:885][  0]LogInit: Base directory: C:/Program Files (x86)/Epic Games/4.8/Engine/Binaries/Win64/
[2016.02.24-23.21.04:885][  0]LogInit: Rocket: 1
[2016.02.24-23.21.04:927][  0]LogInit: Using libcurl 7.41.0
[2016.02.24-23.21.04:927][  0]LogInit:  - built for x86_64-pc-win32
[2016.02.24-23.21.04:927][  0]LogInit:  - supports SSL with WinSSL
[2016.02.24-23.21.04:927][  0]LogInit:  - other features:
[2016.02.24-23.21.04:927][  0]LogInit:      CURL_VERSION_SSL
[2016.02.24-23.21.04:927][  0]LogInit:      CURL_VERSION_IPV6
[2016.02.24-23.21.04:927][  0]LogInit:      CURL_VERSION_ASYNCHDNS
[2016.02.24-23.21.04:927][  0]LogInit:      CURL_VERSION_LARGEFILE
[2016.02.24-23.21.04:927][  0]LogInit:      CURL_VERSION_IDN
[2016.02.24-23.21.04:927][  0]LogInit:  CurlRequestOptions (configurable via config and command line):
[2016.02.24-23.21.04:927][  0]LogInit:  - bVerifyPeer = true  - Libcurl will verify peer certificate
[2016.02.24-23.21.04:927][  0]LogInit:  - bUseHttpProxy = false  - Libcurl will NOT use HTTP proxy
[2016.02.24-23.21.04:927][  0]LogInit:  - bDontReuseConnections = false  - Libcurl will reuse connections
[2016.02.24-23.21.04:927][  0]LogInit:  - CertBundlePath = nullptr  - Libcurl will use whatever was configured at build time.
[2016.02.24-23.21.04:961][  0]LogOnline:Warning: No default platform service specified for OnlineSubsystem
[2016.02.24-23.21.05:002][  0]LogInit: Presizing for 0 objects not considered by GC, pre-allocating 0 bytes.
[2016.02.24-23.21.05:022][  0]LogInit: Object subsystem initialized
[2016.02.24-23.21.05:024][  0]LogConsoleResponse:Warning: Skipping Unknown console variable: 'UIScaleCurve = (EditorCurveData=(Keys=((Time=480.000000,Value=0.444000),(Time=720.000000,Value=0.666000),(Time=1080.000000,Value=1.000000),(Time=8640.000000,Value=8.000000))),ExternalCurve=None)'
[2016.02.24-23.21.05:024][  0]LogConsoleResponse:Warning:   Found in ini file 'C:/Users/Jimmy/git/PoliHeath/Proyecto 4.8/Saved/Config/Windows/Engine.ini', in section '[/Script/Engine.RendererSettings]'
[2016.02.24-23.21.05:025][  0]LogConsoleManager:Warning: Console variable 'r.MSAA.CompositingSampleCount' wasn't set ('Scalability' has a lower priority than 'ProjectSetting')
[2016.02.24-23.21.05:026][  0]LogInit: Selected Device Profile: [Windows]
[2016.02.24-23.21.05:026][  0]LogInit: Applying CVar settings loaded from the selected device profile: [Windows]
[2016.02.24-23.21.05:055][  0]LogInit: Computer: JIMMY-PC
[2016.02.24-23.21.05:056][  0]LogInit: User: Jimmy
[2016.02.24-23.21.05:056][  0]LogInit: CPU Page size=4096, Cores=6
[2016.02.24-23.21.05:056][  0]LogInit: High frequency timer resolution =2.746525 MHz
[2016.02.24-23.21.05:056][  0]LogMemory: Memory total: Physical=4.0GB (4GB approx)
[2016.02.24-23.21.05:056][  0]LogMemory: Platform Memory Stats for Windows
[2016.02.24-23.21.05:056][  0]LogMemory: Process Physical Memory: 49.14 MB used, 49.14 MB peak
[2016.02.24-23.21.05:056][  0]LogMemory: Process Virtual Memory: 22.18 MB used, 22.18 MB peak
[2016.02.24-23.21.05:056][  0]LogMemory: Physical Memory: 2526.08 MB used, 4092.53 MB total
[2016.02.24-23.21.05:056][  0]LogMemory: Virtual Memory: 292.58 MB used, 134217728.00 MB total
[2016.02.24-23.21.05:150][  0]LogTextLocalizationManager: The requested culture ('en_US') has no localization data; parent culture's ('en') localization data will be used.
[2016.02.24-23.21.05:677][  0]LogTextLocalizationManager:Warning: Loaded localization resources contain conflicting entries for (Namespace:ContentBrowser, Key:ImportAssetToolTip):
Localization Resource: (C:/Program Files (x86)/Epic Games/4.8/Engine/Content/Localization/Editor/en/Editor.locres) Source String Hash: (-630476809) Localized String: (Import to {0}...)
Localization Resource: (C:/Program Files (x86)/Epic Games/4.8/Engine/Content/Localization/Editor/en/Editor.locres) Source String Hash: (1271782899) Localized String: (Imports an asset from file to this folder.)
[2016.02.24-23.21.06:821][  0]LogD3D11RHI: Found D3D11 adapter 0: NVIDIA GeForce GTX 650 (Feature Level 11_0)
[2016.02.24-23.21.06:821][  0]LogD3D11RHI: Adapter has 1986MB of dedicated video memory, 0MB of dedicated system memory, and 2046MB of shared system memory, 1 output[s]
[2016.02.24-23.21.06:824][  0]LogD3D11RHI: Found D3D11 adapter 1: Microsoft Basic Render Driver (Feature Level 11_0)
[2016.02.24-23.21.06:824][  0]LogD3D11RHI: Adapter has 0MB of dedicated video memory, 0MB of dedicated system memory, and 256MB of shared system memory, 0 output[s]
[2016.02.24-23.21.06:824][  0]LogD3D11RHI: Chosen D3D11 Adapter Id = 0
[2016.02.24-23.21.06:832][  0]LogD3D11RHI: InitD3DDevice
[2016.02.24-23.21.06:833][  0]LogD3D11RHI: !Direct3DDevice
[2016.02.24-23.21.06:833][  0]LogRHI: Texture pool is 1361 MB (70% of 1945 MB)
[2016.02.24-23.21.06:864][  0]LogD3D11RHI: Async texture creation enabled
[2016.02.24-23.21.06:886][  0]LogShaderCompilers:Display: Using Local Shader Compiler.
[2016.02.24-23.21.09:677][  0]LogTemp:Display: Loaded TP DesktopTargetPlatform
[2016.02.24-23.21.09:720][  0]LogTemp:Display: Loaded TP WindowsClientTargetPlatform
[2016.02.24-23.21.09:763][  0]LogTemp:Display: Loaded TP WindowsNoEditorTargetPlatform
[2016.02.24-23.21.09:805][  0]LogTemp:Display: Loaded TP WindowsServerTargetPlatform
[2016.02.24-23.21.09:856][  0]LogTemp:Display: Loaded TP WindowsTargetPlatform
[2016.02.24-23.21.09:895][  0]LogTemp:Display: Loaded TP AndroidTargetPlatform
[2016.02.24-23.21.09:933][  0]LogTemp:Display: Loaded TP Android_ASTCTargetPlatform
[2016.02.24-23.21.09:971][  0]LogTemp:Display: Loaded TP Android_ATCTargetPlatform
[2016.02.24-23.21.10:009][  0]LogTemp:Display: Loaded TP Android_DXTTargetPlatform
[2016.02.24-23.21.10:047][  0]LogTemp:Display: Loaded TP Android_ETC1TargetPlatform
[2016.02.24-23.21.10:085][  0]LogTemp:Display: Loaded TP Android_ETC2TargetPlatform
[2016.02.24-23.21.10:123][  0]LogTemp:Display: Loaded TP Android_PVRTCTargetPlatform
[2016.02.24-23.21.10:246][  0]LogTemp:Display: Loaded TP IOSTargetPlatform
[2016.02.24-23.21.10:282][  0]LogTemp:Display: Loaded TP LinuxNoEditorTargetPlatform
[2016.02.24-23.21.10:318][  0]LogTemp:Display: Loaded TP LinuxServerTargetPlatform
[2016.02.24-23.21.10:367][  0]LogTemp:Display: Loaded TP LinuxTargetPlatform
[2016.02.24-23.21.10:367][  0]LogTargetPlatformManager:Display: Building Assets For Windows
[2016.02.24-23.21.10:987][  0]LogDerivedDataCache:Display: Max Cache Size: 512 MB
[2016.02.24-23.21.11:138][  0]LogDerivedDataCache: Loaded boot cache 0.15s 53MB C:/Users/Jimmy/AppData/Local/UnrealEngine/4.8/DerivedDataCache/Boot.ddc.
[2016.02.24-23.21.11:138][  0]LogDerivedDataCache:Display: Loaded Boot cache: C:/Users/Jimmy/AppData/Local/UnrealEngine/4.8/DerivedDataCache/Boot.ddc
[2016.02.24-23.21.11:138][  0]LogDerivedDataCache: FDerivedDataBackendGraph:  Pak pak cache file ../../../../../../Users/Jimmy/git/PoliHeath/Proyecto 4.8/DerivedDataCache/DDC.ddp not found, will not use a pak cache.
[2016.02.24-23.21.11:138][  0]LogDerivedDataCache: Unable to find inner node Pak for hierarchical cache Hierarchy.
[2016.02.24-23.21.11:139][  0]LogDerivedDataCache: FDerivedDataBackendGraph:  CompressedPak pak cache file ../../../../../../Users/Jimmy/git/PoliHeath/Proyecto 4.8/DerivedDataCache/Compressed.ddp not found, will not use a pak cache.
[2016.02.24-23.21.11:139][  0]LogDerivedDataCache: Unable to find inner node CompressedPak for hierarchical cache Hierarchy.
[2016.02.24-23.21.11:516][  0]LogDerivedDataCache:Display: Pak cache opened for reading ../../../Engine/DerivedDataCache/Compressed.ddp.
[2016.02.24-23.21.11:530][  0]LogDerivedDataCache: Using Local data cache path C:/Users/Jimmy/AppData/Local/UnrealEngine/Common/DerivedDataCache: Writable
[2016.02.24-23.21.12:334][  0]LogInit: Selected Device Profile: [Windows]
[2016.02.24-23.21.12:564][  0]ImportText (ComponentSweepMultiTests): Missing closing parenthesis: (RootShapeAsset="/Engine/BasicShapes/Cube.Cube",ShapeType="TriggerCapsule",HitResult=(Time=0.50,Location=(X=-100.000015,Y=0.0,Z=100.000015),ImpactPoint=(X=-50.0,Y=0.0,Z=50.0),Normal=(X=-1.0,Y=-0.0,Z=0.0),ImpactNormal=(X=0.0,Y=0.0,Z=1.0),TraceStart=(X=-200.0,Y=0.0,Z=200.0),TraceEnd=(X=0.0,Y=0.0,Z=0.0))
[2016.02.24-23.21.12:566][  0]ImportText (LineTraceSingleByChannelTests): Missing closing parenthesis: (RootShapeAsset="/Engine/BasicShapes/Cube.Cube",HitResult=(Time=0.50,Location=(X=-100.000015,Y=0.0,Z=100.000015),ImpactPoint=(X=-50.0,Y=0.0,Z=50.0),Normal=(X=-1.0,Y=-0.0,Z=0.0),ImpactNormal=(X=0.0,Y=0.0,Z=1.0),TraceStart=(X=-200.0,Y=0.0,Z=200.0),TraceEnd=(X=0.0,Y=0.0,Z=0.0))
[2016.02.24-23.21.12:646][  0]LogMeshUtilities: No automatic mesh reduction module available
[2016.02.24-23.21.12:646][  0]LogMeshUtilities: No automatic mesh merging module available
[2016.02.24-23.21.13:565][  0]LogInit: WinSock: version 1.1 (2.2), MaxSocks=32767, MaxUdp=65467
[2016.02.24-23.21.18:090][  0]UdpMessaging: Initializing bridge on interface 0.0.0.0:0 to multicast group 230.0.0.1:6666.
[2016.02.24-23.21.19:145][  0]SourceControl: Info Source control is disabled
[2016.02.24-23.21.20:367][  0]LogObj: 26273 objects as part of root set at end of initial load.
[2016.02.24-23.21.20:367][  0]LogUObjectAllocator: 5409248 out of 0 bytes used by permanent object pool.
[2016.02.24-23.21.20:567][  0]LogEngine: Initializing Engine...
[2016.02.24-23.21.20:576][  0]LogHMD: Can't find Oculus library dev build: is proper Runtime installed? Version: 0.6.0.0
[2016.02.24-23.21.20:581][  0]LogHMD:Warning: SteamVR failed to initialize.  Error: 110
[2016.02.24-23.21.21:073][  0]LogAIModule: Creating AISystem for world NewWorld
[2016.02.24-23.21.21:089][  0]LogInit: XAudio2 using 'Speakers (Realtek High Definition Audio)' : 2 channels at 48 kHz using 32 bits per sample (channel mask 0x3)
[2016.02.24-23.21.21:135][  0]LogInit: FAudioDevice initialized.
[2016.02.24-23.21.21:217][  0]LogDerivedDataCache: Saved boot cache 0.08s 53MB C:/Users/Jimmy/AppData/Local/UnrealEngine/4.8/DerivedDataCache/Boot.ddc.
[2016.02.24-23.21.21:236][  0]LogInit: Texture streaming: Disabled
[2016.02.24-23.21.21:307][  0]LogAnalytics: Creating configured Analytics provider AnalyticsET
[2016.02.24-23.21.21:307][  0]LogAnalytics: [UEEditor.Rocket.Release] APIServer = http://et2.epicgames.com/ET2/. AppVersion = 4.8.3-2634408+++depot+UE4-Releases+4.8
[2016.02.24-23.21.21:307][  0]LogAnalytics: [UEEditor.Rocket.Release] SetUserId d27f3b9b4f30e27e25812782be8b0d8d|8dcf4c5a87044acf9d7d9b2f0991a3f0|822a412b-4e57-4804-a033-2e42d5894c6e
[2016.02.24-23.21.21:308][  0]LogAnalytics: [UEEditor.Rocket.Release] AnalyticsET::StartSession
[2016.02.24-23.21.21:380][  0]LogInit: Transaction tracking system initialized
[2016.02.24-23.21.21:759][  0]BlueprintLog: New page: Editor Load
[2016.02.24-23.21.21:839][  0]LogAssetRegistry: FAssetRegistry took 0.0113 seconds to start up
[2016.02.24-23.21.21:840][  0]LogDirectoryWatcher:Warning: Failed to begin reading directory changes for ../../../Engine/Plugins/Experimental/CharacterAI/Content/. Error: 0
[2016.02.24-23.21.23:825][  0]LogConsoleManager:Warning: Console variable 'r.VSync' wasn't set ('GameSetting' has a lower priority than 'SystemSettingsIni')
[2016.02.24-23.21.23:825][  0]LogConsoleResponse:Display: 
[2016.02.24-23.21.24:118][  0]LogCook:Display: Done creating registry. It took  0.00s.
[2016.02.24-23.21.24:856][  0]Cmd: MAP LOAD FILE="../../../../../../Users/Jimmy/git/PoliHeath/Proyecto 4.8/Content/Niveles/Menu.umap" TEMPLATE=0 SHOWPROGRESS=1 FEATURELEVEL=3
[2016.02.24-23.21.24:857][  0]LightingResults: New page: Lighting Build
[2016.02.24-23.21.24:893][  0]MapCheck: New page: Map Check
[2016.02.24-23.21.24:893][  0]LightingResults: New page: Lighting Build
[2016.02.24-23.21.24:913][  0]LogParticles: Destroying 0 GPU particle simulations for FXSystem 0x000000447D904B80
[2016.02.24-23.21.25:449][  0]LogAIModule: Creating AISystem for world Menu
[2016.02.24-23.21.25:451][  0]LogEditorServer: Finished looking for orphan Actors (0.000 secs)
[2016.02.24-23.21.25:453][  0]Cmd: MAP CHECKDEP NOCLEARLOG
[2016.02.24-23.21.25:667][  0]MapCheck: Info Map check complete: 0 Error(s), 0 Warning(s), took 213.464ms to complete.
[2016.02.24-23.21.25:668][  0]LogFileHelpers: Loading map 'Menu' took 0.811
[2016.02.24-23.21.25:903][  0]LogCollectionManager: Loaded 0 collections in 0.006249 seconds
[2016.02.24-23.21.25:924][  0]LogContentBrowser: Native class hierarchy populated in 0.0209 seconds. Added 1792 classes and 301 folders.
[2016.02.24-23.21.26:053][  0]LogContentBrowser: Native class hierarchy updated for 'WidgetCarousel' in 0.0009 seconds. Added 0 classes and 0 folders.
[2016.02.24-23.21.26:166][  0]LogContentBrowser: Native class hierarchy updated for 'AddContentDialog' in 0.0009 seconds. Added 0 classes and 0 folders.
[2016.02.24-23.21.26:216][  0]LogContentBrowser: Native class hierarchy updated for 'SceneOutliner' in 0.0009 seconds. Added 1 classes and 2 folders.
[2016.02.24-23.21.26:302][  0]LogCrashTracker: Crashtracker disabled due to settings.
[2016.02.24-23.21.26:305][  0]LogD3D11RHI: InitD3DDevice
[2016.02.24-23.21.26:311][  0]LogUObjectGlobals:Warning: Failed to find object 'Class None.'
[2016.02.24-23.21.26:334][  0]LogLoad: Full Startup: 28.02 seconds (BP compile: 0.41 seconds)
[2016.02.24-23.21.26:771][  0]SourceControl: Info # On branch master
[2016.02.24-23.21.26:771][  0]SourceControl: Info # Changes to be committed:
[2016.02.24-23.21.26:771][  0]SourceControl: Info #   (use "git reset HEAD <file>..." to unstage)
[2016.02.24-23.21.26:771][  0]SourceControl: Info #
[2016.02.24-23.21.26:771][  0]SourceControl: Info #	modified:   Proyecto 4.8/Content/Blueprints/BP_item2.uasset
[2016.02.24-23.21.26:771][  0]SourceControl: Info #	modified:   Proyecto 4.8/Content/Blueprints/BP_item3.uasset
[2016.02.24-23.21.26:771][  0]SourceControl: Info #	modified:   Proyecto 4.8/Content/Blueprints/BP_item4.uasset
[2016.02.24-23.21.26:772][  0]SourceControl: Info #	modified:   Proyecto 4.8/Content/Blueprints/BP_item5.uasset
[2016.02.24-23.21.26:772][  0]SourceControl: Info #	new file:   Proyecto 4.8/Content/Blueprints/DoorExit_1.uasset
[2016.02.24-23.21.26:772][  0]SourceControl: Info #	new file:   Proyecto 4.8/Content/Blueprints/Level_1/BP_item.uasset
[2016.02.24-23.21.26:772][  0]SourceControl: Info #	new file:   Proyecto 4.8/Content/Blueprints/Level_1/BP_item2.uasset
[2016.02.24-23.21.26:772][  0]SourceControl: Info #	new file:   Proyecto 4.8/Content/Blueprints/Level_1/BP_item3.uasset
[2016.02.24-23.21.26:772][  0]SourceControl: Info #	new file:   Proyecto 4.8/Content/Blueprints/Level_1/BP_item4.uasset
[2016.02.24-23.21.26:772][  0]SourceControl: Info #	new file:   Proyecto 4.8/Content/Blueprints/Level_1/BP_item5.uasset
[2016.02.24-23.21.26:772][  0]SourceControl: Info #	new file:   Proyecto 4.8/Content/Blueprints/Level_1/DoorExit_1.uasset
[2016.02.24-23.21.26:772][  0]SourceControl: Info #	modified:   Proyecto 4.8/Content/Blueprints/mesaPC_Sprite.uasset
[2016.02.24-23.21.26:772][  0]SourceControl: Info #	new file:   Proyecto 4.8/Content/Blueprints/puertaExit_BP.uasset
[2016.02.24-23.21.26:772][  0]SourceControl: Info #	new file:   Proyecto 4.8/Content/Blueprints/silla_Sprite.uasset
[2016.02.24-23.21.26:772][  0]SourceControl: Info #	modified:   Proyecto 4.8/Content/Niveles/Nivel_1.umap
[2016.02.24-23.21.26:772][  0]SourceControl: Info #	new file:   Proyecto 4.8/Content/Niveles/Nivel_2.umap
[2016.02.24-23.21.26:772][  0]SourceControl: Info #	new file:   Proyecto 4.8/Content/Sprites/Nivel_1/Parte4_Sprite.uasset
[2016.02.24-23.21.26:772][  0]SourceControl: Info #	new file:   Proyecto 4.8/Content/Sprites/Nivel_1/fondoSinObjetos3.uasset
[2016.02.24-23.21.26:772][  0]SourceControl: Info #	new file:   Proyecto 4.8/Content/Sprites/Nivel_1/objetoMesa.uasset
[2016.02.24-23.21.26:772][  0]SourceControl: Info #	new file:   Proyecto 4.8/Content/Sprites/Nivel_1/objetoMesa_Sprite.uasset
[2016.02.24-23.21.26:772][  0]SourceControl: Info #	new file:   Proyecto 4.8/Content/Sprites/Nivel_1/objetoSilla.uasset
[2016.02.24-23.21.26:772][  0]SourceControl: Info #	new file:   Proyecto 4.8/Content/Sprites/Nivel_1/objetoSilla_Sprite.uasset
[2016.02.24-23.21.26:773][  0]SourceControl: Info #	new file:   Proyecto 4.8/Content/Sprites/Nivel_1/parte2_1.uasset
[2016.02.24-23.21.26:773][  0]SourceControl: Info #	new file:   Proyecto 4.8/Content/Sprites/Nivel_1/parte2_1_Sprite.uasset
[2016.02.24-23.21.26:773][  0]SourceControl: Info #	deleted:    Proyecto 4.8/Content/Sprites/Nivel_1/parte4_Sprite.uasset
[2016.02.24-23.21.26:773][  0]SourceControl: Info #	new file:   Proyecto 4.8/Content/Sprites/Nivel_1/parteExit.uasset
[2016.02.24-23.21.26:773][  0]SourceControl: Info #	new file:   Proyecto 4.8/Content/Sprites/Nivel_1/parteExit_Sprite.uasset
[2016.02.24-23.21.26:773][  0]SourceControl: Info #	new file:   Proyecto 4.8/Content/Sprites/Nivel_1/puerta.uasset
[2016.02.24-23.21.26:773][  0]SourceControl: Info #	new file:   Proyecto 4.8/Content/Sprites/Nivel_1/puerta_Sprite.uasset
[2016.02.24-23.21.26:773][  0]SourceControl: Info #	new file:   Proyecto 4.8/Content/Sprites/Parte2.uasset
[2016.02.24-23.21.26:773][  0]SourceControl: Info #	new file:   Proyecto 4.8/Content/Sprites/Parte4.uasset
[2016.02.24-23.21.26:773][  0]SourceControl: Info #	deleted:    Proyecto 4.8/Content/Sprites/mesaPC.uasset
[2016.02.24-23.21.26:773][  0]SourceControl: Info #	deleted:    Proyecto 4.8/Content/Sprites/mesaPC_Sprite.uasset
[2016.02.24-23.21.26:773][  0]SourceControl: Info #	deleted:    Proyecto 4.8/Content/Sprites/objetoCable.uasset
[2016.02.24-23.21.26:773][  0]SourceControl: Info #	new file:   Proyecto 4.8/Content/Sprites/objetoMesa.uasset
[2016.02.24-23.21.26:773][  0]SourceControl: Info #	new file:   Proyecto 4.8/Content/Sprites/objetoSilla.uasset
[2016.02.24-23.21.26:773][  0]SourceControl: Info #	new file:   Proyecto 4.8/Content/Sprites/puert1.uasset
[2016.02.24-23.21.26:773][  0]SourceControl: Info #	new file:   Proyecto 4.8/Content/Sprites/puerta.uasset
[2016.02.24-23.21.26:773][  0]SourceControl: Info #	deleted:    Proyecto 4.8/Content/Sprites/silla.uasset
[2016.02.24-23.21.26:773][  0]SourceControl: Info #	deleted:    Proyecto 4.8/Content/Sprites/silla_Sprite.uasset
[2016.02.24-23.21.26:773][  0]SourceControl: Info #
[2016.02.24-23.21.26:774][  0]SourceControl: Info # Changes not staged for commit:
[2016.02.24-23.21.26:774][  0]SourceControl: Info #   (use "git add/rm <file>..." to update what will be committed)
[2016.02.24-23.21.26:774][  0]SourceControl: Info #   (use "git checkout -- <file>..." to discard changes in working directory)
[2016.02.24-23.21.26:774][  0]SourceControl: Info #
[2016.02.24-23.21.26:774][  0]SourceControl: Info #	modified:   Proyecto 4.8/Content/Blueprints/BP_item.uasset
[2016.02.24-23.21.26:774][  0]SourceControl: Info #	modified:   Proyecto 4.8/Content/Blueprints/Level_1/DoorExit_1.uasset
[2016.02.24-23.21.26:774][  0]SourceControl: Info #	modified:   Proyecto 4.8/Content/Blueprints/Player/player.uasset
[2016.02.24-23.21.26:774][  0]SourceControl: Info #	modified:   Proyecto 4.8/Content/Blueprints/silla_Sprite.uasset
[2016.02.24-23.21.26:774][  0]SourceControl: Info #	modified:   Proyecto 4.8/Content/Niveles/Menu.umap
[2016.02.24-23.21.26:774][  0]SourceControl: Info #	modified:   Proyecto 4.8/Content/Niveles/Nivel_1.umap
[2016.02.24-23.21.26:774][  0]SourceControl: Info #	deleted:    Proyecto 4.8/Content/Sprites/Nivel_1/fondoSinObjetos3.uasset
[2016.02.24-23.21.26:774][  0]SourceControl: Info #	modified:   Proyecto 4.8/Content/Sprites/Nivel_1/parte3.uasset
[2016.02.24-23.21.26:774][  0]SourceControl: Info #	modified:   Proyecto 4.8/Content/Sprites/Nivel_1/parte3_Sprite.uasset
[2016.02.24-23.21.26:774][  0]SourceControl: Info #	modified:   Proyecto 4.8/Content/Sprites/Nivel_1/parte4.uasset
[2016.02.24-23.21.26:774][  0]SourceControl: Info #	modified:   Proyecto 4.8/Content/Sprites/Nivel_1/parteExit.uasset
[2016.02.24-23.21.26:774][  0]SourceControl: Info #	deleted:    Proyecto 4.8/Content/Sprites/Nivel_1/puerta.uasset
[2016.02.24-23.21.26:774][  0]SourceControl: Info #	deleted:    Proyecto 4.8/Content/Sprites/Nivel_1/puerta_Sprite.uasset
[2016.02.24-23.21.26:775][  0]SourceControl: Info #	modified:   Proyecto 4.8/Intermediate/CachedAssetRegistry.bin
[2016.02.24-23.21.26:775][  0]SourceControl: Info #	modified:   Proyecto 4.8/Saved/AutoScreenshot.png
[2016.02.24-23.21.26:775][  0]SourceControl: Info #	modified:   Proyecto 4.8/Saved/Autosaves/Game/Niveles/Nivel_1_Auto1.umap
[2016.02.24-23.21.26:775][  0]SourceControl: Info #	modified:   Proyecto 4.8/Saved/Autosaves/Game/Niveles/Nivel_1_Auto2.umap
[2016.02.24-23.21.26:775][  0]SourceControl: Info #	modified:   Proyecto 4.8/Saved/Config/Windows/Editor.ini
[2016.02.24-23.21.26:775][  0]SourceControl: Info #	modified:   Proyecto 4.8/Saved/Config/Windows/EditorPerProjectUserSettings.ini
[2016.02.24-23.21.26:775][  0]SourceControl: Info #	modified:   Proyecto 4.8/Saved/Config/Windows/Engine.ini
[2016.02.24-23.21.26:775][  0]SourceControl: Info #	modified:   Proyecto 4.8/Saved/Logs/Proyecto.log
[2016.02.24-23.21.26:775][  0]SourceControl: Info #
[2016.02.24-23.21.26:775][  0]SourceControl: Info # Untracked files:
[2016.02.24-23.21.26:775][  0]SourceControl: Info #   (use "git add <file>..." to include in what will be committed)
[2016.02.24-23.21.26:775][  0]SourceControl: Info #
[2016.02.24-23.21.26:775][  0]SourceControl: Info #	Proyecto 4.8/Saved/Autosaves/Game/Sprites/Nivel_1/Parte4_Auto1.uasset
[2016.02.24-23.21.26:775][  0]SourceControl: Info #	Proyecto 4.8/Saved/Autosaves/Game/Sprites/Nivel_1/Parte4_Sprite_Auto1.uasset
[2016.02.24-23.21.26:775][  0]SourceControl: Info #	Proyecto 4.8/Saved/Autosaves/Game/Sprites/Nivel_1/fondoSinObjetos3_Auto1.uasset
[2016.02.24-23.21.26:775][  0]SourceControl: Info #	Proyecto 4.8/Saved/Autosaves/Game/Sprites/Nivel_1/p3_Auto1.uasset
[2016.02.24-23.21.26:775][  0]SourceControl: Info #	Proyecto 4.8/Saved/Autosaves/Game/Sprites/Nivel_1/p3_Sprite_Auto1.uasset
[2016.02.24-23.21.26:775][  0]SourceControl: Info #	Proyecto 4.8/Saved/Autosaves/Game/Sprites/Nivel_1/parte2_1_Auto1.uasset
[2016.02.24-23.21.26:775][  0]SourceControl: Info #	Proyecto 4.8/Saved/Autosaves/Game/Sprites/Nivel_1/parte2_1_Sprite_Auto1.uasset
[2016.02.24-23.21.26:775][  0]SourceControl: Info #	Proyecto 4.8/Saved/Autosaves/Game/Sprites/Nivel_1/parteExit_Auto1.uasset
[2016.02.24-23.21.26:775][  0]SourceControl: Info #	Proyecto 4.8/Saved/Autosaves/Game/Sprites/Nivel_1/parteExit_Sprite_Auto1.uasset
[2016.02.24-23.21.26:776][  0]SourceControl: Info #	Proyecto 4.8/Saved/Autosaves/Game/Sprites/Parte2_Auto1.uasset
[2016.02.24-23.21.26:776][  0]SourceControl: Info #	Proyecto 4.8/Saved/Backup/BP_item2_2016-02-24-18-14-53.uasset
[2016.02.24-23.21.26:776][  0]SourceControl: Info #	Proyecto 4.8/Saved/Backup/BP_item3_2016-02-24-18-14-34.uasset
[2016.02.24-23.21.26:776][  0]SourceControl: Info #	Proyecto 4.8/Saved/Backup/BP_item4_2016-02-24-18-14-34.uasset
[2016.02.24-23.21.26:776][  0]SourceControl: Info #	Proyecto 4.8/Saved/Backup/BP_item5_2016-02-24-18-14-34.uasset
[2016.02.24-23.21.26:776][  0]SourceControl: Info #	Proyecto 4.8/Saved/Backup/BP_item_2016-02-24-17-22-38.uasset
[2016.02.24-23.21.26:776][  0]SourceControl: Info #	Proyecto 4.8/Saved/Backup/DoorExit_1_2016-02-24-17-37-51.uasset
[2016.02.24-23.21.26:776][  0]SourceControl: Info #	Proyecto 4.8/Saved/Backup/DoorExit_1_2016-02-24-18-15-48.uasset
[2016.02.24-23.21.26:776][  0]SourceControl: Info #	Proyecto 4.8/Saved/Backup/Menu_2016-02-24-17-21-59.umap
[2016.02.24-23.21.26:776][  0]SourceControl: Info #	Proyecto 4.8/Saved/Backup/Nivel_1_2016-02-24-16-58-25.umap
[2016.02.24-23.21.26:776][  0]SourceControl: Info #	Proyecto 4.8/Saved/Backup/Nivel_1_2016-02-24-17-11-03.umap
[2016.02.24-23.21.26:776][  0]SourceControl: Info #	Proyecto 4.8/Saved/Backup/Nivel_1_2016-02-24-17-17-56.umap
[2016.02.24-23.21.26:776][  0]SourceControl: Info #	Proyecto 4.8/Saved/Backup/Nivel_1_2016-02-24-17-47-39.umap
[2016.02.24-23.21.26:776][  0]SourceControl: Info #	Proyecto 4.8/Saved/Backup/Nivel_1_2016-02-24-17-57-40.umap
[2016.02.24-23.21.26:776][  0]SourceControl: Info #	Proyecto 4.8/Saved/Backup/Nivel_1_2016-02-24-18-04-28.umap
[2016.02.24-23.21.26:776][  0]SourceControl: Info #	Proyecto 4.8/Saved/Backup/Nivel_1_2016-02-24-18-10-22.umap
[2016.02.24-23.21.26:776][  0]SourceControl: Info #	Proyecto 4.8/Saved/Backup/Nivel_1_2016-02-24-18-15-49.umap
[2016.02.24-23.21.26:776][  0]SourceControl: Info #	Proyecto 4.8/Saved/Backup/Parte4_2016-02-24-17-39-02.uasset
[2016.02.24-23.21.26:776][  0]SourceControl: Info #	Proyecto 4.8/Saved/Backup/Parte4_2016-02-24-17-47-39.uasset
[2016.02.24-23.21.26:776][  0]SourceControl: Info #	Proyecto 4.8/Saved/Backup/Parte4_2016-02-24-18-04-37.uasset
[2016.02.24-23.21.26:776][  0]SourceControl: Info #	Proyecto 4.8/Saved/Backup/mesaPC_Sprite_2016-02-24-17-14-05.uasset
[2016.02.24-23.21.26:777][  0]SourceControl: Info #	Proyecto 4.8/Saved/Backup/mesaPC_Sprite_2016-02-24-18-15-48.uasset
[2016.02.24-23.21.26:777][  0]SourceControl: Info #	Proyecto 4.8/Saved/Backup/parte3_2016-02-24-17-40-37.uasset
[2016.02.24-23.21.26:777][  0]SourceControl: Info #	Proyecto 4.8/Saved/Backup/parte3_Sprite_2016-02-24-17-40-26.uasset
[2016.02.24-23.21.26:777][  0]SourceControl: Info #	Proyecto 4.8/Saved/Backup/parte4_2016-02-24-17-11-03.uasset
[2016.02.24-23.21.26:777][  0]SourceControl: Info #	Proyecto 4.8/Saved/Backup/parteExit_2016-02-24-17-47-39.uasset
[2016.02.24-23.21.26:777][  0]SourceControl: Info #	Proyecto 4.8/Saved/Backup/parteExit_2016-02-24-18-04-38.uasset
[2016.02.24-23.21.26:777][  0]SourceControl: Info #	Proyecto 4.8/Saved/Backup/player_2016-02-24-18-11-47.uasset
[2016.02.24-23.21.26:777][  0]SourceControl: Info #	Proyecto 4.8/Saved/Backup/silla_Sprite_2016-02-24-18-18-47.uasset
[2016.02.24-23.21.26:777][  0]SourceControl: Info #	Proyecto 4.8/Saved/Logs/Proyecto-backup-2016.02.24-16.36.50.log
[2016.02.24-23.21.26:777][  0]SourceControl: Info #	Proyecto 4.8/Saved/Logs/Proyecto-backup-2016.02.24-17.26.00.log
[2016.02.24-23.21.26:777][  0]SourceControl: Info #	Proyecto 4.8/Saved/Logs/Proyecto-backup-2016.02.24-18.16.16.log
[2016.02.24-23.21.26:777][  0]SourceControl: Info #	Proyecto 4.8/Saved/Logs/Proyecto-backup-2016.02.24-18.21.04.log
[2016.02.24-23.21.26:777][  0]LogContentStreaming: Texture pool size is 0.000000MB
[2016.02.24-23.21.26:832][  0]LogContentStreaming: Texture pool size now 1000 MB
[2016.02.24-23.21.27:409][  0]LogRenderer: Reallocating scene render targets to support 1208x576 (Frame:2).
[2016.02.24-23.21.27:636][  2]LogD3D11RHI: InitD3DDevice
[2016.02.24-23.21.31:003][ 13]LogAssetRegistry: Asset discovery search completed in 9.1757 seconds
[2016.02.24-23.21.36:313][403]LogD3D11RHI: InitD3DDevice
[2016.02.24-23.21.36:367][403]LogD3D11RHI: InitD3DDevice
[2016.02.24-23.21.36:895][403]LogLinker:Warning: Asset '../../../Engine/Content/ArtTools/RenderToTexture/Macros/RenderToTextureMacros.uasset' has been saved with empty engine version. The asset will be loaded but may be incompatible.
[2016.02.24-23.21.37:066][403]LogLinker:Warning: Asset '../../../Engine/Content/ArtTools/RenderToTexture/Enums/RenderToTexture_Enum.uasset' has been saved with empty engine version. The asset will be loaded but may be incompatible.
[2016.02.24-23.21.39:465][403]LogPackageName: SearchForPackageOnDisk took   0.178s to resolve Nivel_2.umap
[2016.02.24-23.21.39:465][403]LogScript:Warning: Accessed None 'CallFunc_GetPlayerController_ReturnValue'
	puertaExit_BP_C /Engine/Transient.World_1:PersistentLevel.puertaExit_BP_C_0
	Function /Game/Blueprints/puertaExit_BP.puertaExit_BP_C:ExecuteUbergraph_puertaExit_BP:0047
[2016.02.24-23.21.49:753][837]LogD3D11RHI: InitD3DDevice
[2016.02.24-23.21.51:610][921]LogD3D11RHI: InitD3DDevice
[2016.02.24-23.21.56:919][334]LogD3D11RHI: InitD3DDevice
[2016.02.24-23.21.59:954][616]LogD3D11RHI: InitD3DDevice
[2016.02.24-23.22.00:874][700]LogD3D11RHI: InitD3DDevice
[2016.02.24-23.22.01:204][700]SourceControl: Info # On branch master
[2016.02.24-23.22.01:205][700]SourceControl: Info # Changes to be committed:
[2016.02.24-23.22.01:205][700]SourceControl: Info #   (use "git reset HEAD <file>..." to unstage)
[2016.02.24-23.22.01:205][700]SourceControl: Info #
[2016.02.24-23.22.01:205][700]SourceControl: Info #	modified:   Proyecto 4.8/Content/Blueprints/BP_item2.uasset
[2016.02.24-23.22.01:205][700]SourceControl: Info #	modified:   Proyecto 4.8/Content/Blueprints/BP_item3.uasset
[2016.02.24-23.22.01:205][700]SourceControl: Info #	modified:   Proyecto 4.8/Content/Blueprints/BP_item4.uasset
[2016.02.24-23.22.01:205][700]SourceControl: Info #	modified:   Proyecto 4.8/Content/Blueprints/BP_item5.uasset
[2016.02.24-23.22.01:205][700]SourceControl: Info #	new file:   Proyecto 4.8/Content/Blueprints/DoorExit_1.uasset
[2016.02.24-23.22.01:205][700]SourceControl: Info #	new file:   Proyecto 4.8/Content/Blueprints/Level_1/BP_item.uasset
[2016.02.24-23.22.01:205][700]SourceControl: Info #	new file:   Proyecto 4.8/Content/Blueprints/Level_1/BP_item2.uasset
[2016.02.24-23.22.01:205][700]SourceControl: Info #	new file:   Proyecto 4.8/Content/Blueprints/Level_1/BP_item3.uasset
[2016.02.24-23.22.01:205][700]SourceControl: Info #	new file:   Proyecto 4.8/Content/Blueprints/Level_1/BP_item4.uasset
[2016.02.24-23.22.01:205][700]SourceControl: Info #	new file:   Proyecto 4.8/Content/Blueprints/Level_1/BP_item5.uasset
[2016.02.24-23.22.01:205][700]SourceControl: Info #	new file:   Proyecto 4.8/Content/Blueprints/Level_1/DoorExit_1.uasset
[2016.02.24-23.22.01:205][700]SourceControl: Info #	modified:   Proyecto 4.8/Content/Blueprints/mesaPC_Sprite.uasset
[2016.02.24-23.22.01:205][700]SourceControl: Info #	new file:   Proyecto 4.8/Content/Blueprints/puertaExit_BP.uasset
[2016.02.24-23.22.01:205][700]SourceControl: Info #	new file:   Proyecto 4.8/Content/Blueprints/silla_Sprite.uasset
[2016.02.24-23.22.01:205][700]SourceControl: Info #	modified:   Proyecto 4.8/Content/Niveles/Nivel_1.umap
[2016.02.24-23.22.01:205][700]SourceControl: Info #	new file:   Proyecto 4.8/Content/Niveles/Nivel_2.umap
[2016.02.24-23.22.01:205][700]SourceControl: Info #	new file:   Proyecto 4.8/Content/Sprites/Nivel_1/Parte4_Sprite.uasset
[2016.02.24-23.22.01:205][700]SourceControl: Info #	new file:   Proyecto 4.8/Content/Sprites/Nivel_1/fondoSinObjetos3.uasset
[2016.02.24-23.22.01:205][700]SourceControl: Info #	new file:   Proyecto 4.8/Content/Sprites/Nivel_1/objetoMesa.uasset
[2016.02.24-23.22.01:206][700]SourceControl: Info #	new file:   Proyecto 4.8/Content/Sprites/Nivel_1/objetoMesa_Sprite.uasset
[2016.02.24-23.22.01:206][700]SourceControl: Info #	new file:   Proyecto 4.8/Content/Sprites/Nivel_1/objetoSilla.uasset
[2016.02.24-23.22.01:206][700]SourceControl: Info #	new file:   Proyecto 4.8/Content/Sprites/Nivel_1/objetoSilla_Sprite.uasset
[2016.02.24-23.22.01:206][700]SourceControl: Info #	new file:   Proyecto 4.8/Content/Sprites/Nivel_1/parte2_1.uasset
[2016.02.24-23.22.01:206][700]SourceControl: Info #	new file:   Proyecto 4.8/Content/Sprites/Nivel_1/parte2_1_Sprite.uasset
[2016.02.24-23.22.01:206][700]SourceControl: Info #	deleted:    Proyecto 4.8/Content/Sprites/Nivel_1/parte4_Sprite.uasset
[2016.02.24-23.22.01:206][700]SourceControl: Info #	new file:   Proyecto 4.8/Content/Sprites/Nivel_1/parteExit.uasset
[2016.02.24-23.22.01:206][700]SourceControl: Info #	new file:   Proyecto 4.8/Content/Sprites/Nivel_1/parteExit_Sprite.uasset
[2016.02.24-23.22.01:206][700]SourceControl: Info #	new file:   Proyecto 4.8/Content/Sprites/Nivel_1/puerta.uasset
[2016.02.24-23.22.01:206][700]SourceControl: Info #	new file:   Proyecto 4.8/Content/Sprites/Nivel_1/puerta_Sprite.uasset
[2016.02.24-23.22.01:206][700]SourceControl: Info #	new file:   Proyecto 4.8/Content/Sprites/Parte2.uasset
[2016.02.24-23.22.01:206][700]SourceControl: Info #	new file:   Proyecto 4.8/Content/Sprites/Parte4.uasset
[2016.02.24-23.22.01:206][700]SourceControl: Info #	deleted:    Proyecto 4.8/Content/Sprites/mesaPC.uasset
[2016.02.24-23.22.01:206][700]SourceControl: Info #	deleted:    Proyecto 4.8/Content/Sprites/mesaPC_Sprite.uasset
[2016.02.24-23.22.01:206][700]SourceControl: Info #	deleted:    Proyecto 4.8/Content/Sprites/objetoCable.uasset
[2016.02.24-23.22.01:206][700]SourceControl: Info #	new file:   Proyecto 4.8/Content/Sprites/objetoMesa.uasset
[2016.02.24-23.22.01:206][700]SourceControl: Info #	new file:   Proyecto 4.8/Content/Sprites/objetoSilla.uasset
[2016.02.24-23.22.01:206][700]SourceControl: Info #	new file:   Proyecto 4.8/Content/Sprites/puert1.uasset
[2016.02.24-23.22.01:206][700]SourceControl: Info #	new file:   Proyecto 4.8/Content/Sprites/puerta.uasset
[2016.02.24-23.22.01:206][700]SourceControl: Info #	deleted:    Proyecto 4.8/Content/Sprites/silla.uasset
[2016.02.24-23.22.01:206][700]SourceControl: Info #	deleted:    Proyecto 4.8/Content/Sprites/silla_Sprite.uasset
[2016.02.24-23.22.01:207][700]SourceControl: Info #
[2016.02.24-23.22.01:207][700]SourceControl: Info # Changes not staged for commit:
[2016.02.24-23.22.01:207][700]SourceControl: Info #   (use "git add/rm <file>..." to update what will be committed)
[2016.02.24-23.22.01:207][700]SourceControl: Info #   (use "git checkout -- <file>..." to discard changes in working directory)
[2016.02.24-23.22.01:207][700]SourceControl: Info #
[2016.02.24-23.22.01:207][700]SourceControl: Info #	modified:   Proyecto 4.8/Content/Blueprints/BP_item.uasset
[2016.02.24-23.22.01:207][700]SourceControl: Info #	modified:   Proyecto 4.8/Content/Blueprints/Level_1/DoorExit_1.uasset
[2016.02.24-23.22.01:207][700]SourceControl: Info #	modified:   Proyecto 4.8/Content/Blueprints/Player/player.uasset
[2016.02.24-23.22.01:207][700]SourceControl: Info #	modified:   Proyecto 4.8/Content/Blueprints/silla_Sprite.uasset
[2016.02.24-23.22.01:207][700]SourceControl: Info #	modified:   Proyecto 4.8/Content/Niveles/Menu.umap
[2016.02.24-23.22.01:207][700]SourceControl: Info #	modified:   Proyecto 4.8/Content/Niveles/Nivel_1.umap
[2016.02.24-23.22.01:207][700]SourceControl: Info #	deleted:    Proyecto 4.8/Content/Sprites/Nivel_1/fondoSinObjetos3.uasset
[2016.02.24-23.22.01:207][700]SourceControl: Info #	modified:   Proyecto 4.8/Content/Sprites/Nivel_1/parte3.uasset
[2016.02.24-23.22.01:207][700]SourceControl: Info #	modified:   Proyecto 4.8/Content/Sprites/Nivel_1/parte3_Sprite.uasset
[2016.02.24-23.22.01:207][700]SourceControl: Info #	modified:   Proyecto 4.8/Content/Sprites/Nivel_1/parte4.uasset
[2016.02.24-23.22.01:207][700]SourceControl: Info #	modified:   Proyecto 4.8/Content/Sprites/Nivel_1/parteExit.uasset
[2016.02.24-23.22.01:207][700]SourceControl: Info #	deleted:    Proyecto 4.8/Content/Sprites/Nivel_1/puerta.uasset
[2016.02.24-23.22.01:207][700]SourceControl: Info #	deleted:    Proyecto 4.8/Content/Sprites/Nivel_1/puerta_Sprite.uasset
[2016.02.24-23.22.01:207][700]SourceControl: Info #	modified:   Proyecto 4.8/Intermediate/CachedAssetRegistry.bin
[2016.02.24-23.22.01:207][700]SourceControl: Info #	modified:   Proyecto 4.8/Saved/AutoScreenshot.png
[2016.02.24-23.22.01:207][700]SourceControl: Info #	modified:   Proyecto 4.8/Saved/Autosaves/Game/Niveles/Nivel_1_Auto1.umap
[2016.02.24-23.22.01:207][700]SourceControl: Info #	modified:   Proyecto 4.8/Saved/Autosaves/Game/Niveles/Nivel_1_Auto2.umap
[2016.02.24-23.22.01:208][700]SourceControl: Info #	modified:   Proyecto 4.8/Saved/Config/Windows/Editor.ini
[2016.02.24-23.22.01:208][700]SourceControl: Info #	modified:   Proyecto 4.8/Saved/Config/Windows/EditorPerProjectUserSettings.ini
[2016.02.24-23.22.01:208][700]SourceControl: Info #	modified:   Proyecto 4.8/Saved/Config/Windows/Engine.ini
[2016.02.24-23.22.01:208][700]SourceControl: Info #	modified:   Proyecto 4.8/Saved/Logs/Proyecto.log
[2016.02.24-23.22.01:208][700]SourceControl: Info #
[2016.02.24-23.22.01:208][700]SourceControl: Info # Untracked files:
[2016.02.24-23.22.01:208][700]SourceControl: Info #   (use "git add <file>..." to include in what will be committed)
[2016.02.24-23.22.01:208][700]SourceControl: Info #
[2016.02.24-23.22.01:208][700]SourceControl: Info #	Proyecto 4.8/Saved/Autosaves/Game/Sprites/Nivel_1/Parte4_Auto1.uasset
[2016.02.24-23.22.01:208][700]SourceControl: Info #	Proyecto 4.8/Saved/Autosaves/Game/Sprites/Nivel_1/Parte4_Sprite_Auto1.uasset
[2016.02.24-23.22.01:208][700]SourceControl: Info #	Proyecto 4.8/Saved/Autosaves/Game/Sprites/Nivel_1/fondoSinObjetos3_Auto1.uasset
[2016.02.24-23.22.01:208][700]SourceControl: Info #	Proyecto 4.8/Saved/Autosaves/Game/Sprites/Nivel_1/p3_Auto1.uasset
[2016.02.24-23.22.01:208][700]SourceControl: Info #	Proyecto 4.8/Saved/Autosaves/Game/Sprites/Nivel_1/p3_Sprite_Auto1.uasset
[2016.02.24-23.22.01:208][700]SourceControl: Info #	Proyecto 4.8/Saved/Autosaves/Game/Sprites/Nivel_1/parte2_1_Auto1.uasset
[2016.02.24-23.22.01:208][700]SourceControl: Info #	Proyecto 4.8/Saved/Autosaves/Game/Sprites/Nivel_1/parte2_1_Sprite_Auto1.uasset
[2016.02.24-23.22.01:208][700]SourceControl: Info #	Proyecto 4.8/Saved/Autosaves/Game/Sprites/Nivel_1/parteExit_Auto1.uasset
[2016.02.24-23.22.01:208][700]SourceControl: Info #	Proyecto 4.8/Saved/Autosaves/Game/Sprites/Nivel_1/parteExit_Sprite_Auto1.uasset
[2016.02.24-23.22.01:208][700]SourceControl: Info #	Proyecto 4.8/Saved/Autosaves/Game/Sprites/Parte2_Auto1.uasset
[2016.02.24-23.22.01:208][700]SourceControl: Info #	Proyecto 4.8/Saved/Backup/BP_item2_2016-02-24-18-14-53.uasset
[2016.02.24-23.22.01:208][700]SourceControl: Info #	Proyecto 4.8/Saved/Backup/BP_item3_2016-02-24-18-14-34.uasset
[2016.02.24-23.22.01:209][700]SourceControl: Info #	Proyecto 4.8/Saved/Backup/BP_item4_2016-02-24-18-14-34.uasset
[2016.02.24-23.22.01:209][700]SourceControl: Info #	Proyecto 4.8/Saved/Backup/BP_item5_2016-02-24-18-14-34.uasset
[2016.02.24-23.22.01:209][700]SourceControl: Info #	Proyecto 4.8/Saved/Backup/BP_item_2016-02-24-17-22-38.uasset
[2016.02.24-23.22.01:209][700]SourceControl: Info #	Proyecto 4.8/Saved/Backup/DoorExit_1_2016-02-24-17-37-51.uasset
[2016.02.24-23.22.01:209][700]SourceControl: Info #	Proyecto 4.8/Saved/Backup/DoorExit_1_2016-02-24-18-15-48.uasset
[2016.02.24-23.22.01:209][700]SourceControl: Info #	Proyecto 4.8/Saved/Backup/Menu_2016-02-24-17-21-59.umap
[2016.02.24-23.22.01:209][700]SourceControl: Info #	Proyecto 4.8/Saved/Backup/Nivel_1_2016-02-24-16-58-25.umap
[2016.02.24-23.22.01:209][700]SourceControl: Info #	Proyecto 4.8/Saved/Backup/Nivel_1_2016-02-24-17-11-03.umap
[2016.02.24-23.22.01:209][700]SourceControl: Info #	Proyecto 4.8/Saved/Backup/Nivel_1_2016-02-24-17-17-56.umap
[2016.02.24-23.22.01:209][700]SourceControl: Info #	Proyecto 4.8/Saved/Backup/Nivel_1_2016-02-24-17-47-39.umap
[2016.02.24-23.22.01:209][700]SourceControl: Info #	Proyecto 4.8/Saved/Backup/Nivel_1_2016-02-24-17-57-40.umap
[2016.02.24-23.22.01:209][700]SourceControl: Info #	Proyecto 4.8/Saved/Backup/Nivel_1_2016-02-24-18-04-28.umap
[2016.02.24-23.22.01:209][700]SourceControl: Info #	Proyecto 4.8/Saved/Backup/Nivel_1_2016-02-24-18-10-22.umap
[2016.02.24-23.22.01:209][700]SourceControl: Info #	Proyecto 4.8/Saved/Backup/Nivel_1_2016-02-24-18-15-49.umap
[2016.02.24-23.22.01:209][700]SourceControl: Info #	Proyecto 4.8/Saved/Backup/Parte4_2016-02-24-17-39-02.uasset
[2016.02.24-23.22.01:209][700]SourceControl: Info #	Proyecto 4.8/Saved/Backup/Parte4_2016-02-24-17-47-39.uasset
[2016.02.24-23.22.01:209][700]SourceControl: Info #	Proyecto 4.8/Saved/Backup/Parte4_2016-02-24-18-04-37.uasset
[2016.02.24-23.22.01:209][700]SourceControl: Info #	Proyecto 4.8/Saved/Backup/mesaPC_Sprite_2016-02-24-17-14-05.uasset
[2016.02.24-23.22.01:209][700]SourceControl: Info #	Proyecto 4.8/Saved/Backup/mesaPC_Sprite_2016-02-24-18-15-48.uasset
[2016.02.24-23.22.01:209][700]SourceControl: Info #	Proyecto 4.8/Saved/Backup/parte3_2016-02-24-17-40-37.uasset
[2016.02.24-23.22.01:209][700]SourceControl: Info #	Proyecto 4.8/Saved/Backup/parte3_Sprite_2016-02-24-17-40-26.uasset
[2016.02.24-23.22.01:209][700]SourceControl: Info #	Proyecto 4.8/Saved/Backup/parte4_2016-02-24-17-11-03.uasset
[2016.02.24-23.22.01:210][700]SourceControl: Info #	Proyecto 4.8/Saved/Backup/parteExit_2016-02-24-17-47-39.uasset
[2016.02.24-23.22.01:210][700]SourceControl: Info #	Proyecto 4.8/Saved/Backup/parteExit_2016-02-24-18-04-38.uasset
[2016.02.24-23.22.01:210][700]SourceControl: Info #	Proyecto 4.8/Saved/Backup/player_2016-02-24-18-11-47.uasset
[2016.02.24-23.22.01:210][700]SourceControl: Info #	Proyecto 4.8/Saved/Backup/silla_Sprite_2016-02-24-18-18-47.uasset
[2016.02.24-23.22.01:210][700]SourceControl: Info #	Proyecto 4.8/Saved/Logs/Proyecto-backup-2016.02.24-16.36.50.log
[2016.02.24-23.22.01:210][700]SourceControl: Info #	Proyecto 4.8/Saved/Logs/Proyecto-backup-2016.02.24-17.26.00.log
[2016.02.24-23.22.01:210][700]SourceControl: Info #	Proyecto 4.8/Saved/Logs/Proyecto-backup-2016.02.24-18.16.16.log
[2016.02.24-23.22.01:210][700]SourceControl: Info #	Proyecto 4.8/Saved/Logs/Proyecto-backup-2016.02.24-18.21.04.log
[2016.02.24-23.22.01:217][700]LogD3D11RHI: InitD3DDevice
[2016.02.24-23.22.01:289][700]LogD3D11RHI: InitD3DDevice
[2016.02.24-23.22.01:317][700]LogD3D11RHI: InitD3DDevice
[2016.02.24-23.22.01:391][700]LogD3D11RHI: InitD3DDevice
[2016.02.24-23.22.01:462][700]LogD3D11RHI: InitD3DDevice
[2016.02.24-23.22.01:992][700]LogMetaData: Removing '/Game/Blueprints/Level_1/puertaExit_BP.puertaExit_BP_C' ref from Metadata '/Game/Blueprints/puertaExit_BP.PackageMetaData'
[2016.02.24-23.22.01:992][700]LogMetaData: Removing '/Game/Blueprints/Level_1/puertaExit_BP.SKEL_puertaExit_BP_C' ref from Metadata '/Game/Blueprints/puertaExit_BP.PackageMetaData'
[2016.02.24-23.22.02:029][700]LogD3D11RHI: InitD3DDevice
[2016.02.24-23.22.02:075][700]Cmd: OBJ SAVEPACKAGE PACKAGE="/Game/Blueprints/Level_1/puertaExit_BP" FILE="../../../../../../Users/Jimmy/git/PoliHeath/Proyecto 4.8/Content/Blueprints/Level_1/puertaExit_BP.uasset" SILENT=true
[2016.02.24-23.22.02:143][700]LogSavePackage: Save=63.652435ms
[2016.02.24-23.22.02:143][700]LogSavePackage: Moving '../../../../../../Users/Jimmy/git/PoliHeath/Proyecto 4.8/Saved/puertaExit_BPB40956A84B3C7756C45D71A92065688F.tmp' to '../../../../../../Users/Jimmy/git/PoliHeath/Proyecto 4.8/Content/Blueprints/Level_1/puertaExit_BP.uasset'
[2016.02.24-23.22.02:152][700]LogD3D11RHI: InitD3DDevice
[2016.02.24-23.22.02:356][700]Cmd: OBJ SAVEPACKAGE PACKAGE="/Game/Blueprints/puertaExit_BP" FILE="../../../../../../Users/Jimmy/git/PoliHeath/Proyecto 4.8/Content/Blueprints/puertaExit_BP.uasset" SILENT=true
[2016.02.24-23.22.02:443][700]LogSavePackage: Save=6.590510ms
[2016.02.24-23.22.02:443][700]LogSavePackage: Moving '../../../../../../Users/Jimmy/git/PoliHeath/Proyecto 4.8/Saved/puertaExit_BPC06BFB1E419ED8A19E2941B2A9D88BC6.tmp' to '../../../../../../Users/Jimmy/git/PoliHeath/Proyecto 4.8/Content/Blueprints/puertaExit_BP.uasset'
[2016.02.24-23.22.02:459][700]LogD3D11RHI: InitD3DDevice
[2016.02.24-23.22.02:537][700]LogD3D11RHI: InitD3DDevice
[2016.02.24-23.22.04:783][853]LogD3D11RHI: InitD3DDevice
[2016.02.24-23.22.05:601][926]LogD3D11RHI: InitD3DDevice
[2016.02.24-23.22.06:468][  6]LogD3D11RHI: InitD3DDevice
[2016.02.24-23.22.06:754][  6]SourceControl: Info # On branch master
[2016.02.24-23.22.06:755][  6]SourceControl: Info # Changes to be committed:
[2016.02.24-23.22.06:755][  6]SourceControl: Info #   (use "git reset HEAD <file>..." to unstage)
[2016.02.24-23.22.06:755][  6]SourceControl: Info #
[2016.02.24-23.22.06:755][  6]SourceControl: Info #	modified:   Proyecto 4.8/Content/Blueprints/BP_item2.uasset
[2016.02.24-23.22.06:755][  6]SourceControl: Info #	modified:   Proyecto 4.8/Content/Blueprints/BP_item3.uasset
[2016.02.24-23.22.06:755][  6]SourceControl: Info #	modified:   Proyecto 4.8/Content/Blueprints/BP_item4.uasset
[2016.02.24-23.22.06:755][  6]SourceControl: Info #	modified:   Proyecto 4.8/Content/Blueprints/BP_item5.uasset
[2016.02.24-23.22.06:755][  6]SourceControl: Info #	new file:   Proyecto 4.8/Content/Blueprints/DoorExit_1.uasset
[2016.02.24-23.22.06:755][  6]SourceControl: Info #	new file:   Proyecto 4.8/Content/Blueprints/Level_1/BP_item.uasset
[2016.02.24-23.22.06:755][  6]SourceControl: Info #	new file:   Proyecto 4.8/Content/Blueprints/Level_1/BP_item2.uasset
[2016.02.24-23.22.06:755][  6]SourceControl: Info #	new file:   Proyecto 4.8/Content/Blueprints/Level_1/BP_item3.uasset
[2016.02.24-23.22.06:755][  6]SourceControl: Info #	new file:   Proyecto 4.8/Content/Blueprints/Level_1/BP_item4.uasset
[2016.02.24-23.22.06:755][  6]SourceControl: Info #	new file:   Proyecto 4.8/Content/Blueprints/Level_1/BP_item5.uasset
[2016.02.24-23.22.06:755][  6]SourceControl: Info #	new file:   Proyecto 4.8/Content/Blueprints/Level_1/DoorExit_1.uasset
[2016.02.24-23.22.06:755][  6]SourceControl: Info #	new file:   Proyecto 4.8/Content/Blueprints/Level_1/puertaExit_BP.uasset
[2016.02.24-23.22.06:755][  6]SourceControl: Info #	modified:   Proyecto 4.8/Content/Blueprints/mesaPC_Sprite.uasset
[2016.02.24-23.22.06:755][  6]SourceControl: Info #	new file:   Proyecto 4.8/Content/Blueprints/puertaExit_BP.uasset
[2016.02.24-23.22.06:755][  6]SourceControl: Info #	new file:   Proyecto 4.8/Content/Blueprints/silla_Sprite.uasset
[2016.02.24-23.22.06:755][  6]SourceControl: Info #	modified:   Proyecto 4.8/Content/Niveles/Nivel_1.umap
[2016.02.24-23.22.06:755][  6]SourceControl: Info #	new file:   Proyecto 4.8/Content/Niveles/Nivel_2.umap
[2016.02.24-23.22.06:755][  6]SourceControl: Info #	new file:   Proyecto 4.8/Content/Sprites/Nivel_1/Parte4_Sprite.uasset
[2016.02.24-23.22.06:756][  6]SourceControl: Info #	new file:   Proyecto 4.8/Content/Sprites/Nivel_1/fondoSinObjetos3.uasset
[2016.02.24-23.22.06:756][  6]SourceControl: Info #	new file:   Proyecto 4.8/Content/Sprites/Nivel_1/objetoMesa.uasset
[2016.02.24-23.22.06:756][  6]SourceControl: Info #	new file:   Proyecto 4.8/Content/Sprites/Nivel_1/objetoMesa_Sprite.uasset
[2016.02.24-23.22.06:756][  6]SourceControl: Info #	new file:   Proyecto 4.8/Content/Sprites/Nivel_1/objetoSilla.uasset
[2016.02.24-23.22.06:756][  6]SourceControl: Info #	new file:   Proyecto 4.8/Content/Sprites/Nivel_1/objetoSilla_Sprite.uasset
[2016.02.24-23.22.06:756][  6]SourceControl: Info #	new file:   Proyecto 4.8/Content/Sprites/Nivel_1/parte2_1.uasset
[2016.02.24-23.22.06:756][  6]SourceControl: Info #	new file:   Proyecto 4.8/Content/Sprites/Nivel_1/parte2_1_Sprite.uasset
[2016.02.24-23.22.06:756][  6]SourceControl: Info #	deleted:    Proyecto 4.8/Content/Sprites/Nivel_1/parte4_Sprite.uasset
[2016.02.24-23.22.06:756][  6]SourceControl: Info #	new file:   Proyecto 4.8/Content/Sprites/Nivel_1/parteExit.uasset
[2016.02.24-23.22.06:756][  6]SourceControl: Info #	new file:   Proyecto 4.8/Content/Sprites/Nivel_1/parteExit_Sprite.uasset
[2016.02.24-23.22.06:756][  6]SourceControl: Info #	new file:   Proyecto 4.8/Content/Sprites/Nivel_1/puerta.uasset
[2016.02.24-23.22.06:756][  6]SourceControl: Info #	new file:   Proyecto 4.8/Content/Sprites/Nivel_1/puerta_Sprite.uasset
[2016.02.24-23.22.06:756][  6]SourceControl: Info #	new file:   Proyecto 4.8/Content/Sprites/Parte2.uasset
[2016.02.24-23.22.06:756][  6]SourceControl: Info #	new file:   Proyecto 4.8/Content/Sprites/Parte4.uasset
[2016.02.24-23.22.06:756][  6]SourceControl: Info #	deleted:    Proyecto 4.8/Content/Sprites/mesaPC.uasset
[2016.02.24-23.22.06:756][  6]SourceControl: Info #	deleted:    Proyecto 4.8/Content/Sprites/mesaPC_Sprite.uasset
[2016.02.24-23.22.06:756][  6]SourceControl: Info #	deleted:    Proyecto 4.8/Content/Sprites/objetoCable.uasset
[2016.02.24-23.22.06:756][  6]SourceControl: Info #	new file:   Proyecto 4.8/Content/Sprites/objetoMesa.uasset
[2016.02.24-23.22.06:756][  6]SourceControl: Info #	new file:   Proyecto 4.8/Content/Sprites/objetoSilla.uasset
[2016.02.24-23.22.06:756][  6]SourceControl: Info #	new file:   Proyecto 4.8/Content/Sprites/puert1.uasset
[2016.02.24-23.22.06:756][  6]SourceControl: Info #	new file:   Proyecto 4.8/Content/Sprites/puerta.uasset
[2016.02.24-23.22.06:757][  6]SourceControl: Info #	deleted:    Proyecto 4.8/Content/Sprites/silla.uasset
[2016.02.24-23.22.06:757][  6]SourceControl: Info #	deleted:    Proyecto 4.8/Content/Sprites/silla_Sprite.uasset
[2016.02.24-23.22.06:757][  6]SourceControl: Info #
[2016.02.24-23.22.06:757][  6]SourceControl: Info # Changes not staged for commit:
[2016.02.24-23.22.06:757][  6]SourceControl: Info #   (use "git add/rm <file>..." to update what will be committed)
[2016.02.24-23.22.06:757][  6]SourceControl: Info #   (use "git checkout -- <file>..." to discard changes in working directory)
[2016.02.24-23.22.06:757][  6]SourceControl: Info #
[2016.02.24-23.22.06:757][  6]SourceControl: Info #	modified:   Proyecto 4.8/Content/Blueprints/BP_item.uasset
[2016.02.24-23.22.06:757][  6]SourceControl: Info #	modified:   Proyecto 4.8/Content/Blueprints/Level_1/DoorExit_1.uasset
[2016.02.24-23.22.06:757][  6]SourceControl: Info #	modified:   Proyecto 4.8/Content/Blueprints/Player/player.uasset
[2016.02.24-23.22.06:757][  6]SourceControl: Info #	modified:   Proyecto 4.8/Content/Blueprints/silla_Sprite.uasset
[2016.02.24-23.22.06:757][  6]SourceControl: Info #	modified:   Proyecto 4.8/Content/Niveles/Menu.umap
[2016.02.24-23.22.06:757][  6]SourceControl: Info #	modified:   Proyecto 4.8/Content/Niveles/Nivel_1.umap
[2016.02.24-23.22.06:757][  6]SourceControl: Info #	deleted:    Proyecto 4.8/Content/Sprites/Nivel_1/fondoSinObjetos3.uasset
[2016.02.24-23.22.06:757][  6]SourceControl: Info #	modified:   Proyecto 4.8/Content/Sprites/Nivel_1/parte3.uasset
[2016.02.24-23.22.06:757][  6]SourceControl: Info #	modified:   Proyecto 4.8/Content/Sprites/Nivel_1/parte3_Sprite.uasset
[2016.02.24-23.22.06:757][  6]SourceControl: Info #	modified:   Proyecto 4.8/Content/Sprites/Nivel_1/parte4.uasset
[2016.02.24-23.22.06:757][  6]SourceControl: Info #	modified:   Proyecto 4.8/Content/Sprites/Nivel_1/parteExit.uasset
[2016.02.24-23.22.06:757][  6]SourceControl: Info #	deleted:    Proyecto 4.8/Content/Sprites/Nivel_1/puerta.uasset
[2016.02.24-23.22.06:757][  6]SourceControl: Info #	deleted:    Proyecto 4.8/Content/Sprites/Nivel_1/puerta_Sprite.uasset
[2016.02.24-23.22.06:757][  6]SourceControl: Info #	modified:   Proyecto 4.8/Intermediate/CachedAssetRegistry.bin
[2016.02.24-23.22.06:757][  6]SourceControl: Info #	modified:   Proyecto 4.8/Saved/AutoScreenshot.png
[2016.02.24-23.22.06:757][  6]SourceControl: Info #	modified:   Proyecto 4.8/Saved/Autosaves/Game/Niveles/Nivel_1_Auto1.umap
[2016.02.24-23.22.06:758][  6]SourceControl: Info #	modified:   Proyecto 4.8/Saved/Autosaves/Game/Niveles/Nivel_1_Auto2.umap
[2016.02.24-23.22.06:758][  6]SourceControl: Info #	modified:   Proyecto 4.8/Saved/Autosaves/PackageRestoreData.json
[2016.02.24-23.22.06:758][  6]SourceControl: Info #	modified:   Proyecto 4.8/Saved/Config/Windows/Editor.ini
[2016.02.24-23.22.06:758][  6]SourceControl: Info #	modified:   Proyecto 4.8/Saved/Config/Windows/EditorPerProjectUserSettings.ini
[2016.02.24-23.22.06:758][  6]SourceControl: Info #	modified:   Proyecto 4.8/Saved/Config/Windows/Engine.ini
[2016.02.24-23.22.06:758][  6]SourceControl: Info #	modified:   Proyecto 4.8/Saved/Logs/Proyecto.log
[2016.02.24-23.22.06:758][  6]SourceControl: Info #
[2016.02.24-23.22.06:758][  6]SourceControl: Info # Untracked files:
[2016.02.24-23.22.06:758][  6]SourceControl: Info #   (use "git add <file>..." to include in what will be committed)
[2016.02.24-23.22.06:758][  6]SourceControl: Info #
[2016.02.24-23.22.06:758][  6]SourceControl: Info #	Proyecto 4.8/Saved/Autosaves/Game/Sprites/Nivel_1/Parte4_Auto1.uasset
[2016.02.24-23.22.06:758][  6]SourceControl: Info #	Proyecto 4.8/Saved/Autosaves/Game/Sprites/Nivel_1/Parte4_Sprite_Auto1.uasset
[2016.02.24-23.22.06:758][  6]SourceControl: Info #	Proyecto 4.8/Saved/Autosaves/Game/Sprites/Nivel_1/fondoSinObjetos3_Auto1.uasset
[2016.02.24-23.22.06:758][  6]SourceControl: Info #	Proyecto 4.8/Saved/Autosaves/Game/Sprites/Nivel_1/p3_Auto1.uasset
[2016.02.24-23.22.06:758][  6]SourceControl: Info #	Proyecto 4.8/Saved/Autosaves/Game/Sprites/Nivel_1/p3_Sprite_Auto1.uasset
[2016.02.24-23.22.06:758][  6]SourceControl: Info #	Proyecto 4.8/Saved/Autosaves/Game/Sprites/Nivel_1/parte2_1_Auto1.uasset
[2016.02.24-23.22.06:758][  6]SourceControl: Info #	Proyecto 4.8/Saved/Autosaves/Game/Sprites/Nivel_1/parte2_1_Sprite_Auto1.uasset
[2016.02.24-23.22.06:758][  6]SourceControl: Info #	Proyecto 4.8/Saved/Autosaves/Game/Sprites/Nivel_1/parteExit_Auto1.uasset
[2016.02.24-23.22.06:758][  6]SourceControl: Info #	Proyecto 4.8/Saved/Autosaves/Game/Sprites/Nivel_1/parteExit_Sprite_Auto1.uasset
[2016.02.24-23.22.06:758][  6]SourceControl: Info #	Proyecto 4.8/Saved/Autosaves/Game/Sprites/Parte2_Auto1.uasset
[2016.02.24-23.22.06:758][  6]SourceControl: Info #	Proyecto 4.8/Saved/Backup/BP_item2_2016-02-24-18-14-53.uasset
[2016.02.24-23.22.06:758][  6]SourceControl: Info #	Proyecto 4.8/Saved/Backup/BP_item3_2016-02-24-18-14-34.uasset
[2016.02.24-23.22.06:759][  6]SourceControl: Info #	Proyecto 4.8/Saved/Backup/BP_item4_2016-02-24-18-14-34.uasset
[2016.02.24-23.22.06:759][  6]SourceControl: Info #	Proyecto 4.8/Saved/Backup/BP_item5_2016-02-24-18-14-34.uasset
[2016.02.24-23.22.06:759][  6]SourceControl: Info #	Proyecto 4.8/Saved/Backup/BP_item_2016-02-24-17-22-38.uasset
[2016.02.24-23.22.06:759][  6]SourceControl: Info #	Proyecto 4.8/Saved/Backup/DoorExit_1_2016-02-24-17-37-51.uasset
[2016.02.24-23.22.06:759][  6]SourceControl: Info #	Proyecto 4.8/Saved/Backup/DoorExit_1_2016-02-24-18-15-48.uasset
[2016.02.24-23.22.06:759][  6]SourceControl: Info #	Proyecto 4.8/Saved/Backup/Menu_2016-02-24-17-21-59.umap
[2016.02.24-23.22.06:759][  6]SourceControl: Info #	Proyecto 4.8/Saved/Backup/Nivel_1_2016-02-24-16-58-25.umap
[2016.02.24-23.22.06:759][  6]SourceControl: Info #	Proyecto 4.8/Saved/Backup/Nivel_1_2016-02-24-17-11-03.umap
[2016.02.24-23.22.06:759][  6]SourceControl: Info #	Proyecto 4.8/Saved/Backup/Nivel_1_2016-02-24-17-17-56.umap
[2016.02.24-23.22.06:759][  6]SourceControl: Info #	Proyecto 4.8/Saved/Backup/Nivel_1_2016-02-24-17-47-39.umap
[2016.02.24-23.22.06:759][  6]SourceControl: Info #	Proyecto 4.8/Saved/Backup/Nivel_1_2016-02-24-17-57-40.umap
[2016.02.24-23.22.06:759][  6]SourceControl: Info #	Proyecto 4.8/Saved/Backup/Nivel_1_2016-02-24-18-04-28.umap
[2016.02.24-23.22.06:759][  6]SourceControl: Info #	Proyecto 4.8/Saved/Backup/Nivel_1_2016-02-24-18-10-22.umap
[2016.02.24-23.22.06:759][  6]SourceControl: Info #	Proyecto 4.8/Saved/Backup/Nivel_1_2016-02-24-18-15-49.umap
[2016.02.24-23.22.06:759][  6]SourceControl: Info #	Proyecto 4.8/Saved/Backup/Parte4_2016-02-24-17-39-02.uasset
[2016.02.24-23.22.06:759][  6]SourceControl: Info #	Proyecto 4.8/Saved/Backup/Parte4_2016-02-24-17-47-39.uasset
[2016.02.24-23.22.06:759][  6]SourceControl: Info #	Proyecto 4.8/Saved/Backup/Parte4_2016-02-24-18-04-37.uasset
[2016.02.24-23.22.06:759][  6]SourceControl: Info #	Proyecto 4.8/Saved/Backup/mesaPC_Sprite_2016-02-24-17-14-05.uasset
[2016.02.24-23.22.06:759][  6]SourceControl: Info #	Proyecto 4.8/Saved/Backup/mesaPC_Sprite_2016-02-24-18-15-48.uasset
[2016.02.24-23.22.06:759][  6]SourceControl: Info #	Proyecto 4.8/Saved/Backup/parte3_2016-02-24-17-40-37.uasset
[2016.02.24-23.22.06:759][  6]SourceControl: Info #	Proyecto 4.8/Saved/Backup/parte3_Sprite_2016-02-24-17-40-26.uasset
[2016.02.24-23.22.06:759][  6]SourceControl: Info #	Proyecto 4.8/Saved/Backup/parte4_2016-02-24-17-11-03.uasset
[2016.02.24-23.22.06:759][  6]SourceControl: Info #	Proyecto 4.8/Saved/Backup/parteExit_2016-02-24-17-47-39.uasset
[2016.02.24-23.22.06:760][  6]SourceControl: Info #	Proyecto 4.8/Saved/Backup/parteExit_2016-02-24-18-04-38.uasset
[2016.02.24-23.22.06:760][  6]SourceControl: Info #	Proyecto 4.8/Saved/Backup/player_2016-02-24-18-11-47.uasset
[2016.02.24-23.22.06:760][  6]SourceControl: Info #	Proyecto 4.8/Saved/Backup/puertaExit_BP_2016-02-24-18-22-02.uasset
[2016.02.24-23.22.06:760][  6]SourceControl: Info #	Proyecto 4.8/Saved/Backup/silla_Sprite_2016-02-24-18-18-47.uasset
[2016.02.24-23.22.06:760][  6]SourceControl: Info #	Proyecto 4.8/Saved/Logs/Proyecto-backup-2016.02.24-16.36.50.log
[2016.02.24-23.22.06:760][  6]SourceControl: Info #	Proyecto 4.8/Saved/Logs/Proyecto-backup-2016.02.24-17.26.00.log
[2016.02.24-23.22.06:760][  6]SourceControl: Info #	Proyecto 4.8/Saved/Logs/Proyecto-backup-2016.02.24-18.16.16.log
[2016.02.24-23.22.06:760][  6]SourceControl: Info #	Proyecto 4.8/Saved/Logs/Proyecto-backup-2016.02.24-18.21.04.log
[2016.02.24-23.22.06:766][  6]LogD3D11RHI: InitD3DDevice
[2016.02.24-23.22.06:840][  6]LogD3D11RHI: InitD3DDevice
[2016.02.24-23.22.06:866][  6]LogD3D11RHI: InitD3DDevice
[2016.02.24-23.22.06:941][  6]LogD3D11RHI: InitD3DDevice
[2016.02.24-23.22.07:015][  6]LogD3D11RHI: InitD3DDevice
[2016.02.24-23.22.07:078][  6]LogD3D11RHI: InitD3DDevice
[2016.02.24-23.22.07:122][  6]Cmd: OBJ SAVEPACKAGE PACKAGE="/Game/Sprites/Nivel_1/puerta" FILE="../../../../../../Users/Jimmy/git/PoliHeath/Proyecto 4.8/Content/Sprites/Nivel_1/puerta.uasset" SILENT=true
[2016.02.24-23.22.07:139][  6]LogSavePackage: Save=8.387690ms
[2016.02.24-23.22.07:139][  6]LogSavePackage: Moving '../../../../../../Users/Jimmy/git/PoliHeath/Proyecto 4.8/Saved/puerta62A71D05471A9E935B68BC80F4713423.tmp' to '../../../../../../Users/Jimmy/git/PoliHeath/Proyecto 4.8/Content/Sprites/Nivel_1/puerta.uasset'
[2016.02.24-23.22.07:150][  6]LogD3D11RHI: InitD3DDevice
[2016.02.24-23.22.07:312][  6]Cmd: OBJ SAVEPACKAGE PACKAGE="/Game/Sprites/puerta" FILE="../../../../../../Users/Jimmy/git/PoliHeath/Proyecto 4.8/Content/Sprites/puerta.uasset" SILENT=true
[2016.02.24-23.22.07:396][  6]LogSavePackage: Save=3.861607ms
[2016.02.24-23.22.07:396][  6]LogSavePackage: Moving '../../../../../../Users/Jimmy/git/PoliHeath/Proyecto 4.8/Saved/puerta95BA3308485DB8CA985BE5B6B8415715.tmp' to '../../../../../../Users/Jimmy/git/PoliHeath/Proyecto 4.8/Content/Sprites/puerta.uasset'
[2016.02.24-23.22.07:409][  6]LogD3D11RHI: InitD3DDevice
[2016.02.24-23.22.07:488][  6]LogD3D11RHI: InitD3DDevice
[2016.02.24-23.22.10:255][202]LogD3D11RHI: InitD3DDevice
[2016.02.24-23.22.10:571][222]LogD3D11RHI: InitD3DDevice
[2016.02.24-23.22.12:200][341]LogD3D11RHI: InitD3DDevice
[2016.02.24-23.22.14:392][504]LogD3D11RHI: InitD3DDevice
[2016.02.24-23.22.14:600][516]LogD3D11RHI: InitD3DDevice
[2016.02.24-23.22.14:684][520]LogD3D11RHI: InitD3DDevice
[2016.02.24-23.22.15:729][594]LogD3D11RHI: InitD3DDevice
[2016.02.24-23.22.17:740][744]LogD3D11RHI: InitD3DDevice
[2016.02.24-23.22.17:806][747]LogD3D11RHI: InitD3DDevice
[2016.02.24-23.22.19:560][877]LogD3D11RHI: InitD3DDevice
[2016.02.24-23.22.20:465][945]LogD3D11RHI: InitD3DDevice
[2016.02.24-23.22.30:187][669]LogRenderer: Reallocating scene render targets to support 1208x712 (Frame:2036).
[2016.02.24-23.22.35:722][ 13]LogD3D11RHI: InitD3DDevice
[2016.02.24-23.22.44:503][553]LogD3D11RHI: InitD3DDevice
[2016.02.24-23.22.45:689][634]LogD3D11RHI: InitD3DDevice
[2016.02.24-23.23.17:619][677]BlueprintLog: New page: Compile puertaExit_BP
[2016.02.24-23.23.17:920][677]BlueprintEditorCompileResults: Info [0139.60] Compile of puertaExit_BP successful! [in 300 ms]
[2016.02.24-23.23.18:502][710]LogD3D11RHI: InitD3DDevice
[2016.02.24-23.23.18:575][710]LogD3D11RHI: InitD3DDevice
[2016.02.24-23.23.18:607][710]Cmd: OBJ SAVEPACKAGE PACKAGE="/Game/Blueprints/Level_1/puertaExit_BP" FILE="../../../../../../Users/Jimmy/git/PoliHeath/Proyecto 4.8/Content/Blueprints/Level_1/puertaExit_BP.uasset" SILENT=true
[2016.02.24-23.23.18:734][710]LogSavePackage: Save=50.840244ms
[2016.02.24-23.23.18:734][710]LogSavePackage: Moving '../../../../../../Users/Jimmy/git/PoliHeath/Proyecto 4.8/Saved/puertaExit_BP4C6C4E7F479643B0B78FDC98AE3DAD56.tmp' to '../../../../../../Users/Jimmy/git/PoliHeath/Proyecto 4.8/Content/Blueprints/Level_1/puertaExit_BP.uasset'
[2016.02.24-23.23.30:053][628]LogD3D11RHI: InitD3DDevice
[2016.02.24-23.23.35:233][628]LogAIModule: Creating AISystem for world Nivel_1
[2016.02.24-23.23.36:084][628]LogD3D11RHI: InitD3DDevice
[2016.02.24-23.23.38:075][628]LogD3D11RHI: InitD3DDevice
[2016.02.24-23.23.38:164][628]Cmd: OBJ SAVEPACKAGE PACKAGE="/Game/Sprites/Nivel_1/puerta" FILE="../../../../../../Users/Jimmy/git/PoliHeath/Proyecto 4.8/Content/Sprites/Nivel_1/puerta.uasset" SILENT=true
[2016.02.24-23.23.38:249][628]LogSavePackage: Save=7.921647ms
[2016.02.24-23.23.38:249][628]LogSavePackage: Moving '../../../../../../Users/Jimmy/git/PoliHeath/Proyecto 4.8/Saved/puerta8BEA9CEF4BB89C453D0467AA2DD82A7D.tmp' to '../../../../../../Users/Jimmy/git/PoliHeath/Proyecto 4.8/Content/Sprites/Nivel_1/puerta.uasset'
[2016.02.24-23.23.38:300][628]Cmd: OBJ SAVEPACKAGE PACKAGE="/Game/Sprites/Nivel_1/puerta_Sprite" FILE="../../../../../../Users/Jimmy/git/PoliHeath/Proyecto 4.8/Content/Sprites/Nivel_1/puerta_Sprite.uasset" SILENT=true
[2016.02.24-23.23.38:319][628]LogSavePackage: Save=14.439337ms
[2016.02.24-23.23.38:319][628]LogSavePackage: Moving '../../../../../../Users/Jimmy/git/PoliHeath/Proyecto 4.8/Saved/puerta_Sprite994ECD4847A471219A6D208A4DCC22EE.tmp' to '../../../../../../Users/Jimmy/git/PoliHeath/Proyecto 4.8/Content/Sprites/Nivel_1/puerta_Sprite.uasset'
[2016.02.24-23.23.38:330][628]LogD3D11RHI: InitD3DDevice
[2016.02.24-23.23.38:488][628]Cmd: MAP LOAD FILE="../../../../../../Users/Jimmy/git/PoliHeath/Proyecto 4.8/Content/Niveles/Nivel_1.umap" TEMPLATE=0 SHOWPROGRESS=1 FEATURELEVEL=3
[2016.02.24-23.23.38:489][628]LightingResults: New page: Lighting Build
[2016.02.24-23.23.38:552][628]LoadErrors: New page: Loading map: Nivel_1.umap
[2016.02.24-23.23.38:553][628]MapCheck: New page: Map Check
[2016.02.24-23.23.38:553][628]LightingResults: New page: Lighting Build
[2016.02.24-23.23.38:594][628]LogParticles: Destroying 0 GPU particle simulations for FXSystem 0x00000044735D0540
[2016.02.24-23.23.38:595][628]LogParticles: Destroying 0 GPU particle simulations for FXSystem 0x0000004470F1BD80
[2016.02.24-23.23.38:904][628]LogAIModule: Creating AISystem for world Nivel_1
[2016.02.24-23.23.38:944][628]LogEditorServer: Finished looking for orphan Actors (0.000 secs)
[2016.02.24-23.23.39:070][628]Cmd: MAP CHECKDEP NOCLEARLOG
[2016.02.24-23.23.39:281][628]MapCheck: Info Map check complete: 0 Error(s), 0 Warning(s), took 210.897ms to complete.
[2016.02.24-23.23.39:282][628]LogFileHelpers: Loading map 'Nivel_1' took 0.797
[2016.02.24-23.23.46:345][154]LogEditorViewport: Clicking Background
[2016.02.24-23.23.46:930][199]LogEditorViewport: Clicking on Actor (LMB): mesaPC_Sprite_C (Door_Sprite)
[2016.02.24-23.23.49:003][324]Cmd: DELETE
[2016.02.24-23.23.49:003][324]Cmd: ACTOR DELETE
[2016.02.24-23.23.49:012][324]LogEditorActor: Deleted Actor: mesaPC_Sprite_C
[2016.02.24-23.23.49:115][324]LogEditorActor: Deleted 1 Actors (0.111 secs)
[2016.02.24-23.23.50:452][428]LogEditorViewport: Clicking on Actor (LMB): PaperSpriteActor (puerta_Sprite)
[2016.02.24-23.23.54:407][652]Cmd: DELETE
[2016.02.24-23.23.54:407][652]Cmd: ACTOR DELETE
[2016.02.24-23.23.54:408][652]LogEditorActor: Deleted Actor: PaperSpriteActor
[2016.02.24-23.23.54:503][652]LogEditorActor: Deleted 1 Actors (0.096 secs)
[2016.02.24-23.23.55:644][737]LogD3D11RHI: InitD3DDevice
[2016.02.24-23.23.58:603][902]LogEditorViewport: Clicking Background
[2016.02.24-23.24.07:500][484]LogD3D11RHI: InitD3DDevice
[2016.02.24-23.24.10:491][667]LogD3D11RHI: InitD3DDevice
[2016.02.24-23.24.13:932][838]LogEditorViewport: Clicking on Actor (LMB): PaperSpriteActor (Parte2_Sprite2)
[2016.02.24-23.24.17:614][ 25]LogEditorViewport: Clicking on Actor (LMB): PaperSpriteActor (parteExit_Sprite)
[2016.02.24-23.24.28:266][578]LogEditorViewport: Clicking Background
[2016.02.24-23.24.28:892][621]LogEditorViewport: Clicking on Actor (LMB): PaperSpriteActor (parteExit_Sprite)
[2016.02.24-23.24.40:178][231]Cmd: DELETE
[2016.02.24-23.24.40:178][231]Cmd: ACTOR DELETE
[2016.02.24-23.24.40:179][231]LogEditorActor: Deleted Actor: PaperSpriteActor
[2016.02.24-23.24.40:283][231]LogEditorActor: Deleted 1 Actors (0.105 secs)
[2016.02.24-23.24.47:011][710]LogD3D11RHI: InitD3DDevice
[2016.02.24-23.24.49:120][818]Cmd: DELETE
[2016.02.24-23.24.49:120][818]Cmd: ACTOR DELETE
[2016.02.24-23.24.49:121][818]LogEditorActor: Deleted Actor: PaperSpriteActor
[2016.02.24-23.24.49:218][818]LogEditorActor: Deleted 1 Actors (0.098 secs)
[2016.02.24-23.24.54:838][ 28]LogD3D11RHI: InitD3DDevice
[2016.02.24-23.24.54:915][ 28]LogD3D11RHI: InitD3DDevice
[2016.02.24-23.24.58:268][ 28]LogD3D11RHI: InitD3DDevice
[2016.02.24-23.24.58:343][ 28]LogFactory: FactoryCreateBinary: Texture with TextureFactory (0 0 C:\Users\Jimmy\Desktop\puerta.png)
[2016.02.24-23.24.58:376][ 28]LogD3D11RHI: InitD3DDevice
[2016.02.24-23.24.59:761][ 28]LogTexture:Display: Building textures: puerta (BGRA8)
[2016.02.24-23.25.10:049][709]LogD3D11RHI: InitD3DDevice
[2016.02.24-23.25.11:343][709]LogD3D11RHI: InitD3DDevice
[2016.02.24-23.25.13:375][773]LogD3D11RHI: InitD3DDevice
[2016.02.24-23.25.14:589][773]LogD3D11RHI: InitD3DDevice
[2016.02.24-23.25.14:630][773]LogD3D11RHI: InitD3DDevice
[2016.02.24-23.25.14:650][773]LogD3D11RHI: InitD3DDevice
[2016.02.24-23.25.14:731][773]LogD3D11RHI: InitD3DDevice
[2016.02.24-23.25.14:952][773]LogD3D11RHI: InitD3DDevice
[2016.02.24-23.25.15:187][773]SourceControl:Error: Error error: pathspec 'Proyecto 4.8/Content/Sprites/Nivel_1/parteExit_Sprite.uasset' did not match any file(s) known to git.
[2016.02.24-23.25.15:193][773]LogD3D11RHI: InitD3DDevice
[2016.02.24-23.25.15:299][773]SourceControl:Error: Error fatal: pathspec 'Proyecto 4.8/Content/Sprites/Nivel_1/parteExit_Sprite.uasset' did not match any files
[2016.02.24-23.25.15:302][773]LogObjectTools:Warning: SCC failed to open '../../../../../../Users/Jimmy/git/PoliHeath/Proyecto 4.8/Content/Sprites/Nivel_1/parteExit_Sprite.uasset' for delete while saving an empty package.
[2016.02.24-23.25.27:339][428]LogD3D11RHI: InitD3DDevice
[2016.02.24-23.25.27:359][428]LogD3D11RHI: InitD3DDevice
[2016.02.24-23.25.27:428][428]LogFactory: FactoryCreateBinary: Texture with TextureFactory (0 0 C:\Users\Jimmy\Desktop\puert1.png)
[2016.02.24-23.25.27:438][428]LogTexture:Display: Building textures: puert1 (BGRA8)
[2016.02.24-23.25.30:253][610]LogD3D11RHI: InitD3DDevice
[2016.02.24-23.25.31:659][610]LogD3D11RHI: InitD3DDevice
[2016.02.24-23.25.32:032][610]LogD3D11RHI: InitD3DDevice
[2016.02.24-23.25.32:325][610]LogD3D11RHI: InitD3DDevice
[2016.02.24-23.25.32:563][610]SourceControl:Error: Error error: pathspec 'Proyecto 4.8/Content/Sprites/Nivel_1/puerta.uasset' did not match any file(s) known to git.
[2016.02.24-23.25.32:568][610]LogD3D11RHI: InitD3DDevice
[2016.02.24-23.25.32:672][610]SourceControl:Error: Error fatal: pathspec 'Proyecto 4.8/Content/Sprites/Nivel_1/puerta.uasset' did not match any files
[2016.02.24-23.25.32:673][610]LogObjectTools:Warning: SCC failed to open '../../../../../../Users/Jimmy/git/PoliHeath/Proyecto 4.8/Content/Sprites/Nivel_1/puerta.uasset' for delete while saving an empty package.
[2016.02.24-23.25.33:748][680]LogD3D11RHI: InitD3DDevice
[2016.02.24-23.25.35:178][680]LogD3D11RHI: InitD3DDevice
[2016.02.24-23.25.35:564][680]LogD3D11RHI: InitD3DDevice
[2016.02.24-23.25.35:868][680]LogD3D11RHI: InitD3DDevice
[2016.02.24-23.25.36:126][680]SourceControl:Error: Error error: pathspec 'Proyecto 4.8/Content/Sprites/Nivel_1/puerta_Sprite.uasset' did not match any file(s) known to git.
[2016.02.24-23.25.36:131][680]LogD3D11RHI: InitD3DDevice
[2016.02.24-23.25.36:240][680]SourceControl:Error: Error fatal: pathspec 'Proyecto 4.8/Content/Sprites/Nivel_1/puerta_Sprite.uasset' did not match any files
[2016.02.24-23.25.36:242][680]LogObjectTools:Warning: SCC failed to open '../../../../../../Users/Jimmy/git/PoliHeath/Proyecto 4.8/Content/Sprites/Nivel_1/puerta_Sprite.uasset' for delete while saving an empty package.
[2016.02.24-23.25.39:755][920]LogD3D11RHI: InitD3DDevice
[2016.02.24-23.25.40:794][920]LogD3D11RHI: InitD3DDevice
[2016.02.24-23.25.40:993][920]LogD3D11RHI: InitD3DDevice
[2016.02.24-23.25.41:011][920]Cmd: OBJ SAVEPACKAGE PACKAGE="/Game/Blueprints/Level_1/puertaExit_BP" FILE="../../../../../../Users/Jimmy/git/PoliHeath/Proyecto 4.8/Content/Blueprints/Level_1/puertaExit_BP.uasset" SILENT=true
[2016.02.24-23.25.41:138][920]LogSavePackage: Save=50.051247ms
[2016.02.24-23.25.41:138][920]LogSavePackage: Moving '../../../../../../Users/Jimmy/git/PoliHeath/Proyecto 4.8/Saved/puertaExit_BPD78C4032401C39E30E23C7887F333390.tmp' to '../../../../../../Users/Jimmy/git/PoliHeath/Proyecto 4.8/Content/Blueprints/Level_1/puertaExit_BP.uasset'
[2016.02.24-23.25.41:361][920]Cmd: OBJ SAVEPACKAGE PACKAGE="/Game/Niveles/Nivel_1" FILE="../../../../../../Users/Jimmy/git/PoliHeath/Proyecto 4.8/Content/Niveles/Nivel_1.umap" SILENT=true AUTOSAVING=false KEEPDIRTY=false
[2016.02.24-23.25.41:740][920]LogSavePackage: Save=226.241882ms
[2016.02.24-23.25.41:740][920]LogSavePackage: Moving '../../../../../../Users/Jimmy/git/PoliHeath/Proyecto 4.8/Saved/Nivel_19CB472744D5487744B0D6EB7A85AFAF2.tmp' to '../../../../../../Users/Jimmy/git/PoliHeath/Proyecto 4.8/Content/Niveles/Nivel_1.umap'
[2016.02.24-23.25.41:963][920]LogFileHelpers: Saving map 'Nivel_1' took 0.812
[2016.02.24-23.25.41:973][920]Cmd: OBJ SAVEPACKAGE PACKAGE="/Game/Sprites/Nivel_1/parteExit" FILE="../../../../../../Users/Jimmy/git/PoliHeath/Proyecto 4.8/Content/Sprites/Nivel_1/parteExit.uasset" SILENT=true
[2016.02.24-23.25.42:058][920]LogSavePackage: Save=3.278324ms
[2016.02.24-23.25.42:058][920]LogSavePackage: Moving '../../../../../../Users/Jimmy/git/PoliHeath/Proyecto 4.8/Saved/parteExit913EF9D24F48DF27E05A47B9CF261711.tmp' to '../../../../../../Users/Jimmy/git/PoliHeath/Proyecto 4.8/Content/Sprites/Nivel_1/parteExit.uasset'
[2016.02.24-23.25.42:092][920]Cmd: OBJ SAVEPACKAGE PACKAGE="/Game/Sprites/Nivel_1/puert1" FILE="../../../../../../Users/Jimmy/git/PoliHeath/Proyecto 4.8/Content/Sprites/Nivel_1/puert1.uasset" SILENT=true
[2016.02.24-23.25.42:120][920]LogSavePackage: Save=22.779694ms
[2016.02.24-23.25.42:120][920]LogSavePackage: Moving '../../../../../../Users/Jimmy/git/PoliHeath/Proyecto 4.8/Saved/puert11D2104094B19E84CC7A41C9DF2E4422F.tmp' to '../../../../../../Users/Jimmy/git/PoliHeath/Proyecto 4.8/Content/Sprites/Nivel_1/puert1.uasset'
[2016.02.24-23.25.42:129][920]LogD3D11RHI: InitD3DDevice
[2016.02.24-23.25.42:706][920]LogWindowsTextInputMethodSystem:Display: IME system now deactivated.
[2016.02.24-23.25.43:184][921]Cmd: QUIT_EDITOR
[2016.02.24-23.25.43:768][921]LogExit: Preparing to exit.
[2016.02.24-23.25.44:261][921]LogExit: Editor shut down
[2016.02.24-23.25.44:261][921]LogExit: Transaction tracking system shut down
[2016.02.24-23.25.44:262][921]LogParticles: Destroying 0 GPU particle simulations for FXSystem 0x0000004474A89120
[2016.02.24-23.25.44:266][921]LogParticles: Destroying 0 GPU particle simulations for FXSystem 0x00000044748B0680
[2016.02.24-23.25.44:272][921]LogParticles: Destroying 0 GPU particle simulations for FXSystem 0x000000447D460F40
[2016.02.24-23.25.44:274][921]LogParticles: Destroying 0 GPU particle simulations for FXSystem 0x00000044749C7D80
[2016.02.24-23.25.44:710][921]LogExit: Object subsystem successfully closed.
[2016.02.24-23.25.44:731][921]LogD3D11RHI: Shutdown
[2016.02.24-23.25.44:731][921]LogD3D11RHI: CleanupD3DDevice
[2016.02.24-23.25.44:826][921]LogD3D11RHI: ~FD3D11DynamicRHI
[2016.02.24-23.25.44:875][921]LogModuleManager: Shutting down and abandoning module CrashTracker (188)
[2016.02.24-23.25.44:875][921]LogModuleManager: Shutting down and abandoning module SceneOutliner (187)
[2016.02.24-23.25.44:875][921]LogModuleManager: Shutting down and abandoning module SuperSearch (186)
[2016.02.24-23.25.44:875][921]LogModuleManager: Shutting down and abandoning module WidgetCarousel (185)
[2016.02.24-23.25.44:875][921]LogModuleManager: Shutting down and abandoning module AddContentDialog (184)
[2016.02.24-23.25.44:876][921]LogModuleManager: Shutting down and abandoning module EditorWidgets (183)
[2016.02.24-23.25.44:876][921]LogModuleManager: Shutting down and abandoning module CollectionManager (182)
[2016.02.24-23.25.44:877][921]LogModuleManager: Shutting down and abandoning module StatsViewer (181)
[2016.02.24-23.25.44:877][921]LogModuleManager: Shutting down and abandoning module FoliageEdit (180)
[2016.02.24-23.25.44:877][921]LogModuleManager: Shutting down and abandoning module LandscapeEditor (179)
[2016.02.24-23.25.44:877][921]LogModuleManager: Shutting down and abandoning module ActorPickerMode (178)
[2016.02.24-23.25.44:877][921]LogModuleManager: Shutting down and abandoning module GeometryMode (177)
[2016.02.24-23.25.44:877][921]LogModuleManager: Shutting down and abandoning module TextureAlignMode (176)
[2016.02.24-23.25.44:877][921]LogModuleManager: Shutting down and abandoning module BspMode (175)
[2016.02.24-23.25.44:877][921]LogModuleManager: Shutting down and abandoning module PlacementMode (174)
[2016.02.24-23.25.44:877][921]LogModuleManager: Shutting down and abandoning module AutomationWorker (173)
[2016.02.24-23.25.44:877][921]LogModuleManager: Shutting down and abandoning module CharacterAI (172)
[2016.02.24-23.25.44:877][921]LogModuleManager: Shutting down and abandoning module SmartSnapping (171)
[2016.02.24-23.25.44:877][921]LogModuleManager: Shutting down and abandoning module ViewportSnapping (170)
[2016.02.24-23.25.44:877][921]LogModuleManager: Shutting down and abandoning module LogVisualizer (169)
[2016.02.24-23.25.44:878][921]LogModuleManager: Shutting down and abandoning module GameProjectGeneration (168)
[2016.02.24-23.25.44:878][921]LogModuleManager: Shutting down and abandoning module IntroTutorials (167)
[2016.02.24-23.25.44:878][921]LogModuleManager: Shutting down and abandoning module EditorLiveStreaming (166)
[2016.02.24-23.25.44:878][921]LogModuleManager: Shutting down and abandoning module IOSPlatformEditor (165)
[2016.02.24-23.25.44:878][921]LogModuleManager: Shutting down and abandoning module HTML5PlatformEditor (164)
[2016.02.24-23.25.44:878][921]LogModuleManager: Shutting down and abandoning module AndroidDeviceDetection (163)
[2016.02.24-23.25.45:300][921]LogModuleManager: Shutting down and abandoning module AndroidPlatformEditor (162)
[2016.02.24-23.25.45:300][921]LogModuleManager: Shutting down and abandoning module IOSRuntimeSettings (161)
[2016.02.24-23.25.45:300][921]LogModuleManager: Shutting down and abandoning module AndroidRuntimeSettings (160)
[2016.02.24-23.25.45:300][921]LogModuleManager: Shutting down and abandoning module MergeActors (159)
[2016.02.24-23.25.45:300][921]LogModuleManager: Shutting down and abandoning module SizeMap (158)
[2016.02.24-23.25.45:300][921]LogModuleManager: Shutting down and abandoning module TreeMap (157)
[2016.02.24-23.25.45:300][921]LogModuleManager: Shutting down and abandoning module ReferenceViewer (156)
[2016.02.24-23.25.45:300][921]LogModuleManager: Shutting down and abandoning module LocalizationDashboard (155)
[2016.02.24-23.25.45:300][921]LogModuleManager: Shutting down and abandoning module HardwareTargeting (154)
[2016.02.24-23.25.45:300][921]LogModuleManager: Shutting down and abandoning module DeviceProfileEditor (153)
[2016.02.24-23.25.45:300][921]LogModuleManager: Shutting down and abandoning module UndoHistory (152)
[2016.02.24-23.25.45:300][921]LogModuleManager: Shutting down and abandoning module GameplayTagsEditor (151)
[2016.02.24-23.25.45:300][921]LogModuleManager: Shutting down and abandoning module UserFeedback (150)
[2016.02.24-23.25.45:300][921]LogModuleManager: Shutting down and abandoning module XmlParser (149)
[2016.02.24-23.25.45:300][921]LogModuleManager: Shutting down and abandoning module Blutility (148)
[2016.02.24-23.25.45:300][921]LogModuleManager: Shutting down and abandoning module ProjectTargetPlatformEditor (147)
[2016.02.24-23.25.45:300][921]LogModuleManager: Shutting down and abandoning module ProjectSettingsViewer (146)
[2016.02.24-23.25.45:301][921]LogModuleManager: Shutting down and abandoning module InputBindingEditor (145)
[2016.02.24-23.25.45:301][921]LogModuleManager: Shutting down and abandoning module EditorSettingsViewer (144)
[2016.02.24-23.25.45:301][921]LogModuleManager: Shutting down and abandoning module SettingsEditor (143)
[2016.02.24-23.25.45:301][921]LogModuleManager: Shutting down and abandoning module ProjectLauncher (142)
[2016.02.24-23.25.45:301][921]LogModuleManager: Shutting down and abandoning module SessionFrontend (141)
[2016.02.24-23.25.45:301][921]LogModuleManager: Shutting down and abandoning module ProfilerClient (140)
[2016.02.24-23.25.45:301][921]LogModuleManager: Shutting down and abandoning module TargetDeviceServices (139)
[2016.02.24-23.25.45:301][921]LogModuleManager: Shutting down and abandoning module DeviceManager (138)
[2016.02.24-23.25.45:301][921]LogModuleManager: Shutting down and abandoning module AutomationController (137)
[2016.02.24-23.25.45:301][921]LogModuleManager: Shutting down and abandoning module AutomationWindow (136)
[2016.02.24-23.25.45:301][921]LogModuleManager: Shutting down and abandoning module Layers (135)
[2016.02.24-23.25.45:301][921]LogModuleManager: Shutting down and abandoning module ComponentVisualizers (134)
[2016.02.24-23.25.45:301][921]LogModuleManager: Shutting down and abandoning module DetailCustomizations (133)
[2016.02.24-23.25.45:302][921]LogModuleManager: Shutting down and abandoning module PackagesDialog (132)
[2016.02.24-23.25.45:302][921]LogModuleManager: Shutting down and abandoning module AssetRegistry (131)
[2016.02.24-23.25.45:402][921]LogModuleManager: Shutting down and abandoning module Persona (130)
[2016.02.24-23.25.45:402][921]LogModuleManager: Shutting down and abandoning module Kismet (129)
[2016.02.24-23.25.45:402][921]LogModuleManager: Shutting down and abandoning module GraphEditor (128)
[2016.02.24-23.25.45:402][921]LogModuleManager: Shutting down and abandoning module ClassViewer (127)
[2016.02.24-23.25.45:402][921]LogModuleManager: Shutting down and abandoning module Toolbox (126)
[2016.02.24-23.25.45:403][921]LogModuleManager: Shutting down and abandoning module ModuleUI (125)
[2016.02.24-23.25.45:403][921]LogModuleManager: Shutting down and abandoning module MovieSceneTools (124)
[2016.02.24-23.25.45:403][921]LogModuleManager: Shutting down and abandoning module OutputLog (123)
[2016.02.24-23.25.45:403][921]LogModuleManager: Shutting down and abandoning module GammaUI (122)
[2016.02.24-23.25.45:403][921]LogModuleManager: Shutting down and abandoning module Documentation (121)
[2016.02.24-23.25.45:403][921]LogModuleManager: Shutting down and abandoning module GameLiveStreaming (120)
[2016.02.24-23.25.45:403][921]LogModuleManager: Shutting down and abandoning module StreamingPauseRendering (119)
[2016.02.24-23.25.45:403][921]LogModuleManager: Shutting down and abandoning module AnalyticsET (118)
[2016.02.24-23.25.45:403][921]LogModuleManager: Shutting down and abandoning module Analytics (117)
[2016.02.24-23.25.45:403][921]LogModuleManager: Shutting down and abandoning module AITestSuite (116)
[2016.02.24-23.25.45:403][921]LogModuleManager: Shutting down and abandoning module GameplayDebugger (115)
[2016.02.24-23.25.45:403][921]LogModuleManager: Shutting down and abandoning module AIModule (114)
[2016.02.24-23.25.45:403][921]LogModuleManager: Shutting down and abandoning module ProfilerService (113)
[2016.02.24-23.25.45:480][921]LogModuleManager: Shutting down and abandoning module TaskGraph (112)
[2016.02.24-23.25.45:480][921]LogModuleManager: Shutting down and abandoning module SlateRemote (111)
[2016.02.24-23.25.45:480][921]LogModuleManager: Shutting down and abandoning module SteamVRController (110)
[2016.02.24-23.25.45:480][921]LogModuleManager: Shutting down and abandoning module SteamVR (109)
[2016.02.24-23.25.45:480][921]LogModuleManager: Shutting down and abandoning module ProceduralMeshComponent (108)
[2016.02.24-23.25.45:480][921]LogModuleManager: Shutting down and abandoning module OculusRift (107)
[2016.02.24-23.25.45:480][921]LogModuleManager: Shutting down and abandoning module LeapMotionController (106)
[2016.02.24-23.25.45:506][921]LogModuleManager: Shutting down and abandoning module CustomMeshComponent (105)
[2016.02.24-23.25.45:506][921]LogModuleManager: Shutting down and abandoning module CableComponent (104)
[2016.02.24-23.25.45:506][921]LogModuleManager: Shutting down and abandoning module MessagingDebugger (103)
[2016.02.24-23.25.45:506][921]LogModuleManager: Shutting down and abandoning module MediaPlayerEditor (102)
[2016.02.24-23.25.45:506][921]LogModuleManager: Shutting down and abandoning module SpeedTreeImporter (101)
[2016.02.24-23.25.45:506][921]LogModuleManager: Shutting down and abandoning module PluginBrowser (100)
[2016.02.24-23.25.45:506][921]LogModuleManager: Shutting down and abandoning module EpicSurvey (99)
[2016.02.24-23.25.45:506][921]LogModuleManager: Shutting down and abandoning module DesktopPlatform (98)
[2016.02.24-23.25.45:506][921]LogModuleManager: Shutting down and abandoning module VisualStudioSourceCodeAccess (97)
[2016.02.24-23.25.45:506][921]LogModuleManager: Shutting down and abandoning module UObjectPlugin (96)
[2016.02.24-23.25.45:506][921]LogModuleManager: Shutting down and abandoning module SubversionSourceControl (95)
[2016.02.24-23.25.45:506][921]LogModuleManager: Shutting down and abandoning module PerforceSourceControl (94)
[2016.02.24-23.25.45:506][921]LogModuleManager: Shutting down and abandoning module SourceControl (93)
[2016.02.24-23.25.45:506][921]LogModuleManager: Shutting down and abandoning module GitSourceControl (92)
[2016.02.24-23.25.45:506][921]LogModuleManager: Shutting down and abandoning module BlankPlugin (91)
[2016.02.24-23.25.45:506][921]LogModuleManager: Shutting down and abandoning module PaperTiledImporter (90)
[2016.02.24-23.25.45:506][921]LogModuleManager: Shutting down and abandoning module PaperSpriteSheetImporter (89)
[2016.02.24-23.25.45:506][921]LogModuleManager: Shutting down and abandoning module MeshPaint (88)
[2016.02.24-23.25.45:506][921]LogModuleManager: Shutting down and abandoning module SlateReflector (87)
[2016.02.24-23.25.45:506][921]LogModuleManager: Shutting down and abandoning module DirectoryWatcher (86)
[2016.02.24-23.25.45:507][921]LogModuleManager: Shutting down and abandoning module HotReload (85)
[2016.02.24-23.25.45:507][921]LogModuleManager: Shutting down and abandoning module MainFrame (84)
[2016.02.24-23.25.45:507][921]LogModuleManager: Shutting down and abandoning module LevelEditor (83)
[2016.02.24-23.25.45:509][921]LogModuleManager: Shutting down and abandoning module ContentBrowser (82)
[2016.02.24-23.25.45:511][921]LogModuleManager: Shutting down and abandoning module Paper2DEditor (81)
[2016.02.24-23.25.45:511][921]LogModuleManager: Shutting down and abandoning module UdpMessaging (80)
[2016.02.24-23.25.45:612][921]LogModuleManager: Shutting down and abandoning module Paper2D (79)
[2016.02.24-23.25.45:612][921]LogModuleManager: Shutting down and abandoning module WindowsMoviePlayer (78)
[2016.02.24-23.25.45:617][921]LogModuleManager: Shutting down and abandoning module Media (77)
[2016.02.24-23.25.45:617][921]LogModuleManager: Shutting down and abandoning module WmfMedia (76)
[2016.02.24-23.25.45:618][921]LogModuleManager: Shutting down and abandoning module OnlineBlueprintSupport (75)
[2016.02.24-23.25.45:618][921]LogModuleManager: Shutting down and abandoning module PropertyEditor (74)
[2016.02.24-23.25.45:618][921]LogModuleManager: Shutting down and abandoning module BehaviorTreeEditor (73)
[2016.02.24-23.25.45:618][921]LogModuleManager: Shutting down and abandoning module FunctionalTesting (72)
[2016.02.24-23.25.45:618][921]LogModuleManager: Shutting down and abandoning module CollisionAnalyzer (71)
[2016.02.24-23.25.45:618][921]LogModuleManager: Shutting down and abandoning module WorkspaceMenuStructure (70)
[2016.02.24-23.25.45:618][921]LogModuleManager: Shutting down and abandoning module MessageLog (69)
[2016.02.24-23.25.45:618][921]LogModuleManager: Shutting down and abandoning module Sequencer (68)
[2016.02.24-23.25.45:618][921]LogModuleManager: Shutting down and abandoning module AssetTools (67)
[2016.02.24-23.25.45:618][921]LogModuleManager: Shutting down and abandoning module UMGEditor (66)
[2016.02.24-23.25.45:618][921]LogModuleManager: Shutting down and abandoning module UMG (65)
[2016.02.24-23.25.45:618][921]LogModuleManager: Shutting down and abandoning module Slate (64)
[2016.02.24-23.25.45:618][921]LogModuleManager: Shutting down and abandoning module EditorStyle (63)
[2016.02.24-23.25.45:625][921]LogModuleManager: Shutting down and abandoning module SessionServices (62)
[2016.02.24-23.25.45:625][921]LogModuleManager: Shutting down and abandoning module SourceCodeAccess (61)
[2016.02.24-23.25.45:625][921]LogModuleManager: Shutting down and abandoning module HeadMountedDisplay (60)
[2016.02.24-23.25.45:625][921]LogModuleManager: Shutting down and abandoning module XAudio2 (59)
[2016.02.24-23.25.45:625][921]LogModuleManager: Shutting down and abandoning module Networking (57)
[2016.02.24-23.25.45:625][921]LogModuleManager: Shutting down and abandoning module Core (56)
[2016.02.24-23.25.45:625][921]LogModuleManager: Shutting down and abandoning module KismetCompiler (55)
[2016.02.24-23.25.45:625][921]LogModuleManager: Shutting down and abandoning module PhysXFormats (54)
[2016.02.24-23.25.45:625][921]LogModuleManager: Shutting down and abandoning module MeshUtilities (53)
[2016.02.24-23.25.45:625][921]LogModuleManager: Shutting down and abandoning module DerivedDataCache (52)
[2016.02.24-23.25.45:719][921]LogDerivedDataCache: Shutdown
[2016.02.24-23.25.45:719][921]LogModuleManager: Shutting down and abandoning module ShaderFormatOpenGL (51)
[2016.02.24-23.25.45:719][921]LogModuleManager: Shutting down and abandoning module ShaderFormatD3D (50)
[2016.02.24-23.25.45:719][921]LogModuleManager: Shutting down and abandoning module MetalShaderFormat (49)
[2016.02.24-23.25.45:719][921]LogModuleManager: Shutting down and abandoning module TextureFormatUncompressed (48)
[2016.02.24-23.25.45:719][921]LogModuleManager: Shutting down and abandoning module TextureFormatPVR (47)
[2016.02.24-23.25.45:719][921]LogModuleManager: Shutting down and abandoning module TextureFormatIntelISPCTexComp (46)
[2016.02.24-23.25.45:719][921]LogModuleManager: Shutting down and abandoning module TextureFormatDXT (45)
[2016.02.24-23.25.45:719][921]LogModuleManager: Shutting down and abandoning module ImageWrapper (44)
[2016.02.24-23.25.45:719][921]LogModuleManager: Shutting down and abandoning module TextureFormatASTC (43)
[2016.02.24-23.25.45:719][921]LogModuleManager: Shutting down and abandoning module TextureFormatAndroid (42)
[2016.02.24-23.25.45:719][921]LogModuleManager: Shutting down and abandoning module AudioFormatOpus (41)
[2016.02.24-23.25.45:719][921]LogModuleManager: Shutting down and abandoning module AudioFormatOgg (40)
[2016.02.24-23.25.45:720][921]LogModuleManager: Shutting down and abandoning module AudioFormatADPCM (39)
[2016.02.24-23.25.45:720][921]LogModuleManager: Shutting down and abandoning module LinuxTargetPlatform (38)
[2016.02.24-23.25.45:720][921]LogModuleManager: Shutting down and abandoning module LinuxServerTargetPlatform (37)
[2016.02.24-23.25.45:720][921]LogModuleManager: Shutting down and abandoning module LinuxNoEditorTargetPlatform (36)
[2016.02.24-23.25.45:720][921]LogModuleManager: Shutting down and abandoning module Messaging (35)
[2016.02.24-23.25.45:720][921]LogModuleManager: Shutting down and abandoning module IOSTargetPlatform (34)
[2016.02.24-23.25.45:720][921]LogModuleManager: Shutting down and abandoning module HTML5TargetPlatform (33)
[2016.02.24-23.25.45:720][921]LogModuleManager: Shutting down and abandoning module Android_PVRTCTargetPlatform (32)
[2016.02.24-23.25.45:720][921]LogModuleManager: Shutting down and abandoning module Android_ETC2TargetPlatform (31)
[2016.02.24-23.25.45:720][921]LogModuleManager: Shutting down and abandoning module Android_ETC1TargetPlatform (30)
[2016.02.24-23.25.45:720][921]LogModuleManager: Shutting down and abandoning module Android_DXTTargetPlatform (29)
[2016.02.24-23.25.45:720][921]LogModuleManager: Shutting down and abandoning module Android_ATCTargetPlatform (28)
[2016.02.24-23.25.45:720][921]LogModuleManager: Shutting down and abandoning module Android_ASTCTargetPlatform (27)
[2016.02.24-23.25.45:720][921]LogModuleManager: Shutting down and abandoning module AndroidTargetPlatform (26)
[2016.02.24-23.25.45:720][921]LogModuleManager: Shutting down and abandoning module WindowsTargetPlatform (25)
[2016.02.24-23.25.45:720][921]LogModuleManager: Shutting down and abandoning module WindowsServerTargetPlatform (24)
[2016.02.24-23.25.45:720][921]LogModuleManager: Shutting down and abandoning module WindowsNoEditorTargetPlatform (23)
[2016.02.24-23.25.45:720][921]LogModuleManager: Shutting down and abandoning module WindowsClientTargetPlatform (22)
[2016.02.24-23.25.45:720][921]LogModuleManager: Shutting down and abandoning module DesktopTargetPlatform (21)
[2016.02.24-23.25.45:720][921]LogModuleManager: Shutting down and abandoning module TargetPlatform (20)
[2016.02.24-23.25.45:720][921]LogModuleManager: Shutting down and abandoning module InputCore (19)
[2016.02.24-23.25.45:720][921]LogModuleManager: Shutting down and abandoning module Settings (18)
[2016.02.24-23.25.45:720][921]LogModuleManager: Shutting down and abandoning module OnlineSubsystem (16)
[2016.02.24-23.25.45:720][921]LogModuleManager: Shutting down and abandoning module HTTP (15)
[2016.02.24-23.25.45:721][921]LogModuleManager: Shutting down and abandoning module ExampleDeviceProfileSelector (14)
[2016.02.24-23.25.45:721][921]LogModuleManager: Shutting down and abandoning module TextureCompressor (13)
[2016.02.24-23.25.45:721][921]LogModuleManager: Shutting down and abandoning module ShaderCore (12)
[2016.02.24-23.25.45:721][921]LogModuleManager: Shutting down and abandoning module Landscape (11)
[2016.02.24-23.25.45:721][921]LogModuleManager: Shutting down and abandoning module SlateRHIRenderer (10)
[2016.02.24-23.25.45:727][921]LogModuleManager: Shutting down and abandoning module OpenGLDrv (9)
[2016.02.24-23.25.45:727][921]LogModuleManager: Shutting down and abandoning module D3D11RHI (8)
[2016.02.24-23.25.45:727][921]LogModuleManager: Shutting down and abandoning module Renderer (7)
[2016.02.24-23.25.45:727][921]LogModuleManager: Shutting down and abandoning module Engine (6)
[2016.02.24-23.25.45:727][921]LogModuleManager: Shutting down and abandoning module CoreUObject (5)
[2016.02.24-23.25.45:727][921]LogModuleManager: Shutting down and abandoning module NetworkFile (4)
[2016.02.24-23.25.45:727][921]LogModuleManager: Shutting down and abandoning module StreamingFile (3)
[2016.02.24-23.25.45:727][921]LogModuleManager: Shutting down and abandoning module SandboxFile (2)
[2016.02.24-23.25.45:727][921]LogModuleManager: Shutting down and abandoning module PakFile (1)
[2016.02.24-23.25.45:728][921]LogExit: Exiting.
[2016.02.24-23.25.45:731][921]Log file closed, 02/24/16 18:25:45
