[2016.02.28-22.41.09:800][  0]Log file open, 02/28/16 17:41:09
[2016.02.28-22.41.09:800][  0]LogInit:Display: Running engine for game: Proyecto
[2016.02.28-22.41.09:800][  0]LogInit:Display: RandInit(196823262) SRandInit(196823263).
[2016.02.28-22.41.09:800][  0]LogTaskGraph: Started task graph with 4 named threads and 8 total threads.
[2016.02.28-22.41.09:800][  0]LogStats: Stats thread started
[2016.02.28-22.41.09:800][  0]LogInit: Version: 4.8.3-2634408+++depot+UE4-Releases+4.8
[2016.02.28-22.41.09:800][  0]LogInit: API Version: 2579680
[2016.02.28-22.41.09:800][  0]LogInit: Compiled (64-bit): Jul 27 2015 16:24:33
[2016.02.28-22.41.09:800][  0]LogInit: Compiled with Visual C++: 18.00.21005.01
[2016.02.28-22.41.09:800][  0]LogInit: Build Configuration: Development
[2016.02.28-22.41.09:800][  0]LogInit: Branch Name: ++depot+UE4-Releases+4.8
[2016.02.28-22.41.09:800][  0]LogInit: Command line:  
[2016.02.28-22.41.09:800][  0]LogInit: Base directory: C:/Program Files (x86)/Epic Games/4.8/Engine/Binaries/Win64/
[2016.02.28-22.41.09:800][  0]LogInit: Rocket: 1
[2016.02.28-22.41.09:838][  0]LogInit: Using libcurl 7.41.0
[2016.02.28-22.41.09:838][  0]LogInit:  - built for x86_64-pc-win32
[2016.02.28-22.41.09:838][  0]LogInit:  - supports SSL with WinSSL
[2016.02.28-22.41.09:838][  0]LogInit:  - other features:
[2016.02.28-22.41.09:838][  0]LogInit:      CURL_VERSION_SSL
[2016.02.28-22.41.09:838][  0]LogInit:      CURL_VERSION_IPV6
[2016.02.28-22.41.09:838][  0]LogInit:      CURL_VERSION_ASYNCHDNS
[2016.02.28-22.41.09:838][  0]LogInit:      CURL_VERSION_LARGEFILE
[2016.02.28-22.41.09:838][  0]LogInit:      CURL_VERSION_IDN
[2016.02.28-22.41.09:838][  0]LogInit:  CurlRequestOptions (configurable via config and command line):
[2016.02.28-22.41.09:838][  0]LogInit:  - bVerifyPeer = true  - Libcurl will verify peer certificate
[2016.02.28-22.41.09:838][  0]LogInit:  - bUseHttpProxy = false  - Libcurl will NOT use HTTP proxy
[2016.02.28-22.41.09:838][  0]LogInit:  - bDontReuseConnections = false  - Libcurl will reuse connections
[2016.02.28-22.41.09:838][  0]LogInit:  - CertBundlePath = nullptr  - Libcurl will use whatever was configured at build time.
[2016.02.28-22.41.09:872][  0]LogOnline:Warning: No default platform service specified for OnlineSubsystem
[2016.02.28-22.41.09:914][  0]LogInit: Presizing for 0 objects not considered by GC, pre-allocating 0 bytes.
[2016.02.28-22.41.09:933][  0]LogInit: Object subsystem initialized
[2016.02.28-22.41.09:936][  0]LogConsoleResponse:Warning: Skipping Unknown console variable: 'TranslucentSortAxis = (X=0.000000,Y=-1.000000,Z=0.000000)'
[2016.02.28-22.41.09:936][  0]LogConsoleResponse:Warning:   Found in ini file 'C:/Users/Jimmy/git/PoliHeath/Proyecto 4.8/Saved/Config/Windows/Engine.ini', in section '[/Script/Engine.RendererSettings]'
[2016.02.28-22.41.09:936][  0]LogConsoleResponse:Warning: Skipping Unknown console variable: 'UIScaleRule = ShortestSide'
[2016.02.28-22.41.09:936][  0]LogConsoleResponse:Warning:   Found in ini file 'C:/Users/Jimmy/git/PoliHeath/Proyecto 4.8/Saved/Config/Windows/Engine.ini', in section '[/Script/Engine.RendererSettings]'
[2016.02.28-22.41.09:936][  0]LogConsoleResponse:Warning: Skipping Unknown console variable: 'UIScaleCurve = (EditorCurveData=(Keys=),ExternalCurve=None)'
[2016.02.28-22.41.09:936][  0]LogConsoleResponse:Warning:   Found in ini file 'C:/Users/Jimmy/git/PoliHeath/Proyecto 4.8/Saved/Config/Windows/Engine.ini', in section '[/Script/Engine.RendererSettings]'
[2016.02.28-22.41.09:937][  0]LogInit: Selected Device Profile: [Windows]
[2016.02.28-22.41.09:937][  0]LogInit: Applying CVar settings loaded from the selected device profile: [Windows]
[2016.02.28-22.41.09:961][  0]LogInit: Computer: JIMMY-PC
[2016.02.28-22.41.09:961][  0]LogInit: User: Jimmy
[2016.02.28-22.41.09:961][  0]LogInit: CPU Page size=4096, Cores=6
[2016.02.28-22.41.09:961][  0]LogInit: High frequency timer resolution =2.746525 MHz
[2016.02.28-22.41.09:962][  0]LogMemory: Memory total: Physical=4.0GB (4GB approx)
[2016.02.28-22.41.09:962][  0]LogMemory: Platform Memory Stats for Windows
[2016.02.28-22.41.09:962][  0]LogMemory: Process Physical Memory: 48.70 MB used, 48.70 MB peak
[2016.02.28-22.41.09:962][  0]LogMemory: Process Virtual Memory: 22.19 MB used, 22.19 MB peak
[2016.02.28-22.41.09:962][  0]LogMemory: Physical Memory: 2696.21 MB used, 4092.53 MB total
[2016.02.28-22.41.09:962][  0]LogMemory: Virtual Memory: 292.58 MB used, 134217728.00 MB total
[2016.02.28-22.41.10:053][  0]LogTextLocalizationManager: The requested culture ('en_US') has no localization data; parent culture's ('en') localization data will be used.
[2016.02.28-22.41.10:592][  0]LogTextLocalizationManager:Warning: Loaded localization resources contain conflicting entries for (Namespace:ContentBrowser, Key:ImportAssetToolTip):
Localization Resource: (C:/Program Files (x86)/Epic Games/4.8/Engine/Content/Localization/Editor/en/Editor.locres) Source String Hash: (-630476809) Localized String: (Import to {0}...)
Localization Resource: (C:/Program Files (x86)/Epic Games/4.8/Engine/Content/Localization/Editor/en/Editor.locres) Source String Hash: (1271782899) Localized String: (Imports an asset from file to this folder.)
[2016.02.28-22.41.11:485][  0]LogD3D11RHI: Found D3D11 adapter 0: NVIDIA GeForce GTX 650 (Feature Level 11_0)
[2016.02.28-22.41.11:485][  0]LogD3D11RHI: Adapter has 1986MB of dedicated video memory, 0MB of dedicated system memory, and 2046MB of shared system memory, 1 output[s]
[2016.02.28-22.41.11:488][  0]LogD3D11RHI: Found D3D11 adapter 1: Microsoft Basic Render Driver (Feature Level 11_0)
[2016.02.28-22.41.11:488][  0]LogD3D11RHI: Adapter has 0MB of dedicated video memory, 0MB of dedicated system memory, and 256MB of shared system memory, 0 output[s]
[2016.02.28-22.41.11:488][  0]LogD3D11RHI: Chosen D3D11 Adapter Id = 0
[2016.02.28-22.41.11:498][  0]LogD3D11RHI: InitD3DDevice
[2016.02.28-22.41.11:498][  0]LogD3D11RHI: !Direct3DDevice
[2016.02.28-22.41.11:498][  0]LogRHI: Texture pool is 1361 MB (70% of 1945 MB)
[2016.02.28-22.41.11:528][  0]LogD3D11RHI: Async texture creation enabled
[2016.02.28-22.41.11:551][  0]LogShaderCompilers:Display: Using Local Shader Compiler.
[2016.02.28-22.41.14:353][  0]LogTemp:Display: Loaded TP DesktopTargetPlatform
[2016.02.28-22.41.14:397][  0]LogTemp:Display: Loaded TP WindowsClientTargetPlatform
[2016.02.28-22.41.14:441][  0]LogTemp:Display: Loaded TP WindowsNoEditorTargetPlatform
[2016.02.28-22.41.14:484][  0]LogTemp:Display: Loaded TP WindowsServerTargetPlatform
[2016.02.28-22.41.14:535][  0]LogTemp:Display: Loaded TP WindowsTargetPlatform
[2016.02.28-22.41.14:573][  0]LogTemp:Display: Loaded TP AndroidTargetPlatform
[2016.02.28-22.41.14:611][  0]LogTemp:Display: Loaded TP Android_ASTCTargetPlatform
[2016.02.28-22.41.14:650][  0]LogTemp:Display: Loaded TP Android_ATCTargetPlatform
[2016.02.28-22.41.14:688][  0]LogTemp:Display: Loaded TP Android_DXTTargetPlatform
[2016.02.28-22.41.14:726][  0]LogTemp:Display: Loaded TP Android_ETC1TargetPlatform
[2016.02.28-22.41.14:764][  0]LogTemp:Display: Loaded TP Android_ETC2TargetPlatform
[2016.02.28-22.41.14:802][  0]LogTemp:Display: Loaded TP Android_PVRTCTargetPlatform
[2016.02.28-22.41.14:927][  0]LogTemp:Display: Loaded TP IOSTargetPlatform
[2016.02.28-22.41.14:964][  0]LogTemp:Display: Loaded TP LinuxNoEditorTargetPlatform
[2016.02.28-22.41.15:001][  0]LogTemp:Display: Loaded TP LinuxServerTargetPlatform
[2016.02.28-22.41.15:049][  0]LogTemp:Display: Loaded TP LinuxTargetPlatform
[2016.02.28-22.41.15:049][  0]LogTargetPlatformManager:Display: Building Assets For Windows
[2016.02.28-22.41.15:670][  0]LogDerivedDataCache:Display: Max Cache Size: 512 MB
[2016.02.28-22.41.15:820][  0]LogDerivedDataCache: Loaded boot cache 0.15s 53MB C:/Users/Jimmy/AppData/Local/UnrealEngine/4.8/DerivedDataCache/Boot.ddc.
[2016.02.28-22.41.15:820][  0]LogDerivedDataCache:Display: Loaded Boot cache: C:/Users/Jimmy/AppData/Local/UnrealEngine/4.8/DerivedDataCache/Boot.ddc
[2016.02.28-22.41.15:820][  0]LogDerivedDataCache: FDerivedDataBackendGraph:  Pak pak cache file ../../../../../../Users/Jimmy/git/PoliHeath/Proyecto 4.8/DerivedDataCache/DDC.ddp not found, will not use a pak cache.
[2016.02.28-22.41.15:820][  0]LogDerivedDataCache: Unable to find inner node Pak for hierarchical cache Hierarchy.
[2016.02.28-22.41.15:820][  0]LogDerivedDataCache: FDerivedDataBackendGraph:  CompressedPak pak cache file ../../../../../../Users/Jimmy/git/PoliHeath/Proyecto 4.8/DerivedDataCache/Compressed.ddp not found, will not use a pak cache.
[2016.02.28-22.41.15:820][  0]LogDerivedDataCache: Unable to find inner node CompressedPak for hierarchical cache Hierarchy.
[2016.02.28-22.41.16:228][  0]LogDerivedDataCache:Display: Pak cache opened for reading ../../../Engine/DerivedDataCache/Compressed.ddp.
[2016.02.28-22.41.16:242][  0]LogDerivedDataCache: Using Local data cache path C:/Users/Jimmy/AppData/Local/UnrealEngine/Common/DerivedDataCache: Writable
[2016.02.28-22.41.17:064][  0]LogInit: Selected Device Profile: [Windows]
[2016.02.28-22.41.17:294][  0]ImportText (ComponentSweepMultiTests): Missing closing parenthesis: (RootShapeAsset="/Engine/BasicShapes/Cube.Cube",ShapeType="TriggerCapsule",HitResult=(Time=0.50,Location=(X=-100.000015,Y=0.0,Z=100.000015),ImpactPoint=(X=-50.0,Y=0.0,Z=50.0),Normal=(X=-1.0,Y=-0.0,Z=0.0),ImpactNormal=(X=0.0,Y=0.0,Z=1.0),TraceStart=(X=-200.0,Y=0.0,Z=200.0),TraceEnd=(X=0.0,Y=0.0,Z=0.0))
[2016.02.28-22.41.17:295][  0]ImportText (LineTraceSingleByChannelTests): Missing closing parenthesis: (RootShapeAsset="/Engine/BasicShapes/Cube.Cube",HitResult=(Time=0.50,Location=(X=-100.000015,Y=0.0,Z=100.000015),ImpactPoint=(X=-50.0,Y=0.0,Z=50.0),Normal=(X=-1.0,Y=-0.0,Z=0.0),ImpactNormal=(X=0.0,Y=0.0,Z=1.0),TraceStart=(X=-200.0,Y=0.0,Z=200.0),TraceEnd=(X=0.0,Y=0.0,Z=0.0))
[2016.02.28-22.41.17:375][  0]LogMeshUtilities: No automatic mesh reduction module available
[2016.02.28-22.41.17:375][  0]LogMeshUtilities: No automatic mesh merging module available
[2016.02.28-22.41.18:308][  0]LogInit: WinSock: version 1.1 (2.2), MaxSocks=32767, MaxUdp=65467
[2016.02.28-22.41.30:001][  0]UdpMessaging: Initializing bridge on interface 0.0.0.0:0 to multicast group 230.0.0.1:6666.
[2016.02.28-22.41.35:320][  0]SourceControl: Info Source control is disabled
[2016.02.28-22.41.35:320][  0]SourceControl: Info Source control is disabled
[2016.02.28-22.41.35:395][  0]SourceControl: Info Source control is disabled
[2016.02.28-22.41.35:488][  0]SourceControl: Info Source control is disabled
[2016.02.28-22.41.38:483][  0]LogObj: 26273 objects as part of root set at end of initial load.
[2016.02.28-22.41.38:483][  0]LogUObjectAllocator: 5409248 out of 0 bytes used by permanent object pool.
[2016.02.28-22.41.41:572][  0]LogAutomationTest:Warning: Smoke tests took > 1s to run: 1.19s
[2016.02.28-22.41.41:876][  0]LogEngine: Initializing Engine...
[2016.02.28-22.41.41:947][  0]LogHMD: Can't find Oculus library dev build: is proper Runtime installed? Version: 0.6.0.0
[2016.02.28-22.41.42:333][  0]LogHMD:Warning: SteamVR failed to initialize.  Error: 110
[2016.02.28-22.41.45:889][  0]LogAIModule: Creating AISystem for world NewWorld
[2016.02.28-22.41.46:870][  0]LogInit: XAudio2 using 'Speakers (Realtek High Definition Audio)' : 2 channels at 48 kHz using 32 bits per sample (channel mask 0x3)
[2016.02.28-22.41.47:062][  0]LogInit: FAudioDevice initialized.
[2016.02.28-22.41.47:283][  0]LogDerivedDataCache: Saved boot cache 0.22s 53MB C:/Users/Jimmy/AppData/Local/UnrealEngine/4.8/DerivedDataCache/Boot.ddc.
[2016.02.28-22.41.47:304][  0]LogInit: Texture streaming: Disabled
[2016.02.28-22.41.47:539][  0]LogAnalytics: Creating configured Analytics provider AnalyticsET
[2016.02.28-22.41.47:930][  0]LogAnalytics: [UEEditor.Rocket.Release] APIServer = http://et2.epicgames.com/ET2/. AppVersion = 4.8.3-2634408+++depot+UE4-Releases+4.8
[2016.02.28-22.41.47:930][  0]LogAnalytics: [UEEditor.Rocket.Release] SetUserId d27f3b9b4f30e27e25812782be8b0d8d|8dcf4c5a87044acf9d7d9b2f0991a3f0|822a412b-4e57-4804-a033-2e42d5894c6e
[2016.02.28-22.41.48:040][  0]LogAnalytics: [UEEditor.Rocket.Release] AnalyticsET::StartSession
[2016.02.28-22.41.49:331][  0]LogInit: Transaction tracking system initialized
[2016.02.28-22.41.54:160][  0]BlueprintLog: New page: Editor Load
[2016.02.28-22.41.54:426][  0]LogAssetRegistry: FAssetRegistry took 0.0132 seconds to start up
[2016.02.28-22.41.54:442][  0]LogDirectoryWatcher:Warning: Failed to begin reading directory changes for ../../../Engine/Plugins/Experimental/CharacterAI/Content/. Error: 0
[2016.02.28-22.42.03:042][  0]LogLinker:Warning: Can't find file '/Game/2DSideScrollerBP/2DSideScrollerOverview'
[2016.02.28-22.42.03:043][  0]LogLinker:Warning: Can't find file '/Game/2DSideScrollerBP/2DSideScrollerOverview'
[2016.02.28-22.42.03:043][  0]LogLinker:Warning: Can't find file '/Game/2DSideScrollerBP/2DSideScrollerOverview'
[2016.02.28-22.42.03:043][  0]LogUObjectGlobals:Warning: Failed to find object 'Class /Game/2DSideScrollerBP/2DSideScrollerOverview.2DSideScrollerOverview_C'
[2016.02.28-22.42.04:130][  0]LogConsoleManager:Warning: Console variable 'r.VSync' wasn't set ('GameSetting' has a lower priority than 'SystemSettingsIni')
[2016.02.28-22.42.04:131][  0]LogConsoleResponse:Display: 
[2016.02.28-22.42.09:868][  0]LogCook:Display: Done creating registry. It took  0.00s.
[2016.02.28-22.42.13:892][  0]SourceControl: Info Source control is disabled
[2016.02.28-22.42.14:336][  0]Cmd: MAP LOAD FILE="../../../../../../Users/Jimmy/git/PoliHeath/Proyecto 4.8/Content/Niveles/Nivel_1.umap" TEMPLATE=0 SHOWPROGRESS=1 FEATURELEVEL=3
[2016.02.28-22.42.14:819][  0]LightingResults: New page: Lighting Build
[2016.02.28-22.42.15:920][  0]MapCheck: New page: Map Check
[2016.02.28-22.42.15:920][  0]LightingResults: New page: Lighting Build
[2016.02.28-22.42.17:094][  0]LogParticles: Destroying 0 GPU particle simulations for FXSystem 0x00000076BA654B80
[2016.02.28-22.42.29:256][  0]LogAIModule: Creating AISystem for world Nivel_1
[2016.02.28-22.42.30:764][  0]LogEditorServer: Finished looking for orphan Actors (0.001 secs)
[2016.02.28-22.42.31:034][  0]Cmd: MAP CHECKDEP NOCLEARLOG
[2016.02.28-22.42.31:388][  0]MapCheck: Info Map check complete: 0 Error(s), 0 Warning(s), took 353.641ms to complete.
[2016.02.28-22.42.31:389][  0]LogFileHelpers: Loading map 'Nivel_1' took 17.385
[2016.02.28-22.42.33:583][  0]LogCollectionManager: Loaded 0 collections in 0.006955 seconds
[2016.02.28-22.42.33:615][  0]LogContentBrowser: Native class hierarchy populated in 0.0315 seconds. Added 1792 classes and 301 folders.
[2016.02.28-22.42.34:076][  0]LogContentBrowser: Native class hierarchy updated for 'WidgetCarousel' in 0.0009 seconds. Added 0 classes and 0 folders.
[2016.02.28-22.42.34:521][  0]LogContentBrowser: Native class hierarchy updated for 'AddContentDialog' in 0.0009 seconds. Added 0 classes and 0 folders.
[2016.02.28-22.42.34:620][  0]LogContentBrowser: Native class hierarchy updated for 'SceneOutliner' in 0.0010 seconds. Added 1 classes and 2 folders.
[2016.02.28-22.42.36:033][  0]LogCrashTracker: Crashtracker disabled due to settings.
[2016.02.28-22.42.36:119][  0]LogD3D11RHI: InitD3DDevice
[2016.02.28-22.42.36:261][  0]LogUObjectGlobals:Warning: Failed to find object 'Class None.'
[2016.02.28-22.42.36:348][  0]LogLoad: Full Startup: 92.97 seconds (BP compile: 5.25 seconds)
[2016.02.28-22.42.36:366][  0]LogWindowsTextInputMethodSystem:Display: IME system now deactivated.
[2016.02.28-22.42.37:911][  0]LogContentStreaming: Texture pool size is 0.000000MB
[2016.02.28-22.42.38:479][  0]LogContentStreaming: Texture pool size now 1000 MB
[2016.02.28-22.42.47:174][  0]LogRenderer: Reallocating scene render targets to support 1208x576 (Frame:2).
[2016.02.28-22.42.50:674][  2]LogD3D11RHI: InitD3DDevice
[2016.02.28-22.42.52:473][ 22]LogAssetRegistry: Asset discovery search completed in 58.0584 seconds
[2016.02.28-22.42.59:695][428]LogD3D11RHI: InitD3DDevice
[2016.02.28-22.43.03:961][602]LogD3D11RHI: InitD3DDevice
[2016.02.28-22.43.04:255][602]LogLinker:Warning: Asset '../../../Engine/Content/ArtTools/RenderToTexture/Macros/RenderToTextureMacros.uasset' has been saved with empty engine version. The asset will be loaded but may be incompatible.
[2016.02.28-22.43.04:719][602]LogLinker:Warning: Asset '../../../Engine/Content/ArtTools/RenderToTexture/Enums/RenderToTexture_Enum.uasset' has been saved with empty engine version. The asset will be loaded but may be incompatible.
[2016.02.28-22.43.30:638][681]LogD3D11RHI: InitD3DDevice
[2016.02.28-22.43.38:885][182]BlueprintLog: New page: Compile Player
[2016.02.28-22.43.42:988][182]BlueprintEditorCompileResults: Info The execution path doesn't end with a return node.  False 
[2016.02.28-22.43.42:988][182]BlueprintEditorCompileResults: Info [0159.61] Compile of Player successful! [in 4,102 ms]
[2016.02.28-22.43.44:246][245]LogD3D11RHI: InitD3DDevice
[2016.02.28-22.43.44:300][245]Cmd: OBJ SAVEPACKAGE PACKAGE="/Game/Blueprints/Player/player" FILE="../../../../../../Users/Jimmy/git/PoliHeath/Proyecto 4.8/Content/Blueprints/Player/player.uasset" SILENT=true
[2016.02.28-22.43.46:102][245]LogSavePackage: Save=764.382263ms
[2016.02.28-22.43.46:102][245]LogSavePackage: Moving '../../../../../../Users/Jimmy/git/PoliHeath/Proyecto 4.8/Saved/player1693F6A741DBDA4A2585428EDF8ED667.tmp' to '../../../../../../Users/Jimmy/git/PoliHeath/Proyecto 4.8/Content/Blueprints/Player/player.uasset'
[2016.02.28-22.43.46:103][245]LogFileManager:Warning: DeleteFile was unable to delete '../../../../../../Users/Jimmy/git/PoliHeath/Proyecto 4.8/Content/Blueprints/Player/player.uasset', retrying in .5s...
[2016.02.28-22.43.46:604][245]LogFileManager:Error: Error deleting file '../../../../../../Users/Jimmy/git/PoliHeath/Proyecto 4.8/Content/Blueprints/Player/player.uasset'.
[2016.02.28-22.43.46:604][245]LogSavePackage:Error: Error saving '../../../../../../Users/Jimmy/git/PoliHeath/Proyecto 4.8/Content/Blueprints/Player/player.uasset'
[2016.02.28-22.43.46:685][245]LogD3D11RHI: InitD3DDevice
[2016.02.28-22.43.54:456][245]EditorErrors: New page: Save Output
[2016.02.28-22.43.54:468][245]EditorErrors:Warning: Warning Error saving '../../../../../../Users/Jimmy/git/PoliHeath/Proyecto 4.8/Content/Blueprints/Player/player.uasset'
[2016.02.28-22.43.54:472][245]LogD3D11RHI: InitD3DDevice
[2016.02.28-22.44.11:821][284]BlueprintLog: New page: Compile Player
[2016.02.28-22.44.13:972][284]BlueprintEditorCompileResults: Info The execution path doesn't end with a return node.  False 
[2016.02.28-22.44.13:972][284]BlueprintEditorCompileResults: Info [0190.59] Compile of Player successful! [in 2,150 ms]
[2016.02.28-22.44.29:513][347]LogD3D11RHI: InitD3DDevice
[2016.02.28-22.44.29:538][347]Cmd: OBJ SAVEPACKAGE PACKAGE="/Game/Blueprints/Player/player" FILE="../../../../../../Users/Jimmy/git/PoliHeath/Proyecto 4.8/Content/Blueprints/Player/player.uasset" SILENT=true
[2016.02.28-22.44.30:332][347]LogSavePackage: Save=639.140015ms
[2016.02.28-22.44.30:333][347]LogSavePackage: Moving '../../../../../../Users/Jimmy/git/PoliHeath/Proyecto 4.8/Saved/player586794984D09036CCC479BBB506AD523.tmp' to '../../../../../../Users/Jimmy/git/PoliHeath/Proyecto 4.8/Content/Blueprints/Player/player.uasset'
[2016.02.28-22.44.30:334][347]LogFileManager:Warning: DeleteFile was unable to delete '../../../../../../Users/Jimmy/git/PoliHeath/Proyecto 4.8/Content/Blueprints/Player/player.uasset', retrying in .5s...
[2016.02.28-22.44.30:835][347]LogFileManager:Error: Error deleting file '../../../../../../Users/Jimmy/git/PoliHeath/Proyecto 4.8/Content/Blueprints/Player/player.uasset'.
[2016.02.28-22.44.30:835][347]LogSavePackage:Error: Error saving '../../../../../../Users/Jimmy/git/PoliHeath/Proyecto 4.8/Content/Blueprints/Player/player.uasset'
[2016.02.28-22.44.30:862][347]LogD3D11RHI: InitD3DDevice
[2016.02.28-22.44.38:389][347]Cmd: OBJ SAVEPACKAGE PACKAGE="/Game/Blueprints/Player/player" FILE="../../../../../../Users/Jimmy/git/PoliHeath/Proyecto 4.8/Content/Blueprints/Player/player.uasset" SILENT=true
[2016.02.28-22.44.39:179][347]LogSavePackage: Save=631.929077ms
[2016.02.28-22.44.39:179][347]LogSavePackage: Moving '../../../../../../Users/Jimmy/git/PoliHeath/Proyecto 4.8/Saved/playerE4AD6EC34521387B12735AA77F03E72E.tmp' to '../../../../../../Users/Jimmy/git/PoliHeath/Proyecto 4.8/Content/Blueprints/Player/player.uasset'
[2016.02.28-22.44.39:181][347]LogFileManager:Warning: DeleteFile was unable to delete '../../../../../../Users/Jimmy/git/PoliHeath/Proyecto 4.8/Content/Blueprints/Player/player.uasset', retrying in .5s...
[2016.02.28-22.44.39:683][347]LogFileManager:Error: Error deleting file '../../../../../../Users/Jimmy/git/PoliHeath/Proyecto 4.8/Content/Blueprints/Player/player.uasset'.
[2016.02.28-22.44.39:683][347]LogSavePackage:Error: Error saving '../../../../../../Users/Jimmy/git/PoliHeath/Proyecto 4.8/Content/Blueprints/Player/player.uasset'
[2016.02.28-22.44.39:694][347]LogD3D11RHI: InitD3DDevice
[2016.02.28-22.44.40:573][347]Cmd: OBJ SAVEPACKAGE PACKAGE="/Game/Blueprints/Player/player" FILE="../../../../../../Users/Jimmy/git/PoliHeath/Proyecto 4.8/Content/Blueprints/Player/player.uasset" SILENT=true
[2016.02.28-22.44.41:369][347]LogSavePackage: Save=636.205383ms
[2016.02.28-22.44.41:369][347]LogSavePackage: Moving '../../../../../../Users/Jimmy/git/PoliHeath/Proyecto 4.8/Saved/playerB57F34DF43A1923BAF636E810059677B.tmp' to '../../../../../../Users/Jimmy/git/PoliHeath/Proyecto 4.8/Content/Blueprints/Player/player.uasset'
[2016.02.28-22.44.41:370][347]LogFileManager:Warning: DeleteFile was unable to delete '../../../../../../Users/Jimmy/git/PoliHeath/Proyecto 4.8/Content/Blueprints/Player/player.uasset', retrying in .5s...
[2016.02.28-22.44.41:871][347]LogFileManager:Error: Error deleting file '../../../../../../Users/Jimmy/git/PoliHeath/Proyecto 4.8/Content/Blueprints/Player/player.uasset'.
[2016.02.28-22.44.41:871][347]LogSavePackage:Error: Error saving '../../../../../../Users/Jimmy/git/PoliHeath/Proyecto 4.8/Content/Blueprints/Player/player.uasset'
[2016.02.28-22.44.41:888][347]LogD3D11RHI: InitD3DDevice
[2016.02.28-22.44.42:713][347]Cmd: OBJ SAVEPACKAGE PACKAGE="/Game/Blueprints/Player/player" FILE="../../../../../../Users/Jimmy/git/PoliHeath/Proyecto 4.8/Content/Blueprints/Player/player.uasset" SILENT=true
[2016.02.28-22.44.43:488][347]LogSavePackage: Save=620.479675ms
[2016.02.28-22.44.43:488][347]LogSavePackage: Moving '../../../../../../Users/Jimmy/git/PoliHeath/Proyecto 4.8/Saved/playerFC66EF2B44E7B853DD7B55ABA8E0485D.tmp' to '../../../../../../Users/Jimmy/git/PoliHeath/Proyecto 4.8/Content/Blueprints/Player/player.uasset'
[2016.02.28-22.44.43:490][347]LogFileManager:Warning: DeleteFile was unable to delete '../../../../../../Users/Jimmy/git/PoliHeath/Proyecto 4.8/Content/Blueprints/Player/player.uasset', retrying in .5s...
[2016.02.28-22.44.43:991][347]LogFileManager:Error: Error deleting file '../../../../../../Users/Jimmy/git/PoliHeath/Proyecto 4.8/Content/Blueprints/Player/player.uasset'.
[2016.02.28-22.44.43:991][347]LogSavePackage:Error: Error saving '../../../../../../Users/Jimmy/git/PoliHeath/Proyecto 4.8/Content/Blueprints/Player/player.uasset'
[2016.02.28-22.44.44:003][347]LogD3D11RHI: InitD3DDevice
[2016.02.28-22.44.45:835][347]EditorErrors: New page: Save Output
[2016.02.28-22.44.45:835][347]EditorErrors:Warning: Warning Error saving '../../../../../../Users/Jimmy/git/PoliHeath/Proyecto 4.8/Content/Blueprints/Player/player.uasset'
[2016.02.28-22.44.45:835][347]EditorErrors:Warning: Warning Error saving '../../../../../../Users/Jimmy/git/PoliHeath/Proyecto 4.8/Content/Blueprints/Player/player.uasset'
[2016.02.28-22.44.45:835][347]EditorErrors:Warning: Warning Error saving '../../../../../../Users/Jimmy/git/PoliHeath/Proyecto 4.8/Content/Blueprints/Player/player.uasset'
[2016.02.28-22.44.45:835][347]EditorErrors:Warning: Warning Error saving '../../../../../../Users/Jimmy/git/PoliHeath/Proyecto 4.8/Content/Blueprints/Player/player.uasset'
[2016.02.28-22.44.45:839][347]LogD3D11RHI: InitD3DDevice
[2016.02.28-22.44.56:416][ 44]LogD3D11RHI: InitD3DDevice
[2016.02.28-22.44.57:886][114]LogD3D11RHI: InitD3DDevice
[2016.02.28-22.45.03:586][393]LogD3D11RHI: InitD3DDevice
[2016.02.28-22.45.06:533][582]LogD3D11RHI: InitD3DDevice
[2016.02.28-22.45.19:706][468]BlueprintLog: New page: Compile Player
[2016.02.28-22.45.21:855][468]BlueprintEditorCompileResults: Info The execution path doesn't end with a return node.  False 
[2016.02.28-22.45.21:855][468]BlueprintEditorCompileResults: Info [0258.48] Compile of Player successful! [in 2,148 ms]
[2016.02.28-22.45.23:247][550]LogD3D11RHI: InitD3DDevice
[2016.02.28-22.45.23:275][550]Cmd: OBJ SAVEPACKAGE PACKAGE="/Game/Blueprints/Player/player" FILE="../../../../../../Users/Jimmy/git/PoliHeath/Proyecto 4.8/Content/Blueprints/Player/player.uasset" SILENT=true
[2016.02.28-22.45.24:073][550]LogSavePackage: Save=643.693787ms
[2016.02.28-22.45.24:073][550]LogSavePackage: Moving '../../../../../../Users/Jimmy/git/PoliHeath/Proyecto 4.8/Saved/player7D9096C4475CDF3B4B3362A341A79176.tmp' to '../../../../../../Users/Jimmy/git/PoliHeath/Proyecto 4.8/Content/Blueprints/Player/player.uasset'
[2016.02.28-22.45.24:075][550]LogFileManager:Warning: DeleteFile was unable to delete '../../../../../../Users/Jimmy/git/PoliHeath/Proyecto 4.8/Content/Blueprints/Player/player.uasset', retrying in .5s...
[2016.02.28-22.45.24:576][550]LogFileManager:Error: Error deleting file '../../../../../../Users/Jimmy/git/PoliHeath/Proyecto 4.8/Content/Blueprints/Player/player.uasset'.
[2016.02.28-22.45.24:576][550]LogSavePackage:Error: Error saving '../../../../../../Users/Jimmy/git/PoliHeath/Proyecto 4.8/Content/Blueprints/Player/player.uasset'
[2016.02.28-22.45.24:597][550]LogD3D11RHI: InitD3DDevice
[2016.02.28-22.45.27:857][550]EditorErrors: New page: Save Output
[2016.02.28-22.45.27:857][550]EditorErrors:Warning: Warning Error saving '../../../../../../Users/Jimmy/git/PoliHeath/Proyecto 4.8/Content/Blueprints/Player/player.uasset'
[2016.02.28-22.45.27:861][550]LogD3D11RHI: InitD3DDevice
[2016.02.28-22.45.36:742][126]LogD3D11RHI: InitD3DDevice
[2016.02.28-22.45.37:674][171]LogD3D11RHI: InitD3DDevice
[2016.02.28-22.45.45:371][676]LogD3D11RHI: InitD3DDevice
[2016.02.28-22.45.57:253][485]BlueprintLog: New page: Compile Player
[2016.02.28-22.45.59:394][485]BlueprintEditorCompileResults: Info [0296.02] Compile of Player successful! [in 2,141 ms]
[2016.02.28-22.46.00:054][520]LogD3D11RHI: InitD3DDevice
[2016.02.28-22.46.00:091][520]Cmd: OBJ SAVEPACKAGE PACKAGE="/Game/Blueprints/Player/player" FILE="../../../../../../Users/Jimmy/git/PoliHeath/Proyecto 4.8/Content/Blueprints/Player/player.uasset" SILENT=true
[2016.02.28-22.46.00:881][520]LogSavePackage: Save=636.748230ms
[2016.02.28-22.46.00:881][520]LogSavePackage: Moving '../../../../../../Users/Jimmy/git/PoliHeath/Proyecto 4.8/Saved/player856E02184BD5F56915471F93FF4D08CF.tmp' to '../../../../../../Users/Jimmy/git/PoliHeath/Proyecto 4.8/Content/Blueprints/Player/player.uasset'
[2016.02.28-22.46.00:882][520]LogFileManager:Warning: DeleteFile was unable to delete '../../../../../../Users/Jimmy/git/PoliHeath/Proyecto 4.8/Content/Blueprints/Player/player.uasset', retrying in .5s...
[2016.02.28-22.46.01:383][520]LogFileManager:Error: Error deleting file '../../../../../../Users/Jimmy/git/PoliHeath/Proyecto 4.8/Content/Blueprints/Player/player.uasset'.
[2016.02.28-22.46.01:383][520]LogSavePackage:Error: Error saving '../../../../../../Users/Jimmy/git/PoliHeath/Proyecto 4.8/Content/Blueprints/Player/player.uasset'
[2016.02.28-22.46.01:399][520]LogD3D11RHI: InitD3DDevice
[2016.02.28-22.46.03:415][520]Cmd: OBJ SAVEPACKAGE PACKAGE="/Game/Blueprints/Player/player" FILE="../../../../../../Users/Jimmy/git/PoliHeath/Proyecto 4.8/Content/Blueprints/Player/player.uasset" SILENT=true
[2016.02.28-22.46.04:209][520]LogSavePackage: Save=639.005676ms
[2016.02.28-22.46.04:209][520]LogSavePackage: Moving '../../../../../../Users/Jimmy/git/PoliHeath/Proyecto 4.8/Saved/playerB063B0114837AEFE9B6BCBA6E315EBD9.tmp' to '../../../../../../Users/Jimmy/git/PoliHeath/Proyecto 4.8/Content/Blueprints/Player/player.uasset'
[2016.02.28-22.46.04:210][520]LogFileManager:Warning: DeleteFile was unable to delete '../../../../../../Users/Jimmy/git/PoliHeath/Proyecto 4.8/Content/Blueprints/Player/player.uasset', retrying in .5s...
[2016.02.28-22.46.04:711][520]LogFileManager:Error: Error deleting file '../../../../../../Users/Jimmy/git/PoliHeath/Proyecto 4.8/Content/Blueprints/Player/player.uasset'.
[2016.02.28-22.46.04:711][520]LogSavePackage:Error: Error saving '../../../../../../Users/Jimmy/git/PoliHeath/Proyecto 4.8/Content/Blueprints/Player/player.uasset'
[2016.02.28-22.46.04:722][520]LogD3D11RHI: InitD3DDevice
[2016.02.28-22.46.06:150][520]EditorErrors: New page: Save Output
[2016.02.28-22.46.06:150][520]EditorErrors:Warning: Warning Error saving '../../../../../../Users/Jimmy/git/PoliHeath/Proyecto 4.8/Content/Blueprints/Player/player.uasset'
[2016.02.28-22.46.06:150][520]EditorErrors:Warning: Warning Error saving '../../../../../../Users/Jimmy/git/PoliHeath/Proyecto 4.8/Content/Blueprints/Player/player.uasset'
[2016.02.28-22.46.06:154][520]LogD3D11RHI: InitD3DDevice
[2016.02.28-22.47.01:174][264]LogD3D11RHI: InitD3DDevice
[2016.02.28-22.47.13:513][ 71]BlueprintLog: New page: Compile Player
[2016.02.28-22.47.15:656][ 71]BlueprintEditorCompileResults: Info The execution path doesn't end with a return node.  False 
[2016.02.28-22.47.15:656][ 71]BlueprintEditorCompileResults: Info [0372.28] Compile of Player successful! [in 2,142 ms]
[2016.02.28-22.48.24:041][592]LogD3D11RHI: InitD3DDevice
[2016.02.28-22.48.41:726][770]LogD3D11RHI: InitD3DDevice
[2016.02.28-22.48.41:763][770]Cmd: OBJ SAVEPACKAGE PACKAGE="/Game/Blueprints/Player/player" FILE="../../../../../../Users/Jimmy/git/PoliHeath/Proyecto 4.8/Content/Blueprints/Player/player.uasset" SILENT=true
[2016.02.28-22.48.42:562][770]LogSavePackage: Save=646.542114ms
[2016.02.28-22.48.42:563][770]LogSavePackage: Moving '../../../../../../Users/Jimmy/git/PoliHeath/Proyecto 4.8/Saved/player00CD4079406EF4B9E2009DA2608C2380.tmp' to '../../../../../../Users/Jimmy/git/PoliHeath/Proyecto 4.8/Content/Blueprints/Player/player.uasset'
[2016.02.28-22.48.42:564][770]LogFileManager:Warning: DeleteFile was unable to delete '../../../../../../Users/Jimmy/git/PoliHeath/Proyecto 4.8/Content/Blueprints/Player/player.uasset', retrying in .5s...
[2016.02.28-22.48.43:065][770]LogFileManager:Error: Error deleting file '../../../../../../Users/Jimmy/git/PoliHeath/Proyecto 4.8/Content/Blueprints/Player/player.uasset'.
[2016.02.28-22.48.43:065][770]LogSavePackage:Error: Error saving '../../../../../../Users/Jimmy/git/PoliHeath/Proyecto 4.8/Content/Blueprints/Player/player.uasset'
[2016.02.28-22.48.43:087][770]LogD3D11RHI: InitD3DDevice
[2016.02.28-22.48.44:524][770]EditorErrors: New page: Save Output
[2016.02.28-22.48.44:524][770]EditorErrors:Warning: Warning Error saving '../../../../../../Users/Jimmy/git/PoliHeath/Proyecto 4.8/Content/Blueprints/Player/player.uasset'
[2016.02.28-22.48.44:528][770]LogD3D11RHI: InitD3DDevice
[2016.02.28-22.48.44:564][770]LogD3D11RHI: InitD3DDevice
[2016.02.28-22.49.21:689][724]LogEditorTransaction: Undo Move Node
[2016.02.28-22.49.21:848][724]LogD3D11RHI: InitD3DDevice
[2016.02.28-22.49.22:956][774]LogEditorTransaction: Undo Create Pin Link
[2016.02.28-22.49.23:940][810]LogEditorTransaction: Undo Move Node
[2016.02.28-22.49.24:805][840]LogEditorTransaction: Undo Move Node
[2016.02.28-22.49.25:670][870]LogEditorTransaction: Undo Move Node
[2016.02.28-22.49.26:440][895]LogEditorTransaction: Undo Delete current selection
[2016.02.28-22.49.26:993][907]LogEditorTransaction: Undo Create Reroute Node
[2016.02.28-22.49.27:628][924]LogEditorTransaction: Undo Create Pin Link
[2016.02.28-22.49.28:193][937]LogEditorTransaction: Undo Create Pin Link
[2016.02.28-22.49.28:858][956]LogEditorTransaction: Undo Move Node
[2016.02.28-22.49.29:293][962]LogEditorTransaction: Undo Create Pin Link
[2016.02.28-22.49.29:746][969]LogEditorTransaction: Undo Add Node
[2016.02.28-22.49.30:502][990]LogEditorTransaction: Undo Delete current selection
[2016.02.28-22.49.30:937][996]LogEditorTransaction: Undo Move Nodes
[2016.02.28-22.49.31:836][ 28]LogEditorTransaction: Undo Move Node
[2016.02.28-22.49.32:996][ 74]LogEditorTransaction: Undo Move Node
[2016.02.28-22.49.34:105][119]LogEditorTransaction: Undo Create Pin Link
[2016.02.28-22.49.34:832][141]LogEditorTransaction: Undo Delete current selection
[2016.02.28-22.49.35:623][167]LogEditorTransaction: Undo Delete current selection
[2016.02.28-22.49.36:220][181]LogEditorTransaction: Undo Delete current selection
[2016.02.28-22.49.40:473][382]BlueprintLog: New page: Compile Player
[2016.02.28-22.49.42:923][382]BlueprintEditorCompileResults: Info The execution path doesn't end with a return node.  False 
[2016.02.28-22.49.42:923][382]BlueprintEditorCompileResults: Info [0519.54] Compile of Player successful! [in 2,449 ms]
[2016.02.28-22.49.44:920][474]LogD3D11RHI: InitD3DDevice
[2016.02.28-22.49.44:948][474]Cmd: OBJ SAVEPACKAGE PACKAGE="/Game/Blueprints/Player/player" FILE="../../../../../../Users/Jimmy/git/PoliHeath/Proyecto 4.8/Content/Blueprints/Player/player.uasset" SILENT=true
[2016.02.28-22.49.45:791][474]LogSavePackage: Save=685.171997ms
[2016.02.28-22.49.45:791][474]LogSavePackage: Moving '../../../../../../Users/Jimmy/git/PoliHeath/Proyecto 4.8/Saved/player7F2A9C1A4584BB5415D63385BABD9ABC.tmp' to '../../../../../../Users/Jimmy/git/PoliHeath/Proyecto 4.8/Content/Blueprints/Player/player.uasset'
[2016.02.28-22.49.45:792][474]LogFileManager:Warning: DeleteFile was unable to delete '../../../../../../Users/Jimmy/git/PoliHeath/Proyecto 4.8/Content/Blueprints/Player/player.uasset', retrying in .5s...
[2016.02.28-22.49.46:294][474]LogFileManager:Error: Error deleting file '../../../../../../Users/Jimmy/git/PoliHeath/Proyecto 4.8/Content/Blueprints/Player/player.uasset'.
[2016.02.28-22.49.46:294][474]LogSavePackage:Error: Error saving '../../../../../../Users/Jimmy/git/PoliHeath/Proyecto 4.8/Content/Blueprints/Player/player.uasset'
[2016.02.28-22.49.46:322][474]LogD3D11RHI: InitD3DDevice
[2016.02.28-22.49.48:044][474]EditorErrors: New page: Save Output
[2016.02.28-22.49.48:045][474]EditorErrors:Warning: Warning Error saving '../../../../../../Users/Jimmy/git/PoliHeath/Proyecto 4.8/Content/Blueprints/Player/player.uasset'
[2016.02.28-22.49.48:049][474]LogD3D11RHI: InitD3DDevice
[2016.02.28-22.49.48:058][474]LogD3D11RHI: InitD3DDevice
[2016.02.28-22.49.56:915][860]LogD3D11RHI: InitD3DDevice
[2016.02.28-22.50.00:918][860]LogActorComponent: UnregisterComponent: (/Engine/Transient.EditorFloorComp) Not registered. Aborting.
[2016.02.28-22.50.00:966][860]LogWindowsTextInputMethodSystem:Display: IME system now deactivated.
[2016.02.28-22.50.01:681][861]Cmd: QUIT_EDITOR
[2016.02.28-22.50.02:412][861]LogExit: Preparing to exit.
[2016.02.28-22.50.03:795][861]LogExit: Editor shut down
[2016.02.28-22.50.03:795][861]LogExit: Transaction tracking system shut down
[2016.02.28-22.50.03:819][861]LogParticles: Destroying 0 GPU particle simulations for FXSystem 0x00000076C3ABB560
[2016.02.28-22.50.03:819][861]LogParticles: Destroying 0 GPU particle simulations for FXSystem 0x00000076CDB69C60
[2016.02.28-22.50.03:819][861]LogParticles: Destroying 0 GPU particle simulations for FXSystem 0x00000076B2A3F240
[2016.02.28-22.50.03:819][861]LogParticles: Destroying 0 GPU particle simulations for FXSystem 0x00000076B668CEA0
[2016.02.28-22.50.03:820][861]LogParticles: Destroying 0 GPU particle simulations for FXSystem 0x00000076B4C84F40
[2016.02.28-22.50.03:828][861]LogParticles: Destroying 0 GPU particle simulations for FXSystem 0x00000076E4595BC0
[2016.02.28-22.50.05:166][861]LogExit: Object subsystem successfully closed.
[2016.02.28-22.50.05:478][861]LogD3D11RHI: Shutdown
[2016.02.28-22.50.05:478][861]LogD3D11RHI: CleanupD3DDevice
[2016.02.28-22.50.05:613][861]LogD3D11RHI: ~FD3D11DynamicRHI
[2016.02.28-22.50.05:936][861]LogModuleManager: Shutting down and abandoning module CrashTracker (188)
[2016.02.28-22.50.05:936][861]LogModuleManager: Shutting down and abandoning module SceneOutliner (187)
[2016.02.28-22.50.05:936][861]LogModuleManager: Shutting down and abandoning module SuperSearch (186)
[2016.02.28-22.50.05:936][861]LogModuleManager: Shutting down and abandoning module WidgetCarousel (185)
[2016.02.28-22.50.05:948][861]LogModuleManager: Shutting down and abandoning module AddContentDialog (184)
[2016.02.28-22.50.06:015][861]LogModuleManager: Shutting down and abandoning module EditorWidgets (183)
[2016.02.28-22.50.06:015][861]LogModuleManager: Shutting down and abandoning module CollectionManager (182)
[2016.02.28-22.50.06:124][861]LogModuleManager: Shutting down and abandoning module StatsViewer (181)
[2016.02.28-22.50.06:170][861]LogModuleManager: Shutting down and abandoning module FoliageEdit (180)
[2016.02.28-22.50.06:186][861]LogModuleManager: Shutting down and abandoning module LandscapeEditor (179)
[2016.02.28-22.50.06:210][861]LogModuleManager: Shutting down and abandoning module ActorPickerMode (178)
[2016.02.28-22.50.06:210][861]LogModuleManager: Shutting down and abandoning module GeometryMode (177)
[2016.02.28-22.50.06:210][861]LogModuleManager: Shutting down and abandoning module TextureAlignMode (176)
[2016.02.28-22.50.06:210][861]LogModuleManager: Shutting down and abandoning module BspMode (175)
[2016.02.28-22.50.06:210][861]LogModuleManager: Shutting down and abandoning module PlacementMode (174)
[2016.02.28-22.50.06:218][861]LogModuleManager: Shutting down and abandoning module AutomationWorker (173)
[2016.02.28-22.50.06:218][861]LogModuleManager: Shutting down and abandoning module CharacterAI (172)
[2016.02.28-22.50.06:218][861]LogModuleManager: Shutting down and abandoning module SmartSnapping (171)
[2016.02.28-22.50.06:219][861]LogModuleManager: Shutting down and abandoning module ViewportSnapping (170)
[2016.02.28-22.50.06:219][861]LogModuleManager: Shutting down and abandoning module LogVisualizer (169)
[2016.02.28-22.50.06:227][861]LogModuleManager: Shutting down and abandoning module GameProjectGeneration (168)
[2016.02.28-22.50.06:238][861]LogModuleManager: Shutting down and abandoning module IntroTutorials (167)
[2016.02.28-22.50.06:255][861]LogModuleManager: Shutting down and abandoning module EditorLiveStreaming (166)
[2016.02.28-22.50.06:255][861]LogModuleManager: Shutting down and abandoning module IOSPlatformEditor (165)
[2016.02.28-22.50.06:265][861]LogModuleManager: Shutting down and abandoning module HTML5PlatformEditor (164)
[2016.02.28-22.50.06:265][861]LogModuleManager: Shutting down and abandoning module AndroidDeviceDetection (163)
[2016.02.28-22.50.07:068][861]LogModuleManager: Shutting down and abandoning module AndroidPlatformEditor (162)
[2016.02.28-22.50.07:068][861]LogModuleManager: Shutting down and abandoning module IOSRuntimeSettings (161)
[2016.02.28-22.50.07:068][861]LogModuleManager: Shutting down and abandoning module AndroidRuntimeSettings (160)
[2016.02.28-22.50.07:068][861]LogModuleManager: Shutting down and abandoning module MergeActors (159)
[2016.02.28-22.50.07:079][861]LogModuleManager: Shutting down and abandoning module SizeMap (158)
[2016.02.28-22.50.07:079][861]LogModuleManager: Shutting down and abandoning module TreeMap (157)
[2016.02.28-22.50.07:089][861]LogModuleManager: Shutting down and abandoning module ReferenceViewer (156)
[2016.02.28-22.50.07:089][861]LogModuleManager: Shutting down and abandoning module LocalizationDashboard (155)
[2016.02.28-22.50.07:099][861]LogModuleManager: Shutting down and abandoning module HardwareTargeting (154)
[2016.02.28-22.50.07:099][861]LogModuleManager: Shutting down and abandoning module DeviceProfileEditor (153)
[2016.02.28-22.50.07:103][861]LogModuleManager: Shutting down and abandoning module UndoHistory (152)
[2016.02.28-22.50.07:111][861]LogModuleManager: Shutting down and abandoning module GameplayTagsEditor (151)
[2016.02.28-22.50.07:119][861]LogModuleManager: Shutting down and abandoning module UserFeedback (150)
[2016.02.28-22.50.07:119][861]LogModuleManager: Shutting down and abandoning module XmlParser (149)
[2016.02.28-22.50.07:119][861]LogModuleManager: Shutting down and abandoning module Blutility (148)
[2016.02.28-22.50.07:119][861]LogModuleManager: Shutting down and abandoning module ProjectTargetPlatformEditor (147)
[2016.02.28-22.50.07:119][861]LogModuleManager: Shutting down and abandoning module ProjectSettingsViewer (146)
[2016.02.28-22.50.07:119][861]LogModuleManager: Shutting down and abandoning module InputBindingEditor (145)
[2016.02.28-22.50.07:142][861]LogModuleManager: Shutting down and abandoning module EditorSettingsViewer (144)
[2016.02.28-22.50.07:142][861]LogModuleManager: Shutting down and abandoning module SettingsEditor (143)
[2016.02.28-22.50.07:153][861]LogModuleManager: Shutting down and abandoning module ProjectLauncher (142)
[2016.02.28-22.50.07:170][861]LogModuleManager: Shutting down and abandoning module SessionFrontend (141)
[2016.02.28-22.50.07:177][861]LogModuleManager: Shutting down and abandoning module ProfilerClient (140)
[2016.02.28-22.50.07:187][861]LogModuleManager: Shutting down and abandoning module TargetDeviceServices (139)
[2016.02.28-22.50.07:196][861]LogModuleManager: Shutting down and abandoning module DeviceManager (138)
[2016.02.28-22.50.07:214][861]LogModuleManager: Shutting down and abandoning module AutomationController (137)
[2016.02.28-22.50.07:224][861]LogModuleManager: Shutting down and abandoning module AutomationWindow (136)
[2016.02.28-22.50.07:234][861]LogModuleManager: Shutting down and abandoning module Layers (135)
[2016.02.28-22.50.07:254][861]LogModuleManager: Shutting down and abandoning module ComponentVisualizers (134)
[2016.02.28-22.50.07:254][861]LogModuleManager: Shutting down and abandoning module DetailCustomizations (133)
[2016.02.28-22.50.07:280][861]LogModuleManager: Shutting down and abandoning module PackagesDialog (132)
[2016.02.28-22.50.07:281][861]LogModuleManager: Shutting down and abandoning module AssetRegistry (131)
[2016.02.28-22.50.07:443][861]LogModuleManager: Shutting down and abandoning module Persona (130)
[2016.02.28-22.50.07:470][861]LogModuleManager: Shutting down and abandoning module Kismet (129)
[2016.02.28-22.50.07:471][861]LogModuleManager: Shutting down and abandoning module GraphEditor (128)
[2016.02.28-22.50.07:471][861]LogModuleManager: Shutting down and abandoning module ClassViewer (127)
[2016.02.28-22.50.07:480][861]LogModuleManager: Shutting down and abandoning module Toolbox (126)
[2016.02.28-22.50.07:480][861]LogModuleManager: Shutting down and abandoning module ModuleUI (125)
[2016.02.28-22.50.07:486][861]LogModuleManager: Shutting down and abandoning module MovieSceneTools (124)
[2016.02.28-22.50.07:487][861]LogModuleManager: Shutting down and abandoning module OutputLog (123)
[2016.02.28-22.50.07:487][861]LogModuleManager: Shutting down and abandoning module GammaUI (122)
[2016.02.28-22.50.07:495][861]LogModuleManager: Shutting down and abandoning module Documentation (121)
[2016.02.28-22.50.07:495][861]LogModuleManager: Shutting down and abandoning module GameLiveStreaming (120)
[2016.02.28-22.50.07:504][861]LogModuleManager: Shutting down and abandoning module StreamingPauseRendering (119)
[2016.02.28-22.50.07:504][861]LogModuleManager: Shutting down and abandoning module AnalyticsET (118)
[2016.02.28-22.50.07:504][861]LogModuleManager: Shutting down and abandoning module Analytics (117)
[2016.02.28-22.50.07:504][861]LogModuleManager: Shutting down and abandoning module AITestSuite (116)
[2016.02.28-22.50.07:513][861]LogModuleManager: Shutting down and abandoning module GameplayDebugger (115)
[2016.02.28-22.50.07:523][861]LogModuleManager: Shutting down and abandoning module AIModule (114)
[2016.02.28-22.50.07:523][861]LogModuleManager: Shutting down and abandoning module ProfilerService (113)
[2016.02.28-22.50.07:748][861]LogModuleManager: Shutting down and abandoning module TaskGraph (112)
[2016.02.28-22.50.07:770][861]LogModuleManager: Shutting down and abandoning module SlateRemote (111)
[2016.02.28-22.50.07:770][861]LogModuleManager: Shutting down and abandoning module SteamVRController (110)
[2016.02.28-22.50.07:770][861]LogModuleManager: Shutting down and abandoning module SteamVR (109)
[2016.02.28-22.50.07:770][861]LogModuleManager: Shutting down and abandoning module ProceduralMeshComponent (108)
[2016.02.28-22.50.07:770][861]LogModuleManager: Shutting down and abandoning module OculusRift (107)
[2016.02.28-22.50.07:770][861]LogModuleManager: Shutting down and abandoning module LeapMotionController (106)
[2016.02.28-22.50.07:810][861]LogModuleManager: Shutting down and abandoning module CustomMeshComponent (105)
[2016.02.28-22.50.07:810][861]LogModuleManager: Shutting down and abandoning module CableComponent (104)
[2016.02.28-22.50.07:813][861]LogModuleManager: Shutting down and abandoning module MessagingDebugger (103)
[2016.02.28-22.50.07:829][861]LogModuleManager: Shutting down and abandoning module MediaPlayerEditor (102)
[2016.02.28-22.50.07:840][861]LogModuleManager: Shutting down and abandoning module SpeedTreeImporter (101)
[2016.02.28-22.50.07:840][861]LogModuleManager: Shutting down and abandoning module PluginBrowser (100)
[2016.02.28-22.50.07:847][861]LogModuleManager: Shutting down and abandoning module EpicSurvey (99)
[2016.02.28-22.50.07:850][861]LogModuleManager: Shutting down and abandoning module DesktopPlatform (98)
[2016.02.28-22.50.07:865][861]LogModuleManager: Shutting down and abandoning module VisualStudioSourceCodeAccess (97)
[2016.02.28-22.50.07:871][861]LogModuleManager: Shutting down and abandoning module UObjectPlugin (96)
[2016.02.28-22.50.07:872][861]LogModuleManager: Shutting down and abandoning module SubversionSourceControl (95)
[2016.02.28-22.50.07:886][861]LogModuleManager: Shutting down and abandoning module PerforceSourceControl (94)
[2016.02.28-22.50.07:897][861]LogModuleManager: Shutting down and abandoning module SourceControl (93)
[2016.02.28-22.50.07:904][861]LogModuleManager: Shutting down and abandoning module GitSourceControl (92)
[2016.02.28-22.50.07:915][861]LogModuleManager: Shutting down and abandoning module BlankPlugin (91)
[2016.02.28-22.50.07:915][861]LogModuleManager: Shutting down and abandoning module PaperTiledImporter (90)
[2016.02.28-22.50.07:915][861]LogModuleManager: Shutting down and abandoning module PaperSpriteSheetImporter (89)
[2016.02.28-22.50.07:915][861]LogModuleManager: Shutting down and abandoning module MeshPaint (88)
[2016.02.28-22.50.07:920][861]LogModuleManager: Shutting down and abandoning module SlateReflector (87)
[2016.02.28-22.50.07:931][861]LogModuleManager: Shutting down and abandoning module DirectoryWatcher (86)
[2016.02.28-22.50.07:932][861]LogModuleManager: Shutting down and abandoning module HotReload (85)
[2016.02.28-22.50.07:932][861]LogModuleManager: Shutting down and abandoning module MainFrame (84)
[2016.02.28-22.50.07:932][861]LogModuleManager: Shutting down and abandoning module LevelEditor (83)
[2016.02.28-22.50.07:952][861]LogModuleManager: Shutting down and abandoning module ContentBrowser (82)
[2016.02.28-22.50.07:954][861]LogModuleManager: Shutting down and abandoning module Paper2DEditor (81)
[2016.02.28-22.50.07:969][861]LogModuleManager: Shutting down and abandoning module UdpMessaging (80)
[2016.02.28-22.50.08:070][861]LogModuleManager: Shutting down and abandoning module Paper2D (79)
[2016.02.28-22.50.08:170][861]LogModuleManager: Shutting down and abandoning module WindowsMoviePlayer (78)
[2016.02.28-22.50.08:176][861]LogModuleManager: Shutting down and abandoning module Media (77)
[2016.02.28-22.50.08:176][861]LogModuleManager: Shutting down and abandoning module WmfMedia (76)
[2016.02.28-22.50.08:176][861]LogModuleManager: Shutting down and abandoning module OnlineBlueprintSupport (75)
[2016.02.28-22.50.08:176][861]LogModuleManager: Shutting down and abandoning module PropertyEditor (74)
[2016.02.28-22.50.08:176][861]LogModuleManager: Shutting down and abandoning module BehaviorTreeEditor (73)
[2016.02.28-22.50.08:188][861]LogModuleManager: Shutting down and abandoning module FunctionalTesting (72)
[2016.02.28-22.50.08:195][861]LogModuleManager: Shutting down and abandoning module CollisionAnalyzer (71)
[2016.02.28-22.50.08:205][861]LogModuleManager: Shutting down and abandoning module WorkspaceMenuStructure (70)
[2016.02.28-22.50.08:205][861]LogModuleManager: Shutting down and abandoning module MessageLog (69)
[2016.02.28-22.50.08:205][861]LogModuleManager: Shutting down and abandoning module Sequencer (68)
[2016.02.28-22.50.08:216][861]LogModuleManager: Shutting down and abandoning module AssetTools (67)
[2016.02.28-22.50.08:233][861]LogModuleManager: Shutting down and abandoning module UMGEditor (66)
[2016.02.28-22.50.08:238][861]LogModuleManager: Shutting down and abandoning module UMG (65)
[2016.02.28-22.50.08:249][861]LogModuleManager: Shutting down and abandoning module Slate (64)
[2016.02.28-22.50.08:250][861]LogModuleManager: Shutting down and abandoning module EditorStyle (63)
[2016.02.28-22.50.08:256][861]LogModuleManager: Shutting down and abandoning module SessionServices (62)
[2016.02.28-22.50.08:256][861]LogModuleManager: Shutting down and abandoning module SourceCodeAccess (61)
[2016.02.28-22.50.08:256][861]LogModuleManager: Shutting down and abandoning module HeadMountedDisplay (60)
[2016.02.28-22.50.08:256][861]LogModuleManager: Shutting down and abandoning module XAudio2 (59)
[2016.02.28-22.50.08:256][861]LogModuleManager: Shutting down and abandoning module Networking (57)
[2016.02.28-22.50.08:256][861]LogModuleManager: Shutting down and abandoning module Core (56)
[2016.02.28-22.50.08:256][861]LogModuleManager: Shutting down and abandoning module KismetCompiler (55)
[2016.02.28-22.50.08:274][861]LogModuleManager: Shutting down and abandoning module PhysXFormats (54)
[2016.02.28-22.50.08:274][861]LogModuleManager: Shutting down and abandoning module MeshUtilities (53)
[2016.02.28-22.50.08:287][861]LogModuleManager: Shutting down and abandoning module DerivedDataCache (52)
[2016.02.28-22.50.08:342][861]LogDerivedDataCache: Shutdown
[2016.02.28-22.50.08:342][861]LogModuleManager: Shutting down and abandoning module ShaderFormatOpenGL (51)
[2016.02.28-22.50.08:351][861]LogModuleManager: Shutting down and abandoning module ShaderFormatD3D (50)
[2016.02.28-22.50.08:351][861]LogModuleManager: Shutting down and abandoning module MetalShaderFormat (49)
[2016.02.28-22.50.08:364][861]LogModuleManager: Shutting down and abandoning module TextureFormatUncompressed (48)
[2016.02.28-22.50.08:364][861]LogModuleManager: Shutting down and abandoning module TextureFormatPVR (47)
[2016.02.28-22.50.08:364][861]LogModuleManager: Shutting down and abandoning module TextureFormatIntelISPCTexComp (46)
[2016.02.28-22.50.08:364][861]LogModuleManager: Shutting down and abandoning module TextureFormatDXT (45)
[2016.02.28-22.50.08:364][861]LogModuleManager: Shutting down and abandoning module ImageWrapper (44)
[2016.02.28-22.50.08:364][861]LogModuleManager: Shutting down and abandoning module TextureFormatASTC (43)
[2016.02.28-22.50.08:364][861]LogModuleManager: Shutting down and abandoning module TextureFormatAndroid (42)
[2016.02.28-22.50.08:364][861]LogModuleManager: Shutting down and abandoning module AudioFormatOpus (41)
[2016.02.28-22.50.08:364][861]LogModuleManager: Shutting down and abandoning module AudioFormatOgg (40)
[2016.02.28-22.50.08:364][861]LogModuleManager: Shutting down and abandoning module AudioFormatADPCM (39)
[2016.02.28-22.50.08:364][861]LogModuleManager: Shutting down and abandoning module LinuxTargetPlatform (38)
[2016.02.28-22.50.08:364][861]LogModuleManager: Shutting down and abandoning module LinuxServerTargetPlatform (37)
[2016.02.28-22.50.08:364][861]LogModuleManager: Shutting down and abandoning module LinuxNoEditorTargetPlatform (36)
[2016.02.28-22.50.08:364][861]LogModuleManager: Shutting down and abandoning module Messaging (35)
[2016.02.28-22.50.08:364][861]LogModuleManager: Shutting down and abandoning module IOSTargetPlatform (34)
[2016.02.28-22.50.08:365][861]LogModuleManager: Shutting down and abandoning module HTML5TargetPlatform (33)
[2016.02.28-22.50.08:365][861]LogModuleManager: Shutting down and abandoning module Android_PVRTCTargetPlatform (32)
[2016.02.28-22.50.08:365][861]LogModuleManager: Shutting down and abandoning module Android_ETC2TargetPlatform (31)
[2016.02.28-22.50.08:365][861]LogModuleManager: Shutting down and abandoning module Android_ETC1TargetPlatform (30)
[2016.02.28-22.50.08:365][861]LogModuleManager: Shutting down and abandoning module Android_DXTTargetPlatform (29)
[2016.02.28-22.50.08:365][861]LogModuleManager: Shutting down and abandoning module Android_ATCTargetPlatform (28)
[2016.02.28-22.50.08:365][861]LogModuleManager: Shutting down and abandoning module Android_ASTCTargetPlatform (27)
[2016.02.28-22.50.08:365][861]LogModuleManager: Shutting down and abandoning module AndroidTargetPlatform (26)
[2016.02.28-22.50.08:365][861]LogModuleManager: Shutting down and abandoning module WindowsTargetPlatform (25)
[2016.02.28-22.50.08:365][861]LogModuleManager: Shutting down and abandoning module WindowsServerTargetPlatform (24)
[2016.02.28-22.50.08:365][861]LogModuleManager: Shutting down and abandoning module WindowsNoEditorTargetPlatform (23)
[2016.02.28-22.50.08:365][861]LogModuleManager: Shutting down and abandoning module WindowsClientTargetPlatform (22)
[2016.02.28-22.50.08:365][861]LogModuleManager: Shutting down and abandoning module DesktopTargetPlatform (21)
[2016.02.28-22.50.08:365][861]LogModuleManager: Shutting down and abandoning module TargetPlatform (20)
[2016.02.28-22.50.08:365][861]LogModuleManager: Shutting down and abandoning module InputCore (19)
[2016.02.28-22.50.08:365][861]LogModuleManager: Shutting down and abandoning module Settings (18)
[2016.02.28-22.50.08:365][861]LogModuleManager: Shutting down and abandoning module OnlineSubsystem (16)
[2016.02.28-22.50.08:365][861]LogModuleManager: Shutting down and abandoning module HTTP (15)
[2016.02.28-22.50.08:366][861]LogModuleManager: Shutting down and abandoning module ExampleDeviceProfileSelector (14)
[2016.02.28-22.50.08:366][861]LogModuleManager: Shutting down and abandoning module TextureCompressor (13)
[2016.02.28-22.50.08:377][861]LogModuleManager: Shutting down and abandoning module ShaderCore (12)
[2016.02.28-22.50.08:377][861]LogModuleManager: Shutting down and abandoning module Landscape (11)
[2016.02.28-22.50.08:377][861]LogModuleManager: Shutting down and abandoning module SlateRHIRenderer (10)
[2016.02.28-22.50.08:401][861]LogModuleManager: Shutting down and abandoning module OpenGLDrv (9)
[2016.02.28-22.50.08:406][861]LogModuleManager: Shutting down and abandoning module D3D11RHI (8)
[2016.02.28-22.50.08:406][861]LogModuleManager: Shutting down and abandoning module Renderer (7)
[2016.02.28-22.50.08:406][861]LogModuleManager: Shutting down and abandoning module Engine (6)
[2016.02.28-22.50.08:406][861]LogModuleManager: Shutting down and abandoning module CoreUObject (5)
[2016.02.28-22.50.08:406][861]LogModuleManager: Shutting down and abandoning module NetworkFile (4)
[2016.02.28-22.50.08:415][861]LogModuleManager: Shutting down and abandoning module StreamingFile (3)
[2016.02.28-22.50.08:422][861]LogModuleManager: Shutting down and abandoning module SandboxFile (2)
[2016.02.28-22.50.08:425][861]LogModuleManager: Shutting down and abandoning module PakFile (1)
[2016.02.28-22.50.08:451][861]LogExit: Exiting.
[2016.02.28-22.50.08:463][861]Log file closed, 02/28/16 17:50:08
