[2016.02.14-03.32.11:223][  0]Log file open, 02/13/16 22:32:11
[2016.02.14-03.32.11:223][  0]LogInit:Display: Running engine for game: Proyecto
[2016.02.14-03.32.11:223][  0]LogInit:Display: RandInit(-319592704) SRandInit(-319592704).
[2016.02.14-03.32.11:224][  0]LogTaskGraph: Started task graph with 4 named threads and 5 total threads.
[2016.02.14-03.32.11:224][  0]LogStats: Stats thread started
[2016.02.14-03.32.11:224][  0]LogInit: Version: 4.8.3-2634408+++depot+UE4-Releases+4.8
[2016.02.14-03.32.11:224][  0]LogInit: API Version: 2579680
[2016.02.14-03.32.11:224][  0]LogInit: Compiled (64-bit): Jul 27 2015 16:24:33
[2016.02.14-03.32.11:224][  0]LogInit: Compiled with Visual C++: 18.00.21005.01
[2016.02.14-03.32.11:224][  0]LogInit: Build Configuration: Development
[2016.02.14-03.32.11:224][  0]LogInit: Branch Name: ++depot+UE4-Releases+4.8
[2016.02.14-03.32.11:224][  0]LogInit: Command line:  
[2016.02.14-03.32.11:224][  0]LogInit: Base directory: C:/Program Files (x86)/Epic Games/4.8/Engine/Binaries/Win64/
[2016.02.14-03.32.11:224][  0]LogInit: Rocket: 1
[2016.02.14-03.32.11:247][  0]LogInit: Using libcurl 7.41.0
[2016.02.14-03.32.11:248][  0]LogInit:  - built for x86_64-pc-win32
[2016.02.14-03.32.11:248][  0]LogInit:  - supports SSL with WinSSL
[2016.02.14-03.32.11:248][  0]LogInit:  - other features:
[2016.02.14-03.32.11:248][  0]LogInit:      CURL_VERSION_SSL
[2016.02.14-03.32.11:248][  0]LogInit:      CURL_VERSION_IPV6
[2016.02.14-03.32.11:248][  0]LogInit:      CURL_VERSION_ASYNCHDNS
[2016.02.14-03.32.11:248][  0]LogInit:      CURL_VERSION_LARGEFILE
[2016.02.14-03.32.11:248][  0]LogInit:      CURL_VERSION_IDN
[2016.02.14-03.32.11:248][  0]LogInit:  CurlRequestOptions (configurable via config and command line):
[2016.02.14-03.32.11:248][  0]LogInit:  - bVerifyPeer = true  - Libcurl will verify peer certificate
[2016.02.14-03.32.11:248][  0]LogInit:  - bUseHttpProxy = false  - Libcurl will NOT use HTTP proxy
[2016.02.14-03.32.11:248][  0]LogInit:  - bDontReuseConnections = false  - Libcurl will reuse connections
[2016.02.14-03.32.11:248][  0]LogInit:  - CertBundlePath = nullptr  - Libcurl will use whatever was configured at build time.
[2016.02.14-03.32.11:265][  0]LogOnline:Warning: No default platform service specified for OnlineSubsystem
[2016.02.14-03.32.11:288][  0]LogInit: Presizing for 0 objects not considered by GC, pre-allocating 0 bytes.
[2016.02.14-03.32.11:296][  0]LogInit: Object subsystem initialized
[2016.02.14-03.32.11:297][  0]LogConsoleResponse:Warning: Skipping Unknown console variable: 'UIScaleCurve = (EditorCurveData=(Keys=((Time=480.000000,Value=0.444000),(Time=720.000000,Value=0.666000),(Time=1080.000000,Value=1.000000),(Time=8640.000000,Value=8.000000))),ExternalCurve=None)'
[2016.02.14-03.32.11:297][  0]LogConsoleResponse:Warning:   Found in ini file 'C:/Users/user/Documents/Unreal Projects/Proyecto 4.8/Saved/Config/Windows/Engine.ini', in section '[/Script/Engine.RendererSettings]'
[2016.02.14-03.32.11:363][  0]LogConsoleManager:Warning: Console variable 'r.MSAA.CompositingSampleCount' wasn't set ('Scalability' has a lower priority than 'ProjectSetting')
[2016.02.14-03.32.11:363][  0]LogInit: Selected Device Profile: [Windows]
[2016.02.14-03.32.11:363][  0]LogInit: Applying CVar settings loaded from the selected device profile: [Windows]
[2016.02.14-03.32.11:422][  0]LogInit: Computer: DANNY
[2016.02.14-03.32.11:422][  0]LogInit: User: user
[2016.02.14-03.32.11:422][  0]LogInit: CPU Page size=4096, Cores=2
[2016.02.14-03.32.11:422][  0]LogInit: High frequency timer resolution =1.656324 MHz
[2016.02.14-03.32.11:422][  0]LogMemory: Memory total: Physical=7.9GB (8GB approx)
[2016.02.14-03.32.11:422][  0]LogMemory: Platform Memory Stats for Windows
[2016.02.14-03.32.11:422][  0]LogMemory: Process Physical Memory: 48.66 MB used, 48.66 MB peak
[2016.02.14-03.32.11:422][  0]LogMemory: Process Virtual Memory: 20.94 MB used, 21.77 MB peak
[2016.02.14-03.32.11:422][  0]LogMemory: Physical Memory: 2893.55 MB used, 8096.02 MB total
[2016.02.14-03.32.11:422][  0]LogMemory: Virtual Memory: 286.49 MB used, 134217728.00 MB total
[2016.02.14-03.32.11:537][  0]LogTextLocalizationManager: The requested culture ('es_EC') has no localization data; parent culture's ('es') localization data will be used.
[2016.02.14-03.32.11:723][  0]LogTextLocalizationManager:Warning: Loaded localization resources contain conflicting entries for (Namespace:ContentBrowser, Key:ImportAssetToolTip):
Localization Resource: (C:/Program Files (x86)/Epic Games/4.8/Engine/Content/Localization/Editor/es/Editor.locres) Source String Hash: (-630476809) Localized String: (Importar a {0}...)
Localization Resource: (C:/Program Files (x86)/Epic Games/4.8/Engine/Content/Localization/Editor/es/Editor.locres) Source String Hash: (1271782899) Localized String: (Importa un activo desde el archivo a esta carpeta.)
[2016.02.14-03.32.12:246][  0]LogD3D11RHI: Found D3D11 adapter 0: Intel(R) HD Graphics Family (Feature Level 11_0)
[2016.02.14-03.32.12:246][  0]LogD3D11RHI: Adapter has 0MB of dedicated video memory, 0MB of dedicated system memory, and 1792MB of shared system memory, 1 output[s]
[2016.02.14-03.32.12:292][  0]LogD3D11RHI: Found D3D11 adapter 1: Microsoft Basic Render Driver (Feature Level 11_0)
[2016.02.14-03.32.12:292][  0]LogD3D11RHI: Adapter has 0MB of dedicated video memory, 0MB of dedicated system memory, and 256MB of shared system memory, 0 output[s]
[2016.02.14-03.32.12:292][  0]LogD3D11RHI: Chosen D3D11 Adapter Id = 0
[2016.02.14-03.32.12:297][  0]LogD3D11RHI: InitD3DDevice
[2016.02.14-03.32.12:297][  0]LogD3D11RHI: !Direct3DDevice
[2016.02.14-03.32.12:297][  0]LogRHI: Texture pool is 627 MB (70% of 896 MB)
[2016.02.14-03.32.12:305][  0]LogD3D11RHI: Async texture creation enabled
[2016.02.14-03.32.12:311][  0]LogShaderCompilers:Display: Using Local Shader Compiler.
[2016.02.14-03.32.16:190][  0]LogTemp:Display: Loaded TP DesktopTargetPlatform
[2016.02.14-03.32.16:238][  0]LogTemp:Display: Loaded TP WindowsClientTargetPlatform
[2016.02.14-03.32.16:281][  0]LogTemp:Display: Loaded TP WindowsNoEditorTargetPlatform
[2016.02.14-03.32.16:368][  0]LogTemp:Display: Loaded TP WindowsServerTargetPlatform
[2016.02.14-03.32.16:445][  0]LogTemp:Display: Loaded TP WindowsTargetPlatform
[2016.02.14-03.32.16:478][  0]LogTemp:Display: Loaded TP AndroidTargetPlatform
[2016.02.14-03.32.16:515][  0]LogTemp:Display: Loaded TP Android_ASTCTargetPlatform
[2016.02.14-03.32.16:578][  0]LogTemp:Display: Loaded TP Android_ATCTargetPlatform
[2016.02.14-03.32.16:613][  0]LogTemp:Display: Loaded TP Android_DXTTargetPlatform
[2016.02.14-03.32.16:655][  0]LogTemp:Display: Loaded TP Android_ETC1TargetPlatform
[2016.02.14-03.32.16:678][  0]LogTemp:Display: Loaded TP Android_ETC2TargetPlatform
[2016.02.14-03.32.16:728][  0]LogTemp:Display: Loaded TP Android_PVRTCTargetPlatform
[2016.02.14-03.32.16:988][  0]LogTemp:Display: Loaded TP IOSTargetPlatform
[2016.02.14-03.32.17:023][  0]LogTemp:Display: Loaded TP LinuxNoEditorTargetPlatform
[2016.02.14-03.32.17:078][  0]LogTemp:Display: Loaded TP LinuxServerTargetPlatform
[2016.02.14-03.32.17:128][  0]LogTemp:Display: Loaded TP LinuxTargetPlatform
[2016.02.14-03.32.17:128][  0]LogTargetPlatformManager:Display: Building Assets For Windows
[2016.02.14-03.32.18:005][  0]LogDerivedDataCache:Display: Max Cache Size: 512 MB
[2016.02.14-03.32.18:635][  0]LogDerivedDataCache: Loaded boot cache 0.63s 53MB C:/Users/user/AppData/Local/UnrealEngine/4.8/DerivedDataCache/Boot.ddc.
[2016.02.14-03.32.18:635][  0]LogDerivedDataCache:Display: Loaded Boot cache: C:/Users/user/AppData/Local/UnrealEngine/4.8/DerivedDataCache/Boot.ddc
[2016.02.14-03.32.18:635][  0]LogDerivedDataCache: FDerivedDataBackendGraph:  Pak pak cache file ../../../../../../Users/user/Documents/Unreal Projects/Proyecto 4.8/DerivedDataCache/DDC.ddp not found, will not use a pak cache.
[2016.02.14-03.32.18:635][  0]LogDerivedDataCache: Unable to find inner node Pak for hierarchical cache Hierarchy.
[2016.02.14-03.32.18:635][  0]LogDerivedDataCache: FDerivedDataBackendGraph:  CompressedPak pak cache file ../../../../../../Users/user/Documents/Unreal Projects/Proyecto 4.8/DerivedDataCache/Compressed.ddp not found, will not use a pak cache.
[2016.02.14-03.32.18:636][  0]LogDerivedDataCache: Unable to find inner node CompressedPak for hierarchical cache Hierarchy.
[2016.02.14-03.32.18:978][  0]LogDerivedDataCache:Display: Pak cache opened for reading ../../../Engine/DerivedDataCache/Compressed.ddp.
[2016.02.14-03.32.18:991][  0]LogDerivedDataCache: Using Local data cache path C:/Users/user/AppData/Local/UnrealEngine/Common/DerivedDataCache: Writable
[2016.02.14-03.32.25:231][  0]LogInit: Selected Device Profile: [Windows]
[2016.02.14-03.32.25:745][  0]ImportText (ComponentSweepMultiTests): Missing closing parenthesis: (RootShapeAsset="/Engine/BasicShapes/Cube.Cube",ShapeType="TriggerCapsule",HitResult=(Time=0.50,Location=(X=-100.000015,Y=0.0,Z=100.000015),ImpactPoint=(X=-50.0,Y=0.0,Z=50.0),Normal=(X=-1.0,Y=-0.0,Z=0.0),ImpactNormal=(X=0.0,Y=0.0,Z=1.0),TraceStart=(X=-200.0,Y=0.0,Z=200.0),TraceEnd=(X=0.0,Y=0.0,Z=0.0))
[2016.02.14-03.32.25:746][  0]ImportText (LineTraceSingleByChannelTests): Missing closing parenthesis: (RootShapeAsset="/Engine/BasicShapes/Cube.Cube",HitResult=(Time=0.50,Location=(X=-100.000015,Y=0.0,Z=100.000015),ImpactPoint=(X=-50.0,Y=0.0,Z=50.0),Normal=(X=-1.0,Y=-0.0,Z=0.0),ImpactNormal=(X=0.0,Y=0.0,Z=1.0),TraceStart=(X=-200.0,Y=0.0,Z=200.0),TraceEnd=(X=0.0,Y=0.0,Z=0.0))
[2016.02.14-03.32.25:883][  0]LogMeshUtilities: No automatic mesh reduction module available
[2016.02.14-03.32.25:883][  0]LogMeshUtilities: No automatic mesh merging module available
[2016.02.14-03.32.28:259][  0]LogInit: WinSock: version 1.1 (2.2), MaxSocks=32767, MaxUdp=65467
[2016.02.14-03.32.58:471][  0]UdpMessaging: Initializing bridge on interface 0.0.0.0:0 to multicast group 230.0.0.1:6666.
[2016.02.14-03.33.00:840][  0]SourceControl: Información El control de código fuente está desactivado
[2016.02.14-03.33.01:112][  0]LogSourceControl:Error: '../../../../../../Users/user/Documents/Unreal Projects/Proyecto 4.8/' is not part of a Git repository
[2016.02.14-03.33.01:196][  0]LogSourceControl:Error: '../../../../../../Users/user/Documents/Unreal Projects/Proyecto 4.8/' is not part of a Git repository
[2016.02.14-03.33.01:297][  0]LogSourceControl:Error: '../../../../../../Users/user/Documents/Unreal Projects/Proyecto 4.8/' is not part of a Git repository
[2016.02.14-03.33.03:043][  0]LogObj: 26273 objects as part of root set at end of initial load.
[2016.02.14-03.33.03:043][  0]LogUObjectAllocator: 5409248 out of 0 bytes used by permanent object pool.
[2016.02.14-03.33.03:688][  0]LogEngine: Initializing Engine...
[2016.02.14-03.33.03:749][  0]LogHMD: Can't find Oculus library dev build: is proper Runtime installed? Version: 0.6.0.0
[2016.02.14-03.33.03:797][  0]LogHMD:Warning: SteamVR failed to initialize.  Error: 110
[2016.02.14-03.33.04:374][  0]LogAIModule: Creating AISystem for world NewWorld
[2016.02.14-03.33.04:462][  0]LogInit: XAudio2 using 'Speakers / Headphones (Realtek High Definition Audio)' : 2 channels at 48 kHz using 32 bits per sample (channel mask 0x3)
[2016.02.14-03.33.04:475][  0]LogInit: FAudioDevice initialized.
[2016.02.14-03.33.04:516][  0]LogDerivedDataCache: Saved boot cache 0.04s 53MB C:/Users/user/AppData/Local/UnrealEngine/4.8/DerivedDataCache/Boot.ddc.
[2016.02.14-03.33.04:524][  0]LogInit: Texture streaming: Disabled
[2016.02.14-03.33.04:619][  0]LogAnalytics: Creating configured Analytics provider AnalyticsET
[2016.02.14-03.33.04:619][  0]LogAnalytics: [UEEditor.Rocket.Release] APIServer = http://et2.epicgames.com/ET2/. AppVersion = 4.8.3-2634408+++depot+UE4-Releases+4.8
[2016.02.14-03.33.04:619][  0]LogAnalytics: [UEEditor.Rocket.Release] SetUserId 820feb8a48b81b9277562f967a501efe|f5ef73f63ff848099dbcb372ab74370e|776671d9-1fb4-4ff2-b95f-b2da3e3db6de
[2016.02.14-03.33.04:619][  0]LogAnalytics: [UEEditor.Rocket.Release] AnalyticsET::StartSession
[2016.02.14-03.33.04:767][  0]LogInit: Transaction tracking system initialized
[2016.02.14-03.33.06:600][  0]BlueprintLog: New page: Cargar el editor
[2016.02.14-03.33.06:712][  0]LogAssetRegistry: FAssetRegistry took 0.0106 seconds to start up
[2016.02.14-03.33.06:712][  0]LogDirectoryWatcher:Warning: Failed to begin reading directory changes for ../../../Engine/Plugins/Experimental/CharacterAI/Content/. Error: 0
[2016.02.14-03.33.18:523][  0]LogConsoleManager:Warning: Console variable 'r.VSync' wasn't set ('GameSetting' has a lower priority than 'SystemSettingsIni')
[2016.02.14-03.33.18:524][  0]LogConsoleResponse:Display: 
[2016.02.14-03.33.25:311][  0]LogCook:Display: Done creating registry. It took  0.00s.
[2016.02.14-03.33.29:417][  0]LogSourceControl:Error: '../../../../../../Users/user/Documents/Unreal Projects/Proyecto 4.8/' is not part of a Git repository
[2016.02.14-03.33.29:450][  0]Cmd: MAP LOAD FILE="../../../../../../Users/user/Documents/Unreal Projects/Proyecto 4.8/Content/Niveles/Nivel_1.umap" TEMPLATE=0 SHOWPROGRESS=1 FEATURELEVEL=3
[2016.02.14-03.33.29:532][  0]LightingResults: New page: Diseñar la iluminación
[2016.02.14-03.33.29:689][  0]MapCheck: New page: Revisión del mapa
[2016.02.14-03.33.29:689][  0]LightingResults: New page: Diseñar la iluminación
[2016.02.14-03.33.29:743][  0]LogParticles: Destroying 0 GPU particle simulations for FXSystem 0x0000000B1D0B5940
[2016.02.14-03.33.35:197][  0]LogAIModule: Creating AISystem for world Nivel_1
[2016.02.14-03.33.35:441][  0]LogEditorServer: Finished looking for orphan Actors (0.021 secs)
[2016.02.14-03.33.35:673][  0]Cmd: MAP CHECKDEP NOCLEARLOG
[2016.02.14-03.33.35:979][  0]MapCheck: Información Map check complete: 0 Error(s), 0 Warning(s), took 305,393ms to complete.
[2016.02.14-03.33.35:996][  0]LogFileHelpers: Loading map 'Nivel_1' took 6.546
[2016.02.14-03.33.37:294][  0]LogCollectionManager: Loaded 0 collections in 0.003283 seconds
[2016.02.14-03.33.37:437][  0]LogContentBrowser: Native class hierarchy populated in 0.1436 seconds. Added 1792 classes and 301 folders.
[2016.02.14-03.33.37:859][  0]LogContentBrowser: Native class hierarchy updated for 'WidgetCarousel' in 0.0018 seconds. Added 0 classes and 0 folders.
[2016.02.14-03.33.38:712][  0]LogContentBrowser: Native class hierarchy updated for 'AddContentDialog' in 0.0004 seconds. Added 0 classes and 0 folders.
[2016.02.14-03.33.38:784][  0]LogContentBrowser: Native class hierarchy updated for 'SceneOutliner' in 0.0004 seconds. Added 1 classes and 2 folders.
[2016.02.14-03.33.39:137][  0]LogCrashTracker: Crashtracker disabled due to settings.
[2016.02.14-03.33.39:150][  0]LogD3D11RHI: InitD3DDevice
[2016.02.14-03.33.39:180][  0]LogUObjectGlobals:Warning: Error al encontrar el objeto 'Class Ninguno.'
[2016.02.14-03.33.39:237][  0]LogLoad: Full Startup: 90.29 seconds (BP compile: 1.24 seconds)
[2016.02.14-03.33.40:084][  0]LogContentStreaming: Texture pool size is 0.000000MB
[2016.02.14-03.33.40:438][  0]LogContentStreaming: Texture pool size now 1000 MB
[2016.02.14-03.33.40:716][  0]LogRenderer: Reallocating scene render targets to support 856x376 (Frame:2).
[2016.02.14-03.33.41:746][  3]LogD3D11RHI: InitD3DDevice
[2016.02.14-03.33.42:189][ 11]LogAssetRegistry: Asset discovery search completed in 35.4891 seconds
[2016.02.14-03.33.44:834][ 86]LogPlayLevel: PIE:  No blueprints needed recompiling
[2016.02.14-03.33.45:023][ 86]PIE: New page: Sesión PIE (reproducción en el editor): Nivel_1 (13/2/2016 17:33:44)
[2016.02.14-03.33.45:023][ 86]LogPlayLevel: Creating play world package: /Game/Niveles/UEDPIE_0_Nivel_1
[2016.02.14-03.33.45:026][ 86]LogPlayLevel: PIE: StaticDuplicateObject took: (0.002340s)
[2016.02.14-03.33.45:026][ 86]LogAIModule: Creating AISystem for world Nivel_1
[2016.02.14-03.33.45:027][ 86]LogPlayLevel: PIE: World Init took: (0.001307s)
[2016.02.14-03.33.45:027][ 86]LogPlayLevel: PIE: Created PIE world by copying editor world from /Game/Niveles/Nivel_1.Nivel_1 to /Game/Niveles/UEDPIE_0_Nivel_1.Nivel_1 (0.003875s)
[2016.02.14-03.33.45:124][ 86]LogInit: XAudio2 using 'Speakers / Headphones (Realtek High Definition Audio)' : 2 channels at 48 kHz using 32 bits per sample (channel mask 0x3)
[2016.02.14-03.33.45:134][ 86]LogInit: FAudioDevice initialized.
[2016.02.14-03.33.45:137][ 86]LogD3D11RHI: InitD3DDevice
[2016.02.14-03.33.45:210][ 86]LogWorld: Game class is '2D_C'
[2016.02.14-03.33.45:217][ 86]LogWorld: Bringing World /Game/Niveles/UEDPIE_0_Nivel_1.Nivel_1 up for play (max tick rate 0) at 2016.02.13-22.33.45
[2016.02.14-03.33.45:218][ 86]LogActor:Warning: GameSession /Game/Niveles/UEDPIE_0_Nivel_1.Nivel_1:PersistentLevel.GameSession_0 has natively added scene component(s), but none of them were set as the actor's RootComponent - picking one arbitrarily
[2016.02.14-03.33.45:218][ 86]LogActor:Warning: GameNetworkManager /Game/Niveles/UEDPIE_0_Nivel_1.Nivel_1:PersistentLevel.GameNetworkManager_0 has natively added scene component(s), but none of them were set as the actor's RootComponent - picking one arbitrarily
[2016.02.14-03.33.45:219][ 86]LogWorld: Bringing up level for play took: 0.005002
[2016.02.14-03.33.45:264][ 86]PIE: Información Tiempo de inicio de la reproducción en el editor para  /Game/Niveles/UEDPIE_0_Nivel_1 1,234
[2016.02.14-03.33.45:290][ 86]LogRenderer: Reallocating scene render targets to support 1296x728 (Frame:77).
[2016.02.14-03.34.12:094][523]LogParticles: Destroying 0 GPU particle simulations for FXSystem 0x0000000B23CB2B60
[2016.02.14-03.34.13:762][559]LogD3D11RHI: InitD3DDevice
[2016.02.14-03.34.14:465][607]LogD3D11RHI: InitD3DDevice
[2016.02.14-03.34.14:942][644]LogD3D11RHI: InitD3DDevice
[2016.02.14-03.34.18:739][885]LogD3D11RHI: InitD3DDevice
[2016.02.14-03.34.19:783][956]LogD3D11RHI: InitD3DDevice
[2016.02.14-03.34.19:814][956]Cmd: OBJ SAVEPACKAGE PACKAGE="/Game/Niveles/Nivel_1" FILE="../../../../../../Users/user/Documents/Unreal Projects/Proyecto 4.8/Content/Niveles/Nivel_1.umap" SILENT=true AUTOSAVING=false KEEPDIRTY=false
[2016.02.14-03.34.20:001][956]LogSavePackage: Save=98.758453ms
[2016.02.14-03.34.20:001][956]LogSavePackage: Moving '../../../../../../Users/user/Documents/Unreal Projects/Proyecto 4.8/Saved/Nivel_1BFC2DD844B746D5CAFF41BAA91EADDA1.tmp' to '../../../../../../Users/user/Documents/Unreal Projects/Proyecto 4.8/Content/Niveles/Nivel_1.umap'
[2016.02.14-03.34.21:344][982]LogWindowsTextInputMethodSystem:Display: IME system now deactivated.
[2016.02.14-03.34.21:660][983]Cmd: QUIT_EDITOR
[2016.02.14-03.34.22:038][983]LogExit: Preparing to exit.
[2016.02.14-03.34.22:673][983]LogExit: Editor shut down
[2016.02.14-03.34.22:673][983]LogExit: Transaction tracking system shut down
[2016.02.14-03.34.22:677][983]LogParticles: Destroying 0 GPU particle simulations for FXSystem 0x0000000B14387EC0
[2016.02.14-03.34.22:678][983]LogParticles: Destroying 0 GPU particle simulations for FXSystem 0x0000000B26300EA0
[2016.02.14-03.34.22:678][983]LogParticles: Destroying 0 GPU particle simulations for FXSystem 0x0000000B261DEA20
[2016.02.14-03.34.22:836][983]LogExit: Object subsystem successfully closed.
[2016.02.14-03.34.22:854][983]LogD3D11RHI: Shutdown
[2016.02.14-03.34.22:854][983]LogD3D11RHI: CleanupD3DDevice
[2016.02.14-03.34.22:921][983]LogD3D11RHI: ~FD3D11DynamicRHI
[2016.02.14-03.34.22:958][983]LogModuleManager: Shutting down and abandoning module CrashTracker (188)
[2016.02.14-03.34.22:958][983]LogModuleManager: Shutting down and abandoning module SceneOutliner (187)
[2016.02.14-03.34.22:958][983]LogModuleManager: Shutting down and abandoning module SuperSearch (186)
[2016.02.14-03.34.22:958][983]LogModuleManager: Shutting down and abandoning module WidgetCarousel (185)
[2016.02.14-03.34.22:959][983]LogModuleManager: Shutting down and abandoning module AddContentDialog (184)
[2016.02.14-03.34.22:959][983]LogModuleManager: Shutting down and abandoning module EditorWidgets (183)
[2016.02.14-03.34.22:959][983]LogModuleManager: Shutting down and abandoning module CollectionManager (182)
[2016.02.14-03.34.22:959][983]LogModuleManager: Shutting down and abandoning module StatsViewer (181)
[2016.02.14-03.34.22:959][983]LogModuleManager: Shutting down and abandoning module FoliageEdit (180)
[2016.02.14-03.34.22:959][983]LogModuleManager: Shutting down and abandoning module LandscapeEditor (179)
[2016.02.14-03.34.22:960][983]LogModuleManager: Shutting down and abandoning module ActorPickerMode (178)
[2016.02.14-03.34.22:960][983]LogModuleManager: Shutting down and abandoning module GeometryMode (177)
[2016.02.14-03.34.22:960][983]LogModuleManager: Shutting down and abandoning module TextureAlignMode (176)
[2016.02.14-03.34.22:960][983]LogModuleManager: Shutting down and abandoning module BspMode (175)
[2016.02.14-03.34.22:960][983]LogModuleManager: Shutting down and abandoning module PlacementMode (174)
[2016.02.14-03.34.22:960][983]LogModuleManager: Shutting down and abandoning module AutomationWorker (173)
[2016.02.14-03.34.22:960][983]LogModuleManager: Shutting down and abandoning module CharacterAI (172)
[2016.02.14-03.34.22:960][983]LogModuleManager: Shutting down and abandoning module SmartSnapping (171)
[2016.02.14-03.34.22:960][983]LogModuleManager: Shutting down and abandoning module ViewportSnapping (170)
[2016.02.14-03.34.22:960][983]LogModuleManager: Shutting down and abandoning module LogVisualizer (169)
[2016.02.14-03.34.22:960][983]LogModuleManager: Shutting down and abandoning module GameProjectGeneration (168)
[2016.02.14-03.34.22:960][983]LogModuleManager: Shutting down and abandoning module IntroTutorials (167)
[2016.02.14-03.34.22:960][983]LogModuleManager: Shutting down and abandoning module EditorLiveStreaming (166)
[2016.02.14-03.34.22:960][983]LogModuleManager: Shutting down and abandoning module IOSPlatformEditor (165)
[2016.02.14-03.34.22:960][983]LogModuleManager: Shutting down and abandoning module HTML5PlatformEditor (164)
[2016.02.14-03.34.22:960][983]LogModuleManager: Shutting down and abandoning module AndroidDeviceDetection (163)
[2016.02.14-03.34.22:987][983]LogModuleManager: Shutting down and abandoning module AndroidPlatformEditor (162)
[2016.02.14-03.34.22:987][983]LogModuleManager: Shutting down and abandoning module IOSRuntimeSettings (161)
[2016.02.14-03.34.22:987][983]LogModuleManager: Shutting down and abandoning module AndroidRuntimeSettings (160)
[2016.02.14-03.34.22:987][983]LogModuleManager: Shutting down and abandoning module MergeActors (159)
[2016.02.14-03.34.22:987][983]LogModuleManager: Shutting down and abandoning module SizeMap (158)
[2016.02.14-03.34.22:987][983]LogModuleManager: Shutting down and abandoning module TreeMap (157)
[2016.02.14-03.34.22:987][983]LogModuleManager: Shutting down and abandoning module ReferenceViewer (156)
[2016.02.14-03.34.22:987][983]LogModuleManager: Shutting down and abandoning module LocalizationDashboard (155)
[2016.02.14-03.34.22:987][983]LogModuleManager: Shutting down and abandoning module HardwareTargeting (154)
[2016.02.14-03.34.22:987][983]LogModuleManager: Shutting down and abandoning module DeviceProfileEditor (153)
[2016.02.14-03.34.22:987][983]LogModuleManager: Shutting down and abandoning module UndoHistory (152)
[2016.02.14-03.34.22:987][983]LogModuleManager: Shutting down and abandoning module GameplayTagsEditor (151)
[2016.02.14-03.34.22:987][983]LogModuleManager: Shutting down and abandoning module UserFeedback (150)
[2016.02.14-03.34.22:987][983]LogModuleManager: Shutting down and abandoning module XmlParser (149)
[2016.02.14-03.34.22:987][983]LogModuleManager: Shutting down and abandoning module Blutility (148)
[2016.02.14-03.34.22:987][983]LogModuleManager: Shutting down and abandoning module ProjectTargetPlatformEditor (147)
[2016.02.14-03.34.22:987][983]LogModuleManager: Shutting down and abandoning module ProjectSettingsViewer (146)
[2016.02.14-03.34.22:987][983]LogModuleManager: Shutting down and abandoning module InputBindingEditor (145)
[2016.02.14-03.34.22:987][983]LogModuleManager: Shutting down and abandoning module EditorSettingsViewer (144)
[2016.02.14-03.34.22:987][983]LogModuleManager: Shutting down and abandoning module SettingsEditor (143)
[2016.02.14-03.34.22:988][983]LogModuleManager: Shutting down and abandoning module ProjectLauncher (142)
[2016.02.14-03.34.22:988][983]LogModuleManager: Shutting down and abandoning module SessionFrontend (141)
[2016.02.14-03.34.22:988][983]LogModuleManager: Shutting down and abandoning module ProfilerClient (140)
[2016.02.14-03.34.22:988][983]LogModuleManager: Shutting down and abandoning module TargetDeviceServices (139)
[2016.02.14-03.34.22:988][983]LogModuleManager: Shutting down and abandoning module DeviceManager (138)
[2016.02.14-03.34.22:988][983]LogModuleManager: Shutting down and abandoning module AutomationController (137)
[2016.02.14-03.34.22:988][983]LogModuleManager: Shutting down and abandoning module AutomationWindow (136)
[2016.02.14-03.34.22:988][983]LogModuleManager: Shutting down and abandoning module Layers (135)
[2016.02.14-03.34.22:988][983]LogModuleManager: Shutting down and abandoning module ComponentVisualizers (134)
[2016.02.14-03.34.22:988][983]LogModuleManager: Shutting down and abandoning module DetailCustomizations (133)
[2016.02.14-03.34.22:988][983]LogModuleManager: Shutting down and abandoning module PackagesDialog (132)
[2016.02.14-03.34.22:988][983]LogModuleManager: Shutting down and abandoning module AssetRegistry (131)
[2016.02.14-03.34.23:060][983]LogModuleManager: Shutting down and abandoning module Persona (130)
[2016.02.14-03.34.23:060][983]LogModuleManager: Shutting down and abandoning module Kismet (129)
[2016.02.14-03.34.23:060][983]LogModuleManager: Shutting down and abandoning module GraphEditor (128)
[2016.02.14-03.34.23:060][983]LogModuleManager: Shutting down and abandoning module ClassViewer (127)
[2016.02.14-03.34.23:060][983]LogModuleManager: Shutting down and abandoning module Toolbox (126)
[2016.02.14-03.34.23:060][983]LogModuleManager: Shutting down and abandoning module ModuleUI (125)
[2016.02.14-03.34.23:060][983]LogModuleManager: Shutting down and abandoning module MovieSceneTools (124)
[2016.02.14-03.34.23:060][983]LogModuleManager: Shutting down and abandoning module OutputLog (123)
[2016.02.14-03.34.23:060][983]LogModuleManager: Shutting down and abandoning module GammaUI (122)
[2016.02.14-03.34.23:060][983]LogModuleManager: Shutting down and abandoning module Documentation (121)
[2016.02.14-03.34.23:060][983]LogModuleManager: Shutting down and abandoning module GameLiveStreaming (120)
[2016.02.14-03.34.23:060][983]LogModuleManager: Shutting down and abandoning module StreamingPauseRendering (119)
[2016.02.14-03.34.23:060][983]LogModuleManager: Shutting down and abandoning module AnalyticsET (118)
[2016.02.14-03.34.23:061][983]LogModuleManager: Shutting down and abandoning module Analytics (117)
[2016.02.14-03.34.23:061][983]LogModuleManager: Shutting down and abandoning module AITestSuite (116)
[2016.02.14-03.34.23:061][983]LogModuleManager: Shutting down and abandoning module GameplayDebugger (115)
[2016.02.14-03.34.23:061][983]LogModuleManager: Shutting down and abandoning module AIModule (114)
[2016.02.14-03.34.23:061][983]LogModuleManager: Shutting down and abandoning module ProfilerService (113)
[2016.02.14-03.34.23:075][983]LogModuleManager: Shutting down and abandoning module TaskGraph (112)
[2016.02.14-03.34.23:075][983]LogModuleManager: Shutting down and abandoning module SlateRemote (111)
[2016.02.14-03.34.23:075][983]LogModuleManager: Shutting down and abandoning module SteamVRController (110)
[2016.02.14-03.34.23:075][983]LogModuleManager: Shutting down and abandoning module SteamVR (109)
[2016.02.14-03.34.23:075][983]LogModuleManager: Shutting down and abandoning module ProceduralMeshComponent (108)
[2016.02.14-03.34.23:075][983]LogModuleManager: Shutting down and abandoning module OculusRift (107)
[2016.02.14-03.34.23:075][983]LogModuleManager: Shutting down and abandoning module LeapMotionController (106)
[2016.02.14-03.34.23:088][983]LogModuleManager: Shutting down and abandoning module CustomMeshComponent (105)
[2016.02.14-03.34.23:088][983]LogModuleManager: Shutting down and abandoning module CableComponent (104)
[2016.02.14-03.34.23:088][983]LogModuleManager: Shutting down and abandoning module MessagingDebugger (103)
[2016.02.14-03.34.23:088][983]LogModuleManager: Shutting down and abandoning module MediaPlayerEditor (102)
[2016.02.14-03.34.23:088][983]LogModuleManager: Shutting down and abandoning module SpeedTreeImporter (101)
[2016.02.14-03.34.23:088][983]LogModuleManager: Shutting down and abandoning module PluginBrowser (100)
[2016.02.14-03.34.23:088][983]LogModuleManager: Shutting down and abandoning module EpicSurvey (99)
[2016.02.14-03.34.23:088][983]LogModuleManager: Shutting down and abandoning module DesktopPlatform (98)
[2016.02.14-03.34.23:088][983]LogModuleManager: Shutting down and abandoning module VisualStudioSourceCodeAccess (97)
[2016.02.14-03.34.23:088][983]LogModuleManager: Shutting down and abandoning module UObjectPlugin (96)
[2016.02.14-03.34.23:088][983]LogModuleManager: Shutting down and abandoning module SubversionSourceControl (95)
[2016.02.14-03.34.23:088][983]LogModuleManager: Shutting down and abandoning module PerforceSourceControl (94)
[2016.02.14-03.34.23:088][983]LogModuleManager: Shutting down and abandoning module SourceControl (93)
[2016.02.14-03.34.23:088][983]LogModuleManager: Shutting down and abandoning module GitSourceControl (92)
[2016.02.14-03.34.23:089][983]LogModuleManager: Shutting down and abandoning module BlankPlugin (91)
[2016.02.14-03.34.23:089][983]LogModuleManager: Shutting down and abandoning module PaperTiledImporter (90)
[2016.02.14-03.34.23:089][983]LogModuleManager: Shutting down and abandoning module PaperSpriteSheetImporter (89)
[2016.02.14-03.34.23:089][983]LogModuleManager: Shutting down and abandoning module MeshPaint (88)
[2016.02.14-03.34.23:089][983]LogModuleManager: Shutting down and abandoning module SlateReflector (87)
[2016.02.14-03.34.23:089][983]LogModuleManager: Shutting down and abandoning module DirectoryWatcher (86)
[2016.02.14-03.34.23:089][983]LogModuleManager: Shutting down and abandoning module HotReload (85)
[2016.02.14-03.34.23:089][983]LogModuleManager: Shutting down and abandoning module MainFrame (84)
[2016.02.14-03.34.23:089][983]LogModuleManager: Shutting down and abandoning module LevelEditor (83)
[2016.02.14-03.34.23:090][983]LogModuleManager: Shutting down and abandoning module ContentBrowser (82)
[2016.02.14-03.34.23:091][983]LogModuleManager: Shutting down and abandoning module Paper2DEditor (81)
[2016.02.14-03.34.23:091][983]LogModuleManager: Shutting down and abandoning module UdpMessaging (80)
[2016.02.14-03.34.23:191][983]LogModuleManager: Shutting down and abandoning module Paper2D (79)
[2016.02.14-03.34.23:191][983]LogModuleManager: Shutting down and abandoning module WindowsMoviePlayer (78)
[2016.02.14-03.34.23:194][983]LogModuleManager: Shutting down and abandoning module Media (77)
[2016.02.14-03.34.23:194][983]LogModuleManager: Shutting down and abandoning module WmfMedia (76)
[2016.02.14-03.34.23:194][983]LogModuleManager: Shutting down and abandoning module OnlineBlueprintSupport (75)
[2016.02.14-03.34.23:194][983]LogModuleManager: Shutting down and abandoning module PropertyEditor (74)
[2016.02.14-03.34.23:194][983]LogModuleManager: Shutting down and abandoning module BehaviorTreeEditor (73)
[2016.02.14-03.34.23:194][983]LogModuleManager: Shutting down and abandoning module FunctionalTesting (72)
[2016.02.14-03.34.23:194][983]LogModuleManager: Shutting down and abandoning module CollisionAnalyzer (71)
[2016.02.14-03.34.23:194][983]LogModuleManager: Shutting down and abandoning module WorkspaceMenuStructure (70)
[2016.02.14-03.34.23:194][983]LogModuleManager: Shutting down and abandoning module MessageLog (69)
[2016.02.14-03.34.23:194][983]LogModuleManager: Shutting down and abandoning module Sequencer (68)
[2016.02.14-03.34.23:194][983]LogModuleManager: Shutting down and abandoning module AssetTools (67)
[2016.02.14-03.34.23:194][983]LogModuleManager: Shutting down and abandoning module UMGEditor (66)
[2016.02.14-03.34.23:194][983]LogModuleManager: Shutting down and abandoning module UMG (65)
[2016.02.14-03.34.23:195][983]LogModuleManager: Shutting down and abandoning module Slate (64)
[2016.02.14-03.34.23:195][983]LogModuleManager: Shutting down and abandoning module EditorStyle (63)
[2016.02.14-03.34.23:198][983]LogModuleManager: Shutting down and abandoning module SessionServices (62)
[2016.02.14-03.34.23:198][983]LogModuleManager: Shutting down and abandoning module SourceCodeAccess (61)
[2016.02.14-03.34.23:198][983]LogModuleManager: Shutting down and abandoning module HeadMountedDisplay (60)
[2016.02.14-03.34.23:198][983]LogModuleManager: Shutting down and abandoning module XAudio2 (59)
[2016.02.14-03.34.23:198][983]LogModuleManager: Shutting down and abandoning module Networking (57)
[2016.02.14-03.34.23:198][983]LogModuleManager: Shutting down and abandoning module Core (56)
[2016.02.14-03.34.23:198][983]LogModuleManager: Shutting down and abandoning module KismetCompiler (55)
[2016.02.14-03.34.23:198][983]LogModuleManager: Shutting down and abandoning module PhysXFormats (54)
[2016.02.14-03.34.23:198][983]LogModuleManager: Shutting down and abandoning module MeshUtilities (53)
[2016.02.14-03.34.23:198][983]LogModuleManager: Shutting down and abandoning module DerivedDataCache (52)
[2016.02.14-03.34.23:264][983]LogDerivedDataCache: Shutdown
[2016.02.14-03.34.23:264][983]LogModuleManager: Shutting down and abandoning module ShaderFormatOpenGL (51)
[2016.02.14-03.34.23:264][983]LogModuleManager: Shutting down and abandoning module ShaderFormatD3D (50)
[2016.02.14-03.34.23:264][983]LogModuleManager: Shutting down and abandoning module MetalShaderFormat (49)
[2016.02.14-03.34.23:264][983]LogModuleManager: Shutting down and abandoning module TextureFormatUncompressed (48)
[2016.02.14-03.34.23:264][983]LogModuleManager: Shutting down and abandoning module TextureFormatPVR (47)
[2016.02.14-03.34.23:264][983]LogModuleManager: Shutting down and abandoning module TextureFormatIntelISPCTexComp (46)
[2016.02.14-03.34.23:264][983]LogModuleManager: Shutting down and abandoning module TextureFormatDXT (45)
[2016.02.14-03.34.23:264][983]LogModuleManager: Shutting down and abandoning module ImageWrapper (44)
[2016.02.14-03.34.23:264][983]LogModuleManager: Shutting down and abandoning module TextureFormatASTC (43)
[2016.02.14-03.34.23:264][983]LogModuleManager: Shutting down and abandoning module TextureFormatAndroid (42)
[2016.02.14-03.34.23:264][983]LogModuleManager: Shutting down and abandoning module AudioFormatOpus (41)
[2016.02.14-03.34.23:264][983]LogModuleManager: Shutting down and abandoning module AudioFormatOgg (40)
[2016.02.14-03.34.23:264][983]LogModuleManager: Shutting down and abandoning module AudioFormatADPCM (39)
[2016.02.14-03.34.23:264][983]LogModuleManager: Shutting down and abandoning module LinuxTargetPlatform (38)
[2016.02.14-03.34.23:264][983]LogModuleManager: Shutting down and abandoning module LinuxServerTargetPlatform (37)
[2016.02.14-03.34.23:264][983]LogModuleManager: Shutting down and abandoning module LinuxNoEditorTargetPlatform (36)
[2016.02.14-03.34.23:264][983]LogModuleManager: Shutting down and abandoning module Messaging (35)
[2016.02.14-03.34.23:264][983]LogModuleManager: Shutting down and abandoning module IOSTargetPlatform (34)
[2016.02.14-03.34.23:264][983]LogModuleManager: Shutting down and abandoning module HTML5TargetPlatform (33)
[2016.02.14-03.34.23:264][983]LogModuleManager: Shutting down and abandoning module Android_PVRTCTargetPlatform (32)
[2016.02.14-03.34.23:264][983]LogModuleManager: Shutting down and abandoning module Android_ETC2TargetPlatform (31)
[2016.02.14-03.34.23:264][983]LogModuleManager: Shutting down and abandoning module Android_ETC1TargetPlatform (30)
[2016.02.14-03.34.23:264][983]LogModuleManager: Shutting down and abandoning module Android_DXTTargetPlatform (29)
[2016.02.14-03.34.23:264][983]LogModuleManager: Shutting down and abandoning module Android_ATCTargetPlatform (28)
[2016.02.14-03.34.23:264][983]LogModuleManager: Shutting down and abandoning module Android_ASTCTargetPlatform (27)
[2016.02.14-03.34.23:264][983]LogModuleManager: Shutting down and abandoning module AndroidTargetPlatform (26)
[2016.02.14-03.34.23:264][983]LogModuleManager: Shutting down and abandoning module WindowsTargetPlatform (25)
[2016.02.14-03.34.23:264][983]LogModuleManager: Shutting down and abandoning module WindowsServerTargetPlatform (24)
[2016.02.14-03.34.23:264][983]LogModuleManager: Shutting down and abandoning module WindowsNoEditorTargetPlatform (23)
[2016.02.14-03.34.23:264][983]LogModuleManager: Shutting down and abandoning module WindowsClientTargetPlatform (22)
[2016.02.14-03.34.23:264][983]LogModuleManager: Shutting down and abandoning module DesktopTargetPlatform (21)
[2016.02.14-03.34.23:264][983]LogModuleManager: Shutting down and abandoning module TargetPlatform (20)
[2016.02.14-03.34.23:264][983]LogModuleManager: Shutting down and abandoning module InputCore (19)
[2016.02.14-03.34.23:264][983]LogModuleManager: Shutting down and abandoning module Settings (18)
[2016.02.14-03.34.23:264][983]LogModuleManager: Shutting down and abandoning module OnlineSubsystem (16)
[2016.02.14-03.34.23:264][983]LogModuleManager: Shutting down and abandoning module HTTP (15)
[2016.02.14-03.34.23:265][983]LogModuleManager: Shutting down and abandoning module ExampleDeviceProfileSelector (14)
[2016.02.14-03.34.23:265][983]LogModuleManager: Shutting down and abandoning module TextureCompressor (13)
[2016.02.14-03.34.23:265][983]LogModuleManager: Shutting down and abandoning module ShaderCore (12)
[2016.02.14-03.34.23:265][983]LogModuleManager: Shutting down and abandoning module Landscape (11)
[2016.02.14-03.34.23:265][983]LogModuleManager: Shutting down and abandoning module SlateRHIRenderer (10)
[2016.02.14-03.34.23:268][983]LogModuleManager: Shutting down and abandoning module OpenGLDrv (9)
[2016.02.14-03.34.23:268][983]LogModuleManager: Shutting down and abandoning module D3D11RHI (8)
[2016.02.14-03.34.23:268][983]LogModuleManager: Shutting down and abandoning module Renderer (7)
[2016.02.14-03.34.23:268][983]LogModuleManager: Shutting down and abandoning module Engine (6)
[2016.02.14-03.34.23:268][983]LogModuleManager: Shutting down and abandoning module CoreUObject (5)
[2016.02.14-03.34.23:268][983]LogModuleManager: Shutting down and abandoning module NetworkFile (4)
[2016.02.14-03.34.23:268][983]LogModuleManager: Shutting down and abandoning module StreamingFile (3)
[2016.02.14-03.34.23:268][983]LogModuleManager: Shutting down and abandoning module SandboxFile (2)
[2016.02.14-03.34.23:268][983]LogModuleManager: Shutting down and abandoning module PakFile (1)
[2016.02.14-03.34.23:269][983]LogExit: Exiting.
[2016.02.14-03.34.23:270][983]Log file closed, 02/13/16 22:34:23
