[2016.02.24-21.36.50:925][  0]Log file open, 02/24/16 16:36:50
[2016.02.24-21.36.50:926][  0]LogInit:Display: Running engine for game: Proyecto
[2016.02.24-21.36.50:926][  0]LogInit:Display: RandInit(-120764563) SRandInit(-120764562).
[2016.02.24-21.36.50:926][  0]LogTaskGraph: Started task graph with 4 named threads and 8 total threads.
[2016.02.24-21.36.50:926][  0]LogStats: Stats thread started
[2016.02.24-21.36.50:926][  0]LogInit: Version: 4.8.3-2634408+++depot+UE4-Releases+4.8
[2016.02.24-21.36.50:926][  0]LogInit: API Version: 2579680
[2016.02.24-21.36.50:926][  0]LogInit: Compiled (64-bit): Jul 27 2015 16:24:33
[2016.02.24-21.36.50:926][  0]LogInit: Compiled with Visual C++: 18.00.21005.01
[2016.02.24-21.36.50:926][  0]LogInit: Build Configuration: Development
[2016.02.24-21.36.50:926][  0]LogInit: Branch Name: ++depot+UE4-Releases+4.8
[2016.02.24-21.36.50:926][  0]LogInit: Command line:  
[2016.02.24-21.36.50:926][  0]LogInit: Base directory: C:/Program Files (x86)/Epic Games/4.8/Engine/Binaries/Win64/
[2016.02.24-21.36.50:926][  0]LogInit: Rocket: 1
[2016.02.24-21.36.51:026][  0]LogInit: Using libcurl 7.41.0
[2016.02.24-21.36.51:026][  0]LogInit:  - built for x86_64-pc-win32
[2016.02.24-21.36.51:026][  0]LogInit:  - supports SSL with WinSSL
[2016.02.24-21.36.51:026][  0]LogInit:  - other features:
[2016.02.24-21.36.51:026][  0]LogInit:      CURL_VERSION_SSL
[2016.02.24-21.36.51:026][  0]LogInit:      CURL_VERSION_IPV6
[2016.02.24-21.36.51:026][  0]LogInit:      CURL_VERSION_ASYNCHDNS
[2016.02.24-21.36.51:026][  0]LogInit:      CURL_VERSION_LARGEFILE
[2016.02.24-21.36.51:026][  0]LogInit:      CURL_VERSION_IDN
[2016.02.24-21.36.51:026][  0]LogInit:  CurlRequestOptions (configurable via config and command line):
[2016.02.24-21.36.51:026][  0]LogInit:  - bVerifyPeer = true  - Libcurl will verify peer certificate
[2016.02.24-21.36.51:026][  0]LogInit:  - bUseHttpProxy = false  - Libcurl will NOT use HTTP proxy
[2016.02.24-21.36.51:026][  0]LogInit:  - bDontReuseConnections = false  - Libcurl will reuse connections
[2016.02.24-21.36.51:026][  0]LogInit:  - CertBundlePath = nullptr  - Libcurl will use whatever was configured at build time.
[2016.02.24-21.36.51:061][  0]LogOnline:Warning: No default platform service specified for OnlineSubsystem
[2016.02.24-21.36.51:103][  0]LogInit: Presizing for 0 objects not considered by GC, pre-allocating 0 bytes.
[2016.02.24-21.36.51:123][  0]LogInit: Object subsystem initialized
[2016.02.24-21.36.51:125][  0]LogConsoleResponse:Warning: Skipping Unknown console variable: 'UIScaleCurve = (EditorCurveData=(Keys=((Time=480.000000,Value=0.444000),(Time=720.000000,Value=0.666000),(Time=1080.000000,Value=1.000000),(Time=8640.000000,Value=8.000000))),ExternalCurve=None)'
[2016.02.24-21.36.51:125][  0]LogConsoleResponse:Warning:   Found in ini file 'C:/Users/Jimmy/git/PoliHeath/Proyecto 4.8/Saved/Config/Windows/Engine.ini', in section '[/Script/Engine.RendererSettings]'
[2016.02.24-21.36.51:126][  0]LogConsoleManager:Warning: Console variable 'r.MSAA.CompositingSampleCount' wasn't set ('Scalability' has a lower priority than 'ProjectSetting')
[2016.02.24-21.36.51:126][  0]LogInit: Selected Device Profile: [Windows]
[2016.02.24-21.36.51:126][  0]LogInit: Applying CVar settings loaded from the selected device profile: [Windows]
[2016.02.24-21.36.51:155][  0]LogInit: Computer: JIMMY-PC
[2016.02.24-21.36.51:155][  0]LogInit: User: Jimmy
[2016.02.24-21.36.51:155][  0]LogInit: CPU Page size=4096, Cores=6
[2016.02.24-21.36.51:155][  0]LogInit: High frequency timer resolution =2.746525 MHz
[2016.02.24-21.36.51:155][  0]LogMemory: Memory total: Physical=4.0GB (4GB approx)
[2016.02.24-21.36.51:155][  0]LogMemory: Platform Memory Stats for Windows
[2016.02.24-21.36.51:155][  0]LogMemory: Process Physical Memory: 48.80 MB used, 48.80 MB peak
[2016.02.24-21.36.51:155][  0]LogMemory: Process Virtual Memory: 22.17 MB used, 25.07 MB peak
[2016.02.24-21.36.51:155][  0]LogMemory: Physical Memory: 2842.28 MB used, 4092.53 MB total
[2016.02.24-21.36.51:155][  0]LogMemory: Virtual Memory: 292.58 MB used, 134217728.00 MB total
[2016.02.24-21.36.51:289][  0]LogTextLocalizationManager: The requested culture ('en_US') has no localization data; parent culture's ('en') localization data will be used.
[2016.02.24-21.36.51:826][  0]LogTextLocalizationManager:Warning: Loaded localization resources contain conflicting entries for (Namespace:ContentBrowser, Key:ImportAssetToolTip):
Localization Resource: (C:/Program Files (x86)/Epic Games/4.8/Engine/Content/Localization/Editor/en/Editor.locres) Source String Hash: (-630476809) Localized String: (Import to {0}...)
Localization Resource: (C:/Program Files (x86)/Epic Games/4.8/Engine/Content/Localization/Editor/en/Editor.locres) Source String Hash: (1271782899) Localized String: (Imports an asset from file to this folder.)
[2016.02.24-21.36.52:964][  0]LogD3D11RHI: Found D3D11 adapter 0: NVIDIA GeForce GTX 650 (Feature Level 11_0)
[2016.02.24-21.36.52:964][  0]LogD3D11RHI: Adapter has 1986MB of dedicated video memory, 0MB of dedicated system memory, and 2046MB of shared system memory, 1 output[s]
[2016.02.24-21.36.52:967][  0]LogD3D11RHI: Found D3D11 adapter 1: Microsoft Basic Render Driver (Feature Level 11_0)
[2016.02.24-21.36.52:967][  0]LogD3D11RHI: Adapter has 0MB of dedicated video memory, 0MB of dedicated system memory, and 256MB of shared system memory, 0 output[s]
[2016.02.24-21.36.52:967][  0]LogD3D11RHI: Chosen D3D11 Adapter Id = 0
[2016.02.24-21.36.52:976][  0]LogD3D11RHI: InitD3DDevice
[2016.02.24-21.36.52:976][  0]LogD3D11RHI: !Direct3DDevice
[2016.02.24-21.36.52:976][  0]LogRHI: Texture pool is 1361 MB (70% of 1945 MB)
[2016.02.24-21.36.53:009][  0]LogD3D11RHI: Async texture creation enabled
[2016.02.24-21.36.53:032][  0]LogShaderCompilers:Display: Using Local Shader Compiler.
[2016.02.24-21.36.58:305][  0]LogTemp:Display: Loaded TP DesktopTargetPlatform
[2016.02.24-21.36.58:350][  0]LogTemp:Display: Loaded TP WindowsClientTargetPlatform
[2016.02.24-21.36.58:395][  0]LogTemp:Display: Loaded TP WindowsNoEditorTargetPlatform
[2016.02.24-21.36.58:440][  0]LogTemp:Display: Loaded TP WindowsServerTargetPlatform
[2016.02.24-21.36.58:493][  0]LogTemp:Display: Loaded TP WindowsTargetPlatform
[2016.02.24-21.36.58:534][  0]LogTemp:Display: Loaded TP AndroidTargetPlatform
[2016.02.24-21.36.58:574][  0]LogTemp:Display: Loaded TP Android_ASTCTargetPlatform
[2016.02.24-21.36.58:614][  0]LogTemp:Display: Loaded TP Android_ATCTargetPlatform
[2016.02.24-21.36.58:653][  0]LogTemp:Display: Loaded TP Android_DXTTargetPlatform
[2016.02.24-21.36.58:693][  0]LogTemp:Display: Loaded TP Android_ETC1TargetPlatform
[2016.02.24-21.36.58:732][  0]LogTemp:Display: Loaded TP Android_ETC2TargetPlatform
[2016.02.24-21.36.58:772][  0]LogTemp:Display: Loaded TP Android_PVRTCTargetPlatform
[2016.02.24-21.36.58:991][  0]LogTemp:Display: Loaded TP IOSTargetPlatform
[2016.02.24-21.36.59:030][  0]LogTemp:Display: Loaded TP LinuxNoEditorTargetPlatform
[2016.02.24-21.36.59:069][  0]LogTemp:Display: Loaded TP LinuxServerTargetPlatform
[2016.02.24-21.36.59:119][  0]LogTemp:Display: Loaded TP LinuxTargetPlatform
[2016.02.24-21.36.59:119][  0]LogTargetPlatformManager:Display: Building Assets For Windows
[2016.02.24-21.37.00:345][  0]LogDerivedDataCache:Display: Max Cache Size: 512 MB
[2016.02.24-21.37.02:039][  0]LogDerivedDataCache: Loaded boot cache 1.69s 53MB C:/Users/Jimmy/AppData/Local/UnrealEngine/4.8/DerivedDataCache/Boot.ddc.
[2016.02.24-21.37.02:039][  0]LogDerivedDataCache:Display: Loaded Boot cache: C:/Users/Jimmy/AppData/Local/UnrealEngine/4.8/DerivedDataCache/Boot.ddc
[2016.02.24-21.37.02:040][  0]LogDerivedDataCache: FDerivedDataBackendGraph:  Pak pak cache file ../../../../../../Users/Jimmy/git/PoliHeath/Proyecto 4.8/DerivedDataCache/DDC.ddp not found, will not use a pak cache.
[2016.02.24-21.37.02:040][  0]LogDerivedDataCache: Unable to find inner node Pak for hierarchical cache Hierarchy.
[2016.02.24-21.37.02:040][  0]LogDerivedDataCache: FDerivedDataBackendGraph:  CompressedPak pak cache file ../../../../../../Users/Jimmy/git/PoliHeath/Proyecto 4.8/DerivedDataCache/Compressed.ddp not found, will not use a pak cache.
[2016.02.24-21.37.02:040][  0]LogDerivedDataCache: Unable to find inner node CompressedPak for hierarchical cache Hierarchy.
[2016.02.24-21.37.02:513][  0]LogDerivedDataCache:Display: Pak cache opened for reading ../../../Engine/DerivedDataCache/Compressed.ddp.
[2016.02.24-21.37.02:534][  0]LogDerivedDataCache: Using Local data cache path C:/Users/Jimmy/AppData/Local/UnrealEngine/Common/DerivedDataCache: Writable
[2016.02.24-21.37.11:028][  0]LogInit: Selected Device Profile: [Windows]
[2016.02.24-21.37.11:953][  0]ImportText (ComponentSweepMultiTests): Missing closing parenthesis: (RootShapeAsset="/Engine/BasicShapes/Cube.Cube",ShapeType="TriggerCapsule",HitResult=(Time=0.50,Location=(X=-100.000015,Y=0.0,Z=100.000015),ImpactPoint=(X=-50.0,Y=0.0,Z=50.0),Normal=(X=-1.0,Y=-0.0,Z=0.0),ImpactNormal=(X=0.0,Y=0.0,Z=1.0),TraceStart=(X=-200.0,Y=0.0,Z=200.0),TraceEnd=(X=0.0,Y=0.0,Z=0.0))
[2016.02.24-21.37.11:954][  0]ImportText (LineTraceSingleByChannelTests): Missing closing parenthesis: (RootShapeAsset="/Engine/BasicShapes/Cube.Cube",HitResult=(Time=0.50,Location=(X=-100.000015,Y=0.0,Z=100.000015),ImpactPoint=(X=-50.0,Y=0.0,Z=50.0),Normal=(X=-1.0,Y=-0.0,Z=0.0),ImpactNormal=(X=0.0,Y=0.0,Z=1.0),TraceStart=(X=-200.0,Y=0.0,Z=200.0),TraceEnd=(X=0.0,Y=0.0,Z=0.0))
[2016.02.24-21.37.12:273][  0]LogMeshUtilities: No automatic mesh reduction module available
[2016.02.24-21.37.12:273][  0]LogMeshUtilities: No automatic mesh merging module available
[2016.02.24-21.37.16:754][  0]LogInit: WinSock: version 1.1 (2.2), MaxSocks=32767, MaxUdp=65467
[2016.02.24-21.37.49:252][  0]UdpMessaging: Initializing bridge on interface 0.0.0.0:0 to multicast group 230.0.0.1:6666.
[2016.02.24-21.37.52:367][  0]SourceControl: Info Source control is disabled
[2016.02.24-21.37.54:744][  0]LogObj: 26273 objects as part of root set at end of initial load.
[2016.02.24-21.37.54:744][  0]LogUObjectAllocator: 5409248 out of 0 bytes used by permanent object pool.
[2016.02.24-21.37.55:545][  0]LogEngine: Initializing Engine...
[2016.02.24-21.37.55:628][  0]LogHMD: Can't find Oculus library dev build: is proper Runtime installed? Version: 0.6.0.0
[2016.02.24-21.37.55:776][  0]LogHMD:Warning: SteamVR failed to initialize.  Error: 110
[2016.02.24-21.37.56:950][  0]LogAIModule: Creating AISystem for world NewWorld
[2016.02.24-21.37.57:022][  0]LogInit: XAudio2 using 'Speakers (Realtek High Definition Audio)' : 2 channels at 48 kHz using 32 bits per sample (channel mask 0x3)
[2016.02.24-21.37.57:109][  0]LogInit: FAudioDevice initialized.
[2016.02.24-21.37.57:219][  0]LogDerivedDataCache: Saved boot cache 0.11s 53MB C:/Users/Jimmy/AppData/Local/UnrealEngine/4.8/DerivedDataCache/Boot.ddc.
[2016.02.24-21.37.57:238][  0]LogInit: Texture streaming: Disabled
[2016.02.24-21.37.57:386][  0]LogAnalytics: Creating configured Analytics provider AnalyticsET
[2016.02.24-21.37.57:386][  0]LogAnalytics: [UEEditor.Rocket.Release] APIServer = http://et2.epicgames.com/ET2/. AppVersion = 4.8.3-2634408+++depot+UE4-Releases+4.8
[2016.02.24-21.37.57:386][  0]LogAnalytics: [UEEditor.Rocket.Release] SetUserId d27f3b9b4f30e27e25812782be8b0d8d|8dcf4c5a87044acf9d7d9b2f0991a3f0|822a412b-4e57-4804-a033-2e42d5894c6e
[2016.02.24-21.37.57:396][  0]LogAnalytics: [UEEditor.Rocket.Release] AnalyticsET::StartSession
[2016.02.24-21.37.57:994][  0]LogInit: Transaction tracking system initialized
[2016.02.24-21.37.59:562][  0]BlueprintLog: New page: Editor Load
[2016.02.24-21.37.59:783][  0]LogAssetRegistry: FAssetRegistry took 0.0116 seconds to start up
[2016.02.24-21.37.59:841][  0]LogDirectoryWatcher:Warning: Failed to begin reading directory changes for ../../../Engine/Plugins/Experimental/CharacterAI/Content/. Error: 0
[2016.02.24-21.38.13:036][  0]LogConsoleManager:Warning: Console variable 'r.VSync' wasn't set ('GameSetting' has a lower priority than 'SystemSettingsIni')
[2016.02.24-21.38.13:037][  0]LogConsoleResponse:Display: 
[2016.02.24-21.38.15:881][  0]LogCook:Display: Done creating registry. It took  0.00s.
[2016.02.24-21.38.17:591][  0]Cmd: MAP LOAD FILE="../../../../../../Users/Jimmy/git/PoliHeath/Proyecto 4.8/Content/Niveles/Menu.umap" TEMPLATE=0 SHOWPROGRESS=1 FEATURELEVEL=3
[2016.02.24-21.38.17:669][  0]LightingResults: New page: Lighting Build
[2016.02.24-21.38.17:825][  0]MapCheck: New page: Map Check
[2016.02.24-21.38.17:826][  0]LightingResults: New page: Lighting Build
[2016.02.24-21.38.17:846][  0]LogParticles: Destroying 0 GPU particle simulations for FXSystem 0x0000008243628B80
[2016.02.24-21.38.18:606][  0]LogAIModule: Creating AISystem for world Menu
[2016.02.24-21.38.18:615][  0]LogEditorServer: Finished looking for orphan Actors (0.005 secs)
[2016.02.24-21.38.18:671][  0]Cmd: MAP CHECKDEP NOCLEARLOG
[2016.02.24-21.38.18:942][  0]MapCheck: Info Map check complete: 0 Error(s), 0 Warning(s), took 270.528ms to complete.
[2016.02.24-21.38.18:943][  0]LogFileHelpers: Loading map 'Menu' took 1.355
[2016.02.24-21.38.21:177][  0]LogCollectionManager: Loaded 0 collections in 0.005419 seconds
[2016.02.24-21.38.21:245][  0]LogContentBrowser: Native class hierarchy populated in 0.0316 seconds. Added 1792 classes and 301 folders.
[2016.02.24-21.38.21:986][  0]LogContentBrowser: Native class hierarchy updated for 'WidgetCarousel' in 0.0009 seconds. Added 0 classes and 0 folders.
[2016.02.24-21.38.23:449][  0]LogContentBrowser: Native class hierarchy updated for 'AddContentDialog' in 0.0009 seconds. Added 0 classes and 0 folders.
[2016.02.24-21.38.23:793][  0]LogContentBrowser: Native class hierarchy updated for 'SceneOutliner' in 0.0009 seconds. Added 1 classes and 2 folders.
[2016.02.24-21.38.25:042][  0]LogCrashTracker: Crashtracker disabled due to settings.
[2016.02.24-21.38.25:395][  0]LogD3D11RHI: InitD3DDevice
[2016.02.24-21.38.25:464][  0]LogUObjectGlobals:Warning: Failed to find object 'Class None.'
[2016.02.24-21.38.25:788][  0]LogLoad: Full Startup: 101.52 seconds (BP compile: 0.81 seconds)
[2016.02.24-21.38.26:702][  0]SourceControl: Info # On branch master
[2016.02.24-21.38.26:702][  0]SourceControl: Info # Changes not staged for commit:
[2016.02.24-21.38.26:702][  0]SourceControl: Info #   (use "git add <file>..." to update what will be committed)
[2016.02.24-21.38.26:703][  0]SourceControl: Info #   (use "git checkout -- <file>..." to discard changes in working directory)
[2016.02.24-21.38.26:703][  0]SourceControl: Info #
[2016.02.24-21.38.26:703][  0]SourceControl: Info #	modified:   Proyecto 4.8/Intermediate/CachedAssetRegistry.bin
[2016.02.24-21.38.26:703][  0]SourceControl: Info #	modified:   Proyecto 4.8/Saved/Config/Windows/Editor.ini
[2016.02.24-21.38.26:703][  0]SourceControl: Info #	modified:   Proyecto 4.8/Saved/Config/Windows/EditorPerProjectUserSettings.ini
[2016.02.24-21.38.26:703][  0]SourceControl: Info #	modified:   Proyecto 4.8/Saved/Config/Windows/Engine.ini
[2016.02.24-21.38.26:703][  0]SourceControl: Info #	modified:   Proyecto 4.8/Saved/Logs/Proyecto.log
[2016.02.24-21.38.26:703][  0]SourceControl: Info #
[2016.02.24-21.38.26:703][  0]SourceControl: Info # Untracked files:
[2016.02.24-21.38.26:703][  0]SourceControl: Info #   (use "git add <file>..." to include in what will be committed)
[2016.02.24-21.38.26:703][  0]SourceControl: Info #
[2016.02.24-21.38.26:703][  0]SourceControl: Info #	Proyecto 4.8/Saved/Logs/Proyecto-backup-2016.02.24-16.36.50.log
[2016.02.24-21.38.26:703][  0]SourceControl: Info no changes added to commit (use "git add" and/or "git commit -a")
[2016.02.24-21.38.26:728][  0]LogContentStreaming: Texture pool size is 0.000000MB
[2016.02.24-21.38.26:870][  0]LogContentStreaming: Texture pool size now 1000 MB
[2016.02.24-21.38.27:776][  0]LogRenderer: Reallocating scene render targets to support 1208x576 (Frame:2).
[2016.02.24-21.38.31:483][ 11]LogAssetRegistry: Asset discovery search completed in 31.7123 seconds
[2016.02.24-21.41.10:827][489]LogD3D11RHI: InitD3DDevice
[2016.02.24-21.45.57:105][722]LogD3D11RHI: InitD3DDevice
[2016.02.24-21.45.57:350][722]Cmd: MAP LOAD FILE="../../../../../../Users/Jimmy/git/PoliHeath/Proyecto 4.8/Content/Niveles/Menu.umap" TEMPLATE=0 SHOWPROGRESS=1 FEATURELEVEL=3
[2016.02.24-21.45.57:352][722]LightingResults: New page: Lighting Build
[2016.02.24-21.45.57:398][722]LoadErrors: New page: Loading map: Menu.umap
[2016.02.24-21.45.57:399][722]MapCheck: New page: Map Check
[2016.02.24-21.45.57:399][722]LightingResults: New page: Lighting Build
[2016.02.24-21.45.57:418][722]LogParticles: Destroying 0 GPU particle simulations for FXSystem 0x0000008236F48E00
[2016.02.24-21.45.57:706][722]LogAIModule: Creating AISystem for world Menu
[2016.02.24-21.45.57:709][722]LogEditorServer: Finished looking for orphan Actors (0.000 secs)
[2016.02.24-21.45.58:007][722]Cmd: MAP CHECKDEP NOCLEARLOG
[2016.02.24-21.45.58:198][722]MapCheck: Info Map check complete: 0 Error(s), 0 Warning(s), took 191.512ms to complete.
[2016.02.24-21.45.58:200][722]LogFileHelpers: Loading map 'Menu' took 0.853
[2016.02.24-21.46.07:243][564]LogD3D11RHI: InitD3DDevice
[2016.02.24-21.46.07:344][564]Cmd: MAP LOAD FILE="../../../../../../Users/Jimmy/git/PoliHeath/Proyecto 4.8/Content/Niveles/Menu.umap" TEMPLATE=0 SHOWPROGRESS=1 FEATURELEVEL=3
[2016.02.24-21.46.07:344][564]LightingResults: New page: Lighting Build
[2016.02.24-21.46.07:399][564]LoadErrors: New page: Loading map: Menu.umap
[2016.02.24-21.46.07:400][564]MapCheck: New page: Map Check
[2016.02.24-21.46.07:400][564]LightingResults: New page: Lighting Build
[2016.02.24-21.46.07:419][564]LogParticles: Destroying 0 GPU particle simulations for FXSystem 0x0000008233852CA0
[2016.02.24-21.46.07:700][564]LogAIModule: Creating AISystem for world Menu
[2016.02.24-21.46.07:703][564]LogEditorServer: Finished looking for orphan Actors (0.000 secs)
[2016.02.24-21.46.07:793][564]Cmd: MAP CHECKDEP NOCLEARLOG
[2016.02.24-21.46.07:932][564]MapCheck: Info Map check complete: 0 Error(s), 0 Warning(s), took 138.235ms to complete.
[2016.02.24-21.46.07:934][564]LogFileHelpers: Loading map 'Menu' took 0.592
[2016.02.24-21.46.19:287][607]LogD3D11RHI: InitD3DDevice
[2016.02.24-21.46.19:328][607]LogD3D11RHI: InitD3DDevice
[2016.02.24-21.46.19:455][607]LogLinker:Warning: Asset '../../../Engine/Content/ArtTools/RenderToTexture/Macros/RenderToTextureMacros.uasset' has been saved with empty engine version. The asset will be loaded but may be incompatible.
[2016.02.24-21.46.20:270][607]LogLinker:Warning: Asset '../../../Engine/Content/ArtTools/RenderToTexture/Enums/RenderToTexture_Enum.uasset' has been saved with empty engine version. The asset will be loaded but may be incompatible.
[2016.02.24-21.47.13:628][566]LogD3D11RHI: InitD3DDevice
[2016.02.24-21.47.18:475][945]LogD3D11RHI: InitD3DDevice
[2016.02.24-21.47.26:852][945]LogAIModule: Creating AISystem for world Nivel_1
[2016.02.24-21.47.28:438][945]Cmd: MAP LOAD FILE="../../../../../../Users/Jimmy/git/PoliHeath/Proyecto 4.8/Content/Niveles/Nivel_1.umap" TEMPLATE=0 SHOWPROGRESS=1 FEATURELEVEL=3
[2016.02.24-21.47.28:441][945]LightingResults: New page: Lighting Build
[2016.02.24-21.47.28:547][945]LoadErrors: New page: Loading map: Nivel_1.umap
[2016.02.24-21.47.28:548][945]MapCheck: New page: Map Check
[2016.02.24-21.47.28:548][945]LightingResults: New page: Lighting Build
[2016.02.24-21.47.28:628][945]LogParticles: Destroying 0 GPU particle simulations for FXSystem 0x0000008235745BC0
[2016.02.24-21.47.28:886][945]LogAIModule: Creating AISystem for world Nivel_1
[2016.02.24-21.47.28:959][945]LogEditorServer: Finished looking for orphan Actors (0.000 secs)
[2016.02.24-21.47.29:109][945]Cmd: MAP CHECKDEP NOCLEARLOG
[2016.02.24-21.47.29:315][945]MapCheck: Info Map check complete: 0 Error(s), 0 Warning(s), took 205.174ms to complete.
[2016.02.24-21.47.29:317][945]LogFileHelpers: Loading map 'Nivel_1' took 0.882
[2016.02.24-21.49.39:085][223]LogEditorViewport: Clicking on Actor (LMB): PaperSpriteActor (parte4_Sprite)
[2016.02.24-21.49.41:701][344]LogEditorViewport: Clicking Background
[2016.02.24-21.49.43:393][473]LogEditorViewport: Clicking on Actor (LMB): PaperSpriteActor (parte4_Sprite)
[2016.02.24-21.50.01:781][506]LogEditorViewport: Clicking on Actor (LMB): PaperSpriteActor (parte4_Sprite)
[2016.02.24-21.50.02:353][536]LogEditorViewport: Clicking Background
[2016.02.24-21.50.18:966][707]LogD3D11RHI: InitD3DDevice
[2016.02.24-21.50.21:105][804]Cmd: DELETE
[2016.02.24-21.50.21:105][804]Cmd: ACTOR DELETE
[2016.02.24-21.50.21:343][804]LogEditorActor: Deleted Actor: PaperSpriteActor
[2016.02.24-21.50.21:448][804]LogEditorActor: Deleted 1 Actors (0.107 secs)
[2016.02.24-21.50.21:923][836]LogEditorViewport: Clicking on Actor (LMB): PaperSpriteActor (parte4_Sprite)
[2016.02.24-21.50.22:545][865]Cmd: EDIT COPY
[2016.02.24-21.50.22:938][879]Cmd: EDIT PASTE
[2016.02.24-21.50.38:341][704]LogEditorViewport: Clicking Background
[2016.02.24-21.50.43:081][ 35]LogEditorViewport: Clicking on Actor (LMB): PaperSpriteActor (parte4_Sprite)
[2016.02.24-21.50.50:215][414]LogEditorViewport: Clicking Background
[2016.02.24-21.50.51:208][482]Cmd: TRANSACTION UNDO
[2016.02.24-21.50.51:224][482]LogEditorTransaction: Undo Clicking Background
[2016.02.24-21.50.51:266][482]LogD3D11RHI: InitD3DDevice
[2016.02.24-21.50.52:109][518]LogEditorViewport: Clicking Background
[2016.02.24-21.50.52:778][562]LogEditorViewport: Clicking on Actor (LMB): PaperSpriteActor (parte4_Sprite2)
[2016.02.24-21.51.01:243][ 12]LogEditorViewport: Clicking Background
[2016.02.24-21.51.03:138][147]LogEditorViewport: Clicking on Actor (LMB): PaperSpriteActor (parte4_Sprite2)
[2016.02.24-21.51.08:824][447]LogEditorViewport: Clicking Background
[2016.02.24-21.51.15:592][943]LogEditorViewport: Clicking on Actor (LMB): PaperSpriteActor (parte4_Sprite)
[2016.02.24-21.51.16:808][  4]LogEditorViewport: Clicking on Actor (CTRL LMB): PaperSpriteActor (parte4_Sprite2)
[2016.02.24-21.51.22:670][299]LogEditorViewport: Clicking Background
[2016.02.24-21.51.24:660][435]LogEditorViewport: Clicking Background
[2016.02.24-21.51.26:437][562]LogEditorViewport: Clicking Background
[2016.02.24-21.51.34:532][146]LogEditorViewport: Clicking Background
[2016.02.24-21.51.40:179][541]LogEditorViewport: Clicking on Actor (LMB): PaperSpriteActor (parte4_Sprite)
[2016.02.24-21.51.41:775][623]LogEditorViewport: Clicking Background
[2016.02.24-21.51.42:829][697]LogEditorViewport: Clicking on Actor (LMB): BP_item2_C (BP_item2)
[2016.02.24-21.51.44:769][803]LogEditorViewport: Clicking on Actor (CTRL LMB): PaperSpriteActor (parte4_Sprite2)
[2016.02.24-21.51.50:189][119]LogEditorViewport: Clicking Background
[2016.02.24-21.51.50:713][153]LogEditorViewport: Clicking on Actor (LMB): PaperSpriteActor (parte4_Sprite)
[2016.02.24-21.51.51:792][206]LogEditorViewport: Clicking on Actor (LMB): PaperSpriteActor (parte_Sprite)
[2016.02.24-21.51.52:580][243]LogEditorViewport: Clicking on Actor (LMB): PaperSpriteActor (parte4_Sprite)
[2016.02.24-21.52.01:051][680]LogEditorViewport: Clicking on Actor (LMB): PaperSpriteActor (parte4_Sprite2)
[2016.02.24-21.52.06:799][979]LogEditorViewport: Clicking Background
[2016.02.24-21.52.09:016][125]LogEditorViewport: Clicking on Actor (LMB): PaperSpriteActor (parte_Sprite)
[2016.02.24-21.52.10:815][217]LogEditorViewport: Clicking on Actor (LMB): PaperSpriteActor (parte4_Sprite)
[2016.02.24-21.52.15:188][439]LogEditorViewport: Clicking on Actor (LMB): PaperSpriteActor (parte4_Sprite2)
[2016.02.24-21.52.20:205][694]LogEditorViewport: Clicking Background
[2016.02.24-21.52.26:775][160]LogEditorViewport: Clicking Background
[2016.02.24-21.52.28:748][296]LogEditorViewport: Clicking on Actor (LMB): PaperSpriteActor (parte4_Sprite)
[2016.02.24-21.52.31:352][431]LogEditorViewport: Clicking on Actor (LMB): PaperSpriteActor (parte_Sprite)
[2016.02.24-21.52.32:233][473]LogEditorViewport: Clicking on Actor (LMB): PaperSpriteActor (parte4_Sprite)
[2016.02.24-21.52.37:620][753]LogEditorViewport: Clicking Background
[2016.02.24-21.52.38:231][794]LogEditorViewport: Clicking on Actor (LMB): PaperSpriteActor (parte4_Sprite2)
[2016.02.24-21.52.43:501][ 69]LogEditorViewport: Clicking on Actor (LMB): PaperSpriteActor (parte4_Sprite)
[2016.02.24-21.52.44:325][108]LogEditorViewport: Clicking Background
[2016.02.24-21.57.05:816][483]LogD3D11RHI: InitD3DDevice
[2016.02.24-21.57.05:896][483]LogD3D11RHI: InitD3DDevice
[2016.02.24-21.57.06:049][483]LogFactory: FactoryCreateBinary: Texture with TextureFactory (0 0 C:\Users\Jimmy\Desktop\p3.png)
[2016.02.24-21.57.06:212][483]LogTexture:Display: Building textures: p3 (AutoDXT)
[2016.02.24-21.57.07:867][554]LogD3D11RHI: InitD3DDevice
[2016.02.24-21.57.08:022][562]LogD3D11RHI: InitD3DDevice
[2016.02.24-21.57.08:576][594]LogD3D11RHI: InitD3DDevice
[2016.02.24-21.57.10:123][694]LogTexture:Display: Building textures: p3 (BGRA8)
[2016.02.24-21.57.11:290][744]LogD3D11RHI: InitD3DDevice
[2016.02.24-21.57.11:416][750]LogD3D11RHI: InitD3DDevice
[2016.02.24-21.57.11:844][775]LogD3D11RHI: InitD3DDevice
[2016.02.24-21.57.12:678][829]LogD3D11RHI: InitD3DDevice
[2016.02.24-21.57.13:876][891]LogD3D11RHI: InitD3DDevice
[2016.02.24-21.57.16:868][ 34]LogEditorViewport: Clicking on Actor (LMB): PaperSpriteActor (parte4_Sprite2)
[2016.02.24-21.57.19:152][140]LogEditorViewport: Clicking on Actor (LMB): PaperSpriteActor (p3_Sprite)
[2016.02.24-21.57.36:788][ 48]LogEditorViewport: Clicking Background
[2016.02.24-21.57.38:401][156]LogEditorViewport: Clicking on Actor (LMB): PaperSpriteActor (p3_Sprite)
[2016.02.24-21.57.45:148][508]LogEditorViewport: Clicking Background
[2016.02.24-21.57.46:089][572]LogEditorViewport: Clicking on Actor (LMB): PaperSpriteActor (p3_Sprite)
[2016.02.24-21.58.15:481][330]LogD3D11RHI: InitD3DDevice
[2016.02.24-21.58.24:468][357]LogD3D11RHI: InitD3DDevice
[2016.02.24-21.58.25:331][357]LogSavePackage: Save=277.848541ms
[2016.02.24-21.58.25:331][357]LogSavePackage: Moving '../../../../../../Users/Jimmy/git/PoliHeath/Proyecto 4.8/Saved/Nivel_1_Auto1A2B157E54E5C107DE463ADA0573B73C3.tmp' to '../../../../../../Users/Jimmy/git/PoliHeath/Proyecto 4.8/Saved/Autosaves/Game/Niveles/Nivel_1_Auto1.umap'
[2016.02.24-21.58.25:339][357]LogFileHelpers: Editor autosave (incl. sublevels) for '/Game/Niveles/Nivel_1' took 0.496
[2016.02.24-21.58.25:339][357]LogFileHelpers: Editor autosave (incl. sublevels) for all levels took 0.496
[2016.02.24-21.58.25:350][357]OBJ SavePackage: Generating thumbnails for [1] asset(s) in package [/Game/Sprites/Nivel_1/p3] ([1] browsable assets)...
[2016.02.24-21.58.25:523][357]OBJ SavePackage:     Rendered thumbnail for [Texture2D /Game/Sprites/Nivel_1/p3.p3]
[2016.02.24-21.58.25:523][357]OBJ SavePackage: Finished generating thumbnails for package [/Game/Sprites/Nivel_1/p3]
[2016.02.24-21.58.25:523][357]Cmd: OBJ SAVEPACKAGE PACKAGE="/Game/Sprites/Nivel_1/p3" FILE="../../../../../../Users/Jimmy/git/PoliHeath/Proyecto 4.8/Saved/Autosaves/Game/Sprites/Nivel_1/p3_Auto1.uasset" SILENT=false AUTOSAVING=true
[2016.02.24-21.58.25:666][357]LogSavePackage: Save=137.931747ms
[2016.02.24-21.58.25:666][357]LogSavePackage: Moving '../../../../../../Users/Jimmy/git/PoliHeath/Proyecto 4.8/Saved/p3_Auto1D8C1BA54468E454C929F988B861CAEBE.tmp' to '../../../../../../Users/Jimmy/git/PoliHeath/Proyecto 4.8/Saved/Autosaves/Game/Sprites/Nivel_1/p3_Auto1.uasset'
[2016.02.24-21.58.25:678][357]OBJ SavePackage: Generating thumbnails for [1] asset(s) in package [/Game/Sprites/Nivel_1/p3_Sprite] ([1] browsable assets)...
[2016.02.24-21.58.25:716][357]OBJ SavePackage:     Rendered thumbnail for [PaperSprite /Game/Sprites/Nivel_1/p3_Sprite.p3_Sprite]
[2016.02.24-21.58.25:716][357]OBJ SavePackage: Finished generating thumbnails for package [/Game/Sprites/Nivel_1/p3_Sprite]
[2016.02.24-21.58.25:780][357]LogSavePackage: Save=15.279307ms
[2016.02.24-21.58.25:780][357]LogSavePackage: Moving '../../../../../../Users/Jimmy/git/PoliHeath/Proyecto 4.8/Saved/p3_Sprite_Auto1D9D719EF4820DC6F1A2980B38D9B5877.tmp' to '../../../../../../Users/Jimmy/git/PoliHeath/Proyecto 4.8/Saved/Autosaves/Game/Sprites/Nivel_1/p3_Sprite_Auto1.uasset'
[2016.02.24-21.58.25:783][357]LogFileHelpers: Auto-saving content packages took 0.442
[2016.02.24-22.06.51:176][946]LogEditorViewport: Clicking on Actor (LMB): PaperSpriteActor (parte4_Sprite)
[2016.02.24-22.09.45:971][981]LogEditorViewport: Clicking Background
[2016.02.24-22.09.52:239][374]LogD3D11RHI: InitD3DDevice
[2016.02.24-22.09.54:516][423]LogEditorViewport: Clicking on Actor (LMB): PaperSpriteActor (p3_Sprite)
[2016.02.24-22.09.55:032][447]Cmd: DELETE
[2016.02.24-22.09.55:032][447]Cmd: ACTOR DELETE
[2016.02.24-22.09.55:033][447]LogEditorActor: Deleted Actor: PaperSpriteActor
[2016.02.24-22.09.55:128][447]LogEditorActor: Deleted 1 Actors (0.096 secs)
[2016.02.24-22.09.56:166][516]LogEditorViewport: Clicking on Actor (LMB): PaperSpriteActor (parte4_Sprite2)
[2016.02.24-22.09.56:463][527]Cmd: DELETE
[2016.02.24-22.09.56:463][527]Cmd: ACTOR DELETE
[2016.02.24-22.09.56:464][527]LogEditorActor: Deleted Actor: PaperSpriteActor
[2016.02.24-22.09.56:562][527]LogEditorActor: Deleted 1 Actors (0.099 secs)
[2016.02.24-22.09.57:678][605]LogEditorViewport: Clicking on Actor (LMB): PaperSpriteActor (parte4_Sprite)
[2016.02.24-22.09.58:086][622]Cmd: DELETE
[2016.02.24-22.09.58:086][622]Cmd: ACTOR DELETE
[2016.02.24-22.09.58:087][622]LogEditorActor: Deleted Actor: PaperSpriteActor
[2016.02.24-22.09.58:182][622]LogEditorActor: Deleted 1 Actors (0.096 secs)
[2016.02.24-22.10.01:874][853]LogD3D11RHI: InitD3DDevice
[2016.02.24-22.10.04:733][853]LogD3D11RHI: InitD3DDevice
[2016.02.24-22.10.06:725][853]LogD3D11RHI: InitD3DDevice
[2016.02.24-22.10.07:229][853]LogParticles: Destroying 0 GPU particle simulations for FXSystem 0x0000008231E2BEC0
[2016.02.24-22.10.07:232][853]LogParticles: Destroying 0 GPU particle simulations for FXSystem 0x0000008231E287C0
[2016.02.24-22.10.07:429][853]LogD3D11RHI: InitD3DDevice
[2016.02.24-22.10.07:796][853]LogD3D11RHI: InitD3DDevice
[2016.02.24-22.10.07:908][853]SourceControl: Info rm 'Proyecto 4.8/Content/Sprites/Nivel_1/parte4_Sprite.uasset'
[2016.02.24-22.10.27:707][260]LogD3D11RHI: InitD3DDevice
[2016.02.24-22.10.34:966][600]LogEditorViewport: Clicking on Actor (LMB): DirectionalLight (DirectionalLight)
[2016.02.24-22.10.39:270][826]LogEditorViewport: Clicking Background
[2016.02.24-22.11.00:357][450]LogD3D11RHI: InitD3DDevice
[2016.02.24-22.11.00:660][450]LogAIModule: Creating AISystem for world Menu
[2016.02.24-22.11.00:842][450]LogD3D11RHI: InitD3DDevice
[2016.02.24-22.11.02:765][450]LogD3D11RHI: InitD3DDevice
[2016.02.24-22.11.03:132][450]Cmd: OBJ SAVEPACKAGE PACKAGE="/Game/Niveles/Nivel_1" FILE="../../../../../../Users/Jimmy/git/PoliHeath/Proyecto 4.8/Content/Niveles/Nivel_1.umap" SILENT=true AUTOSAVING=false KEEPDIRTY=false
[2016.02.24-22.11.03:518][450]LogSavePackage: Save=237.449509ms
[2016.02.24-22.11.03:518][450]LogSavePackage: Moving '../../../../../../Users/Jimmy/git/PoliHeath/Proyecto 4.8/Saved/Nivel_1036CF3A64E293813234A9A97B0898EA9.tmp' to '../../../../../../Users/Jimmy/git/PoliHeath/Proyecto 4.8/Content/Niveles/Nivel_1.umap'
[2016.02.24-22.11.03:611][450]LogFileHelpers: Saving map 'Nivel_1' took 0.708
[2016.02.24-22.11.03:618][450]Cmd: OBJ SAVEPACKAGE PACKAGE="/Game/Sprites/Nivel_1/parte4" FILE="../../../../../../Users/Jimmy/git/PoliHeath/Proyecto 4.8/Content/Sprites/Nivel_1/parte4.uasset" SILENT=true
[2016.02.24-22.11.03:699][450]LogSavePackage: Save=3.102102ms
[2016.02.24-22.11.03:699][450]LogSavePackage: Moving '../../../../../../Users/Jimmy/git/PoliHeath/Proyecto 4.8/Saved/parte40255F24C4942DE7EF249C3831678B5BD.tmp' to '../../../../../../Users/Jimmy/git/PoliHeath/Proyecto 4.8/Content/Sprites/Nivel_1/parte4.uasset'
[2016.02.24-22.11.03:710][450]Cmd: MAP LOAD FILE="../../../../../../Users/Jimmy/git/PoliHeath/Proyecto 4.8/Content/Niveles/Menu.umap" TEMPLATE=0 SHOWPROGRESS=1 FEATURELEVEL=3
[2016.02.24-22.11.03:710][450]LightingResults: New page: Lighting Build
[2016.02.24-22.11.03:808][450]LoadErrors: New page: Loading map: Menu.umap
[2016.02.24-22.11.03:809][450]MapCheck: New page: Map Check
[2016.02.24-22.11.03:809][450]LightingResults: New page: Lighting Build
[2016.02.24-22.11.03:851][450]LogParticles: Destroying 0 GPU particle simulations for FXSystem 0x000000826A620B80
[2016.02.24-22.11.04:343][450]LogAIModule: Creating AISystem for world Menu
[2016.02.24-22.11.04:367][450]LogEditorServer: Finished looking for orphan Actors (0.000 secs)
[2016.02.24-22.11.04:494][450]Cmd: MAP CHECKDEP NOCLEARLOG
[2016.02.24-22.11.04:680][450]MapCheck: Info Map check complete: 0 Error(s), 0 Warning(s), took 185.378ms to complete.
[2016.02.24-22.11.04:681][450]LogFileHelpers: Loading map 'Menu' took 0.976
[2016.02.24-22.11.08:148][772]LogD3D11RHI: InitD3DDevice
[2016.02.24-22.11.08:178][772]LogD3D11RHI: InitD3DDevice
[2016.02.24-22.11.08:270][772]LogLinker:Warning: Asset '../../../Engine/Content/ArtTools/RenderToTexture/Macros/RenderToTextureMacros.uasset' has been saved with empty engine version. The asset will be loaded but may be incompatible.
[2016.02.24-22.11.08:292][772]LogLinker:Warning: Asset '../../../Engine/Content/ArtTools/RenderToTexture/Enums/RenderToTexture_Enum.uasset' has been saved with empty engine version. The asset will be loaded but may be incompatible.
[2016.02.24-22.11.52:764][725]LogD3D11RHI: InitD3DDevice
[2016.02.24-22.12.04:399][666]LogD3D11RHI: InitD3DDevice
[2016.02.24-22.12.04:841][666]LogAIModule: Creating AISystem for world Nivel_1
[2016.02.24-22.12.04:931][666]LogD3D11RHI: InitD3DDevice
[2016.02.24-22.12.05:569][718]LogD3D11RHI: InitD3DDevice
[2016.02.24-22.12.06:535][789]LogD3D11RHI: InitD3DDevice
[2016.02.24-22.12.09:855][ 61]LogD3D11RHI: InitD3DDevice
[2016.02.24-22.12.10:340][ 61]LogD3D11RHI: InitD3DDevice
[2016.02.24-22.12.10:413][ 61]LogD3D11RHI: InitD3DDevice
[2016.02.24-22.12.10:632][ 61]Cmd: OBJ SAVEPACKAGE PACKAGE="/Game/Niveles/Nivel_2" FILE="../../../../../../Users/Jimmy/git/PoliHeath/Proyecto 4.8/Content/Niveles/Nivel_2.umap" SILENT=true AUTOSAVING=false KEEPDIRTY=false
[2016.02.24-22.12.11:041][ 61]LogSavePackage: Save=239.550705ms
[2016.02.24-22.12.11:041][ 61]LogSavePackage: Moving '../../../../../../Users/Jimmy/git/PoliHeath/Proyecto 4.8/Saved/Nivel_2A6BDC41A4E4D96DEA8ACC3BB97FCFBC2.tmp' to '../../../../../../Users/Jimmy/git/PoliHeath/Proyecto 4.8/Content/Niveles/Nivel_2.umap'
[2016.02.24-22.12.11:051][ 61]LogD3D11RHI: InitD3DDevice
[2016.02.24-22.12.11:220][ 61]LogFileHelpers: Saving map 'Nivel_2' took 0.789
[2016.02.24-22.12.11:226][ 61]LogD3D11RHI: InitD3DDevice
[2016.02.24-22.12.11:307][ 61]LogD3D11RHI: InitD3DDevice
[2016.02.24-22.12.13:191][203]LogD3D11RHI: InitD3DDevice
[2016.02.24-22.12.13:287][203]Cmd: MAP LOAD FILE="../../../../../../Users/Jimmy/git/PoliHeath/Proyecto 4.8/Content/Niveles/Nivel_2.umap" TEMPLATE=0 SHOWPROGRESS=1 FEATURELEVEL=3
[2016.02.24-22.12.13:287][203]LightingResults: New page: Lighting Build
[2016.02.24-22.12.13:362][203]LoadErrors: New page: Loading map: Nivel_2.umap
[2016.02.24-22.12.13:363][203]MapCheck: New page: Map Check
[2016.02.24-22.12.13:363][203]LightingResults: New page: Lighting Build
[2016.02.24-22.12.13:443][203]LogParticles: Destroying 0 GPU particle simulations for FXSystem 0x0000008231E2A980
[2016.02.24-22.12.13:770][203]LogAIModule: Creating AISystem for world Nivel_2
[2016.02.24-22.12.13:809][203]LogEditorServer: Finished looking for orphan Actors (0.000 secs)
[2016.02.24-22.12.13:935][203]Cmd: MAP CHECKDEP NOCLEARLOG
[2016.02.24-22.12.14:121][203]MapCheck: Info Map check complete: 0 Error(s), 0 Warning(s), took 185.224ms to complete.
[2016.02.24-22.12.14:124][203]LogFileHelpers: Loading map 'Nivel_2' took 0.840
[2016.02.24-22.12.25:515][ 32]LogEditorViewport: Clicking on Actor (LMB): mesaPC_Sprite_C (mesaPC_Sprite)
[2016.02.24-22.12.26:485][ 85]LogEditorViewport: Clicking Background
[2016.02.24-22.12.33:646][603]LogPlayLevel: PIE:  No blueprints needed recompiling
[2016.02.24-22.12.33:995][603]PIE: New page: PIE session: Nivel_2 (Feb 24, 2016, 12:12:33 PM)
[2016.02.24-22.12.34:005][603]LogPlayLevel: Creating play world package: /Game/Niveles/UEDPIE_0_Nivel_2
[2016.02.24-22.12.34:011][603]LogPlayLevel: PIE: StaticDuplicateObject took: (0.005512s)
[2016.02.24-22.12.34:012][603]LogAIModule: Creating AISystem for world Nivel_2
[2016.02.24-22.12.34:014][603]LogPlayLevel: PIE: World Init took: (0.003150s)
[2016.02.24-22.12.34:039][603]LogPlayLevel: PIE: Created PIE world by copying editor world from /Game/Niveles/Nivel_2.Nivel_2 to /Game/Niveles/UEDPIE_0_Nivel_2.Nivel_2 (0.033218s)
[2016.02.24-22.12.34:127][603]LogInit: XAudio2 using 'Speakers (Realtek High Definition Audio)' : 2 channels at 48 kHz using 32 bits per sample (channel mask 0x3)
[2016.02.24-22.12.34:148][603]LogInit: FAudioDevice initialized.
[2016.02.24-22.12.34:172][603]LogD3D11RHI: InitD3DDevice
[2016.02.24-22.12.34:324][603]LogWorld: Game class is '2D_C'
[2016.02.24-22.12.34:340][603]LogWorld: Bringing World /Game/Niveles/UEDPIE_0_Nivel_2.Nivel_2 up for play (max tick rate 0) at 2016.02.24-17.12.34
[2016.02.24-22.12.34:340][603]LogActor:Warning: GameSession /Game/Niveles/UEDPIE_0_Nivel_2.Nivel_2:PersistentLevel.GameSession_0 has natively added scene component(s), but none of them were set as the actor's RootComponent - picking one arbitrarily
[2016.02.24-22.12.34:362][603]LogActor:Warning: GameNetworkManager /Game/Niveles/UEDPIE_0_Nivel_2.Nivel_2:PersistentLevel.GameNetworkManager_0 has natively added scene component(s), but none of them were set as the actor's RootComponent - picking one arbitrarily
[2016.02.24-22.12.34:388][603]LogWorld: Bringing up level for play took: 0.057753
[2016.02.24-22.12.34:828][603]PIE: Info Play in editor start time for /Game/Niveles/UEDPIE_0_Nivel_2 1.764
[2016.02.24-22.12.35:037][603]LogRenderer: Reallocating scene render targets to support 1296x760 (Frame:32401).
[2016.02.24-22.12.49:540][470]LogParticles: Destroying 0 GPU particle simulations for FXSystem 0x000000823F161800
[2016.02.24-22.12.52:467][662]LogD3D11RHI: InitD3DDevice
[2016.02.24-22.12.52:575][662]LogAIModule: Creating AISystem for world Nivel_1
[2016.02.24-22.12.52:697][662]Cmd: MAP LOAD FILE="../../../../../../Users/Jimmy/git/PoliHeath/Proyecto 4.8/Content/Niveles/Nivel_1.umap" TEMPLATE=0 SHOWPROGRESS=1 FEATURELEVEL=3
[2016.02.24-22.12.52:697][662]LightingResults: New page: Lighting Build
[2016.02.24-22.12.52:771][662]LoadErrors: New page: Loading map: Nivel_1.umap
[2016.02.24-22.12.52:772][662]MapCheck: New page: Map Check
[2016.02.24-22.12.52:772][662]LightingResults: New page: Lighting Build
[2016.02.24-22.12.52:816][662]LogParticles: Destroying 0 GPU particle simulations for FXSystem 0x000000826B8ADD00
[2016.02.24-22.12.53:114][662]LogAIModule: Creating AISystem for world Nivel_1
[2016.02.24-22.12.53:153][662]LogEditorServer: Finished looking for orphan Actors (0.000 secs)
[2016.02.24-22.12.53:262][662]Cmd: MAP CHECKDEP NOCLEARLOG
[2016.02.24-22.12.53:450][662]MapCheck: Info Map check complete: 0 Error(s), 0 Warning(s), took 187.963ms to complete.
[2016.02.24-22.12.53:452][662]LogFileHelpers: Loading map 'Nivel_1' took 0.759
[2016.02.24-22.12.57:970][984]LogEditorViewport: Clicking on Actor (LMB): mesaPC_Sprite_C (mesaPC_Sprite)
[2016.02.24-22.13.01:004][157]LogD3D11RHI: InitD3DDevice
[2016.02.24-22.13.02:085][222]LogD3D11RHI: InitD3DDevice
[2016.02.24-22.13.15:928][130]LogProperty:Warning: Illegal TEXT reference to a private object in external package (EdGraphPin /Game/HUD/Menu.Menu:EventGraph.K2Node_ComponentBoundEvent_138.EdGraphPin_25) from referencer (EdGraphPin /Game/Blueprints/mesaPC_Sprite.mesaPC_Sprite:EventGraph.K2Node_CallFunction_2496.EdGraphPin_149).  Import failed...
[2016.02.24-22.13.15:928][130]LogProperty:Warning: ObjectProperty /Script/Engine.EdGraphPin:LinkedTo.LinkedTo: unresolved reference to 'EdGraphPin'K2Node_ComponentBoundEvent_138.EdGraphPin_25''
[2016.02.24-22.13.15:928][130]LogUObjectHash:Warning: Ambiguous search, could be K2Node_CallFunction /Game/HUD/Menu.Menu:EventGraph.K2Node_CallFunction_2711 or K2Node_CallFunction /Game/Blueprints/mesaPC_Sprite.mesaPC_Sprite:EventGraph.K2Node_CallFunction_2711
[2016.02.24-22.13.15:928][130]LogProperty:Warning: Illegal TEXT reference to a private object in external package (EdGraphPin /Game/HUD/Menu.Menu:EventGraph.K2Node_CallFunction_2711.EdGraphPin_200) from referencer (EdGraphPin /Game/Blueprints/mesaPC_Sprite.mesaPC_Sprite:EventGraph.K2Node_CallFunction_2496.EdGraphPin_150).  Import failed...
[2016.02.24-22.13.15:929][130]LogProperty:Warning: ObjectProperty /Script/Engine.EdGraphPin:LinkedTo.LinkedTo: unresolved reference to 'EdGraphPin'K2Node_CallFunction_2711.EdGraphPin_200''
[2016.02.24-22.13.15:930][130]LogUObjectHash:Warning: Ambiguous search, could be K2Node_VariableSet /Game/HUD/Menu.Menu:EventGraph.K2Node_VariableSet_94 or K2Node_VariableSet /Game/Blueprints/mesaPC_Sprite.mesaPC_Sprite:EventGraph.K2Node_VariableSet_94
[2016.02.24-22.13.15:930][130]LogProperty:Warning: Illegal TEXT reference to a private object in external package (EdGraphPin /Game/HUD/Menu.Menu:EventGraph.K2Node_VariableSet_94.EdGraphPin_50) from referencer (EdGraphPin /Game/Blueprints/mesaPC_Sprite.mesaPC_Sprite:EventGraph.K2Node_CallFunction_2501.EdGraphPin_173).  Import failed...
[2016.02.24-22.13.15:930][130]LogProperty:Warning: ObjectProperty /Script/Engine.EdGraphPin:LinkedTo.LinkedTo: unresolved reference to 'EdGraphPin'K2Node_VariableSet_94.EdGraphPin_50''
[2016.02.24-22.13.15:931][130]LogUObjectHash:Warning: Ambiguous search, could be K2Node_CallFunction /Game/HUD/Menu.Menu:EventGraph.K2Node_CallFunction_2711 or K2Node_CallFunction /Game/Blueprints/mesaPC_Sprite.mesaPC_Sprite:EventGraph.K2Node_CallFunction_2711
[2016.02.24-22.13.15:931][130]LogProperty:Warning: Illegal TEXT reference to a private object in external package (EdGraphPin /Game/HUD/Menu.Menu:EventGraph.K2Node_CallFunction_2711.EdGraphPin_201) from referencer (EdGraphPin /Game/Blueprints/mesaPC_Sprite.mesaPC_Sprite:EventGraph.K2Node_VariableSet_94.EdGraphPin_46).  Import failed...
[2016.02.24-22.13.15:931][130]LogProperty:Warning: ObjectProperty /Script/Engine.EdGraphPin:LinkedTo.LinkedTo: unresolved reference to 'EdGraphPin'K2Node_CallFunction_2711.EdGraphPin_201''
[2016.02.24-22.13.19:986][457]LogD3D11RHI: InitD3DDevice
[2016.02.24-22.13.27:056][ 26]LogD3D11RHI: InitD3DDevice
[2016.02.24-22.13.41:453][240]LogD3D11RHI: InitD3DDevice
[2016.02.24-22.14.04:535][278]BlueprintLog: New page: Compile mesaPC_Sprite
[2016.02.24-22.14.04:913][278]BlueprintEditorCompileResults: Info [2240.64] Compile of mesaPC_Sprite successful! [in 377 ms]
[2016.02.24-22.14.05:547][328]LogD3D11RHI: InitD3DDevice
[2016.02.24-22.14.05:616][328]LogD3D11RHI: InitD3DDevice
[2016.02.24-22.14.05:644][328]Cmd: OBJ SAVEPACKAGE PACKAGE="/Game/Blueprints/mesaPC_Sprite" FILE="../../../../../../Users/Jimmy/git/PoliHeath/Proyecto 4.8/Content/Blueprints/mesaPC_Sprite.uasset" SILENT=true
[2016.02.24-22.14.05:776][328]LogSavePackage: Save=50.609043ms
[2016.02.24-22.14.05:776][328]LogSavePackage: Moving '../../../../../../Users/Jimmy/git/PoliHeath/Proyecto 4.8/Saved/mesaPC_SpriteF41E357146954FEF8A124581ED398CBE.tmp' to '../../../../../../Users/Jimmy/git/PoliHeath/Proyecto 4.8/Content/Blueprints/mesaPC_Sprite.uasset'
[2016.02.24-22.14.07:189][446]LogPlayLevel: PIE:  No blueprints needed recompiling
[2016.02.24-22.14.07:189][446]PIE: New page: PIE session: Nivel_1 (Feb 24, 2016, 12:14:07 PM)
[2016.02.24-22.14.07:190][446]LogPlayLevel: Creating play world package: /Game/Niveles/UEDPIE_0_Nivel_1
[2016.02.24-22.14.07:196][446]LogPlayLevel: PIE: StaticDuplicateObject took: (0.005541s)
[2016.02.24-22.14.07:197][446]LogAIModule: Creating AISystem for world Nivel_1
[2016.02.24-22.14.07:199][446]LogPlayLevel: PIE: World Init took: (0.003145s)
[2016.02.24-22.14.07:199][446]LogPlayLevel: PIE: Created PIE world by copying editor world from /Game/Niveles/Nivel_1.Nivel_1 to /Game/Niveles/UEDPIE_0_Nivel_1.Nivel_1 (0.009045s)
[2016.02.24-22.14.07:295][446]LogInit: XAudio2 using 'Speakers (Realtek High Definition Audio)' : 2 channels at 48 kHz using 32 bits per sample (channel mask 0x3)
[2016.02.24-22.14.07:317][446]LogInit: FAudioDevice initialized.
[2016.02.24-22.14.07:321][446]LogD3D11RHI: InitD3DDevice
[2016.02.24-22.14.07:360][446]LogWorld: Game class is '2D_C'
[2016.02.24-22.14.07:376][446]LogWorld: Bringing World /Game/Niveles/UEDPIE_0_Nivel_1.Nivel_1 up for play (max tick rate 0) at 2016.02.24-17.14.07
[2016.02.24-22.14.07:376][446]LogActor:Warning: GameSession /Game/Niveles/UEDPIE_0_Nivel_1.Nivel_1:PersistentLevel.GameSession_1 has natively added scene component(s), but none of them were set as the actor's RootComponent - picking one arbitrarily
[2016.02.24-22.14.07:378][446]LogActor:Warning: GameNetworkManager /Game/Niveles/UEDPIE_0_Nivel_1.Nivel_1:PersistentLevel.GameNetworkManager_1 has natively added scene component(s), but none of them were set as the actor's RootComponent - picking one arbitrarily
[2016.02.24-22.14.07:379][446]LogWorld: Bringing up level for play took: 0.013368
[2016.02.24-22.14.07:432][446]PIE: Info Play in editor start time for /Game/Niveles/UEDPIE_0_Nivel_1 0.368
[2016.02.24-22.14.10:665][647]LogParticles: Destroying 0 GPU particle simulations for FXSystem 0x000000827B4154E0
[2016.02.24-22.14.15:464][974]LogD3D11RHI: InitD3DDevice
[2016.02.24-22.14.15:545][974]LogD3D11RHI: InitD3DDevice
[2016.02.24-22.14.15:578][974]Cmd: OBJ SAVEPACKAGE PACKAGE="/Game/Niveles/Nivel_1" FILE="../../../../../../Users/Jimmy/git/PoliHeath/Proyecto 4.8/Content/Niveles/Nivel_1.umap" SILENT=true AUTOSAVING=false KEEPDIRTY=false
[2016.02.24-22.14.15:972][974]LogSavePackage: Save=234.158066ms
[2016.02.24-22.14.15:972][974]LogSavePackage: Moving '../../../../../../Users/Jimmy/git/PoliHeath/Proyecto 4.8/Saved/Nivel_17B75216048E60ADEC40838B5EDB0B6F6.tmp' to '../../../../../../Users/Jimmy/git/PoliHeath/Proyecto 4.8/Content/Niveles/Nivel_1.umap'
[2016.02.24-22.14.16:859][ 14]LogPlayLevel: PIE:  No blueprints needed recompiling
[2016.02.24-22.14.16:859][ 14]PIE: New page: PIE session: Nivel_1 (Feb 24, 2016, 12:14:16 PM)
[2016.02.24-22.14.16:860][ 14]LogPlayLevel: Creating play world package: /Game/Niveles/UEDPIE_0_Nivel_1
[2016.02.24-22.14.16:866][ 14]LogPlayLevel: PIE: StaticDuplicateObject took: (0.005592s)
[2016.02.24-22.14.16:867][ 14]LogAIModule: Creating AISystem for world Nivel_1
[2016.02.24-22.14.16:869][ 14]LogPlayLevel: PIE: World Init took: (0.003220s)
[2016.02.24-22.14.16:869][ 14]LogPlayLevel: PIE: Created PIE world by copying editor world from /Game/Niveles/Nivel_1.Nivel_1 to /Game/Niveles/UEDPIE_0_Nivel_1.Nivel_1 (0.009176s)
[2016.02.24-22.14.16:971][ 14]LogInit: XAudio2 using 'Speakers (Realtek High Definition Audio)' : 2 channels at 48 kHz using 32 bits per sample (channel mask 0x3)
[2016.02.24-22.14.16:994][ 14]LogInit: FAudioDevice initialized.
[2016.02.24-22.14.16:999][ 14]LogD3D11RHI: InitD3DDevice
[2016.02.24-22.14.17:036][ 14]LogWorld: Game class is '2D_C'
[2016.02.24-22.14.17:051][ 14]LogWorld: Bringing World /Game/Niveles/UEDPIE_0_Nivel_1.Nivel_1 up for play (max tick rate 0) at 2016.02.24-17.14.17
[2016.02.24-22.14.17:051][ 14]LogActor:Warning: GameSession /Game/Niveles/UEDPIE_0_Nivel_1.Nivel_1:PersistentLevel.GameSession_2 has natively added scene component(s), but none of them were set as the actor's RootComponent - picking one arbitrarily
[2016.02.24-22.14.17:052][ 14]LogActor:Warning: GameNetworkManager /Game/Niveles/UEDPIE_0_Nivel_1.Nivel_1:PersistentLevel.GameNetworkManager_2 has natively added scene component(s), but none of them were set as the actor's RootComponent - picking one arbitrarily
[2016.02.24-22.14.17:053][ 14]LogWorld: Bringing up level for play took: 0.011844
[2016.02.24-22.14.17:095][ 14]PIE: Info Play in editor start time for /Game/Niveles/UEDPIE_0_Nivel_1 0.032
[2016.02.24-22.14.26:625][572]LogPackageName: SearchForPackageOnDisk took   0.200s to resolve Nivel_2.umap
[2016.02.24-22.14.26:829][573]LogPackageName: SearchForPackageOnDisk took   0.166s to resolve Nivel_2.umap
[2016.02.24-22.14.26:829][573]LogNet: Browse: /Game/Niveles/Nivel_2
[2016.02.24-22.14.26:829][573]LogLoad: LoadMap: /Game/Niveles/Nivel_2
[2016.02.24-22.14.26:898][573]LogParticles: Destroying 0 GPU particle simulations for FXSystem 0x000000827B45EB60
[2016.02.24-22.14.26:929][573]Cmd: MEM
[2016.02.24-22.14.27:014][573]LogMemory: Platform Memory Stats for Windows
[2016.02.24-22.14.27:014][573]LogMemory: Process Physical Memory: 638.43 MB used, 659.11 MB peak
[2016.02.24-22.14.27:014][573]LogMemory: Process Virtual Memory: 1264.98 MB used, 1277.02 MB peak
[2016.02.24-22.14.27:014][573]LogMemory: Physical Memory: 3101.27 MB used, 4092.53 MB total
[2016.02.24-22.14.27:014][573]LogMemory: Virtual Memory: 1893.58 MB used, 134217728.00 MB total
[2016.02.24-22.14.27:014][573]LogMemory: 
[2016.02.24-22.14.27:014][573]Allocator Stats for TBB: (not implemented)
[2016.02.24-22.14.27:343][573]LogAIModule: Creating AISystem for world Nivel_2
[2016.02.24-22.14.27:346][573]LogWorld: Game class is '2D_C'
[2016.02.24-22.14.27:371][573]LogWorld: Bringing World /Game/Niveles/UEDPIE_0_Nivel_2.Nivel_2 up for play (max tick rate 0) at 2016.02.24-17.14.27
[2016.02.24-22.14.27:371][573]LogActor:Warning: GameSession /Game/Niveles/UEDPIE_0_Nivel_2.Nivel_2:PersistentLevel.GameSession_3 has natively added scene component(s), but none of them were set as the actor's RootComponent - picking one arbitrarily
[2016.02.24-22.14.27:372][573]LogActor:Warning: GameNetworkManager /Game/Niveles/UEDPIE_0_Nivel_2.Nivel_2:PersistentLevel.GameNetworkManager_3 has natively added scene component(s), but none of them were set as the actor's RootComponent - picking one arbitrarily
[2016.02.24-22.14.27:373][573]LogWorld: Bringing up level for play took: 0.021356
[2016.02.24-22.14.34:690][977]LogParticles: Destroying 0 GPU particle simulations for FXSystem 0x000000823F163F60
[2016.02.24-22.14.40:601][303]LogEditorViewport: Clicking Background
[2016.02.24-22.15.14:003][236]LogEditorViewport: Clicking on Actor (LMB): mesaPC_Sprite_C (mesaPC_Sprite)
[2016.02.24-22.15.25:464][889]LogEditorViewport: Clicking Background
[2016.02.24-22.17.54:436][716]LogD3D11RHI: InitD3DDevice
[2016.02.24-22.17.54:526][716]LogD3D11RHI: InitD3DDevice
[2016.02.24-22.17.56:255][716]LogD3D11RHI: InitD3DDevice
[2016.02.24-22.17.56:546][716]Cmd: OBJ SAVEPACKAGE PACKAGE="/Game/Niveles/Nivel_1" FILE="../../../../../../Users/Jimmy/git/PoliHeath/Proyecto 4.8/Content/Niveles/Nivel_1.umap" SILENT=true AUTOSAVING=false KEEPDIRTY=false
[2016.02.24-22.17.56:934][716]LogSavePackage: Save=235.691650ms
[2016.02.24-22.17.56:934][716]LogSavePackage: Moving '../../../../../../Users/Jimmy/git/PoliHeath/Proyecto 4.8/Saved/Nivel_1A51373B047F46A629A27318E56248397.tmp' to '../../../../../../Users/Jimmy/git/PoliHeath/Proyecto 4.8/Content/Niveles/Nivel_1.umap'
[2016.02.24-22.17.57:051][716]LogFileHelpers: Saving map 'Nivel_1' took 0.719
[2016.02.24-22.17.57:057][716]Cmd: MAP LOAD FILE="../../../../../../Users/Jimmy/git/PoliHeath/Proyecto 4.8/Content/Niveles/Nivel_1.umap" TEMPLATE=0 SHOWPROGRESS=1 FEATURELEVEL=3
[2016.02.24-22.17.57:057][716]LightingResults: New page: Lighting Build
[2016.02.24-22.17.57:151][716]LoadErrors: New page: Loading map: Nivel_1.umap
[2016.02.24-22.17.57:153][716]MapCheck: New page: Map Check
[2016.02.24-22.17.57:153][716]LightingResults: New page: Lighting Build
[2016.02.24-22.17.57:197][716]LogParticles: Destroying 0 GPU particle simulations for FXSystem 0x00000082347919E0
[2016.02.24-22.17.57:659][716]LogAIModule: Creating AISystem for world Nivel_1
[2016.02.24-22.17.57:705][716]LogEditorServer: Finished looking for orphan Actors (0.000 secs)
[2016.02.24-22.17.57:818][716]Cmd: MAP CHECKDEP NOCLEARLOG
[2016.02.24-22.17.58:010][716]MapCheck: Info Map check complete: 0 Error(s), 0 Warning(s), took 191.836ms to complete.
[2016.02.24-22.17.58:012][716]LogFileHelpers: Loading map 'Nivel_1' took 0.958
[2016.02.24-22.18.01:730][975]LogD3D11RHI: InitD3DDevice
[2016.02.24-22.18.02:103][998]LogD3D11RHI: InitD3DDevice
[2016.02.24-22.18.02:968][ 57]LogD3D11RHI: InitD3DDevice
[2016.02.24-22.18.04:135][137]LogD3D11RHI: InitD3DDevice
[2016.02.24-22.18.04:225][137]Cmd: MAP LOAD FILE="../../../../../../Users/Jimmy/git/PoliHeath/Proyecto 4.8/Content/Niveles/Nivel_1.umap" TEMPLATE=0 SHOWPROGRESS=1 FEATURELEVEL=3
[2016.02.24-22.18.04:227][137]LightingResults: New page: Lighting Build
[2016.02.24-22.18.04:299][137]LoadErrors: New page: Loading map: Nivel_1.umap
[2016.02.24-22.18.04:300][137]MapCheck: New page: Map Check
[2016.02.24-22.18.04:300][137]LightingResults: New page: Lighting Build
[2016.02.24-22.18.04:443][137]LogParticles: Destroying 0 GPU particle simulations for FXSystem 0x00000082347902C0
[2016.02.24-22.18.04:481][137]LogAIModule: Creating AISystem for world Nivel_1
[2016.02.24-22.18.04:520][137]LogEditorServer: Finished looking for orphan Actors (0.000 secs)
[2016.02.24-22.18.04:645][137]Cmd: MAP CHECKDEP NOCLEARLOG
[2016.02.24-22.18.04:842][137]MapCheck: Info Map check complete: 0 Error(s), 0 Warning(s), took 196.85ms to complete.
[2016.02.24-22.18.04:844][137]LogFileHelpers: Loading map 'Nivel_1' took 0.623
[2016.02.24-22.18.09:364][447]LogD3D11RHI: InitD3DDevice
[2016.02.24-22.18.09:989][485]LogD3D11RHI: InitD3DDevice
[2016.02.24-22.18.11:896][608]LogD3D11RHI: InitD3DDevice
[2016.02.24-22.18.27:570][705]LogD3D11RHI: InitD3DDevice
[2016.02.24-22.18.36:907][283]LogEditorViewport: Clicking Background
[2016.02.24-22.19.25:100][127]LogD3D11RHI: InitD3DDevice
[2016.02.24-22.19.25:224][127]LogLinker:Warning: Asset '../../../Engine/Content/ArtTools/RenderToTexture/Macros/RenderToTextureMacros.uasset' has been saved with empty engine version. The asset will be loaded but may be incompatible.
[2016.02.24-22.19.25:246][127]LogLinker:Warning: Asset '../../../Engine/Content/ArtTools/RenderToTexture/Enums/RenderToTexture_Enum.uasset' has been saved with empty engine version. The asset will be loaded but may be incompatible.
[2016.02.24-22.20.11:190][563]LogD3D11RHI: InitD3DDevice
[2016.02.24-22.20.11:243][563]LogParticles: Destroying 0 GPU particle simulations for FXSystem 0x0000008203AFAAC0
[2016.02.24-22.20.11:243][563]LogParticles: Destroying 0 GPU particle simulations for FXSystem 0x0000008203AFA520
[2016.02.24-22.20.11:282][563]Cmd: MAP LOAD FILE="../../../../../../Users/Jimmy/git/PoliHeath/Proyecto 4.8/Content/Niveles/Nivel_1.umap" TEMPLATE=0 SHOWPROGRESS=1 FEATURELEVEL=3
[2016.02.24-22.20.11:283][563]LightingResults: New page: Lighting Build
[2016.02.24-22.20.11:354][563]LoadErrors: New page: Loading map: Nivel_1.umap
[2016.02.24-22.20.11:355][563]MapCheck: New page: Map Check
[2016.02.24-22.20.11:355][563]LightingResults: New page: Lighting Build
[2016.02.24-22.20.11:403][563]LogParticles: Destroying 0 GPU particle simulations for FXSystem 0x000000826BB16FC0
[2016.02.24-22.20.11:539][563]LogAIModule: Creating AISystem for world Nivel_1
[2016.02.24-22.20.11:708][563]LogEditorServer: Finished looking for orphan Actors (0.000 secs)
[2016.02.24-22.20.11:833][563]Cmd: MAP CHECKDEP NOCLEARLOG
[2016.02.24-22.20.12:043][563]MapCheck: Info Map check complete: 0 Error(s), 0 Warning(s), took 209.903ms to complete.
[2016.02.24-22.20.12:047][563]LogFileHelpers: Loading map 'Nivel_1' took 0.769
[2016.02.24-22.20.29:046][553]LogEditorActor: Deleted Actor: PaperFlipbookActor
[2016.02.24-22.20.29:150][553]LogEditorActor: Deleted 1 Actors (0.105 secs)
[2016.02.24-22.20.43:603][377]LogEditorViewport: Clicking Background
[2016.02.24-22.21.08:403][318]LogEditorViewport: Clicking Background
[2016.02.24-22.21.27:392][884]LogD3D11RHI: InitD3DDevice
[2016.02.24-22.21.27:482][884]LogD3D11RHI: InitD3DDevice
[2016.02.24-22.21.29:175][884]LogD3D11RHI: InitD3DDevice
[2016.02.24-22.21.29:479][884]Cmd: OBJ SAVEPACKAGE PACKAGE="/Game/Niveles/Nivel_1" FILE="../../../../../../Users/Jimmy/git/PoliHeath/Proyecto 4.8/Content/Niveles/Nivel_1.umap" SILENT=true AUTOSAVING=false KEEPDIRTY=false
[2016.02.24-22.21.29:884][884]LogSavePackage: Save=240.358276ms
[2016.02.24-22.21.29:884][884]LogSavePackage: Moving '../../../../../../Users/Jimmy/git/PoliHeath/Proyecto 4.8/Saved/Nivel_16FA678CF4D7229B7513EEC8C49DFD9C5.tmp' to '../../../../../../Users/Jimmy/git/PoliHeath/Proyecto 4.8/Content/Niveles/Nivel_1.umap'
[2016.02.24-22.21.29:973][884]LogFileHelpers: Saving map 'Nivel_1' took 0.719
[2016.02.24-22.21.29:981][884]Cmd: MAP LOAD FILE="../../../../../../Users/Jimmy/git/PoliHeath/Proyecto 4.8/Content/Niveles/Nivel_1.umap" TEMPLATE=0 SHOWPROGRESS=1 FEATURELEVEL=3
[2016.02.24-22.21.29:981][884]LightingResults: New page: Lighting Build
[2016.02.24-22.21.30:057][884]LoadErrors: New page: Loading map: Nivel_1.umap
[2016.02.24-22.21.30:058][884]MapCheck: New page: Map Check
[2016.02.24-22.21.30:058][884]LightingResults: New page: Lighting Build
[2016.02.24-22.21.30:108][884]LogParticles: Destroying 0 GPU particle simulations for FXSystem 0x000000826BB172E0
[2016.02.24-22.21.30:267][884]LogAIModule: Creating AISystem for world Nivel_1
[2016.02.24-22.21.30:412][884]LogEditorServer: Finished looking for orphan Actors (0.000 secs)
[2016.02.24-22.21.30:547][884]Cmd: MAP CHECKDEP NOCLEARLOG
[2016.02.24-22.21.30:757][884]MapCheck: Info Map check complete: 0 Error(s), 0 Warning(s), took 209.751ms to complete.
[2016.02.24-22.21.30:763][884]LogFileHelpers: Loading map 'Nivel_1' took 0.788
[2016.02.24-22.21.33:539][ 35]LogD3D11RHI: InitD3DDevice
[2016.02.24-22.21.34:928][109]LogEditorViewport: Clicking Background
[2016.02.24-22.21.37:294][239]LogD3D11RHI: InitD3DDevice
[2016.02.24-22.21.39:001][332]LogEditorViewport: Clicking Background
[2016.02.24-22.21.43:691][510]LogD3D11RHI: InitD3DDevice
[2016.02.24-22.21.43:842][510]LogAIModule: Creating AISystem for world Nivel_2
[2016.02.24-22.21.43:969][510]Cmd: MAP LOAD FILE="../../../../../../Users/Jimmy/git/PoliHeath/Proyecto 4.8/Content/Niveles/Nivel_2.umap" TEMPLATE=0 SHOWPROGRESS=1 FEATURELEVEL=3
[2016.02.24-22.21.43:969][510]LightingResults: New page: Lighting Build
[2016.02.24-22.21.44:041][510]LoadErrors: New page: Loading map: Nivel_2.umap
[2016.02.24-22.21.44:042][510]MapCheck: New page: Map Check
[2016.02.24-22.21.44:042][510]LightingResults: New page: Lighting Build
[2016.02.24-22.21.44:124][510]LogParticles: Destroying 0 GPU particle simulations for FXSystem 0x000000825F5576A0
[2016.02.24-22.21.44:377][510]LogAIModule: Creating AISystem for world Nivel_2
[2016.02.24-22.21.44:507][510]LogEditorServer: Finished looking for orphan Actors (0.000 secs)
[2016.02.24-22.21.44:619][510]Cmd: MAP CHECKDEP NOCLEARLOG
[2016.02.24-22.21.44:813][510]MapCheck: Info Map check complete: 0 Error(s), 0 Warning(s), took 193.657ms to complete.
[2016.02.24-22.21.44:816][510]LogFileHelpers: Loading map 'Nivel_2' took 0.851
[2016.02.24-22.21.46:444][599]LogD3D11RHI: InitD3DDevice
[2016.02.24-22.21.46:557][599]LogAIModule: Creating AISystem for world Nivel_1
[2016.02.24-22.21.46:681][599]Cmd: MAP LOAD FILE="../../../../../../Users/Jimmy/git/PoliHeath/Proyecto 4.8/Content/Niveles/Nivel_1.umap" TEMPLATE=0 SHOWPROGRESS=1 FEATURELEVEL=3
[2016.02.24-22.21.46:681][599]LightingResults: New page: Lighting Build
[2016.02.24-22.21.46:753][599]LoadErrors: New page: Loading map: Nivel_1.umap
[2016.02.24-22.21.46:754][599]MapCheck: New page: Map Check
[2016.02.24-22.21.46:754][599]LightingResults: New page: Lighting Build
[2016.02.24-22.21.46:799][599]LogParticles: Destroying 0 GPU particle simulations for FXSystem 0x000000823F2B9620
[2016.02.24-22.21.47:085][599]LogAIModule: Creating AISystem for world Nivel_1
[2016.02.24-22.21.47:214][599]LogEditorServer: Finished looking for orphan Actors (0.000 secs)
[2016.02.24-22.21.47:325][599]Cmd: MAP CHECKDEP NOCLEARLOG
[2016.02.24-22.21.47:523][599]MapCheck: Info Map check complete: 0 Error(s), 0 Warning(s), took 197.774ms to complete.
[2016.02.24-22.21.47:523][599]LogFileHelpers: Loading map 'Nivel_1' took 0.846
[2016.02.24-22.21.47:731][607]LogD3D11RHI: InitD3DDevice
[2016.02.24-22.21.48:028][607]LogAIModule: Creating AISystem for world Menu
[2016.02.24-22.21.48:183][607]Cmd: MAP LOAD FILE="../../../../../../Users/Jimmy/git/PoliHeath/Proyecto 4.8/Content/Niveles/Menu.umap" TEMPLATE=0 SHOWPROGRESS=1 FEATURELEVEL=3
[2016.02.24-22.21.48:183][607]LightingResults: New page: Lighting Build
[2016.02.24-22.21.48:254][607]LoadErrors: New page: Loading map: Menu.umap
[2016.02.24-22.21.48:256][607]MapCheck: New page: Map Check
[2016.02.24-22.21.48:256][607]LightingResults: New page: Lighting Build
[2016.02.24-22.21.48:301][607]LogParticles: Destroying 0 GPU particle simulations for FXSystem 0x000000820A61CCC0
[2016.02.24-22.21.48:762][607]LogAIModule: Creating AISystem for world Menu
[2016.02.24-22.21.48:868][607]LogEditorServer: Finished looking for orphan Actors (0.000 secs)
[2016.02.24-22.21.49:013][607]Cmd: MAP CHECKDEP NOCLEARLOG
[2016.02.24-22.21.49:210][607]MapCheck: Info Map check complete: 0 Error(s), 0 Warning(s), took 196.561ms to complete.
[2016.02.24-22.21.49:210][607]LogFileHelpers: Loading map 'Menu' took 1.031
[2016.02.24-22.21.56:960][102]LogEditorViewport: Clicking Background
[2016.02.24-22.21.58:754][216]LogD3D11RHI: InitD3DDevice
[2016.02.24-22.21.58:902][216]LogD3D11RHI: InitD3DDevice
[2016.02.24-22.21.58:923][216]Cmd: OBJ SAVEPACKAGE PACKAGE="/Game/Niveles/Menu" FILE="../../../../../../Users/Jimmy/git/PoliHeath/Proyecto 4.8/Content/Niveles/Menu.umap" SILENT=true AUTOSAVING=false KEEPDIRTY=false
[2016.02.24-22.21.59:353][216]LogSavePackage: Save=230.522202ms
[2016.02.24-22.21.59:353][216]LogSavePackage: Moving '../../../../../../Users/Jimmy/git/PoliHeath/Proyecto 4.8/Saved/Menu4C25D55F43DC852C4FBA668D17722F9F.tmp' to '../../../../../../Users/Jimmy/git/PoliHeath/Proyecto 4.8/Content/Niveles/Menu.umap'
[2016.02.24-22.22.00:043][250]LogD3D11RHI: InitD3DDevice
[2016.02.24-22.22.00:157][250]LogAIModule: Creating AISystem for world Nivel_1
[2016.02.24-22.22.00:294][250]Cmd: MAP LOAD FILE="../../../../../../Users/Jimmy/git/PoliHeath/Proyecto 4.8/Content/Niveles/Nivel_1.umap" TEMPLATE=0 SHOWPROGRESS=1 FEATURELEVEL=3
[2016.02.24-22.22.00:294][250]LightingResults: New page: Lighting Build
[2016.02.24-22.22.00:364][250]LoadErrors: New page: Loading map: Nivel_1.umap
[2016.02.24-22.22.00:365][250]MapCheck: New page: Map Check
[2016.02.24-22.22.00:365][250]LightingResults: New page: Lighting Build
[2016.02.24-22.22.00:410][250]LogParticles: Destroying 0 GPU particle simulations for FXSystem 0x000000820349F100
[2016.02.24-22.22.00:701][250]LogAIModule: Creating AISystem for world Nivel_1
[2016.02.24-22.22.00:834][250]LogEditorServer: Finished looking for orphan Actors (0.000 secs)
[2016.02.24-22.22.00:948][250]Cmd: MAP CHECKDEP NOCLEARLOG
[2016.02.24-22.22.01:143][250]MapCheck: Info Map check complete: 0 Error(s), 0 Warning(s), took 194.969ms to complete.
[2016.02.24-22.22.01:146][250]LogFileHelpers: Loading map 'Nivel_1' took 0.856
[2016.02.24-22.22.18:290][211]LogD3D11RHI: InitD3DDevice
[2016.02.24-22.22.18:744][234]LogD3D11RHI: InitD3DDevice
[2016.02.24-22.22.19:402][263]LogD3D11RHI: InitD3DDevice
[2016.02.24-22.22.20:509][320]LogD3D11RHI: InitD3DDevice
[2016.02.24-22.22.20:874][335]LogD3D11RHI: InitD3DDevice
[2016.02.24-22.22.24:054][507]LogD3D11RHI: InitD3DDevice
[2016.02.24-22.22.29:850][825]LogD3D11RHI: InitD3DDevice
[2016.02.24-22.22.32:287][948]LogD3D11RHI: InitD3DDevice
[2016.02.24-22.22.33:249][  2]LogD3D11RHI: InitD3DDevice
[2016.02.24-22.22.34:974][100]LogD3D11RHI: InitD3DDevice
[2016.02.24-22.22.35:580][100]SourceControl: Info # On branch master
[2016.02.24-22.22.35:580][100]SourceControl: Info # Changes to be committed:
[2016.02.24-22.22.35:580][100]SourceControl: Info #   (use "git reset HEAD <file>..." to unstage)
[2016.02.24-22.22.35:580][100]SourceControl: Info #
[2016.02.24-22.22.35:580][100]SourceControl: Info #	modified:   Proyecto 4.8/Content/Niveles/Nivel_1.umap
[2016.02.24-22.22.35:580][100]SourceControl: Info #	new file:   Proyecto 4.8/Content/Niveles/Nivel_2.umap
[2016.02.24-22.22.35:580][100]SourceControl: Info #	deleted:    Proyecto 4.8/Content/Sprites/Nivel_1/parte4_Sprite.uasset
[2016.02.24-22.22.35:580][100]SourceControl: Info #
[2016.02.24-22.22.35:580][100]SourceControl: Info # Changes not staged for commit:
[2016.02.24-22.22.35:580][100]SourceControl: Info #   (use "git add <file>..." to update what will be committed)
[2016.02.24-22.22.35:580][100]SourceControl: Info #   (use "git checkout -- <file>..." to discard changes in working directory)
[2016.02.24-22.22.35:580][100]SourceControl: Info #
[2016.02.24-22.22.35:580][100]SourceControl: Info #	modified:   Proyecto 4.8/Content/Blueprints/mesaPC_Sprite.uasset
[2016.02.24-22.22.35:581][100]SourceControl: Info #	modified:   Proyecto 4.8/Content/Niveles/Menu.umap
[2016.02.24-22.22.35:581][100]SourceControl: Info #	modified:   Proyecto 4.8/Content/Niveles/Nivel_1.umap
[2016.02.24-22.22.35:581][100]SourceControl: Info #	modified:   Proyecto 4.8/Content/Sprites/Nivel_1/parte4.uasset
[2016.02.24-22.22.35:581][100]SourceControl: Info #	modified:   Proyecto 4.8/Intermediate/CachedAssetRegistry.bin
[2016.02.24-22.22.35:581][100]SourceControl: Info #	modified:   Proyecto 4.8/Saved/Autosaves/Game/Niveles/Nivel_1_Auto1.umap
[2016.02.24-22.22.35:581][100]SourceControl: Info #	modified:   Proyecto 4.8/Saved/Autosaves/PackageRestoreData.json
[2016.02.24-22.22.35:581][100]SourceControl: Info #	modified:   Proyecto 4.8/Saved/Config/Windows/Editor.ini
[2016.02.24-22.22.35:581][100]SourceControl: Info #	modified:   Proyecto 4.8/Saved/Config/Windows/EditorPerProjectUserSettings.ini
[2016.02.24-22.22.35:581][100]SourceControl: Info #	modified:   Proyecto 4.8/Saved/Config/Windows/Engine.ini
[2016.02.24-22.22.35:581][100]SourceControl: Info #	modified:   Proyecto 4.8/Saved/Logs/Proyecto.log
[2016.02.24-22.22.35:581][100]SourceControl: Info #
[2016.02.24-22.22.35:581][100]SourceControl: Info # Untracked files:
[2016.02.24-22.22.35:581][100]SourceControl: Info #   (use "git add <file>..." to include in what will be committed)
[2016.02.24-22.22.35:581][100]SourceControl: Info #
[2016.02.24-22.22.35:581][100]SourceControl: Info #	Proyecto 4.8/Saved/Autosaves/Game/Sprites/Nivel_1/p3_Auto1.uasset
[2016.02.24-22.22.35:581][100]SourceControl: Info #	Proyecto 4.8/Saved/Autosaves/Game/Sprites/Nivel_1/p3_Sprite_Auto1.uasset
[2016.02.24-22.22.35:581][100]SourceControl: Info #	Proyecto 4.8/Saved/Backup/Menu_2016-02-24-17-21-59.umap
[2016.02.24-22.22.35:581][100]SourceControl: Info #	Proyecto 4.8/Saved/Backup/Nivel_1_2016-02-24-16-58-25.umap
[2016.02.24-22.22.35:581][100]SourceControl: Info #	Proyecto 4.8/Saved/Backup/Nivel_1_2016-02-24-17-11-03.umap
[2016.02.24-22.22.35:581][100]SourceControl: Info #	Proyecto 4.8/Saved/Backup/Nivel_1_2016-02-24-17-17-56.umap
[2016.02.24-22.22.35:581][100]SourceControl: Info #	Proyecto 4.8/Saved/Backup/mesaPC_Sprite_2016-02-24-17-14-05.uasset
[2016.02.24-22.22.35:581][100]SourceControl: Info #	Proyecto 4.8/Saved/Backup/parte4_2016-02-24-17-11-03.uasset
[2016.02.24-22.22.35:582][100]SourceControl: Info #	Proyecto 4.8/Saved/Logs/Proyecto-backup-2016.02.24-16.36.50.log
[2016.02.24-22.22.35:589][100]LogD3D11RHI: InitD3DDevice
[2016.02.24-22.22.35:668][100]LogD3D11RHI: InitD3DDevice
[2016.02.24-22.22.35:702][100]LogD3D11RHI: InitD3DDevice
[2016.02.24-22.22.35:773][100]LogD3D11RHI: InitD3DDevice
[2016.02.24-22.22.35:844][100]LogD3D11RHI: InitD3DDevice
[2016.02.24-22.22.35:913][100]LogD3D11RHI: InitD3DDevice
[2016.02.24-22.22.35:989][100]LogD3D11RHI: InitD3DDevice
[2016.02.24-22.22.36:059][100]LogD3D11RHI: InitD3DDevice
[2016.02.24-22.22.36:144][100]LogD3D11RHI: InitD3DDevice
[2016.02.24-22.22.36:506][100]LogMetaData: Removing '/Game/Blueprints/Level_1/BP_item.BP_item:UserConstructionScript.K2Node_FunctionEntry_249' ref from Metadata '/Game/Blueprints/BP_item.PackageMetaData'
[2016.02.24-22.22.36:506][100]LogMetaData: Removing '/Game/Blueprints/Level_1/BP_item.BP_item_C' ref from Metadata '/Game/Blueprints/BP_item.PackageMetaData'
[2016.02.24-22.22.36:506][100]LogMetaData: Removing '/Game/Blueprints/Level_1/BP_item.BP_item:EventGraph.K2Node_Event_246' ref from Metadata '/Game/Blueprints/BP_item.PackageMetaData'
[2016.02.24-22.22.36:506][100]LogMetaData: Removing '/Game/Blueprints/Level_1/BP_item.BP_item:EventGraph.K2Node_Event_247' ref from Metadata '/Game/Blueprints/BP_item.PackageMetaData'
[2016.02.24-22.22.36:506][100]LogMetaData: Removing '/Game/Blueprints/Level_1/BP_item.BP_item:EventGraph.K2Node_Event_248' ref from Metadata '/Game/Blueprints/BP_item.PackageMetaData'
[2016.02.24-22.22.36:506][100]LogMetaData: Removing '/Game/Blueprints/Level_1/BP_item.SKEL_BP_item_C' ref from Metadata '/Game/Blueprints/BP_item.PackageMetaData'
[2016.02.24-22.22.36:900][100]LogMetaData: Removing '/Game/Blueprints/Level_1/BP_item2.BP_item2_C' ref from Metadata '/Game/Blueprints/BP_item2.PackageMetaData'
[2016.02.24-22.22.36:9