[2016.02.05-03.11.11:243][  0]Log file open, 02/04/16 22:11:11
[2016.02.05-03.11.11:243][  0]LogInit:Display: Running engine for game: Proyecto
[2016.02.05-03.11.11:243][  0]LogInit:Display: RandInit(-187480559) SRandInit(-187480559).
[2016.02.05-03.11.11:243][  0]LogTaskGraph: Started task graph with 4 named threads and 5 total threads.
[2016.02.05-03.11.11:243][  0]LogStats: Stats thread started
[2016.02.05-03.11.11:243][  0]LogInit: Version: 4.8.3-2634408+++depot+UE4-Releases+4.8
[2016.02.05-03.11.11:243][  0]LogInit: API Version: 2579680
[2016.02.05-03.11.11:243][  0]LogInit: Compiled (64-bit): Jul 27 2015 16:24:33
[2016.02.05-03.11.11:243][  0]LogInit: Compiled with Visual C++: 18.00.21005.01
[2016.02.05-03.11.11:243][  0]LogInit: Build Configuration: Development
[2016.02.05-03.11.11:243][  0]LogInit: Branch Name: ++depot+UE4-Releases+4.8
[2016.02.05-03.11.11:243][  0]LogInit: Command line: 
[2016.02.05-03.11.11:243][  0]LogInit: Base directory: C:/Program Files (x86)/Epic Games/4.8/Engine/Binaries/Win64/
[2016.02.05-03.11.11:243][  0]LogInit: Rocket: 1
[2016.02.05-03.11.11:259][  0]LogInit: Using libcurl 7.41.0
[2016.02.05-03.11.11:259][  0]LogInit:  - built for x86_64-pc-win32
[2016.02.05-03.11.11:259][  0]LogInit:  - supports SSL with WinSSL
[2016.02.05-03.11.11:259][  0]LogInit:  - other features:
[2016.02.05-03.11.11:259][  0]LogInit:      CURL_VERSION_SSL
[2016.02.05-03.11.11:259][  0]LogInit:      CURL_VERSION_IPV6
[2016.02.05-03.11.11:259][  0]LogInit:      CURL_VERSION_ASYNCHDNS
[2016.02.05-03.11.11:259][  0]LogInit:      CURL_VERSION_LARGEFILE
[2016.02.05-03.11.11:259][  0]LogInit:      CURL_VERSION_IDN
[2016.02.05-03.11.11:259][  0]LogInit:  CurlRequestOptions (configurable via config and command line):
[2016.02.05-03.11.11:259][  0]LogInit:  - bVerifyPeer = true  - Libcurl will verify peer certificate
[2016.02.05-03.11.11:259][  0]LogInit:  - bUseHttpProxy = false  - Libcurl will NOT use HTTP proxy
[2016.02.05-03.11.11:259][  0]LogInit:  - bDontReuseConnections = false  - Libcurl will reuse connections
[2016.02.05-03.11.11:259][  0]LogInit:  - CertBundlePath = nullptr  - Libcurl will use whatever was configured at build time.
[2016.02.05-03.11.11:274][  0]LogOnline:Warning: No default platform service specified for OnlineSubsystem
[2016.02.05-03.11.11:292][  0]LogInit: Presizing for 0 objects not considered by GC, pre-allocating 0 bytes.
[2016.02.05-03.11.11:303][  0]LogInit: Object subsystem initialized
[2016.02.05-03.11.11:304][  0]LogConsoleResponse:Warning: Skipping Unknown console variable: 'UIScaleCurve = (EditorCurveData=(Keys=((Time=480.000000,Value=0.444000),(Time=720.000000,Value=0.666000),(Time=1080.000000,Value=1.000000),(Time=8640.000000,Value=8.000000))),ExternalCurve=None)'
[2016.02.05-03.11.11:304][  0]LogConsoleResponse:Warning:   Found in ini file 'C:/Users/user/Documents/GitHub/PoliHeath/Proyecto 4.8/Saved/Config/Windows/Engine.ini', in section '[/Script/Engine.RendererSettings]'
[2016.02.05-03.11.11:305][  0]LogConsoleManager:Warning: Console variable 'r.MSAA.CompositingSampleCount' wasn't set ('Scalability' has a lower priority than 'ProjectSetting')
[2016.02.05-03.11.11:305][  0]LogInit: Selected Device Profile: [Windows]
[2016.02.05-03.11.11:305][  0]LogInit: Applying CVar settings loaded from the selected device profile: [Windows]
[2016.02.05-03.11.11:321][  0]LogInit: Computer: DANNY
[2016.02.05-03.11.11:321][  0]LogInit: User: user
[2016.02.05-03.11.11:321][  0]LogInit: CPU Page size=4096, Cores=2
[2016.02.05-03.11.11:321][  0]LogInit: High frequency timer resolution =1.656324 MHz
[2016.02.05-03.11.11:321][  0]LogMemory: Memory total: Physical=7.9GB (8GB approx)
[2016.02.05-03.11.11:321][  0]LogMemory: Platform Memory Stats for Windows
[2016.02.05-03.11.11:321][  0]LogMemory: Process Physical Memory: 48.07 MB used, 48.07 MB peak
[2016.02.05-03.11.11:321][  0]LogMemory: Process Virtual Memory: 24.06 MB used, 24.06 MB peak
[2016.02.05-03.11.11:321][  0]LogMemory: Physical Memory: 4350.78 MB used, 8096.02 MB total
[2016.02.05-03.11.11:321][  0]LogMemory: Virtual Memory: 289.55 MB used, 134217728.00 MB total
[2016.02.05-03.11.11:362][  0]LogTextLocalizationManager: The requested culture ('es_ES') has no localization data; parent culture's ('es') localization data will be used.
[2016.02.05-03.11.11:568][  0]LogTextLocalizationManager:Warning: Loaded localization resources contain conflicting entries for (Namespace:ContentBrowser, Key:ImportAssetToolTip):
Localization Resource: (C:/Program Files (x86)/Epic Games/4.8/Engine/Content/Localization/Editor/es/Editor.locres) Source String Hash: (-630476809) Localized String: (Importar a {0}...)
Localization Resource: (C:/Program Files (x86)/Epic Games/4.8/Engine/Content/Localization/Editor/es/Editor.locres) Source String Hash: (1271782899) Localized String: (Importa un activo desde el archivo a esta carpeta.)
[2016.02.05-03.11.12:057][  0]LogD3D11RHI: Found D3D11 adapter 0: Intel(R) HD Graphics Family (Feature Level 11_0)
[2016.02.05-03.11.12:057][  0]LogD3D11RHI: Adapter has 0MB of dedicated video memory, 0MB of dedicated system memory, and 1792MB of shared system memory, 1 output[s]
[2016.02.05-03.11.12:059][  0]LogD3D11RHI: Found D3D11 adapter 1: Microsoft Basic Render Driver (Feature Level 11_0)
[2016.02.05-03.11.12:059][  0]LogD3D11RHI: Adapter has 0MB of dedicated video memory, 0MB of dedicated system memory, and 256MB of shared system memory, 0 output[s]
[2016.02.05-03.11.12:059][  0]LogD3D11RHI: Chosen D3D11 Adapter Id = 0
[2016.02.05-03.11.12:066][  0]LogD3D11RHI: InitD3DDevice
[2016.02.05-03.11.12:066][  0]LogD3D11RHI: !Direct3DDevice
[2016.02.05-03.11.12:066][  0]LogRHI: Texture pool is 627 MB (70% of 896 MB)
[2016.02.05-03.11.12:076][  0]LogD3D11RHI: Async texture creation enabled
[2016.02.05-03.11.12:080][  0]LogShaderCompilers:Display: Using Local Shader Compiler.
[2016.02.05-03.11.13:517][  0]LogTemp:Display: Loaded TP DesktopTargetPlatform
[2016.02.05-03.11.13:536][  0]LogTemp:Display: Loaded TP WindowsClientTargetPlatform
[2016.02.05-03.11.13:554][  0]LogTemp:Display: Loaded TP WindowsNoEditorTargetPlatform
[2016.02.05-03.11.13:573][  0]LogTemp:Display: Loaded TP WindowsServerTargetPlatform
[2016.02.05-03.11.13:594][  0]LogTemp:Display: Loaded TP WindowsTargetPlatform
[2016.02.05-03.11.13:611][  0]LogTemp:Display: Loaded TP AndroidTargetPlatform
[2016.02.05-03.11.13:629][  0]LogTemp:Display: Loaded TP Android_ASTCTargetPlatform
[2016.02.05-03.11.13:646][  0]LogTemp:Display: Loaded TP Android_ATCTargetPlatform
[2016.02.05-03.11.13:663][  0]LogTemp:Display: Loaded TP Android_DXTTargetPlatform
[2016.02.05-03.11.13:680][  0]LogTemp:Display: Loaded TP Android_ETC1TargetPlatform
[2016.02.05-03.11.13:698][  0]LogTemp:Display: Loaded TP Android_ETC2TargetPlatform
[2016.02.05-03.11.13:715][  0]LogTemp:Display: Loaded TP Android_PVRTCTargetPlatform
[2016.02.05-03.11.13:777][  0]LogTemp:Display: Loaded TP IOSTargetPlatform
[2016.02.05-03.11.13:794][  0]LogTemp:Display: Loaded TP LinuxNoEditorTargetPlatform
[2016.02.05-03.11.13:811][  0]LogTemp:Display: Loaded TP LinuxServerTargetPlatform
[2016.02.05-03.11.13:830][  0]LogTemp:Display: Loaded TP LinuxTargetPlatform
[2016.02.05-03.11.13:831][  0]LogTargetPlatformManager:Display: Building Assets For Windows
[2016.02.05-03.11.14:112][  0]LogDerivedDataCache:Display: Max Cache Size: 512 MB
[2016.02.05-03.11.14:200][  0]LogDerivedDataCache: Loaded boot cache 0.09s 53MB C:/Users/user/AppData/Local/UnrealEngine/4.8/DerivedDataCache/Boot.ddc.
[2016.02.05-03.11.14:200][  0]LogDerivedDataCache:Display: Loaded Boot cache: C:/Users/user/AppData/Local/UnrealEngine/4.8/DerivedDataCache/Boot.ddc
[2016.02.05-03.11.14:201][  0]LogDerivedDataCache: FDerivedDataBackendGraph:  Pak pak cache file ../../../../../../Users/user/Documents/GitHub/PoliHeath/Proyecto 4.8/DerivedDataCache/DDC.ddp not found, will not use a pak cache.
[2016.02.05-03.11.14:201][  0]LogDerivedDataCache: Unable to find inner node Pak for hierarchical cache Hierarchy.
[2016.02.05-03.11.14:201][  0]LogDerivedDataCache: FDerivedDataBackendGraph:  CompressedPak pak cache file ../../../../../../Users/user/Documents/GitHub/PoliHeath/Proyecto 4.8/DerivedDataCache/Compressed.ddp not found, will not use a pak cache.
[2016.02.05-03.11.14:201][  0]LogDerivedDataCache: Unable to find inner node CompressedPak for hierarchical cache Hierarchy.
[2016.02.05-03.11.14:384][  0]LogDerivedDataCache:Display: Pak cache opened for reading ../../../Engine/DerivedDataCache/Compressed.ddp.
[2016.02.05-03.11.14:397][  0]LogDerivedDataCache: Using Local data cache path C:/Users/user/AppData/Local/UnrealEngine/Common/DerivedDataCache: Writable
[2016.02.05-03.11.14:701][  0]LogInit: Selected Device Profile: [Windows]
[2016.02.05-03.11.14:808][  0]ImportText (ComponentSweepMultiTests): Missing closing parenthesis: (RootShapeAsset="/Engine/BasicShapes/Cube.Cube",ShapeType="TriggerCapsule",HitResult=(Time=0.50,Location=(X=-100.000015,Y=0.0,Z=100.000015),ImpactPoint=(X=-50.0,Y=0.0,Z=50.0),Normal=(X=-1.0,Y=-0.0,Z=0.0),ImpactNormal=(X=0.0,Y=0.0,Z=1.0),TraceStart=(X=-200.0,Y=0.0,Z=200.0),TraceEnd=(X=0.0,Y=0.0,Z=0.0))
[2016.02.05-03.11.14:808][  0]ImportText (LineTraceSingleByChannelTests): Missing closing parenthesis: (RootShapeAsset="/Engine/BasicShapes/Cube.Cube",HitResult=(Time=0.50,Location=(X=-100.000015,Y=0.0,Z=100.000015),ImpactPoint=(X=-50.0,Y=0.0,Z=50.0),Normal=(X=-1.0,Y=-0.0,Z=0.0),ImpactNormal=(X=0.0,Y=0.0,Z=1.0),TraceStart=(X=-200.0,Y=0.0,Z=200.0),TraceEnd=(X=0.0,Y=0.0,Z=0.0))
[2016.02.05-03.11.14:846][  0]LogMeshUtilities: No automatic mesh reduction module available
[2016.02.05-03.11.14:846][  0]LogMeshUtilities: No automatic mesh merging module available
[2016.02.05-03.11.15:548][  0]LogInit: WinSock: version 1.1 (2.2), MaxSocks=32767, MaxUdp=65467
[2016.02.05-03.11.19:996][  0]UdpMessaging: Initializing bridge on interface 0.0.0.0:0 to multicast group 230.0.0.1:6666.
[2016.02.05-03.11.20:558][  0]SourceControl: Información El control de código fuente está desactivado
[2016.02.05-03.11.21:042][  0]LogObj: 26273 objects as part of root set at end of initial load.
[2016.02.05-03.11.21:042][  0]LogUObjectAllocator: 5409248 out of 0 bytes used by permanent object pool.
[2016.02.05-03.11.21:135][  0]LogEngine: Initializing Engine...
[2016.02.05-03.11.21:139][  0]LogHMD: Can't find Oculus library dev build: is proper Runtime installed? Version: 0.6.0.0
[2016.02.05-03.11.21:142][  0]LogHMD:Warning: SteamVR failed to initialize.  Error: 110
[2016.02.05-03.11.21:345][  0]LogAIModule: Creating AISystem for world NewWorld
[2016.02.05-03.11.21:349][  0]LogInit: XAudio2 using 'Speakers / Headphones (Realtek High Definition Audio)' : 2 channels at 48 kHz using 32 bits per sample (channel mask 0x3)
[2016.02.05-03.11.21:488][  0]LogInit: FAudioDevice initialized.
[2016.02.05-03.11.21:555][  0]LogDerivedDataCache: Saved boot cache 0.07s 53MB C:/Users/user/AppData/Local/UnrealEngine/4.8/DerivedDataCache/Boot.ddc.
[2016.02.05-03.11.21:564][  0]LogInit: Texture streaming: Disabled
[2016.02.05-03.11.21:624][  0]LogAnalytics: Creating configured Analytics provider AnalyticsET
[2016.02.05-03.11.21:624][  0]LogAnalytics: [UEEditor.Rocket.Release] APIServer = http://et2.epicgames.com/ET2/. AppVersion = 4.8.3-2634408+++depot+UE4-Releases+4.8
[2016.02.05-03.11.21:624][  0]LogAnalytics: [UEEditor.Rocket.Release] SetUserId 820feb8a48b81b9277562f967a501efe|f5ef73f63ff848099dbcb372ab74370e|776671d9-1fb4-4ff2-b95f-b2da3e3db6de
[2016.02.05-03.11.21:624][  0]LogAnalytics: [UEEditor.Rocket.Release] AnalyticsET::StartSession
[2016.02.05-03.11.21:688][  0]LogInit: Transaction tracking system initialized
[2016.02.05-03.11.21:914][  0]BlueprintLog: New page: Cargar el editor
[2016.02.05-03.11.21:964][  0]LogAssetRegistry: FAssetRegistry took 0.0108 seconds to start up
[2016.02.05-03.11.21:964][  0]LogDirectoryWatcher:Warning: Failed to begin reading directory changes for ../../../Engine/Plugins/Experimental/CharacterAI/Content/. Error: 0
[2016.02.05-03.11.22:931][  0]LogConsoleManager:Warning: Console variable 'r.VSync' wasn't set ('GameSetting' has a lower priority than 'SystemSettingsIni')
[2016.02.05-03.11.22:931][  0]LogConsoleResponse:Display: 
[2016.02.05-03.11.23:380][  0]LogCook:Display: Done creating registry. It took  0.00s.
[2016.02.05-03.11.23:812][  0]Cmd: MAP LOAD FILE="../../../../../../Users/user/Documents/GitHub/PoliHeath/Proyecto 4.8/Content/Niveles/Nivel_1.umap" TEMPLATE=0 SHOWPROGRESS=1 FEATURELEVEL=3
[2016.02.05-03.11.23:813][  0]LightingResults: New page: Diseñar la iluminación
[2016.02.05-03.11.23:838][  0]MapCheck: New page: Revisión del mapa
[2016.02.05-03.11.23:838][  0]LightingResults: New page: Diseñar la iluminación
[2016.02.05-03.11.23:866][  0]LogParticles: Destroying 0 GPU particle simulations for FXSystem 0x0000003E98B5A3E0
[2016.02.05-03.11.24:384][  0]LogTexture:Display: Generando texturas: caminar-personaje-video2_alpha (BGRA8)
[2016.02.05-03.11.24:709][  0]LogTexture:Display: Generando texturas: zombie2 (BGRA8)
[2016.02.05-03.11.25:886][  0]LogTexture:Display: Generando texturas: background (BGRA8)
[2016.02.05-03.11.26:382][  0]LogTexture:Display: Generando texturas: floor (BGRA8)
[2016.02.05-03.11.27:013][  0]LogAIModule: Creating AISystem for world Nivel_1
[2016.02.05-03.11.27:068][  0]LogEditorServer: Finished looking for orphan Actors (0.000 secs)
[2016.02.05-03.11.27:069][  0]Cmd: MAP CHECKDEP NOCLEARLOG
[2016.02.05-03.11.27:316][  0]MapCheck: Información Map check complete: 0 Error(s), 0 Warning(s), took 246,303ms to complete.
[2016.02.05-03.11.27:317][  0]LogFileHelpers: Loading map 'Nivel_1' took 3.505
[2016.02.05-03.11.30:406][  0]LogCollectionManager: Loaded 0 collections in 0.004561 seconds
[2016.02.05-03.11.30:522][  0]LogContentBrowser: Native class hierarchy populated in 0.0854 seconds. Added 1792 classes and 301 folders.
[2016.02.05-03.11.31:693][  0]LogContentBrowser: Native class hierarchy updated for 'WidgetCarousel' in 0.0011 seconds. Added 0 classes and 0 folders.
[2016.02.05-03.11.33:686][  0]LogContentBrowser: Native class hierarchy updated for 'AddContentDialog' in 0.0012 seconds. Added 0 classes and 0 folders.
[2016.02.05-03.11.34:233][  0]LogContentBrowser: Native class hierarchy updated for 'SceneOutliner' in 0.0012 seconds. Added 1 classes and 2 folders.
[2016.02.05-03.11.36:293][  0]LogCrashTracker: Crashtracker disabled due to settings.
[2016.02.05-03.11.36:538][  0]LogD3D11RHI: InitD3DDevice
[2016.02.05-03.11.36:612][  0]LogUObjectGlobals:Warning: Error al encontrar el objeto 'Class Ninguno.'
[2016.02.05-03.11.36:698][  0]LogLoad: Full Startup: 27.31 seconds (BP compile: 0.21 seconds)
[2016.02.05-03.11.36:709][  0]LogWindowsTextInputMethodSystem:Display: IME system now deactivated.
[2016.02.05-03.11.37:700][  0]SourceControl: Información On branch master
[2016.02.05-03.11.37:701][  0]SourceControl: Información Your branch is up-to-date with 'origin/master'.
[2016.02.05-03.11.37:701][  0]SourceControl: Información Changes not staged for commit:
[2016.02.05-03.11.37:701][  0]SourceControl: Información   (use "git add <file>..." to update what will be committed)
[2016.02.05-03.11.37:701][  0]SourceControl: Información   (use "git checkout -- <file>..." to discard changes in working directory)
[2016.02.05-03.11.37:701][  0]SourceControl: Información 	modified:   Proyecto 4.8/Intermediate/Config/CoalescedSourceConfigs/Engine.ini
[2016.02.05-03.11.37:701][  0]SourceControl: Información 	modified:   Proyecto 4.8/Intermediate/Config/CoalescedSourceConfigs/Game.ini
[2016.02.05-03.11.37:701][  0]SourceControl: Información 	modified:   Proyecto 4.8/Saved/Config/Windows/Engine.ini
[2016.02.05-03.11.37:701][  0]SourceControl: Información 	modified:   Proyecto 4.8/Saved/Logs/Proyecto.log
[2016.02.05-03.11.37:701][  0]SourceControl: Información Untracked files:
[2016.02.05-03.11.37:701][  0]SourceControl: Información   (use "git add <file>..." to include in what will be committed)
[2016.02.05-03.11.37:701][  0]SourceControl: Información 	Proyecto 4.8/Saved/Logs/Proyecto-backup-2016.02.04-22.11.11.log
[2016.02.05-03.11.37:701][  0]SourceControl: Información no changes added to commit (use "git add" and/or "git commit -a")
[2016.02.05-03.11.37:729][  0]LogContentStreaming: Texture pool size is 0.000000MB
[2016.02.05-03.11.38:025][  0]LogContentStreaming: Texture pool size now 1000 MB
[2016.02.05-03.11.38:967][  0]LogRenderer: Reallocating scene render targets to support 856x376 (Frame:2).
[2016.02.05-03.11.45:425][146]LogAssetRegistry: Asset discovery search completed in 23.4723 seconds
[2016.02.05-03.12.33:153][481]LogD3D11RHI: InitD3DDevice
[2016.02.05-03.12.35:408][544]LogPlayLevel: PIE:  No blueprints needed recompiling
[2016.02.05-03.12.35:645][544]PIE: New page: Sesión PIE (reproducción en el editor): Nivel_1 (4/2/2016 17:12:35)
[2016.02.05-03.12.35:646][544]LogPlayLevel: Creating play world package: /Game/Niveles/UEDPIE_0_Nivel_1
[2016.02.05-03.12.35:678][544]LogPlayLevel: PIE: StaticDuplicateObject took: (0.032612s)
[2016.02.05-03.12.35:700][544]LogAIModule: Creating AISystem for world Nivel_1
[2016.02.05-03.12.35:701][544]LogPlayLevel: PIE: World Init took: (0.003314s)
[2016.02.05-03.12.35:702][544]LogPlayLevel: PIE: Created PIE world by copying editor world from /Game/Niveles/Nivel_1.Nivel_1 to /Game/Niveles/UEDPIE_0_Nivel_1.Nivel_1 (0.056366s)
[2016.02.05-03.12.35:896][544]LogInit: XAudio2 using 'Speakers / Headphones (Realtek High Definition Audio)' : 2 channels at 48 kHz using 32 bits per sample (channel mask 0x3)
[2016.02.05-03.12.35:924][544]LogInit: FAudioDevice initialized.
[2016.02.05-03.12.36:089][544]LogWorld: Game class is '2D_C'
[2016.02.05-03.12.36:135][544]LogWorld: Bringing World /Game/Niveles/UEDPIE_0_Nivel_1.Nivel_1 up for play (max tick rate 0) at 2016.02.04-22.12.36
[2016.02.05-03.12.36:135][544]LogActor:Warning: GameSession /Game/Niveles/UEDPIE_0_Nivel_1.Nivel_1:PersistentLevel.GameSession_0 has natively added scene component(s), but none of them were set as the actor's RootComponent - picking one arbitrarily
[2016.02.05-03.12.36:149][544]LogActor:Warning: GameNetworkManager /Game/Niveles/UEDPIE_0_Nivel_1.Nivel_1:PersistentLevel.GameNetworkManager_0 has natively added scene component(s), but none of them were set as the actor's RootComponent - picking one arbitrarily
[2016.02.05-03.12.36:150][544]LogWorld: Bringing up level for play took: 0.026387
[2016.02.05-03.12.36:352][544]PIE: Información Tiempo de inicio de la reproducción en el editor para  /Game/Niveles/UEDPIE_0_Nivel_1 1,126
[2016.02.05-03.29.52:519][844]LogD3D11RHI: InitD3DDevice
[2016.02.05-03.29.59:624][ 90]LogD3D11RHI: InitD3DDevice
[2016.02.05-03.37.21:634][756]LogD3D11RHI: InitD3DDevice
[2016.02.05-03.37.33:351][126]LogD3D11RHI: InitD3DDevice
[2016.02.05-03.37.35:056][206]LogD3D11RHI: InitD3DDevice
[2016.02.05-03.37.38:367][397]LogD3D11RHI: InitD3DDevice
[2016.02.05-03.37.38:767][416]LogD3D11RHI: InitD3DDevice
[2016.02.05-03.37.39:307][448]LogD3D11RHI: InitD3DDevice
[2016.02.05-03.37.44:098][732]LogD3D11RHI: InitD3DDevice
[2016.02.05-03.37.44:130][733]LogD3D11RHI: InitD3DDevice
[2016.02.05-03.37.44:583][760]LogD3D11RHI: InitD3DDevice
[2016.02.05-03.37.45:550][818]LogD3D11RHI: InitD3DDevice
[2016.02.05-03.37.54:631][140]LogD3D11RHI: InitD3DDevice
[2016.02.05-03.38.27:560][497]LogD3D11RHI: InitD3DDevice
[2016.02.05-03.38.30:047][606]LogD3D11RHI: InitD3DDevice
[2016.02.05-03.38.37:768][830]LogD3D11RHI: InitD3DDevice
[2016.02.05-03.38.37:920][830]SourceControl: Información On branch master
[2016.02.05-03.38.37:920][830]SourceControl: Información Your branch is up-to-date with 'origin/master'.
[2016.02.05-03.38.37:920][830]SourceControl: Información Changes not staged for commit:
[2016.02.05-03.38.37:920][830]SourceControl: Información   (use "git add <file>..." to update what will be committed)
[2016.02.05-03.38.37:920][830]SourceControl: Información   (use "git checkout -- <file>..." to discard changes in working directory)
[2016.02.05-03.38.37:920][830]SourceControl: Información 	modified:   Proyecto 4.8/Intermediate/CachedAssetRegistry.bin
[2016.02.05-03.38.37:920][830]SourceControl: Información 	modified:   Proyecto 4.8/Intermediate/Config/CoalescedSourceConfigs/Engine.ini
[2016.02.05-03.38.37:920][830]SourceControl: Información 	modified:   Proyecto 4.8/Intermediate/Config/CoalescedSourceConfigs/Game.ini
[2016.02.05-03.38.37:920][830]SourceControl: Información 	modified:   Proyecto 4.8/Saved/Config/Windows/EditorPerProjectUserSettings.ini
[2016.02.05-03.38.37:920][830]SourceControl: Información 	modified:   Proyecto 4.8/Saved/Config/Windows/Engine.ini
[2016.02.05-03.38.37:920][830]SourceControl: Información 	modified:   Proyecto 4.8/Saved/Logs/Proyecto.log
[2016.02.05-03.38.37:920][830]SourceControl: Información Untracked files:
[2016.02.05-03.38.37:920][830]SourceControl: Información   (use "git add <file>..." to include in what will be committed)
[2016.02.05-03.38.37:920][830]SourceControl: Información 	Proyecto 4.8/Saved/Logs/Proyecto-backup-2016.02.04-22.11.11.log
[2016.02.05-03.38.37:920][830]SourceControl: Información no changes added to commit (use "git add" and/or "git commit -a")
[2016.02.05-03.38.37:925][830]LogD3D11RHI: InitD3DDevice
[2016.02.05-03.38.37:996][830]LogD3D11RHI: InitD3DDevice
[2016.02.05-03.38.38:031][830]LogD3D11RHI: InitD3DDevice
[2016.02.05-03.38.38:298][830]LogMetaData: Removing '/Game/HUD/PantallaPrimaria.SKEL_PantallaPrimaria_C' ref from Metadata '/Game/HUD/NewWidgetBlueprint.PackageMetaData'
[2016.02.05-03.38.38:298][830]LogMetaData: Removing '/Game/HUD/PantallaPrimaria.PantallaPrimaria_C' ref from Metadata '/Game/HUD/NewWidgetBlueprint.PackageMetaData'
[2016.02.05-03.38.38:298][830]LogMetaData: Removing '/Game/HUD/PantallaPrimaria.PantallaPrimaria:EventGraph.K2Node_Event_6' ref from Metadata '/Game/HUD/NewWidgetBlueprint.PackageMetaData'
[2016.02.05-03.38.38:298][830]LogMetaData: Removing '/Game/HUD/PantallaPrimaria.PantallaPrimaria:EventGraph.K2Node_Event_7' ref from Metadata '/Game/HUD/NewWidgetBlueprint.PackageMetaData'
[2016.02.05-03.38.38:317][830]Cmd: OBJ SAVEPACKAGE PACKAGE="/Game/HUD/PantallaPrimaria" FILE="../../../../../../Users/user/Documents/GitHub/PoliHeath/Proyecto 4.8/Content/HUD/PantallaPrimaria.uasset" SILENT=true
[2016.02.05-03.38.38:359][830]LogSavePackage: Save=34.400276ms
[2016.02.05-03.38.38:359][830]LogSavePackage: Moving '../../../../../../Users/user/Documents/GitHub/PoliHeath/Proyecto 4.8/Saved/PantallaPrimaria34994C7D4DF7C400CCE2A799ABEBBA91.tmp' to '../../../../../../Users/user/Documents/GitHub/PoliHeath/Proyecto 4.8/Content/HUD/PantallaPrimaria.uasset'
[2016.02.05-03.38.38:366][830]LogD3D11RHI: InitD3DDevice
[2016.02.05-03.38.38:433][830]LogD3D11RHI: InitD3DDevice
[2016.02.05-03.38.40:405][879]LogD3D11RHI: InitD3DDevice
[2016.02.05-03.38.40:464][879]LogLinker:Warning: Asset '../../../Engine/Content/ArtTools/RenderToTexture/Macros/RenderToTextureMacros.uasset' has been saved with empty engine version. The asset will be loaded but may be incompatible.
[2016.02.05-03.38.40:827][879]LogLinker:Warning: Asset '../../../Engine/Content/ArtTools/RenderToTexture/Enums/RenderToTexture_Enum.uasset' has been saved with empty engine version. The asset will be loaded but may be incompatible.
[2016.02.05-03.38.50:737][ 10]LogD3D11RHI: InitD3DDevice
[2016.02.05-03.39.07:470][341]LogD3D11RHI: InitD3DDevice
[2016.02.05-03.39.23:883][665]LogD3D11RHI: InitD3DDevice
[2016.02.05-03.39.55:102][213]LogD3D11RHI: InitD3DDevice
[2016.02.05-03.40.24:420][694]LogD3D11RHI: InitD3DDevice
[2016.02.05-03.40.25:829][721]LogD3D11RHI: InitD3DDevice
[2016.02.05-03.40.30:648][812]LogD3D11RHI: InitD3DDevice
[2016.02.05-03.40.35:972][906]LogD3D11RHI: InitD3DDevice
[2016.02.05-03.40.41:278][  3]LogD3D11RHI: InitD3DDevice
[2016.02.05-03.41.02:341][443]LogD3D11RHI: InitD3DDevice
[2016.02.05-03.41.05:771][503]LogD3D11RHI: InitD3DDevice
[2016.02.05-03.41.18:423][732]LogD3D11RHI: InitD3DDevice
[2016.02.05-03.41.24:669][844]LogD3D11RHI: InitD3DDevice
[2016.02.05-03.41.29:556][932]LogD3D11RHI: InitD3DDevice
[2016.02.05-03.41.35:708][ 43]LogD3D11RHI: InitD3DDevice
[2016.02.05-03.41.48:728][272]LogD3D11RHI: InitD3DDevice
[2016.02.05-03.41.58:327][490]LogD3D11RHI: InitD3DDevice
[2016.02.05-03.42.07:659][656]LogD3D11RHI: InitD3DDevice
[2016.02.05-03.42.25:369][974]LogD3D11RHI: InitD3DDevice
[2016.02.05-03.44.12:521][ 38]LogD3D11RHI: InitD3DDevice
[2016.02.05-03.44.12:576][ 38]Cmd: OBJ SAVEPACKAGE PACKAGE="/Game/HUD/PantallaPrimaria" FILE="../../../../../../Users/user/Documents/GitHub/PoliHeath/Proyecto 4.8/Content/HUD/PantallaPrimaria.uasset" SILENT=true
[2016.02.05-03.44.12:611][ 38]LogSavePackage: Save=9.455276ms
[2016.02.05-03.44.12:612][ 38]LogSavePackage: Moving '../../../../../../Users/user/Documents/GitHub/PoliHeath/Proyecto 4.8/Saved/PantallaPrimariaB7DCD3274404F6CAE108679542329F73.tmp' to '../../../../../../Users/user/Documents/GitHub/PoliHeath/Proyecto 4.8/Content/HUD/PantallaPrimaria.uasset'
[2016.02.05-03.44.15:107][ 87]LogD3D11RHI: InitD3DDevice
[2016.02.05-03.44.15:158][ 87]Cmd: OBJ SAVEPACKAGE PACKAGE="/Game/HUD/PantallaPrimaria" FILE="../../../../../../Users/user/Documents/GitHub/PoliHeath/Proyecto 4.8/Content/HUD/PantallaPrimaria.uasset" SILENT=true
[2016.02.05-03.44.15:173][ 87]LogSavePackage: Save=10.828196ms
[2016.02.05-03.44.15:173][ 87]LogSavePackage: Moving '../../../../../../Users/user/Documents/GitHub/PoliHeath/Proyecto 4.8/Saved/PantallaPrimaria2AB4F4224C6D4674A418F68D88DF4F65.tmp' to '../../../../../../Users/user/Documents/GitHub/PoliHeath/Proyecto 4.8/Content/HUD/PantallaPrimaria.uasset'
[2016.02.05-03.44.15:781][100]LogD3D11RHI: InitD3DDevice
[2016.02.05-03.44.15:828][100]Cmd: OBJ SAVEPACKAGE PACKAGE="/Game/HUD/PantallaPrimaria" FILE="../../../../../../Users/user/Documents/GitHub/PoliHeath/Proyecto 4.8/Content/HUD/PantallaPrimaria.uasset" SILENT=true
[2016.02.05-03.44.15:844][100]LogSavePackage: Save=10.796801ms
[2016.02.05-03.44.15:845][100]LogSavePackage: Moving '../../../../../../Users/user/Documents/GitHub/PoliHeath/Proyecto 4.8/Saved/PantallaPrimaria46ACBA094682BC26B30CB8AE2D041DEF.tmp' to '../../../../../../Users/user/Documents/GitHub/PoliHeath/Proyecto 4.8/Content/HUD/PantallaPrimaria.uasset'
[2016.02.05-03.44.16:047][104]LogD3D11RHI: InitD3DDevice
[2016.02.05-03.44.16:105][104]Cmd: OBJ SAVEPACKAGE PACKAGE="/Game/HUD/PantallaPrimaria" FILE="../../../../../../Users/user/Documents/GitHub/PoliHeath/Proyecto 4.8/Content/HUD/PantallaPrimaria.uasset" SILENT=true
[2016.02.05-03.44.16:120][104]LogSavePackage: Save=11.444017ms
[2016.02.05-03.44.16:120][104]LogSavePackage: Moving '../../../../../../Users/user/Documents/GitHub/PoliHeath/Proyecto 4.8/Saved/PantallaPrimaria0205690241B27A757AAB1EA7D692A425.tmp' to '../../../../../../Users/user/Documents/GitHub/PoliHeath/Proyecto 4.8/Content/HUD/PantallaPrimaria.uasset'
[2016.02.05-03.44.16:243][107]LogD3D11RHI: InitD3DDevice
[2016.02.05-03.44.16:291][107]Cmd: OBJ SAVEPACKAGE PACKAGE="/Game/HUD/PantallaPrimaria" FILE="../../../../../../Users/user/Documents/GitHub/PoliHeath/Proyecto 4.8/Content/HUD/PantallaPrimaria.uasset" SILENT=true
[2016.02.05-03.44.16:305][107]LogSavePackage: Save=9.636399ms
[2016.02.05-03.44.16:305][107]LogSavePackage: Moving '../../../../../../Users/user/Documents/GitHub/PoliHeath/Proyecto 4.8/Saved/PantallaPrimaria9159A5914D0070D3CEE59B8DFD71FA82.tmp' to '../../../../../../Users/user/Documents/GitHub/PoliHeath/Proyecto 4.8/Content/HUD/PantallaPrimaria.uasset'
[2016.02.05-03.44.16:600][113]LogD3D11RHI: InitD3DDevice
[2016.02.05-03.44.16:654][113]Cmd: OBJ SAVEPACKAGE PACKAGE="/Game/HUD/PantallaPrimaria" FILE="../../../../../../Users/user/Documents/GitHub/PoliHeath/Proyecto 4.8/Content/HUD/PantallaPrimaria.uasset" SILENT=true
[2016.02.05-03.44.16:671][113]LogSavePackage: Save=13.135111ms
[2016.02.05-03.44.16:671][113]LogSavePackage: Moving '../../../../../../Users/user/Documents/GitHub/PoliHeath/Proyecto 4.8/Saved/PantallaPrimariaC546F80D4FA01B454D9C5CB54DCC0996.tmp' to '../../../../../../Users/user/Documents/GitHub/PoliHeath/Proyecto 4.8/Content/HUD/PantallaPrimaria.uasset'
[2016.02.05-03.44.41:386][400]LogParticles: Destroying 0 GPU particle simulations for FXSystem 0x0000003E9DE07380
[2016.02.05-03.44.42:841][434]LogD3D11RHI: InitD3DDevice
[2016.02.05-03.44.42:884][434]LogD3D11RHI: InitD3DDevice
[2016.02.05-03.44.42:908][434]Cmd: OBJ SAVEPACKAGE PACKAGE="/Game/HUD/PantallaPrimaria" FILE="../../../../../../Users/user/Documents/GitHub/PoliHeath/Proyecto 4.8/Content/HUD/PantallaPrimaria.uasset" SILENT=true
[2016.02.05-03.44.42:921][434]LogSavePackage: Save=8.875679ms
[2016.02.05-03.44.42:921][434]LogSavePackage: Moving '../../../../../../Users/user/Documents/GitHub/PoliHeath/Proyecto 4.8/Saved/PantallaPrimariaA7DB887C435FFE61D1BD35ADC9720091.tmp' to '../../../../../../Users/user/Documents/GitHub/PoliHeath/Proyecto 4.8/Content/HUD/PantallaPrimaria.uasset'
[2016.02.05-03.44.44:433][470]BlueprintLog: New page: Compilar PantallaPrimaria
[2016.02.05-03.44.44:581][470]BlueprintEditorCompileResults: Información [2015,20] Compile of PantallaPrimaria successful! [in 148 ms]
[2016.02.05-03.44.45:573][495]BlueprintLog: New page: Compilar PantallaPrimaria
[2016.02.05-03.44.45:683][495]BlueprintEditorCompileResults: Información [2016,30] Compile of PantallaPrimaria successful! [in 110 ms]
[2016.02.05-03.44.47:429][536]LogD3D11RHI: InitD3DDevice
[2016.02.05-03.44.47:496][536]LogD3D11RHI: InitD3DDevice
[2016.02.05-03.44.47:515][536]Cmd: OBJ SAVEPACKAGE PACKAGE="/Game/HUD/PantallaPrimaria" FILE="../../../../../../Users/user/Documents/GitHub/PoliHeath/Proyecto 4.8/Content/HUD/PantallaPrimaria.uasset" SILENT=true
[2016.02.05-03.44.47:532][536]LogSavePackage: Save=12.507818ms
[2016.02.05-03.44.47:532][536]LogSavePackage: Moving '../../../../../../Users/user/Documents/GitHub/PoliHeath/Proyecto 4.8/Saved/PantallaPrimariaF192E4524BF8C847164E85BA738D37E0.tmp' to '../../../../../../Users/user/Documents/GitHub/PoliHeath/Proyecto 4.8/Content/HUD/PantallaPrimaria.uasset'
[2016.02.05-03.44.48:436][557]LogD3D11RHI: InitD3DDevice
[2016.02.05-03.44.48:500][557]LogD3D11RHI: InitD3DDevice
[2016.02.05-03.44.48:516][557]Cmd: OBJ SAVEPACKAGE PACKAGE="/Game/HUD/PantallaPrimaria" FILE="../../../../../../Users/user/Documents/GitHub/PoliHeath/Proyecto 4.8/Content/HUD/PantallaPrimaria.uasset" SILENT=true
[2016.02.05-03.44.48:531][557]LogSavePackage: Save=11.066072ms
[2016.02.05-03.44.48:531][557]LogSavePackage: Moving '../../../../../../Users/user/Documents/GitHub/PoliHeath/Proyecto 4.8/Saved/PantallaPrimaria3932B3AD4832AD1C39D12DAE603CD8BF.tmp' to '../../../../../../Users/user/Documents/GitHub/PoliHeath/Proyecto 4.8/Content/HUD/PantallaPrimaria.uasset'
[2016.02.05-03.44.49:177][573]LogD3D11RHI: InitD3DDevice
[2016.02.05-03.44.49:232][573]LogD3D11RHI: InitD3DDevice
[2016.02.05-03.44.49:248][573]Cmd: OBJ SAVEPACKAGE PACKAGE="/Game/HUD/PantallaPrimaria" FILE="../../../../../../Users/user/Documents/GitHub/PoliHeath/Proyecto 4.8/Content/HUD/PantallaPrimaria.uasset" SILENT=true
[2016.02.05-03.44.49:262][573]LogSavePackage: Save=10.462325ms
[2016.02.05-03.44.49:262][573]LogSavePackage: Moving '../../../../../../Users/user/Documents/GitHub/PoliHeath/Proyecto 4.8/Saved/PantallaPrimaria82A9477949F887E574F214AD2CB5F93D.tmp' to '../../../../../../Users/user/Documents/GitHub/PoliHeath/Proyecto 4.8/Content/HUD/PantallaPrimaria.uasset'
[2016.02.05-03.49.11:975][507]LogD3D11RHI: InitD3DDevice
[2016.02.05-03.49.12:006][507]LogD3D11RHI: InitD3DDevice
[2016.02.05-03.49.12:032][507]Cmd: OBJ SAVEPACKAGE PACKAGE="/Game/HUD/PantallaPrimaria" FILE="../../../../../../Users/user/Documents/GitHub/PoliHeath/Proyecto 4.8/Content/HUD/PantallaPrimaria.uasset" SILENT=true
[2016.02.05-03.49.12:049][507]LogSavePackage: Save=11.387265ms
[2016.02.05-03.49.12:049][507]LogSavePackage: Moving '../../../../../../Users/user/Documents/GitHub/PoliHeath/Proyecto 4.8/Saved/PantallaPrimariaE70E39754DF5AD4243514891889F4D15.tmp' to '../../../../../../Users/user/Documents/GitHub/PoliHeath/Proyecto 4.8/Content/HUD/PantallaPrimaria.uasset'
[2016.02.05-03.49.12:546][520]BlueprintLog: New page: Compilar PantallaPrimaria
[2016.02.05-03.49.12:672][520]BlueprintEditorCompileResults: Información [2283,29] Compile of PantallaPrimaria successful! [in 125 ms]
[2016.02.05-03.49.23:053][790]LogD3D11RHI: InitD3DDevice
[2016.02.05-03.49.23:097][790]LogD3D11RHI: InitD3DDevice
[2016.02.05-03.53.33:912][275]LogD3D11RHI: InitD3DDevice
[2016.02.05-03.54.28:094][376]LogD3D11RHI: InitD3DDevice
[2016.02.05-03.54.53:643][489]LogD3D11RHI: InitD3DDevice
[2016.02.05-03.54.53:958][489]LogParticles: Destroying 0 GPU particle simulations for FXSystem 0x0000003E94984D60
[2016.02.05-03.54.53:984][489]LogFileHelpers: Editor autosave (incl. sublevels) for '/Game/Niveles/Nivel_1' took 0.072
[2016.02.05-03.54.53:990][489]OBJ SavePackage: Generating thumbnails for [0] asset(s) in package [/Game/Blueprints/Player/player] ([1] browsable assets)...
[2016.02.05-03.54.53:990][489]OBJ SavePackage: Finished generating thumbnails for package [/Game/Blueprints/Player/player]
[2016.02.05-03.54.54:097][489]LogSavePackage: Save=100.622223ms
[2016.02.05-03.54.54:097][489]LogSavePackage: Moving '../../../../../../Users/user/Documents/GitHub/PoliHeath/Proyecto 4.8/Saved/player_Auto1F5ADC8924986F389F0E46DA35A604017.tmp' to '../../../../../../Users/user/Documents/GitHub/PoliHeath/Proyecto 4.8/Saved/Autosaves/Game/Blueprints/Player/player_Auto1.uasset'
[2016.02.05-03.54.54:113][489]LogSavePackage: Save=2.280351ms
[2016.02.05-03.54.54:113][489]LogSavePackage: Moving '../../../../../../Users/user/Documents/GitHub/PoliHeath/Proyecto 4.8/Saved/NewWidgetBlueprint_Auto1B60AE2AA4C5A62EBB77E108DDB419104.tmp' to '../../../../../../Users/user/Documents/GitHub/PoliHeath/Proyecto 4.8/Saved/Autosaves/Game/HUD/NewWidgetBlueprint_Auto1.uasset'
[2016.02.05-03.54.54:116][489]LogFileHelpers: Auto-saving content packages took 0.131
[2016.02.05-03.55.03:707][583]LogD3D11RHI: InitD3DDevice
[2016.02.05-03.55.04:647][623]LogD3D11RHI: InitD3DDevice
[2016.02.05-03.55.19:715][988]LogD3D11RHI: InitD3DDevice
[2016.02.05-03.55.20:466][  6]LogD3D11RHI: InitD3DDevice
[2016.02.05-03.55.21:089][ 27]LogD3D11RHI: InitD3DDevice
[2016.02.05-03.55.23:586][125]LogD3D11RHI: InitD3DDevice
[2016.02.05-03.55.45:933][357]LogD3D11RHI: InitD3DDevice
[2016.02.05-03.55.46:015][357]LogD3D11RHI: InitD3DDevice
[2016.02.05-03.56.10:236][779]LogD3D11RHI: InitD3DDevice
[2016.02.05-03.56.26:489][532]LogD3D11RHI: InitD3DDevice
[2016.02.05-03.56.27:090][555]LogD3D11RHI: InitD3DDevice
[2016.02.05-03.57.38:711][110]LogD3D11RHI: InitD3DDevice
[2016.02.05-03.57.39:799][166]LogD3D11RHI: InitD3DDevice
[2016.02.05-03.58.18:881][347]LogD3D11RHI: InitD3DDevice
[2016.02.05-03.58.18:914][347]LogD3D11RHI: InitD3DDevice
[2016.02.05-03.58.18:942][347]Cmd: OBJ SAVEPACKAGE PACKAGE="/Game/Blueprints/Player/player" FILE="../../../../../../Users/user/Documents/GitHub/PoliHeath/Proyecto 4.8/Content/Blueprints/Player/player.uasset" SILENT=true
[2016.02.05-03.58.19:043][347]LogSavePackage: Save=97.220108ms
[2016.02.05-03.58.19:043][347]LogSavePackage: Moving '../../../../../../Users/user/Documents/GitHub/PoliHeath/Proyecto 4.8/Saved/playerF1E549C74100D94DCDF544A83A097263.tmp' to '../../../../../../Users/user/Documents/GitHub/PoliHeath/Proyecto 4.8/Content/Blueprints/Player/player.uasset'
[2016.02.05-03.58.20:984][397]BlueprintLog: New page: Compilar Player
[2016.02.05-03.58.21:170][397]BlueprintEditorCompileResults: Información [2831,78] Compile of Player successful! [in 185 ms]
[2016.02.05-03.58.51:959][707]BlueprintLog: New page: Compilar Player
[2016.02.05-03.58.52:126][707]BlueprintEditorCompileResults: Información [2862,74] Compile of Player successful! [in 166 ms]
[2016.02.05-03.58.52:845][724]LogD3D11RHI: InitD3DDevice
[2016.02.05-03.58.52:885][724]LogD3D11RHI: InitD3DDevice
[2016.02.05-03.58.52:897][724]Cmd: OBJ SAVEPACKAGE PACKAGE="/Game/Blueprints/Player/player" FILE="../../../../../../Users/user/Documents/GitHub/PoliHeath/Proyecto 4.8/Content/Blueprints/Player/player.uasset" SILENT=true
[2016.02.05-03.58.53:003][724]LogSavePackage: Save=102.284332ms
[2016.02.05-03.58.53:003][724]LogSavePackage: Moving '../../../../../../Users/user/Documents/GitHub/PoliHeath/Proyecto 4.8/Saved/player30BC5C4F4DEECEC5FE3B39B1C33BD9BE.tmp' to '../../../../../../Users/user/Documents/GitHub/PoliHeath/Proyecto 4.8/Content/Blueprints/Player/player.uasset'
[2016.02.05-03.58.54:302][752]LogRenderer: Reallocating scene render targets to support 856x592 (Frame:21131).
[2016.02.05-03.59.11:383][214]LogD3D11RHI: InitD3DDevice
[2016.02.05-03.59.54:114][105]LogD3D11RHI: InitD3DDevice
[2016.02.05-04.00.21:296][404]LogD3D11RHI: InitD3DDevice
[2016.02.05-04.00.21:337][404]LogD3D11RHI: InitD3DDevice
[2016.02.05-04.00.21:360][404]Cmd: OBJ SAVEPACKAGE PACKAGE="/Game/Blueprints/Player/player" FILE="../../../../../../Users/user/Documents/GitHub/PoliHeath/Proyecto 4.8/Content/Blueprints/Player/player.uasset" SILENT=true
[2016.02.05-04.00.21:477][404]LogSavePackage: Save=108.627899ms
[2016.02.05-04.00.21:477][404]LogSavePackage: Moving '../../../../../../Users/user/Documents/GitHub/PoliHeath/Proyecto 4.8/Saved/playerDFDA7E5C4CCDBCBB8ACDD3962EA3ED21.tmp' to '../../../../../../Users/user/Documents/GitHub/PoliHeath/Proyecto 4.8/Content/Blueprints/Player/player.uasset'
[2016.02.05-04.00.22:025][418]BlueprintLog: New page: Compilar Player
[2016.02.05-04.00.22:188][418]BlueprintEditorCompileResults: Información [2955,45] Compile of Player successful! [in 163 ms]
[2016.02.05-04.00.29:513][611]LogD3D11RHI: InitD3DDevice
[2016.02.05-04.00.30:458][660]LogD3D11RHI: InitD3DDevice
[2016.02.05-04.01.00:384][131]LogD3D11RHI: InitD3DDevice
[2016.02.05-04.01.01:276][177]LogD3D11RHI: InitD3DDevice
[2016.02.05-04.01.17:268][750]LogD3D11RHI: InitD3DDevice
[2016.02.05-04.01.19:216][809]LogD3D11RHI: InitD3DDevice
[2016.02.05-04.01.50:554][ 17]LogD3D11RHI: InitD3DDevice
[2016.02.05-04.01.50:594][ 17]LogD3D11RHI: InitD3DDevice
[2016.02.05-04.01.50:609][ 17]Cmd: OBJ SAVEPACKAGE PACKAGE="/Game/Blueprints/Player/player" FILE="../../../../../../Users/user/Documents/GitHub/PoliHeath/Proyecto 4.8/Content/Blueprints/Player/player.uasset" SILENT=true
[2016.02.05-04.01.50:728][ 17]LogSavePackage: Save=115.534157ms
[2016.02.05-04.01.50:728][ 17]LogSavePackage: Moving '../../../../../../Users/user/Documents/GitHub/PoliHeath/Proyecto 4.8/Saved/player8D20342B4A5FC4F5D5B7D8829EA34E6F.tmp' to '../../../../../../Users/user/Documents/GitHub/PoliHeath/Proyecto 4.8/Content/Blueprints/Player/player.uasset'
[2016.02.05-04.01.51:487][ 35]BlueprintLog: New page: Compilar Player
[2016.02.05-04.01.51:654][ 35]BlueprintEditorCompileResults: Información [3044,92] Compile of Player successful! [in 166 ms]
[2016.02.05-04.02.31:819][930]LogD3D11RHI: InitD3DDevice
[2016.02.05-04.02.42:854][212]LogD3D11RHI: InitD3DDevice
[2016.02.05-04.02.58:496][396]LogD3D11RHI: InitD3DDevice
[2016.02.05-04.03.00:876][467]LogD3D11RHI: InitD3DDevice
[2016.02.05-04.03.05:274][611]LogD3D11RHI: InitD3DDevice
[2016.02.05-04.03.05:309][611]LogD3D11RHI: InitD3DDevice
[2016.02.05-04.03.05:325][611]Cmd: OBJ SAVEPACKAGE PACKAGE="/Game/Blueprints/Player/player" FILE="../../../../../../Users/user/Documents/GitHub/PoliHeath/Proyecto 4.8/Content/Blueprints/Player/player.uasset" SILENT=true
[2016.02.05-04.03.05:446][611]LogSavePackage: Save=117.306755ms
[2016.02.05-04.03.05:446][611]LogSavePackage: Moving '../../../../../../Users/user/Documents/GitHub/PoliHeath/Proyecto 4.8/Saved/player61046E23454BAE21A4FB09B437E64947.tmp' to '../../../../../../Users/user/Documents/GitHub/PoliHeath/Proyecto 4.8/Content/Blueprints/Player/player.uasset'
[2016.02.05-04.03.06:157][628]BlueprintLog: New page: Compilar Player
[2016.02.05-04.03.06:324][628]BlueprintEditorCompileResults: Información [3119,59] Compile of Player successful! [in 166 ms]
[2016.02.05-04.03.07:245][650]BlueprintLog: New page: Compilar Player
[2016.02.05-04.03.07:405][650]BlueprintEditorCompileResults: Información [3120,67] Compile of Player successful! [in 160 ms]
[2016.02.05-04.03.07:999][664]LogD3D11RHI: InitD3DDevice
[2016.02.05-04.03.08:030][664]LogD3D11RHI: InitD3DDevice
[2016.02.05-04.03.08:051][664]Cmd: OBJ SAVEPACKAGE PACKAGE="/Game/Blueprints/Player/player" FILE="../../../../../../Users/user/Documents/GitHub/PoliHeath/Proyecto 4.8/Content/Blueprints/Player/player.uasset" SILENT=true
[2016.02.05-04.03.08:168][664]LogSavePackage: Save=113.811668ms
[2016.02.05-04.03.08:168][664]LogSavePackage: Moving '../../../../../../Users/user/Documents/GitHub/PoliHeath/Proyecto 4.8/Saved/player714519424558BBA45BCA44B60A6608E5.tmp' to '../../../../../../Users/user/Documents/GitHub/PoliHeath/Proyecto 4.8/Content/Blueprints/Player/player.uasset'
[2016.02.05-04.03.30:205][880]LogPlayLevel: PIE:  No blueprints needed recompiling
[2016.02.05-04.03.30:205][880]PIE: New page: Sesión PIE (reproducción en el editor): Nivel_1 (4/2/2016 18:03:30)
[2016.02.05-04.03.30:206][880]LogPlayLevel: Creating play world package: /Game/Niveles/UEDPIE_0_Nivel_1
[2016.02.05-04.03.30:209][880]LogPlayLevel: PIE: StaticDuplicateObject took: (0.003804s)
[2016.02.05-04.03.30:211][880]LogAIModule: Creating AISystem for world Nivel_1
[2016.02.05-04.03.30:213][880]LogPlayLevel: PIE: World Init took: (0.003501s)
[2016.02.05-04.03.30:213][880]LogPlayLevel: PIE: Created PIE world by copying editor world from /Game/Niveles/Nivel_1.Nivel_1 to /Game/Niveles/UEDPIE_0_Nivel_1.Nivel_1 (0.007566s)
[2016.02.05-04.03.30:266][880]LogInit: XAudio2 using 'Speakers / Headphones (Realtek High Definition Audio)' : 2 channels at 48 kHz using 32 bits per sample (channel mask 0x3)
[2016.02.05-04.03.30:275][880]LogInit: FAudioDevice initialized.
[2016.02.05-04.03.30:316][880]LogWorld: Game class is '2D_C'
[2016.02.05-04.03.30:321][880]LogWorld: Bringing World /Game/Niveles/UEDPIE_0_Nivel_1.Nivel_1 up for play (max tick rate 0) at 2016.02.04-23.03.30
[2016.02.05-04.03.30:321][880]LogActor:Warning: GameSession /Game/Niveles/UEDPIE_0_Nivel_1.Nivel_1:PersistentLevel.GameSession_1 has natively added scene component(s), but none of them were set as the actor's RootComponent - picking one arbitrarily
[2016.02.05-04.03.30:322][880]LogActor:Warning: GameNetworkManager /Game/Niveles/UEDPIE_0_Nivel_1.Nivel_1:PersistentLevel.GameNetworkManager_1 has natively added scene component(s), but none of them were set as the actor's RootComponent - picking one arbitrarily
[2016.02.05-04.03.30:322][880]LogWorld: Bringing up level for play took: 0.004392
[2016.02.05-04.03.30:350][880]PIE: Información Tiempo de inicio de la reproducción en el editor para  /Game/Niveles/UEDPIE_0_Nivel_1 -0,224
[2016.02.05-04.03.49:735][361]LogParticles: Destroying 0 GPU particle simulations for FXSystem 0x0000003E99ACCE00
[2016.02.05-04.07.19:004][447]LogD3D11RHI: InitD3DDevice
[2016.02.05-04.07.19:040][447]LogD3D11RHI: InitD3DDevice
[2016.02.05-04.07.25:606][611]LogD3D11RHI: InitD3DDevice
[2016.02.05-04.07.26:512][659]LogD3D11RHI: InitD3DDevice
[2016.02.05-04.07.30:890][797]LogD3D11RHI: InitD3DDevice
[2016.02.05-04.07.31:440][826]LogD3D11RHI: InitD3DDevice
[2016.02.05-04.07.50:974][220]LogD3D11RHI: InitD3DDevice
[2016.02.05-04.08.14:651][671]LogD3D11RHI: InitD3DDevice
[2016.02.05-04.08.23:652][698]LogD3D11RHI: InitD3DDevice
[2016.02.05-04.08.23:865][698]LogFileHelpers: Editor autosave (incl. sublevels) for '/Game/Niveles/Nivel_1' took 0.053
[2016.02.05-04.08.23:870][698]OBJ SavePackage: Generating thumbnails for [0] asset(s) in package [/Game/Blueprints/Player/player] ([1] browsable assets)...
[2016.02.05-04.08.23:870][698]OBJ SavePackage: Finished generating thumbnails for package [/Game/Blueprints/Player/player]
[2016.02.05-04.08.24:010][698]LogSavePackage: Save=133.060318ms
[2016.02.05-04.08.24:010][698]LogSavePackage: Moving '../../../../../../Users/user/Documents/GitHub/PoliHeath/Proyecto 4.8/Saved/player_Auto243DCD3A24FB0489140E678BD90A5DAEA.tmp' to '../../../../../../Users/user/Documents/GitHub/PoliHeath/Proyecto 4.8/Saved/Autosaves/Game/Blueprints/Player/player_Auto2.uasset'
[2016.02.05-04.08.24:012][698]LogFileHelpers: Auto-saving content packages took 0.147
[2016.02.05-04.08.31:307][745]LogD3D11RHI: InitD3DDevice
[2016.02.05-04.08.55:282][410]LogD3D11RHI: InitD3DDevice
[2016.02.05-04.09.12:066][581]LogD3D11RHI: InitD3DDevice
[2016.02.05-04.10.03:818][308]BlueprintLog: New page: Compilar Player
[2016.02.05-04.10.03:981][308]BlueprintEditorCompileResults: Información [3537,25] Compile of Player successful! [in 163 ms]
[2016.02.05-04.10.04:725][327]LogD3D11RHI: InitD3DDevice
[2016.02.05-04.10.04:763][327]LogD3D11RHI: InitD3DDevice
[2016.02.05-04.10.04:773][327]Cmd: OBJ SAVEPACKAGE PACKAGE="/Game/Blueprints/Player/player" FILE="../../../../../../Users/user/Documents/GitHub/PoliHeath/Proyecto 4.8/Content/Blueprints/Player/player.uasset" SILENT=true
[2016.02.05-04.10.04:905][327]LogSavePackage: Save=127.009567ms
[2016.02.05-04.10.04:905][327]LogSavePackage: Moving '../../../../../../Users/user/Documents/GitHub/PoliHeath/Proyecto 4.8/Saved/player6024E35E433EAC5D33F32DAFF43971D0.tmp' to '../../../../../../Users/user/Documents/GitHub/PoliHeath/Proyecto 4.8/Content/Blueprints/Player/player.uasset'
[2016.02.05-04.10.11:705][479]LogD3D11RHI: InitD3DDevice
[2016.02.05-04.10.24:797][941]LogD3D11RHI: InitD3DDevice
[2016.02.05-04.10.40:153][299]LogD3D11RHI: InitD3DDevice
[2016.02.05-04.14.38:909][212]LogD3D11RHI: InitD3DDevice
[2016.02.05-04.14.38:947][212]LogD3D11RHI: InitD3DDevice
[2016.02.05-04.14.38:962][212]Cmd: OBJ SAVEPACKAGE PACKAGE="/Game/Blueprints/Player/player" FILE="../../../../../../Users/user/Documents/GitHub/PoliHeath/Proyecto 4.8/Content/Blueprints/Player/player.uasset" SILENT=true
[2016.02.05-04.14.39:104][212]LogSavePackage: Save=134.967560ms
[2016.02.05-04.14.39:104][212]LogSavePackage: Moving '../../../../../../Users/user/Documents/GitHub/PoliHeath/Proyecto 4.8/Saved/player2B0421A94B4C9520BA1FC59A5E805257.tmp' to '../../../../../../Users/user/Documents/GitHub/PoliHeath/Proyecto 4.8/Content/Blueprints/Player/player.uasset'
[2016.02.05-04.14.39:748][229]BlueprintLog: New page: Compilar Player
[2016.02.05-04.14.39:914][229]BlueprintEditorCompileResults: Información [3813,18] Compile of Player successful! [in 166 ms]
[2016.02.05-04.14.42:061][277]LogD3D11RHI: InitD3DDevice
[2016.02.05-04.14.42:100][277]LogD3D11RHI: InitD3DDevice
[2016.02.05-04.14.42:122][277]Cmd: OBJ SAVEPACKAGE PACKAGE="/Game/Blueprints/Player/player" FILE="../../../../../../Users/user/Documents/GitHub/PoliHeath/Proyecto 4.8/Content/Blueprints/Player/player.uasset" SILENT=true
[2016.02.05-04.14.42:261][277]LogSavePackage: Save=133.425583ms
[2016.02.05-04.14.42:261][277]LogSavePackage: Moving '../../../../../../Users/user/Documents/GitHub/PoliHeath/Proyecto 4.8/Saved/player859378EC4F16D44365722B9361725A1B.tmp' to '../../../../../../Users/user/Documents/GitHub/PoliHeath/Proyecto 4.8/Content/Blueprints/Player/player.uasset'
[2016.02.05-04.15.35:390][958]LogD3D11RHI: InitD3DDevice
[2016.02.05-04.15.35:423][958]LogD3D11RHI: InitD3DDevice
[2016.02.05-04.15.35:447][958]Cmd: OBJ SAVEPACKAGE PACKAGE="/Game/Blueprints/Player/player" FILE="../../../../../../Users/user/Documents/GitHub/PoliHeath/Proyecto 4.8/Content/Blueprints/Player/player.uasset" SILENT=true
[2016.02.05-04.15.35:582][958]LogSavePackage: Save=129.793442ms
[2016.02.05-04.15.35:582][958]LogSavePackage: Moving '../../../../../../Users/user/Documents/GitHub/PoliHeath/Proyecto 4.8/Saved/player6078453844A1F683565767ADE1DFCE95.tmp' to '../../../../../../Users/user/Documents/GitHub/PoliHeath/Proyecto 4.8/Content/Blueprints/Player/player.uasset'
[2016.02.05-04.15.36:219][974]BlueprintLog: New page: Compilar Player
[2016.02.05-04.15.36:394][974]BlueprintEditorCompileResults: Información [3869,66] Compile of Player successful! [in 175 ms]
[2016.02.05-04.16.14:333][752]LogD3D11RHI: InitD3DDevice
[2016.02.05-04.16.14:384][752]LogD3D11RHI: InitD3DDevice
[2016.02.05-04.16.14:405][752]Cmd: OBJ SAVEPACKAGE PACKAGE="/Game/Niveles/Nivel_1" FILE="../../../../../../Users/user/Documents/GitHub/PoliHeath/Proyecto 4.8/Content/Niveles/Nivel_1.umap" SILENT=true AUTOSAVING=false KEEPDIRTY=false
[2016.02.05-04.16.14:455][752]LogParticles: Destroying 0 GPU particle simulations for FXSystem 0x0000003EA97139C0
[2016.02.05-04.16.14:570][752]LogSavePackage: Save=96.560822ms
[2016.02.05-04.16.14:570][752]LogSavePackage: Moving '../../../../../../Users/user/Documents/GitHub/PoliHeath/Proyecto 4.8/Saved/Nivel_1645EE33C4ED64508F881DDAC5FF6E37D.tmp' to '../../../../../../Users/user/Documents/GitHub/PoliHeath/Proyecto 4.8/Content/Niveles/Nivel_1.umap'
[2016.02.05-04.16.34:903][283]LogD3D11RHI: InitD3DDevice
[2016.02.05-04.16.34:948][283]LogD3D11RHI: InitD3DDevice
[2016.02.05-04.16.40:609][388]LogD3D11RHI: InitD3DDevice
[2016.02.05-04.22.46:026][452]LogD3D11RHI: InitD3DDevice
[2016.02.05-04.23.23:987][455]LogD3D11RHI: InitD3DDevice
[2016.02.05-04.24.53:934][224]LogD3D11RHI: InitD3DDevice
[2016.02.05-04.25.25:169][ 37]LogD3D11RHI: InitD3DDevice
[2016.02.05-04.25.31:723][183]LogD3D11RHI: InitD3DDevice
[2016.02.05-04.25.35:103][298]BlueprintLog: New page: Compilar PantallaPrimaria
[2016.02.05-04.25.35:159][298]LogBlueprint:Error: [compiler PantallaPrimaria] Error El tipo de  Object  no está determinado. Conectar algo a  Proyectar a Player  para implicar un tipo específico.
[2016.02.05-04.25.35:159][298]LogBlueprint:Error: [compiler PantallaPrimaria] Error The current value of the ' Object ' pin is invalid: Unsupported type Objeto Wildcard on pin Object
[2016.02.05-04.25.35:371][298]LogParticles: Destroying 0 GPU particle simulations for FXSystem 0x0000003E985F2DE0
[2016.02.05-04.25.35:372][298]LogParticles: Destroying 0 GPU particle simulations for FXSystem 0x0000003E9D993880
[2016.02.05-04.25.35:433][298]LogBlueprint:Warning: [compiler PantallaPrimaria] Aviso [4468,70] Compile of PantallaPrimaria failed. 2 Fatal Issue(s) 0 Warning(s) [in 329 ms]
[2016.02.05-04.25.35:433][298]BlueprintEditorCompileResults:Error: Error El tipo de  Object  no está determinado. Conectar algo a  Proyectar a Player  para implicar un tipo específico.
[2016.02.05-04.25.35:433][298]BlueprintEditorCompileResults: Información The execution path doesn't end with a return node.  Cast Failed 
[2016.02.05-04.25.35:433][298]BlueprintEditorCompileResults:Error: Error The current value of the ' Object ' pin is invalid: Unsupported type Objeto Wildcard on pin Object
[2016.02.05-04.25.35:433][298]BlueprintEditorCompileResults:Warning: Aviso [4468,70] Compile of PantallaPrimaria failed. 2 Fatal Issue(s) 0 Warning(s) [in 329 ms]
[2016.02.05-04.26.00:164][486]LogD3D11RHI: InitD3DDevice
[2016.02.05-04.26.00:682][499]LogD3D11RHI: InitD3DDevice
[2016.02.05-04.26.46:212][578]LogD3D11RHI: InitD3DDevice
[2016.02.05-04.26.55:209][605]LogD3D11RHI: InitD3DDevice
[2016.02.05-04.26.55:431][605]LogFileHelpers: Editor autosave (incl. sublevels) for '/Game/Niveles/Nivel_1' took 0.054
[2016.02.05-04.26.55:437][605]OBJ SavePackage: Generating thumbnails for [0] asset(s) in package [/Game/HUD/PantallaPrimaria] ([1] browsable assets)...
[2016.02.05-04.26.55:437][605]OBJ SavePackage: Finished generating thumbnails for package [/Game/HUD/PantallaPrimaria]
[2016.02.05-04.26.55:459][605]LogSavePackage: Save=17.189270ms
[2016.02.05-04.26.55:459][605]LogSavePackage: Moving '../../../../../../Users/user/Documents/GitHub/PoliHeath/Proyecto 4.8/Saved/PantallaPrimaria_Auto39329D1BE49ED0126EC135B99B2756A65.tmp' to '../../../../../../Users/user/Documents/GitHub/PoliHeath/Proyecto 4.8/Saved/Autosaves/Game/HUD/PantallaPrimaria_Auto3.uasset'
[2016.02.05-04.26.55:461][605]LogFileHelpers: Auto-saving content packages took 0.029
[2016.02.05-04.28.52:990][  5]LogD3D11RHI: InitD3DDevice
[2016.02.05-04.28.53:037][  5]LogD3D11RHI: InitD3DDevice
[2016.02.05-04.28.53:051][  5]Cmd: OBJ SAVEPACKAGE PACKAGE="/Game/HUD/PantallaPrimaria" FILE="../../../../../../Users/user/Documents/GitHub/PoliHeath/Proyecto 4.8/Content/HUD/PantallaPrimaria.uasset" SILENT=true
[2016.02.05-04.28.53:071][  5]LogSavePackage: Save=15.766239ms
[2016.02.05-04.28.53:071][  5]LogSavePackage: Moving '../../../../../../Users/user/Documents/GitHub/PoliHeath/Proyecto 4.8/Saved/PantallaPrimariaE33B9C734D5C87BD6F33F3AB92861774.tmp' to '../../../../../../Users/user/Documents/GitHub/PoliHeath/Proyecto 4.8/Content/HUD/PantallaPrimaria.uasset'
[2016.02.05-04.28.54:282][ 33]BlueprintLog: New page: Compilar PantallaPrimaria
[2016.02.05-04.28.54:431][ 33]BlueprintEditorCompileResults: Información The execution path doesn't end with a return node.  Cast Failed 
[2016.02.05-04.28.54:431][ 33]BlueprintEditorCompileResults: Información [4667,70] Compile of PantallaPrimaria successful! [in 147 ms]
[2016.02.05-04.30.17:782][385]LogD3D11RHI: InitD3DDevice
[2016.02.05-04.30.18:393][402]LogD3D11RHI: InitD3DDevice
[2016.02.05-04.30.51:691][944]LogD3D11RHI: InitD3DDevice
[2016.02.05-04.30.51:734][944]LogD3D11RHI: InitD3DDevice
[2016.02.05-04.30.51:752][944]Cmd: OBJ SAVEPACKAGE PACKAGE="/Game/HUD/PantallaPrimaria" FILE="../../../../../../Users/user/Documents/GitHub/PoliHeath/Proyecto 4.8/Content/HUD/PantallaPrimaria.uasset" SILENT=true
[2016.02.05-04.30.51:799][944]LogSavePackage: Save=16.295120ms
[2016.02.05-04.30.51:799][944]LogSavePackage: Moving '../../../../../../Users/user/Documents/GitHub/PoliHeath/Proyecto 4.8/Saved/PantallaPrimariaEAE02C694D1C7A0AC09F01904A695914.tmp' to '../../../../../../Users/user/Documents/GitHub/PoliHeath/Proyecto 4.8/Content/HUD/PantallaPrimaria.uasset'
[2016.02.05-04.30.52:871][968]BlueprintLog: New page: Compilar PantallaPrimaria
[2016.02.05-04.30.53:034][968]BlueprintEditorCompileResults: Información The execution path doesn't end with a return node.  Cast Failed 
[2016.02.05-04.30.53:034][968]BlueprintEditorCompileResults: Información [4786,30] Compile of PantallaPrimaria successful! [in 162 ms]
[2016.02.05-04.30.57:514][ 61]LogD3D11RHI: InitD3DDevice
[2016.02.05-04.31.05:179][376]LogD3D11RHI: InitD3DDevice
[2016.02.05-04.31.06:079][396]LogD3D11RHI: InitD3DDevice
[2016.02.05-04.31.28:148][765]LogD3D11RHI: InitD3DDevice
[2016.02.05-04.31.49:014][ 32]BlueprintLog: New page: Compilar PantallaPrimaria
[2016.02.05-04.31.49:173][ 32]BlueprintEditorCompileResults: Información The execution path doesn't end with a return node.  Cast Failed 
[2016.02.05-04.31.49:173][ 32]BlueprintEditorCompileResults: Información [4842,44] Compile of PantallaPrimaria successful! [in 159 ms]
[2016.02.05-04.31.49:822][ 46]LogD3D11RHI: InitD3DDevice
[2016.02.05-04.31.49:868][ 46]LogD3D11RHI: InitD3DDevice
[2016.02.05-04.31.49:878][ 46]Cmd: OBJ SAVEPACKAGE PACKAGE="/Game/HUD/PantallaPrimaria" FILE="../../../../../../Users/user/Documents/GitHub/PoliHeath/Proyecto 4.8/Content/HUD/PantallaPrimaria.uasset" SILENT=true
[2016.02.05-04.31.49:902][ 46]LogSavePackage: Save=19.898281ms
[2016.02.05-04.31.49:902][ 46]LogSavePackage: Moving '../../../../../../Users/user/Documents/GitHub/PoliHeath/Proyecto 4.8/Saved/PantallaPrimariaA53EB81D4E9A7C82128F79ABCA57C8F5.tmp' to '../../../../../../Users/user/Documents/GitHub/PoliHeath/Proyecto 4.8/Content/HUD/PantallaPrimaria.uasset'
[2016.02.05-04.31.51:633][ 84]LogPlayLevel: PIE:  No blueprints needed recompiling
[2016.02.05-04.31.51:634][ 84]PIE: New page: Sesión PIE (reproducción en el editor): Nivel_1 (4/2/2016 18:31:51)
[2016.02.05-04.31.51:634][ 84]LogPlayLevel: Creating play world package: /Game/Niveles/UEDPIE_0_Nivel_1
[2016.02.05-04.31.51:640][ 84]LogPlayLevel: PIE: StaticDuplicateObject took: (0.005461s)
[2016.02.05-04.31.51:641][ 84]LogAIModule: Creating AISystem for world Nivel_1
[2016.02.05-04.31.51:642][ 84]LogPlayLevel: PIE: World Init took: (0.001737s)
[2016.02.05-04.31.51:642][ 84]LogPlayLevel: PIE: Created PIE world by copying editor world from /Game/Niveles/Nivel_1.Nivel_1 to /Game/Niveles/UEDPIE_0_Nivel_1.Nivel_1 (0.007465s)
[2016.02.05-04.31.51:695][ 84]LogInit: XAudio2 using 'Speakers / Headphones (Realtek High Definition Audio)' : 2 channels at 48 kHz using 32 bits per sample (channel mask 0x3)
[2016.02.05-04.31.51:705][ 84]LogInit: FAudioDevice initialized.
[2016.02.05-04.31.51:743][ 84]LogWorld: Game class is '2D_C'
[2016.02.05-04.31.51:748][ 84]LogWorld: Bringing World /Game/Niveles/UEDPIE_0_Nivel_1.Nivel_1 up for play (max tick rate 0) at 2016.02.04-23.31.51
[2016.02.05-04.31.51:748][ 84]LogActor:Warning: GameSession /Game/Niveles/UEDPIE_0_Nivel_1.Nivel_1:PersistentLevel.GameSession_2 has natively added scene component(s), but none of them were set as the actor's RootComponent - picking one arbitrarily
[2016.02.05-04.31.51:748][ 84]LogActor:Warning: GameNetworkManager /Game/Niveles/UEDPIE_0_Nivel_1.Nivel_1:PersistentLevel.GameNetworkManager_2 has natively added scene component(s), but none of them were set as the actor's RootComponent - picking one arbitrarily
[2016.02.05-04.31.51:748][ 84]LogWorld: Bringing up level for play took: 0.004025
[2016.02.05-04.31.51:752][ 84]PIE: Información Tiempo de inicio de la reproducción en el editor para  /Game/Niveles/UEDPIE_0_Nivel_1 -0,822
[2016.02.05-04.32.03:238][362]LogParticles: Destroying 0 GPU particle simulations for FXSystem 0x0000003EB0869260
[2016.02.05-04.32.03:238][362]LogParticles: Destroying 0 GPU particle simulations for FXSystem 0x0000003EADF3DC60
[2016.02.05-04.32.05:620][431]LogD3D11RHI: InitD3DDevice
[2016.02.05-04.32.05:665][431]LogD3D11RHI: InitD3DDevice
[2016.02.05-04.32.13:509][585]LogD3D11RHI: InitD3DDevice
[2016.02.05-04.32.13:568][585]LogD3D11RHI: InitD3DDevice
[2016.02.05-04.32.13:586][585]Cmd: OBJ SAVEPACKAGE PACKAGE="/Game/HUD/PantallaPrimaria" FILE="../../../../../../Users/user/Documents/GitHub/PoliHeath/Proyecto 4.8/Content/HUD/PantallaPrimaria.uasset" SILENT=true
[2016.02.05-04.32.13:624][585]LogSavePackage: Save=26.654810ms
[2016.02.05-04.32.13:624][585]LogSavePackage: Moving '../../../../../../Users/user/Documents/GitHub/PoliHeath/Proyecto 4.8/Saved/PantallaPrimariaAA8FC3F846ADAA9553ADAB892D821548.tmp' to '../../../../../../Users/user/Documents/GitHub/PoliHeath/Proyecto 4.8/Content/HUD/PantallaPrimaria.uasset'
[2016.02.05-04.33.57:014][416]LogD3D11RHI: InitD3DDevice
[2016.02.05-04.34.29:979][708]LogD3D11RHI: InitD3DDevice
[2016.02.05-04.34.30:046][708]LogD3D11RHI: InitD3DDevice
[2016.02.05-04.34.30:067][708]Cmd: OBJ SAVEPACKAGE PACKAGE="/Game/HUD/PantallaPrimaria" FILE="../../../../../../Users/user/Documents/GitHub/PoliHeath/Proyecto 4.8/Content/HUD/PantallaPrimaria.uasset" SILENT=true
[2016.02.05-04.34.30:099][708]LogSavePackage: Save=26.124115ms
[2016.02.05-04.34.30:099][708]LogSavePackage: Moving '../../../../../../Users/user/Documents/GitHub/PoliHeath/Proyecto 4.8/Saved/PantallaPrimariaE86592F645C012C7CFBBD18BF67B1A64.tmp' to '../../../../../../Users/user/Documents/GitHub/PoliHeath/Proyecto 4.8/Content/HUD/PantallaPrimaria.uasset'
[2016.02.05-04.34.30:609][720]BlueprintLog: New page: Compilar PantallaPrimaria
[2016.02.05-04.34.30:809][720]BlueprintEditorCompileResults: Información The execution path doesn't end with a return node.  Cast Failed 
[2016.02.05-04.34.30:809][720]BlueprintEditorCompileResults: Información [5004,08] Compile of PantallaPrimaria successful! [in 199 ms]
[2016.02.05-04.34.34:806][814]LogD3D11RHI: InitD3DDevice
[2016.02.05-04.34.34:855][814]LogD3D11RHI: InitD3DDevice
[2016.02.05-04.34.40:185][911]LogD3D11RHI: InitD3DDevice
[2016.02.05-04.35.38:806][602]LogD3D11RHI: InitD3DDevice
[2016.02.05-04.35.39:346][627]LogD3D11RHI: InitD3DDevice
[2016.02.05-04.35.48:627][957]LogD3D11RHI: InitD3DDevice
[2016.02.05-04.35.51:018][ 44]LogD3D11RHI: InitD3DDevice
[2016.02.05-04.35.51:058][ 44]LogD3D11RHI: InitD3DDevice
[2016.02.05-04.35.51:073][ 44]Cmd: OBJ SAVEPACKAGE PACKAGE="/Game/HUD/PantallaPrimaria" FILE="../../../../../../Users/user/Documents/GitHub/PoliHeath/Proyecto 4.8/Content/HUD/PantallaPrimaria.uasset" SILENT=true
[2016.02.05-04.35.51:099][ 44]LogSavePackage: Save=21.372629ms
[2016.02.05-04.35.51:099][ 44]LogSavePackage: Moving '../../../../../../Users/user/Documents/GitHub/PoliHeath/Proyecto 4.8/Saved/PantallaPrimariaB65BF44A422532EF5B0E67A6D08611E6.tmp' to '../../../../../../Users/user/Documents/GitHub/PoliHeath/Proyecto 4.8/Content/HUD/PantallaPrimaria.uasset'
[2016.02.05-04.35.51:670][ 58]BlueprintLog: New page: Compilar PantallaPrimaria
[2016.02.05-04.35.51:792][ 58]LogParticles: Destroying 0 GPU particle simulations for FXSystem 0x0000003EA8B5E520
[2016.02.05-04.35.51:821][ 58]LogParticles: Destroying 0 GPU particle simulations for FXSystem 0x0000003EAEC26160
[2016.02.05-04.35.51:821][ 58]BlueprintEditorCompileResults: Información The execution path doesn't end with a return node.  Cast Failed 
[2016.02.05-04.35.51:821][ 58]BlueprintEditorCompileResults: Información [5085,09] Compile of PantallaPrimaria successful! [in 151 ms]
[2016.02.05-04.35.53:012][ 85]LogPlayLevel: PIE:  No blueprints needed recompiling
[2016.02.05-04.35.53:012][ 85]PIE: New page: Sesión PIE (reproducción en el editor): Nivel_1 (4/2/2016 18:35:53)
[2016.02.05-04.35.53:012][ 85]LogPlayLevel: Creating play world package: /Game/Niveles/UEDPIE_0_Nivel_1
[2016.02.05-04.35.53:016][ 85]LogPlayLevel: PIE: StaticDuplicateObject took: (0.003436s)
[2016.02.05-04.35.53:016][ 85]LogAIModule: Creating AISystem for world Nivel_1
[2016.02.05-04.35.53:017][ 85]LogPlayLevel: PIE: World Init took: (0.001348s)
[2016.02.05-04.35.53:017][ 85]LogPlayLevel: PIE: Created PIE world by copying editor world from /Game/Niveles/Nivel_1.Nivel_1 to /Game/Niveles/UEDPIE_0_Nivel_1.Nivel_1 (0.004991s)
[2016.02.05-04.35.53:073][ 85]LogInit: XAudio2 using 'Speakers / Headphones (Realtek High Definition Audio)' : 2 channels at 48 kHz using 32 bits per sample (channel mask 0x3)
[2016.02.05-04.35.53:083][ 85]LogInit: FAudioDevice initialized.
[2016.02.05-04.35.53:124][ 85]LogWorld: Game class is '2D_C'
[2016.02.05-04.35.53:129][ 85]LogWorld: Bringing World /Game/Niveles/UEDPIE_0_Nivel_1.Nivel_1 up for play (max tick rate 0) at 2016.02.04-23.35.53
[2016.02.05-04.35.53:130][ 85]LogActor:Warning: GameSession /Game/Niveles/UEDPIE_0_Nivel_1.Nivel_1:PersistentLevel.GameSession_3 has natively added scene component(s), but none of them were set as the actor's RootComponent - picking one arbitrarily
[2016.02.05-04.35.53:130][ 85]LogActor:Warning: GameNetworkManager /Game/Niveles/UEDPIE_0_Nivel_1.Nivel_1:PersistentLevel.GameNetworkManager_3 has natively added scene component(s), but none of them were set as the actor's RootComponent - picking one arbitrarily
[2016.02.05-04.35.53:130][ 85]LogWorld: Bringing up level for play took: 0.004415
[2016.02.05-04.35.53:134][ 85]PIE: Información Tiempo de inicio de la reproducción en el editor para  /Game/Niveles/UEDPIE_0_Nivel_1 0,561
[2016.02.05-04.36.01:285][286]LogParticles: Destroying 0 GPU particle simulations for FXSystem 0x0000003EB58A6DE0
[2016.02.05-04.36.01:285][286]LogParticles: Destroying 0 GPU particle simulations for FXSystem 0x0000003EA59F16C0
[2016.02.05-04.36.14:277][418]LogPlayLevel: PIE:  No blueprints needed recompiling
[2016.02.05-04.36.14:277][418]PIE: New page: Sesión PIE (reproducción en el editor): Nivel_1 (4/2/2016 18:36:14)
[2016.02.05-04.36.14:277][418]LogPlayLevel: Creating play world package: /Game/Niveles/UEDPIE_0_Nivel_1
[2016.02.05-04.36.14:282][418]LogPlayLevel: PIE: StaticDuplicateObject took: (0.004469s)
[2016.02.05-04.36.14:283][418]LogAIModule: Creating AISystem for world Nivel_1
[2016.02.05-04.36.14:284][418]LogPlayLevel: PIE: World Init took: (0.002341s)
[2016.02.05-04.36.14:284][418]LogPlayLevel: PIE: Created PIE world by copying editor world from /Game/Niveles/Nivel_1.Nivel_1 to /Game/Niveles/UEDPIE_0_Nivel_1.Nivel_1 (0.007070s)
[2016.02.05-04.36.14:334][418]LogInit: XAudio2 using 'Speakers / Headphones (Realtek High Definition Audio)' : 2 channels at 48 kHz using 32 bits per sample (channel mask 0x3)
[2016.02.05-04.36.14:345][418]LogInit: FAudioDevice initialized.
[2016.02.05-04.36.14:391][418]LogWorld: Game class is '2D_C'
[2016.02.05-04.36.14:396][418]LogWorld: Bringing World /Game/Niveles/UEDPIE_0_Nivel_1.Nivel_1 up for play (max tick rate 0) at 2016.02.04-23.36.14
[2016.02.05-04.36.14:396][418]LogActor:Warning: GameSession /Game/Niveles/UEDPIE_0_Nivel_1.Nivel_1:PersistentLevel.GameSession_4 has natively added scene component(s), but none of them were set as the actor's RootComponent - picking one arbitrarily
[2016.02.05-04.36.14:396][418]LogActor:Warning: GameNetworkManager /Game/Niveles/UEDPIE_0_Nivel_1.Nivel_1:PersistentLevel.GameNetworkManager_4 has natively added scene component(s), but none of them were set as the actor's RootComponent - picking one arbitrarily
[2016.02.05-04.36.14:397][418]LogWorld: Bringing up level for play took: 0.003964
[2016.02.05-04.36.14:400][418]PIE: Información Tiempo de inicio de la reproducción en el editor para  /Game/Niveles/UEDPIE_0_Nivel_1 -0,173
[2016.02.05-04.36.29:831][812]LogParticles: Destroying 0 GPU particle simulations for FXSystem 0x0000003EA6CE7420
[2016.02.05-04.44.37:872][746]LogD3D11RHI: InitD3DDevice
[2016.02.05-04.44.37:959][746]LogD3D11RHI: InitD3DDevice
[2016.02.05-04.44.38:163][746]LogRenderer: Reallocating scene render targets to support 1088x592 (Frame:40469).
[2016.02.05-04.44.53:071][ 29]LogD3D11RHI: InitD3DDevice
[2016.02.05-04.44.53:122][ 29]LogD3D11RHI: InitD3DDevice
[2016.02.05-04.44.54:315][ 44]LogD3D11RHI: InitD3DDevice
[2016.02.05-04.47.01:540][881]LogD3D11RHI: InitD3DDevice
[2016.02.05-04.47.02:666][952]LogParticles: Destroying 0 GPU particle simulations for FXSystem 0x0000003EA25C4680
[2016.02.05-04.47.02:666][952]LogParticles: Destroying 0 GPU particle simulations for FXSystem 0x0000003EB5E46840
[2016.02.05-04.47.02:683][952]LogD3D11RHI: InitD3DDevice
[2016.02.05-04.47.02:729][952]LogD3D11RHI: InitD3DDevice
[2016.02.05-04.47.02:751][952]Cmd: OBJ SAVEPACKAGE PACKAGE="/Game/HUD/NewWidgetBlueprint" FILE="../../../../../../Users/user/Documents/GitHub/PoliHeath/Proyecto 4.8/Content/HUD/NewWidgetBlueprint.uasset" SILENT=true
[2016.02.05-04.47.02:757][952]LogSavePackage: Save=1.892746ms
[2016.02.05-04.47.02:757][952]LogSavePackage: Moving '../../../../../../Users/user/Documents/GitHub/PoliHeath/Proyecto 4.8/Saved/NewWidgetBlueprintE25654AC40030DAA148EE498E8B87617.tmp' to '../../../../../../Users/user/Documents/GitHub/PoliHeath/Proyecto 4.8/Content/HUD/NewWidgetBlueprint.uasset'
[2016.02.05-04.47.02:764][952]LogD3D11RHI: InitD3DDevice
[2016.02.05-04.50.56:725][905]LogD3D11RHI: InitD3DDevice
[2016.02.05-04.50.59:207][111]LogD3D11RHI: InitD3DDevice
[2016.02.05-04.50.59:255][111]LogD3D11RHI: InitD3DDevice
[2016.02.05-05.39.00:388][727]LogD3D11RHI: InitD3DDevice
[2016.02.05-05.39.00:430][727]LogD3D11RHI: InitD3DDevice
[2016.02.05-05.39.14:585][ 26]LogD3D11RHI: InitD3DDevice
[2016.02.05-05.40.05:028][989]LogD3D11RHI: InitD3DDevice
[2016.02.05-05.40.17:632][114]LogD3D11RHI: InitD3DDevice
[2016.02.05-05.40.18:006][129]LogD3D11RHI: InitD3DDevice
[2016.02.05-05.40.51:368][973]LogD3D11RHI: InitD3DDevice
[2016.02.05-05.40.51:560][973]LogParticles: Destroying 0 GPU particle simulations for FXSystem 0x0000003E99AC2660
[2016.02.05-05.40.51:580][973]LogFileHelpers: Editor autosave (incl. sublevels) for '/Game/Niveles/Nivel_1' took 0.067
[2016.02.05-05.40.51:585][973]OBJ SavePackage: Generating thumbnails for [0] asset(s) in package [/Game/HUD/PantallaPrimaria] ([1] browsable assets)...
[2016.02.05-05.40.51:585][973]OBJ SavePackage: Finished generating thumbnails for package [/Game/HUD/PantallaPrimaria]
[2016.02.05-05.40.51:687][973]LogSavePackage: Save=26.085476ms
[2016.02.05-05.40.51:687][973]LogSavePackage: Moving '../../../../../../Users/user/Documents/GitHub/PoliHeath/Proyecto 4.8/Saved/PantallaPrimaria_Auto465171DB5430E6FA408B67AAC419D37A0.tmp' to '../../../../../../Users/user/Documents/GitHub/PoliHeath/Proyecto 4.8/Saved/Autosaves/Game/HUD/PantallaPrimaria_Auto4.uasset'
[2016.02.05-05.40.51:690][973]LogFileHelpers: Auto-saving content packages took 0.109
[2016.02.05-05.40.53:269][  3]LogD3D11RHI: InitD3DDevice
[2016.02.05-05.40.53:685][ 17]LogD3D11RHI: InitD3DDevice
[2016.02.05-05.43.02:911][971]LogD3D11RHI: InitD3DDevice
[2016.02.05-05.43.03:434][993]LogD3D11RHI: InitD3DDevice
[2016.02.05-05.43.13:209][390]LogD3D11RHI: InitD3DDevice
[2016.02.05-05.43.13:610][406]LogD3D11RHI: InitD3DDevice
[2016.02.05-05.43.20:649][684]LogD3D11RHI: InitD3DDevice
[2016.02.05-05.43.24:894][785]LogD3D11RHI: InitD3DDevice
[2016.02.05-05.43.29:024][937]BlueprintLog: New page: Volver a compilar automáticamente la reproducción en el editor (PIE) anterior
[2016.02.05-05.43.29:043][937]LogPlayLevel: [PIE] Compiling PantallaPrimaria before PIE...
[2016.02.05-05.43.29:238][937]LogPlayLevel: [PIE] Compiling Player before PIE...
[2016.02.05-05.43.29:451][937]LogPlayLevel: PIE:  Blueprint regeneration took 427 ms (2 blueprints)
[2016.02.05-05.43.29:451][937]PIE: New page: Sesión PIE (reproducción en el editor): Nivel_1 (4/2/2016 19:43:29)
[2016.02.05-05.43.29:452][937]LogPlayLevel: Creating play world package: /Game/Niveles/UEDPIE_0_Nivel_1
[2016.02.05-05.43.29:456][937]LogPlayLevel: PIE: StaticDuplicateObject took: (0.003632s)
[2016.02.05-05.43.29:456][937]LogAIModule: Creating AISystem for world Nivel_1
[2016.02.05-05.43.29:457][937]LogPlayLevel: PIE: World Init took: (0.001399s)
[2016.02.05-05.43.29:457][937]LogPlayLevel: PIE: Created PIE world by copying editor world from /Game/Niveles/Nivel_1.Nivel_1 to /Game/Niveles/UEDPIE_0_Nivel_1.Nivel_1 (0.005372s)
[2016.02.05-05.43.29:502][937]LogInit: XAudio2 using 'Speakers / Headphones (Realtek High Definition Audio)' : 2 channels at 48 kHz using 32 bits per sample (channel mask 0x3)
[2016.02.05-05.43.29:514][937]LogInit: FAudioDevice initialized.
[2016.02.05-05.43.29:554][937]LogWorld: Game class is '2D_C'
[2016.02.05-05.43.29:559][937]LogWorld: Bringing World /Game/Niveles/UEDPIE_0_Nivel_1.Nivel_1 up for play (max tick rate 60) at 2016.02.05-00.43.29
[2016.02.05-05.43.29:559][937]LogActor:Warning: GameSession /Game/Niveles/UEDPIE_0_Nivel_1.Nivel_1:PersistentLevel.GameSession_5 has natively added scene component(s), but none of them were set as the actor's RootComponent - picking one arbitrarily
[2016.02.05-05.43.29:559][937]LogActor:Warning: GameNetworkManager /Game/Niveles/UEDPIE_0_Nivel_1.Nivel_1:PersistentLevel.GameNetworkManager_5 has natively added scene component(s), but none of them were set as the actor's RootComponent - picking one arbitrarily
[2016.02.05-05.43.29:560][937]LogWorld: Bringing up level for play took: 0.004194
[2016.02.05-05.43.29:563][937]PIE: Información Tiempo de inicio de la reproducción en el editor para  /Game/Niveles/UEDPIE_0_Nivel_1 0,989
[2016.02.05-05.43.32:703][  6]LogParticles: Destroying 0 GPU particle simulations for FXSystem 0x0000003EA5C620C0
[2016.02.05-05.43.35:760][ 77]LogD3D11RHI: InitD3DDevice
[2016.02.05-05.43.35:802][ 77]LogD3D11RHI: InitD3DDevice
[2016.02.05-05.43.35:815][ 77]Cmd: OBJ SAVEPACKAGE PACKAGE="/Game/HUD/PantallaPrimaria" FILE="../../../../../../Users/user/Documents/GitHub/PoliHeath/Proyecto 4.8/Content/HUD/PantallaPrimaria.uasset" SILENT=true
[2016.02.05-05.43.35:848][ 77]LogSavePackage: Save=28.978025ms
[2016.02.05-05.43.35:848][ 77]LogSavePackage: Moving '../../../../../../Users/user/Documents/GitHub/PoliHeath/Proyecto 4.8/Saved/PantallaPrimaria7972A3104A81A5214BBA06B9473D91E7.tmp' to '../../../../../../Users/user/Documents/GitHub/PoliHeath/Proyecto 4.8/Content/HUD/PantallaPrimaria.uasset'
[2016.02.05-05.43.36:649][ 97]BlueprintLog: New page: Compilar PantallaPrimaria
[2016.02.05-05.43.36:791][ 97]BlueprintEditorCompileResults: Información The execution path doesn't end with a return node.  Cast Failed 
[2016.02.05-05.43.36:791][ 97]BlueprintEditorCompileResults: Información The execution path doesn't end with a return node.  Cast Failed 
[2016.02.05-05.43.36:791][ 97]BlueprintEditorCompileResults: Información [9150,06] Compile of PantallaPrimaria successful! [in 142 ms]
[2016.02.05-05.43.41:614][223]LogPlayLevel: PIE:  No blueprints needed recompiling
[2016.02.05-05.43.41:614][223]PIE: New page: Sesión PIE (reproducción en el editor): Nivel_1 (4/2/2016 19:43:41)
[2016.02.05-05.43.41:615][223]LogPlayLevel: Creating play world package: /Game/Niveles/UEDPIE_0_Nivel_1
[2016.02.05-05.43.41:619][223]LogPlayLevel: PIE: StaticDuplicateObject took: (0.003928s)
[2016.02.05-05.43.41:619][223]LogAIModule: Creating AISystem for world Nivel_1
[2016.02.05-05.43.41:620][223]LogPlayLevel: PIE: World Init took: (0.001598s)
[2016.02.05-05.43.41:620][223]LogPlayLevel: PIE: Created PIE world by copying editor world from /Game/Niveles/Nivel_1.Nivel_1 to /Game/Niveles/UEDPIE_0_Nivel_1.Nivel_1 (0.005816s)
[2016.02.05-05.43.41:669][223]LogParticles: Destroying 0 GPU particle simulations for FXSystem 0x0000003EAAF03E20
[2016.02.05-05.43.41:669][223]LogInit: XAudio2 using 'Speakers / Headphones (Realtek High Definition Audio)' : 2 channels at 48 kHz using 32 bits per sample (channel mask 0x3)
[2016.02.05-05.43.41:681][223]LogInit: FAudioDevice initialized.
[2016.02.05-05.43.41:716][223]LogWorld: Game class is '2D_C'
[2016.02.05-05.43.41:721][223]LogWorld: Bringing World /Game/Niveles/UEDPIE_0_Nivel_1.Nivel_1 up for play (max tick rate 60) at 2016.02.05-00.43.41
[2016.02.05-05.43.41:721][223]LogActor:Warning: GameSession /Game/Niveles/UEDPIE_0_Nivel_1.Nivel_1:PersistentLevel.GameSession_6 has natively added scene component(s), but none of them were set as the actor's RootComponent - picking one arbitrarily
[2016.02.05-05.43.41:721][223]LogActor:Warning: GameNetworkManager /Game/Niveles/UEDPIE_0_Nivel_1.Nivel_1:PersistentLevel.GameNetworkManager_6 has natively added scene component(s), but none of them were set as the actor's RootComponent - picking one arbitrarily
[2016.02.05-05.43.41:722][223]LogWorld: Bringing up level for play took: 0.004358
[2016.02.05-05.43.41:725][223]PIE: Información Tiempo de inicio de la reproducción en el editor para  /Game/Niveles/UEDPIE_0_Nivel_1 -0,848
[2016.02.05-05.47.10:312][270]LogParticles: Destroying 0 GPU particle simulations for FXSystem 0x0000003E81C78900
[2016.02.05-05.47.11:020][290]LogPlayLevel: PIE:  No blueprints needed recompiling
[2016.02.05-05.47.11:020][290]PIE: New page: Sesión PIE (reproducción en el editor): Nivel_1 (4/2/2016 19:47:11)
[2016.02.05-05.47.11:021][290]LogPlayLevel: Creating play world package: /Game/Niveles/UEDPIE_0_Nivel_1
[2016.02.05-05.47.11:025][290]LogPlayLevel: PIE: StaticDuplicateObject took: (0.004308s)
[2016.02.05-05.47.11:026][290]LogAIModule: Creating AISystem for world Nivel_1
[2016.02.05-05.47.11:027][290]LogPlayLevel: PIE: World Init took: (0.001426s)
[2016.02.05-05.47.11:027][290]LogPlayLevel: PIE: Created PIE world by copying editor world from /Game/Niveles/Nivel_1.Nivel_1 to /Game/Niveles/UEDPIE_0_Nivel_1.Nivel_1 (0.005955s)
[2016.02.05-05.47.11:082][290]LogInit: XAudio2 using 'Speakers / Headphones (Realtek High Definition Audio)' : 2 channels at 48 kHz using 32 bits per sample (channel mask 0x3)
[2016.02.05-05.47.11:093][290]LogInit: FAudioDevice initialized.
[2016.02.05-05.47.11:137][290]LogWorld: Game class is '2D_C'
[2016.02.05-05.47.11:148][290]LogWorld: Bringing World /Game/Niveles/UEDPIE_0_Nivel_1.Nivel_1 up for play (max tick rate 60) at 2016.02.05-00.47.11
[2016.02.05-05.47.11:148][290]LogActor:Warning: GameSession /Game/Niveles/UEDPIE_0_Nivel_1.Nivel_1:PersistentLevel.GameSession_7 has natively added scene component(s), but none of them were set as the actor's RootComponent - picking one arbitrarily
[2016.02.05-05.47.11:149][290]LogActor:Warning: GameNetworkManager /Game/Niveles/UEDPIE_0_Nivel_1.Nivel_1:PersistentLevel.GameNetworkManager_7 has natively added scene component(s), but none of them were set as the actor's RootComponent - picking one arbitrarily
[2016.02.05-05.47.11:150][290]LogWorld: Bringing up level for play took: 0.009175
[2016.02.05-05.47.11:158][290]PIE: Información Tiempo de inicio de la reproducción en el editor para  /Game/Niveles/UEDPIE_0_Nivel_1 0,584
[2016.02.05-05.47.47:356][332]LogD3D11RHI: InitD3DDevice
[2016.02.05-05.48.04:181][836]LogParticles: Destroying 0 GPU particle simulations for FXSystem 0x0000003EB0415760
[2016.02.05-05.48.04:347][837]Cmd: QUIT_EDITOR
[2016.02.05-05.48.04:648][837]LogWindowsTextInputMethodSystem:Display: IME system now deactivated.
[2016.02.05-05.48.04:918][837]LogExit: Preparing to exit.
[2016.02.05-05.48.05:886][837]LogExit: Editor shut down
[2016.02.05-05.48.05:887][837]LogExit: Transaction tracking system shut down
[2016.02.05-05.48.05:904][837]LogParticles: Destroying 0 GPU particle simulations for FXSystem 0x0000003E8DFD8E00
[2016.02.05-05.48.05:905][837]LogParticles: Destroying 0 GPU particle simulations for FXSystem 0x0000003E9D9925C0
[2016.02.05-05.48.05:906][837]LogParticles: Destroying 0 GPU particle simulations for FXSystem 0x0000003E98520D60
[2016.02.05-05.48.05:918][837]LogParticles: Destroying 0 GPU particle simulations for FXSystem 0x0000003EB08699E0
[2016.02.05-05.48.05:919][837]LogParticles: Destroying 0 GPU particle simulations for FXSystem 0x0000003EB58A7420
[2016.02.05-05.48.06:242][837]LogParticles: Destroying 0 GPU particle simulations for FXSystem 0x0000003EAAF036A0
[2016.02.05-05.48.06:242][837]LogParticles: Destroying 0 GPU particle simulations for FXSystem 0x0000003EAF734E00
[2016.02.05-05.48.06:242][837]LogExit: Object subsystem successfully closed.
[2016.02.05-05.48.06:269][837]LogD3D11RHI: Shutdown
[2016.02.05-05.48.06:269][837]LogD3D11RHI: CleanupD3DDevice
[2016.02.05-05.48.06:417][837]LogD3D11RHI: ~FD3D11DynamicRHI
[2016.02.05-05.48.06:459][837]LogModuleManager: Shutting down and abandoning module SequencerWidgets (189)
[2016.02.05-05.48.06:459][837]LogModuleManager: Shutting down and abandoning module CrashTracker (188)
[2016.02.05-05.48.06:459][837]LogModuleManager: Shutting down and abandoning module SceneOutliner (187)
[2016.02.05-05.48.06:459][837]LogModuleManager: Shutting down and abandoning module SuperSearch (186)
[2016.02.05-05.48.06:459][837]LogModuleManager: Shutting down and abandoning module WidgetCarousel (185)
[2016.02.05-05.48.06:471][837]LogModuleManager: Shutting down and abandoning module AddContentDialog (184)
[2016.02.05-05.48.06:484][837]LogModuleManager: Shutting down and abandoning module EditorWidgets (183)
[2016.02.05-05.48.06:484][837]LogModuleManager: Shutting down and abandoning module CollectionManager (182)
[2016.02.05-05.48.06:484][837]LogModuleManager: Shutting down and abandoning module StatsViewer (181)
[2016.02.05-05.48.06:484][837]LogModuleManager: Shutting down and abandoning module FoliageEdit (180)
[2016.02.05-05.48.06:484][837]LogModuleManager: Shutting down and abandoning module LandscapeEditor (179)
[2016.02.05-05.48.06:484][837]LogModuleManager: Shutting down and abandoning module ActorPickerMode (178)
[2016.02.05-05.48.06:484][837]LogModuleManager: Shutting down and abandoning module GeometryMode (177)
[2016.02.05-05.48.06:484][837]LogModuleManager: Shutting down and abandoning module TextureAlignMode (176)
[2016.02.05-05.48.06:484][837]LogModuleManager: Shutting down and abandoning module BspMode (175)
[2016.02.05-05.48.06:484][837]LogModuleManager: Shutting down and abandoning module PlacementMode (174)
[2016.02.05-05.48.06:484][837]LogModuleManager: Shutting down and abandoning module AutomationWorker (173)
[2016.02.05-05.48.06:484][837]LogModuleManager: Shutting down and abandoning module CharacterAI (172)
[2016.02.05-05.48.06:484][837]LogModuleManager: Shutting down and abandoning module SmartSnapping (171)
[2016.02.05-05.48.06:484][837]LogModuleManager: Shutting down and abandoning module ViewportSnapping (170)
[2016.02.05-05.48.06:484][837]LogModuleManager: Shutting down and abandoning module LogVisualizer (169)
[2016.02.05-05.48.06:484][837]LogModuleManager: Shutting down and abandoning module GameProjectGeneration (168)
[2016.02.05-05.48.06:484][837]LogModuleManager: Shutting down and abandoning module IntroTutorials (167)
[2016.02.05-05.48.06:484][837]LogModuleManager: Shutting down and abandoning module EditorLiveStreaming (166)
[2016.02.05-05.48.06:484][837]LogModuleManager: Shutting down and abandoning module IOSPlatformEditor (165)
[2016.02.05-05.48.06:484][837]LogModuleManager: Shutting down and abandoning module HTML5PlatformEditor (164)
[2016.02.05-05.48.06:484][837]LogModuleManager: Shutting down and abandoning module AndroidDeviceDetection (163)
[2016.02.05-05.48.06:711][837]LogModuleManager: Shutting down and abandoning module AndroidPlatformEditor (162)
[2016.02.05-05.48.06:711][837]LogModuleManager: Shutting down and abandoning module IOSRuntimeSettings (161)
[2016.02.05-05.48.06:711][837]LogModuleManager: Shutting down and abandoning module AndroidRuntimeSettings (160)
[2016.02.05-05.48.06:711][837]LogModuleManager: Shutting down and abandoning module MergeActors (159)
[2016.02.05-05.48.06:711][837]LogModuleManager: Shutting down and abandoning module SizeMap (158)
[2016.02.05-05.48.06:711][837]LogModuleManager: Shutting down and abandoning module TreeMap (157)
[2016.02.05-05.48.06:711][837]LogModuleManager: Shutting down and abandoning module ReferenceViewer (156)
[2016.02.05-05.48.06:711][837]LogModuleManager: Shutting down and abandoning module LocalizationDashboard (155)
[2016.02.05-05.48.06:711][837]LogModuleManager: Shutting down and abandoning module HardwareTargeting (154)
[2016.02.05-05.48.06:711][837]LogModuleManager: Shutting down and abandoning module DeviceProfileEditor (153)
[2016.02.05-05.48.06:711][837]LogModuleManager: Shutting down and abandoning module UndoHistory (152)
[2016.02.05-05.48.06:711][837]LogModuleManager: Shutting down and abandoning module GameplayTagsEditor (151)
[2016.02.05-05.48.06:711][837]LogModuleManager: Shutting down and abandoning module UserFeedback (150)
[2016.02.05-05.48.06:711][837]LogModuleManager: Shutting down and abandoning module XmlParser (149)
[2016.02.05-05.48.06:712][837]LogModuleManager: Shutting down and abandoning module Blutility (148)
[2016.02.05-05.48.06:712][837]LogModuleManager: Shutting down and abandoning module ProjectTargetPlatformEditor (147)
[2016.02.05-05.48.06:712][837]LogModuleManager: Shutting down and abandoning module ProjectSettingsViewer (146)
[2016.02.05-05.48.06:712][837]LogModuleManager: Shutting down and abandoning module InputBindingEditor (145)
[2016.02.05-05.48.06:712][837]LogModuleManager: Shutting down and abandoning module EditorSettingsViewer (144)
[2016.02.05-05.48.06:712][837]LogModuleManager: Shutting down and abandoning module SettingsEditor (143)
[2016.02.05-05.48.06:713][837]LogModuleManager: Shutting down and abandoning module ProjectLauncher (142)
[2016.02.05-05.48.06:713][837]LogModuleManager: Shutting down and abandoning module SessionFrontend (141)
[2016.02.05-05.48.06:713][837]LogModuleManager: Shutting down and abandoning module ProfilerClient (140)
[2016.02.05-05.48.06:713][837]LogModuleManager: Shutting down and abandoning module TargetDeviceServices (139)
[2016.02.05-05.48.06:713][837]LogModuleManager: Shutting down and abandoning module DeviceManager (138)
[2016.02.05-05.48.06:713][837]LogModuleManager: Shutting down and abandoning module AutomationController (137)
[2016.02.05-05.48.06:713][837]LogModuleManager: Shutting down and abandoning module AutomationWindow (136)
[2016.02.05-05.48.06:713][837]LogModuleManager: Shutting down and abandoning module Layers (135)
[2016.02.05-05.48.06:713][837]LogModuleManager: Shutting down and abandoning module ComponentVisualizers (134)
[2016.02.05-05.48.06:713][837]LogModuleManager: Shutting down and abandoning module DetailCustomizations (133)
[2016.02.05-05.48.06:714][837]LogModuleManager: Shutting down and abandoning module PackagesDialog (132)
[2016.02.05-05.48.06:714][837]LogModuleManager: Shutting down and abandoning module AssetRegistry (131)
[2016.02.05-05.48.06:891][837]LogModuleManager: Shutting down and abandoning module Persona (130)
[2016.02.05-05.48.06:891][837]LogModuleManager: Shutting down and abandoning module Kismet (129)
[2016.02.05-05.48.06:891][837]LogModuleManager: Shutting down and abandoning module GraphEditor (128)
[2016.02.05-05.48.06:892][837]LogModuleManager: Shutting down and abandoning module ClassViewer (127)
[2016.02.05-05.48.06:894][837]LogModuleManager: Shutting down and abandoning module Toolbox (126)
[2016.02.05-05.48.06:894][837]LogModuleManager: Shutting down and abandoning module ModuleUI (125)
[2016.02.05-05.48.06:894][837]LogModuleManager: Shutting down and abandoning module MovieSceneTools (124)
[2016.02.05-05.48.06:894][837]LogModuleManager: Shutting down and abandoning module OutputLog (123)
[2016.02.05-05.48.06:894][837]LogModuleManager: Shutting down and abandoning module GammaUI (122)
[2016.02.05-05.48.06:894][837]LogModuleManager: Shutting down and abandoning module Documentation (121)
[2016.02.05-05.48.06:894][837]LogModuleManager: Shutting down and abandoning module GameLiveStreaming (120)
[2016.02.05-05.48.06:894][837]LogModuleManager: Shutting down and abandoning module StreamingPauseRendering (119)
[2016.02.05-05.48.06:894][837]LogModuleManager: Shutting down and abandoning module AnalyticsET (118)
[2016.02.05-05.48.06:894][837]LogModuleManager: Shutting down and abandoning module Analytics (117)
[2016.02.05-05.48.06:894][837]LogModuleManager: Shutting down and abandoning module AITestSuite (116)
[2016.02.05-05.48.06:894][837]LogModuleManager: Shutting down and abandoning module GameplayDebugger (115)
[2016.02.05-05.48.06:894][837]LogModuleManager: Shutting down and abandoning module AIModule (114)
[2016.02.05-05.48.06:894][837]LogModuleManager: Shutting down and abandoning module ProfilerService (113)
[2016.02.05-05.48.07:038][837]LogModuleManager: Shutting down and abandoning module TaskGraph (112)
[2016.02.05-05.48.07:038][837]LogModuleManager: Shutting down and abandoning module SlateRemote (111)
[2016.02.05-05.48.07:038][837]LogModuleManager: Shutting down and abandoning module SteamVRController (110)
[2016.02.05-05.48.07:038][837]LogModuleManager: Shutting down and abandoning module SteamVR (109)
[2016.02.05-05.48.07:038][837]LogModuleManager: Shutting down and abandoning module ProceduralMeshComponent (108)
[2016.02.05-05.48.07:038][837]LogModuleManager: Shutting down and abandoning module OculusRift (107)
[2016.02.05-05.48.07:038][837]LogModuleManager: Shutting down and abandoning module LeapMotionController (106)
[2016.02.05-05.48.07:085][837]LogModuleManager: Shutting down and abandoning module CustomMeshComponent (105)
[2016.02.05-05.48.07:085][837]LogModuleManager: Shutting down and abandoning module CableComponent (104)
[2016.02.05-05.48.07:085][837]LogModuleManager: Shutting down and abandoning module MessagingDebugger (103)
[2016.02.05-05.48.07:086][837]LogModuleManager: Shutting down and abandoning module MediaPlayerEditor (102)
[2016.02.05-05.48.07:086][837]LogModuleManager: Shutting down and abandoning module SpeedTreeImporter (101)
[2016.02.05-05.48.07:086][837]LogModuleManager: Shutting down and abandoning module PluginBrowser (100)
[2016.02.05-05.48.07:086][837]LogModuleManager: Shutting down and abandoning module EpicSurvey (99)
[2016.02.05-05.48.07:086][837]LogModuleManager: Shutting down and abandoning module DesktopPlatform (98)
[2016.02.05-05.48.07:086][837]LogModuleManager: Shutting down and abandoning module VisualStudioSourceCodeAccess (97)
[2016.02.05-05.48.07:086][837]LogModuleManager: Shutting down and abandoning module UObjectPlugin (96)
[2016.02.05-05.48.07:086][837]LogModuleManager: Shutting down and abandoning module SubversionSourceControl (95)
[2016.02.05-05.48.07:087][837]LogModuleManager: Shutting down and abandoning module PerforceSourceControl (94)
[2016.02.05-05.48.07:087][837]LogModuleManager: Shutting down and abandoning module SourceControl (93)
[2016.02.05-05.48.07:087][837]LogModuleManager: Shutting down and abandoning module GitSourceControl (92)
[2016.02.05-05.48.07:087][837]LogModuleManager: Shutting down and abandoning module BlankPlugin (91)
[2016.02.05-05.48.07:087][837]LogModuleManager: Shutting down and abandoning module PaperTiledImporter (90)
[2016.02.05-05.48.07:087][837]LogModuleManager: Shutting down and abandoning module PaperSpriteSheetImporter (89)
[2016.02.05-05.48.07:087][837]LogModuleManager: Shutting down and abandoning module MeshPaint (88)
[2016.02.05-05.48.07:087][837]LogModuleManager: Shutting down and abandoning module SlateReflector (87)
[2016.02.05-05.48.07:087][837]LogModuleManager: Shutting down and abandoning module DirectoryWatcher (86)
[2016.02.05-05.48.07:092][837]LogModuleManager: Shutting down and abandoning module HotReload (85)
[2016.02.05-05.48.07:092][837]LogModuleManager: Shutting down and abandoning module MainFrame (84)
[2016.02.05-05.48.07:092][837]LogModuleManager: Shutting down and abandoning module LevelEditor (83)
[2016.02.05-05.48.07:095][837]LogModuleManager: Shutting down and abandoning module ContentBrowser (82)
[2016.02.05-05.48.07:097][837]LogModuleManager: Shutting down and abandoning module Paper2DEditor (81)
[2016.02.05-05.48.07:097][837]LogModuleManager: Shutting down and abandoning module UdpMessaging (80)
[2016.02.05-05.48.07:198][837]LogModuleManager: Shutting down and abandoning module Paper2D (79)
[2016.02.05-05.48.07:198][837]LogModuleManager: Shutting down and abandoning module WindowsMoviePlayer (78)
[2016.02.05-05.48.07:205][837]LogModuleManager: Shutting down and abandoning module Media (77)
[2016.02.05-05.48.07:205][837]LogModuleManager: Shutting down and abandoning module WmfMedia (76)
[2016.02.05-05.48.07:205][837]LogModuleManager: Shutting down and abandoning module OnlineBlueprintSupport (75)
[2016.02.05-05.48.07:206][837]LogModuleManager: Shutting down and abandoning module PropertyEditor (74)
[2016.02.05-05.48.07:206][837]LogModuleManager: Shutting down and abandoning module BehaviorTreeEditor (73)
[2016.02.05-05.48.07:206][837]LogModuleManager: Shutting down and abandoning module FunctionalTesting (72)
[2016.02.05-05.48.07:206][837]LogModuleManager: Shutting down and abandoning module CollisionAnalyzer (71)
[2016.02.05-05.48.07:206][837]LogModuleManager: Shutting down and abandoning module WorkspaceMenuStructure (70)
[2016.02.05-05.48.07:206][837]LogModuleManager: Shutting down and abandoning module MessageLog (69)
[2016.02.05-05.48.07:206][837]LogModuleManager: Shutting down and abandoning module Sequencer (68)
[2016.02.05-05.48.07:206][837]LogModuleManager: Shutting down and abandoning module AssetTools (67)
[2016.02.05-05.48.07:206][837]LogModuleManager: Shutting down and abandoning module UMGEditor (66)
[2016.02.05-05.48.07:206][837]LogModuleManager: Shutting down and abandoning module UMG (65)
[2016.02.05-05.48.07:206][837]LogModuleManager: Shutting down and abandoning module Slate (64)
[2016.02.05-05.48.07:206][837]LogModuleManager: Shutting down and abandoning module EditorStyle (63)
[2016.02.05-05.48.07:216][837]LogModuleManager: Shutting down and abandoning module SessionServices (62)
[2016.02.05-05.48.07:216][837]LogModuleManager: Shutting down and abandoning module SourceCodeAccess (61)
[2016.02.05-05.48.07:216][837]LogModuleManager: Shutting down and abandoning module HeadMountedDisplay (60)
[2016.02.05-05.48.07:216][837]LogModuleManager: Shutting down and abandoning module XAudio2 (59)
[2016.02.05-05.48.07:216][837]LogModuleManager: Shutting down and abandoning module Networking (57)
[2016.02.05-05.48.07:216][837]LogModuleManager: Shutting down and abandoning module Core (56)
[2016.02.05-05.48.07:216][837]LogModuleManager: Shutting down and abandoning module KismetCompiler (55)
[2016.02.05-05.48.07:216][837]LogModuleManager: Shutting down and abandoning module PhysXFormats (54)
[2016.02.05-05.48.07:216][837]LogModuleManager: Shutting down and abandoning module MeshUtilities (53)
[2016.02.05-05.48.07:216][837]LogModuleManager: Shutting down and abandoning module DerivedDataCache (52)
[2016.02.05-05.48.07:293][837]LogDerivedDataCache: Shutdown
[2016.02.05-05.48.07:293][837]LogModuleManager: Shutting down and abandoning module ShaderFormatOpenGL (51)
[2016.02.05-05.48.07:293][837]LogModuleManager: Shutting down and abandoning module ShaderFormatD3D (50)
[2016.02.05-05.48.07:293][837]LogModuleManager: Shutting down and abandoning module MetalShaderFormat (49)
[2016.02.05-05.48.07:293][837]LogModuleManager: Shutting down and abandoning module TextureFormatUncompressed (48)
[2016.02.05-05.48.07:293][837]LogModuleManager: Shutting down and abandoning module TextureFormatPVR (47)
[2016.02.05-05.48.07:293][837]LogModuleManager: Shutting down and abandoning module TextureFormatIntelISPCTexComp (46)
[2016.02.05-05.48.07:293][837]LogModuleManager: Shutting down and abandoning module TextureFormatDXT (45)
[2016.02.05-05.48.07:293][837]LogModuleManager: Shutting down and abandoning module ImageWrapper (44)
[2016.02.05-05.48.07:293][837]LogModuleManager: Shutting down and abandoning module TextureFormatASTC (43)
[2016.02.05-05.48.07:293][837]LogModuleManager: Shutting down and abandoning module TextureFormatAndroid (42)
[2016.02.05-05.48.07:293][837]LogModuleManager: Shutting down and abandoning module AudioFormatOpus (41)
[2016.02.05-05.48.07:293][837]LogModuleManager: Shutting down and abandoning module AudioFormatOgg (40)
[2016.02.05-05.48.07:293][837]LogModuleManager: Shutting down and abandoning module AudioFormatADPCM (39)
[2016.02.05-05.48.07:294][837]LogModuleManager: Shutting down and abandoning module LinuxTargetPlatform (38)
[2016.02.05-05.48.07:294][837]LogModuleManager: Shutting down and abandoning module LinuxServerTargetPlatform (37)
[2016.02.05-05.48.07:294][837]LogModuleManager: Shutting down and abandoning module LinuxNoEditorTargetPlatform (36)
[2016.02.05-05.48.07:294][837]LogModuleManager: Shutting down and abandoning module Messaging (35)
[2016.02.05-05.48.07:294][837]LogModuleManager: Shutting down and abandoning module IOSTargetPlatform (34)
[2016.02.05-05.48.07:294][837]LogModuleManager: Shutting down and abandoning module HTML5TargetPlatform (33)
[2016.02.05-05.48.07:294][837]LogModuleManager: Shutting down and abandoning module Android_PVRTCTargetPlatform (32)
[2016.02.05-05.48.07:294][837]LogModuleManager: Shutting down and abandoning module Android_ETC2TargetPlatform (31)
[2016.02.05-05.48.07:294][837]LogModuleManager: Shutting down and abandoning module Android_ETC1TargetPlatform (30)
[2016.02.05-05.48.07:294][837]LogModuleManager: Shutting down and abandoning module Android_DXTTargetPlatform (29)
[2016.02.05-05.48.07:294][837]LogModuleManager: Shutting down and abandoning module Android_ATCTargetPlatform (28)
[2016.02.05-05.48.07:294][837]LogModuleManager: Shutting down and abandoning module Android_ASTCTargetPlatform (27)
[2016.02.05-05.48.07:294][837]LogModuleManager: Shutting down and abandoning module AndroidTargetPlatform (26)
[2016.02.05-05.48.07:294][837]LogModuleManager: Shutting down and abandoning module WindowsTargetPlatform (25)
[2016.02.05-05.48.07:294][837]LogModuleManager: Shutting down and abandoning module WindowsServerTargetPlatform (24)
[2016.02.05-05.48.07:294][837]LogModuleManager: Shutting down and abandoning module WindowsNoEditorTargetPlatform (23)
[2016.02.05-05.48.07:294][837]LogModuleManager: Shutting down and abandoning module WindowsClientTargetPlatform (22)
[2016.02.05-05.48.07:294][837]LogModuleManager: Shutting down and abandoning module DesktopTargetPlatform (21)
[2016.02.05-05.48.07:294][837]LogModuleManager: Shutting down and abandoning module TargetPlatform (20)
[2016.02.05-05.48.07:294][837]LogModuleManager: Shutting down and abandoning module InputCore (19)
[2016.02.05-05.48.07:294][837]LogModuleManager: Shutting down and abandoning module Settings (18)
[2016.02.05-05.48.07:294][837]LogModuleManager: Shutting down and abandoning module OnlineSubsystem (16)
[2016.02.05-05.48.07:294][837]LogModuleManager: Shutting down and abandoning module HTTP (15)
[2016.02.05-05.48.07:295][837]LogModuleManager: Shutting down and abandoning module ExampleDeviceProfileSelector (14)
[2016.02.05-05.48.07:295][837]LogModuleManager: Shutting down and abandoning module TextureCompressor (13)
[2016.02.05-05.48.07:295][837]LogModuleManager: Shutting down and abandoning module ShaderCore (12)
[2016.02.05-05.48.07:295][837]LogModuleManager: Shutting down and abandoning module Landscape (11)
[2016.02.05-05.48.07:295][837]LogModuleManager: Shutting down and abandoning module SlateRHIRenderer (10)
[2016.02.05-05.48.07:320][837]LogModuleManager: Shutting down and abandoning module OpenGLDrv (9)
[2016.02.05-05.48.07:320][837]LogModuleManager: Shutting down and abandoning module D3D11RHI (8)
[2016.02.05-05.48.07:320][837]LogModuleManager: Shutting down and abandoning module Renderer (7)
[2016.02.05-05.48.07:320][837]LogModuleManager: Shutting down and abandoning module Engine (6)
[2016.02.05-05.48.07:320][837]LogModuleManager: Shutting down and abandoning module CoreUObject (5)
[2016.02.05-05.48.07:320][837]LogModuleManager: Shutting down and abandoning module NetworkFile (4)
[2016.02.05-05.48.07:320][837]LogModuleManager: Shutting down and abandoning module StreamingFile (3)
[2016.02.05-05.48.07:320][837]LogModuleManager: Shutting down and abandoning module SandboxFile (2)
[2016.02.05-05.48.07:320][837]LogModuleManager: Shutting down and abandoning module PakFile (1)
[2016.02.05-05.48.07:321][837]LogExit: Exiting.
[2016.02.05-05.48.07:364][837]Log file closed, 02/05/16 00:48:07
