[2016.02.23-23.55.58:757][  0]Log file open, 02/23/16 18:55:58
[2016.02.23-23.55.58:757][  0]LogInit:Display: Running engine for game: Proyecto
[2016.02.23-23.55.58:757][  0]LogInit:Display: RandInit(1120064763) SRandInit(1120064764).
[2016.02.23-23.55.58:757][  0]LogTaskGraph: Started task graph with 4 named threads and 8 total threads.
[2016.02.23-23.55.58:757][  0]LogStats: Stats thread started
[2016.02.23-23.55.58:757][  0]LogInit: Version: 4.8.3-2634408+++depot+UE4-Releases+4.8
[2016.02.23-23.55.58:757][  0]LogInit: API Version: 2579680
[2016.02.23-23.55.58:757][  0]LogInit: Compiled (64-bit): Jul 27 2015 16:24:33
[2016.02.23-23.55.58:757][  0]LogInit: Compiled with Visual C++: 18.00.21005.01
[2016.02.23-23.55.58:757][  0]LogInit: Build Configuration: Development
[2016.02.23-23.55.58:757][  0]LogInit: Branch Name: ++depot+UE4-Releases+4.8
[2016.02.23-23.55.58:757][  0]LogInit: Command line:  
[2016.02.23-23.55.58:757][  0]LogInit: Base directory: C:/Program Files (x86)/Epic Games/4.8/Engine/Binaries/Win64/
[2016.02.23-23.55.58:757][  0]LogInit: Rocket: 1
[2016.02.23-23.55.58:820][  0]LogInit: Using libcurl 7.41.0
[2016.02.23-23.55.58:820][  0]LogInit:  - built for x86_64-pc-win32
[2016.02.23-23.55.58:820][  0]LogInit:  - supports SSL with WinSSL
[2016.02.23-23.55.58:820][  0]LogInit:  - other features:
[2016.02.23-23.55.58:820][  0]LogInit:      CURL_VERSION_SSL
[2016.02.23-23.55.58:820][  0]LogInit:      CURL_VERSION_IPV6
[2016.02.23-23.55.58:820][  0]LogInit:      CURL_VERSION_ASYNCHDNS
[2016.02.23-23.55.58:820][  0]LogInit:      CURL_VERSION_LARGEFILE
[2016.02.23-23.55.58:820][  0]LogInit:      CURL_VERSION_IDN
[2016.02.23-23.55.58:820][  0]LogInit:  CurlRequestOptions (configurable via config and command line):
[2016.02.23-23.55.58:820][  0]LogInit:  - bVerifyPeer = true  - Libcurl will verify peer certificate
[2016.02.23-23.55.58:820][  0]LogInit:  - bUseHttpProxy = false  - Libcurl will NOT use HTTP proxy
[2016.02.23-23.55.58:820][  0]LogInit:  - bDontReuseConnections = false  - Libcurl will reuse connections
[2016.02.23-23.55.58:821][  0]LogInit:  - CertBundlePath = nullptr  - Libcurl will use whatever was configured at build time.
[2016.02.23-23.55.58:854][  0]LogOnline:Warning: No default platform service specified for OnlineSubsystem
[2016.02.23-23.55.58:897][  0]LogInit: Presizing for 0 objects not considered by GC, pre-allocating 0 bytes.
[2016.02.23-23.55.58:917][  0]LogInit: Object subsystem initialized
[2016.02.23-23.55.58:919][  0]LogConsoleResponse:Warning: Skipping Unknown console variable: 'UIScaleCurve = (EditorCurveData=(Keys=((Time=480.000000,Value=0.444000),(Time=720.000000,Value=0.666000),(Time=1080.000000,Value=1.000000),(Time=8640.000000,Value=8.000000))),ExternalCurve=None)'
[2016.02.23-23.55.58:919][  0]LogConsoleResponse:Warning:   Found in ini file 'C:/Users/Jimmy/git/PoliHeath/Proyecto 4.8/Saved/Config/Windows/Engine.ini', in section '[/Script/Engine.RendererSettings]'
[2016.02.23-23.55.58:920][  0]LogConsoleManager:Warning: Console variable 'r.MSAA.CompositingSampleCount' wasn't set ('Scalability' has a lower priority than 'ProjectSetting')
[2016.02.23-23.55.58:920][  0]LogInit: Selected Device Profile: [Windows]
[2016.02.23-23.55.58:920][  0]LogInit: Applying CVar settings loaded from the selected device profile: [Windows]
[2016.02.23-23.55.58:947][  0]LogInit: Computer: JIMMY-PC
[2016.02.23-23.55.58:947][  0]LogInit: User: Jimmy
[2016.02.23-23.55.58:947][  0]LogInit: CPU Page size=4096, Cores=6
[2016.02.23-23.55.58:947][  0]LogInit: High frequency timer resolution =2.746526 MHz
[2016.02.23-23.55.58:947][  0]LogMemory: Memory total: Physical=4.0GB (4GB approx)
[2016.02.23-23.55.58:947][  0]LogMemory: Platform Memory Stats for Windows
[2016.02.23-23.55.58:947][  0]LogMemory: Process Physical Memory: 48.38 MB used, 48.38 MB peak
[2016.02.23-23.55.58:947][  0]LogMemory: Process Virtual Memory: 22.17 MB used, 22.17 MB peak
[2016.02.23-23.55.58:947][  0]LogMemory: Physical Memory: 1999.14 MB used, 4092.53 MB total
[2016.02.23-23.55.58:947][  0]LogMemory: Virtual Memory: 292.58 MB used, 134217728.00 MB total
[2016.02.23-23.55.59:058][  0]LogTextLocalizationManager: The requested culture ('en_US') has no localization data; parent culture's ('en') localization data will be used.
[2016.02.23-23.55.59:587][  0]LogTextLocalizationManager:Warning: Loaded localization resources contain conflicting entries for (Namespace:ContentBrowser, Key:ImportAssetToolTip):
Localization Resource: (C:/Program Files (x86)/Epic Games/4.8/Engine/Content/Localization/Editor/en/Editor.locres) Source String Hash: (-630476809) Localized String: (Import to {0}...)
Localization Resource: (C:/Program Files (x86)/Epic Games/4.8/Engine/Content/Localization/Editor/en/Editor.locres) Source String Hash: (1271782899) Localized String: (Imports an asset from file to this folder.)
[2016.02.23-23.56.00:448][  0]LogD3D11RHI: Found D3D11 adapter 0: NVIDIA GeForce GTX 650 (Feature Level 11_0)
[2016.02.23-23.56.00:448][  0]LogD3D11RHI: Adapter has 1986MB of dedicated video memory, 0MB of dedicated system memory, and 2046MB of shared system memory, 1 output[s]
[2016.02.23-23.56.00:451][  0]LogD3D11RHI: Found D3D11 adapter 1: Microsoft Basic Render Driver (Feature Level 11_0)
[2016.02.23-23.56.00:452][  0]LogD3D11RHI: Adapter has 0MB of dedicated video memory, 0MB of dedicated system memory, and 256MB of shared system memory, 0 output[s]
[2016.02.23-23.56.00:452][  0]LogD3D11RHI: Chosen D3D11 Adapter Id = 0
[2016.02.23-23.56.00:461][  0]LogD3D11RHI: InitD3DDevice
[2016.02.23-23.56.00:461][  0]LogD3D11RHI: !Direct3DDevice
[2016.02.23-23.56.00:461][  0]LogRHI: Texture pool is 1361 MB (70% of 1945 MB)
[2016.02.23-23.56.00:490][  0]LogD3D11RHI: Async texture creation enabled
[2016.02.23-23.56.00:513][  0]LogShaderCompilers:Display: Using Local Shader Compiler.
[2016.02.23-23.56.04:312][  0]LogTemp:Display: Loaded TP DesktopTargetPlatform
[2016.02.23-23.56.04:356][  0]LogTemp:Display: Loaded TP WindowsClientTargetPlatform
[2016.02.23-23.56.04:400][  0]LogTemp:Display: Loaded TP WindowsNoEditorTargetPlatform
[2016.02.23-23.56.04:444][  0]LogTemp:Display: Loaded TP WindowsServerTargetPlatform
[2016.02.23-23.56.04:495][  0]LogTemp:Display: Loaded TP WindowsTargetPlatform
[2016.02.23-23.56.04:534][  0]LogTemp:Display: Loaded TP AndroidTargetPlatform
[2016.02.23-23.56.04:572][  0]LogTemp:Display: Loaded TP Android_ASTCTargetPlatform
[2016.02.23-23.56.04:609][  0]LogTemp:Display: Loaded TP Android_ATCTargetPlatform
[2016.02.23-23.56.04:647][  0]LogTemp:Display: Loaded TP Android_DXTTargetPlatform
[2016.02.23-23.56.04:686][  0]LogTemp:Display: Loaded TP Android_ETC1TargetPlatform
[2016.02.23-23.56.04:724][  0]LogTemp:Display: Loaded TP Android_ETC2TargetPlatform
[2016.02.23-23.56.04:765][  0]LogTemp:Display: Loaded TP Android_PVRTCTargetPlatform
[2016.02.23-23.56.04:889][  0]LogTemp:Display: Loaded TP IOSTargetPlatform
[2016.02.23-23.56.04:926][  0]LogTemp:Display: Loaded TP LinuxNoEditorTargetPlatform
[2016.02.23-23.56.04:963][  0]LogTemp:Display: Loaded TP LinuxServerTargetPlatform
[2016.02.23-23.56.05:011][  0]LogTemp:Display: Loaded TP LinuxTargetPlatform
[2016.02.23-23.56.05:011][  0]LogTargetPlatformManager:Display: Building Assets For Windows
[2016.02.23-23.56.05:635][  0]LogDerivedDataCache:Display: Max Cache Size: 512 MB
[2016.02.23-23.56.05:784][  0]LogDerivedDataCache: Loaded boot cache 0.15s 53MB C:/Users/Jimmy/AppData/Local/UnrealEngine/4.8/DerivedDataCache/Boot.ddc.
[2016.02.23-23.56.05:784][  0]LogDerivedDataCache:Display: Loaded Boot cache: C:/Users/Jimmy/AppData/Local/UnrealEngine/4.8/DerivedDataCache/Boot.ddc
[2016.02.23-23.56.05:785][  0]LogDerivedDataCache: FDerivedDataBackendGraph:  Pak pak cache file ../../../../../../Users/Jimmy/git/PoliHeath/Proyecto 4.8/DerivedDataCache/DDC.ddp not found, will not use a pak cache.
[2016.02.23-23.56.05:785][  0]LogDerivedDataCache: Unable to find inner node Pak for hierarchical cache Hierarchy.
[2016.02.23-23.56.05:785][  0]LogDerivedDataCache: FDerivedDataBackendGraph:  CompressedPak pak cache file ../../../../../../Users/Jimmy/git/PoliHeath/Proyecto 4.8/DerivedDataCache/Compressed.ddp not found, will not use a pak cache.
[2016.02.23-23.56.05:785][  0]LogDerivedDataCache: Unable to find inner node CompressedPak for hierarchical cache Hierarchy.
[2016.02.23-23.56.06:162][  0]LogDerivedDataCache:Display: Pak cache opened for reading ../../../Engine/DerivedDataCache/Compressed.ddp.
[2016.02.23-23.56.06:176][  0]LogDerivedDataCache: Using Local data cache path C:/Users/Jimmy/AppData/Local/UnrealEngine/Common/DerivedDataCache: Writable
[2016.02.23-23.56.07:006][  0]LogInit: Selected Device Profile: [Windows]
[2016.02.23-23.56.07:234][  0]ImportText (ComponentSweepMultiTests): Missing closing parenthesis: (RootShapeAsset="/Engine/BasicShapes/Cube.Cube",ShapeType="TriggerCapsule",HitResult=(Time=0.50,Location=(X=-100.000015,Y=0.0,Z=100.000015),ImpactPoint=(X=-50.0,Y=0.0,Z=50.0),Normal=(X=-1.0,Y=-0.0,Z=0.0),ImpactNormal=(X=0.0,Y=0.0,Z=1.0),TraceStart=(X=-200.0,Y=0.0,Z=200.0),TraceEnd=(X=0.0,Y=0.0,Z=0.0))
[2016.02.23-23.56.07:235][  0]ImportText (LineTraceSingleByChannelTests): Missing closing parenthesis: (RootShapeAsset="/Engine/BasicShapes/Cube.Cube",HitResult=(Time=0.50,Location=(X=-100.000015,Y=0.0,Z=100.000015),ImpactPoint=(X=-50.0,Y=0.0,Z=50.0),Normal=(X=-1.0,Y=-0.0,Z=0.0),ImpactNormal=(X=0.0,Y=0.0,Z=1.0),TraceStart=(X=-200.0,Y=0.0,Z=200.0),TraceEnd=(X=0.0,Y=0.0,Z=0.0))
[2016.02.23-23.56.07:317][  0]LogMeshUtilities: No automatic mesh reduction module available
[2016.02.23-23.56.07:317][  0]LogMeshUtilities: No automatic mesh merging module available
[2016.02.23-23.56.08:328][  0]LogInit: WinSock: version 1.1 (2.2), MaxSocks=32767, MaxUdp=65467
[2016.02.23-23.56.12:971][  0]UdpMessaging: Initializing bridge on interface 0.0.0.0:0 to multicast group 230.0.0.1:6666.
[2016.02.23-23.56.14:034][  0]SourceControl: Info Source control is disabled
[2016.02.23-23.56.15:136][  0]LogObj: 26273 objects as part of root set at end of initial load.
[2016.02.23-23.56.15:136][  0]LogUObjectAllocator: 5409248 out of 0 bytes used by permanent object pool.
[2016.02.23-23.56.15:337][  0]LogEngine: Initializing Engine...
[2016.02.23-23.56.15:346][  0]LogHMD: Can't find Oculus library dev build: is proper Runtime installed? Version: 0.6.0.0
[2016.02.23-23.56.15:350][  0]LogHMD:Warning: SteamVR failed to initialize.  Error: 110
[2016.02.23-23.56.15:845][  0]LogAIModule: Creating AISystem for world NewWorld
[2016.02.23-23.56.15:861][  0]LogInit: XAudio2 using 'Speakers (Realtek High Definition Audio)' : 2 channels at 48 kHz using 32 bits per sample (channel mask 0x3)
[2016.02.23-23.56.15:906][  0]LogInit: FAudioDevice initialized.
[2016.02.23-23.56.15:994][  0]LogDerivedDataCache: Saved boot cache 0.09s 53MB C:/Users/Jimmy/AppData/Local/UnrealEngine/4.8/DerivedDataCache/Boot.ddc.
[2016.02.23-23.56.16:015][  0]LogInit: Texture streaming: Disabled
[2016.02.23-23.56.16:085][  0]LogAnalytics: Creating configured Analytics provider AnalyticsET
[2016.02.23-23.56.16:085][  0]LogAnalytics: [UEEditor.Rocket.Release] APIServer = http://et2.epicgames.com/ET2/. AppVersion = 4.8.3-2634408+++depot+UE4-Releases+4.8
[2016.02.23-23.56.16:085][  0]LogAnalytics: [UEEditor.Rocket.Release] SetUserId d27f3b9b4f30e27e25812782be8b0d8d|8dcf4c5a87044acf9d7d9b2f0991a3f0|822a412b-4e57-4804-a033-2e42d5894c6e
[2016.02.23-23.56.16:085][  0]LogAnalytics: [UEEditor.Rocket.Release] AnalyticsET::StartSession
[2016.02.23-23.56.16:157][  0]LogInit: Transaction tracking system initialized
[2016.02.23-23.56.16:536][  0]BlueprintLog: New page: Editor Load
[2016.02.23-23.56.16:627][  0]LogAssetRegistry: FAssetRegistry took 0.0116 seconds to start up
[2016.02.23-23.56.16:629][  0]LogDirectoryWatcher:Warning: Failed to begin reading directory changes for ../../../Engine/Plugins/Experimental/CharacterAI/Content/. Error: 0
[2016.02.23-23.56.18:629][  0]LogConsoleManager:Warning: Console variable 'r.VSync' wasn't set ('GameSetting' has a lower priority than 'SystemSettingsIni')
[2016.02.23-23.56.18:630][  0]LogConsoleResponse:Display: 
[2016.02.23-23.56.18:969][  0]LogCook:Display: Done creating registry. It took  0.00s.
[2016.02.23-23.56.19:681][  0]Cmd: MAP LOAD FILE="../../../../../../Users/Jimmy/git/PoliHeath/Proyecto 4.8/Content/Niveles/Menu.umap" TEMPLATE=0 SHOWPROGRESS=1 FEATURELEVEL=3
[2016.02.23-23.56.19:682][  0]LightingResults: New page: Lighting Build
[2016.02.23-23.56.19:719][  0]MapCheck: New page: Map Check
[2016.02.23-23.56.19:719][  0]LightingResults: New page: Lighting Build
[2016.02.23-23.56.19:739][  0]LogParticles: Destroying 0 GPU particle simulations for FXSystem 0x0000005D0E090B80
[2016.02.23-23.56.20:276][  0]LogAIModule: Creating AISystem for world Menu
[2016.02.23-23.56.20:279][  0]LogEditorServer: Finished looking for orphan Actors (0.000 secs)
[2016.02.23-23.56.20:281][  0]Cmd: MAP CHECKDEP NOCLEARLOG
[2016.02.23-23.56.20:508][  0]MapCheck: Info Map check complete: 0 Error(s), 0 Warning(s), took 226.411ms to complete.
[2016.02.23-23.56.20:509][  0]LogFileHelpers: Loading map 'Menu' took 0.828
[2016.02.23-23.56.20:766][  0]LogCollectionManager: Loaded 0 collections in 0.008246 seconds
[2016.02.23-23.56.20:789][  0]LogContentBrowser: Native class hierarchy populated in 0.0226 seconds. Added 1792 classes and 301 folders.
[2016.02.23-23.56.20:929][  0]LogContentBrowser: Native class hierarchy updated for 'WidgetCarousel' in 0.0009 seconds. Added 0 classes and 0 folders.
[2016.02.23-23.56.21:045][  0]LogContentBrowser: Native class hierarchy updated for 'AddContentDialog' in 0.0010 seconds. Added 0 classes and 0 folders.
[2016.02.23-23.56.21:098][  0]LogContentBrowser: Native class hierarchy updated for 'SceneOutliner' in 0.0009 seconds. Added 1 classes and 2 folders.
[2016.02.23-23.56.21:186][  0]LogCrashTracker: Crashtracker disabled due to settings.
[2016.02.23-23.56.21:189][  0]LogD3D11RHI: InitD3DDevice
[2016.02.23-23.56.21:197][  0]LogUObjectGlobals:Warning: Failed to find object 'Class None.'
[2016.02.23-23.56.21:220][  0]LogLoad: Full Startup: 28.87 seconds (BP compile: 0.42 seconds)
[2016.02.23-23.56.21:764][  0]SourceControl: Info # On branch master
[2016.02.23-23.56.21:764][  0]SourceControl: Info # Changes to be committed:
[2016.02.23-23.56.21:764][  0]SourceControl: Info #   (use "git reset HEAD <file>..." to unstage)
[2016.02.23-23.56.21:764][  0]SourceControl: Info #
[2016.02.23-23.56.21:764][  0]SourceControl: Info #	new file:   Proyecto 4.8/Content/Blueprints/AI/CaminaZombie.uasset
[2016.02.23-23.56.21:764][  0]SourceControl: Info #	modified:   Proyecto 4.8/Content/Blueprints/CaminaZombie.uasset
[2016.02.23-23.56.21:764][  0]SourceControl: Info #	deleted:    Proyecto 4.8/Content/Blueprints/Zombie.uasset
[2016.02.23-23.56.21:765][  0]SourceControl: Info #
[2016.02.23-23.56.21:765][  0]SourceControl: Info # Changes not staged for commit:
[2016.02.23-23.56.21:765][  0]SourceControl: Info #   (use "git add <file>..." to update what will be committed)
[2016.02.23-23.56.21:765][  0]SourceControl: Info #   (use "git checkout -- <file>..." to discard changes in working directory)
[2016.02.23-23.56.21:765][  0]SourceControl: Info #
[2016.02.23-23.56.21:765][  0]SourceControl: Info #	modified:   Proyecto 4.8/Content/Blueprints/AI/CaminaZombie.uasset
[2016.02.23-23.56.21:765][  0]SourceControl: Info #	modified:   Proyecto 4.8/Content/FlipBooks/CaminaZombie.uasset
[2016.02.23-23.56.21:765][  0]SourceControl: Info #	modified:   Proyecto 4.8/Content/Niveles/Nivel_1.umap
[2016.02.23-23.56.21:765][  0]SourceControl: Info #	modified:   Proyecto 4.8/Content/Sprites/ZombieChar/Caminar/C1.uasset
[2016.02.23-23.56.21:765][  0]SourceControl: Info #	modified:   Proyecto 4.8/Content/Sprites/ZombieChar/Caminar/C2.uasset
[2016.02.23-23.56.21:765][  0]SourceControl: Info #	modified:   Proyecto 4.8/Content/Sprites/ZombieChar/Caminar/C3.uasset
[2016.02.23-23.56.21:765][  0]SourceControl: Info #	modified:   Proyecto 4.8/Content/Sprites/ZombieChar/Caminar/C4.uasset
[2016.02.23-23.56.21:765][  0]SourceControl: Info #	modified:   Proyecto 4.8/Content/Sprites/ZombieChar/Caminar/C5.uasset
[2016.02.23-23.56.21:765][  0]SourceControl: Info #	modified:   Proyecto 4.8/Intermediate/CachedAssetRegistry.bin
[2016.02.23-23.56.21:765][  0]SourceControl: Info #	modified:   Proyecto 4.8/Intermediate/Config/CoalescedSourceConfigs/Engine.ini
[2016.02.23-23.56.21:765][  0]SourceControl: Info #	modified:   Proyecto 4.8/Intermediate/Config/CoalescedSourceConfigs/Game.ini
[2016.02.23-23.56.21:765][  0]SourceControl: Info #	modified:   Proyecto 4.8/Saved/AutoScreenshot.png
[2016.02.23-23.56.21:765][  0]SourceControl: Info #	modified:   Proyecto 4.8/Saved/Autosaves/PackageRestoreData.json
[2016.02.23-23.56.21:765][  0]SourceControl: Info #	modified:   Proyecto 4.8/Saved/Config/Windows/Editor.ini
[2016.02.23-23.56.21:765][  0]SourceControl: Info #	modified:   Proyecto 4.8/Saved/Config/Windows/EditorPerProjectUserSettings.ini
[2016.02.23-23.56.21:765][  0]SourceControl: Info #	modified:   Proyecto 4.8/Saved/Config/Windows/Engine.ini
[2016.02.23-23.56.21:765][  0]SourceControl: Info #	modified:   Proyecto 4.8/Saved/Config/Windows/Input.ini
[2016.02.23-23.56.21:766][  0]SourceControl: Info #	modified:   Proyecto 4.8/Saved/Logs/Proyecto.log
[2016.02.23-23.56.21:766][  0]SourceControl: Info #
[2016.02.23-23.56.21:766][  0]SourceControl: Info # Untracked files:
[2016.02.23-23.56.21:766][  0]SourceControl: Info #   (use "git add <file>..." to include in what will be committed)
[2016.02.23-23.56.21:766][  0]SourceControl: Info #
[2016.02.23-23.56.21:766][  0]SourceControl: Info #	Proyecto 4.8/Saved/Backup/CaminaZombie_2016-02-23-18-44-46.uasset
[2016.02.23-23.56.21:766][  0]SourceControl: Info #	Proyecto 4.8/Saved/Backup/CaminaZombie_2016-02-23-18-51-18.uasset
[2016.02.23-23.56.21:766][  0]SourceControl: Info #	Proyecto 4.8/Saved/Backup/Nivel_1_2016-02-23-18-44-49.umap
[2016.02.23-23.56.21:766][  0]SourceControl: Info #	Proyecto 4.8/Saved/Backup/Nivel_1_2016-02-23-18-50-30.umap
[2016.02.23-23.56.21:766][  0]SourceControl: Info #	Proyecto 4.8/Saved/Logs/Proyecto-backup-2016.02.23-18.37.37.log
[2016.02.23-23.56.21:766][  0]SourceControl: Info #	Proyecto 4.8/Saved/Logs/Proyecto-backup-2016.02.23-18.48.54.log
[2016.02.23-23.56.21:766][  0]SourceControl: Info #	Proyecto 4.8/Saved/Logs/Proyecto-backup-2016.02.23-18.55.58.log
[2016.02.23-23.56.21:766][  0]LogContentStreaming: Texture pool size is 0.000000MB
[2016.02.23-23.56.21:826][  0]LogContentStreaming: Texture pool size now 1000 MB
[2016.02.23-23.56.22:436][  0]LogRenderer: Reallocating scene render targets to support 1208x576 (Frame:2).
[2016.02.23-23.56.22:683][  2]LogD3D11RHI: InitD3DDevice
[2016.02.23-23.56.26:245][ 12]LogAssetRegistry: Asset discovery search completed in 9.6290 seconds
[2016.02.23-23.57.07:984][327]LogD3D11RHI: InitD3DDevice
[2016.02.23-23.57.10:226][520]BlueprintLog: New page: Pre-PIE auto-recompile
[2016.02.23-23.57.10:226][520]LogPlayLevel: [PIE] Compiling Menu before PIE...
[2016.02.23-23.57.10:553][520]LogPlayLevel: PIE:  Blueprint regeneration took 326 ms (1 blueprints)
[2016.02.23-23.57.10:563][520]PIE: New page: PIE session: Menu (Feb 23, 2016, 1:57:10 PM)
[2016.02.23-23.57.10:564][520]LogPlayLevel: Creating play world package: /Game/Niveles/UEDPIE_0_Menu
[2016.02.23-23.57.10:570][520]LogPlayLevel: PIE: StaticDuplicateObject took: (0.005055s)
[2016.02.23-23.57.10:571][520]LogAIModule: Creating AISystem for world Menu
[2016.02.23-23.57.10:573][520]LogPlayLevel: PIE: World Init took: (0.003083s)
[2016.02.23-23.57.10:573][520]LogPlayLevel: PIE: Created PIE world by copying editor world from /Game/Niveles/Menu.Menu to /Game/Niveles/UEDPIE_0_Menu.Menu (0.008485s)
[2016.02.23-23.57.10:624][520]LogInit: XAudio2 using 'Speakers (Realtek High Definition Audio)' : 2 channels at 48 kHz using 32 bits per sample (channel mask 0x3)
[2016.02.23-23.57.10:646][520]LogInit: FAudioDevice initialized.
[2016.02.23-23.57.10:651][520]LogD3D11RHI: InitD3DDevice
[2016.02.23-23.57.10:706][520]LogWorld: Game class is 'GameMode'
[2016.02.23-23.57.10:713][520]LogWorld: Bringing World /Game/Niveles/UEDPIE_0_Menu.Menu up for play (max tick rate 0) at 2016.02.23-18.57.10
[2016.02.23-23.57.10:714][520]LogActor:Warning: GameSession /Game/Niveles/UEDPIE_0_Menu.Menu:PersistentLevel.GameSession_0 has natively added scene component(s), but none of them were set as the actor's RootComponent - picking one arbitrarily
[2016.02.23-23.57.10:715][520]LogActor:Warning: GameNetworkManager /Game/Niveles/UEDPIE_0_Menu.Menu:PersistentLevel.GameNetworkManager_0 has natively added scene component(s), but none of them were set as the actor's RootComponent - picking one arbitrarily
[2016.02.23-23.57.10:715][520]LogWorld: Bringing up level for play took: 0.002912
[2016.02.23-23.57.10:752][520]PIE: Info Play in editor start time for /Game/Niveles/UEDPIE_0_Menu -0.312
[2016.02.23-23.57.10:783][520]LogRenderer: Reallocating scene render targets to support 1296x760 (Frame:381).
[2016.02.23-23.57.12:845][648]LogParticles: Destroying 0 GPU particle simulations for FXSystem 0x0000005D179F20C0
[2016.02.23-23.57.15:257][864]LogD3D11RHI: InitD3DDevice
[2016.02.23-23.57.20:673][864]LogAIModule: Creating AISystem for world Nivel_1
[2016.02.23-23.57.21:162][864]Cmd: MAP LOAD FILE="../../../../../../Users/Jimmy/git/PoliHeath/Proyecto 4.8/Content/Niveles/Nivel_1.umap" TEMPLATE=0 SHOWPROGRESS=1 FEATURELEVEL=3
[2016.02.23-23.57.21:165][864]LightingResults: New page: Lighting Build
[2016.02.23-23.57.21:226][864]LoadErrors: New page: Loading map: Nivel_1.umap
[2016.02.23-23.57.21:227][864]MapCheck: New page: Map Check
[2016.02.23-23.57.21:227][864]LightingResults: New page: Lighting Build
[2016.02.23-23.57.21:247][864]LogParticles: Destroying 0 GPU particle simulations for FXSystem 0x0000005D7C8296C0
[2016.02.23-23.57.21:449][864]LogAIModule: Creating AISystem for world Nivel_1
[2016.02.23-23.57.21:468][864]LogEditorServer: Finished looking for orphan Actors (0.000 secs)
[2016.02.23-23.57.21:571][864]Cmd: MAP CHECKDEP NOCLEARLOG
[2016.02.23-23.57.21:747][864]MapCheck: Info Map check complete: 0 Error(s), 0 Warning(s), took 176.105ms to complete.
[2016.02.23-23.57.21:749][864]LogFileHelpers: Loading map 'Nivel_1' took 0.589
[2016.02.23-23.57.22:682][925]LogPlayLevel: PIE:  No blueprints needed recompiling
[2016.02.23-23.57.22:682][925]PIE: New page: PIE session: Nivel_1 (Feb 23, 2016, 1:57:22 PM)
[2016.02.23-23.57.22:683][925]LogPlayLevel: Creating play world package: /Game/Niveles/UEDPIE_0_Nivel_1
[2016.02.23-23.57.22:689][925]LogPlayLevel: PIE: StaticDuplicateObject took: (0.005878s)
[2016.02.23-23.57.22:691][925]LogAIModule: Creating AISystem for world Nivel_1
[2016.02.23-23.57.22:693][925]LogPlayLevel: PIE: World Init took: (0.003361s)
[2016.02.23-23.57.22:693][925]LogPlayLevel: PIE: Created PIE world by copying editor world from /Game/Niveles/Nivel_1.Nivel_1 to /Game/Niveles/UEDPIE_0_Nivel_1.Nivel_1 (0.009588s)
[2016.02.23-23.57.22:751][925]LogInit: XAudio2 using 'Speakers (Realtek High Definition Audio)' : 2 channels at 48 kHz using 32 bits per sample (channel mask 0x3)
[2016.02.23-23.57.22:772][925]LogInit: FAudioDevice initialized.
[2016.02.23-23.57.22:778][925]LogD3D11RHI: InitD3DDevice
[2016.02.23-23.57.22:814][925]LogWorld: Game class is '2D_C'
[2016.02.23-23.57.22:831][925]LogWorld: Bringing World /Game/Niveles/UEDPIE_0_Nivel_1.Nivel_1 up for play (max tick rate 0) at 2016.02.23-18.57.22
[2016.02.23-23.57.22:831][925]LogActor:Warning: GameSession /Game/Niveles/UEDPIE_0_Nivel_1.Nivel_1:PersistentLevel.GameSession_1 has natively added scene component(s), but none of them were set as the actor's RootComponent - picking one arbitrarily
[2016.02.23-23.57.22:832][925]LogActor:Warning: GameNetworkManager /Game/Niveles/UEDPIE_0_Nivel_1.Nivel_1:PersistentLevel.GameNetworkManager_1 has natively added scene component(s), but none of them were set as the actor's RootComponent - picking one arbitrarily
[2016.02.23-23.57.22:833][925]LogWorld: Bringing up level for play took: 0.013485
[2016.02.23-23.57.22:873][925]PIE: Info Play in editor start time for /Game/Niveles/UEDPIE_0_Nivel_1 -0.192
[2016.02.23-23.57.28:933][310]LogParticles: Destroying 0 GPU particle simulations for FXSystem 0x0000005D0941EE80
[2016.02.23-23.57.37:488][911]LogD3D11RHI: InitD3DDevice
[2016.02.23-23.57.37:586][911]LogLinker:Warning: Asset '../../../Engine/Content/ArtTools/RenderToTexture/Macros/RenderToTextureMacros.uasset' has been saved with empty engine version. The asset will be loaded but may be incompatible.
[2016.02.23-23.57.38:208][911]LogLinker:Warning: Asset '../../../Engine/Content/ArtTools/RenderToTexture/Enums/RenderToTexture_Enum.uasset' has been saved with empty engine version. The asset will be loaded but may be incompatible.
[2016.02.23-23.57.59:332][ 23]BlueprintLog: New page: Compile CaminaZombie
[2016.02.23-23.57.59:714][ 23]BlueprintEditorCompileResults: Info [0127.37] Compile of CaminaZombie successful! [in 381 ms]
[2016.02.23-23.58.00:273][ 54]LogD3D11RHI: InitD3DDevice
[2016.02.23-23.58.00:327][ 54]LogD3D11RHI: InitD3DDevice
[2016.02.23-23.58.00:368][ 54]Cmd: OBJ SAVEPACKAGE PACKAGE="/Game/Blueprints/AI/CaminaZombie" FILE="../../../../../../Users/Jimmy/git/PoliHeath/Proyecto 4.8/Content/Blueprints/AI/CaminaZombie.uasset" SILENT=true
[2016.02.23-23.58.00:564][ 54]LogSavePackage: Save=132.976349ms
[2016.02.23-23.58.00:564][ 54]LogSavePackage: Moving '../../../../../../Users/Jimmy/git/PoliHeath/Proyecto 4.8/Saved/CaminaZombie54CC5D354B3F5CDDE16D93B883BEFE65.tmp' to '../../../../../../Users/Jimmy/git/PoliHeath/Proyecto 4.8/Content/Blueprints/AI/CaminaZombie.uasset'
[2016.02.23-23.58.23:870][414]LogD3D11RHI: InitD3DDevice
[2016.02.23-23.58.24:459][450]LogD3D11RHI: InitD3DDevice
[2016.02.23-23.58.28:873][762]LogD3D11RHI: InitD3DDevice
[2016.02.23-23.58.42:570][748]LogD3D11RHI: InitD3DDevice
[2016.02.23-23.58.49:926][221]BlueprintLog: New page: Compile CaminaZombie
[2016.02.23-23.58.50:238][221]BlueprintEditorCompileResults: Info [0177.89] Compile of CaminaZombie successful! [in 311 ms]
[2016.02.23-23.58.50:787][245]LogD3D11RHI: InitD3DDevice
[2016.02.23-23.58.50:846][245]LogD3D11RHI: InitD3DDevice
[2016.02.23-23.58.50:884][245]Cmd: OBJ SAVEPACKAGE PACKAGE="/Game/Blueprints/AI/CaminaZombie" FILE="../../../../../../Users/Jimmy/git/PoliHeath/Proyecto 4.8/Content/Blueprints/AI/CaminaZombie.uasset" SILENT=true
[2016.02.23-23.58.51:028][245]LogSavePackage: Save=101.216591ms
[2016.02.23-23.58.51:028][245]LogSavePackage: Moving '../../../../../../Users/Jimmy/git/PoliHeath/Proyecto 4.8/Saved/CaminaZombieE2D7F6EB41EB0DBF90EAAFB58DBC643D.tmp' to '../../../../../../Users/Jimmy/git/PoliHeath/Proyecto 4.8/Content/Blueprints/AI/CaminaZombie.uasset'
[2016.02.23-23.58.54:894][420]LogEditorViewport: Clicking on Actor (LMB): CaminaZombie_C (CaminaZombie)
[2016.02.23-23.58.56:048][484]Cmd: DELETE
[2016.02.23-23.58.56:049][484]Cmd: ACTOR DELETE
[2016.02.23-23.58.56:050][484]LogEditorActor: Deleted Actor: CaminaZombie_C
[2016.02.23-23.58.56:147][484]LogEditorActor: Deleted 1 Actors (0.099 secs)
[2016.02.23-23.58.57:055][548]LogD3D11RHI: InitD3DDevice
[2016.02.23-23.59.09:153][220]LogD3D11RHI: InitD3DDevice
[2016.02.23-23.59.12:520][403]LogD3D11RHI: InitD3DDevice
[2016.02.23-23.59.18:812][759]LogEditorViewport: Clicking on Actor (LMB): CaminaZombie_C (CaminaZombie)
[2016.02.23-23.59.19:461][794]LogEditorViewport: Clicking on Actor (LMB): CaminaZombie_C (CaminaZombie)
[2016.02.23-23.59.22:110][948]LogD3D11RHI: InitD3DDevice
[2016.02.23-23.59.28:139][273]LogD3D11RHI: InitD3DDevice
[2016.02.23-23.59.28:196][273]LogD3D11RHI: InitD3DDevice
[2016.02.23-23.59.28:233][273]Cmd: OBJ SAVEPACKAGE PACKAGE="/Game/Niveles/Nivel_1" FILE="../../../../../../Users/Jimmy/git/PoliHeath/Proyecto 4.8/Content/Niveles/Nivel_1.umap" SILENT=true AUTOSAVING=false KEEPDIRTY=false
[2016.02.23-23.59.28:597][273]LogSavePackage: Save=234.453262ms
[2016.02.23-23.59.28:597][273]LogSavePackage: Moving '../../../../../../Users/Jimmy/git/PoliHeath/Proyecto 4.8/Saved/Nivel_1317B040E4DC8CA6E1467D4B6F00421B9.tmp' to '../../../../../../Users/Jimmy/git/PoliHeath/Proyecto 4.8/Content/Niveles/Nivel_1.umap'
[2016.02.23-23.59.30:086][347]LogPlayLevel: PIE:  No blueprints needed recompiling
[2016.02.23-23.59.30:087][347]PIE: New page: PIE session: Nivel_1 (Feb 23, 2016, 1:59:30 PM)
[2016.02.23-23.59.30:088][347]LogPlayLevel: Creating play world package: /Game/Niveles/UEDPIE_0_Nivel_1
[2016.02.23-23.59.30:094][347]LogPlayLevel: PIE: StaticDuplicateObject took: (0.006108s)
[2016.02.23-23.59.30:095][347]LogAIModule: Creating AISystem for world Nivel_1
[2016.02.23-23.59.30:097][347]LogPlayLevel: PIE: World Init took: (0.003342s)
[2016.02.23-23.59.30:098][347]LogPlayLevel: PIE: Created PIE world by copying editor world from /Game/Niveles/Nivel_1.Nivel_1 to /Game/Niveles/UEDPIE_0_Nivel_1.Nivel_1 (0.009859s)
[2016.02.23-23.59.30:195][347]LogInit: XAudio2 using 'Speakers (Realtek High Definition Audio)' : 2 channels at 48 kHz using 32 bits per sample (channel mask 0x3)
[2016.02.23-23.59.30:216][347]LogInit: FAudioDevice initialized.
[2016.02.23-23.59.30:223][347]LogD3D11RHI: InitD3DDevice
[2016.02.23-23.59.30:262][347]LogWorld: Game class is '2D_C'
[2016.02.23-23.59.30:278][347]LogWorld: Bringing World /Game/Niveles/UEDPIE_0_Nivel_1.Nivel_1 up for play (max tick rate 0) at 2016.02.23-18.59.30
[2016.02.23-23.59.30:278][347]LogActor:Warning: GameSession /Game/Niveles/UEDPIE_0_Nivel_1.Nivel_1:PersistentLevel.GameSession_2 has natively added scene component(s), but none of them were set as the actor's RootComponent - picking one arbitrarily
[2016.02.23-23.59.30:280][347]LogActor:Warning: GameNetworkManager /Game/Niveles/UEDPIE_0_Nivel_1.Nivel_1:PersistentLevel.GameNetworkManager_2 has natively added scene component(s), but none of them were set as the actor's RootComponent - picking one arbitrarily
[2016.02.23-23.59.30:281][347]LogWorld: Bringing up level for play took: 0.012913
[2016.02.23-23.59.30:323][347]PIE: Info Play in editor start time for /Game/Niveles/UEDPIE_0_Nivel_1 -0.742
[2016.02.23-23.59.51:681][721]LogParticles: Destroying 0 GPU particle simulations for FXSystem 0x0000005D3B371E40
[2016.02.24-00.00.03:914][406]LogD3D11RHI: InitD3DDevice
[2016.02.24-00.00.08:538][683]LogEditorViewport: Clicking Background
[2016.02.24-00.00.09:211][736]LogEditorViewport: Clicking Background
[2016.02.24-00.00.09:836][786]LogEditorViewport: Clicking Background
[2016.02.24-00.00.11:015][883]LogEditorViewport: Clicking on Actor (LMB): BP_floor_C (BP_floor2)
[2016.02.24-00.00.12:185][954]LogEditorViewport: Clicking Background
[2016.02.24-00.00.13:415][ 51]LogEditorViewport: Clicking on Actor (LMB): PaperSpriteActor (puntoA_Sprite)
[2016.02.24-00.00.14:931][136]LogEditorViewport: Clicking Background
[2016.02.24-00.00.16:825][286]LogEditorViewport: Clicking Background
[2016.02.24-00.00.34:426][688]LogD3D11RHI: InitD3DDevice
[2016.02.24-00.00.42:374][308]LogEditorViewport: Clicking on Actor (LMB): CaminaZombie_C (CaminaZombie)
[2016.02.24-00.00.55:018][ 46]LogEditorViewport: Clicking Background
[2016.02.24-00.00.56:197][132]LogEditorViewport: Clicking on Actor (LMB): CaminaZombie_C (CaminaZombie)
[2016.02.24-00.01.08:689][861]LogPlayLevel: PIE:  No blueprints needed recompiling
[2016.02.24-00.01.08:689][861]PIE: New page: PIE session: Nivel_1 (Feb 23, 2016, 2:01:08 PM)
[2016.02.24-00.01.08:691][861]LogPlayLevel: Creating play world package: /Game/Niveles/UEDPIE_0_Nivel_1
[2016.02.24-00.01.08:697][861]LogPlayLevel: PIE: StaticDuplicateObject took: (0.006248s)
[2016.02.24-00.01.08:698][861]LogAIModule: Creating AISystem for world Nivel_1
[2016.02.24-00.01.08:700][861]LogPlayLevel: PIE: World Init took: (0.003262s)
[2016.02.24-00.01.08:700][861]LogPlayLevel: PIE: Created PIE world by copying editor world from /Game/Niveles/Nivel_1.Nivel_1 to /Game/Niveles/UEDPIE_0_Nivel_1.Nivel_1 (0.009861s)
[2016.02.24-00.01.08:782][861]LogInit: XAudio2 using 'Speakers (Realtek High Definition Audio)' : 2 channels at 48 kHz using 32 bits per sample (channel mask 0x3)
[2016.02.24-00.01.08:803][861]LogInit: FAudioDevice initialized.
[2016.02.24-00.01.08:809][861]LogD3D11RHI: InitD3DDevice
[2016.02.24-00.01.08:851][861]LogWorld: Game class is '2D_C'
[2016.02.24-00.01.08:867][861]LogWorld: Bringing World /Game/Niveles/UEDPIE_0_Nivel_1.Nivel_1 up for play (max tick rate 0) at 2016.02.23-19.01.08
[2016.02.24-00.01.08:868][861]LogActor:Warning: GameSession /Game/Niveles/UEDPIE_0_Nivel_1.Nivel_1:PersistentLevel.GameSession_3 has natively added scene component(s), but none of them were set as the actor's RootComponent - picking one arbitrarily
[2016.02.24-00.01.08:869][861]LogActor:Warning: GameNetworkManager /Game/Niveles/UEDPIE_0_Nivel_1.Nivel_1:PersistentLevel.GameNetworkManager_3 has natively added scene component(s), but none of them were set as the actor's RootComponent - picking one arbitrarily
[2016.02.24-00.01.08:870][861]LogWorld: Bringing up level for play took: 0.012680
[2016.02.24-00.01.08:913][861]PIE: Info Play in editor start time for /Game/Niveles/UEDPIE_0_Nivel_1 -0.152
[2016.02.24-00.01.32:988][406]LogParticles: Destroying 0 GPU particle simulations for FXSystem 0x0000005D23B57240
[2016.02.24-00.01.52:294][472]LogScript:Warning: Accessed None 'Punto A'
	CaminaZombie_C /Engine/Transient.World_2:PersistentLevel.CaminaZombie_C_729
	Function /Game/Blueprints/AI/CaminaZombie.CaminaZombie_C:ExecuteUbergraph_CaminaZombie:0091
[2016.02.24-00.01.52:294][472]LogScript:Warning: Accessed None 'Punto B'
	CaminaZombie_C /Engine/Transient.World_2:PersistentLevel.CaminaZombie_C_729
	Function /Game/Blueprints/AI/CaminaZombie.CaminaZombie_C:ExecuteUbergraph_CaminaZombie:00BC
[2016.02.24-00.01.52:312][473]LogScript:Warning: Accessed None 'Punto A'
	CaminaZombie_C /Engine/Transient.World_2:PersistentLevel.CaminaZombie_C_729
	Function /Game/Blueprints/AI/CaminaZombie.CaminaZombie_C:ExecuteUbergraph_CaminaZombie:0091
[2016.02.24-00.01.52:312][473]LogScript:Warning: Accessed None 'Punto B'
	CaminaZombie_C /Engine/Transient.World_2:PersistentLevel.CaminaZombie_C_729
	Function /Game/Blueprints/AI/CaminaZombie.CaminaZombie_C:ExecuteUbergraph_CaminaZombie:00BC
[2016.02.24-00.01.52:328][474]LogScript:Warning: Accessed None 'Punto A'
	CaminaZombie_C /Engine/Transient.World_2:PersistentLevel.CaminaZombie_C_729
	Function /Game/Blueprints/AI/CaminaZombie.CaminaZombie_C:ExecuteUbergraph_CaminaZombie:0091
[2016.02.24-00.01.52:328][474]LogScript:Warning: Accessed None 'Punto B'
	CaminaZombie_C /Engine/Transient.World_2:PersistentLevel.CaminaZombie_C_729
	Function /Game/Blueprints/AI/CaminaZombie.CaminaZombie_C:ExecuteUbergraph_CaminaZombie:00BC
[2016.02.24-00.01.52:344][475]LogScript:Warning: Accessed None 'Punto A'
	CaminaZombie_C /Engine/Transient.World_2:PersistentLevel.CaminaZombie_C_729
	Function /Game/Blueprints/AI/CaminaZombie.CaminaZombie_C:ExecuteUbergraph_CaminaZombie:0091
[2016.02.24-00.01.52:344][475]LogScript:Warning: Accessed None 'Punto B'
	CaminaZombie_C /Engine/Transient.World_2:PersistentLevel.CaminaZombie_C_729
	Function /Game/Blueprints/AI/CaminaZombie.CaminaZombie_C:ExecuteUbergraph_CaminaZombie:00BC
[2016.02.24-00.01.52:360][476]LogScript:Warning: Accessed None 'Punto A'
	CaminaZombie_C /Engine/Transient.World_2:PersistentLevel.CaminaZombie_C_729
	Function /Game/Blueprints/AI/CaminaZombie.CaminaZombie_C:ExecuteUbergraph_CaminaZombie:0091
[2016.02.24-00.01.52:360][476]LogScript:Warning: Accessed None 'Punto B'
	CaminaZombie_C /Engine/Transient.World_2:PersistentLevel.CaminaZombie_C_729
	Function /Game/Blueprints/AI/CaminaZombie.CaminaZombie_C:ExecuteUbergraph_CaminaZombie:00BC
[2016.02.24-00.01.52:375][477]LogScript:Warning: Accessed None 'Punto A'
	CaminaZombie_C /Engine/Transient.World_2:PersistentLevel.CaminaZombie_C_729
	Function /Game/Blueprints/AI/CaminaZombie.CaminaZombie_C:ExecuteUbergraph_CaminaZombie:0091
[2016.02.24-00.01.52:375][477]LogScript:Warning: Accessed None 'Punto B'
	CaminaZombie_C /Engine/Transient.World_2:PersistentLevel.CaminaZombie_C_729
	Function /Game/Blueprints/AI/CaminaZombie.CaminaZombie_C:ExecuteUbergraph_CaminaZombie:00BC
[2016.02.24-00.01.52:391][478]LogScript:Warning: Accessed None 'Punto A'
	CaminaZombie_C /Engine/Transient.World_2:PersistentLevel.CaminaZombie_C_729
	Function /Game/Blueprints/AI/CaminaZombie.CaminaZombie_C:ExecuteUbergraph_CaminaZombie:0091
[2016.02.24-00.01.52:391][478]LogScript:Warning: Accessed None 'Punto B'
	CaminaZombie_C /Engine/Transient.World_2:PersistentLevel.CaminaZombie_C_729
	Function /Game/Blueprints/AI/CaminaZombie.CaminaZombie_C:ExecuteUbergraph_CaminaZombie:00BC
[2016.02.24-00.01.52:424][479]LogScript:Warning: Accessed None 'Punto A'
	CaminaZombie_C /Engine/Transient.World_2:PersistentLevel.CaminaZombie_C_729
	Function /Game/Blueprints/AI/CaminaZombie.CaminaZombie_C:ExecuteUbergraph_CaminaZombie:0091
[2016.02.24-00.01.52:424][479]LogScript:Warning: Accessed None 'Punto B'
	CaminaZombie_C /Engine/Transient.World_2:PersistentLevel.CaminaZombie_C_729
	Function /Game/Blueprints/AI/CaminaZombie.CaminaZombie_C:ExecuteUbergraph_CaminaZombie:00BC
[2016.02.24-00.01.52:439][480]LogScript:Warning: Accessed None 'Punto A'
	CaminaZombie_C /Engine/Transient.World_2:PersistentLevel.CaminaZombie_C_729
	Function /Game/Blueprints/AI/CaminaZombie.CaminaZombie_C:ExecuteUbergraph_CaminaZombie:0091
[2016.02.24-00.01.54:456][619]LogScript:Warning: Accessed None 'Punto A'
	CaminaZombie_C /Engine/Transient.World_2:PersistentLevel.CaminaZombie_C_731
	Function /Game/Blueprints/AI/CaminaZombie.CaminaZombie_C:ExecuteUbergraph_CaminaZombie:0091
[2016.02.24-00.01.54:456][619]LogScript:Warning: Accessed None 'Punto B'
	CaminaZombie_C /Engine/Transient.World_2:PersistentLevel.CaminaZombie_C_731
	Function /Game/Blueprints/AI/CaminaZombie.CaminaZombie_C:ExecuteUbergraph_CaminaZombie:00BC
[2016.02.24-00.01.54:471][620]LogScript:Warning: Accessed None 'Punto A'
	CaminaZombie_C /Engine/Transient.World_2:PersistentLevel.CaminaZombie_C_731
	Function /Game/Blueprints/AI/CaminaZombie.CaminaZombie_C:ExecuteUbergraph_CaminaZombie:0091
[2016.02.24-00.01.54:471][620]LogScript:Warning: Accessed None 'Punto B'
	CaminaZombie_C /Engine/Transient.World_2:PersistentLevel.CaminaZombie_C_731
	Function /Game/Blueprints/AI/CaminaZombie.CaminaZombie_C:ExecuteUbergraph_CaminaZombie:00BC
[2016.02.24-00.01.54:487][621]LogScript:Warning: Accessed None 'Punto A'
	CaminaZombie_C /Engine/Transient.World_2:PersistentLevel.CaminaZombie_C_731
	Function /Game/Blueprints/AI/CaminaZombie.CaminaZombie_C:ExecuteUbergraph_CaminaZombie:0091
[2016.02.24-00.01.54:487][621]LogScript:Warning: Accessed None 'Punto B'
	CaminaZombie_C /Engine/Transient.World_2:PersistentLevel.CaminaZombie_C_731
	Function /Game/Blueprints/AI/CaminaZombie.CaminaZombie_C:ExecuteUbergraph_CaminaZombie:00BC
[2016.02.24-00.01.54:502][622]LogScript:Warning: Accessed None 'Punto A'
	CaminaZombie_C /Engine/Transient.World_2:PersistentLevel.CaminaZombie_C_731
	Function /Game/Blueprints/AI/CaminaZombie.CaminaZombie_C:ExecuteUbergraph_CaminaZombie:0091
[2016.02.24-00.01.54:502][622]LogScript:Warning: Accessed None 'Punto B'
	CaminaZombie_C /Engine/Transient.World_2:PersistentLevel.CaminaZombie_C_731
	Function /Game/Blueprints/AI/CaminaZombie.CaminaZombie_C:ExecuteUbergraph_CaminaZombie:00BC
[2016.02.24-00.01.54:518][623]LogScript:Warning: Accessed None 'Punto A'
	CaminaZombie_C /Engine/Transient.World_2:PersistentLevel.CaminaZombie_C_731
	Function /Game/Blueprints/AI/CaminaZombie.CaminaZombie_C:ExecuteUbergraph_CaminaZombie:0091
[2016.02.24-00.01.54:518][623]LogScript:Warning: Accessed None 'Punto B'
	CaminaZombie_C /Engine/Transient.World_2:PersistentLevel.CaminaZombie_C_731
	Function /Game/Blueprints/AI/CaminaZombie.CaminaZombie_C:ExecuteUbergraph_CaminaZombie:00BC
[2016.02.24-00.01.54:534][624]LogScript:Warning: Accessed None 'Punto A'
	CaminaZombie_C /Engine/Transient.World_2:PersistentLevel.CaminaZombie_C_731
	Function /Game/Blueprints/AI/CaminaZombie.CaminaZombie_C:ExecuteUbergraph_CaminaZombie:0091
[2016.02.24-00.01.54:534][624]LogScript:Warning: Accessed None 'Punto B'
	CaminaZombie_C /Engine/Transient.World_2:PersistentLevel.CaminaZombie_C_731
	Function /Game/Blueprints/AI/CaminaZombie.CaminaZombie_C:ExecuteUbergraph_CaminaZombie:00BC
[2016.02.24-00.01.54:549][625]LogScript:Warning: Accessed None 'Punto A'
	CaminaZombie_C /Engine/Transient.World_2:PersistentLevel.CaminaZombie_C_731
	Function /Game/Blueprints/AI/CaminaZombie.CaminaZombie_C:ExecuteUbergraph_CaminaZombie:0091
[2016.02.24-00.01.54:549][625]LogScript:Warning: Accessed None 'Punto B'
	CaminaZombie_C /Engine/Transient.World_2:PersistentLevel.CaminaZombie_C_731
	Function /Game/Blueprints/AI/CaminaZombie.CaminaZombie_C:ExecuteUbergraph_CaminaZombie:00BC
[2016.02.24-00.01.54:565][626]LogScript:Warning: Accessed None 'Punto A'
	CaminaZombie_C /Engine/Transient.World_2:PersistentLevel.CaminaZombie_C_731
	Function /Game/Blueprints/AI/CaminaZombie.CaminaZombie_C:ExecuteUbergraph_CaminaZombie:0091
[2016.02.24-00.01.54:565][626]LogScript:Warning: Accessed None 'Punto B'
	CaminaZombie_C /Engine/Transient.World_2:PersistentLevel.CaminaZombie_C_731
	Function /Game/Blueprints/AI/CaminaZombie.CaminaZombie_C:ExecuteUbergraph_CaminaZombie:00BC
[2016.02.24-00.01.54:580][627]LogScript:Warning: Accessed None 'Punto A'
	CaminaZombie_C /Engine/Transient.World_2:PersistentLevel.CaminaZombie_C_731
	Function /Game/Blueprints/AI/CaminaZombie.CaminaZombie_C:ExecuteUbergraph_CaminaZombie:0091
[2016.02.24-00.01.57:042][791]LogPlayLevel: PIE:  No blueprints needed recompiling
[2016.02.24-00.01.57:042][791]PIE: New page: PIE session: Nivel_1 (Feb 23, 2016, 2:01:57 PM)
[2016.02.24-00.01.57:043][791]LogPlayLevel: Creating play world package: /Game/Niveles/UEDPIE_0_Nivel_1
[2016.02.24-00.01.57:049][791]LogPlayLevel: PIE: StaticDuplicateObject took: (0.006018s)
[2016.02.24-00.01.57:050][791]LogAIModule: Creating AISystem for world Nivel_1
[2016.02.24-00.01.57:052][791]LogPlayLevel: PIE: World Init took: (0.003216s)
[2016.02.24-00.01.57:052][791]LogPlayLevel: PIE: Created PIE world by copying editor world from /Game/Niveles/Nivel_1.Nivel_1 to /Game/Niveles/UEDPIE_0_Nivel_1.Nivel_1 (0.009599s)
[2016.02.24-00.01.57:136][791]LogInit: XAudio2 using 'Speakers (Realtek High Definition Audio)' : 2 channels at 48 kHz using 32 bits per sample (channel mask 0x3)
[2016.02.24-00.01.57:157][791]LogInit: FAudioDevice initialized.
[2016.02.24-00.01.57:164][791]LogD3D11RHI: InitD3DDevice
[2016.02.24-00.01.57:197][791]LogWorld: Game class is '2D_C'
[2016.02.24-00.01.57:214][791]LogWorld: Bringing World /Game/Niveles/UEDPIE_0_Nivel_1.Nivel_1 up for play (max tick rate 0) at 2016.02.23-19.01.57
[2016.02.24-00.01.57:214][791]LogActor:Warning: GameSession /Game/Niveles/UEDPIE_0_Nivel_1.Nivel_1:PersistentLevel.GameSession_4 has natively added scene component(s), but none of them were set as the actor's RootComponent - picking one arbitrarily
[2016.02.24-00.01.57:215][791]LogActor:Warning: GameNetworkManager /Game/Niveles/UEDPIE_0_Nivel_1.Nivel_1:PersistentLevel.GameNetworkManager_4 has natively added scene component(s), but none of them were set as the actor's RootComponent - picking one arbitrarily
[2016.02.24-00.01.57:216][791]LogWorld: Bringing up level for play took: 0.013220
[2016.02.24-00.01.57:249][791]PIE: Info Play in editor start time for /Game/Niveles/UEDPIE_0_Nivel_1 0.184
[2016.02.24-00.02.09:046][445]LogParticles: Destroying 0 GPU particle simulations for FXSystem 0x0000005D07BFE3E0
[2016.02.24-00.02.14:830][839]LogD3D11RHI: InitD3DDevice
[2016.02.24-00.02.17:248][  2]LogD3D11RHI: InitD3DDevice
[2016.02.24-00.02.45:884][955]BlueprintLog: New page: Compile CaminaZombie
[2016.02.24-00.02.46:187][955]BlueprintEditorCompileResults: Info [0413.84] Compile of CaminaZombie successful! [in 302 ms]
[2016.02.24-00.02.47:607][ 48]LogD3D11RHI: InitD3DDevice
[2016.02.24-00.02.47:667][ 48]LogD3D11RHI: InitD3DDevice
[2016.02.24-00.02.47:687][ 48]Cmd: OBJ SAVEPACKAGE PACKAGE="/Game/Blueprints/AI/CaminaZombie" FILE="../../../../../../Users/Jimmy/git/PoliHeath/Proyecto 4.8/Content/Blueprints/AI/CaminaZombie.uasset" SILENT=true
[2016.02.24-00.02.47:858][ 48]LogSavePackage: Save=114.667404ms
[2016.02.24-00.02.47:858][ 48]LogSavePackage: Moving '../../../../../../Users/Jimmy/git/PoliHeath/Proyecto 4.8/Saved/CaminaZombieD25899484AC1F614BE082EB364007872.tmp' to '../../../../../../Users/Jimmy/git/PoliHeath/Proyecto 4.8/Content/Blueprints/AI/CaminaZombie.uasset'
[2016.02.24-00.02.53:434][487]LogD3D11RHI: InitD3DDevice
[2016.02.24-00.02.53:496][487]LogD3D11RHI: InitD3DDevice
[2016.02.24-00.02.53:521][487]Cmd: OBJ SAVEPACKAGE PACKAGE="/Game/Blueprints/AI/CaminaZombie" FILE="../../../../../../Users/Jimmy/git/PoliHeath/Proyecto 4.8/Content/Blueprints/AI/CaminaZombie.uasset" SILENT=true
[2016.02.24-00.02.53:667][487]LogSavePackage: Save=101.826454ms
[2016.02.24-00.02.53:667][487]LogSavePackage: Moving '../../../../../../Users/Jimmy/git/PoliHeath/Proyecto 4.8/Saved/CaminaZombie750474D941D904FDA83FF1A9B26F10D3.tmp' to '../../../../../../Users/Jimmy/git/PoliHeath/Proyecto 4.8/Content/Blueprints/AI/CaminaZombie.uasset'
[2016.02.24-00.02.55:131][612]LogPlayLevel: PIE:  No blueprints needed recompiling
[2016.02.24-00.02.55:131][612]PIE: New page: PIE session: Nivel_1 (Feb 23, 2016, 2:02:55 PM)
[2016.02.24-00.02.55:132][612]LogPlayLevel: Creating play world package: /Game/Niveles/UEDPIE_0_Nivel_1
[2016.02.24-00.02.55:138][612]LogPlayLevel: PIE: StaticDuplicateObject took: (0.005854s)
[2016.02.24-00.02.55:139][612]LogAIModule: Creating AISystem for world Nivel_1
[2016.02.24-00.02.55:141][612]LogPlayLevel: PIE: World Init took: (0.003272s)
[2016.02.24-00.02.55:142][612]LogPlayLevel: PIE: Created PIE world by copying editor world from /Game/Niveles/Nivel_1.Nivel_1 to /Game/Niveles/UEDPIE_0_Nivel_1.Nivel_1 (0.009514s)
[2016.02.24-00.02.55:230][612]LogInit: XAudio2 using 'Speakers (Realtek High Definition Audio)' : 2 channels at 48 kHz using 32 bits per sample (channel mask 0x3)
[2016.02.24-00.02.55:252][612]LogInit: FAudioDevice initialized.
[2016.02.24-00.02.55:259][612]LogD3D11RHI: InitD3DDevice
[2016.02.24-00.02.55:296][612]LogWorld: Game class is '2D_C'
[2016.02.24-00.02.55:313][612]LogWorld: Bringing World /Game/Niveles/UEDPIE_0_Nivel_1.Nivel_1 up for play (max tick rate 0) at 2016.02.23-19.02.55
[2016.02.24-00.02.55:313][612]LogActor:Warning: GameSession /Game/Niveles/UEDPIE_0_Nivel_1.Nivel_1:PersistentLevel.GameSession_5 has natively added scene component(s), but none of them were set as the actor's RootComponent - picking one arbitrarily
[2016.02.24-00.02.55:315][612]LogActor:Warning: GameNetworkManager /Game/Niveles/UEDPIE_0_Nivel_1.Nivel_1:PersistentLevel.GameNetworkManager_5 has natively added scene component(s), but none of them were set as the actor's RootComponent - picking one arbitrarily
[2016.02.24-00.02.55:315][612]LogWorld: Bringing up level for play took: 0.013130
[2016.02.24-00.02.55:343][612]PIE: Info Play in editor start time for /Game/Niveles/UEDPIE_0_Nivel_1 0.279
[2016.02.24-00.03.06:883][372]LogParticles: Destroying 0 GPU particle simulations for FXSystem 0x0000005D74965260
[2016.02.24-00.03.07:844][445]LogD3D11RHI: InitD3DDevice
[2016.02.24-00.03.09:870][576]LogD3D11RHI: InitD3DDevice
[2016.02.24-00.03.09:924][576]LogD3D11RHI: InitD3DDevice
[2016.02.24-00.03.09:954][576]Cmd: OBJ SAVEPACKAGE PACKAGE="/Game/Blueprints/AI/CaminaZombie" FILE="../../../../../../Users/Jimmy/git/PoliHeath/Proyecto 4.8/Content/Blueprints/AI/CaminaZombie.uasset" SILENT=true
[2016.02.24-00.03.10:117][576]LogSavePackage: Save=101.023987ms
[2016.02.24-00.03.10:117][576]LogSavePackage: Moving '../../../../../../Users/Jimmy/git/PoliHeath/Proyecto 4.8/Saved/CaminaZombie6C06F2A7437679254CC841B428BC3D0B.tmp' to '../../../../../../Users/Jimmy/git/PoliHeath/Proyecto 4.8/Content/Blueprints/AI/CaminaZombie.uasset'
[2016.02.24-00.03.11:015][634]LogPlayLevel: PIE:  No blueprints needed recompiling
[2016.02.24-00.03.11:015][634]PIE: New page: PIE session: Nivel_1 (Feb 23, 2016, 2:03:11 PM)
[2016.02.24-00.03.11:016][634]LogPlayLevel: Creating play world package: /Game/Niveles/UEDPIE_0_Nivel_1
[2016.02.24-00.03.11:022][634]LogPlayLevel: PIE: StaticDuplicateObject took: (0.005859s)
[2016.02.24-00.03.11:024][634]LogAIModule: Creating AISystem for world Nivel_1
[2016.02.24-00.03.11:026][634]LogPlayLevel: PIE: World Init took: (0.003246s)
[2016.02.24-00.03.11:026][634]LogPlayLevel: PIE: Created PIE world by copying editor world from /Game/Niveles/Nivel_1.Nivel_1 to /Game/Niveles/UEDPIE_0_Nivel_1.Nivel_1 (0.009481s)
[2016.02.24-00.03.11:105][634]LogInit: XAudio2 using 'Speakers (Realtek High Definition Audio)' : 2 channels at 48 kHz using 32 bits per sample (channel mask 0x3)
[2016.02.24-00.03.11:125][634]LogInit: FAudioDevice initialized.
[2016.02.24-00.03.11:132][634]LogD3D11RHI: InitD3DDevice
[2016.02.24-00.03.11:165][634]LogWorld: Game class is '2D_C'
[2016.02.24-00.03.11:181][634]LogWorld: Bringing World /Game/Niveles/UEDPIE_0_Nivel_1.Nivel_1 up for play (max tick rate 0) at 2016.02.23-19.03.11
[2016.02.24-00.03.11:181][634]LogActor:Warning: GameSession /Game/Niveles/UEDPIE_0_Nivel_1.Nivel_1:PersistentLevel.GameSession_6 has natively added scene component(s), but none of them were set as the actor's RootComponent - picking one arbitrarily
[2016.02.24-00.03.11:183][634]LogActor:Warning: GameNetworkManager /Game/Niveles/UEDPIE_0_Nivel_1.Nivel_1:PersistentLevel.GameNetworkManager_6 has natively added scene component(s), but none of them were set as the actor's RootComponent - picking one arbitrarily
[2016.02.24-00.03.11:183][634]LogWorld: Bringing up level for play took: 0.012904
[2016.02.24-00.03.11:215][634]PIE: Info Play in editor start time for /Game/Niveles/UEDPIE_0_Nivel_1 0.15
[2016.02.24-00.03.19:357][ 95]LogParticles: Destroying 0 GPU particle simulations for FXSystem 0x0000005D3B539800
[2016.02.24-00.03.25:422][524]LogD3D11RHI: InitD3DDevice
[2016.02.24-00.03.26:068][568]LogD3D11RHI: InitD3DDevice
[2016.02.24-00.03.28:753][753]LogD3D11RHI: InitD3DDevice
[2016.02.24-00.03.31:422][929]LogD3D11RHI: InitD3DDevice
[2016.02.24-00.03.36:414][281]BlueprintLog: New page: Compile CaminaZombie
[2016.02.24-00.03.36:771][281]BlueprintEditorCompileResults: Info [0464.42] Compile of CaminaZombie successful! [in 356 ms]
[2016.02.24-00.03.37:505][336]LogPlayLevel: PIE:  No blueprints needed recompiling
[2016.02.24-00.03.37:505][336]PIE: New page: PIE session: Nivel_1 (Feb 23, 2016, 2:03:37 PM)
[2016.02.24-00.03.37:506][336]LogPlayLevel: Creating play world package: /Game/Niveles/UEDPIE_0_Nivel_1
[2016.02.24-00.03.37:513][336]LogPlayLevel: PIE: StaticDuplicateObject took: (0.006203s)
[2016.02.24-00.03.37:514][336]LogAIModule: Creating AISystem for world Nivel_1
[2016.02.24-00.03.37:516][336]LogPlayLevel: PIE: World Init took: (0.003340s)
[2016.02.24-00.03.37:516][336]LogPlayLevel: PIE: Created PIE world by copying editor world from /Game/Niveles/Nivel_1.Nivel_1 to /Game/Niveles/UEDPIE_0_Nivel_1.Nivel_1 (0.009903s)
[2016.02.24-00.03.37:605][336]LogInit: XAudio2 using 'Speakers (Realtek High Definition Audio)' : 2 channels at 48 kHz using 32 bits per sample (channel mask 0x3)
[2016.02.24-00.03.37:626][336]LogInit: FAudioDevice initialized.
[2016.02.24-00.03.37:633][336]LogD3D11RHI: InitD3DDevice
[2016.02.24-00.03.37:675][336]LogWorld: Game class is '2D_C'
[2016.02.24-00.03.37:691][336]LogWorld: Bringing World /Game/Niveles/UEDPIE_0_Nivel_1.Nivel_1 up for play (max tick rate 0) at 2016.02.23-19.03.37
[2016.02.24-00.03.37:691][336]LogActor:Warning: GameSession /Game/Niveles/UEDPIE_0_Nivel_1.Nivel_1:PersistentLevel.GameSession_7 has natively added scene component(s), but none of them were set as the actor's RootComponent - picking one arbitrarily
[2016.02.24-00.03.37:693][336]LogActor:Warning: GameNetworkManager /Game/Niveles/UEDPIE_0_Nivel_1.Nivel_1:PersistentLevel.GameNetworkManager_7 has natively added scene component(s), but none of them were set as the actor's RootComponent - picking one arbitrarily
[2016.02.24-00.03.37:693][336]LogWorld: Bringing up level for play took: 0.012741
[2016.02.24-00.03.37:727][336]PIE: Info Play in editor start time for /Game/Niveles/UEDPIE_0_Nivel_1 0.663
[2016.02.24-00.03.46:600][861]LogParticles: Destroying 0 GPU particle simulations for FXSystem 0x0000005D06C1BE20
[2016.02.24-00.04.05:359][329]LogD3D11RHI: InitD3DDevice
[2016.02.24-00.04.07:737][451]BlueprintLog: New page: Compile CaminaZombie
[2016.02.24-00.04.08:081][451]BlueprintEditorCompileResults: Info [0495.73] Compile of CaminaZombie successful! [in 344 ms]
[2016.02.24-00.04.09:619][524]LogPlayLevel: PIE:  No blueprints needed recompiling
[2016.02.24-00.04.09:620][524]PIE: New page: PIE session: Nivel_1 (Feb 23, 2016, 2:04:09 PM)
[2016.02.24-00.04.09:621][524]LogPlayLevel: Creating play world package: /Game/Niveles/UEDPIE_0_Nivel_1
[2016.02.24-00.04.09:627][524]LogPlayLevel: PIE: StaticDuplicateObject took: (0.005918s)
[2016.02.24-00.04.09:628][524]LogAIModule: Creating AISystem for world Nivel_1
[2016.02.24-00.04.09:630][524]LogPlayLevel: PIE: World Init took: (0.003353s)
[2016.02.24-00.04.09:631][524]LogPlayLevel: PIE: Created PIE world by copying editor world from /Game/Niveles/Nivel_1.Nivel_1 to /Game/Niveles/UEDPIE_0_Nivel_1.Nivel_1 (0.009631s)
[2016.02.24-00.04.09:724][524]LogInit: XAudio2 using 'Speakers (Realtek High Definition Audio)' : 2 channels at 48 kHz using 32 bits per sample (channel mask 0x3)
[2016.02.24-00.04.09:748][524]LogInit: FAudioDevice initialized.
[2016.02.24-00.04.09:755][524]LogD3D11RHI: InitD3DDevice
[2016.02.24-00.04.09:793][524]LogWorld: Game class is '2D_C'
[2016.02.24-00.04.09:811][524]LogWorld: Bringing World /Game/Niveles/UEDPIE_0_Nivel_1.Nivel_1 up for play (max tick rate 0) at 2016.02.23-19.04.09
[2016.02.24-00.04.09:811][524]LogActor:Warning: GameSession /Game/Niveles/UEDPIE_0_Nivel_1.Nivel_1:PersistentLevel.GameSession_8 has natively added scene component(s), but none of them were set as the actor's RootComponent - picking one arbitrarily
[2016.02.24-00.04.09:812][524]LogActor:Warning: GameNetworkManager /Game/Niveles/UEDPIE_0_Nivel_1.Nivel_1:PersistentLevel.GameNetworkManager_8 has natively added scene component(s), but none of them were set as the actor's RootComponent - picking one arbitrarily
[2016.02.24-00.04.09:813][524]LogWorld: Bringing up level for play took: 0.013869
[2016.02.24-00.04.09:857][524]PIE: Info Play in editor start time for /Game/Niveles/UEDPIE_0_Nivel_1 0.792
[2016.02.24-00.04.32:164][464]LogParticles: Destroying 0 GPU particle simulations for FXSystem 0x0000005D45EA8E00
[2016.02.24-00.04.39:886][941]BlueprintLog: New page: Compile CaminaZombie
[2016.02.24-00.04.40:194][941]BlueprintEditorCompileResults: Info [0527.85] Compile of CaminaZombie successful! [in 307 ms]
[2016.02.24-00.05.08:057][566]LogEditorViewport: Clicking Background
[2016.02.24-00.05.08:934][628]LogEditorViewport: Clicking on Actor (LMB): CaminaZombie_C (CaminaZombie)
[2016.02.24-00.05.13:587][899]LogEditorViewport: Clicking Background
[2016.02.24-00.05.14:248][947]LogEditorViewport: Clicking on Actor (LMB): CaminaZombie_C (CaminaZombie)
[2016.02.24-00.05.23:286][474]LogEditorViewport: Clicking on Actor (LMB): BP_floor_C (BP_floor2)
[2016.02.24-00.05.25:264][585]LogEditorViewport: Clicking on Actor (LMB): PaperSpriteActor (puntoA_Sprite)
[2016.02.24-00.05.32:219][979]LogEditorViewport: Clicking on Actor (LMB): PaperSpriteActor (puntoB_Sprite)
[2016.02.24-00.05.36:662][233]LogPlayLevel: PIE:  No blueprints needed recompiling
[2016.02.24-00.05.36:662][233]PIE: New page: PIE session: Nivel_1 (Feb 23, 2016, 2:05:36 PM)
[2016.02.24-00.05.36:663][233]LogPlayLevel: Creating play world package: /Game/Niveles/UEDPIE_0_Nivel_1
[2016.02.24-00.05.36:669][233]LogPlayLevel: PIE: StaticDuplicateObject took: (0.005827s)
[2016.02.24-00.05.36:670][233]LogAIModule: Creating AISystem for world Nivel_1
[2016.02.24-00.05.36:672][233]LogPlayLevel: PIE: World Init took: (0.003118s)
[2016.02.24-00.05.36:673][233]LogPlayLevel: PIE: Created PIE world by copying editor world from /Game/Niveles/Nivel_1.Nivel_1 to /Game/Niveles/UEDPIE_0_Nivel_1.Nivel_1 (0.009303s)
[2016.02.24-00.05.36:763][233]LogInit: XAudio2 using 'Speakers (Realtek High Definition Audio)' : 2 channels at 48 kHz using 32 bits per sample (channel mask 0x3)
[2016.02.24-00.05.36:784][233]LogInit: FAudioDevice initialized.
[2016.02.24-00.05.36:791][233]LogD3D11RHI: InitD3DDevice
[2016.02.24-00.05.36:831][233]LogWorld: Game class is '2D_C'
[2016.02.24-00.05.36:847][233]LogWorld: Bringing World /Game/Niveles/UEDPIE_0_Nivel_1.Nivel_1 up for play (max tick rate 0) at 2016.02.23-19.05.36
[2016.02.24-00.05.36:847][233]LogActor:Warning: GameSession /Game/Niveles/UEDPIE_0_Nivel_1.Nivel_1:PersistentLevel.GameSession_9 has natively added scene component(s), but none of them were set as the actor's RootComponent - picking one arbitrarily
[2016.02.24-00.05.36:849][233]LogActor:Warning: GameNetworkManager /Game/Niveles/UEDPIE_0_Nivel_1.Nivel_1:PersistentLevel.GameNetworkManager_9 has natively added scene component(s), but none of them were set as the actor's RootComponent - picking one arbitrarily
[2016.02.24-00.05.36:850][233]LogWorld: Bringing up level for play took: 0.012639
[2016.02.24-00.05.36:892][233]PIE: Info Play in editor start time for /Game/Niveles/UEDPIE_0_Nivel_1 -0.173
[2016.02.24-00.06.10:511][442]LogParticles: Destroying 0 GPU particle simulations for FXSystem 0x0000005D7E6B42C0
[2016.02.24-00.06.16:422][782]LogEditorViewport: Clicking Background
[2016.02.24-00.06.18:212][917]LogEditorViewport: Clicking on Actor (LMB): CaminaZombie_C (CaminaZombie)
[2016.02.24-00.06.19:853][ 11]LogEditorViewport: Clicking on Actor (LMB): PaperSpriteActor (puntoA_Sprite)
[2016.02.24-00.06.21:341][ 94]LogEditorViewport: Clicking on Actor (LMB): PaperSpriteActor (puntoB_Sprite)
[2016.02.24-00.06.25:131][311]LogEditorViewport: Clicking on Actor (LMB): PaperSpriteActor (puntoA_Sprite)
[2016.02.24-00.06.27:273][434]LogEditorViewport: Clicking on Actor (LMB): PaperSpriteActor (puntoB_Sprite)
[2016.02.24-00.06.29:158][542]LogEditorViewport: Clicking on Actor (LMB): CaminaZombie_C (CaminaZombie)
[2016.02.24-00.06.35:996][943]LogEditorViewport: Clicking on Actor (LMB): PlayerStart (PlayerStart)
[2016.02.24-00.06.38:989][129]LogEditorViewport: Clicking on Actor (LMB): PaperSpriteActor (puntoA_Sprite)
[2016.02.24-00.06.40:366][206]LogEditorViewport: Clicking on Actor (LMB): CaminaZombie_C (CaminaZombie)
[2016.02.24-00.06.49:346][737]LogEditorViewport: Clicking on Actor (LMB): PaperSpriteActor (puntoB_Sprite)
[2016.02.24-00.06.51:188][842]LogEditorViewport: Clicking on Actor (LMB): CaminaZombie_C (CaminaZombie)
[2016.02.24-00.06.54:610][ 34]LogEditorViewport: Clicking on Actor (LMB): PaperSpriteActor (puntoB_Sprite)
[2016.02.24-00.06.57:087][166]LogEditorViewport: Clicking on Actor (LMB): PaperSpriteActor (puntoA_Sprite)
[2016.02.24-00.06.59:460][290]LogEditorViewport: Clicking Background
[2016.02.24-00.07.03:912][618]LogD3D11RHI: InitD3DDevice
[2016.02.24-00.07.03:974][618]LogD3D11RHI: InitD3DDevice
[2016.02.24-00.07.03:994][618]Cmd: OBJ SAVEPACKAGE PACKAGE="/Game/Niveles/Nivel_1" FILE="../../../../../../Users/Jimmy/git/PoliHeath/Proyecto 4.8/Content/Niveles/Nivel_1.umap" SILENT=true AUTOSAVING=false KEEPDIRTY=false
[2016.02.24-00.07.04:379][618]LogSavePackage: Save=253.516983ms
[2016.02.24-00.07.04:379][618]LogSavePackage: Moving '../../../../../../Users/Jimmy/git/PoliHeath/Proyecto 4.8/Saved/Nivel_149ADF3B641B7A564F5B183B26DD0F592.tmp' to '../../../../../../Users/Jimmy/git/PoliHeath/Proyecto 4.8/Content/Niveles/Nivel_1.umap'
[2016.02.24-00.07.05:070][660]LogPlayLevel: PIE:  No blueprints needed recompiling
[2016.02.24-00.07.05:070][660]PIE: New page: PIE session: Nivel_1 (Feb 23, 2016, 2:07:05 PM)
[2016.02.24-00.07.05:071][660]LogPlayLevel: Creating play world package: /Game/Niveles/UEDPIE_0_Nivel_1
[2016.02.24-00.07.05:077][660]LogPlayLevel: PIE: StaticDuplicateObject took: (0.005882s)
[2016.02.24-00.07.05:078][660]LogAIModule: Creating AISystem for world Nivel_1
[2016.02.24-00.07.05:080][660]LogPlayLevel: PIE: World Init took: (0.003163s)
[2016.02.24-00.07.05:081][660]LogPlayLevel: PIE: Created PIE world by copying editor world from /Game/Niveles/Nivel_1.Nivel_1 to /Game/Niveles/UEDPIE_0_Nivel_1.Nivel_1 (0.009407s)
[2016.02.24-00.07.05:123][660]LogParticles: Destroying 0 GPU particle simulations for FXSystem 0x0000005D07BBE200
[2016.02.24-00.07.05:174][660]LogInit: XAudio2 using 'Speakers (Realtek High Definition Audio)' : 2 channels at 48 kHz using 32 bits per sample (channel mask 0x3)
[2016.02.24-00.07.05:195][660]LogInit: FAudioDevice initialized.
[2016.02.24-00.07.05:201][660]LogD3D11RHI: InitD3DDevice
[2016.02.24-00.07.05:243][660]LogWorld: Game class is '2D_C'
[2016.02.24-00.07.05:260][660]LogWorld: Bringing World /Game/Niveles/UEDPIE_0_Nivel_1.Nivel_1 up for play (max tick rate 0) at 2016.02.23-19.07.05
[2016.02.24-00.07.05:260][660]LogActor:Warning: GameSession /Game/Niveles/UEDPIE_0_Nivel_1.Nivel_1:PersistentLevel.GameSession_10 has natively added scene component(s), but none of them were set as the actor's RootComponent - picking one arbitrarily
[2016.02.24-00.07.05:261][660]LogActor:Warning: GameNetworkManager /Game/Niveles/UEDPIE_0_Nivel_1.Nivel_1:PersistentLevel.GameNetworkManager_10 has natively added scene component(s), but none of them were set as the actor's RootComponent - picking one arbitrarily
[2016.02.24-00.07.05:262][660]LogWorld: Bringing up level for play took: 0.012885
[2016.02.24-00.07.05:304][660]PIE: Info Play in editor start time for /Game/Niveles/UEDPIE_0_Nivel_1 0.24
[2016.02.24-00.07.15:473][319]LogParticles: Destroying 0 GPU particle simulations for FXSystem 0x0000005D483F8360
[2016.02.24-00.07.18:751][562]LogD3D11RHI: InitD3DDevice
[2016.02.24-00.07.18:810][562]LogD3D11RHI: InitD3DDevice
[2016.02.24-00.07.18:844][562]Cmd: OBJ SAVEPACKAGE PACKAGE="/Game/Niveles/Nivel_1" FILE="../../../../../../Users/Jimmy/git/PoliHeath/Proyecto 4.8/Content/Niveles/Nivel_1.umap" SILENT=true AUTOSAVING=false KEEPDIRTY=false
[2016.02.24-00.07.19:189][562]LogSavePackage: Save=231.567444ms
[2016.02.24-00.07.19:189][562]LogSavePackage: Moving '../../../../../../Users/Jimmy/git/PoliHeath/Proyecto 4.8/Saved/Nivel_16C4E2F3E4A9F5049A812A689EA8C5682.tmp' to '../../../../../../Users/Jimmy/git/PoliHeath/Proyecto 4.8/Content/Niveles/Nivel_1.umap'
[2016.02.24-00.07.20:566][653]LogD3D11RHI: InitD3DDevice
[2016.02.24-00.07.21:881][653]LogD3D11RHI: InitD3DDevice
[2016.02.24-00.07.21:942][653]LogD3D11RHI: InitD3DDevice
[2016.02.24-00.07.21:961][653]Cmd: OBJ SAVEPACKAGE PACKAGE="/Game/Blueprints/AI/CaminaZombie" FILE="../../../../../../Users/Jimmy/git/PoliHeath/Proyecto 4.8/Content/Blueprints/AI/CaminaZombie.uasset" SILENT=true
[2016.02.24-00.07.22:107][653]LogSavePackage: Save=101.752907ms
[2016.02.24-00.07.22:107][653]LogSavePackage: Moving '../../../../../../Users/Jimmy/git/PoliHeath/Proyecto 4.8/Saved/CaminaZombieD7E846CE4E7DC756FED314AEA6F748E0.tmp' to '../../../../../../Users/Jimmy/git/PoliHeath/Proyecto 4.8/Content/Blueprints/AI/CaminaZombie.uasset'
[2016.02.24-00.07.22:877][654]Cmd: QUIT_EDITOR
[2016.02.24-00.07.23:956][654]LogWindowsTextInputMethodSystem:Display: IME system now deactivated.
[2016.02.24-00.07.24:244][654]LogExit: Preparing to exit.
[2016.02.24-00.07.25:187][654]LogExit: Editor shut down
[2016.02.24-00.07.25:188][654]LogExit: Transaction tracking system shut down
[2016.02.24-00.07.25:190][654]LogParticles: Destroying 0 GPU particle simulations for FXSystem 0x0000005D7F3F3E20
[2016.02.24-00.07.25:191][654]LogParticles: Destroying 0 GPU particle simulations for FXSystem 0x0000005D093D8CC0
[2016.02.24-00.07.25:232][654]LogParticles: Destroying 0 GPU particle simulations for FXSystem 0x0000005D7C82A340
[2016.02.24-00.07.25:240][654]LogParticles: Destroying 0 GPU particle simulations for FXSystem 0x0000005D7CFDDB20
[2016.02.24-00.07.25:676][654]LogExit: Object subsystem successfully closed.
[2016.02.24-00.07.25:918][654]LogD3D11RHI: Shutdown
[2016.02.24-00.07.25:918][654]LogD3D11RHI: CleanupD3DDevice
[2016.02.24-00.07.26:030][654]LogD3D11RHI: ~FD3D11DynamicRHI
[2016.02.24-00.07.26:081][654]LogModuleManager: Shutting down and abandoning module CrashTracker (188)
[2016.02.24-00.07.26:081][654]LogModuleManager: Shutting down and abandoning module SceneOutliner (187)
[2016.02.24-00.07.26:081][654]LogModuleManager: Shutting down and abandoning module SuperSearch (186)
[2016.02.24-00.07.26:081][654]LogModuleManager: Shutting down and abandoning module WidgetCarousel (185)
[2016.02.24-00.07.26:081][654]LogModuleManager: Shutting down and abandoning module AddContentDialog (184)
[2016.02.24-00.07.26:083][654]LogModuleManager: Shutting down and abandoning module EditorWidgets (183)
[2016.02.24-00.07.26:083][654]LogModuleManager: Shutting down and abandoning module CollectionManager (182)
[2016.02.24-00.07.26:083][654]LogModuleManager: Shutting down and abandoning module StatsViewer (181)
[2016.02.24-00.07.26:083][654]LogModuleManager: Shutting down and abandoning module FoliageEdit (180)
[2016.02.24-00.07.26:083][654]LogModuleManager: Shutting down and abandoning module LandscapeEditor (179)
[2016.02.24-00.07.26:083][654]LogModuleManager: Shutting down and abandoning module ActorPickerMode (178)
[2016.02.24-00.07.26:083][654]LogModuleManager: Shutting down and abandoning module GeometryMode (177)
[2016.02.24-00.07.26:084][654]LogModuleManager: Shutting down and abandoning module TextureAlignMode (176)
[2016.02.24-00.07.26:084][654]LogModuleManager: Shutting down and abandoning module BspMode (175)
[2016.02.24-00.07.26:084][654]LogModuleManager: Shutting down and abandoning module PlacementMode (174)
[2016.02.24-00.07.26:084][654]LogModuleManager: Shutting down and abandoning module AutomationWorker (173)
[2016.02.24-00.07.26:084][654]LogModuleManager: Shutting down and abandoning module CharacterAI (172)
[2016.02.24-00.07.26:084][654]LogModuleManager: Shutting down and abandoning module SmartSnapping (171)
[2016.02.24-00.07.26:084][654]LogModuleManager: Shutting down and abandoning module ViewportSnapping (170)
[2016.02.24-00.07.26:084][654]LogModuleManager: Shutting down and abandoning module LogVisualizer (169)
[2016.02.24-00.07.26:084][654]LogModuleManager: Shutting down and abandoning module GameProjectGeneration (168)
[2016.02.24-00.07.26:084][654]LogModuleManager: Shutting down and abandoning module IntroTutorials (167)
[2016.02.24-00.07.26:084][654]LogModuleManager: Shutting down and abandoning module EditorLiveStreaming (166)
[2016.02.24-00.07.26:084][654]LogModuleManager: Shutting down and abandoning module IOSPlatformEditor (165)
[2016.02.24-00.07.26:084][654]LogModuleManager: Shutting down and abandoning module HTML5PlatformEditor (164)
[2016.02.24-00.07.26:084][654]LogModuleManager: Shutting down and abandoning module AndroidDeviceDetection (163)
[2016.02.24-00.07.26:666][654]LogModuleManager: Shutting down and abandoning module AndroidPlatformEditor (162)
[2016.02.24-00.07.26:666][654]LogModuleManager: Shutting down and abandoning module IOSRuntimeSettings (161)
[2016.02.24-00.07.26:666][654]LogModuleManager: Shutting down and abandoning module AndroidRuntimeSettings (160)
[2016.02.24-00.07.26:666][654]LogModuleManager: Shutting down and abandoning module MergeActors (159)
[2016.02.24-00.07.26:666][654]LogModuleManager: Shutting down and abandoning module SizeMap (158)
[2016.02.24-00.07.26:666][654]LogModuleManager: Shutting down and abandoning module TreeMap (157)
[2016.02.24-00.07.26:666][654]LogModuleManager: Shutting down and abandoning module ReferenceViewer (156)
[2016.02.24-00.07.26:666][654]LogModuleManager: Shutting down and abandoning module LocalizationDashboard (155)
[2016.02.24-00.07.26:666][654]LogModuleManager: Shutting down and abandoning module HardwareTargeting (154)
[2016.02.24-00.07.26:666][654]LogModuleManager: Shutting down and abandoning module DeviceProfileEditor (153)
[2016.02.24-00.07.26:666][654]LogModuleManager: Shutting down and abandoning module UndoHistory (152)
[2016.02.24-00.07.26:666][654]LogModuleManager: Shutting down and abandoning module GameplayTagsEditor (151)
[2016.02.24-00.07.26:666][654]LogModuleManager: Shutting down and abandoning module UserFeedback (150)
[2016.02.24-00.07.26:666][654]LogModuleManager: Shutting down and abandoning module XmlParser (149)
[2016.02.24-00.07.26:666][654]LogModuleManager: Shutting down and abandoning module Blutility (148)
[2016.02.24-00.07.26:666][654]LogModuleManager: Shutting down and abandoning module ProjectTargetPlatformEditor (147)
[2016.02.24-00.07.26:667][654]LogModuleManager: Shutting down and abandoning module ProjectSettingsViewer (146)
[2016.02.24-00.07.26:667][654]LogModuleManager: Shutting down and abandoning module InputBindingEditor (145)
[2016.02.24-00.07.26:667][654]LogModuleManager: Shutting down and abandoning module EditorSettingsViewer (144)
[2016.02.24-00.07.26:667][654]LogModuleManager: Shutting down and abandoning module SettingsEditor (143)
[2016.02.24-00.07.26:667][654]LogModuleManager: Shutting down and abandoning module ProjectLauncher (142)
[2016.02.24-00.07.26:667][654]LogModuleManager: Shutting down and abandoning module SessionFrontend (141)
[2016.02.24-00.07.26:667][654]LogModuleManager: Shutting down and abandoning module ProfilerClient (140)
[2016.02.24-00.07.26:667][654]LogModuleManager: Shutting down and abandoning module TargetDeviceServices (139)
[2016.02.24-00.07.26:667][654]LogModuleManager: Shutting down and abandoning module DeviceManager (138)
[2016.02.24-00.07.26:667][654]LogModuleManager: Shutting down and abandoning module AutomationController (137)
[2016.02.24-00.07.26:668][654]LogModuleManager: Shutting down and abandoning module AutomationWindow (136)
[2016.02.24-00.07.26:668][654]LogModuleManager: Shutting down and abandoning module Layers (135)
[2016.02.24-00.07.26:668][654]LogModuleManager: Shutting down and abandoning module ComponentVisualizers (134)
[2016.02.24-00.07.26:668][654]LogModuleManager: Shutting down and abandoning module DetailCustomizations (133)
[2016.02.24-00.07.26:668][654]LogModuleManager: Shutting down and abandoning module PackagesDialog (132)
[2016.02.24-00.07.26:668][654]LogModuleManager: Shutting down and abandoning module AssetRegistry (131)
[2016.02.24-00.07.26:798][654]LogModuleManager: Shutting down and abandoning module Persona (130)
[2016.02.24-00.07.26:798][654]LogModuleManager: Shutting down and abandoning module Kismet (129)
[2016.02.24-00.07.26:798][654]LogModuleManager: Shutting down and abandoning module GraphEditor (128)
[2016.02.24-00.07.26:798][654]LogModuleManager: Shutting down and abandoning module ClassViewer (127)
[2016.02.24-00.07.26:798][654]LogModuleManager: Shutting down and abandoning module Toolbox (126)
[2016.02.24-00.07.26:798][654]LogModuleManager: Shutting down and abandoning module ModuleUI (125)
[2016.02.24-00.07.26:798][654]LogModuleManager: Shutting down and abandoning module MovieSceneTools (124)
[2016.02.24-00.07.26:798][654]LogModuleManager: Shutting down and abandoning module OutputLog (123)
[2016.02.24-00.07.26:798][654]LogModuleManager: Shutting down and abandoning module GammaUI (122)
[2016.02.24-00.07.26:798][654]LogModuleManager: Shutting down and abandoning module Documentation (121)
[2016.02.24-00.07.26:798][654]LogModuleManager: Shutting down and abandoning module GameLiveStreaming (120)
[2016.02.24-00.07.26:798][654]LogModuleManager: Shutting down and abandoning module StreamingPauseRendering (119)
[2016.02.24-00.07.26:798][654]LogModuleManager: Shutting down and abandoning module AnalyticsET (118)
[2016.02.24-00.07.26:798][654]LogModuleManager: Shutting down and abandoning module Analytics (117)
[2016.02.24-00.07.26:798][654]LogModuleManager: Shutting down and abandoning module AITestSuite (116)
[2016.02.24-00.07.26:798][654]LogModuleManager: Shutting down and abandoning module GameplayDebugger (115)
[2016.02.24-00.07.26:798][654]LogModuleManager: Shutting down and abandoning module AIModule (114)
[2016.02.24-00.07.26:798][654]LogModuleManager: Shutting down and abandoning module ProfilerService (113)
[2016.02.24-00.07.26:846][654]LogModuleManager: Shutting down and abandoning module TaskGraph (112)
[2016.02.24-00.07.26:846][654]LogModuleManager: Shutting down and abandoning module SlateRemote (111)
[2016.02.24-00.07.26:846][654]LogModuleManager: Shutting down and abandoning module SteamVRController (110)
[2016.02.24-00.07.26:846][654]LogModuleManager: Shutting down and abandoning module SteamVR (109)
[2016.02.24-00.07.26:846][654]LogModuleManager: Shutting down and abandoning module ProceduralMeshComponent (108)
[2016.02.24-00.07.26:846][654]LogModuleManager: Shutting down and abandoning module OculusRift (107)
[2016.02.24-00.07.26:846][654]LogModuleManager: Shutting down and abandoning module LeapMotionController (106)
[2016.02.24-00.07.26:871][654]LogModuleManager: Shutting down and abandoning module CustomMeshComponent (105)
[2016.02.24-00.07.26:871][654]LogModuleManager: Shutting down and abandoning module CableComponent (104)
[2016.02.24-00.07.26:871][654]LogModuleManager: Shutting down and abandoning module MessagingDebugger (103)
[2016.02.24-00.07.26:871][654]LogModuleManager: Shutting down and abandoning module MediaPlayerEditor (102)
[2016.02.24-00.07.26:871][654]LogModuleManager: Shutting down and abandoning module SpeedTreeImporter (101)
[2016.02.24-00.07.26:871][654]LogModuleManager: Shutting down and abandoning module PluginBrowser (100)
[2016.02.24-00.07.26:871][654]LogModuleManager: Shutting down and abandoning module EpicSurvey (99)
[2016.02.24-00.07.26:871][654]LogModuleManager: Shutting down and abandoning module DesktopPlatform (98)
[2016.02.24-00.07.26:871][654]LogModuleManager: Shutting down and abandoning module VisualStudioSourceCodeAccess (97)
[2016.02.24-00.07.26:871][654]LogModuleManager: Shutting down and abandoning module UObjectPlugin (96)
[2016.02.24-00.07.26:871][654]LogModuleManager: Shutting down and abandoning module SubversionSourceControl (95)
[2016.02.24-00.07.26:871][654]LogModuleManager: Shutting down and abandoning module PerforceSourceControl (94)
[2016.02.24-00.07.26:871][654]LogModuleManager: Shutting down and abandoning module SourceControl (93)
[2016.02.24-00.07.26:871][654]LogModuleManager: Shutting down and abandoning module GitSourceControl (92)
[2016.02.24-00.07.26:871][654]LogModuleManager: Shutting down and abandoning module BlankPlugin (91)
[2016.02.24-00.07.26:871][654]LogModuleManager: Shutting down and abandoning module PaperTiledImporter (90)
[2016.02.24-00.07.26:871][654]LogModuleManager: Shutting down and abandoning module PaperSpriteSheetImporter (89)
[2016.02.24-00.07.26:871][654]LogModuleManager: Shutting down and abandoning module MeshPaint (88)
[2016.02.24-00.07.26:872][654]LogModuleManager: Shutting down and abandoning module SlateReflector (87)
[2016.02.24-00.07.26:872][654]LogModuleManager: Shutting down and abandoning module DirectoryWatcher (86)
[2016.02.24-00.07.26:872][654]LogModuleManager: Shutting down and abandoning module HotReload (85)
[2016.02.24-00.07.26:872][654]LogModuleManager: Shutting down and abandoning module MainFrame (84)
[2016.02.24-00.07.26:872][654]LogModuleManager: Shutting down and abandoning module LevelEditor (83)
[2016.02.24-00.07.26:874][654]LogModuleManager: Shutting down and abandoning module ContentBrowser (82)
[2016.02.24-00.07.26:876][654]LogModuleManager: Shutting down and abandoning module Paper2DEditor (81)
[2016.02.24-00.07.26:876][654]LogModuleManager: Shutting down and abandoning module UdpMessaging (80)
[2016.02.24-00.07.26:977][654]LogModuleManager: Shutting down and abandoning module Paper2D (79)
[2016.02.24-00.07.26:977][654]LogModuleManager: Shutting down and abandoning module WindowsMoviePlayer (78)
[2016.02.24-00.07.26:982][654]LogModuleManager: Shutting down and abandoning module Media (77)
[2016.02.24-00.07.26:982][654]LogModuleManager: Shutting down and abandoning module WmfMedia (76)
[2016.02.24-00.07.26:983][654]LogModuleManager: Shutting down and abandoning module OnlineBlueprintSupport (75)
[2016.02.24-00.07.26:983][654]LogModuleManager: Shutting down and abandoning module PropertyEditor (74)
[2016.02.24-00.07.26:983][654]LogModuleManager: Shutting down and abandoning module BehaviorTreeEditor (73)
[2016.02.24-00.07.26:983][654]LogModuleManager: Shutting down and abandoning module FunctionalTesting (72)
[2016.02.24-00.07.26:983][654]LogModuleManager: Shutting down and abandoning module CollisionAnalyzer (71)
[2016.02.24-00.07.26:983][654]LogModuleManager: Shutting down and abandoning module WorkspaceMenuStructure (70)
[2016.02.24-00.07.26:983][654]LogModuleManager: Shutting down and abandoning module MessageLog (69)
[2016.02.24-00.07.26:983][654]LogModuleManager: Shutting down and abandoning module Sequencer (68)
[2016.02.24-00.07.26:983][654]LogModuleManager: Shutting down and abandoning module AssetTools (67)
[2016.02.24-00.07.26:983][654]LogModuleManager: Shutting down and abandoning module UMGEditor (66)
[2016.02.24-00.07.26:983][654]LogModuleManager: Shutting down and abandoning module UMG (65)
[2016.02.24-00.07.26:983][654]LogModuleManager: Shutting down and abandoning module Slate (64)
[2016.02.24-00.07.26:983][654]LogModuleManager: Shutting down and abandoning module EditorStyle (63)
[2016.02.24-00.07.26:990][654]LogModuleManager: Shutting down and abandoning module SessionServices (62)
[2016.02.24-00.07.26:990][654]LogModuleManager: Shutting down and abandoning module SourceCodeAccess (61)
[2016.02.24-00.07.26:990][654]LogModuleManager: Shutting down and abandoning module HeadMountedDisplay (60)
[2016.02.24-00.07.26:990][654]LogModuleManager: Shutting down and abandoning module XAudio2 (59)
[2016.02.24-00.07.26:990][654]LogModuleManager: Shutting down and abandoning module Networking (57)
[2016.02.24-00.07.26:990][654]LogModuleManager: Shutting down and abandoning module Core (56)
[2016.02.24-00.07.26:990][654]LogModuleManager: Shutting down and abandoning module KismetCompiler (55)
[2016.02.24-00.07.26:990][654]LogModuleManager: Shutting down and abandoning module PhysXFormats (54)
[2016.02.24-00.07.26:990][654]LogModuleManager: Shutting down and abandoning module MeshUtilities (53)
[2016.02.24-00.07.26:990][654]LogModuleManager: Shutting down and abandoning module DerivedDataCache (52)
[2016.02.24-00.07.26:993][654]LogDerivedDataCache: Shutdown
[2016.02.24-00.07.26:993][654]LogModuleManager: Shutting down and abandoning module ShaderFormatOpenGL (51)
[2016.02.24-00.07.26:993][654]LogModuleManager: Shutting down and abandoning module ShaderFormatD3D (50)
[2016.02.24-00.07.26:993][654]LogModuleManager: Shutting down and abandoning module MetalShaderFormat (49)
[2016.02.24-00.07.26:993][654]LogModuleManager: Shutting down and abandoning module TextureFormatUncompressed (48)
[2016.02.24-00.07.26:993][654]LogModuleManager: Shutting down and abandoning module TextureFormatPVR (47)
[2016.02.24-00.07.26:993][654]LogModuleManager: Shutting down and abandoning module TextureFormatIntelISPCTexComp (46)
[2016.02.24-00.07.26:993][654]LogModuleManager: Shutting down and abandoning module TextureFormatDXT (45)
[2016.02.24-00.07.26:993][654]LogModuleManager: Shutting down and abandoning module ImageWrapper (44)
[2016.02.24-00.07.26:993][654]LogModuleManager: Shutting down and abandoning module TextureFormatASTC (43)
[2016.02.24-00.07.26:993][654]LogModuleManager: Shutting down and abandoning module TextureFormatAndroid (42)
[2016.02.24-00.07.26:993][654]LogModuleManager: Shutting down and abandoning module AudioFormatOpus (41)
[2016.02.24-00.07.26:993][654]LogModuleManager: Shutting down and abandoning module AudioFormatOgg (40)
[2016.02.24-00.07.26:993][654]LogModuleManager: Shutting down and abandoning module AudioFormatADPCM (39)
[2016.02.24-00.07.26:993][654]LogModuleManager: Shutting down and abandoning module LinuxTargetPlatform (38)
[2016.02.24-00.07.26:993][654]LogModuleManager: Shutting down and abandoning module LinuxServerTargetPlatform (37)
[2016.02.24-00.07.26:993][654]LogModuleManager: Shutting down and abandoning module LinuxNoEditorTargetPlatform (36)
[2016.02.24-00.07.26:993][654]LogModuleManager: Shutting down and abandoning module Messaging (35)
[2016.02.24-00.07.26:993][654]LogModuleManager: Shutting down and abandoning module IOSTargetPlatform (34)
[2016.02.24-00.07.26:993][654]LogModuleManager: Shutting down and abandoning module HTML5TargetPlatform (33)
[2016.02.24-00.07.26:993][654]LogModuleManager: Shutting down and abandoning module Android_PVRTCTargetPlatform (32)
[2016.02.24-00.07.26:993][654]LogModuleManager: Shutting down and abandoning module Android_ETC2TargetPlatform (31)
[2016.02.24-00.07.26:993][654]LogModuleManager: Shutting down and abandoning module Android_ETC1TargetPlatform (30)
[2016.02.24-00.07.26:993][654]LogModuleManager: Shutting down and abandoning module Android_DXTTargetPlatform (29)
[2016.02.24-00.07.26:993][654]LogModuleManager: Shutting down and abandoning module Android_ATCTargetPlatform (28)
[2016.02.24-00.07.26:993][654]LogModuleManager: Shutting down and abandoning module Android_ASTCTargetPlatform (27)
[2016.02.24-00.07.26:993][654]LogModuleManager: Shutting down and abandoning module AndroidTargetPlatform (26)
[2016.02.24-00.07.26:993][654]LogModuleManager: Shutting down and abandoning module WindowsTargetPlatform (25)
[2016.02.24-00.07.26:993][654]LogModuleManager: Shutting down and abandoning module WindowsServerTargetPlatform (24)
[2016.02.24-00.07.26:994][654]LogModuleManager: Shutting down and abandoning module WindowsNoEditorTargetPlatform (23)
[2016.02.24-00.07.26:994][654]LogModuleManager: Shutting down and abandoning module WindowsClientTargetPlatform (22)
[2016.02.24-00.07.26:994][654]LogModuleManager: Shutting down and abandoning module DesktopTargetPlatform (21)
[2016.02.24-00.07.26:994][654]LogModuleManager: Shutting down and abandoning module TargetPlatform (20)
[2016.02.24-00.07.26:994][654]LogModuleManager: Shutting down and abandoning module InputCore (19)
[2016.02.24-00.07.26:994][654]LogModuleManager: Shutting down and abandoning module Settings (18)
[2016.02.24-00.07.26:994][654]LogModuleManager: Shutting down and abandoning module OnlineSubsystem (16)
[2016.02.24-00.07.26:994][654]LogModuleManager: Shutting down and abandoning module HTTP (15)
[2016.02.24-00.07.26:994][654]LogModuleManager: Shutting down and abandoning module ExampleDeviceProfileSelector (14)
[2016.02.24-00.07.26:994][654]LogModuleManager: Shutting down and abandoning module TextureCompressor (13)
[2016.02.24-00.07.26:994][654]LogModuleManager: Shutting down and abandoning module ShaderCore (12)
[2016.02.24-00.07.26:994][654]LogModuleManager: Shutting down and abandoning module Landscape (11)
[2016.02.24-00.07.26:994][654]LogModuleManager: Shutting down and abandoning module SlateRHIRenderer (10)
[2016.02.24-00.07.27:003][654]LogModuleManager: Shutting down and abandoning module OpenGLDrv (9)
[2016.02.24-00.07.27:003][654]LogModuleManager: Shutting down and abandoning module D3D11RHI (8)
[2016.02.24-00.07.27:003][654]LogModuleManager: Shutting down and abandoning module Renderer (7)
[2016.02.24-00.07.27:003][654]LogModuleManager: Shutting down and abandoning module Engine (6)
[2016.02.24-00.07.27:003][654]LogModuleManager: Shutting down and abandoning module CoreUObject (5)
[2016.02.24-00.07.27:003][654]LogModuleManager: Shutting down and abandoning module NetworkFile (4)
[2016.02.24-00.07.27:003][654]LogModuleManager: Shutting down and abandoning module StreamingFile (3)
[2016.02.24-00.07.27:003][654]LogModuleManager: Shutting down and abandoning module SandboxFile (2)
[2016.02.24-00.07.27:003][654]LogModuleManager: Shutting down and abandoning module PakFile (1)
[2016.02.24-00.07.27:005][654]LogExit: Exiting.
[2016.02.24-00.07.27:007][654]Log file closed, 02/23/16 19:07:27
