[2016.02.24-01.36.21:001][  0]Log file open, 02/23/16 20:36:21
[2016.02.24-01.36.21:001][  0]LogInit:Display: Running engine for game: Proyecto
[2016.02.24-01.36.21:001][  0]LogInit:Display: RandInit(480064858) SRandInit(480064859).
[2016.02.24-01.36.21:001][  0]LogTaskGraph: Started task graph with 4 named threads and 8 total threads.
[2016.02.24-01.36.21:001][  0]LogStats: Stats thread started
[2016.02.24-01.36.21:001][  0]LogInit: Version: 4.8.3-2634408+++depot+UE4-Releases+4.8
[2016.02.24-01.36.21:001][  0]LogInit: API Version: 2579680
[2016.02.24-01.36.21:001][  0]LogInit: Compiled (64-bit): Jul 27 2015 16:24:33
[2016.02.24-01.36.21:001][  0]LogInit: Compiled with Visual C++: 18.00.21005.01
[2016.02.24-01.36.21:001][  0]LogInit: Build Configuration: Development
[2016.02.24-01.36.21:001][  0]LogInit: Branch Name: ++depot+UE4-Releases+4.8
[2016.02.24-01.36.21:001][  0]LogInit: Command line:  
[2016.02.24-01.36.21:001][  0]LogInit: Base directory: C:/Program Files (x86)/Epic Games/4.8/Engine/Binaries/Win64/
[2016.02.24-01.36.21:001][  0]LogInit: Rocket: 1
[2016.02.24-01.36.21:044][  0]LogInit: Using libcurl 7.41.0
[2016.02.24-01.36.21:044][  0]LogInit:  - built for x86_64-pc-win32
[2016.02.24-01.36.21:044][  0]LogInit:  - supports SSL with WinSSL
[2016.02.24-01.36.21:044][  0]LogInit:  - other features:
[2016.02.24-01.36.21:044][  0]LogInit:      CURL_VERSION_SSL
[2016.02.24-01.36.21:044][  0]LogInit:      CURL_VERSION_IPV6
[2016.02.24-01.36.21:044][  0]LogInit:      CURL_VERSION_ASYNCHDNS
[2016.02.24-01.36.21:044][  0]LogInit:      CURL_VERSION_LARGEFILE
[2016.02.24-01.36.21:044][  0]LogInit:      CURL_VERSION_IDN
[2016.02.24-01.36.21:044][  0]LogInit:  CurlRequestOptions (configurable via config and command line):
[2016.02.24-01.36.21:044][  0]LogInit:  - bVerifyPeer = true  - Libcurl will verify peer certificate
[2016.02.24-01.36.21:044][  0]LogInit:  - bUseHttpProxy = false  - Libcurl will NOT use HTTP proxy
[2016.02.24-01.36.21:044][  0]LogInit:  - bDontReuseConnections = false  - Libcurl will reuse connections
[2016.02.24-01.36.21:044][  0]LogInit:  - CertBundlePath = nullptr  - Libcurl will use whatever was configured at build time.
[2016.02.24-01.36.21:080][  0]LogOnline:Warning: No default platform service specified for OnlineSubsystem
[2016.02.24-01.36.21:123][  0]LogInit: Presizing for 0 objects not considered by GC, pre-allocating 0 bytes.
[2016.02.24-01.36.21:143][  0]LogInit: Object subsystem initialized
[2016.02.24-01.36.21:146][  0]LogConsoleResponse:Warning: Skipping Unknown console variable: 'UIScaleCurve = (EditorCurveData=(Keys=((Time=480.000000,Value=0.444000),(Time=720.000000,Value=0.666000),(Time=1080.000000,Value=1.000000),(Time=8640.000000,Value=8.000000))),ExternalCurve=None)'
[2016.02.24-01.36.21:146][  0]LogConsoleResponse:Warning:   Found in ini file 'C:/Users/Jimmy/git/PoliHeath/Proyecto 4.8/Saved/Config/Windows/Engine.ini', in section '[/Script/Engine.RendererSettings]'
[2016.02.24-01.36.21:146][  0]LogConsoleManager:Warning: Console variable 'r.MSAA.CompositingSampleCount' wasn't set ('Scalability' has a lower priority than 'ProjectSetting')
[2016.02.24-01.36.21:147][  0]LogInit: Selected Device Profile: [Windows]
[2016.02.24-01.36.21:147][  0]LogInit: Applying CVar settings loaded from the selected device profile: [Windows]
[2016.02.24-01.36.21:173][  0]LogInit: Computer: JIMMY-PC
[2016.02.24-01.36.21:173][  0]LogInit: User: Jimmy
[2016.02.24-01.36.21:173][  0]LogInit: CPU Page size=4096, Cores=6
[2016.02.24-01.36.21:173][  0]LogInit: High frequency timer resolution =2.746526 MHz
[2016.02.24-01.36.21:173][  0]LogMemory: Memory total: Physical=4.0GB (4GB approx)
[2016.02.24-01.36.21:173][  0]LogMemory: Platform Memory Stats for Windows
[2016.02.24-01.36.21:173][  0]LogMemory: Process Physical Memory: 48.73 MB used, 48.73 MB peak
[2016.02.24-01.36.21:173][  0]LogMemory: Process Virtual Memory: 22.18 MB used, 22.18 MB peak
[2016.02.24-01.36.21:173][  0]LogMemory: Physical Memory: 1774.89 MB used, 4092.53 MB total
[2016.02.24-01.36.21:173][  0]LogMemory: Virtual Memory: 292.58 MB used, 134217728.00 MB total
[2016.02.24-01.36.21:294][  0]LogTextLocalizationManager: The requested culture ('en_US') has no localization data; parent culture's ('en') localization data will be used.
[2016.02.24-01.36.21:816][  0]LogTextLocalizationManager:Warning: Loaded localization resources contain conflicting entries for (Namespace:ContentBrowser, Key:ImportAssetToolTip):
Localization Resource: (C:/Program Files (x86)/Epic Games/4.8/Engine/Content/Localization/Editor/en/Editor.locres) Source String Hash: (-630476809) Localized String: (Import to {0}...)
Localization Resource: (C:/Program Files (x86)/Epic Games/4.8/Engine/Content/Localization/Editor/en/Editor.locres) Source String Hash: (1271782899) Localized String: (Imports an asset from file to this folder.)
[2016.02.24-01.36.22:697][  0]LogD3D11RHI: Found D3D11 adapter 0: NVIDIA GeForce GTX 650 (Feature Level 11_0)
[2016.02.24-01.36.22:698][  0]LogD3D11RHI: Adapter has 1986MB of dedicated video memory, 0MB of dedicated system memory, and 2046MB of shared system memory, 1 output[s]
[2016.02.24-01.36.22:701][  0]LogD3D11RHI: Found D3D11 adapter 1: Microsoft Basic Render Driver (Feature Level 11_0)
[2016.02.24-01.36.22:701][  0]LogD3D11RHI: Adapter has 0MB of dedicated video memory, 0MB of dedicated system memory, and 256MB of shared system memory, 0 output[s]
[2016.02.24-01.36.22:701][  0]LogD3D11RHI: Chosen D3D11 Adapter Id = 0
[2016.02.24-01.36.22:712][  0]LogD3D11RHI: InitD3DDevice
[2016.02.24-01.36.22:712][  0]LogD3D11RHI: !Direct3DDevice
[2016.02.24-01.36.22:712][  0]LogRHI: Texture pool is 1361 MB (70% of 1945 MB)
[2016.02.24-01.36.22:744][  0]LogD3D11RHI: Async texture creation enabled
[2016.02.24-01.36.22:767][  0]LogShaderCompilers:Display: Using Local Shader Compiler.
[2016.02.24-01.36.27:646][  0]LogTemp:Display: Loaded TP DesktopTargetPlatform
[2016.02.24-01.36.27:690][  0]LogTemp:Display: Loaded TP WindowsClientTargetPlatform
[2016.02.24-01.36.27:735][  0]LogTemp:Display: Loaded TP WindowsNoEditorTargetPlatform
[2016.02.24-01.36.27:803][  0]LogTemp:Display: Loaded TP WindowsServerTargetPlatform
[2016.02.24-01.36.27:856][  0]LogTemp:Display: Loaded TP WindowsTargetPlatform
[2016.02.24-01.36.27:895][  0]LogTemp:Display: Loaded TP AndroidTargetPlatform
[2016.02.24-01.36.27:934][  0]LogTemp:Display: Loaded TP Android_ASTCTargetPlatform
[2016.02.24-01.36.27:973][  0]LogTemp:Display: Loaded TP Android_ATCTargetPlatform
[2016.02.24-01.36.28:012][  0]LogTemp:Display: Loaded TP Android_DXTTargetPlatform
[2016.02.24-01.36.28:050][  0]LogTemp:Display: Loaded TP Android_ETC1TargetPlatform
[2016.02.24-01.36.28:089][  0]LogTemp:Display: Loaded TP Android_ETC2TargetPlatform
[2016.02.24-01.36.28:128][  0]LogTemp:Display: Loaded TP Android_PVRTCTargetPlatform
[2016.02.24-01.36.28:314][  0]LogTemp:Display: Loaded TP IOSTargetPlatform
[2016.02.24-01.36.28:353][  0]LogTemp:Display: Loaded TP LinuxNoEditorTargetPlatform
[2016.02.24-01.36.28:401][  0]LogTemp:Display: Loaded TP LinuxServerTargetPlatform
[2016.02.24-01.36.28:450][  0]LogTemp:Display: Loaded TP LinuxTargetPlatform
[2016.02.24-01.36.28:450][  0]LogTargetPlatformManager:Display: Building Assets For Windows
[2016.02.24-01.36.29:543][  0]LogDerivedDataCache:Display: Max Cache Size: 512 MB
[2016.02.24-01.36.29:693][  0]LogDerivedDataCache: Loaded boot cache 0.15s 53MB C:/Users/Jimmy/AppData/Local/UnrealEngine/4.8/DerivedDataCache/Boot.ddc.
[2016.02.24-01.36.29:693][  0]LogDerivedDataCache:Display: Loaded Boot cache: C:/Users/Jimmy/AppData/Local/UnrealEngine/4.8/DerivedDataCache/Boot.ddc
[2016.02.24-01.36.29:693][  0]LogDerivedDataCache: FDerivedDataBackendGraph:  Pak pak cache file ../../../../../../Users/Jimmy/git/PoliHeath/Proyecto 4.8/DerivedDataCache/DDC.ddp not found, will not use a pak cache.
[2016.02.24-01.36.29:693][  0]LogDerivedDataCache: Unable to find inner node Pak for hierarchical cache Hierarchy.
[2016.02.24-01.36.29:694][  0]LogDerivedDataCache: FDerivedDataBackendGraph:  CompressedPak pak cache file ../../../../../../Users/Jimmy/git/PoliHeath/Proyecto 4.8/DerivedDataCache/Compressed.ddp not found, will not use a pak cache.
[2016.02.24-01.36.29:704][  0]LogDerivedDataCache: Unable to find inner node CompressedPak for hierarchical cache Hierarchy.
[2016.02.24-01.36.30:126][  0]LogDerivedDataCache:Display: Pak cache opened for reading ../../../Engine/DerivedDataCache/Compressed.ddp.
[2016.02.24-01.36.30:140][  0]LogDerivedDataCache: Using Local data cache path C:/Users/Jimmy/AppData/Local/UnrealEngine/Common/DerivedDataCache: Writable
[2016.02.24-01.36.32:546][  0]LogInit: Selected Device Profile: [Windows]
[2016.02.24-01.36.32:778][  0]ImportText (ComponentSweepMultiTests): Missing closing parenthesis: (RootShapeAsset="/Engine/BasicShapes/Cube.Cube",ShapeType="TriggerCapsule",HitResult=(Time=0.50,Location=(X=-100.000015,Y=0.0,Z=100.000015),ImpactPoint=(X=-50.0,Y=0.0,Z=50.0),Normal=(X=-1.0,Y=-0.0,Z=0.0),ImpactNormal=(X=0.0,Y=0.0,Z=1.0),TraceStart=(X=-200.0,Y=0.0,Z=200.0),TraceEnd=(X=0.0,Y=0.0,Z=0.0))
[2016.02.24-01.36.32:779][  0]ImportText (LineTraceSingleByChannelTests): Missing closing parenthesis: (RootShapeAsset="/Engine/BasicShapes/Cube.Cube",HitResult=(Time=0.50,Location=(X=-100.000015,Y=0.0,Z=100.000015),ImpactPoint=(X=-50.0,Y=0.0,Z=50.0),Normal=(X=-1.0,Y=-0.0,Z=0.0),ImpactNormal=(X=0.0,Y=0.0,Z=1.0),TraceStart=(X=-200.0,Y=0.0,Z=200.0),TraceEnd=(X=0.0,Y=0.0,Z=0.0))
[2016.02.24-01.36.32:862][  0]LogMeshUtilities: No automatic mesh reduction module available
[2016.02.24-01.36.32:862][  0]LogMeshUtilities: No automatic mesh merging module available
[2016.02.24-01.36.33:817][  0]LogInit: WinSock: version 1.1 (2.2), MaxSocks=32767, MaxUdp=65467
[2016.02.24-01.36.38:384][  0]UdpMessaging: Initializing bridge on interface 0.0.0.0:0 to multicast group 230.0.0.1:6666.
[2016.02.24-01.36.39:438][  0]SourceControl: Info Source control is disabled
[2016.02.24-01.36.40:527][  0]LogObj: 26273 objects as part of root set at end of initial load.
[2016.02.24-01.36.40:527][  0]LogUObjectAllocator: 5409248 out of 0 bytes used by permanent object pool.
[2016.02.24-01.36.40:727][  0]LogEngine: Initializing Engine...
[2016.02.24-01.36.40:736][  0]LogHMD: Can't find Oculus library dev build: is proper Runtime installed? Version: 0.6.0.0
[2016.02.24-01.36.40:741][  0]LogHMD:Warning: SteamVR failed to initialize.  Error: 110
[2016.02.24-01.36.41:233][  0]LogAIModule: Creating AISystem for world NewWorld
[2016.02.24-01.36.41:249][  0]LogInit: XAudio2 using 'Speakers (Realtek High Definition Audio)' : 2 channels at 48 kHz using 32 bits per sample (channel mask 0x3)
[2016.02.24-01.36.41:274][  0]LogInit: FAudioDevice initialized.
[2016.02.24-01.36.41:379][  0]LogDerivedDataCache: Saved boot cache 0.11s 53MB C:/Users/Jimmy/AppData/Local/UnrealEngine/4.8/DerivedDataCache/Boot.ddc.
[2016.02.24-01.36.41:401][  0]LogInit: Texture streaming: Disabled
[2016.02.24-01.36.41:470][  0]LogAnalytics: Creating configured Analytics provider AnalyticsET
[2016.02.24-01.36.41:470][  0]LogAnalytics: [UEEditor.Rocket.Release] APIServer = http://et2.epicgames.com/ET2/. AppVersion = 4.8.3-2634408+++depot+UE4-Releases+4.8
[2016.02.24-01.36.41:470][  0]LogAnalytics: [UEEditor.Rocket.Release] SetUserId d27f3b9b4f30e27e25812782be8b0d8d|8dcf4c5a87044acf9d7d9b2f0991a3f0|822a412b-4e57-4804-a033-2e42d5894c6e
[2016.02.24-01.36.41:470][  0]LogAnalytics: [UEEditor.Rocket.Release] AnalyticsET::StartSession
[2016.02.24-01.36.41:541][  0]LogInit: Transaction tracking system initialized
[2016.02.24-01.36.41:915][  0]BlueprintLog: New page: Editor Load
[2016.02.24-01.36.41:995][  0]LogAssetRegistry: FAssetRegistry took 0.0114 seconds to start up
[2016.02.24-01.36.41:997][  0]LogDirectoryWatcher:Warning: Failed to begin reading directory changes for ../../../Engine/Plugins/Experimental/CharacterAI/Content/. Error: 0
[2016.02.24-01.36.43:960][  0]LogConsoleManager:Warning: Console variable 'r.VSync' wasn't set ('GameSetting' has a lower priority than 'SystemSettingsIni')
[2016.02.24-01.36.43:961][  0]LogConsoleResponse:Display: 
[2016.02.24-01.36.44:270][  0]LogCook:Display: Done creating registry. It took  0.00s.
[2016.02.24-01.36.44:980][  0]Cmd: MAP LOAD FILE="../../../../../../Users/Jimmy/git/PoliHeath/Proyecto 4.8/Content/Niveles/Menu.umap" TEMPLATE=0 SHOWPROGRESS=1 FEATURELEVEL=3
[2016.02.24-01.36.44:981][  0]LightingResults: New page: Lighting Build
[2016.02.24-01.36.45:017][  0]MapCheck: New page: Map Check
[2016.02.24-01.36.45:017][  0]LightingResults: New page: Lighting Build
[2016.02.24-01.36.45:036][  0]LogParticles: Destroying 0 GPU particle simulations for FXSystem 0x0000008FC6924B80
[2016.02.24-01.36.45:571][  0]LogAIModule: Creating AISystem for world Menu
[2016.02.24-01.36.45:573][  0]LogEditorServer: Finished looking for orphan Actors (0.000 secs)
[2016.02.24-01.36.45:576][  0]Cmd: MAP CHECKDEP NOCLEARLOG
[2016.02.24-01.36.45:789][  0]MapCheck: Info Map check complete: 0 Error(s), 0 Warning(s), took 213.122ms to complete.
[2016.02.24-01.36.45:790][  0]LogFileHelpers: Loading map 'Menu' took 0.810
[2016.02.24-01.36.46:018][  0]LogCollectionManager: Loaded 0 collections in 0.006141 seconds
[2016.02.24-01.36.46:039][  0]LogContentBrowser: Native class hierarchy populated in 0.0207 seconds. Added 1792 classes and 301 folders.
[2016.02.24-01.36.46:164][  0]LogContentBrowser: Native class hierarchy updated for 'WidgetCarousel' in 0.0009 seconds. Added 0 classes and 0 folders.
[2016.02.24-01.36.46:277][  0]LogContentBrowser: Native class hierarchy updated for 'AddContentDialog' in 0.0009 seconds. Added 0 classes and 0 folders.
[2016.02.24-01.36.46:328][  0]LogContentBrowser: Native class hierarchy updated for 'SceneOutliner' in 0.0009 seconds. Added 1 classes and 2 folders.
[2016.02.24-01.36.46:418][  0]LogCrashTracker: Crashtracker disabled due to settings.
[2016.02.24-01.36.46:420][  0]LogD3D11RHI: InitD3DDevice
[2016.02.24-01.36.46:427][  0]LogUObjectGlobals:Warning: Failed to find object 'Class None.'
[2016.02.24-01.36.46:450][  0]LogLoad: Full Startup: 32.01 seconds (BP compile: 0.41 seconds)
[2016.02.24-01.36.46:963][  0]SourceControl: Info # On branch master
[2016.02.24-01.36.46:963][  0]SourceControl: Info # Changes to be committed:
[2016.02.24-01.36.46:963][  0]SourceControl: Info #   (use "git reset HEAD <file>..." to unstage)
[2016.02.24-01.36.46:963][  0]SourceControl: Info #
[2016.02.24-01.36.46:964][  0]SourceControl: Info #	new file:   Proyecto 4.8/Content/Sprites/HUDSprites/energia.uasset
[2016.02.24-01.36.46:964][  0]SourceControl: Info #	new file:   Proyecto 4.8/Content/Sprites/HUDSprites/energia_Sprite.uasset
[2016.02.24-01.36.46:964][  0]SourceControl: Info #	new file:   Proyecto 4.8/Content/Sprites/HUDSprites/letreroPersonaje.uasset
[2016.02.24-01.36.46:964][  0]SourceControl: Info #	new file:   Proyecto 4.8/Content/Sprites/HUDSprites/listaObjetos.uasset
[2016.02.24-01.36.46:964][  0]SourceControl: Info #	new file:   Proyecto 4.8/Content/Sprites/HUDSprites/vida_Sprite.uasset
[2016.02.24-01.36.46:964][  0]SourceControl: Info #	new file:   Proyecto 4.8/Content/Sprites/Nivel_1/Parte1.uasset
[2016.02.24-01.36.46:964][  0]SourceControl: Info #	modified:   Proyecto 4.8/Content/Sprites/listaObjetos.uasset
[2016.02.24-01.36.46:964][  0]SourceControl: Info #
[2016.02.24-01.36.46:964][  0]SourceControl: Info # Changes not staged for commit:
[2016.02.24-01.36.46:964][  0]SourceControl: Info #   (use "git add <file>..." to update what will be committed)
[2016.02.24-01.36.46:964][  0]SourceControl: Info #   (use "git checkout -- <file>..." to discard changes in working directory)
[2016.02.24-01.36.46:964][  0]SourceControl: Info #
[2016.02.24-01.36.46:964][  0]SourceControl: Info #	modified:   Proyecto 4.8/Content/Niveles/Nivel_1.umap
[2016.02.24-01.36.46:964][  0]SourceControl: Info #	modified:   Proyecto 4.8/Content/Sprites/energia.uasset
[2016.02.24-01.36.46:964][  0]SourceControl: Info #	modified:   Proyecto 4.8/Content/Sprites/letreroPersonaje.uasset
[2016.02.24-01.36.46:964][  0]SourceControl: Info #	modified:   Proyecto 4.8/Intermediate/CachedAssetRegistry.bin
[2016.02.24-01.36.46:964][  0]SourceControl: Info #	modified:   Proyecto 4.8/Saved/Autosaves/PackageRestoreData.json
[2016.02.24-01.36.46:964][  0]SourceControl: Info #	modified:   Proyecto 4.8/Saved/Config/Windows/Editor.ini
[2016.02.24-01.36.46:964][  0]SourceControl: Info #	modified:   Proyecto 4.8/Saved/Config/Windows/EditorPerProjectUserSettings.ini
[2016.02.24-01.36.46:965][  0]SourceControl: Info #	modified:   Proyecto 4.8/Saved/Config/Windows/Engine.ini
[2016.02.24-01.36.46:965][  0]SourceControl: Info #	modified:   Proyecto 4.8/Saved/Logs/Proyecto.log
[2016.02.24-01.36.46:965][  0]SourceControl: Info #
[2016.02.24-01.36.46:965][  0]SourceControl: Info # Untracked files:
[2016.02.24-01.36.46:965][  0]SourceControl: Info #   (use "git add <file>..." to include in what will be committed)
[2016.02.24-01.36.46:965][  0]SourceControl: Info #
[2016.02.24-01.36.46:965][  0]SourceControl: Info #	Proyecto 4.8/Saved/Backup/Nivel_1_2016-02-23-19-50-37.umap
[2016.02.24-01.36.46:965][  0]SourceControl: Info #	Proyecto 4.8/Saved/Backup/energia_2016-02-23-20-24-35.uasset
[2016.02.24-01.36.46:965][  0]SourceControl: Info #	Proyecto 4.8/Saved/Backup/letreroPersonaje_2016-02-23-20-35-41.uasset
[2016.02.24-01.36.46:965][  0]SourceControl: Info #	Proyecto 4.8/Saved/Backup/listaObjetos_2016-02-23-20-35-30.uasset
[2016.02.24-01.36.46:965][  0]SourceControl: Info #	Proyecto 4.8/Saved/Logs/Proyecto-backup-2016.02.23-19.48.56.log
[2016.02.24-01.36.46:965][  0]SourceControl: Info #	Proyecto 4.8/Saved/Logs/Proyecto-backup-2016.02.23-20.31.38.log
[2016.02.24-01.36.46:965][  0]SourceControl: Info #	Proyecto 4.8/Saved/Logs/Proyecto-backup-2016.02.23-20.36.20.log
[2016.02.24-01.36.46:965][  0]SourceControl: Info #	Proyecto 4.8/Saved/Logs/UE4CC-Windows-D9FF34DA412C7E5968E8A4AE0B256CCF/
[2016.02.24-01.36.46:965][  0]LogContentStreaming: Texture pool size is 0.000000MB
[2016.02.24-01.36.47:019][  0]LogContentStreaming: Texture pool size now 1000 MB
[2016.02.24-01.36.47:618][  0]LogRenderer: Reallocating scene render targets to support 1208x576 (Frame:2).
[2016.02.24-01.36.51:413][ 12]LogAssetRegistry: Asset discovery search completed in 9.4286 seconds
[2016.02.24-01.36.58:750][110]LogD3D11RHI: InitD3DDevice
[2016.02.24-01.37.13:784][349]LogD3D11RHI: InitD3DDevice
[2016.02.24-01.37.14:746][418]LogD3D11RHI: InitD3DDevice
[2016.02.24-01.37.15:685][485]LogD3D11RHI: InitD3DDevice
[2016.02.24-01.37.15:875][485]SourceControl: Info # On branch master
[2016.02.24-01.37.15:875][485]SourceControl: Info # Changes to be committed:
[2016.02.24-01.37.15:875][485]SourceControl: Info #   (use "git reset HEAD <file>..." to unstage)
[2016.02.24-01.37.15:875][485]SourceControl: Info #
[2016.02.24-01.37.15:875][485]SourceControl: Info #	new file:   Proyecto 4.8/Content/Sprites/HUDSprites/energia.uasset
[2016.02.24-01.37.15:875][485]SourceControl: Info #	new file:   Proyecto 4.8/Content/Sprites/HUDSprites/energia_Sprite.uasset
[2016.02.24-01.37.15:875][485]SourceControl: Info #	new file:   Proyecto 4.8/Content/Sprites/HUDSprites/letreroPersonaje.uasset
[2016.02.24-01.37.15:875][485]SourceControl: Info #	new file:   Proyecto 4.8/Content/Sprites/HUDSprites/listaObjetos.uasset
[2016.02.24-01.37.15:875][485]SourceControl: Info #	new file:   Proyecto 4.8/Content/Sprites/HUDSprites/vida_Sprite.uasset
[2016.02.24-01.37.15:875][485]SourceControl: Info #	new file:   Proyecto 4.8/Content/Sprites/Nivel_1/Parte1.uasset
[2016.02.24-01.37.15:875][485]SourceControl: Info #	modified:   Proyecto 4.8/Content/Sprites/listaObjetos.uasset
[2016.02.24-01.37.15:875][485]SourceControl: Info #
[2016.02.24-01.37.15:876][485]SourceControl: Info # Changes not staged for commit:
[2016.02.24-01.37.15:876][485]SourceControl: Info #   (use "git add <file>..." to update what will be committed)
[2016.02.24-01.37.15:876][485]SourceControl: Info #   (use "git checkout -- <file>..." to discard changes in working directory)
[2016.02.24-01.37.15:876][485]SourceControl: Info #
[2016.02.24-01.37.15:876][485]SourceControl: Info #	modified:   Proyecto 4.8/Content/Niveles/Nivel_1.umap
[2016.02.24-01.37.15:876][485]SourceControl: Info #	modified:   Proyecto 4.8/Content/Sprites/energia.uasset
[2016.02.24-01.37.15:876][485]SourceControl: Info #	modified:   Proyecto 4.8/Content/Sprites/letreroPersonaje.uasset
[2016.02.24-01.37.15:876][485]SourceControl: Info #	modified:   Proyecto 4.8/Intermediate/CachedAssetRegistry.bin
[2016.02.24-01.37.15:876][485]SourceControl: Info #	modified:   Proyecto 4.8/Saved/Autosaves/PackageRestoreData.json
[2016.02.24-01.37.15:876][485]SourceControl: Info #	modified:   Proyecto 4.8/Saved/Config/Windows/Editor.ini
[2016.02.24-01.37.15:876][485]SourceControl: Info #	modified:   Proyecto 4.8/Saved/Config/Windows/EditorPerProjectUserSettings.ini
[2016.02.24-01.37.15:876][485]SourceControl: Info #	modified:   Proyecto 4.8/Saved/Config/Windows/Engine.ini
[2016.02.24-01.37.15:876][485]SourceControl: Info #	modified:   Proyecto 4.8/Saved/Logs/Proyecto.log
[2016.02.24-01.37.15:876][485]SourceControl: Info #
[2016.02.24-01.37.15:876][485]SourceControl: Info # Untracked files:
[2016.02.24-01.37.15:876][485]SourceControl: Info #   (use "git add <file>..." to include in what will be committed)
[2016.02.24-01.37.15:876][485]SourceControl: Info #
[2016.02.24-01.37.15:876][485]SourceControl: Info #	Proyecto 4.8/Saved/Backup/Nivel_1_2016-02-23-19-50-37.umap
[2016.02.24-01.37.15:876][485]SourceControl: Info #	Proyecto 4.8/Saved/Backup/energia_2016-02-23-20-24-35.uasset
[2016.02.24-01.37.15:876][485]SourceControl: Info #	Proyecto 4.8/Saved/Backup/letreroPersonaje_2016-02-23-20-35-41.uasset
[2016.02.24-01.37.15:877][485]SourceControl: Info #	Proyecto 4.8/Saved/Backup/listaObjetos_2016-02-23-20-35-30.uasset
[2016.02.24-01.37.15:877][485]SourceControl: Info #	Proyecto 4.8/Saved/Logs/Proyecto-backup-2016.02.23-19.48.56.log
[2016.02.24-01.37.15:877][485]SourceControl: Info #	Proyecto 4.8/Saved/Logs/Proyecto-backup-2016.02.23-20.31.38.log
[2016.02.24-01.37.15:877][485]SourceControl: Info #	Proyecto 4.8/Saved/Logs/Proyecto-backup-2016.02.23-20.36.20.log
[2016.02.24-01.37.15:877][485]SourceControl: Info #	Proyecto 4.8/Saved/Logs/UE4CC-Windows-D9FF34DA412C7E5968E8A4AE0B256CCF/
[2016.02.24-01.37.15:885][485]LogD3D11RHI: InitD3DDevice
[2016.02.24-01.37.15:952][485]LogD3D11RHI: InitD3DDevice
[2016.02.24-01.37.15:981][485]LogD3D11RHI: InitD3DDevice
[2016.02.24-01.37.16:044][485]LogD3D11RHI: InitD3DDevice
[2016.02.24-01.37.16:111][485]LogD3D11RHI: InitD3DDevice
[2016.02.24-01.37.16:177][485]LogD3D11RHI: InitD3DDevice
[2016.02.24-01.37.16:212][485]LogLinker:Warning: Can't find file '/Game/Sprites/HUDSprites/vida'
[2016.02.24-01.37.16:227][485]LogLinker:Warning: Can't find file for asset '/Game/Sprites/HUDSprites/vida' while loading ../../../../../../Users/Jimmy/git/PoliHeath/Proyecto 4.8/Content/Sprites/HUDSprites/vida_Sprite.uasset.
[2016.02.24-01.37.16:227][485]LoadErrors:Error: Error /Game/Sprites/HUDSprites/vida_Sprite : Can't find file for asset. /Game/Sprites/HUDSprites/vida
[2016.02.24-01.37.16:228][485]LogLinker:Warning: Can't find file '/Game/Sprites/HUDSprites/vida'
[2016.02.24-01.37.16:228][485]LogLinker:Warning: Can't find file for asset '/Game/Sprites/HUDSprites/vida' while loading ../../../../../../Users/Jimmy/git/PoliHeath/Proyecto 4.8/Content/Sprites/HUDSprites/vida_Sprite.uasset.
[2016.02.24-01.37.16:236][485]LogLinker:Warning: Can't find file '/Game/Sprites/HUDSprites/vida'
[2016.02.24-01.37.16:237][485]LoadErrors: Info Failed to load /Game/Sprites/HUDSprites/vida.vida Referenced by vida_Sprite
[2016.02.24-01.37.16:237][485]LogLinker:Warning: Can't find file for asset '/Game/Sprites/HUDSprites/vida' while loading NULL.
[2016.02.24-01.37.16:278][485]LogD3D11RHI: InitD3DDevice
[2016.02.24-01.37.16:356][485]Cmd: OBJ SAVEPACKAGE PACKAGE="/Game/Sprites/HUDSprites/vida" FILE="../../../../../../Users/Jimmy/git/PoliHeath/Proyecto 4.8/Content/Sprites/HUDSprites/vida.uasset" SILENT=true
[2016.02.24-01.37.16:382][485]LogSavePackage: Save=21.436171ms
[2016.02.24-01.37.16:382][485]LogSavePackage: Moving '../../../../../../Users/Jimmy/git/PoliHeath/Proyecto 4.8/Saved/vidaEEA99FE34F80924EB850BFB1D4A3D683.tmp' to '../../../../../../Users/Jimmy/git/PoliHeath/Proyecto 4.8/Content/Sprites/HUDSprites/vida.uasset'
[2016.02.24-01.37.16:391][485]LogD3D11RHI: InitD3DDevice
[2016.02.24-01.37.16:555][485]Cmd: OBJ SAVEPACKAGE PACKAGE="/Game/Sprites/vida" FILE="../../../../../../Users/Jimmy/git/PoliHeath/Proyecto 4.8/Content/Sprites/vida.uasset" SILENT=true
[2016.02.24-01.37.16:638][485]LogSavePackage: Save=24.291779ms
[2016.02.24-01.37.16:638][485]LogSavePackage: Moving '../../../../../../Users/Jimmy/git/PoliHeath/Proyecto 4.8/Saved/vida1DDBC9384993DE61843FB9AF41CC7BF5.tmp' to '../../../../../../Users/Jimmy/git/PoliHeath/Proyecto 4.8/Content/Sprites/vida.uasset'
[2016.02.24-01.37.16:672][485]LogD3D11RHI: InitD3DDevice
[2016.02.24-01.37.16:743][485]LogD3D11RHI: InitD3DDevice
[2016.02.24-01.37.16:788][485]LogD3D11RHI: InitD3DDevice
[2016.02.24-01.37.16:859][485]LogD3D11RHI: InitD3DDevice
[2016.02.24-01.37.16:979][485]LogD3D11RHI: InitD3DDevice
[2016.02.24-01.37.28:950][347]LogD3D11RHI: InitD3DDevice
[2016.02.24-01.37.31:194][347]LogD3D11RHI: InitD3DDevice
[2016.02.24-01.37.31:279][347]LogD3D11RHI: InitD3DDevice
[2016.02.24-01.37.31:311][347]LogD3D11RHI: InitD3DDevice
[2016.02.24-01.37.31:380][347]LogD3D11RHI: InitD3DDevice
[2016.02.24-01.37.31:529][347]LogD3D11RHI: InitD3DDevice
[2016.02.24-01.37.31:783][347]LogD3D11RHI: InitD3DDevice
[2016.02.24-01.37.31:893][347]SourceControl: Info rm 'Proyecto 4.8/Content/Sprites/vida_Sprite.uasset'
[2016.02.24-01.37.36:324][646]LogD3D11RHI: InitD3DDevice
[2016.02.24-01.37.37:002][696]LogD3D11RHI: InitD3DDevice
[2016.02.24-01.37.37:834][758]LogD3D11RHI: InitD3DDevice
[2016.02.24-01.37.38:042][758]SourceControl: Info # On branch master
[2016.02.24-01.37.38:042][758]SourceControl: Info # Changes to be committed:
[2016.02.24-01.37.38:042][758]SourceControl: Info #   (use "git reset HEAD <file>..." to unstage)
[2016.02.24-01.37.38:042][758]SourceControl: Info #
[2016.02.24-01.37.38:042][758]SourceControl: Info #	new file:   Proyecto 4.8/Content/Sprites/HUDSprites/energia.uasset
[2016.02.24-01.37.38:042][758]SourceControl: Info #	new file:   Proyecto 4.8/Content/Sprites/HUDSprites/energia_Sprite.uasset
[2016.02.24-01.37.38:042][758]SourceControl: Info #	new file:   Proyecto 4.8/Content/Sprites/HUDSprites/letreroPersonaje.uasset
[2016.02.24-01.37.38:042][758]SourceControl: Info #	new file:   Proyecto 4.8/Content/Sprites/HUDSprites/listaObjetos.uasset
[2016.02.24-01.37.38:042][758]SourceControl: Info #	renamed:    Proyecto 4.8/Content/Sprites/vida.uasset -> Proyecto 4.8/Content/Sprites/HUDSprites/vida.uasset
[2016.02.24-01.37.38:042][758]SourceControl: Info #	renamed:    Proyecto 4.8/Content/Sprites/vida_Sprite.uasset -> Proyecto 4.8/Content/Sprites/HUDSprites/vida_Sprite.uasset
[2016.02.24-01.37.38:042][758]SourceControl: Info #	new file:   Proyecto 4.8/Content/Sprites/Nivel_1/Parte1.uasset
[2016.02.24-01.37.38:042][758]SourceControl: Info #	modified:   Proyecto 4.8/Content/Sprites/listaObjetos.uasset
[2016.02.24-01.37.38:043][758]SourceControl: Info #	modified:   Proyecto 4.8/Content/Sprites/vida.uasset
[2016.02.24-01.37.38:043][758]SourceControl: Info #
[2016.02.24-01.37.38:043][758]SourceControl: Info # Changes not staged for commit:
[2016.02.24-01.37.38:043][758]SourceControl: Info #   (use "git add <file>..." to update what will be committed)
[2016.02.24-01.37.38:043][758]SourceControl: Info #   (use "git checkout -- <file>..." to discard changes in working directory)
[2016.02.24-01.37.38:043][758]SourceControl: Info #
[2016.02.24-01.37.38:043][758]SourceControl: Info #	modified:   Proyecto 4.8/Content/Niveles/Nivel_1.umap
[2016.02.24-01.37.38:043][758]SourceControl: Info #	modified:   Proyecto 4.8/Content/Sprites/energia.uasset
[2016.02.24-01.37.38:043][758]SourceControl: Info #	modified:   Proyecto 4.8/Content/Sprites/letreroPersonaje.uasset
[2016.02.24-01.37.38:043][758]SourceControl: Info #	modified:   Proyecto 4.8/Intermediate/CachedAssetRegistry.bin
[2016.02.24-01.37.38:043][758]SourceControl: Info #	modified:   Proyecto 4.8/Saved/Autosaves/PackageRestoreData.json
[2016.02.24-01.37.38:043][758]SourceControl: Info #	modified:   Proyecto 4.8/Saved/Config/Windows/Editor.ini
[2016.02.24-01.37.38:043][758]SourceControl: Info #	modified:   Proyecto 4.8/Saved/Config/Windows/EditorPerProjectUserSettings.ini
[2016.02.24-01.37.38:043][758]SourceControl: Info #	modified:   Proyecto 4.8/Saved/Config/Windows/Engine.ini
[2016.02.24-01.37.38:043][758]SourceControl: Info #	modified:   Proyecto 4.8/Saved/Logs/Proyecto.log
[2016.02.24-01.37.38:043][758]SourceControl: Info #
[2016.02.24-01.37.38:043][758]SourceControl: Info # Untracked files:
[2016.02.24-01.37.38:043][758]SourceControl: Info #   (use "git add <file>..." to include in what will be committed)
[2016.02.24-01.37.38:043][758]SourceControl: Info #
[2016.02.24-01.37.38:043][758]SourceControl: Info #	Proyecto 4.8/Saved/Backup/Nivel_1_2016-02-23-19-50-37.umap
[2016.02.24-01.37.38:043][758]SourceControl: Info #	Proyecto 4.8/Saved/Backup/energia_2016-02-23-20-24-35.uasset
[2016.02.24-01.37.38:043][758]SourceControl: Info #	Proyecto 4.8/Saved/Backup/letreroPersonaje_2016-02-23-20-35-41.uasset
[2016.02.24-01.37.38:043][758]SourceControl: Info #	Proyecto 4.8/Saved/Backup/listaObjetos_2016-02-23-20-35-30.uasset
[2016.02.24-01.37.38:044][758]SourceControl: Info #	Proyecto 4.8/Saved/Backup/vida_2016-02-23-20-37-16.uasset
[2016.02.24-01.37.38:044][758]SourceControl: Info #	Proyecto 4.8/Saved/Logs/Proyecto-backup-2016.02.23-19.48.56.log
[2016.02.24-01.37.38:044][758]SourceControl: Info #	Proyecto 4.8/Saved/Logs/Proyecto-backup-2016.02.23-20.31.38.log
[2016.02.24-01.37.38:044][758]SourceControl: Info #	Proyecto 4.8/Saved/Logs/Proyecto-backup-2016.02.23-20.36.20.log
[2016.02.24-01.37.38:044][758]SourceControl: Info #	Proyecto 4.8/Saved/Logs/UE4CC-Windows-D9FF34DA412C7E5968E8A4AE0B256CCF/
[2016.02.24-01.37.38:052][758]LogD3D11RHI: InitD3DDevice
[2016.02.24-01.37.38:116][758]LogD3D11RHI: InitD3DDevice
[2016.02.24-01.37.38:130][758]LogD3D11RHI: InitD3DDevice
[2016.02.24-01.37.38:197][758]LogD3D11RHI: InitD3DDevice
[2016.02.24-01.37.38:262][758]LogD3D11RHI: InitD3DDevice
[2016.02.24-01.37.38:298][758]LogD3D11RHI: InitD3DDevice
[2016.02.24-01.37.38:329][758]Cmd: OBJ SAVEPACKAGE PACKAGE="/Game/Sprites/HUDSprites/objetoUsb" FILE="../../../../../../Users/Jimmy/git/PoliHeath/Proyecto 4.8/Content/Sprites/HUDSprites/objetoUsb.uasset" SILENT=true
[2016.02.24-01.37.38:340][758]LogSavePackage: Save=6.114269ms
[2016.02.24-01.37.38:340][758]LogSavePackage: Moving '../../../../../../Users/Jimmy/git/PoliHeath/Proyecto 4.8/Saved/objetoUsbBD4E3BA842E9273CA73C7F87AF7EC741.tmp' to '../../../../../../Users/Jimmy/git/PoliHeath/Proyecto 4.8/Content/Sprites/HUDSprites/objetoUsb.uasset'
[2016.02.24-01.37.38:350][758]LogD3D11RHI: InitD3DDevice
[2016.02.24-01.37.38:506][758]Cmd: OBJ SAVEPACKAGE PACKAGE="/Game/Sprites/objetoUsb" FILE="../../../../../../Users/Jimmy/git/PoliHeath/Proyecto 4.8/Content/Sprites/objetoUsb.uasset" SILENT=true
[2016.02.24-01.37.38:587][758]LogSavePackage: Save=4.531543ms
[2016.02.24-01.37.38:587][758]LogSavePackage: Moving '../../../../../../Users/Jimmy/git/PoliHeath/Proyecto 4.8/Saved/objetoUsb5398940345761B391E27CAADF27AD04B.tmp' to '../../../../../../Users/Jimmy/git/PoliHeath/Proyecto 4.8/Content/Sprites/objetoUsb.uasset'
[2016.02.24-01.37.38:601][758]LogD3D11RHI: InitD3DDevice
[2016.02.24-01.37.38:671][758]LogD3D11RHI: InitD3DDevice
[2016.02.24-01.37.40:101][846]LogD3D11RHI: InitD3DDevice
[2016.02.24-01.37.40:201][846]LogContentBrowser: Native class hierarchy updated for 'TextureEditor' in 0.0009 seconds. Added 1 classes and 2 folders.
[2016.02.24-01.37.40:281][846]LogD3D11RHI: InitD3DDevice
[2016.02.24-01.37.42:291][934]LogD3D11RHI: InitD3DDevice
[2016.02.24-01.37.42:844][965]LogD3D11RHI: InitD3DDevice
[2016.02.24-01.37.43:739][ 16]LogD3D11RHI: InitD3DDevice
[2016.02.24-01.37.43:948][ 16]SourceControl: Info # On branch master
[2016.02.24-01.37.43:948][ 16]SourceControl: Info # Changes to be committed:
[2016.02.24-01.37.43:948][ 16]SourceControl: Info #   (use "git reset HEAD <file>..." to unstage)
[2016.02.24-01.37.43:948][ 16]SourceControl: Info #
[2016.02.24-01.37.43:948][ 16]SourceControl: Info #	new file:   Proyecto 4.8/Content/Sprites/HUDSprites/energia.uasset
[2016.02.24-01.37.43:948][ 16]SourceControl: Info #	new file:   Proyecto 4.8/Content/Sprites/HUDSprites/energia_Sprite.uasset
[2016.02.24-01.37.43:948][ 16]SourceControl: Info #	new file:   Proyecto 4.8/Content/Sprites/HUDSprites/letreroPersonaje.uasset
[2016.02.24-01.37.43:948][ 16]SourceControl: Info #	new file:   Proyecto 4.8/Content/Sprites/HUDSprites/listaObjetos.uasset
[2016.02.24-01.37.43:948][ 16]SourceControl: Info #	new file:   Proyecto 4.8/Content/Sprites/HUDSprites/objetoUsb.uasset
[2016.02.24-01.37.43:948][ 16]SourceControl: Info #	renamed:    Proyecto 4.8/Content/Sprites/vida.uasset -> Proyecto 4.8/Content/Sprites/HUDSprites/vida.uasset
[2016.02.24-01.37.43:948][ 16]SourceControl: Info #	renamed:    Proyecto 4.8/Content/Sprites/vida_Sprite.uasset -> Proyecto 4.8/Content/Sprites/HUDSprites/vida_Sprite.uasset
[2016.02.24-01.37.43:949][ 16]SourceControl: Info #	new file:   Proyecto 4.8/Content/Sprites/Nivel_1/Parte1.uasset
[2016.02.24-01.37.43:949][ 16]SourceControl: Info #	modified:   Proyecto 4.8/Content/Sprites/listaObjetos.uasset
[2016.02.24-01.37.43:949][ 16]SourceControl: Info #	modified:   Proyecto 4.8/Content/Sprites/objetoUsb.uasset
[2016.02.24-01.37.43:949][ 16]SourceControl: Info #	modified:   Proyecto 4.8/Content/Sprites/vida.uasset
[2016.02.24-01.37.43:949][ 16]SourceControl: Info #
[2016.02.24-01.37.43:949][ 16]SourceControl: Info # Changes not staged for commit:
[2016.02.24-01.37.43:949][ 16]SourceControl: Info #   (use "git add <file>..." to update what will be committed)
[2016.02.24-01.37.43:949][ 16]SourceControl: Info #   (use "git checkout -- <file>..." to discard changes in working directory)
[2016.02.24-01.37.43:949][ 16]SourceControl: Info #
[2016.02.24-01.37.43:949][ 16]SourceControl: Info #	modified:   Proyecto 4.8/Content/Niveles/Nivel_1.umap
[2016.02.24-01.37.43:949][ 16]SourceControl: Info #	modified:   Proyecto 4.8/Content/Sprites/energia.uasset
[2016.02.24-01.37.43:949][ 16]SourceControl: Info #	modified:   Proyecto 4.8/Content/Sprites/letreroPersonaje.uasset
[2016.02.24-01.37.43:949][ 16]SourceControl: Info #	modified:   Proyecto 4.8/Intermediate/CachedAssetRegistry.bin
[2016.02.24-01.37.43:949][ 16]SourceControl: Info #	modified:   Proyecto 4.8/Saved/Autosaves/PackageRestoreData.json
[2016.02.24-01.37.43:949][ 16]SourceControl: Info #	modified:   Proyecto 4.8/Saved/Config/Windows/Editor.ini
[2016.02.24-01.37.43:949][ 16]SourceControl: Info #	modified:   Proyecto 4.8/Saved/Config/Windows/EditorPerProjectUserSettings.ini
[2016.02.24-01.37.43:949][ 16]SourceControl: Info #	modified:   Proyecto 4.8/Saved/Config/Windows/Engine.ini
[2016.02.24-01.37.43:949][ 16]SourceControl: Info #	modified:   Proyecto 4.8/Saved/Logs/Proyecto.log
[2016.02.24-01.37.43:949][ 16]SourceControl: Info #
[2016.02.24-01.37.43:949][ 16]SourceControl: Info # Untracked files:
[2016.02.24-01.37.43:949][ 16]SourceControl: Info #   (use "git add <file>..." to include in what will be committed)
[2016.02.24-01.37.43:949][ 16]SourceControl: Info #
[2016.02.24-01.37.43:949][ 16]SourceControl: Info #	Proyecto 4.8/Saved/Backup/Nivel_1_2016-02-23-19-50-37.umap
[2016.02.24-01.37.43:949][ 16]SourceControl: Info #	Proyecto 4.8/Saved/Backup/energia_2016-02-23-20-24-35.uasset
[2016.02.24-01.37.43:950][ 16]SourceControl: Info #	Proyecto 4.8/Saved/Backup/letreroPersonaje_2016-02-23-20-35-41.uasset
[2016.02.24-01.37.43:950][ 16]SourceControl: Info #	Proyecto 4.8/Saved/Backup/listaObjetos_2016-02-23-20-35-30.uasset
[2016.02.24-01.37.43:950][ 16]SourceControl: Info #	Proyecto 4.8/Saved/Backup/objetoUsb_2016-02-23-20-37-38.uasset
[2016.02.24-01.37.43:950][ 16]SourceControl: Info #	Proyecto 4.8/Saved/Backup/vida_2016-02-23-20-37-16.uasset
[2016.02.24-01.37.43:950][ 16]SourceControl: Info #	Proyecto 4.8/Saved/Logs/Proyecto-backup-2016.02.23-19.48.56.log
[2016.02.24-01.37.43:950][ 16]SourceControl: Info #	Proyecto 4.8/Saved/Logs/Proyecto-backup-2016.02.23-20.31.38.log
[2016.02.24-01.37.43:950][ 16]SourceControl: Info #	Proyecto 4.8/Saved/Logs/Proyecto-backup-2016.02.23-20.36.20.log
[2016.02.24-01.37.43:950][ 16]SourceControl: Info #	Proyecto 4.8/Saved/Logs/UE4CC-Windows-D9FF34DA412C7E5968E8A4AE0B256CCF/
[2016.02.24-01.37.43:958][ 16]LogD3D11RHI: InitD3DDevice
[2016.02.24-01.37.44:028][ 16]LogD3D11RHI: InitD3DDevice
[2016.02.24-01.37.44:047][ 16]LogD3D11RHI: InitD3DDevice
[2016.02.24-01.37.44:111][ 16]LogD3D11RHI: InitD3DDevice
[2016.02.24-01.37.44:168][ 16]LogD3D11RHI: InitD3DDevice
[2016.02.24-01.37.44:229][ 16]LogD3D11RHI: InitD3DDevice
[2016.02.24-01.37.44:283][ 16]LogD3D11RHI: InitD3DDevice
[2016.02.24-01.37.44:316][ 16]Cmd: OBJ SAVEPACKAGE PACKAGE="/Game/Sprites/HUDSprites/objetoMaleta" FILE="../../../../../../Users/Jimmy/git/PoliHeath/Proyecto 4.8/Content/Sprites/HUDSprites/objetoMaleta.uasset" SILENT=true
[2016.02.24-01.37.44:331][ 16]LogSavePackage: Save=10.327228ms
[2016.02.24-01.37.44:331][ 16]LogSavePackage: Moving '../../../../../../Users/Jimmy/git/PoliHeath/Proyecto 4.8/Saved/objetoMaleta3A1043424578D6CBC9838582A1574644.tmp' to '../../../../../../Users/Jimmy/git/PoliHeath/Proyecto 4.8/Content/Sprites/HUDSprites/objetoMaleta.uasset'
[2016.02.24-01.37.44:341][ 16]LogD3D11RHI: InitD3DDevice
[2016.02.24-01.37.44:465][ 16]Cmd: OBJ SAVEPACKAGE PACKAGE="/Game/Sprites/objetoMaleta" FILE="../../../../../../Users/Jimmy/git/PoliHeath/Proyecto 4.8/Content/Sprites/objetoMaleta.uasset" SILENT=true
[2016.02.24-01.37.44:565][ 16]LogSavePackage: Save=36.779552ms
[2016.02.24-01.37.44:565][ 16]LogSavePackage: Moving '../../../../../../Users/Jimmy/git/PoliHeath/Proyecto 4.8/Saved/objetoMaletaF48DD20349184D10EEB46EA4E023F729.tmp' to '../../../../../../Users/Jimmy/git/PoliHeath/Proyecto 4.8/Content/Sprites/objetoMaleta.uasset'
[2016.02.24-01.37.44:646][ 16]LogSavePackage: Save=16.662140ms
[2016.02.24-01.37.44:646][ 16]LogSavePackage: Moving '../../../../../../Users/Jimmy/git/PoliHeath/Proyecto 4.8/Saved/objetoMaleta_Sprite6DFEB97D4BCFB1529ECC2BA42A7CC49F.tmp' to '../../../../../../Users/Jimmy/git/PoliHeath/Proyecto 4.8/Content/Sprites/HUDSprites/objetoMaleta_Sprite.uasset'
[2016.02.24-01.37.44:657][ 16]LogD3D11RHI: InitD3DDevice
[2016.02.24-01.37.44:881][ 16]Cmd: OBJ SAVEPACKAGE PACKAGE="/Game/Sprites/objetoMaleta_Sprite" FILE="../../../../../../Users/Jimmy/git/PoliHeath/Proyecto 4.8/Content/Sprites/objetoMaleta_Sprite.uasset" SILENT=true
[2016.02.24-01.37.44:945][ 16]LogSavePackage: Save=4.164170ms
[2016.02.24-01.37.44:945][ 16]LogSavePackage: Moving '../../../../../../Users/Jimmy/git/PoliHeath/Proyecto 4.8/Saved/objetoMaleta_Sprite7F6A73A14DA6F9745D881D89D034F227.tmp' to '../../../../../../Users/Jimmy/git/PoliHeath/Proyecto 4.8/Content/Sprites/objetoMaleta_Sprite.uasset'
[2016.02.24-01.37.44:962][ 16]LogD3D11RHI: InitD3DDevice
[2016.02.24-01.37.45:030][ 16]LogD3D11RHI: InitD3DDevice
[2016.02.24-01.37.45:108][ 16]LogD3D11RHI: InitD3DDevice
[2016.02.24-01.37.45:166][ 16]LogD3D11RHI: InitD3DDevice
[2016.02.24-01.37.46:686][ 96]LogD3D11RHI: InitD3DDevice
[2016.02.24-01.37.46:750][ 96]LogD3D11RHI: InitD3DDevice
[2016.02.24-01.37.46:784][ 96]Cmd: OBJ SAVEPACKAGE PACKAGE="/Game/Niveles/Menu" FILE="../../../../../../Users/Jimmy/git/PoliHeath/Proyecto 4.8/Content/Niveles/Menu.umap" SILENT=true AUTOSAVING=false KEEPDIRTY=false
[2016.02.24-01.37.47:166][ 96]LogSavePackage: Save=276.527161ms
[2016.02.24-01.37.47:166][ 96]LogSavePackage: Moving '../../../../../../Users/Jimmy/git/PoliHeath/Proyecto 4.8/Saved/Menu449B3FAE4C7B97CAF1A2DD9CA5B88442.tmp' to '../../../../../../Users/Jimmy/git/PoliHeath/Proyecto 4.8/Content/Niveles/Menu.umap'
[2016.02.24-01.37.48:839][169]LogD3D11RHI: InitD3DDevice
[2016.02.24-01.37.49:786][222]LogD3D11RHI: InitD3DDevice
[2016.02.24-01.37.50:988][291]LogD3D11RHI: InitD3DDevice
[2016.02.24-01.37.51:220][291]SourceControl: Info # On branch master
[2016.02.24-01.37.51:220][291]SourceControl: Info # Changes to be committed:
[2016.02.24-01.37.51:220][291]SourceControl: Info #   (use "git reset HEAD <file>..." to unstage)
[2016.02.24-01.37.51:220][291]SourceControl: Info #
[2016.02.24-01.37.51:220][291]SourceControl: Info #	new file:   Proyecto 4.8/Content/Sprites/HUDSprites/energia.uasset
[2016.02.24-01.37.51:220][291]SourceControl: Info #	new file:   Proyecto 4.8/Content/Sprites/HUDSprites/energia_Sprite.uasset
[2016.02.24-01.37.51:220][291]SourceControl: Info #	new file:   Proyecto 4.8/Content/Sprites/HUDSprites/letreroPersonaje.uasset
[2016.02.24-01.37.51:220][291]SourceControl: Info #	new file:   Proyecto 4.8/Content/Sprites/HUDSprites/listaObjetos.uasset
[2016.02.24-01.37.51:221][291]SourceControl: Info #	renamed:    Proyecto 4.8/Content/Sprites/objetoMaleta.uasset -> Proyecto 4.8/Content/Sprites/HUDSprites/objetoMaleta.uasset
[2016.02.24-01.37.51:221][291]SourceControl: Info #	renamed:    Proyecto 4.8/Content/Sprites/objetoMaleta_Sprite.uasset -> Proyecto 4.8/Content/Sprites/HUDSprites/objetoMaleta_Sprite.uasset
[2016.02.24-01.37.51:221][291]SourceControl: Info #	new file:   Proyecto 4.8/Content/Sprites/HUDSprites/objetoUsb.uasset
[2016.02.24-01.37.51:221][291]SourceControl: Info #	renamed:    Proyecto 4.8/Content/Sprites/vida.uasset -> Proyecto 4.8/Content/Sprites/HUDSprites/vida.uasset
[2016.02.24-01.37.51:221][291]SourceControl: Info #	renamed:    Proyecto 4.8/Content/Sprites/vida_Sprite.uasset -> Proyecto 4.8/Content/Sprites/HUDSprites/vida_Sprite.uasset
[2016.02.24-01.37.51:221][291]SourceControl: Info #	new file:   Proyecto 4.8/Content/Sprites/Nivel_1/Parte1.uasset
[2016.02.24-01.37.51:221][291]SourceControl: Info #	modified:   Proyecto 4.8/Content/Sprites/listaObjetos.uasset
[2016.02.24-01.37.51:221][291]SourceControl: Info #	modified:   Proyecto 4.8/Content/Sprites/objetoMaleta.uasset
[2016.02.24-01.37.51:221][291]SourceControl: Info #	modified:   Proyecto 4.8/Content/Sprites/objetoMaleta_Sprite.uasset
[2016.02.24-01.37.51:221][291]SourceControl: Info #	modified:   Proyecto 4.8/Content/Sprites/objetoUsb.uasset
[2016.02.24-01.37.51:221][291]SourceControl: Info #	modified:   Proyecto 4.8/Content/Sprites/vida.uasset
[2016.02.24-01.37.51:221][291]SourceControl: Info #
[2016.02.24-01.37.51:221][291]SourceControl: Info # Changes not staged for commit:
[2016.02.24-01.37.51:221][291]SourceControl: Info #   (use "git add <file>..." to update what will be committed)
[2016.02.24-01.37.51:221][291]SourceControl: Info #   (use "git checkout -- <file>..." to discard changes in working directory)
[2016.02.24-01.37.51:221][291]SourceControl: Info #
[2016.02.24-01.37.51:221][291]SourceControl: Info #	modified:   Proyecto 4.8/Content/Niveles/Menu.umap
[2016.02.24-01.37.51:221][291]SourceControl: Info #	modified:   Proyecto 4.8/Content/Niveles/Nivel_1.umap
[2016.02.24-01.37.51:221][291]SourceControl: Info #	modified:   Proyecto 4.8/Content/Sprites/energia.uasset
[2016.02.24-01.37.51:221][291]SourceControl: Info #	modified:   Proyecto 4.8/Content/Sprites/letreroPersonaje.uasset
[2016.02.24-01.37.51:221][291]SourceControl: Info #	modified:   Proyecto 4.8/Intermediate/CachedAssetRegistry.bin
[2016.02.24-01.37.51:221][291]SourceControl: Info #	modified:   Proyecto 4.8/Saved/Autosaves/PackageRestoreData.json
[2016.02.24-01.37.51:222][291]SourceControl: Info #	modified:   Proyecto 4.8/Saved/Config/Windows/Editor.ini
[2016.02.24-01.37.51:222][291]SourceControl: Info #	modified:   Proyecto 4.8/Saved/Config/Windows/EditorPerProjectUserSettings.ini
[2016.02.24-01.37.51:222][291]SourceControl: Info #	modified:   Proyecto 4.8/Saved/Config/Windows/Engine.ini
[2016.02.24-01.37.51:222][291]SourceControl: Info #	modified:   Proyecto 4.8/Saved/Logs/Proyecto.log
[2016.02.24-01.37.51:222][291]SourceControl: Info #
[2016.02.24-01.37.51:222][291]SourceControl: Info # Untracked files:
[2016.02.24-01.37.51:222][291]SourceControl: Info #   (use "git add <file>..." to include in what will be committed)
[2016.02.24-01.37.51:222][291]SourceControl: Info #
[2016.02.24-01.37.51:222][291]SourceControl: Info #	Proyecto 4.8/Saved/Backup/Menu_2016-02-23-20-37-46.umap
[2016.02.24-01.37.51:222][291]SourceControl: Info #	Proyecto 4.8/Saved/Backup/Nivel_1_2016-02-23-19-50-37.umap
[2016.02.24-01.37.51:222][291]SourceControl: Info #	Proyecto 4.8/Saved/Backup/energia_2016-02-23-20-24-35.uasset
[2016.02.24-01.37.51:222][291]SourceControl: Info #	Proyecto 4.8/Saved/Backup/letreroPersonaje_2016-02-23-20-35-41.uasset
[2016.02.24-01.37.51:222][291]SourceControl: Info #	Proyecto 4.8/Saved/Backup/listaObjetos_2016-02-23-20-35-30.uasset
[2016.02.24-01.37.51:222][291]SourceControl: Info #	Proyecto 4.8/Saved/Backup/objetoMaleta_2016-02-23-20-37-44.uasset
[2016.02.24-01.37.51:222][291]SourceControl: Info #	Proyecto 4.8/Saved/Backup/objetoMaleta_Sprite_2016-02-23-20-37-44.uasset
[2016.02.24-01.37.51:222][291]SourceControl: Info #	Proyecto 4.8/Saved/Backup/objetoUsb_2016-02-23-20-37-38.uasset
[2016.02.24-01.37.51:223][291]SourceControl: Info #	Proyecto 4.8/Saved/Backup/vida_2016-02-23-20-37-16.uasset
[2016.02.24-01.37.51:223][291]SourceControl: Info #	Proyecto 4.8/Saved/Logs/Proyecto-backup-2016.02.23-19.48.56.log
[2016.02.24-01.37.51:223][291]SourceControl: Info #	Proyecto 4.8/Saved/Logs/Proyecto-backup-2016.02.23-20.31.38.log
[2016.02.24-01.37.51:223][291]SourceControl: Info #	Proyecto 4.8/Saved/Logs/Proyecto-backup-2016.02.23-20.36.20.log
[2016.02.24-01.37.51:223][291]SourceControl: Info #	Proyecto 4.8/Saved/Logs/UE4CC-Windows-D9FF34DA412C7E5968E8A4AE0B256CCF/
[2016.02.24-01.37.51:230][291]LogD3D11RHI: InitD3DDevice
[2016.02.24-01.37.51:296][291]LogD3D11RHI: InitD3DDevice
[2016.02.24-01.37.51:313][291]LogD3D11RHI: InitD3DDevice
[2016.02.24-01.37.51:369][291]LogD3D11RHI: InitD3DDevice
[2016.02.24-01.37.51:430][291]LogD3D11RHI: InitD3DDevice
[2016.02.24-01.37.51:451][291]LogD3D11RHI: InitD3DDevice
[2016.02.24-01.37.51:512][291]LogD3D11RHI: InitD3DDevice
[2016.02.24-01.37.51:571][291]LogD3D11RHI: InitD3DDevice
[2016.02.24-01.37.54:987][463]LogD3D11RHI: InitD3DDevice
[2016.02.24-01.37.56:856][463]LogD3D11RHI: InitD3DDevice
[2016.02.24-01.37.56:897][463]LogD3D11RHI: InitD3DDevice
[2016.02.24-01.37.56:913][463]LogD3D11RHI: InitD3DDevice
[2016.02.24-01.37.56:983][463]LogD3D11RHI: InitD3DDevice
[2016.02.24-01.37.57:138][463]LogD3D11RHI: InitD3DDevice
[2016.02.24-01.37.57:345][463]LogD3D11RHI: InitD3DDevice
[2016.02.24-01.37.57:440][463]SourceControl: Info rm 'Proyecto 4.8/Content/Sprites/energia_Sprite.uasset'
[2016.02.24-01.38.10:189][115]LogD3D11RHI: InitD3DDevice
[2016.02.24-01.38.12:059][115]LogD3D11RHI: InitD3DDevice
[2016.02.24-01.38.12:982][115]LogD3D11RHI: InitD3DDevice
[2016.02.24-01.38.13:214][115]LogD3D11RHI: InitD3DDevice
[2016.02.24-01.38.13:445][115]LogD3D11RHI: InitD3DDevice
[2016.02.24-01.38.13:537][115]SourceControl: Info rm 'Proyecto 4.8/Content/Sprites/fondoSinObjetos_Sprite.uasset'
[2016.02.24-01.38.17:810][273]LogD3D11RHI: InitD3DDevice
[2016.02.24-01.38.18:984][273]LogD3D11RHI: InitD3DDevice
[2016.02.24-01.38.19:387][273]LogD3D11RHI: InitD3DDevice
[2016.02.24-01.38.19:593][273]LogD3D11RHI: InitD3DDevice
[2016.02.24-01.38.19:802][273]LogD3D11RHI: InitD3DDevice
[2016.02.24-01.38.19:916][273]SourceControl: Info rm 'Proyecto 4.8/Content/Sprites/labFiec_Sprite.uasset'
[2016.02.24-01.38.22:517][447]LogD3D11RHI: InitD3DDevice
[2016.02.24-01.38.24:510][447]LogD3D11RHI: InitD3DDevice
[2016.02.24-01.38.24:555][447]LogD3D11RHI: InitD3DDevice
[2016.02.24-01.38.24:580][447]LogD3D11RHI: InitD3DDevice
[2016.02.24-01.38.24:650][447]LogD3D11RHI: InitD3DDevice
[2016.02.24-01.38.24:717][447]LogD3D11RHI: InitD3DDevice
[2016.02.24-01.38.24:973][447]LogD3D11RHI: InitD3DDevice
[2016.02.24-01.38.25:178][447]LogD3D11RHI: InitD3DDevice
[2016.02.24-01.38.25:271][447]SourceControl: Info rm 'Proyecto 4.8/Content/Sprites/fondoSinObjetos.uasset'
[2016.02.24-01.38.25:278][447]LogD3D11RHI: InitD3DDevice
[2016.02.24-01.38.25:476][447]LogD3D11RHI: InitD3DDevice
[2016.02.24-01.38.25:571][447]SourceControl: Info rm 'Proyecto 4.8/Content/Sprites/labFiec.uasset'
[2016.02.24-01.38.35:569][179]LogD3D11RHI: InitD3DDevice
[2016.02.24-01.38.36:985][179]LogD3D11RHI: InitD3DDevice
[2016.02.24-01.38.37:023][179]LogD3D11RHI: InitD3DDevice
[2016.02.24-01.38.37:048][179]LogD3D11RHI: InitD3DDevice
[2016.02.24-01.38.37:118][179]LogD3D11RHI: InitD3DDevice
[2016.02.24-01.38.37:185][179]LogD3D11RHI: InitD3DDevice
[2016.02.24-01.38.37:426][179]LogD3D11RHI: InitD3DDevice
[2016.02.24-01.38.37:627][179]LogD3D11RHI: InitD3DDevice
[2016.02.24-01.38.37:743][179]SourceControl: Info rm 'Proyecto 4.8/Content/Sprites/caminar-personaje-video2_alpha.uasset'
[2016.02.24-01.38.37:751][179]LogD3D11RHI: InitD3DDevice
[2016.02.24-01.38.37:957][179]LogD3D11RHI: InitD3DDevice
[2016.02.24-01.38.38:044][179]SourceControl: Info rm 'Proyecto 4.8/Content/Sprites/correr-personaje-video2_alpha.uasset'
[2016.02.24-01.38.39:966][305]LogD3D11RHI: InitD3DDevice
[2016.02.24-01.38.41:431][305]LogD3D11RHI: InitD3DDevice
[2016.02.24-01.38.41:629][305]LogD3D11RHI: InitD3DDevice
[2016.02.24-01.38.41:845][305]LogD3D11RHI: InitD3DDevice
[2016.02.24-01.38.42:053][305]LogD3D11RHI: InitD3DDevice
[2016.02.24-01.38.42:166][305]SourceControl: Info rm 'Proyecto 4.8/Content/Sprites/background.uasset'
[2016.02.24-01.38.44:206][460]LogLinker:Warning: Can't find file '/Game/Sprites/background'
[2016.02.24-01.38.44:207][460]LogLinker:Warning: Can't find file for asset '/Game/Sprites/background' while loading ../../../../../../Users/Jimmy/git/PoliHeath/Proyecto 4.8/Content/Sprites/Sp_Background.uasset.
[2016.02.24-01.38.44:207][460]LoadErrors:Error: Error /Game/Sprites/Sp_Background : Can't find file for asset. /Game/Sprites/background
[2016.02.24-01.38.44:207][460]LogLinker:Warning: Can't find file '/Game/Sprites/background'
[2016.02.24-01.38.44:208][460]LogLinker:Warning: Can't find file for asset '/Game/Sprites/background' while loading ../../../../../../Users/Jimmy/git/PoliHeath/Proyecto 4.8/Content/Sprites/Sp_Background.uasset.
[2016.02.24-01.38.44:209][460]LogLinker:Warning: Can't find file '/Game/Sprites/background'
[2016.02.24-01.38.44:209][460]LoadErrors: Info Failed to load /Game/Sprites/background.background Referenced by Sp_Background
[2016.02.24-01.38.44:210][460]LogLinker:Warning: Can't find file for asset '/Game/Sprites/background' while loading NULL.
[2016.02.24-01.38.44:266][460]LogD3D11RHI: InitD3DDevice
[2016.02.24-01.38.45:601][460]LogD3D11RHI: InitD3DDevice
[2016.02.24-01.38.45:630][460]LogD3D11RHI: InitD3DDevice
[2016.02.24-01.38.45:647][460]LogD3D11RHI: InitD3DDevice
[2016.02.24-01.38.45:718][460]LogD3D11RHI: InitD3DDevice
[2016.02.24-01.38.45:875][460]LogD3D11RHI: InitD3DDevice
[2016.02.24-01.38.46:078][460]LogD3D11RHI: InitD3DDevice
[2016.02.24-01.38.46:196][460]SourceControl: Info rm 'Proyecto 4.8/Content/Sprites/Sp_Background.uasset'
[2016.02.24-01.38.47:730][582]LogTexture:Display: Building textures: personaje (AutoDXT)
[2016.02.24-01.38.48:008][582]LogD3D11RHI: InitD3DDevice
[2016.02.24-01.38.49:357][582]LogD3D11RHI: InitD3DDevice
[2016.02.24-01.38.49:399][582]LogD3D11RHI: InitD3DDevice
[2016.02.24-01.38.49:414][582]LogD3D11RHI: InitD3DDevice
[2016.02.24-01.38.49:485][582]LogD3D11RHI: InitD3DDevice
[2016.02.24-01.38.49:644][582]LogD3D11RHI: InitD3DDevice
[2016.02.24-01.38.49:846][582]LogD3D11RHI: InitD3DDevice
[2016.02.24-01.38.49:938][582]SourceControl: Info rm 'Proyecto 4.8/Content/Sprites/personaje.uasset'
[2016.02.24-01.39.43:247][705]LogLinker:Warning: Can't find file '/Game/Sprites/fondoSinObjetos_Sprite'
[2016.02.24-01.39.43:248][705]LogLinker:Warning: Can't find file for asset '/Game/Sprites/fondoSinObjetos_Sprite' while loading ../../../../../../Users/Jimmy/git/PoliHeath/Proyecto 4.8/Content/Niveles/Nivel_1.umap.
[2016.02.24-01.39.43:248][705]LoadErrors:Error: Error /Game/Niveles/Nivel_1 : Can't find file for asset. /Game/Sprites/fondoSinObjetos_Sprite
[2016.02.24-01.39.43:248][705]LogLinker:Warning: Can't find file '/Game/Sprites/labFiec_Sprite'
[2016.02.24-01.39.43:249][705]LogLinker:Warning: Can't find file for asset '/Game/Sprites/labFiec_Sprite' while loading ../../../../../../Users/Jimmy/git/PoliHeath/Proyecto 4.8/Content/Niveles/Nivel_1.umap.
[2016.02.24-01.39.43:249][705]LoadErrors:Error: Error /Game/Niveles/Nivel_1 : Can't find file for asset. /Game/Sprites/labFiec_Sprite
[2016.02.24-01.39.43:265][705]LogLinker:Warning: Can't find file '/Game/Sprites/fondoSinObjetos_Sprite'
[2016.02.24-01.39.43:265][705]LogLinker:Warning: Can't find file for asset '/Game/Sprites/fondoSinObjetos_Sprite' while loading ../../../../../../Users/Jimmy/git/PoliHeath/Proyecto 4.8/Content/Niveles/Nivel_1.umap.
[2016.02.24-01.39.43:265][705]LogLinker:Warning: Can't find file '/Game/Sprites/labFiec_Sprite'
[2016.02.24-01.39.43:266][705]LogLinker:Warning: Can't find file for asset '/Game/Sprites/labFiec_Sprite' while loading ../../../../../../Users/Jimmy/git/PoliHeath/Proyecto 4.8/Content/Niveles/Nivel_1.umap.
[2016.02.24-01.39.43:288][705]LogLinker:Warning: Can't find file '/Game/Sprites/fondoSinObjetos_Sprite'
[2016.02.24-01.39.43:288][705]LogLinker:Warning: Can't find file for asset '/Game/Sprites/fondoSinObjetos_Sprite' while loading NULL.
[2016.02.24-01.39.43:289][705]LogLinker:Warning: Can't find file '/Game/Sprites/labFiec_Sprite'
[2016.02.24-01.39.43:289][705]LogLinker:Warning: Can't find file for asset '/Game/Sprites/labFiec_Sprite' while loading NULL.
[2016.02.24-01.39.43:289][705]LogLinker:Warning: Can't find file '/Game/Sprites/fondoSinObjetos_Sprite'
[2016.02.24-01.39.43:290][705]LogLinker:Warning: Can't find file for asset '/Game/Sprites/fondoSinObjetos_Sprite' while loading NULL.
[2016.02.24-01.39.43:290][705]LogLinker:Warning: Can't find file '/Game/Sprites/labFiec_Sprite'
[2016.02.24-01.39.43:290][705]LogLinker:Warning: Can't find file for asset '/Game/Sprites/labFiec_Sprite' while loading NULL.
[2016.02.24-01.39.43:331][705]LogLinker:Warning: Can't find file '/Game/Sprites/fondoSinObjetos_Sprite'
[2016.02.24-01.39.43:332][705]LoadErrors: Info Failed to load /Game/Sprites/fondoSinObjetos_Sprite.fondoSinObjetos_Sprite Referenced by fondoSinObjetos_Sprite_6
[2016.02.24-01.39.43:332][705]LogLinker:Warning: Can't find file for asset '/Game/Sprites/fondoSinObjetos_Sprite' while loading NULL.
[2016.02.24-01.39.43:333][705]LogLinker:Warning: Can't find file '/Game/Sprites/labFiec_Sprite'
[2016.02.24-01.39.43:333][705]LoadErrors: Info Failed to load /Game/Sprites/labFiec_Sprite.labFiec_Sprite Referenced by Sp_Background2
[2016.02.24-01.39.43:333][705]LogLinker:Warning: Can't find file for asset '/Game/Sprites/labFiec_Sprite' while loading NULL.
[2016.02.24-01.39.43:495][705]LogAIModule: Creating AISystem for world Nivel_1
[2016.02.24-01.39.43:531][705]LogD3D11RHI: InitD3DDevice
[2016.02.24-01.39.43:560][705]LogD3D11RHI: InitD3DDevice
[2016.02.24-01.39.43:621][705]LogD3D11RHI: InitD3DDevice
[2016.02.24-01.39.43:655][705]Cmd: OBJ SAVEPACKAGE PACKAGE="/Game/Niveles/Menu" FILE="../../../../../../Users/Jimmy/git/PoliHeath/Proyecto 4.8/Content/Niveles/Menu.umap" SILENT=true AUTOSAVING=false KEEPDIRTY=false
[2016.02.24-01.39.44:360][705]LogSavePackage: Save=167.423141ms
[2016.02.24-01.39.44:360][705]LogSavePackage: Moving '../../../../../../Users/Jimmy/git/PoliHeath/Proyecto 4.8/Saved/Menu2AA7F4144BE0C6910537A28AF698070D.tmp' to '../../../../../../Users/Jimmy/git/PoliHeath/Proyecto 4.8/Content/Niveles/Menu.umap'
[2016.02.24-01.39.54:563][651]LogD3D11RHI: InitD3DDevice
[2016.02.24-01.39.54:644][651]Cmd: MAP LOAD FILE="../../../../../../Users/Jimmy/git/PoliHeath/Proyecto 4.8/Content/Niveles/Nivel_1.umap" TEMPLATE=0 SHOWPROGRESS=1 FEATURELEVEL=3
[2016.02.24-01.39.54:644][651]LightingResults: New page: Lighting Build
[2016.02.24-01.39.54:717][651]LoadErrors: New page: Loading map: Nivel_1.umap
[2016.02.24-01.39.54:718][651]MapCheck: New page: Map Check
[2016.02.24-01.39.54:718][651]LightingResults: New page: Lighting Build
[2016.02.24-01.39.54:738][651]LogParticles: Destroying 0 GPU particle simulations for FXSystem 0x0000008FB57A4E00
[2016.02.24-01.39.54:889][651]LogLinker:Warning: Can't find file '/Game/Sprites/fondoSinObjetos_Sprite'
[2016.02.24-01.39.54:889][651]LogLinker:Warning: Can't find file for asset '/Game/Sprites/fondoSinObjetos_Sprite' while loading ../../../../../../Users/Jimmy/git/PoliHeath/Proyecto 4.8/Content/Niveles/Nivel_1.umap.
[2016.02.24-01.39.54:890][651]LoadErrors:Error: Error /Game/Niveles/Nivel_1 : Can't find file for asset. /Game/Sprites/fondoSinObjetos_Sprite
[2016.02.24-01.39.54:890][651]LogLinker:Warning: Can't find file '/Game/Sprites/labFiec_Sprite'
[2016.02.24-01.39.54:890][651]LogLinker:Warning: Can't find file for asset '/Game/Sprites/labFiec_Sprite' while loading ../../../../../../Users/Jimmy/git/PoliHeath/Proyecto 4.8/Content/Niveles/Nivel_1.umap.
[2016.02.24-01.39.54:890][651]LoadErrors:Error: Error /Game/Niveles/Nivel_1 : Can't find file for asset. /Game/Sprites/labFiec_Sprite
[2016.02.24-01.39.54:892][651]LogLinker:Warning: Can't find file '/Game/Sprites/fondoSinObjetos_Sprite'
[2016.02.24-01.39.54:892][651]LogLinker:Warning: Can't find file for asset '/Game/Sprites/fondoSinObjetos_Sprite' while loading ../../../../../../Users/Jimmy/git/PoliHeath/Proyecto 4.8/Content/Niveles/Nivel_1.umap.
[2016.02.24-01.39.54:893][651]LogLinker:Warning: Can't find file '/Game/Sprites/labFiec_Sprite'
[2016.02.24-01.39.54:893][651]LogLinker:Warning: Can't find file for asset '/Game/Sprites/labFiec_Sprite' while loading ../../../../../../Users/Jimmy/git/PoliHeath/Proyecto 4.8/Content/Niveles/Nivel_1.umap.
[2016.02.24-01.39.54:914][651]LogLinker:Warning: Can't find file '/Game/Sprites/fondoSinObjetos_Sprite'
[2016.02.24-01.39.54:915][651]LogLinker:Warning: Can't find file for asset '/Game/Sprites/fondoSinObjetos_Sprite' while loading NULL.
[2016.02.24-01.39.54:915][651]LogLinker:Warning: Can't find file '/Game/Sprites/labFiec_Sprite'
[2016.02.24-01.39.54:915][651]LogLinker:Warning: Can't find file for asset '/Game/Sprites/labFiec_Sprite' while loading NULL.
[2016.02.24-01.39.54:916][651]LogLinker:Warning: Can't find file '/Game/Sprites/fondoSinObjetos_Sprite'
[2016.02.24-01.39.54:916][651]LogLinker:Warning: Can't find file for asset '/Game/Sprites/fondoSinObjetos_Sprite' while loading NULL.
[2016.02.24-01.39.54:916][651]LogLinker:Warning: Can't find file '/Game/Sprites/labFiec_Sprite'
[2016.02.24-01.39.54:917][651]LogLinker:Warning: Can't find file for asset '/Game/Sprites/labFiec_Sprite' while loading NULL.
[2016.02.24-01.39.54:952][651]LogLinker:Warning: Can't find file '/Game/Sprites/fondoSinObjetos_Sprite'
[2016.02.24-01.39.54:953][651]LoadErrors: Info Failed to load /Game/Sprites/fondoSinObjetos_Sprite.fondoSinObjetos_Sprite Referenced by fondoSinObjetos_Sprite_6
[2016.02.24-01.39.54:953][651]LogLinker:Warning: Can't find file for asset '/Game/Sprites/fondoSinObjetos_Sprite' while loading NULL.
[2016.02.24-01.39.54:954][651]LogLinker:Warning: Can't find file '/Game/Sprites/labFiec_Sprite'
[2016.02.24-01.39.54:954][651]LoadErrors: Info Failed to load /Game/Sprites/labFiec_Sprite.labFiec_Sprite Referenced by Sp_Background2
[2016.02.24-01.39.54:954][651]LogLinker:Warning: Can't find file for asset '/Game/Sprites/labFiec_Sprite' while loading NULL.
[2016.02.24-01.39.54:959][651]LogAIModule: Creating AISystem for world Nivel_1
[2016.02.24-01.39.54:984][651]LogEditorServer: Finished looking for orphan Actors (0.000 secs)
[2016.02.24-01.39.55:012][651]LogD3D11RHI: InitD3DDevice
[2016.02.24-01.39.55:118][651]Cmd: MAP CHECKDEP NOCLEARLOG
[2016.02.24-01.39.55:299][651]MapCheck: Info Map check complete: 0 Error(s), 0 Warning(s), took 180.543ms to complete.
[2016.02.24-01.39.55:303][651]LogFileHelpers: Loading map 'Nivel_1' took 0.661
[2016.02.24-01.40.10:734][775]Cmd: DELETE
[2016.02.24-01.40.10:734][775]Cmd: ACTOR DELETE
[2016.02.24-01.40.10:740][775]LogEditorActor: Deleted Actor: DirectionalLight
[2016.02.24-01.40.10:741][775]LogEditorActor: Deleted Actor: PaperFlipbookActor
[2016.02.24-01.40.10:742][775]LogEditorActor: Deleted Actor: PaperSpriteActor
[2016.02.24-01.40.10:742][775]LogEditorActor: Deleted Actor: PaperSpriteActor
[2016.02.24-01.40.10:743][775]LogEditorActor: Deleted Actor: PaperSpriteActor
[2016.02.24-01.40.10:743][775]LogEditorActor: Deleted Actor: PaperSpriteActor
[2016.02.24-01.40.10:743][775]LogEditorActor: Deleted Actor: PaperSpriteActor
[2016.02.24-01.40.10:744][775]LogEditorActor: Deleted Actor: BP_Ceiling_C
[2016.02.24-01.40.10:744][775]LogEditorActor: Deleted Actor: BP_floor_C
[2016.02.24-01.40.10:745][775]LogEditorActor: Deleted Actor: BP_Walls_C
[2016.02.24-01.40.10:745][775]LogEditorActor: Deleted Actor: BP_Walls_C
[2016.02.24-01.40.10:801][775]LogEditorActor: Deleted 11 Actors (0.066 secs)
[2016.02.24-01.40.15:302][127]LogEditorViewport: Clicking Background
[2016.02.24-01.40.17:430][301]LogEditorViewport: Clicking on Actor (LMB): BP_floor_C (BP_floor2)
[2016.02.24-01.40.21:669][563]LogEditorViewport: Clicking Background
[2016.02.24-01.40.30:339][231]LogD3D11RHI: InitD3DDevice
[2016.02.24-01.40.32:863][397]LogD3D11RHI: InitD3DDevice
[2016.02.24-01.40.32:957][401]LogD3D11RHI: InitD3DDevice
[2016.02.24-01.40.34:062][476]LogD3D11RHI: InitD3DDevice
[2016.02.24-01.40.36:392][646]LogD3D11RHI: InitD3DDevice
[2016.02.24-01.40.36:513][652]LogD3D11RHI: InitD3DDevice
[2016.02.24-01.40.37:156][696]LogD3D11RHI: InitD3DDevice
[2016.02.24-01.40.38:213][773]LogD3D11RHI: InitD3DDevice
[2016.02.24-01.40.39:582][850]LogD3D11RHI: InitD3DDevice
[2016.02.24-01.41.04:810][293]LogD3D11RHI: InitD3DDevice
[2016.02.24-01.41.44:294][562]LogEditorViewport: Clicking Background
[2016.02.24-01.41.45:350][644]LogEditorViewport: Clicking on Actor (LMB): PaperSpriteActor (Parte1_Sprite)
[2016.02.24-01.41.46:557][706]LogEditorViewport: Clicking Background
[2016.02.24-01.41.50:917][ 47]LogEditorViewport: Clicking on Actor (LMB): PaperSpriteActor (Parte1_Sprite)
[2016.02.24-01.41.51:715][ 88]LogEditorViewport: Clicking Background
[2016.02.24-01.42.10:820][381]LogD3D11RHI: InitD3DDevice
[2016.02.24-01.42.10:879][381]LogD3D11RHI: InitD3DDevice
[2016.02.24-01.42.10:937][381]LogFactory: FactoryCreateBinary: Texture with TextureFactory (0 0 C:\Users\Jimmy\Desktop\imagenesPartes\Parte2.png)
[2016.02.24-01.42.11:127][381]LogTexture:Display: Building textures: Parte2 (AutoDXT)
[2016.02.24-01.42.11:806][381]LogD3D11RHI: InitD3DDevice
[2016.02.24-01.42.11:868][381]LogFactory: FactoryCreateBinary: Texture with TextureFactory (0 0 C:\Users\Jimmy\Desktop\imagenesPartes\Parte3.png)
[2016.02.24-01.42.12:136][381]LogTexture:Display: Building textures: Parte3 (BGRA8)
[2016.02.24-01.42.13:273][381]LogD3D11RHI: InitD3DDevice
[2016.02.24-01.42.13:334][381]LogFactory: FactoryCreateBinary: Texture with TextureFactory (0 0 C:\Users\Jimmy\Desktop\imagenesPartes\Parte4.png)
[2016.02.24-01.42.13:623][381]LogTexture:Display: Building textures: Parte4 (BGRA8)
[2016.02.24-01.43.22:554][310]LogD3D11RHI: InitD3DDevice
[2016.02.24-01.43.22:698][318]LogD3D11RHI: InitD3DDevice
[2016.02.24-01.43.23:426][362]LogD3D11RHI: InitD3DDevice
[2016.02.24-01.43.24:946][470]LogTexture:Display: Building textures: Parte2 (BGRA8)
[2016.02.24-01.43.27:144][567]LogD3D11RHI: InitD3DDevice
[2016.02.24-01.43.27:408][583]LogD3D11RHI: InitD3DDevice
[2016.02.24-01.43.28:034][627]LogD3D11RHI: InitD3DDevice
[2016.02.24-01.43.31:880][903]LogD3D11RHI: InitD3DDevice
[2016.02.24-01.43.31:986][908]LogD3D11RHI: InitD3DDevice
[2016.02.24-01.43.32:539][945]LogD3D11RHI: InitD3DDevice
[2016.02.24-01.43.35:633][168]LogD3D11RHI: InitD3DDevice
[2016.02.24-01.43.35:721][172]LogD3D11RHI: InitD3DDevice
[2016.02.24-01.43.36:210][204]LogD3D11RHI: InitD3DDevice
[2016.02.24-01.43.37:028][262]LogD3D11RHI: InitD3DDevice
[2016.02.24-01.43.38:354][339]LogD3D11RHI: InitD3DDevice
[2016.02.24-01.43.38:456][344]LogD3D11RHI: InitD3DDevice
[2016.02.24-01.43.39:113][387]LogD3D11RHI: InitD3DDevice
[2016.02.24-01.43.39:821][437]LogD3D11RHI: InitD3DDevice
[2016.02.24-01.43.41:214][511]LogD3D11RHI: InitD3DDevice
[2016.02.24-01.43.41:251][511]LogD3D11RHI: InitD3DDevice
[2016.02.24-01.43.41:629][525]LogD3D11RHI: InitD3DDevice
[2016.02.24-01.43.42:098][545]LogD3D11RHI: InitD3DDevice
[2016.02.24-01.43.42:734][578]LogD3D11RHI: InitD3DDevice
[2016.02.24-01.43.43:406][613]LogD3D11RHI: InitD3DDevice
[2016.02.24-01.43.46:221][774]LogD3D11RHI: InitD3DDevice
[2016.02.24-01.43.49:936][977]LogEditorViewport: Clicking on Actor (LMB): PaperSpriteActor (Parte1_Sprite)
[2016.02.24-01.43.53:309][157]LogEditorViewport: Clicking on Actor (LMB): PaperSpriteActor (Parte2_Sprite)
[2016.02.24-01.43.57:468][370]LogEditorViewport: Clicking Background
[2016.02.24-01.43.57:974][406]LogEditorViewport: Clicking on Actor (LMB): PaperSpriteActor (Parte2_Sprite)
[2016.02.24-01.44.04:888][789]LogEditorViewport: Clicking on Actor (LMB): PaperSpriteActor (Parte1_Sprite)
[2016.02.24-01.44.07:818][944]LogEditorViewport: Clicking on Actor (LMB): PaperSpriteActor (Parte2_Sprite)
[2016.02.24-01.44.10:156][ 63]LogEditorViewport: Clicking Background
[2016.02.24-01.44.10:834][112]LogEditorViewport: Clicking on Actor (LMB): PaperSpriteActor (Parte2_Sprite)
[2016.02.24-01.44.24:194][857]LogEditorViewport: Clicking Background
[2016.02.24-01.44.24:913][909]LogEditorViewport: Clicking on Actor (LMB): PaperSpriteActor (Parte2_Sprite)
[2016.02.24-01.44.40:879][796]LogEditorViewport: Clicking on Actor (LMB): PaperSpriteActor (Parte2_Sprite)
[2016.02.24-01.44.41:585][834]Cmd: EDIT COPY
[2016.02.24-01.44.41:980][851]Cmd: EDIT PASTE
[2016.02.24-01.44.46:888][112]LogD3D11RHI: InitD3DDevice
[2016.02.24-01.44.53:745][470]LogEditorViewport: Clicking Background
[2016.02.24-01.44.54:436][520]LogEditorViewport: Clicking on Actor (LMB): PaperSpriteActor (Parte2_Sprite2)
[2016.02.24-01.45.01:709][927]LogEditorViewport: Clicking on Actor (LMB): PaperSpriteActor (Parte2_Sprite2)
[2016.02.24-01.45.02:120][949]Cmd: DELETE
[2016.02.24-01.45.02:120][949]Cmd: ACTOR DELETE
[2016.02.24-01.45.02:121][949]LogEditorActor: Deleted Actor: PaperSpriteActor
[2016.02.24-01.45.02:188][949]LogEditorActor: Deleted 1 Actors (0.068 secs)
[2016.02.24-01.45.03:591][ 42]LogD3D11RHI: InitD3DDevice
[2016.02.24-01.45.09:510][346]LogEditorViewport: Clicking on Actor (LMB): PaperSpriteActor (Parte1_Sprite)
[2016.02.24-01.45.11:953][473]LogEditorViewport: Clicking on Actor (LMB): PaperSpriteActor (Parte3_Sprite)
[2016.02.24-01.45.16:118][691]LogEditorViewport: Clicking Background
[2016.02.24-01.45.16:921][750]LogEditorViewport: Clicking on Actor (LMB): PaperSpriteActor (Parte3_Sprite)
[2016.02.24-01.45.29:146][206]LogEditorViewport: Clicking Background
[2016.02.24-01.45.30:268][288]LogEditorViewport: Clicking on Actor (LMB): PaperSpriteActor (Parte3_Sprite)
[2016.02.24-01.46.26:210][400]Cmd: DELETE
[2016.02.24-01.46.26:210][400]Cmd: ACTOR DELETE
[2016.02.24-01.46.26:211][400]LogEditorActor: Deleted Actor: PaperSpriteActor
[2016.02.24-01.46.26:265][400]LogEditorActor: Deleted 1 Actors (0.055 secs)
[2016.02.24-01.46.29:266][571]LogD3D11RHI: InitD3DDevice
[2016.02.24-01.46.34:457][844]LogEditorViewport: Clicking on Actor (LMB): PaperSpriteActor (Parte2_Sprite)
[2016.02.24-01.46.36:769][964]LogEditorViewport: Clicking on Actor (LMB): PaperSpriteActor (Parte4_Sprite)
[2016.02.24-01.46.41:647][222]LogEditorViewport: Clicking on Actor (LMB): PaperSpriteActor (Parte4_Sprite)
[2016.02.24-01.46.42:480][267]Cmd: DELETE
[2016.02.24-01.46.42:480][267]Cmd: ACTOR DELETE
[2016.02.24-01.46.42:481][267]LogEditorActor: Deleted Actor: PaperSpriteActor
[2016.02.24-01.46.42:534][267]LogEditorActor: Deleted 1 Actors (0.054 secs)
[2016.02.24-01.46.43:206][318]LogEditorViewport: Clicking Background
[2016.02.24-01.47.44:231][641]LogD3D11RHI: InitD3DDevice
[2016.02.24-01.47.48:426][864]LogEditorViewport: Clicking on Actor (LMB): PaperSpriteActor (Parte2_Sprite)
[2016.02.24-01.47.50:920][991]LogEditorViewport: Clicking on Actor (LMB): PaperSpriteActor (Parte3_Sprite)
[2016.02.24-01.47.53:844][141]LogEditorViewport: Clicking Background
[2016.02.24-01.47.54:952][224]LogEditorViewport: Clicking on Actor (LMB): PaperSpriteActor (Parte3_Sprite)
[2016.02.24-01.49.46:302][283]LogD3D11RHI: InitD3DDevice
[2016.02.24-01.49.50:264][354]LogEditorViewport: Clicking Background
[2016.02.24-01.49.51:045][409]LogEditorViewport: Clicking on Actor (LMB): PaperSpriteActor (Parte3_Sprite)
[2016.02.24-01.49.54:664][604]LogEditorViewport: Clicking Background
[2016.02.24-01.49.55:376][653]LogEditorViewport: Clicking on Actor (LMB): PaperSpriteActor (Parte3_Sprite)
[2016.02.24-01.49.56:314][700]LogEditorViewport: Clicking Background
[2016.02.24-01.49.57:825][811]LogEditorViewport: Clicking on Actor (LMB): PaperSpriteActor (Parte3_Sprite)
[2016.02.24-01.50.04:355][143]LogD3D11RHI: InitD3DDevice
[2016.02.24-01.50.06:698][143]LogD3D11RHI: InitD3DDevice
[2016.02.24-01.50.09:160][237]Cmd: DELETE
[2016.02.24-01.50.09:160][237]Cmd: ACTOR DELETE
[2016.02.24-01.50.09:161][237]LogEditorActor: Deleted Actor: PaperSpriteActor
[2016.02.24-01.50.09:213][237]LogEditorActor: Deleted 1 Actors (0.053 secs)
[2016.02.24-01.50.10:564][345]LogEditorViewport: Clicking Background
[2016.02.24-01.50.11:594][427]LogEditorViewport: Clicking Background
[2016.02.24-01.50.32:148][ 74]LogEditorViewport: Clicking on Actor (LMB): DirectionalLight (DirectionalLight)
[2016.02.24-01.50.38:458][411]LogEditorViewport: Clicking Background
[2016.02.24-01.51.00:069][851]LogD3D11RHI: InitD3DDevice
[2016.02.24-01.51.00:741][851]LogSavePackage: Save=188.756271ms
[2016.02.24-01.51.00:741][851]LogSavePackage: Moving '../../../../../../Users/Jimmy/git/PoliHeath/Proyecto 4.8/Saved/Nivel_1_Auto174BFD47A4254DDA8A30F0DA2D71EF0BD.tmp' to '../../../../../../Users/Jimmy/git/PoliHeath/Proyecto 4.8/Saved/Autosaves/Game/Niveles/Nivel_1_Auto1.umap'
[2016.02.24-01.51.00:749][851]LogFileHelpers: Editor autosave (incl. sublevels) for '/Game/Niveles/Nivel_1' took 0.340
[2016.02.24-01.51.00:749][851]LogFileHelpers: Editor autosave (incl. sublevels) for all levels took 0.340
[2016.02.24-01.51.00:757][851]OBJ SavePackage: Generating thumbnails for [1] asset(s) in package [/Game/Sprites/Nivel_1/Parte1] ([1] browsable assets)...
[2016.02.24-01.51.00:789][851]OBJ SavePackage:     Rendered thumbnail for [Texture2D /Game/Sprites/Nivel_1/Parte1.Parte1]
[2016.02.24-01.51.00:789][851]OBJ SavePackage: Finished generating thumbnails for package [/Game/Sprites/Nivel_1/Parte1]
[2016.02.24-01.51.00:859][851]LogSavePackage: Save=20.665379ms
[2016.02.24-01.51.00:859][851]LogSavePackage: Moving '../../../../../../Users/Jimmy/git/PoliHeath/Proyecto 4.8/Saved/Parte1_Auto18B038122477C7723374E36835B42D8B2.tmp' to '../../../../../../Users/Jimmy/git/PoliHeath/Proyecto 4.8/Saved/Autosaves/Game/Sprites/Nivel_1/Parte1_Auto1.uasset'
[2016.02.24-01.51.00:867][851]OBJ SavePackage: Generating thumbnails for [1] asset(s) in package [/Game/Sprites/Nivel_1/Parte2] ([1] browsable assets)...
[2016.02.24-01.51.00:894][851]OBJ SavePackage:     Rendered thumbnail for [Texture2D /Game/Sprites/Nivel_1/Parte2.Parte2]
[2016.02.24-01.51.00:894][851]OBJ SavePackage: Finished generating thumbnails for package [/Game/Sprites/Nivel_1/Parte2]
[2016.02.24-01.51.01:150][851]LogSavePackage: Save=237.776382ms
[2016.02.24-01.51.01:150][851]LogSavePackage: Moving '../../../../../../Users/Jimmy/git/PoliHeath/Proyecto 4.8/Saved/Parte2_Auto1AF4CDCB8481E2FC30E30B686115F461A.tmp' to '../../../../../../Users/Jimmy/git/PoliHeath/Proyecto 4.8/Saved/Autosaves/Game/Sprites/Nivel_1/Parte2_Auto1.uasset'
[2016.02.24-01.51.01:158][851]OBJ SavePackage: Generating thumbnails for [1] asset(s) in package [/Game/Sprites/Nivel_1/Parte1_Sprite] ([1] browsable assets)...
[2016.02.24-01.51.01:196][851]OBJ SavePackage:     Rendered thumbnail for [PaperSprite /Game/Sprites/Nivel_1/Parte1_Sprite.Parte1_Sprite]
[2016.02.24-01.51.01:196][851]OBJ SavePackage: Finished generating thumbnails for package [/Game/Sprites/Nivel_1/Parte1_Sprite]
[2016.02.24-01.51.01:214][851]LogSavePackage: Save=13.842214ms
[2016.02.24-01.51.01:215][851]LogSavePackage: Moving '../../../../../../Users/Jimmy/git/PoliHeath/Proyecto 4.8/Saved/Parte1_Sprite_Auto1C759BCAE4152BD15CD4CC59AE28B8DD5.tmp' to '../../../../../../Users/Jimmy/git/PoliHeath/Proyecto 4.8/Saved/Autosaves/Game/Sprites/Nivel_1/Parte1_Sprite_Auto1.uasset'
[2016.02.24-01.51.01:223][851]OBJ SavePackage: Generating thumbnails for [1] asset(s) in package [/Game/Sprites/Nivel_1/Parte2_Sprite] ([1] browsable assets)...
[2016.02.24-01.51.01:260][851]OBJ SavePackage:     Rendered thumbnail for [PaperSprite /Game/Sprites/Nivel_1/Parte2_Sprite.Parte2_Sprite]
[2016.02.24-01.51.01:260][851]OBJ SavePackage: Finished generating thumbnails for package [/Game/Sprites/Nivel_1/Parte2_Sprite]
[2016.02.24-01.51.01:282][851]LogSavePackage: Save=14.505597ms
[2016.02.24-01.51.01:282][851]LogSavePackage: Moving '../../../../../../Users/Jimmy/git/PoliHeath/Proyecto 4.8/Saved/Parte2_Sprite_Auto192B100EC46F4B871AAAD65800128F34F.tmp' to '../../../../../../Users/Jimmy/git/PoliHeath/Proyecto 4.8/Saved/Autosaves/Game/Sprites/Nivel_1/Parte2_Sprite_Auto1.uasset'
[2016.02.24-01.51.01:287][851]LogFileHelpers: Auto-saving content packages took 0.535
[2016.02.24-01.56.42:315][950]LogD3D11RHI: InitD3DDevice
[2016.02.24-01.56.42:412][950]LogD3D11RHI: InitD3DDevice
[2016.02.24-01.56.42:431][950]Cmd: OBJ SAVEPACKAGE PACKAGE="/Game/Niveles/Nivel_1" FILE="../../../../../../Users/Jimmy/git/PoliHeath/Proyecto 4.8/Content/Niveles/Nivel_1.umap" SILENT=true AUTOSAVING=false KEEPDIRTY=false
[2016.02.24-01.56.42:767][950]LogSavePackage: Save=194.572708ms
[2016.02.24-01.56.42:767][950]LogSavePackage: Moving '../../../../../../Users/Jimmy/git/PoliHeath/Proyecto 4.8/Saved/Nivel_13A50DA3C4DF8C9BB43DC9CA91BD2A68F.tmp' to '../../../../../../Users/Jimmy/git/PoliHeath/Proyecto 4.8/Content/Niveles/Nivel_1.umap'
[2016.02.24-01.56.53:758][760]LogD3D11RHI: InitD3DDevice
[2016.02.24-01.56.53:930][760]LogLinker:Warning: Asset '../../../Engine/Content/ArtTools/RenderToTexture/Macros/RenderToTextureMacros.uasset' has been saved with empty engine version. The asset will be loaded but may be incompatible.
[2016.02.24-01.56.54:725][760]LogLinker:Warning: Asset '../../../Engine/Content/ArtTools/RenderToTexture/Enums/RenderToTexture_Enum.uasset' has been saved with empty engine version. The asset will be loaded but may be incompatible.
[2016.02.24-01.57.18:066][729]LogD3D11RHI: InitD3DDevice
[2016.02.24-01.57.20:549][729]LogD3D11RHI: InitD3DDevice
[2016.02.24-01.57.20:823][729]LogObjectTools:Warning: ForceReplaceReferences replaced references for a transient object 'background1' or package '/Game/HUD/PantallaPrimaria'.
[2016.02.24-01.57.20:823][729]LogObjectTools:Warning: ForceReplaceReferences replaced references for a transient object 'background2' or package '/Game/HUD/PantallaPrimaria'.
[2016.02.24-01.57.20:823][729]LogObjectTools:Warning: ForceReplaceReferences replaced references for a transient object 'img_vida' or package '/Game/HUD/PantallaPrimaria'.
[2016.02.24-01.57.20:823][729]LogObjectTools:Warning: ForceReplaceReferences replaced references for a transient object 'img_energia' or package '/Game/HUD/PantallaPrimaria'.
[2016.02.24-01.57.20:824][729]LogObjectTools:Warning: ForceReplaceReferences replaced references for a transient object 'background1' or package '/Engine/Transient'.
[2016.02.24-01.57.20:824][729]LogObjectTools:Warning: ForceReplaceReferences replaced references for a transient object 'background2' or package '/Engine/Transient'.
[2016.02.24-01.57.20:825][729]LogObjectTools:Warning: ForceReplaceReferences replaced references for a transient object 'img_vida' or package '/Engine/Transient'.
[2016.02.24-01.57.20:825][729]LogObjectTools:Warning: ForceReplaceReferences replaced references for a transient object 'img_energia' or package '/Engine/Transient'.
[2016.02.24-01.57.21:931][729]LogD3D11RHI: InitD3DDevice
[2016.02.24-01.57.22:884][729]LogParticles: Destroying 0 GPU particle simulations for FXSystem 0x0000008FD4124540
[2016.02.24-01.57.22:925][729]LogParticles: Destroying 0 GPU particle simulations for FXSystem 0x0000008FC70B7F60
[2016.02.24-01.57.23:087][729]LogD3D11RHI: InitD3DDevice
[2016.02.24-01.57.23:307][729]SourceControl:Error: Error error: pathspec 'Proyecto 4.8/Content/Sprites/HUDSprites/vida.uasset' did not match any file(s) known to git.
[2016.02.24-01.57.23:313][729]LogD3D11RHI: InitD3DDevice
[2016.02.24-01.57.23:405][729]SourceControl:Error: Error fatal: pathspec 'Proyecto 4.8/Content/Sprites/HUDSprites/vida.uasset' did not match any files
[2016.02.24-01.57.23:406][729]LogObjectTools:Warning: SCC failed to open '../../../../../../Users/Jimmy/git/PoliHeath/Proyecto 4.8/Content/Sprites/H