[2016.02.24-01.31.38:428][  0]Log file open, 02/23/16 20:31:38
[2016.02.24-01.31.38:428][  0]LogInit:Display: Running engine for game: Proyecto
[2016.02.24-01.31.38:428][  0]LogInit:Display: RandInit(-296217492) SRandInit(-296217491).
[2016.02.24-01.31.38:428][  0]LogTaskGraph: Started task graph with 4 named threads and 8 total threads.
[2016.02.24-01.31.38:428][  0]LogStats: Stats thread started
[2016.02.24-01.31.38:428][  0]LogInit: Version: 4.8.3-2634408+++depot+UE4-Releases+4.8
[2016.02.24-01.31.38:428][  0]LogInit: API Version: 2579680
[2016.02.24-01.31.38:428][  0]LogInit: Compiled (64-bit): Jul 27 2015 16:24:33
[2016.02.24-01.31.38:428][  0]LogInit: Compiled with Visual C++: 18.00.21005.01
[2016.02.24-01.31.38:428][  0]LogInit: Build Configuration: Development
[2016.02.24-01.31.38:428][  0]LogInit: Branch Name: ++depot+UE4-Releases+4.8
[2016.02.24-01.31.38:428][  0]LogInit: Command line:  
[2016.02.24-01.31.38:428][  0]LogInit: Base directory: C:/Program Files (x86)/Epic Games/4.8/Engine/Binaries/Win64/
[2016.02.24-01.31.38:428][  0]LogInit: Rocket: 1
[2016.02.24-01.31.38:552][  0]LogInit: Using libcurl 7.41.0
[2016.02.24-01.31.38:552][  0]LogInit:  - built for x86_64-pc-win32
[2016.02.24-01.31.38:552][  0]LogInit:  - supports SSL with WinSSL
[2016.02.24-01.31.38:552][  0]LogInit:  - other features:
[2016.02.24-01.31.38:552][  0]LogInit:      CURL_VERSION_SSL
[2016.02.24-01.31.38:552][  0]LogInit:      CURL_VERSION_IPV6
[2016.02.24-01.31.38:552][  0]LogInit:      CURL_VERSION_ASYNCHDNS
[2016.02.24-01.31.38:552][  0]LogInit:      CURL_VERSION_LARGEFILE
[2016.02.24-01.31.38:552][  0]LogInit:      CURL_VERSION_IDN
[2016.02.24-01.31.38:552][  0]LogInit:  CurlRequestOptions (configurable via config and command line):
[2016.02.24-01.31.38:552][  0]LogInit:  - bVerifyPeer = true  - Libcurl will verify peer certificate
[2016.02.24-01.31.38:552][  0]LogInit:  - bUseHttpProxy = false  - Libcurl will NOT use HTTP proxy
[2016.02.24-01.31.38:552][  0]LogInit:  - bDontReuseConnections = false  - Libcurl will reuse connections
[2016.02.24-01.31.38:552][  0]LogInit:  - CertBundlePath = nullptr  - Libcurl will use whatever was configured at build time.
[2016.02.24-01.31.38:587][  0]LogOnline:Warning: No default platform service specified for OnlineSubsystem
[2016.02.24-01.31.38:651][  0]LogInit: Presizing for 0 objects not considered by GC, pre-allocating 0 bytes.
[2016.02.24-01.31.38:671][  0]LogInit: Object subsystem initialized
[2016.02.24-01.31.38:673][  0]LogConsoleResponse:Warning: Skipping Unknown console variable: 'UIScaleCurve = (EditorCurveData=(Keys=((Time=480.000000,Value=0.444000),(Time=720.000000,Value=0.666000),(Time=1080.000000,Value=1.000000),(Time=8640.000000,Value=8.000000))),ExternalCurve=None)'
[2016.02.24-01.31.38:673][  0]LogConsoleResponse:Warning:   Found in ini file 'C:/Users/Jimmy/git/PoliHeath/Proyecto 4.8/Saved/Config/Windows/Engine.ini', in section '[/Script/Engine.RendererSettings]'
[2016.02.24-01.31.38:674][  0]LogConsoleManager:Warning: Console variable 'r.MSAA.CompositingSampleCount' wasn't set ('Scalability' has a lower priority than 'ProjectSetting')
[2016.02.24-01.31.38:674][  0]LogInit: Selected Device Profile: [Windows]
[2016.02.24-01.31.38:674][  0]LogInit: Applying CVar settings loaded from the selected device profile: [Windows]
[2016.02.24-01.31.38:747][  0]LogInit: Computer: JIMMY-PC
[2016.02.24-01.31.38:747][  0]LogInit: User: Jimmy
[2016.02.24-01.31.38:747][  0]LogInit: CPU Page size=4096, Cores=6
[2016.02.24-01.31.38:747][  0]LogInit: High frequency timer resolution =2.746526 MHz
[2016.02.24-01.31.38:747][  0]LogMemory: Memory total: Physical=4.0GB (4GB approx)
[2016.02.24-01.31.38:748][  0]LogMemory: Platform Memory Stats for Windows
[2016.02.24-01.31.38:748][  0]LogMemory: Process Physical Memory: 48.51 MB used, 48.51 MB peak
[2016.02.24-01.31.38:748][  0]LogMemory: Process Virtual Memory: 22.34 MB used, 22.34 MB peak
[2016.02.24-01.31.38:748][  0]LogMemory: Physical Memory: 1710.53 MB used, 4092.53 MB total
[2016.02.24-01.31.38:748][  0]LogMemory: Virtual Memory: 293.71 MB used, 134217728.00 MB total
[2016.02.24-01.31.39:198][  0]LogTextLocalizationManager: The requested culture ('en_US') has no localization data; parent culture's ('en') localization data will be used.
[2016.02.24-01.31.39:751][  0]LogTextLocalizationManager:Warning: Loaded localization resources contain conflicting entries for (Namespace:ContentBrowser, Key:ImportAssetToolTip):
Localization Resource: (C:/Program Files (x86)/Epic Games/4.8/Engine/Content/Localization/Editor/en/Editor.locres) Source String Hash: (-630476809) Localized String: (Import to {0}...)
Localization Resource: (C:/Program Files (x86)/Epic Games/4.8/Engine/Content/Localization/Editor/en/Editor.locres) Source String Hash: (1271782899) Localized String: (Imports an asset from file to this folder.)
[2016.02.24-01.31.40:916][  0]LogD3D11RHI: Found D3D11 adapter 0: NVIDIA GeForce GTX 650 (Feature Level 11_0)
[2016.02.24-01.31.40:916][  0]LogD3D11RHI: Adapter has 1986MB of dedicated video memory, 0MB of dedicated system memory, and 2046MB of shared system memory, 1 output[s]
[2016.02.24-01.31.40:919][  0]LogD3D11RHI: Found D3D11 adapter 1: Microsoft Basic Render Driver (Feature Level 11_0)
[2016.02.24-01.31.40:919][  0]LogD3D11RHI: Adapter has 0MB of dedicated video memory, 0MB of dedicated system memory, and 256MB of shared system memory, 0 output[s]
[2016.02.24-01.31.40:919][  0]LogD3D11RHI: Chosen D3D11 Adapter Id = 0
[2016.02.24-01.31.40:927][  0]LogD3D11RHI: InitD3DDevice
[2016.02.24-01.31.40:928][  0]LogD3D11RHI: !Direct3DDevice
[2016.02.24-01.31.40:928][  0]LogRHI: Texture pool is 1361 MB (70% of 1945 MB)
[2016.02.24-01.31.40:958][  0]LogD3D11RHI: Async texture creation enabled
[2016.02.24-01.31.40:981][  0]LogShaderCompilers:Display: Using Local Shader Compiler.
[2016.02.24-01.31.47:484][  0]LogTemp:Display: Loaded TP DesktopTargetPlatform
[2016.02.24-01.31.47:531][  0]LogTemp:Display: Loaded TP WindowsClientTargetPlatform
[2016.02.24-01.31.47:599][  0]LogTemp:Display: Loaded TP WindowsNoEditorTargetPlatform
[2016.02.24-01.31.47:665][  0]LogTemp:Display: Loaded TP WindowsServerTargetPlatform
[2016.02.24-01.31.47:721][  0]LogTemp:Display: Loaded TP WindowsTargetPlatform
[2016.02.24-01.31.47:766][  0]LogTemp:Display: Loaded TP AndroidTargetPlatform
[2016.02.24-01.31.47:809][  0]LogTemp:Display: Loaded TP Android_ASTCTargetPlatform
[2016.02.24-01.31.47:866][  0]LogTemp:Display: Loaded TP Android_ATCTargetPlatform
[2016.02.24-01.31.47:907][  0]LogTemp:Display: Loaded TP Android_DXTTargetPlatform
[2016.02.24-01.31.47:948][  0]LogTemp:Display: Loaded TP Android_ETC1TargetPlatform
[2016.02.24-01.31.48:004][  0]LogTemp:Display: Loaded TP Android_ETC2TargetPlatform
[2016.02.24-01.31.48:059][  0]LogTemp:Display: Loaded TP Android_PVRTCTargetPlatform
[2016.02.24-01.31.48:282][  0]LogTemp:Display: Loaded TP IOSTargetPlatform
[2016.02.24-01.31.48:321][  0]LogTemp:Display: Loaded TP LinuxNoEditorTargetPlatform
[2016.02.24-01.31.48:361][  0]LogTemp:Display: Loaded TP LinuxServerTargetPlatform
[2016.02.24-01.31.48:425][  0]LogTemp:Display: Loaded TP LinuxTargetPlatform
[2016.02.24-01.31.48:425][  0]LogTargetPlatformManager:Display: Building Assets For Windows
[2016.02.24-01.31.49:596][  0]LogDerivedDataCache:Display: Max Cache Size: 512 MB
[2016.02.24-01.31.50:586][  0]LogDerivedDataCache: Loaded boot cache 0.99s 53MB C:/Users/Jimmy/AppData/Local/UnrealEngine/4.8/DerivedDataCache/Boot.ddc.
[2016.02.24-01.31.50:586][  0]LogDerivedDataCache:Display: Loaded Boot cache: C:/Users/Jimmy/AppData/Local/UnrealEngine/4.8/DerivedDataCache/Boot.ddc
[2016.02.24-01.31.50:586][  0]LogDerivedDataCache: FDerivedDataBackendGraph:  Pak pak cache file ../../../../../../Users/Jimmy/git/PoliHeath/Proyecto 4.8/DerivedDataCache/DDC.ddp not found, will not use a pak cache.
[2016.02.24-01.31.50:586][  0]LogDerivedDataCache: Unable to find inner node Pak for hierarchical cache Hierarchy.
[2016.02.24-01.31.50:586][  0]LogDerivedDataCache: FDerivedDataBackendGraph:  CompressedPak pak cache file ../../../../../../Users/Jimmy/git/PoliHeath/Proyecto 4.8/DerivedDataCache/Compressed.ddp not found, will not use a pak cache.
[2016.02.24-01.31.50:587][  0]LogDerivedDataCache: Unable to find inner node CompressedPak for hierarchical cache Hierarchy.
[2016.02.24-01.31.51:017][  0]LogDerivedDataCache:Display: Pak cache opened for reading ../../../Engine/DerivedDataCache/Compressed.ddp.
[2016.02.24-01.31.51:032][  0]LogDerivedDataCache: Using Local data cache path C:/Users/Jimmy/AppData/Local/UnrealEngine/Common/DerivedDataCache: Writable
[2016.02.24-01.31.57:402][  0]LogInit: Selected Device Profile: [Windows]
[2016.02.24-01.31.58:272][  0]ImportText (ComponentSweepMultiTests): Missing closing parenthesis: (RootShapeAsset="/Engine/BasicShapes/Cube.Cube",ShapeType="TriggerCapsule",HitResult=(Time=0.50,Location=(X=-100.000015,Y=0.0,Z=100.000015),ImpactPoint=(X=-50.0,Y=0.0,Z=50.0),Normal=(X=-1.0,Y=-0.0,Z=0.0),ImpactNormal=(X=0.0,Y=0.0,Z=1.0),TraceStart=(X=-200.0,Y=0.0,Z=200.0),TraceEnd=(X=0.0,Y=0.0,Z=0.0))
[2016.02.24-01.31.58:273][  0]ImportText (LineTraceSingleByChannelTests): Missing closing parenthesis: (RootShapeAsset="/Engine/BasicShapes/Cube.Cube",HitResult=(Time=0.50,Location=(X=-100.000015,Y=0.0,Z=100.000015),ImpactPoint=(X=-50.0,Y=0.0,Z=50.0),Normal=(X=-1.0,Y=-0.0,Z=0.0),ImpactNormal=(X=0.0,Y=0.0,Z=1.0),TraceStart=(X=-200.0,Y=0.0,Z=200.0),TraceEnd=(X=0.0,Y=0.0,Z=0.0))
[2016.02.24-01.31.58:532][  0]LogMeshUtilities: No automatic mesh reduction module available
[2016.02.24-01.31.58:532][  0]LogMeshUtilities: No automatic mesh merging module available
[2016.02.24-01.32.01:976][  0]LogInit: WinSock: version 1.1 (2.2), MaxSocks=32767, MaxUdp=65467
[2016.02.24-01.32.30:151][  0]UdpMessaging: Initializing bridge on interface 0.0.0.0:0 to multicast group 230.0.0.1:6666.
[2016.02.24-01.32.33:421][  0]SourceControl: Info Source control is disabled
[2016.02.24-01.32.36:613][  0]LogObj: 26273 objects as part of root set at end of initial load.
[2016.02.24-01.32.36:614][  0]LogUObjectAllocator: 5409248 out of 0 bytes used by permanent object pool.
[2016.02.24-01.32.37:514][  0]LogEngine: Initializing Engine...
[2016.02.24-01.32.37:579][  0]LogHMD: Can't find Oculus library dev build: is proper Runtime installed? Version: 0.6.0.0
[2016.02.24-01.32.37:706][  0]LogHMD:Warning: SteamVR failed to initialize.  Error: 110
[2016.02.24-01.32.38:887][  0]LogAIModule: Creating AISystem for world NewWorld
[2016.02.24-01.32.38:962][  0]LogInit: XAudio2 using 'Speakers (Realtek High Definition Audio)' : 2 channels at 48 kHz using 32 bits per sample (channel mask 0x3)
[2016.02.24-01.32.39:008][  0]LogInit: FAudioDevice initialized.
[2016.02.24-01.32.39:250][  0]LogDerivedDataCache: Saved boot cache 0.24s 53MB C:/Users/Jimmy/AppData/Local/UnrealEngine/4.8/DerivedDataCache/Boot.ddc.
[2016.02.24-01.32.39:271][  0]LogInit: Texture streaming: Disabled
[2016.02.24-01.32.39:487][  0]LogAnalytics: Creating configured Analytics provider AnalyticsET
[2016.02.24-01.32.39:487][  0]LogAnalytics: [UEEditor.Rocket.Release] APIServer = http://et2.epicgames.com/ET2/. AppVersion = 4.8.3-2634408+++depot+UE4-Releases+4.8
[2016.02.24-01.32.39:487][  0]LogAnalytics: [UEEditor.Rocket.Release] SetUserId d27f3b9b4f30e27e25812782be8b0d8d|8dcf4c5a87044acf9d7d9b2f0991a3f0|822a412b-4e57-4804-a033-2e42d5894c6e
[2016.02.24-01.32.39:488][  0]LogAnalytics: [UEEditor.Rocket.Release] AnalyticsET::StartSession
[2016.02.24-01.32.39:863][  0]LogInit: Transaction tracking system initialized
[2016.02.24-01.32.44:409][  0]BlueprintLog: New page: Editor Load
[2016.02.24-01.32.44:801][  0]LogAssetRegistry: FAssetRegistry took 0.0159 seconds to start up
[2016.02.24-01.32.44:802][  0]LogDirectoryWatcher:Warning: Failed to begin reading directory changes for ../../../Engine/Plugins/Experimental/CharacterAI/Content/. Error: 0
[2016.02.24-01.32.57:102][  0]LogConsoleManager:Warning: Console variable 'r.VSync' wasn't set ('GameSetting' has a lower priority than 'SystemSettingsIni')
[2016.02.24-01.32.57:102][  0]LogConsoleResponse:Display: 
[2016.02.24-01.32.59:688][  0]LogCook:Display: Done creating registry. It took  0.00s.
[2016.02.24-01.33.02:883][  0]Cmd: MAP LOAD FILE="../../../../../../Users/Jimmy/git/PoliHeath/Proyecto 4.8/Content/Niveles/Menu.umap" TEMPLATE=0 SHOWPROGRESS=1 FEATURELEVEL=3
[2016.02.24-01.33.03:185][  0]LightingResults: New page: Lighting Build
[2016.02.24-01.33.03:650][  0]MapCheck: New page: Map Check
[2016.02.24-01.33.03:650][  0]LightingResults: New page: Lighting Build
[2016.02.24-01.33.03:670][  0]LogParticles: Destroying 0 GPU particle simulations for FXSystem 0x0000005841C4CB80
[2016.02.24-01.33.04:451][  0]LogAIModule: Creating AISystem for world Menu
[2016.02.24-01.33.04:479][  0]LogEditorServer: Finished looking for orphan Actors (0.000 secs)
[2016.02.24-01.33.04:482][  0]Cmd: MAP CHECKDEP NOCLEARLOG
[2016.02.24-01.33.04:705][  0]MapCheck: Info Map check complete: 0 Error(s), 0 Warning(s), took 223.53ms to complete.
[2016.02.24-01.33.04:706][  0]LogFileHelpers: Loading map 'Menu' took 1.823
[2016.02.24-01.33.05:582][  0]LogCollectionManager: Loaded 0 collections in 0.005503 seconds
[2016.02.24-01.33.05:748][  0]LogContentBrowser: Native class hierarchy populated in 0.1660 seconds. Added 1792 classes and 301 folders.
[2016.02.24-01.33.06:288][  0]LogContentBrowser: Native class hierarchy updated for 'WidgetCarousel' in 0.0009 seconds. Added 0 classes and 0 folders.
[2016.02.24-01.33.06:953][  0]LogContentBrowser: Native class hierarchy updated for 'AddContentDialog' in 0.0009 seconds. Added 0 classes and 0 folders.
[2016.02.24-01.33.07:090][  0]LogContentBrowser: Native class hierarchy updated for 'SceneOutliner' in 0.0009 seconds. Added 1 classes and 2 folders.
[2016.02.24-01.33.07:543][  0]LogCrashTracker: Crashtracker disabled due to settings.
[2016.02.24-01.33.07:571][  0]LogD3D11RHI: InitD3DDevice
[2016.02.24-01.33.07:605][  0]LogUObjectGlobals:Warning: Failed to find object 'Class None.'
[2016.02.24-01.33.07:689][  0]LogLoad: Full Startup: 95.90 seconds (BP compile: 0.77 seconds)
[2016.02.24-01.33.08:330][  0]SourceControl: Info # On branch master
[2016.02.24-01.33.08:330][  0]SourceControl: Info # Changes to be committed:
[2016.02.24-01.33.08:330][  0]SourceControl: Info #   (use "git reset HEAD <file>..." to unstage)
[2016.02.24-01.33.08:330][  0]SourceControl: Info #
[2016.02.24-01.33.08:330][  0]SourceControl: Info #	new file:   Proyecto 4.8/Content/Sprites/HUDSprites/energia.uasset
[2016.02.24-01.33.08:330][  0]SourceControl: Info #	new file:   Proyecto 4.8/Content/Sprites/HUDSprites/energia_Sprite.uasset
[2016.02.24-01.33.08:330][  0]SourceControl: Info #
[2016.02.24-01.33.08:330][  0]SourceControl: Info # Changes not staged for commit:
[2016.02.24-01.33.08:330][  0]SourceControl: Info #   (use "git add <file>..." to update what will be committed)
[2016.02.24-01.33.08:330][  0]SourceControl: Info #   (use "git checkout -- <file>..." to discard changes in working directory)
[2016.02.24-01.33.08:330][  0]SourceControl: Info #
[2016.02.24-01.33.08:330][  0]SourceControl: Info #	modified:   Proyecto 4.8/Content/Niveles/Nivel_1.umap
[2016.02.24-01.33.08:330][  0]SourceControl: Info #	modified:   Proyecto 4.8/Content/Sprites/energia.uasset
[2016.02.24-01.33.08:330][  0]SourceControl: Info #	modified:   Proyecto 4.8/Intermediate/CachedAssetRegistry.bin
[2016.02.24-01.33.08:330][  0]SourceControl: Info #	modified:   Proyecto 4.8/Saved/Autosaves/PackageRestoreData.json
[2016.02.24-01.33.08:331][  0]SourceControl: Info #	modified:   Proyecto 4.8/Saved/Config/Windows/Editor.ini
[2016.02.24-01.33.08:331][  0]SourceControl: Info #	modified:   Proyecto 4.8/Saved/Config/Windows/EditorPerProjectUserSettings.ini
[2016.02.24-01.33.08:331][  0]SourceControl: Info #	modified:   Proyecto 4.8/Saved/Config/Windows/Engine.ini
[2016.02.24-01.33.08:331][  0]SourceControl: Info #	modified:   Proyecto 4.8/Saved/Logs/Proyecto.log
[2016.02.24-01.33.08:331][  0]SourceControl: Info #
[2016.02.24-01.33.08:331][  0]SourceControl: Info # Untracked files:
[2016.02.24-01.33.08:331][  0]SourceControl: Info #   (use "git add <file>..." to include in what will be committed)
[2016.02.24-01.33.08:331][  0]SourceControl: Info #
[2016.02.24-01.33.08:331][  0]SourceControl: Info #	Proyecto 4.8/Saved/Backup/Nivel_1_2016-02-23-19-50-37.umap
[2016.02.24-01.33.08:331][  0]SourceControl: Info #	Proyecto 4.8/Saved/Backup/energia_2016-02-23-20-24-35.uasset
[2016.02.24-01.33.08:331][  0]SourceControl: Info #	Proyecto 4.8/Saved/Logs/Proyecto-backup-2016.02.23-19.48.56.log
[2016.02.24-01.33.08:331][  0]SourceControl: Info #	Proyecto 4.8/Saved/Logs/Proyecto-backup-2016.02.23-20.31.38.log
[2016.02.24-01.33.08:331][  0]SourceControl: Info #	Proyecto 4.8/Saved/Logs/UE4CC-Windows-D9FF34DA412C7E5968E8A4AE0B256CCF/
[2016.02.24-01.33.08:365][  0]LogContentStreaming: Texture pool size is 0.000000MB
[2016.02.24-01.33.08:534][  0]LogContentStreaming: Texture pool size now 1000 MB
[2016.02.24-01.33.09:311][  0]LogRenderer: Reallocating scene render targets to support 1208x576 (Frame:2).
[2016.02.24-01.33.12:884][ 11]LogAssetRegistry: Asset discovery search completed in 28.0987 seconds
[2016.02.24-01.33.20:086][119]LogD3D11RHI: InitD3DDevice
[2016.02.24-01.33.22:746][364]LogD3D11RHI: InitD3DDevice
[2016.02.24-01.33.30:624][364]LogAIModule: Creating AISystem for world Nivel_1
[2016.02.24-01.33.31:385][364]Cmd: MAP LOAD FILE="../../../../../../Users/Jimmy/git/PoliHeath/Proyecto 4.8/Content/Niveles/Nivel_1.umap" TEMPLATE=0 SHOWPROGRESS=1 FEATURELEVEL=3
[2016.02.24-01.33.31:387][364]LightingResults: New page: Lighting Build
[2016.02.24-01.33.31:455][364]LoadErrors: New page: Loading map: Nivel_1.umap
[2016.02.24-01.33.31:455][364]MapCheck: New page: Map Check
[2016.02.24-01.33.31:455][364]LightingResults: New page: Lighting Build
[2016.02.24-01.33.31:475][364]LogParticles: Destroying 0 GPU particle simulations for FXSystem 0x0000005835C3D440
[2016.02.24-01.33.31:684][364]LogAIModule: Creating AISystem for world Nivel_1
[2016.02.24-01.33.31:720][364]LogEditorServer: Finished looking for orphan Actors (0.000 secs)
[2016.02.24-01.33.31:814][364]Cmd: MAP CHECKDEP NOCLEARLOG
[2016.02.24-01.33.31:988][364]MapCheck: Info Map check complete: 0 Error(s), 0 Warning(s), took 173.663ms to complete.
[2016.02.24-01.33.31:988][364]LogFileHelpers: Loading map 'Nivel_1' took 0.619
[2016.02.24-01.33.34:619][565]LogEditorViewport: Clicking on Actor (LMB): PaperSpriteActor (fondoSinObjetos_Sprite)
[2016.02.24-01.33.45:186][166]LogEditorActor: Deleted Actor: PaperSpriteActor
[2016.02.24-01.33.45:241][166]LogEditorActor: Deleted 1 Actors (0.061 secs)
[2016.02.24-01.33.46:439][262]LogEditorViewport: Clicking on Actor (LMB): PaperSpriteActor (fondoSinObjetos_Sprite)
[2016.02.24-01.33.58:744][978]LogPlayLevel: PIE:  No blueprints needed recompiling
[2016.02.24-01.33.59:129][978]PIE: New page: PIE session: Nivel_1 (Feb 23, 2016, 3:33:58 PM)
[2016.02.24-01.33.59:130][978]LogPlayLevel: Creating play world package: /Game/Niveles/UEDPIE_0_Nivel_1
[2016.02.24-01.33.59:136][978]LogPlayLevel: PIE: StaticDuplicateObject took: (0.005769s)
[2016.02.24-01.33.59:137][978]LogAIModule: Creating AISystem for world Nivel_1
[2016.02.24-01.33.59:139][978]LogPlayLevel: PIE: World Init took: (0.003330s)
[2016.02.24-01.33.59:139][978]LogPlayLevel: PIE: Created PIE world by copying editor world from /Game/Niveles/Nivel_1.Nivel_1 to /Game/Niveles/UEDPIE_0_Nivel_1.Nivel_1 (0.009481s)
[2016.02.24-01.33.59:196][978]LogInit: XAudio2 using 'Speakers (Realtek High Definition Audio)' : 2 channels at 48 kHz using 32 bits per sample (channel mask 0x3)
[2016.02.24-01.33.59:218][978]LogInit: FAudioDevice initialized.
[2016.02.24-01.33.59:225][978]LogD3D11RHI: InitD3DDevice
[2016.02.24-01.33.59:327][978]LogWorld: Game class is '2D_C'
[2016.02.24-01.33.59:343][978]LogWorld: Bringing World /Game/Niveles/UEDPIE_0_Nivel_1.Nivel_1 up for play (max tick rate 0) at 2016.02.23-20.33.59
[2016.02.24-01.33.59:344][978]LogActor:Warning: GameSession /Game/Niveles/UEDPIE_0_Nivel_1.Nivel_1:PersistentLevel.GameSession_0 has natively added scene component(s), but none of them were set as the actor's RootComponent - picking one arbitrarily
[2016.02.24-01.33.59:362][978]LogActor:Warning: GameNetworkManager /Game/Niveles/UEDPIE_0_Nivel_1.Nivel_1:PersistentLevel.GameNetworkManager_0 has natively added scene component(s), but none of them were set as the actor's RootComponent - picking one arbitrarily
[2016.02.24-01.33.59:363][978]LogWorld: Bringing up level for play took: 0.029669
[2016.02.24-01.33.59:445][978]PIE: Info Play in editor start time for /Game/Niveles/UEDPIE_0_Nivel_1 0.38
[2016.02.24-01.33.59:477][978]LogRenderer: Reallocating scene render targets to support 1296x760 (Frame:1919).
[2016.02.24-01.34.11:329][744]LogParticles: Destroying 0 GPU particle simulations for FXSystem 0x000000583264CD60
[2016.02.24-01.34.28:225][771]LogEditorViewport: Clicking on Actor (LMB): PaperSpriteActor (fondoSinObjetos_Sprite)
[2016.02.24-01.34.30:846][923]Cmd: DELETE
[2016.02.24-01.34.30:846][923]Cmd: ACTOR DELETE
[2016.02.24-01.34.31:041][923]LogEditorActor: Deleted Actor: PaperSpriteActor
[2016.02.24-01.34.31:090][923]LogEditorActor: Deleted 1 Actors (0.049 secs)
[2016.02.24-01.34.52:433][643]LogD3D11RHI: InitD3DDevice
[2016.02.24-01.34.52:507][643]LogD3D11RHI: InitD3DDevice
[2016.02.24-01.34.52:578][643]LogFactory: FactoryCreateBinary: Texture with TextureFactory (0 0 C:\Users\Jimmy\Desktop\imagenesPartes\Parte1.png)
[2016.02.24-01.34.52:765][643]LogTexture:Display: Building textures: Parte1 (BGRA8)
[2016.02.24-01.34.58:208][940]LogD3D11RHI: InitD3DDevice
[2016.02.24-01.34.58:542][960]LogD3D11RHI: InitD3DDevice
[2016.02.24-01.34.59:045][991]LogD3D11RHI: InitD3DDevice
[2016.02.24-01.35.03:296][262]LogD3D11RHI: InitD3DDevice
[2016.02.24-01.35.14:683][  8]LogD3D11RHI: InitD3DDevice
[2016.02.24-01.35.15:512][ 62]LogD3D11RHI: InitD3DDevice
[2016.02.24-01.35.17:164][166]LogD3D11RHI: InitD3DDevice
[2016.02.24-01.35.17:350][166]SourceControl: Info # On branch master
[2016.02.24-01.35.17:350][166]SourceControl: Info # Changes to be committed:
[2016.02.24-01.35.17:350][166]SourceControl: Info #   (use "git reset HEAD <file>..." to unstage)
[2016.02.24-01.35.17:350][166]SourceControl: Info #
[2016.02.24-01.35.17:350][166]SourceControl: Info #	new file:   Proyecto 4.8/Content/Sprites/HUDSprites/energia.uasset
[2016.02.24-01.35.17:350][166]SourceControl: Info #	new file:   Proyecto 4.8/Content/Sprites/HUDSprites/energia_Sprite.uasset
[2016.02.24-01.35.17:350][166]SourceControl: Info #
[2016.02.24-01.35.17:350][166]SourceControl: Info # Changes not staged for commit:
[2016.02.24-01.35.17:350][166]SourceControl: Info #   (use "git add <file>..." to update what will be committed)
[2016.02.24-01.35.17:350][166]SourceControl: Info #   (use "git checkout -- <file>..." to discard changes in working directory)
[2016.02.24-01.35.17:350][166]SourceControl: Info #
[2016.02.24-01.35.17:350][166]SourceControl: Info #	modified:   Proyecto 4.8/Content/Niveles/Nivel_1.umap
[2016.02.24-01.35.17:350][166]SourceControl: Info #	modified:   Proyecto 4.8/Content/Sprites/energia.uasset
[2016.02.24-01.35.17:350][166]SourceControl: Info #	modified:   Proyecto 4.8/Intermediate/CachedAssetRegistry.bin
[2016.02.24-01.35.17:350][166]SourceControl: Info #	modified:   Proyecto 4.8/Saved/Autosaves/PackageRestoreData.json
[2016.02.24-01.35.17:351][166]SourceControl: Info #	modified:   Proyecto 4.8/Saved/Config/Windows/Editor.ini
[2016.02.24-01.35.17:351][166]SourceControl: Info #	modified:   Proyecto 4.8/Saved/Config/Windows/EditorPerProjectUserSettings.ini
[2016.02.24-01.35.17:351][166]SourceControl: Info #	modified:   Proyecto 4.8/Saved/Config/Windows/Engine.ini
[2016.02.24-01.35.17:351][166]SourceControl: Info #	modified:   Proyecto 4.8/Saved/Logs/Proyecto.log
[2016.02.24-01.35.17:351][166]SourceControl: Info #
[2016.02.24-01.35.17:351][166]SourceControl: Info # Untracked files:
[2016.02.24-01.35.17:351][166]SourceControl: Info #   (use "git add <file>..." to include in what will be committed)
[2016.02.24-01.35.17:351][166]SourceControl: Info #
[2016.02.24-01.35.17:351][166]SourceControl: Info #	Proyecto 4.8/Saved/Backup/Nivel_1_2016-02-23-19-50-37.umap
[2016.02.24-01.35.17:351][166]SourceControl: Info #	Proyecto 4.8/Saved/Backup/energia_2016-02-23-20-24-35.uasset
[2016.02.24-01.35.17:351][166]SourceControl: Info #	Proyecto 4.8/Saved/Logs/Proyecto-backup-2016.02.23-19.48.56.log
[2016.02.24-01.35.17:351][166]SourceControl: Info #	Proyecto 4.8/Saved/Logs/Proyecto-backup-2016.02.23-20.31.38.log
[2016.02.24-01.35.17:351][166]SourceControl: Info #	Proyecto 4.8/Saved/Logs/UE4CC-Windows-D9FF34DA412C7E5968E8A4AE0B256CCF/
[2016.02.24-01.35.17:358][166]LogD3D11RHI: InitD3DDevice
[2016.02.24-01.35.17:422][166]LogD3D11RHI: InitD3DDevice
[2016.02.24-01.35.17:445][166]LogD3D11RHI: InitD3DDevice
[2016.02.24-01.35.17:510][166]LogD3D11RHI: InitD3DDevice
[2016.02.24-01.35.17:573][166]LogD3D11RHI: InitD3DDevice
[2016.02.24-01.35.17:628][166]LogD3D11RHI: InitD3DDevice
[2016.02.24-01.35.17:700][166]Cmd: OBJ SAVEPACKAGE PACKAGE="/Game/Sprites/Nivel_1/Parte1" FILE="../../../../../../Users/Jimmy/git/PoliHeath/Proyecto 4.8/Content/Sprites/Nivel_1/Parte1.uasset" SILENT=true
[2016.02.24-01.35.17:904][166]LogSavePackage: Save=199.216751ms
[2016.02.24-01.35.17:904][166]LogSavePackage: Moving '../../../../../../Users/Jimmy/git/PoliHeath/Proyecto 4.8/Saved/Parte11E1F5D4D422CB72CBD58F6ACF3402DAB.tmp' to '../../../../../../Users/Jimmy/git/PoliHeath/Proyecto 4.8/Content/Sprites/Nivel_1/Parte1.uasset'
[2016.02.24-01.35.17:913][166]LogD3D11RHI: InitD3DDevice
[2016.02.24-01.35.18:051][166]LogD3D11RHI: InitD3DDevice
[2016.02.24-01.35.18:113][166]LogD3D11RHI: InitD3DDevice
[2016.02.24-01.35.27:582][690]LogD3D11RHI: InitD3DDevice
[2016.02.24-01.35.28:292][738]LogD3D11RHI: InitD3DDevice
[2016.02.24-01.35.30:006][849]LogD3D11RHI: InitD3DDevice
[2016.02.24-01.35.30:189][849]SourceControl: Info # On branch master
[2016.02.24-01.35.30:189][849]SourceControl: Info # Changes to be committed:
[2016.02.24-01.35.30:189][849]SourceControl: Info #   (use "git reset HEAD <file>..." to unstage)
[2016.02.24-01.35.30:189][849]SourceControl: Info #
[2016.02.24-01.35.30:189][849]SourceControl: Info #	new file:   Proyecto 4.8/Content/Sprites/HUDSprites/energia.uasset
[2016.02.24-01.35.30:189][849]SourceControl: Info #	new file:   Proyecto 4.8/Content/Sprites/HUDSprites/energia_Sprite.uasset
[2016.02.24-01.35.30:189][849]SourceControl: Info #	new file:   Proyecto 4.8/Content/Sprites/Nivel_1/Parte1.uasset
[2016.02.24-01.35.30:189][849]SourceControl: Info #
[2016.02.24-01.35.30:189][849]SourceControl: Info # Changes not staged for commit:
[2016.02.24-01.35.30:189][849]SourceControl: Info #   (use "git add <file>..." to update what will be committed)
[2016.02.24-01.35.30:189][849]SourceControl: Info #   (use "git checkout -- <file>..." to discard changes in working directory)
[2016.02.24-01.35.30:189][849]SourceControl: Info #
[2016.02.24-01.35.30:189][849]SourceControl: Info #	modified:   Proyecto 4.8/Content/Niveles/Nivel_1.umap
[2016.02.24-01.35.30:189][849]SourceControl: Info #	modified:   Proyecto 4.8/Content/Sprites/energia.uasset
[2016.02.24-01.35.30:189][849]SourceControl: Info #	modified:   Proyecto 4.8/Intermediate/CachedAssetRegistry.bin
[2016.02.24-01.35.30:190][849]SourceControl: Info #	modified:   Proyecto 4.8/Saved/Autosaves/PackageRestoreData.json
[2016.02.24-01.35.30:190][849]SourceControl: Info #	modified:   Proyecto 4.8/Saved/Config/Windows/Editor.ini
[2016.02.24-01.35.30:190][849]SourceControl: Info #	modified:   Proyecto 4.8/Saved/Config/Windows/EditorPerProjectUserSettings.ini
[2016.02.24-01.35.30:190][849]SourceControl: Info #	modified:   Proyecto 4.8/Saved/Config/Windows/Engine.ini
[2016.02.24-01.35.30:190][849]SourceControl: Info #	modified:   Proyecto 4.8/Saved/Logs/Proyecto.log
[2016.02.24-01.35.30:190][849]SourceControl: Info #
[2016.02.24-01.35.30:190][849]SourceControl: Info # Untracked files:
[2016.02.24-01.35.30:190][849]SourceControl: Info #   (use "git add <file>..." to include in what will be committed)
[2016.02.24-01.35.30:190][849]SourceControl: Info #
[2016.02.24-01.35.30:190][849]SourceControl: Info #	Proyecto 4.8/Saved/Backup/Nivel_1_2016-02-23-19-50-37.umap
[2016.02.24-01.35.30:190][849]SourceControl: Info #	Proyecto 4.8/Saved/Backup/energia_2016-02-23-20-24-35.uasset
[2016.02.24-01.35.30:190][849]SourceControl: Info #	Proyecto 4.8/Saved/Logs/Proyecto-backup-2016.02.23-19.48.56.log
[2016.02.24-01.35.30:190][849]SourceControl: Info #	Proyecto 4.8/Saved/Logs/Proyecto-backup-2016.02.23-20.31.38.log
[2016.02.24-01.35.30:190][849]SourceControl: Info #	Proyecto 4.8/Saved/Logs/UE4CC-Windows-D9FF34DA412C7E5968E8A4AE0B256CCF/
[2016.02.24-01.35.30:197][849]LogD3D11RHI: InitD3DDevice
[2016.02.24-01.35.30:258][849]LogD3D11RHI: InitD3DDevice
[2016.02.24-01.35.30:276][849]LogD3D11RHI: InitD3DDevice
[2016.02.24-01.35.30:343][849]LogD3D11RHI: InitD3DDevice
[2016.02.24-01.35.30:409][849]LogD3D11RHI: InitD3DDevice
[2016.02.24-01.35.30:476][849]LogD3D11RHI: InitD3DDevice
[2016.02.24-01.35.30:529][849]Cmd: OBJ SAVEPACKAGE PACKAGE="/Game/Sprites/HUDSprites/listaObjetos" FILE="../../../../../../Users/Jimmy/git/PoliHeath/Proyecto 4.8/Content/Sprites/HUDSprites/listaObjetos.uasset" SILENT=true
[2016.02.24-01.35.30:547][849]LogSavePackage: Save=13.238542ms
[2016.02.24-01.35.30:547][849]LogSavePackage: Moving '../../../../../../Users/Jimmy/git/PoliHeath/Proyecto 4.8/Saved/listaObjetos41E7EA284DD9CE27C0A76E851147269D.tmp' to '../../../../../../Users/Jimmy/git/PoliHeath/Proyecto 4.8/Content/Sprites/HUDSprites/listaObjetos.uasset'
[2016.02.24-01.35.30:557][849]LogD3D11RHI: InitD3DDevice
[2016.02.24-01.35.30:720][849]Cmd: OBJ SAVEPACKAGE PACKAGE="/Game/Sprites/listaObjetos" FILE="../../../../../../Users/Jimmy/git/PoliHeath/Proyecto 4.8/Content/Sprites/listaObjetos.uasset" SILENT=true
[2016.02.24-01.35.30:802][849]LogSavePackage: Save=3.330025ms
[2016.02.24-01.35.30:802][849]LogSavePackage: Moving '../../../../../../Users/Jimmy/git/PoliHeath/Proyecto 4.8/Saved/listaObjetos4066FAD7497318813B6CA5BDF36CDF54.tmp' to '../../../../../../Users/Jimmy/git/PoliHeath/Proyecto 4.8/Content/Sprites/listaObjetos.uasset'
[2016.02.24-01.35.30:816][849]LogD3D11RHI: InitD3DDevice
[2016.02.24-01.35.30:890][849]LogD3D11RHI: InitD3DDevice
[2016.02.24-01.35.38:461][256]LogD3D11RHI: InitD3DDevice
[2016.02.24-01.35.39:165][303]LogD3D11RHI: InitD3DDevice
[2016.02.24-01.35.40:106][365]LogD3D11RHI: InitD3DDevice
[2016.02.24-01.35.40:301][365]SourceControl: Info # On branch master
[2016.02.24-01.35.40:301][365]SourceControl: Info # Changes to be committed:
[2016.02.24-01.35.40:301][365]SourceControl: Info #   (use "git reset HEAD <file>..." to unstage)
[2016.02.24-01.35.40:301][365]SourceControl: Info #
[2016.02.24-01.35.40:301][365]SourceControl: Info #	new file:   Proyecto 4.8/Content/Sprites/HUDSprites/energia.uasset
[2016.02.24-01.35.40:301][365]SourceControl: Info #	new file:   Proyecto 4.8/Content/Sprites/HUDSprites/energia_Sprite.uasset
[2016.02.24-01.35.40:301][365]SourceControl: Info #	new file:   Proyecto 4.8/Content/Sprites/HUDSprites/listaObjetos.uasset
[2016.02.24-01.35.40:301][365]SourceControl: Info #	new file:   Proyecto 4.8/Content/Sprites/Nivel_1/Parte1.uasset
[2016.02.24-01.35.40:301][365]SourceControl: Info #	modified:   Proyecto 4.8/Content/Sprites/listaObjetos.uasset
[2016.02.24-01.35.40:301][365]SourceControl: Info #
[2016.02.24-01.35.40:301][365]SourceControl: Info # Changes not staged for commit:
[2016.02.24-01.35.40:301][365]SourceControl: Info #   (use "git add <file>..." to update what will be committed)
[2016.02.24-01.35.40:301][365]SourceControl: Info #   (use "git checkout -- <file>..." to discard changes in working directory)
[2016.02.24-01.35.40:301][365]SourceControl: Info #
[2016.02.24-01.35.40:301][365]SourceControl: Info #	modified:   Proyecto 4.8/Content/Niveles/Nivel_1.umap
[2016.02.24-01.35.40:302][365]SourceControl: Info #	modified:   Proyecto 4.8/Content/Sprites/energia.uasset
[2016.02.24-01.35.40:302][365]SourceControl: Info #	modified:   Proyecto 4.8/Intermediate/CachedAssetRegistry.bin
[2016.02.24-01.35.40:302][365]SourceControl: Info #	modified:   Proyecto 4.8/Saved/Autosaves/PackageRestoreData.json
[2016.02.24-01.35.40:302][365]SourceControl