[2016.02.24-23.16.16:693][  0]Log file open, 02/24/16 18:16:16
[2016.02.24-23.16.16:693][  0]LogInit:Display: Running engine for game: Proyecto
[2016.02.24-23.16.16:693][  0]LogInit:Display: RandInit(-915908685) SRandInit(-915908685).
[2016.02.24-23.16.16:693][  0]LogTaskGraph: Started task graph with 4 named threads and 8 total threads.
[2016.02.24-23.16.16:693][  0]LogStats: Stats thread started
[2016.02.24-23.16.16:693][  0]LogInit: Version: 4.8.3-2634408+++depot+UE4-Releases+4.8
[2016.02.24-23.16.16:693][  0]LogInit: API Version: 2579680
[2016.02.24-23.16.16:693][  0]LogInit: Compiled (64-bit): Jul 27 2015 16:24:33
[2016.02.24-23.16.16:693][  0]LogInit: Compiled with Visual C++: 18.00.21005.01
[2016.02.24-23.16.16:693][  0]LogInit: Build Configuration: Development
[2016.02.24-23.16.16:693][  0]LogInit: Branch Name: ++depot+UE4-Releases+4.8
[2016.02.24-23.16.16:693][  0]LogInit: Command line:  
[2016.02.24-23.16.16:693][  0]LogInit: Base directory: C:/Program Files (x86)/Epic Games/4.8/Engine/Binaries/Win64/
[2016.02.24-23.16.16:693][  0]LogInit: Rocket: 1
[2016.02.24-23.16.16:739][  0]LogInit: Using libcurl 7.41.0
[2016.02.24-23.16.16:739][  0]LogInit:  - built for x86_64-pc-win32
[2016.02.24-23.16.16:739][  0]LogInit:  - supports SSL with WinSSL
[2016.02.24-23.16.16:739][  0]LogInit:  - other features:
[2016.02.24-23.16.16:740][  0]LogInit:      CURL_VERSION_SSL
[2016.02.24-23.16.16:740][  0]LogInit:      CURL_VERSION_IPV6
[2016.02.24-23.16.16:740][  0]LogInit:      CURL_VERSION_ASYNCHDNS
[2016.02.24-23.16.16:740][  0]LogInit:      CURL_VERSION_LARGEFILE
[2016.02.24-23.16.16:740][  0]LogInit:      CURL_VERSION_IDN
[2016.02.24-23.16.16:740][  0]LogInit:  CurlRequestOptions (configurable via config and command line):
[2016.02.24-23.16.16:740][  0]LogInit:  - bVerifyPeer = true  - Libcurl will verify peer certificate
[2016.02.24-23.16.16:740][  0]LogInit:  - bUseHttpProxy = false  - Libcurl will NOT use HTTP proxy
[2016.02.24-23.16.16:740][  0]LogInit:  - bDontReuseConnections = false  - Libcurl will reuse connections
[2016.02.24-23.16.16:740][  0]LogInit:  - CertBundlePath = nullptr  - Libcurl will use whatever was configured at build time.
[2016.02.24-23.16.16:776][  0]LogOnline:Warning: No default platform service specified for OnlineSubsystem
[2016.02.24-23.16.16:822][  0]LogInit: Presizing for 0 objects not considered by GC, pre-allocating 0 bytes.
[2016.02.24-23.16.16:842][  0]LogInit: Object subsystem initialized
[2016.02.24-23.16.16:845][  0]LogConsoleResponse:Warning: Skipping Unknown console variable: 'UIScaleCurve = (EditorCurveData=(Keys=((Time=480.000000,Value=0.444000),(Time=720.000000,Value=0.666000),(Time=1080.000000,Value=1.000000),(Time=8640.000000,Value=8.000000))),ExternalCurve=None)'
[2016.02.24-23.16.16:845][  0]LogConsoleResponse:Warning:   Found in ini file 'C:/Users/Jimmy/git/PoliHeath/Proyecto 4.8/Saved/Config/Windows/Engine.ini', in section '[/Script/Engine.RendererSettings]'
[2016.02.24-23.16.16:846][  0]LogConsoleManager:Warning: Console variable 'r.MSAA.CompositingSampleCount' wasn't set ('Scalability' has a lower priority than 'ProjectSetting')
[2016.02.24-23.16.16:846][  0]LogInit: Selected Device Profile: [Windows]
[2016.02.24-23.16.16:846][  0]LogInit: Applying CVar settings loaded from the selected device profile: [Windows]
[2016.02.24-23.16.16:877][  0]LogInit: Computer: JIMMY-PC
[2016.02.24-23.16.16:877][  0]LogInit: User: Jimmy
[2016.02.24-23.16.16:877][  0]LogInit: CPU Page size=4096, Cores=6
[2016.02.24-23.16.16:877][  0]LogInit: High frequency timer resolution =2.746525 MHz
[2016.02.24-23.16.16:877][  0]LogMemory: Memory total: Physical=4.0GB (4GB approx)
[2016.02.24-23.16.16:877][  0]LogMemory: Platform Memory Stats for Windows
[2016.02.24-23.16.16:877][  0]LogMemory: Process Physical Memory: 49.15 MB used, 49.15 MB peak
[2016.02.24-23.16.16:877][  0]LogMemory: Process Virtual Memory: 22.18 MB used, 22.18 MB peak
[2016.02.24-23.16.16:877][  0]LogMemory: Physical Memory: 2511.59 MB used, 4092.53 MB total
[2016.02.24-23.16.16:877][  0]LogMemory: Virtual Memory: 292.58 MB used, 134217728.00 MB total
[2016.02.24-23.16.16:977][  0]LogTextLocalizationManager: The requested culture ('en_US') has no localization data; parent culture's ('en') localization data will be used.
[2016.02.24-23.16.17:501][  0]LogTextLocalizationManager:Warning: Loaded localization resources contain conflicting entries for (Namespace:ContentBrowser, Key:ImportAssetToolTip):
Localization Resource: (C:/Program Files (x86)/Epic Games/4.8/Engine/Content/Localization/Editor/en/Editor.locres) Source String Hash: (-630476809) Localized String: (Import to {0}...)
Localization Resource: (C:/Program Files (x86)/Epic Games/4.8/Engine/Content/Localization/Editor/en/Editor.locres) Source String Hash: (1271782899) Localized String: (Imports an asset from file to this folder.)
[2016.02.24-23.16.18:633][  0]LogD3D11RHI: Found D3D11 adapter 0: NVIDIA GeForce GTX 650 (Feature Level 11_0)
[2016.02.24-23.16.18:633][  0]LogD3D11RHI: Adapter has 1986MB of dedicated video memory, 0MB of dedicated system memory, and 2046MB of shared system memory, 1 output[s]
[2016.02.24-23.16.18:654][  0]LogD3D11RHI: Found D3D11 adapter 1: Microsoft Basic Render Driver (Feature Level 11_0)
[2016.02.24-23.16.18:654][  0]LogD3D11RHI: Adapter has 0MB of dedicated video memory, 0MB of dedicated system memory, and 256MB of shared system memory, 0 output[s]
[2016.02.24-23.16.18:654][  0]LogD3D11RHI: Chosen D3D11 Adapter Id = 0
[2016.02.24-23.16.18:662][  0]LogD3D11RHI: InitD3DDevice
[2016.02.24-23.16.18:662][  0]LogD3D11RHI: !Direct3DDevice
[2016.02.24-23.16.18:662][  0]LogRHI: Texture pool is 1361 MB (70% of 1945 MB)
[2016.02.24-23.16.18:695][  0]LogD3D11RHI: Async texture creation enabled
[2016.02.24-23.16.18:718][  0]LogShaderCompilers:Display: Using Local Shader Compiler.
[2016.02.24-23.16.22:579][  0]LogTemp:Display: Loaded TP DesktopTargetPlatform
[2016.02.24-23.16.22:622][  0]LogTemp:Display: Loaded TP WindowsClientTargetPlatform
[2016.02.24-23.16.22:683][  0]LogTemp:Display: Loaded TP WindowsNoEditorTargetPlatform
[2016.02.24-23.16.22:735][  0]LogTemp:Display: Loaded TP WindowsServerTargetPlatform
[2016.02.24-23.16.22:797][  0]LogTemp:Display: Loaded TP WindowsTargetPlatform
[2016.02.24-23.16.22:842][  0]LogTemp:Display: Loaded TP AndroidTargetPlatform
[2016.02.24-23.16.22:881][  0]LogTemp:Display: Loaded TP Android_ASTCTargetPlatform
[2016.02.24-23.16.22:920][  0]LogTemp:Display: Loaded TP Android_ATCTargetPlatform
[2016.02.24-23.16.22:967][  0]LogTemp:Display: Loaded TP Android_DXTTargetPlatform
[2016.02.24-23.16.23:014][  0]LogTemp:Display: Loaded TP Android_ETC1TargetPlatform
[2016.02.24-23.16.23:053][  0]LogTemp:Display: Loaded TP Android_ETC2TargetPlatform
[2016.02.24-23.16.23:093][  0]LogTemp:Display: Loaded TP Android_PVRTCTargetPlatform
[2016.02.24-23.16.23:258][  0]LogTemp:Display: Loaded TP IOSTargetPlatform
[2016.02.24-23.16.23:295][  0]LogTemp:Display: Loaded TP LinuxNoEditorTargetPlatform
[2016.02.24-23.16.23:332][  0]LogTemp:Display: Loaded TP LinuxServerTargetPlatform
[2016.02.24-23.16.23:396][  0]LogTemp:Display: Loaded TP LinuxTargetPlatform
[2016.02.24-23.16.23:396][  0]LogTargetPlatformManager:Display: Building Assets For Windows
[2016.02.24-23.16.24:185][  0]LogDerivedDataCache:Display: Max Cache Size: 512 MB
[2016.02.24-23.16.25:011][  0]LogDerivedDataCache: Loaded boot cache 0.83s 53MB C:/Users/Jimmy/AppData/Local/UnrealEngine/4.8/DerivedDataCache/Boot.ddc.
[2016.02.24-23.16.25:011][  0]LogDerivedDataCache:Display: Loaded Boot cache: C:/Users/Jimmy/AppData/Local/UnrealEngine/4.8/DerivedDataCache/Boot.ddc
[2016.02.24-23.16.25:011][  0]LogDerivedDataCache: FDerivedDataBackendGraph:  Pak pak cache file ../../../../../../Users/Jimmy/git/PoliHeath/Proyecto 4.8/DerivedDataCache/DDC.ddp not found, will not use a pak cache.
[2016.02.24-23.16.25:011][  0]LogDerivedDataCache: Unable to find inner node Pak for hierarchical cache Hierarchy.
[2016.02.24-23.16.25:012][  0]LogDerivedDataCache: FDerivedDataBackendGraph:  CompressedPak pak cache file ../../../../../../Users/Jimmy/git/PoliHeath/Proyecto 4.8/DerivedDataCache/Compressed.ddp not found, will not use a pak cache.
[2016.02.24-23.16.25:012][  0]LogDerivedDataCache: Unable to find inner node CompressedPak for hierarchical cache Hierarchy.
[2016.02.24-23.16.25:457][  0]LogDerivedDataCache:Display: Pak cache opened for reading ../../../Engine/DerivedDataCache/Compressed.ddp.
[2016.02.24-23.16.25:472][  0]LogDerivedDataCache: Using Local data cache path C:/Users/Jimmy/AppData/Local/UnrealEngine/Common/DerivedDataCache: Writable
[2016.02.24-23.16.28:332][  0]LogInit: Selected Device Profile: [Windows]
[2016.02.24-23.16.28:625][  0]ImportText (ComponentSweepMultiTests): Missing closing parenthesis: (RootShapeAsset="/Engine/BasicShapes/Cube.Cube",ShapeType="TriggerCapsule",HitResult=(Time=0.50,Location=(X=-100.000015,Y=0.0,Z=100.000015),ImpactPoint=(X=-50.0,Y=0.0,Z=50.0),Normal=(X=-1.0,Y=-0.0,Z=0.0),ImpactNormal=(X=0.0,Y=0.0,Z=1.0),TraceStart=(X=-200.0,Y=0.0,Z=200.0),TraceEnd=(X=0.0,Y=0.0,Z=0.0))
[2016.02.24-23.16.28:626][  0]ImportText (LineTraceSingleByChannelTests): Missing closing parenthesis: (RootShapeAsset="/Engine/BasicShapes/Cube.Cube",HitResult=(Time=0.50,Location=(X=-100.000015,Y=0.0,Z=100.000015),ImpactPoint=(X=-50.0,Y=0.0,Z=50.0),Normal=(X=-1.0,Y=-0.0,Z=0.0),ImpactNormal=(X=0.0,Y=0.0,Z=1.0),TraceStart=(X=-200.0,Y=0.0,Z=200.0),TraceEnd=(X=0.0,Y=0.0,Z=0.0))
[2016.02.24-23.16.28:720][  0]LogMeshUtilities: No automatic mesh reduction module available
[2016.02.24-23.16.28:720][  0]LogMeshUtilities: No automatic mesh merging module available
[2016.02.24-23.16.29:886][  0]LogInit: WinSock: version 1.1 (2.2), MaxSocks=32767, MaxUdp=65467
[2016.02.24-23.16.41:339][  0]UdpMessaging: Initializing bridge on interface 0.0.0.0:0 to multicast group 230.0.0.1:6666.
[2016.02.24-23.16.43:142][  0]SourceControl: Info Source control is disabled
[2016.02.24-23.16.44:572][  0]LogObj: 26273 objects as part of root set at end of initial load.
[2016.02.24-23.16.44:572][  0]LogUObjectAllocator: 5409248 out of 0 bytes used by permanent object pool.
[2016.02.24-23.16.44:817][  0]LogEngine: Initializing Engine...
[2016.02.24-23.16.44:827][  0]LogHMD: Can't find Oculus library dev build: is proper Runtime installed? Version: 0.6.0.0
[2016.02.24-23.16.44:875][  0]LogHMD:Warning: SteamVR failed to initialize.  Error: 110
[2016.02.24-23.16.45:487][  0]LogAIModule: Creating AISystem for world NewWorld
[2016.02.24-23.16.45:503][  0]LogInit: XAudio2 using 'Speakers (Realtek High Definition Audio)' : 2 channels at 48 kHz using 32 bits per sample (channel mask 0x3)
[2016.02.24-23.16.45:563][  0]LogInit: FAudioDevice initialized.
[2016.02.24-23.16.45:636][  0]LogDerivedDataCache: Saved boot cache 0.07s 53MB C:/Users/Jimmy/AppData/Local/UnrealEngine/4.8/DerivedDataCache/Boot.ddc.
[2016.02.24-23.16.45:657][  0]LogInit: Texture streaming: Disabled
[2016.02.24-23.16.45:730][  0]LogAnalytics: Creating configured Analytics provider AnalyticsET
[2016.02.24-23.16.45:730][  0]LogAnalytics: [UEEditor.Rocket.Release] APIServer = http://et2.epicgames.com/ET2/. AppVersion = 4.8.3-2634408+++depot+UE4-Releases+4.8
[2016.02.24-23.16.45:730][  0]LogAnalytics: [UEEditor.Rocket.Release] SetUserId d27f3b9b4f30e27e25812782be8b0d8d|8dcf4c5a87044acf9d7d9b2f0991a3f0|822a412b-4e57-4804-a033-2e42d5894c6e
[2016.02.24-23.16.45:730][  0]LogAnalytics: [UEEditor.Rocket.Release] AnalyticsET::StartSession
[2016.02.24-23.16.45:813][  0]LogInit: Transaction tracking system initialized
[2016.02.24-23.16.46:311][  0]BlueprintLog: New page: Editor Load
[2016.02.24-23.16.46:499][  0]LogAssetRegistry: FAssetRegistry took 0.0112 seconds to start up
[2016.02.24-23.16.46:501][  0]LogDirectoryWatcher:Warning: Failed to begin reading directory changes for ../../../Engine/Plugins/Experimental/CharacterAI/Content/. Error: 0
[2016.02.24-23.16.49:825][  0]LogConsoleManager:Warning: Console variable 'r.VSync' wasn't set ('GameSetting' has a lower priority than 'SystemSettingsIni')
[2016.02.24-23.16.49:826][  0]LogConsoleResponse:Display: 
[2016.02.24-23.16.50:573][  0]LogCook:Display: Done creating registry. It took  0.00s.
[2016.02.24-23.16.51:564][  0]Cmd: MAP LOAD FILE="../../../../../../Users/Jimmy/git/PoliHeath/Proyecto 4.8/Content/Niveles/Menu.umap" TEMPLATE=0 SHOWPROGRESS=1 FEATURELEVEL=3
[2016.02.24-23.16.51:565][  0]LightingResults: New page: Lighting Build
[2016.02.24-23.16.51:601][  0]MapCheck: New page: Map Check
[2016.02.24-23.16.51:601][  0]LightingResults: New page: Lighting Build
[2016.02.24-23.16.51:621][  0]LogParticles: Destroying 0 GPU particle simulations for FXSystem 0x000000FAF74F4B80
[2016.02.24-23.16.52:177][  0]LogAIModule: Creating AISystem for world Menu
[2016.02.24-23.16.52:179][  0]LogEditorServer: Finished looking for orphan Actors (0.000 secs)
[2016.02.24-23.16.52:182][  0]Cmd: MAP CHECKDEP NOCLEARLOG
[2016.02.24-23.16.52:419][  0]MapCheck: Info Map check complete: 0 Error(s), 0 Warning(s), took 237.023ms to complete.
[2016.02.24-23.16.52:419][  0]LogFileHelpers: Loading map 'Menu' took 0.856
[2016.02.24-23.16.52:673][  0]LogCollectionManager: Loaded 0 collections in 0.006044 seconds
[2016.02.24-23.16.52:694][  0]LogContentBrowser: Native class hierarchy populated in 0.0207 seconds. Added 1792 classes and 301 folders.
[2016.02.24-23.16.52:861][  0]LogContentBrowser: Native class hierarchy updated for 'WidgetCarousel' in 0.0009 seconds. Added 0 classes and 0 folders.
[2016.02.24-23.16.53:658][  0]LogContentBrowser: Native class hierarchy updated for 'AddContentDialog' in 0.0009 seconds. Added 0 classes and 0 folders.
[2016.02.24-23.16.53:719][  0]LogContentBrowser: Native class hierarchy updated for 'SceneOutliner' in 0.0009 seconds. Added 1 classes and 2 folders.
[2016.02.24-23.16.53:829][  0]LogCrashTracker: Crashtracker disabled due to settings.
[2016.02.24-23.16.53:832][  0]LogD3D11RHI: InitD3DDevice
[2016.02.24-23.16.53:837][  0]LogUObjectGlobals:Warning: Failed to find object 'Class None.'
[2016.02.24-23.16.53:860][  0]LogLoad: Full Startup: 43.94 seconds (BP compile: 0.46 seconds)
[2016.02.24-23.16.54:299][  0]SourceControl: Info # On branch master
[2016.02.24-23.16.54:299][  0]SourceControl: Info # Changes to be committed:
[2016.02.24-23.16.54:300][  0]SourceControl: Info #   (use "git reset HEAD <file>..." to unstage)
[2016.02.24-23.16.54:300][  0]SourceControl: Info #
[2016.02.24-23.16.54:300][  0]SourceControl: Info #	modified:   Proyecto 4.8/Content/Blueprints/BP_item3.uasset
[2016.02.24-23.16.54:300][  0]SourceControl: Info #	modified:   Proyecto 4.8/Content/Blueprints/BP_item4.uasset
[2016.02.24-23.16.54:300][  0]SourceControl: Info #	modified:   Proyecto 4.8/Content/Blueprints/BP_item5.uasset
[2016.02.24-23.16.54:300][  0]SourceControl: Info #	new file:   Proyecto 4.8/Content/Blueprints/DoorExit_1.uasset
[2016.02.24-23.16.54:300][  0]SourceControl: Info #	new file:   Proyecto 4.8/Content/Blueprints/Level_1/BP_item.uasset
[2016.02.24-23.16.54:300][  0]SourceControl: Info #	new file:   Proyecto 4.8/Content/Blueprints/Level_1/BP_item3.uasset
[2016.02.24-23.16.54:300][  0]SourceControl: Info #	new file:   Proyecto 4.8/Content/Blueprints/Level_1/BP_item4.uasset
[2016.02.24-23.16.54:300][  0]SourceControl: Info #	new file:   Proyecto 4.8/Content/Blueprints/Level_1/BP_item5.uasset
[2016.02.24-23.16.54:300][  0]SourceControl: Info #	new file:   Proyecto 4.8/Content/Blueprints/Level_1/DoorExit_1.uasset
[2016.02.24-23.16.54:300][  0]SourceControl: Info #	modified:   Proyecto 4.8/Content/Blueprints/mesaPC_Sprite.uasset
[2016.02.24-23.16.54:300][  0]SourceControl: Info #	modified:   Proyecto 4.8/Content/Niveles/Nivel_1.umap
[2016.02.24-23.16.54:300][  0]SourceControl: Info #	new file:   Proyecto 4.8/Content/Niveles/Nivel_2.umap
[2016.02.24-23.16.54:300][  0]SourceControl: Info #	new file:   Proyecto 4.8/Content/Sprites/Nivel_1/Parte4_Sprite.uasset
[2016.02.24-23.16.54:300][  0]SourceControl: Info #	new file:   Proyecto 4.8/Content/Sprites/Nivel_1/fondoSinObjetos3.uasset
[2016.02.24-23.16.54:300][  0]SourceControl: Info #	new file:   Proyecto 4.8/Content/Sprites/Nivel_1/objetoMesa.uasset
[2016.02.24-23.16.54:300][  0]SourceControl: Info #	new file:   Proyecto 4.8/Content/Sprites/Nivel_1/objetoMesa_Sprite.uasset
[2016.02.24-23.16.54:300][  0]SourceControl: Info #	new file:   Proyecto 4.8/Content/Sprites/Nivel_1/objetoSilla.uasset
[2016.02.24-23.16.54:301][  0]SourceControl: Info #	new file:   Proyecto 4.8/Content/Sprites/Nivel_1/objetoSilla_Sprite.uasset
[2016.02.24-23.16.54:301][  0]SourceControl: Info #	new file:   Proyecto 4.8/Content/Sprites/Nivel_1/parte2_1.uasset
[2016.02.24-23.16.54:301][  0]SourceControl: Info #	new file:   Proyecto 4.8/Content/Sprites/Nivel_1/parte2_1_Sprite.uasset
[2016.02.24-23.16.54:301][  0]SourceControl: Info #	deleted:    Proyecto 4.8/Content/Sprites/Nivel_1/parte4_Sprite.uasset
[2016.02.24-23.16.54:301][  0]SourceControl: Info #	new file:   Proyecto 4.8/Content/Sprites/Nivel_1/parteExit.uasset
[2016.02.24-23.16.54:301][  0]SourceControl: Info #	new file:   Proyecto 4.8/Content/Sprites/Nivel_1/parteExit_Sprite.uasset
[2016.02.24-23.16.54:301][  0]SourceControl: Info #	new file:   Proyecto 4.8/Content/Sprites/Nivel_1/puerta.uasset
[2016.02.24-23.16.54:301][  0]SourceControl: Info #	new file:   Proyecto 4.8/Content/Sprites/Nivel_1/puerta_Sprite.uasset
[2016.02.24-23.16.54:301][  0]SourceControl: Info #	new file:   Proyecto 4.8/Content/Sprites/Parte2.uasset
[2016.02.24-23.16.54:301][  0]SourceControl: Info #	new file:   Proyecto 4.8/Content/Sprites/Parte4.uasset
[2016.02.24-23.16.54:301][  0]SourceControl: Info #	deleted:    Proyecto 4.8/Content/Sprites/mesaPC.uasset
[2016.02.24-23.16.54:301][  0]SourceControl: Info #	deleted:    Proyecto 4.8/Content/Sprites/mesaPC_Sprite.uasset
[2016.02.24-23.16.54:301][  0]SourceControl: Info #	deleted:    Proyecto 4.8/Content/Sprites/objetoCable.uasset
[2016.02.24-23.16.54:301][  0]SourceControl: Info #	new file:   Proyecto 4.8/Content/Sprites/objetoMesa.uasset
[2016.02.24-23.16.54:301][  0]SourceControl: Info #	new file:   Proyecto 4.8/Content/Sprites/objetoSilla.uasset
[2016.02.24-23.16.54:301][  0]SourceControl: Info #	deleted:    Proyecto 4.8/Content/Sprites/silla.uasset
[2016.02.24-23.16.54:301][  0]SourceControl: Info #	deleted:    Proyecto 4.8/Content/Sprites/silla_Sprite.uasset
[2016.02.24-23.16.54:301][  0]SourceControl: Info #
[2016.02.24-23.16.54:301][  0]SourceControl: Info # Changes not staged for commit:
[2016.02.24-23.16.54:301][  0]SourceControl: Info #   (use "git add <file>..." to update what will be committed)
[2016.02.24-23.16.54:302][  0]SourceControl: Info #   (use "git checkout -- <file>..." to discard changes in working directory)
[2016.02.24-23.16.54:302][  0]SourceControl: Info #
[2016.02.24-23.16.54:302][  0]SourceControl: Info #	modified:   Proyecto 4.8/Content/Blueprints/BP_item.uasset
[2016.02.24-23.16.54:302][  0]SourceControl: Info #	modified:   Proyecto 4.8/Content/Blueprints/Level_1/DoorExit_1.uasset
[2016.02.24-23.16.54:302][  0]SourceControl: Info #	modified:   Proyecto 4.8/Content/Blueprints/Player/player.uasset
[2016.02.24-23.16.54:302][  0]SourceControl: Info #	modified:   Proyecto 4.8/Content/Blueprints/mesaPC_Sprite.uasset
[2016.02.24-23.16.54:302][  0]SourceControl: Info #	modified:   Proyecto 4.8/Content/Niveles/Menu.umap
[2016.02.24-23.16.54:302][  0]SourceControl: Info #	modified:   Proyecto 4.8/Content/Niveles/Nivel_1.umap
[2016.02.24-23.16.54:302][  0]SourceControl: Info #	modified:   Proyecto 4.8/Content/Sprites/Nivel_1/parte3.uasset
[2016.02.24-23.16.54:302][  0]SourceControl: Info #	modified:   Proyecto 4.8/Content/Sprites/Nivel_1/parte3_Sprite.uasset
[2016.02.24-23.16.54:302][  0]SourceControl: Info #	modified:   Proyecto 4.8/Content/Sprites/Nivel_1/parte4.uasset
[2016.02.24-23.16.54:302][  0]SourceControl: Info #	modified:   Proyecto 4.8/Content/Sprites/Nivel_1/parteExit.uasset
[2016.02.24-23.16.54:302][  0]SourceControl: Info #	modified:   Proyecto 4.8/Intermediate/CachedAssetRegistry.bin
[2016.02.24-23.16.54:302][  0]SourceControl: Info #	modified:   Proyecto 4.8/Saved/AutoScreenshot.png
[2016.02.24-23.16.54:302][  0]SourceControl: Info #	modified:   Proyecto 4.8/Saved/Autosaves/Game/Niveles/Nivel_1_Auto1.umap
[2016.02.24-23.16.54:302][  0]SourceControl: Info #	modified:   Proyecto 4.8/Saved/Autosaves/Game/Niveles/Nivel_1_Auto2.umap
[2016.02.24-23.16.54:302][  0]SourceControl: Info #	modified:   Proyecto 4.8/Saved/Config/Windows/Editor.ini
[2016.02.24-23.16.54:303][  0]SourceControl: Info #	modified:   Proyecto 4.8/Saved/Config/Windows/EditorPerProjectUserSettings.ini
[2016.02.24-23.16.54:303][  0]SourceControl: Info #	modified:   Proyecto 4.8/Saved/Config/Windows/Engine.ini
[2016.02.24-23.16.54:303][  0]SourceControl: Info #	modified:   Proyecto 4.8/Saved/Logs/Proyecto.log
[2016.02.24-23.16.54:303][  0]SourceControl: Info #
[2016.02.24-23.16.54:303][  0]SourceControl: Info # Untracked files:
[2016.02.24-23.16.54:303][  0]SourceControl: Info #   (use "git add <file>..." to include in what will be committed)
[2016.02.24-23.16.54:303][  0]SourceControl: Info #
[2016.02.24-23.16.54:303][  0]SourceControl: Info #	Proyecto 4.8/Saved/Autosaves/Game/Sprites/Nivel_1/Parte4_Auto1.uasset
[2016.02.24-23.16.54:303][  0]SourceControl: Info #	Proyecto 4.8/Saved/Autosaves/Game/Sprites/Nivel_1/Parte4_Sprite_Auto1.uasset
[2016.02.24-23.16.54:303][  0]SourceControl: Info #	Proyecto 4.8/Saved/Autosaves/Game/Sprites/Nivel_1/fondoSinObjetos3_Auto1.uasset
[2016.02.24-23.16.54:303][  0]SourceControl: Info #	Proyecto 4.8/Saved/Autosaves/Game/Sprites/Nivel_1/p3_Auto1.uasset
[2016.02.24-23.16.54:303][  0]SourceControl: Info #	Proyecto 4.8/Saved/Autosaves/Game/Sprites/Nivel_1/p3_Sprite_Auto1.uasset
[2016.02.24-23.16.54:303][  0]SourceControl: Info #	Proyecto 4.8/Saved/Autosaves/Game/Sprites/Nivel_1/parte2_1_Auto1.uasset
[2016.02.24-23.16.54:303][  0]SourceControl: Info #	Proyecto 4.8/Saved/Autosaves/Game/Sprites/Nivel_1/parte2_1_Sprite_Auto1.uasset
[2016.02.24-23.16.54:303][  0]SourceControl: Info #	Proyecto 4.8/Saved/Autosaves/Game/Sprites/Nivel_1/parteExit_Auto1.uasset
[2016.02.24-23.16.54:303][  0]SourceControl: Info #	Proyecto 4.8/Saved/Autosaves/Game/Sprites/Nivel_1/parteExit_Sprite_Auto1.uasset
[2016.02.24-23.16.54:303][  0]SourceControl: Info #	Proyecto 4.8/Saved/Autosaves/Game/Sprites/Parte2_Auto1.uasset
[2016.02.24-23.16.54:303][  0]SourceControl: Info #	Proyecto 4.8/Saved/Backup/BP_item2_2016-02-24-18-14-53.uasset
[2016.02.24-23.16.54:303][  0]SourceControl: Info #	Proyecto 4.8/Saved/Backup/BP_item3_2016-02-24-18-14-34.uasset
[2016.02.24-23.16.54:303][  0]SourceControl: Info #	Proyecto 4.8/Saved/Backup/BP_item4_2016-02-24-18-14-34.uasset
[2016.02.24-23.16.54:304][  0]SourceControl: Info #	Proyecto 4.8/Saved/Backup/BP_item5_2016-02-24-18-14-34.uasset
[2016.02.24-23.16.54:304][  0]SourceControl: Info #	Proyecto 4.8/Saved/Backup/BP_item_2016-02-24-17-22-38.uasset
[2016.02.24-23.16.54:304][  0]SourceControl: Info #	Proyecto 4.8/Saved/Backup/DoorExit_1_2016-02-24-17-37-51.uasset
[2016.02.24-23.16.54:304][  0]SourceControl: Info #	Proyecto 4.8/Saved/Backup/DoorExit_1_2016-02-24-18-15-48.uasset
[2016.02.24-23.16.54:304][  0]SourceControl: Info #	Proyecto 4.8/Saved/Backup/Menu_2016-02-24-17-21-59.umap
[2016.02.24-23.16.54:304][  0]SourceControl: Info #	Proyecto 4.8/Saved/Backup/Nivel_1_2016-02-24-16-58-25.umap
[2016.02.24-23.16.54:304][  0]SourceControl: Info #	Proyecto 4.8/Saved/Backup/Nivel_1_2016-02-24-17-11-03.umap
[2016.02.24-23.16.54:304][  0]SourceControl: Info #	Proyecto 4.8/Saved/Backup/Nivel_1_2016-02-24-17-17-56.umap
[2016.02.24-23.16.54:304][  0]SourceControl: Info #	Proyecto 4.8/Saved/Backup/Nivel_1_2016-02-24-17-47-39.umap
[2016.02.24-23.16.54:304][  0]SourceControl: Info #	Proyecto 4.8/Saved/Backup/Nivel_1_2016-02-24-17-57-40.umap
[2016.02.24-23.16.54:304][  0]SourceControl: Info #	Proyecto 4.8/Saved/Backup/Nivel_1_2016-02-24-18-04-28.umap
[2016.02.24-23.16.54:304][  0]SourceControl: Info #	Proyecto 4.8/Saved/Backup/Nivel_1_2016-02-24-18-10-22.umap
[2016.02.24-23.16.54:304][  0]SourceControl: Info #	Proyecto 4.8/Saved/Backup/Nivel_1_2016-02-24-18-15-49.umap
[2016.02.24-23.16.54:304][  0]SourceControl: Info #	Proyecto 4.8/Saved/Backup/Parte4_2016-02-24-17-39-02.uasset
[2016.02.24-23.16.54:304][  0]SourceControl: Info #	Proyecto 4.8/Saved/Backup/Parte4_2016-02-24-17-47-39.uasset
[2016.02.24-23.16.54:304][  0]SourceControl: Info #	Proyecto 4.8/Saved/Backup/Parte4_2016-02-24-18-04-37.uasset
[2016.02.24-23.16.54:304][  0]SourceControl: Info #	Proyecto 4.8/Saved/Backup/mesaPC_Sprite_2016-02-24-17-14-05.uasset
[2016.02.24-23.16.54:304][  0]SourceControl: Info #	Proyecto 4.8/Saved/Backup/mesaPC_Sprite_2016-02-24-18-15-48.uasset
[2016.02.24-23.16.54:304][  0]SourceControl: Info #	Proyecto 4.8/Saved/Backup/parte3_2016-02-24-17-40-37.uasset
[2016.02.24-23.16.54:305][  0]SourceControl: Info #	Proyecto 4.8/Saved/Backup/parte3_Sprite_2016-02-24-17-40-26.uasset
[2016.02.24-23.16.54:305][  0]SourceControl: Info #	Proyecto 4.8/Saved/Backup/parte4_2016-02-24-17-11-03.uasset
[2016.02.24-23.16.54:305][  0]SourceControl: Info #	Proyecto 4.8/Saved/Backup/parteExit_2016-02-24-17-47-39.uasset
[2016.02.24-23.16.54:305][  0]SourceControl: Info #	Proyecto 4.8/Saved/Backup/parteExit_2016-02-24-18-04-38.uasset
[2016.02.24-23.16.54:305][  0]SourceControl: Info #	Proyecto 4.8/Saved/Backup/player_2016-02-24-18-11-47.uasset
[2016.02.24-23.16.54:305][  0]SourceControl: Info #	Proyecto 4.8/Saved/Logs/Proyecto-backup-2016.02.24-16.36.50.log
[2016.02.24-23.16.54:305][  0]SourceControl: Info #	Proyecto 4.8/Saved/Logs/Proyecto-backup-2016.02.24-17.26.00.log
[2016.02.24-23.16.54:305][  0]SourceControl: Info #	Proyecto 4.8/Saved/Logs/Proyecto-backup-2016.02.24-18.16.16.log
[2016.02.24-23.16.54:305][  0]LogContentStreaming: Texture pool size is 0.000000MB
[2016.02.24-23.16.54:364][  0]LogContentStreaming: Texture pool size now 1000 MB
[2016.02.24-23.16.55:096][  0]LogRenderer: Reallocating scene render targets to support 1208x576 (Frame:2).
[2016.02.24-23.16.55:361][  2]LogD3D11RHI: InitD3DDevice
[2016.02.24-23.16.58:588][ 11]LogAssetRegistry: Asset discovery search completed in 12.0994 seconds
[2016.02.24-23.17.19:930][ 91]LogD3D11RHI: InitD3DDevice
[2016.02.24-23.17.24:598][500]LogD3D11RHI: InitD3DDevice
[2016.02.24-23.17.29:146][500]LogAIModule: Creating AISystem for world Nivel_1
[2016.02.24-23.17.29:943][500]Cmd: MAP LOAD FILE="../../../../../../Users/Jimmy/git/PoliHeath/Proyecto 4.8/Content/Niveles/Nivel_1.umap" TEMPLATE=0 SHOWPROGRESS=1 FEATURELEVEL=3
[2016.02.24-23.17.29:946][500]LightingResults: New page: Lighting Build
[2016.02.24-23.17.30:002][500]LoadErrors: New page: Loading map: Nivel_1.umap
[2016.02.24-23.17.30:003][500]MapCheck: New page: Map Check
[2016.02.24-23.17.30:003][500]LightingResults: New page: Lighting Build
[2016.02.24-23.17.30:023][500]LogParticles: Destroying 0 GPU particle simulations for FXSystem 0x000000FAECA6C540
[2016.02.24-23.17.30:230][500]LogAIModule: Creating AISystem for world Nivel_1
[2016.02.24-23.17.30:247][500]LogEditorServer: Finished looking for orphan Actors (0.000 secs)
[2016.02.24-23.17.30:349][500]Cmd: MAP CHECKDEP NOCLEARLOG
[2016.02.24-23.17.30:529][500]MapCheck: Info Map check complete: 0 Error(s), 0 Warning(s), took 179.634ms to complete.
[2016.02.24-23.17.30:531][500]LogFileHelpers: Loading map 'Nivel_1' took 0.590
[2016.02.24-23.17.33:399][704]LogD3D11RHI: InitD3DDevice
[2016.02.24-23.17.34:136][764]LogD3D11RHI: InitD3DDevice
[2016.02.24-23.17.34:988][834]LogD3D11RHI: InitD3DDevice
[2016.02.24-23.17.35:402][834]SourceControl: Info # On branch master
[2016.02.24-23.17.35:402][834]SourceControl: Info # Changes to be committed:
[2016.02.24-23.17.35:402][834]SourceControl: Info #   (use "git reset HEAD <file>..." to unstage)
[2016.02.24-23.17.35:403][834]SourceControl: Info #
[2016.02.24-23.17.35:403][834]SourceControl: Info #	modified:   Proyecto 4.8/Content/Blueprints/BP_item3.uasset
[2016.02.24-23.17.35:403][834]SourceControl: Info #	modified:   Proyecto 4.8/Content/Blueprints/BP_item4.uasset
[2016.02.24-23.17.35:403][834]SourceControl: Info #	modified:   Proyecto 4.8/Content/Blueprints/BP_item5.uasset
[2016.02.24-23.17.35:403][834]SourceControl: Info #	new file:   Proyecto 4.8/Content/Blueprints/DoorExit_1.uasset
[2016.02.24-23.17.35:403][834]SourceControl: Info #	new file:   Proyecto 4.8/Content/Blueprints/Level_1/BP_item.uasset
[2016.02.24-23.17.35:403][834]SourceControl: Info #	new file:   Proyecto 4.8/Content/Blueprints/Level_1/BP_item3.uasset
[2016.02.24-23.17.35:403][834]SourceControl: Info #	new file:   Proyecto 4.8/Content/Blueprints/Level_1/BP_item4.uasset
[2016.02.24-23.17.35:403][834]SourceControl: Info #	new file:   Proyecto 4.8/Content/Blueprints/Level_1/BP_item5.uasset
[2016.02.24-23.17.35:403][834]SourceControl: Info #	new file:   Proyecto 4.8/Content/Blueprints/Level_1/DoorExit_1.uasset
[2016.02.24-23.17.35:403][834]SourceControl: Info #	modified:   Proyecto 4.8/Content/Blueprints/mesaPC_Sprite.uasset
[2016.02.24-23.17.35:403][834]SourceControl: Info #	modified:   Proyecto 4.8/Content/Niveles/Nivel_1.umap
[2016.02.24-23.17.35:403][834]SourceControl: Info #	new file:   Proyecto 4.8/Content/Niveles/Nivel_2.umap
[2016.02.24-23.17.35:403][834]SourceControl: Info #	new file:   Proyecto 4.8/Content/Sprites/Nivel_1/Parte4_Sprite.uasset
[2016.02.24-23.17.35:403][834]SourceControl: Info #	new file:   Proyecto 4.8/Content/Sprites/Nivel_1/fondoSinObjetos3.uasset
[2016.02.24-23.17.35:403][834]SourceControl: Info #	new file:   Proyecto 4.8/Content/Sprites/Nivel_1/objetoMesa.uasset
[2016.02.24-23.17.35:403][834]SourceControl: Info #	new file:   Proyecto 4.8/Content/Sprites/Nivel_1/objetoMesa_Sprite.uasset
[2016.02.24-23.17.35:403][834]SourceControl: Info #	new file:   Proyecto 4.8/Content/Sprites/Nivel_1/objetoSilla.uasset
[2016.02.24-23.17.35:403][834]SourceControl: Info #	new file:   Proyecto 4.8/Content/Sprites/Nivel_1/objetoSilla_Sprite.uasset
[2016.02.24-23.17.35:403][834]SourceControl: Info #	new file:   Proyecto 4.8/Content/Sprites/Nivel_1/parte2_1.uasset
[2016.02.24-23.17.35:403][834]SourceControl: Info #	new file:   Proyecto 4.8/Content/Sprites/Nivel_1/parte2_1_Sprite.uasset
[2016.02.24-23.17.35:404][834]SourceControl: Info #	deleted:    Proyecto 4.8/Content/Sprites/Nivel_1/parte4_Sprite.uasset
[2016.02.24-23.17.35:404][834]SourceControl: Info #	new file:   Proyecto 4.8/Content/Sprites/Nivel_1/parteExit.uasset
[2016.02.24-23.17.35:404][834]SourceControl: Info #	new file:   Proyecto 4.8/Content/Sprites/Nivel_1/parteExit_Sprite.uasset
[2016.02.24-23.17.35:404][834]SourceControl: Info #	new file:   Proyecto 4.8/Content/Sprites/Nivel_1/puerta.uasset
[2016.02.24-23.17.35:404][834]SourceControl: Info #	new file:   Proyecto 4.8/Content/Sprites/Nivel_1/puerta_Sprite.uasset
[2016.02.24-23.17.35:404][834]SourceControl: Info #	new file:   Proyecto 4.8/Content/Sprites/Parte2.uasset
[2016.02.24-23.17.35:404][834]SourceControl: Info #	new file:   Proyecto 4.8/Content/Sprites/Parte4.uasset
[2016.02.24-23.17.35:404][834]SourceControl: Info #	deleted:    Proyecto 4.8/Content/Sprites/mesaPC.uasset
[2016.02.24-23.17.35:404][834]SourceControl: Info #	deleted:    Proyecto 4.8/Content/Sprites/mesaPC_Sprite.uasset
[2016.02.24-23.17.35:404][834]SourceControl: Info #	deleted:    Proyecto 4.8/Content/Sprites/objetoCable.uasset
[2016.02.24-23.17.35:404][834]SourceControl: Info #	new file:   Proyecto 4.8/Content/Sprites/objetoMesa.uasset
[2016.02.24-23.17.35:404][834]SourceControl: Info #	new file:   Proyecto 4.8/Content/Sprites/objetoSilla.uasset
[2016.02.24-23.17.35:404][834]SourceControl: Info #	deleted:    Proyecto 4.8/Content/Sprites/silla.uasset
[2016.02.24-23.17.35:404][834]SourceControl: Info #	deleted:    Proyecto 4.8/Content/Sprites/silla_Sprite.uasset
[2016.02.24-23.17.35:404][834]SourceControl: Info #
[2016.02.24-23.17.35:404][834]SourceControl: Info # Changes not staged for commit:
[2016.02.24-23.17.35:404][834]SourceControl: Info #   (use "git add <file>..." to update what will be committed)
[2016.02.24-23.17.35:404][834]SourceControl: Info #   (use "git checkout -- <file>..." to discard changes in working directory)
[2016.02.24-23.17.35:404][834]SourceControl: Info #
[2016.02.24-23.17.35:404][834]SourceControl: Info #	modified:   Proyecto 4.8/Content/Blueprints/BP_item.uasset
[2016.02.24-23.17.35:404][834]SourceControl: Info #	modified:   Proyecto 4.8/Content/Blueprints/Level_1/DoorExit_1.uasset
[2016.02.24-23.17.35:404][834]SourceControl: Info #	modified:   Proyecto 4.8/Content/Blueprints/Player/player.uasset
[2016.02.24-23.17.35:405][834]SourceControl: Info #	modified:   Proyecto 4.8/Content/Blueprints/mesaPC_Sprite.uasset
[2016.02.24-23.17.35:405][834]SourceControl: Info #	modified:   Proyecto 4.8/Content/Niveles/Menu.umap
[2016.02.24-23.17.35:405][834]SourceControl: Info #	modified:   Proyecto 4.8/Content/Niveles/Nivel_1.umap
[2016.02.24-23.17.35:405][834]SourceControl: Info #	modified:   Proyecto 4.8/Content/Sprites/Nivel_1/parte3.uasset
[2016.02.24-23.17.35:405][834]SourceControl: Info #	modified:   Proyecto 4.8/Content/Sprites/Nivel_1/parte3_Sprite.uasset
[2016.02.24-23.17.35:405][834]SourceControl: Info #	modified:   Proyecto 4.8/Content/Sprites/Nivel_1/parte4.uasset
[2016.02.24-23.17.35:405][834]SourceControl: Info #	modified:   Proyecto 4.8/Content/Sprites/Nivel_1/parteExit.uasset
[2016.02.24-23.17.35:405][834]SourceControl: Info #	modified:   Proyecto 4.8/Intermediate/CachedAssetRegistry.bin
[2016.02.24-23.17.35:405][834]SourceControl: Info #	modified:   Proyecto 4.8/Saved/AutoScreenshot.png
[2016.02.24-23.17.35:405][834]SourceControl: Info #	modified:   Proyecto 4.8/Saved/Autosaves/Game/Niveles/Nivel_1_Auto1.umap
[2016.02.24-23.17.35:405][834]SourceControl: Info #	modified:   Proyecto 4.8/Saved/Autosaves/Game/Niveles/Nivel_1_Auto2.umap
[2016.02.24-23.17.35:405][834]SourceControl: Info #	modified:   Proyecto 4.8/Saved/Config/Windows/Editor.ini
[2016.02.24-23.17.35:405][834]SourceControl: Info #	modified:   Proyecto 4.8/Saved/Config/Windows/EditorPerProjectUserSettings.ini
[2016.02.24-23.17.35:405][834]SourceControl: Info #	modified:   Proyecto 4.8/Saved/Config/Windows/Engine.ini
[2016.02.24-23.17.35:405][834]SourceControl: Info #	modified:   Proyecto 4.8/Saved/Logs/Proyecto.log
[2016.02.24-23.17.35:405][834]SourceControl: Info #
[2016.02.24-23.17.35:405][834]SourceControl: Info # Untracked files:
[2016.02.24-23.17.35:405][834]SourceControl: Info #   (use "git add <file>..." to include in what will be committed)
[2016.02.24-23.17.35:405][834]SourceControl: Info #
[2016.02.24-23.17.35:405][834]SourceControl: Info #	Proyecto 4.8/Saved/Autosaves/Game/Sprites/Nivel_1/Parte4_Auto1.uasset
[2016.02.24-23.17.35:405][834]SourceControl: Info #	Proyecto 4.8/Saved/Autosaves/Game/Sprites/Nivel_1/Parte4_Sprite_Auto1.uasset
[2016.02.24-23.17.35:405][834]SourceControl: Info #	Proyecto 4.8/Saved/Autosaves/Game/Sprites/Nivel_1/fondoSinObjetos3_Auto1.uasset
[2016.02.24-23.17.35:405][834]SourceControl: Info #	Proyecto 4.8/Saved/Autosaves/Game/Sprites/Nivel_1/p3_Auto1.uasset
[2016.02.24-23.17.35:406][834]SourceControl: Info #	Proyecto 4.8/Saved/Autosaves/Game/Sprites/Nivel_1/p3_Sprite_Auto1.uasset
[2016.02.24-23.17.35:406][834]SourceControl: Info #	Proyecto 4.8/Saved/Autosaves/Game/Sprites/Nivel_1/parte2_1_Auto1.uasset
[2016.02.24-23.17.35:406][834]SourceControl: Info #	Proyecto 4.8/Saved/Autosaves/Game/Sprites/Nivel_1/parte2_1_Sprite_Auto1.uasset
[2016.02.24-23.17.35:406][834]SourceControl: Info #	Proyecto 4.8/Saved/Autosaves/Game/Sprites/Nivel_1/parteExit_Auto1.uasset
[2016.02.24-23.17.35:406][834]SourceControl: Info #	Proyecto 4.8/Saved/Autosaves/Game/Sprites/Nivel_1/parteExit_Sprite_Auto1.uasset
[2016.02.24-23.17.35:406][834]SourceControl: Info #	Proyecto 4.8/Saved/Autosaves/Game/Sprites/Parte2_Auto1.uasset
[2016.02.24-23.17.35:406][834]SourceControl: Info #	Proyecto 4.8/Saved/Backup/BP_item2_2016-02-24-18-14-53.uasset
[2016.02.24-23.17.35:406][834]SourceControl: Info #	Proyecto 4.8/Saved/Backup/BP_item3_2016-02-24-18-14-34.uasset
[2016.02.24-23.17.35:406][834]SourceControl: Info #	Proyecto 4.8/Saved/Backup/BP_item4_2016-02-24-18-14-34.uasset
[2016.02.24-23.17.35:406][834]SourceControl: Info #	Proyecto 4.8/Saved/Backup/BP_item5_2016-02-24-18-14-34.uasset
[2016.02.24-23.17.35:406][834]SourceControl: Info #	Proyecto 4.8/Saved/Backup/BP_item_2016-02-24-17-22-38.uasset
[2016.02.24-23.17.35:406][834]SourceControl: Info #	Proyecto 4.8/Saved/Backup/DoorExit_1_2016-02-24-17-37-51.uasset
[2016.02.24-23.17.35:406][834]SourceControl: Info #	Proyecto 4.8/Saved/Backup/DoorExit_1_2016-02-24-18-15-48.uasset
[2016.02.24-23.17.35:406][834]SourceControl: Info #	Proyecto 4.8/Saved/Backup/Menu_2016-02-24-17-21-59.umap
[2016.02.24-23.17.35:406][834]SourceControl: Info #	Proyecto 4.8/Saved/Backup/Nivel_1_2016-02-24-16-58-25.umap
[2016.02.24-23.17.35:406][834]SourceControl: Info #	Proyecto 4.8/Saved/Backup/Nivel_1_2016-02-24-17-11-03.umap
[2016.02.24-23.17.35:406][834]SourceControl: Info #	Proyecto 4.8/Saved/Backup/Nivel_1_2016-02-24-17-17-56.umap
[2016.02.24-23.17.35:406][834]SourceControl: Info #	Proyecto 4.8/Saved/Backup/Nivel_1_2016-02-24-17-47-39.umap
[2016.02.24-23.17.35:406][834]SourceControl: Info #	Proyecto 4.8/Saved/Backup/Nivel_1_2016-02-24-17-57-40.umap
[2016.02.24-23.17.35:406][834]SourceControl: Info #	Proyecto 4.8/Saved/Backup/Nivel_1_2016-02-24-18-04-28.umap
[2016.02.24-23.17.35:407][834]SourceControl: Info #	Proyecto 4.8/Saved/Backup/Nivel_1_2016-02-24-18-10-22.umap
[2016.02.24-23.17.35:407][834]SourceControl: Info #	Proyecto 4.8/Saved/Backup/Nivel_1_2016-02-24-18-15-49.umap
[2016.02.24-23.17.35:407][834]SourceControl: Info #	Proyecto 4.8/Saved/Backup/Parte4_2016-02-24-17-39-02.uasset
[2016.02.24-23.17.35:407][834]SourceControl: Info #	Proyecto 4.8/Saved/Backup/Parte4_2016-02-24-17-47-39.uasset
[2016.02.24-23.17.35:407][834]SourceControl: Info #	Proyecto 4.8/Saved/Backup/Parte4_2016-02-24-18-04-37.uasset
[2016.02.24-23.17.35:407][834]SourceControl: Info #	Proyecto 4.8/Saved/Backup/mesaPC_Sprite_2016-02-24-17-14-05.uasset
[2016.02.24-23.17.35:407][834]SourceControl: Info #	Proyecto 4.8/Saved/Backup/mesaPC_Sprite_2016-02-24-18-15-48.uasset
[2016.02.24-23.17.35:407][834]SourceControl: Info #	Proyecto 4.8/Saved/Backup/parte3_2016-02-24-17-40-37.uasset
[2016.02.24-23.17.35:407][834]SourceControl: Info #	Proyecto 4.8/Saved/Backup/parte3_Sprite_2016-02-24-17-40-26.uasset
[2016.02.24-23.17.35:407][834]SourceControl: Info #	Proyecto 4.8/Saved/Backup/parte4_2016-02-24-17-11-03.uasset
[2016.02.24-23.17.35:407][834]SourceControl: Info #	Proyecto 4.8/Saved/Backup/parteExit_2016-02-24-17-47-39.uasset
[2016.02.24-23.17.35:407][834]SourceControl: Info #	Proyecto 4.8/Saved/Backup/parteExit_2016-02-24-18-04-38.uasset
[2016.02.24-23.17.35:407][834]SourceControl: Info #	Proyecto 4.8/Saved/Backup/player_2016-02-24-18-11-47.uasset
[2016.02.24-23.17.35:407][834]SourceControl: Info #	Proyecto 4.8/Saved/Logs/Proyecto-backup-2016.02.24-16.36.50.log
[2016.02.24-23.17.35:407][834]SourceControl: Info #	Proyecto 4.8/Saved/Logs/Proyecto-backup-2016.02.24-17.26.00.log
[2016.02.24-23.17.35:407][834]SourceControl: Info #	Proyecto 4.8/Saved/Logs/Proyecto-backup-2016.02.24-18.16.16.log
[2016.02.24-23.17.35:414][834]LogD3D11RHI: InitD3DDevice
[2016.02.24-23.17.35:487][834]LogD3D11RHI: InitD3DDevice
[2016.02.24-23.17.35:509][834]LogD3D11RHI: InitD3DDevice
[2016.02.24-23.17.35:585][834]LogD3D11RHI: InitD3DDevice
[2016.02.24-23.17.35:655][834]LogD3D11RHI: InitD3DDevice
[2016.02.24-23.17.35:899][834]LogMetaData: Removing '/Game/Blueprints/Level_1/BP_item2.BP_item2_C' ref from Metadata '/Game/Blueprints/BP_item2.PackageMetaData'
[2016.02.24-23.17.35:899][834]LogMetaData: Removing '/Game/Blueprints/Level_1/BP_item2.SKEL_BP_item2_C' ref from Metadata '/Game/Blueprints/BP_item2.PackageMetaData'
[2016.02.24-23.17.35:923][834]LogD3D11RHI: InitD3DDevice
[2016.02.24-23.17.35:965][834]Cmd: OBJ SAVEPACKAGE PACKAGE="/Game/Blueprints/Level_1/BP_item2" FILE="../../../../../../Users/Jimmy/git/PoliHeath/Proyecto 4.8/Content/Blueprints/Level_1/BP_item2.uasset" SILENT=true
[2016.02.24-23.17.36:056][834]LogSavePackage: Save=85.145050ms
[2016.02.24-23.17.36:056][834]LogSavePackage: Moving '../../../../../../Users/Jimmy/git/PoliHeath/Proyecto 4.8/Saved/BP_item295D16D0E4F6538F082BFFBB0E7A6CD64.tmp' to '../../../../../../Users/Jimmy/git/PoliHeath/Proyecto 4.8/Content/Blueprints/Level_1/BP_item2.uasset'
[2016.02.24-23.17.36:065][834]LogD3D11RHI: InitD3DDevice
[2016.02.24-23.17.36:248][834]Cmd: OBJ SAVEPACKAGE PACKAGE="/Game/Blueprints/BP_item2" FILE="../../../../../../Users/Jimmy/git/PoliHeath/Proyecto 4.8/Content/Blueprints/BP_item2.uasset" SILENT=true
[2016.02.24-23.17.36:334][834]LogSavePackage: Save=6.626919ms
[2016.02.24-23.17.36:334][834]LogSavePackage: Moving '../../../../../../Users/Jimmy/git/PoliHeath/Proyecto 4.8/Saved/BP_item2E36FBBB545F9A8827EDDED94DFB38758.tmp' to '../../../../../../Users/Jimmy/git/PoliHeath/Proyecto 4.8/Content/Blueprints/BP_item2.uasset'
[2016.02.24-23.17.36:367][834]LogD3D11RHI: InitD3DDevice
[2016.02.24-23.17.36:458][834]LogD3D11RHI: InitD3DDevice
[2016.02.24-23.17.41:522][202]LogD3D11RHI: InitD3DDevice
[2016.02.24-23.17.46:144][463]LogD3D11RHI: InitD3DDevice
[2016.02.24-23.18.00:773][214]LogD3D11RHI: InitD3DDevice
[2016.02.24-23.18.01:003][224]LogD3D11RHI: InitD3DDevice
[2016.02.24-23.18.09:300][698]LogD3D11RHI: InitD3DDevice
[2016.02.24-23.18.09:654][698]LogD3D11RHI: InitD3DDevice
[2016.02.24-23.18.09:733][698]LogD3D11RHI: InitD3DDevice
[2016.02.24-23.18.09:762][698]Cmd: OBJ SAVEPACKAGE PACKAGE="/Game/Blueprints/silla_Sprite" FILE="../../../../../../Users/Jimmy/git/PoliHeath/Proyecto 4.8/Content/Blueprints/silla_Sprite.uasset" SILENT=true
[2016.02.24-23.18.09:841][698]LogSavePackage: Save=70.875015ms
[2016.02.24-23.18.09:841][698]LogSavePackage: Moving '../../../../../../Users/Jimmy/git/PoliHeath/Proyecto 4.8/Saved/silla_Sprite761A1F124D4775913571A8A5043A2E6E.tmp' to '../../../../../../Users/Jimmy/git/PoliHeath/Proyecto 4.8/Content/Blueprints/silla_Sprite.uasset'
[2016.02.24-23.18.09:850][698]LogD3D11RHI: InitD3DDevice
[2016.02.24-23.18.10:024][698]LogD3D11RHI: InitD3DDevice
[2016.02.24-23.18.10:133][698]LogD3D11RHI: InitD3DDevice
[2016.02.24-23.18.13:600][876]LogD3D11RHI: InitD3DDevice
[2016.02.24-23.18.15:369][967]LogD3D11RHI: InitD3DDevice
[2016.02.24-23.18.15:399][967]LogD3D11RHI: InitD3DDevice
[2016.02.24-23.18.15:960][967]LogLinker:Warning: Asset '../../../Engine/Content/ArtTools/RenderToTexture/Macros/RenderToTextureMacros.uasset' has been saved with empty engine version. The asset will be loaded but may be incompatible.
[2016.02.24-23.18.16:144][967]LogLinker:Warning: Asset '../../../Engine/Content/ArtTools/RenderToTexture/Enums/RenderToTexture_Enum.uasset' has been saved with empty engine version. The asset will be loaded but may be incompatible.
[2016.02.24-23.18.21:854][ 49]LogD3D11RHI: InitD3DDevice
[2016.02.24-23.18.28:553][199]LogRenderer: Reallocating scene render targets to support 1208x712 (Frame:2490).
[2016.02.24-23.18.31:331][274]LogD3D11RHI: InitD3DDevice
[2016.02.24-23.18.32:892][322]LogD3D11RHI: InitD3DDevice
[2016.02.24-23.18.46:655][746]BlueprintLog: New page: Compile silla_Sprite
[2016.02.24-23.18.47:030][746]BlueprintEditorCompileResults: Info [0157.11] Compile of silla_Sprite successful! [in 374 ms]
[2016.02.24-23.18.47:558][760]LogD3D11RHI: InitD3DDevice
[2016.02.24-23.18.47:635][760]LogD3D11RHI: InitD3DDevice
[2016.02.24-23.18.47:667][760]Cmd: OBJ SAVEPACKAGE PACKAGE="/Game/Blueprints/silla_Sprite" FILE="../../../../../../Users/Jimmy/git/PoliHeath/Proyecto 4.8/Content/Blueprints/silla_Sprite.uasset" SILENT=true
[2016.02.24-23.18.47:824][760]LogSavePackage: Save=71.487427ms
[2016.02.24-23.18.47:824][760]LogSavePackage: Moving '../../../../../../Users/Jimmy/git/PoliHeath/Proyecto 4.8/Saved/silla_Sprite996F223C44BC7308ABB4D38651E2CCE2.tmp' to '../../../../../../Users/Jimmy/git/PoliHeath/Proyecto 4.8/Content/Blueprints/silla_Sprite.uasset'
[2016.02.24-23.18.49:461][824]LogD3D11RHI: InitD3DDevice
[2016.02.24-23.18.53:358][ 30]LogD3D11RHI: InitD3DDevice
[2016.02.24-23.19.01:088][453]LogD3D11RHI: InitD3DDevice
[2016.02.24-23.19.04:069][663]LogD3D11RHI: InitD3DDevice
[2016.02.24-23.19.17:679][530]BlueprintLog: New page: Compile mesaPC_Sprite
[2016.02.24-23.19.18:118][530]BlueprintEditorCompileResults: Info [0188.19] Compile of mesaPC_Sprite successful! [in 439 ms]
[2016.02.24-23.19.18:575][554]LogD3D11RHI: InitD3DDevice
[2016.02.24-23.19.18:663][554]LogD3D11RHI: InitD3DDevice
[2016.02.24-23.19.18:684][554]Cmd: OBJ SAVEPACKAGE PACKAGE="/Game/Blueprints/mesaPC_Sprite" FILE="../../../../../../Users/Jimmy/git/PoliHeath/Proyecto 4.8/Content/Blueprints/mesaPC_Sprite.uasset" SILENT=true
[2016.02.24-23.19.18:816][554]LogSavePackage: Save=51.099117ms
[2016.02.24-23.19.18:816][554]LogSavePackage: Moving '../../../../../../Users/Jimmy/git/PoliHeath/Proyecto 4.8/Saved/mesaPC_SpriteDD730EB6488863085069D0991AF3631D.tmp' to '../../../../../../Users/Jimmy/git/PoliHeath/Proyecto 4.8/Content/Blueprints/mesaPC_Sprite.uasset'
[2016.02.24-23.19.21:281][685]LogEditorViewport: Clicking on Component (LMB): PaperSpriteComponent (PaperSprite)
[2016.02.24-23.19.24:738][880]LogEditorViewport: Clicking Background
[2016.02.24-23.19.25:650][948]LogEditorViewport: Clicking on Actor (LMB): mesaPC_Sprite_C (mesaPC_Sprite)
[2016.02.24-23.19.26:596][  3]Cmd: DELETE
[2016.02.24-23.19.26:596][  3]Cmd: ACTOR DELETE
[2016.02.24-23.19.26:597][  3]LogEditorActor: Deleted Actor: mesaPC_Sprite_C
[2016.02.24-23.19.26:702][  3]LogEditorActor: Deleted 1 Actors (0.105 secs)
[2016.02.24-23.19.32:702][442]LogD3D11RHI: InitD3DDevice
[2016.02.24-23.19.33:515][442]LogPackageName: SearchForPackageOnDisk took   0.175s to resolve Nivel_2.umap
[2016.02.24-23.19.33:516][442]LogScript:Warning: Accessed None 'CallFunc_GetPlayerController_ReturnValue'
	mesaPC_Sprite_C /Engine/Transient.World_5:PersistentLevel.mesaPC_Sprite_C_11
	Function /Game/Blueprints/mesaPC_Sprite.mesaPC_Sprite_C:ExecuteUbergraph_mesaPC_Sprite:0047
[2016.02.24-23.19.40:375][932]LogD3D11RHI: InitD3DDevice
[2016.02.24-23.19.40:675][951]LogD3D11RHI: InitD3DDevice
[2016.02.24-23.19.41:107][980]LogD3D11RHI: InitD3DDevice
[2016.02.24-23.19.49:122][605]LogD3D11RHI: InitD3DDevice
[2016.02.24-23.19.58:329][366]LogD3D11RHI: InitD3DDevice
[2016.02.24-23.19.58:742][366]LogD3D11RHI: InitD3DDevice
[2016.02.24-23.19.58:819][366]LogD3D11RHI: InitD3DDevice
[2016.02.24-23.19.58:854][366]Cmd: OBJ SAVEPACKAGE PACKAGE="/Game/Blueprints/puertaExit_BP" FILE="../../../../../../Users/Jimmy/git/PoliHeath/Proyecto 4.8/Content/Blueprints/puertaExit_BP.uasset" SILENT=true
[2016.02.24-23.19.58:928][366]LogSavePackage: Save=66.226234ms
[2016.02.24-23.19.58:928][366]LogSavePackage: Moving '../../../../../../Users/Jimmy/git/PoliHeath/Proyecto 4.8/Saved/puertaExit_BP3704502B49ECB066CFE5D48FB4F7E08A.tmp' to '../../../../../../Users/Jimmy/git/PoliHeath/Proyecto 4.8/Content/Blueprints/puertaExit_BP.uasset'
[2016.02.24-23.19.58:937][366]LogD3D11RHI: InitD3DDevice
[2016.02.24-23.19.59:111][366]LogD3D11RHI: InitD3DDevice
[2016.02.24-23.19.59:196][366]LogD3D11RHI: InitD3DDevice
[2016.02.24-23.20.00:470][446]LogD3D11RHI: InitD3DDevice
[2016.02.24-23.20.00:502][446]LogD3D11RHI: InitD3DDevice
[2016.02.24-23.20.01:321][446]LogPackageName: SearchForPackageOnDisk took   0.172s to resolve Nivel_2.umap
[2016.02.24-23.20.01:321][446]LogScript:Warning: Accessed None 'CallFunc_GetPlayerController_ReturnValue'
	puertaExit_BP_C /Engine/Transient.World_6:PersistentLevel.puertaExit_BP_C_0
	Function /Game/Blueprints/puertaExit_BP.puertaExit_BP_C:ExecuteUbergraph_puertaExit_BP:0047
[2016.02.24-23.20.10:235][726]LogD3D11RHI: InitD3DDevice
[2016.02.24-23.20.10:284][726]LogD3D11RHI: InitD3DDevice
[2016.02.24-23.20.10:398][726]LogFactory: FactoryCreateBinary: Texture with TextureFactory (0 0 C:\Users\Jimmy\Desktop\puert1.png)
[2016.02.24-23.20.10:407][726]LogTexture:Display: Building textures: puert1 (BGRA8)
[2016.02.24-23.20.15:504][986]LogD3D11RHI: InitD3DDevice
[2016.02.24-23.20.16:153][986]SourceControl: Info # On branch master
[2016.02.24-23.20.16:154][986]SourceControl: Info # Changes to be committed:
[2016.02.24-23.20.16:154][986]SourceControl: Info #   (use "git reset HEAD <file>..." to unstage)
[2016.02.24-23.20.16:154][986]SourceControl: Info #
[2016.02.24-23.20.16:154][986]SourceControl: Info #	modified:   Proyecto 4.8/Content/Blueprints/BP_item2.uasset
[2016.02.24-23.20.16:154][986]SourceControl: Info #	modified:   Proyecto 4.8/Content/Blueprints/BP_item3.uasset
[2016.02.24-23.20.16:154][986]SourceControl: Info #	modified:   Proyecto 4.8/Content/Blueprints/BP_item4.uasset
[2016.02.24-23.20.16:154][986]SourceControl: Info #	modified:   Proyecto 4.8/Content/Blueprints/BP_item5.uasset
[2016.02.24-23.20.16:154][986]SourceControl: Info #	new file:   Proyecto 4.8/Content/Blueprints/DoorExit_1.uasset
[2016.02.24-23.20.16:154][986]SourceControl: Info #	new file:   Proyecto 4.8/Content/Blueprints/Level_1/BP_item.uasset
[2016.02.24-23.20.16:154][986]SourceControl: Info #	new file:   Proyecto 4.8/Content/Blueprints/Level_1/BP_item2.uasset
[2016.02.24-23.20.16:154][986]SourceControl: Info #	new file:   Proyecto 4.8/Content/Blueprints/Level_1/BP_item3.uasset
[2016.02.24-23.20.16:154][986]SourceControl: Info #	new file:   Proyecto 4.8/Content/Blueprints/Level_1/BP_item4.uasset
[2016.02.24-23.20.16:154][986]SourceControl: Info #	new file:   Proyecto 4.8/Content/Blueprints/Level_1/BP_item5.uasset
[2016.02.24-23.20.16:154][986]SourceControl: Info #	new file:   Proyecto 4.8/Content/Blueprints/Level_1/DoorExit_1.uasset
[2016.02.24-23.20.16:154][986]SourceControl: Info #	modified:   Proyecto 4.8/Content/Blueprints/mesaPC_Sprite.uasset
[2016.02.24-23.20.16:154][986]SourceControl: Info #	new file:   Proyecto 4.8/Content/Blueprints/puertaExit_BP.uasset
[2016.02.24-23.20.16:154][986]SourceControl: Info #	new file:   Proyecto 4.8/Content/Blueprints/silla_Sprite.uasset
[2016.02.24-23.20.16:154][986]SourceControl: Info #	modified:   Proyecto 4.8/Content/Niveles/Nivel_1.umap
[2016.02.24-23.20.16:154][986]SourceControl: Info #	new file:   Proyecto 4.8/Content/Niveles/Nivel_2.umap
[2016.02.24-23.20.16:154][986]SourceControl: Info #	new file:   Proyecto 4.8/Content/Sprites/Nivel_1/Parte4_Sprite.uasset
[2016.02.24-23.20.16:154][986]SourceControl: Info #	new file:   Proyecto 4.8/Content/Sprites/Nivel_1/fondoSinObjetos3.uasset
[2016.02.24-23.20.16:155][986]SourceControl: Info #	new file:   Proyecto 4.8/Content/Sprites/Nivel_1/objetoMesa.uasset
[2016.02.24-23.20.16:155][986]SourceControl: Info #	new file:   Proyecto 4.8/Content/Sprites/Nivel_1/objetoMesa_Sprite.uasset
[2016.02.24-23.20.16:155][986]SourceControl: Info #	new file:   Proyecto 4.8/Content/Sprites/Nivel_1/objetoSilla.uasset
[2016.02.24-23.20.16:155][986]SourceControl: Info #	new file:   Proyecto 4.8/Content/Sprites/Nivel_1/objetoSilla_Sprite.uasset
[2016.02.24-23.20.16:155][986]SourceControl: Info #	new file:   Proyecto 4.8/Content/Sprites/Nivel_1/parte2_1.uasset
[2016.02.24-23.20.16:155][986]SourceControl: Info #	new file:   Proyecto 4.8/Content/Sprites/Nivel_1/parte2_1_Sprite.uasset
[2016.02.24-23.20.16:155][986]SourceControl: Info #	deleted:    Proyecto 4.8/Content/Sprites/Nivel_1/parte4_Sprite.uasset
[2016.02.24-23.20.16:155][986]SourceControl: Info #	new file:   Proyecto 4.8/Content/Sprites/Nivel_1/parteExit.uasset
[2016.02.24-23.20.16:155][986]SourceControl: Info #	new file:   Proyecto 4.8/Content/Sprites/Nivel_1/parteExit_Sprite.uasset
[2016.02.24-23.20.16:155][986]SourceControl: Info #	new file:   Proyecto 4.8/Content/Sprites/Nivel_1/puerta.uasset
[2016.02.24-23.20.16:155][986]SourceControl: Info #	new file:   Proyecto 4.8/Content/Sprites/Nivel_1/puerta_Sprite.uasset
[2016.02.24-23.20.16:155][986]SourceControl: Info #	new file:   Proyecto 4.8/Content/Sprites/Parte2.uasset
[2016.02.24-23.20.16:155][986]SourceControl: Info #	new file:   Proyecto 4.8/Content/Sprites/Parte4.uasset
[2016.02.24-23.20.16:155][986]SourceControl: Info #	deleted:    Proyecto 4.8/Content/Sprites/mesaPC.uasset
[2016.02.24-23.20.16:155][986]SourceControl: Info #	deleted:    Proyecto 4.8/Content/Sprites/mesaPC_Sprite.uasset
[2016.02.24-23.20.16:155][986]SourceControl: Info #	deleted:    Proyecto 4.8/Content/Sprites/objetoCable.uasset
[2016.02.24-23.20.16:155][986]SourceControl: Info #	new file:   Proyecto 4.8/Content/Sprites/objetoMesa.uasset
[2016.02.24-23.20.16:155][986]SourceControl: Info #	new file:   Proyecto 4.8/Content/Sprites/objetoSilla.uasset
[2016.02.24-23.20.16:155][986]SourceControl: Info #	deleted:    Proyecto 4.8/Content/Sprites/silla.uasset
[2016.02.24-23.20.16:155][986]SourceControl: Info #	deleted:    Proyecto 4.8/Content/Sprites/silla_Sprite.uasset
[2016.02.24-23.20.16:155][986]SourceControl: Info #
[2016.02.24-23.20.16:155][986]SourceControl: Info # Changes not staged for commit:
[2016.02.24-23.20.16:156][986]SourceControl: Info #   (use "git add <file>..." to update what will be committed)
[2016.02.24-23.20.16:156][986]SourceControl: Info #   (use "git checkout -- <file>..." to discard changes in working directory)
[2016.02.24-23.20.16:156][986]SourceControl: Info #
[2016.02.24-23.20.16:156][986]SourceControl: Info #	modified:   Proyecto 4.8/Content/Blueprints/BP_item.uasset
[2016.02.24-23.20.16:156][986]SourceControl: Info #	modified:   Proyecto 4.8/Content/Blueprints/Level_1/DoorExit_1.uasset
[2016.02.24-23.20.16:156][986]SourceControl: Info #	modified:   Proyecto 4.8/Content/Blueprints/Player/player.uasset
[2016.02.24-23.20.16:156][986]SourceControl: Info #	modified:   Proyecto 4.8/Content/Blueprints/silla_Sprite.uasset
[2016.02.24-23.20.16:156][986]SourceControl: Info #	modified:   Proyecto 4.8/Content/Niveles/Menu.umap
[2016.02.24-23.20.16:156][986]SourceControl: Info #	modified:   Proyecto 4.8/Content/Niveles/Nivel_1.umap
[2016.02.24-23.20.16:156][986]SourceControl: Info #	modified:   Proyecto 4.8/Content/Sprites/Nivel_1/parte3.uasset
[2016.02.24-23.20.16:156][986]SourceControl: Info #	modified:   Proyecto 4.8/Content/Sprites/Nivel_1/parte3_Sprite.uasset
[2016.02.24-23.20.16:156][986]SourceControl: Info #	modified:   Proyecto 4.8/Content/Sprites/Nivel_1/parte4.uasset
[2016.02.24-23.20.16:156][986]SourceControl: Info #	modified:   Proyecto 4.8/Content/Sprites/Nivel_1/parteExit.uasset
[2016.02.24-23.20.16:156][986]SourceControl: Info #	modified:   Proyecto 4.8/Intermediate/CachedAssetRegistry.bin
[2016.02.24-23.20.16:156][986]SourceControl: Info #	modified:   Proyecto 4.8/Saved/AutoScreenshot.png
[2016.02.24-23.20.16:156][986]SourceControl: Info #	modified:   Proyecto 4.8/Saved/Autosaves/Game/Niveles/Nivel_1_Auto1.umap
[2016.02.24-23.20.16:156][986]SourceControl: Info #	modified:   Proyecto 4.8/Saved/Autosaves/Game/Niveles/Nivel_1_Auto2.umap
[2016.02.24-23.20.16:156][986]SourceControl: Info #	modified:   Proyecto 4.8/Saved/Autosaves/PackageRestoreData.json
[2016.02.24-23.20.16:156][986]SourceControl: Info #	modified:   Proyecto 4.8/Saved/Config/Windows/Editor.ini
[2016.02.24-23.20.16:156][986]SourceControl: Info #	modified:   Proyecto 4.8/Saved/Config/Windows/EditorPerProjectUserSettings.ini
[2016.02.24-23.20.16:156][986]SourceControl: Info #	modified:   Proyecto 4.8/Saved/Config/Windows/Engine.ini
[2016.02.24-23.20.16:156][986]SourceControl: Info #	modified:   Proyecto 4.8/Saved/Logs/Proyecto.log
[2016.02.24-23.20.16:156][986]SourceControl: Info #
[2016.02.24-23.20.16:157][986]SourceControl: Info # Untracked files:
[2016.02.24-23.20.16:157][986]SourceControl: Info #   (use "git add <file>..." to include in what will be committed)
[2016.02.24-23.20.16:157][986]SourceControl: Info #
[2016.02.24-23.20.16:157][986]SourceControl: Info #	Proyecto 4.8/Saved/Autosaves/Game/Sprites/Nivel_1/Parte4_Auto1.uasset
[2016.02.24-23.20.16:157][986]SourceControl: Info #	Proyecto 4.8/Saved/Autosaves/Game/Sprites/Nivel_1/Parte4_Sprite_Auto1.uasset
[2016.02.24-23.20.16:157][986]SourceControl: Info #	Proyecto 4.8/Saved/Autosaves/Game/Sprites/Nivel_1/fondoSinObjetos3_Auto1.uasset
[2016.02.24-23.20.16:157][986]SourceControl: Info #	Proyecto 4.8/Saved/Autosaves/Game/Sprites/Nivel_1/p3_Auto1.uasset
[2016.02.24-23.20.16:157][986]SourceControl: Info #	Proyecto 4.8/Saved/Autosaves/Game/Sprites/Nivel_1/p3_Sprite_Auto1.uasset
[2016.02.24-23.20.16:157][986]SourceControl: Info #	Proyecto 4.8/Saved/Autosaves/Game/Sprites/Nivel_1/parte2_1_Auto1.uasset
[2016.02.24-23.20.16:157][986]SourceControl: Info #	Proyecto 4.8/Saved/Autosaves/Game/Sprites/Nivel_1/parte2_1_Sprite_Auto1.uasset
[2016.02.24-23.20.16:157][986]SourceControl: Info #	Proyecto 4.8/Saved/Autosaves/Game/Sprites/Nivel_1/parteExit_Auto1.uasset
[2016.02.24-23.20.16:157][986]SourceControl: Info #	Proyecto 4.8/Saved/Autosaves/Game/Sprites/Nivel_1/parteExit_Sprite_Auto1.uasset
[2016.02.24-23.20.16:157][986]SourceControl: Info #	Proyecto 4.8/Saved/Autosaves/Game/Sprites/Parte2_Auto1.uasset
[2016.02.24-23.20.16:157][986]SourceControl: Info #	Proyecto 4.8/Saved/Backup/BP_item2_2016-02-24-18-14-53.uasset
[2016.02.24-23.20.16:157][986]SourceControl: Info #	Proyecto 4.8/Saved/Backup/BP_item3_2016-02-24-18-14-34.uasset
[2016.02.24-23.20.16:157][986]SourceControl: Info #	Proyecto 4.8/Saved/Backup/BP_item4_2016-02-24-18-14-34.uasset
[2016.02.24-23.20.16:157][986]SourceControl: Info #	Proyecto 4.8/Saved/Backup/BP_item5_2016-02-24-18-14-34.uasset
[2016.02.24-23.20.16:157][986]SourceControl: Info #	Proyecto 4.8/Saved/Backup/BP_item_2016-02-24-17-22-38.uasset
[2016.02.24-23.20.16:157][986]SourceControl: Info #	Proyecto 4.8/Saved/Backup/DoorExit_1_2016-02-24-17-37-51.uasset
[2016.02.24-23.20.16:157][986]SourceControl: Info #	Proyecto 4.8/Saved/Backup/DoorExit_1_2016-02-24-18-15-48.uasset
[2016.02.24-23.20.16:158][986]SourceControl: Info #	Proyecto 4.8/Saved/Backup/Menu_2016-02-24-17-21-59.umap
[2016.02.24-23.20.16:158][986]SourceControl: Info #	Proyecto 4.8/Saved/Backup/Nivel_1_2016-02-24-16-58-25.umap
[2016.02.24-23.20.16:158][986]SourceControl: Info #	Proyecto 4.8/Saved/Backup/Nivel_1_2016-02-24-17-11-03.umap
[2016.02.24-23.20.16:158][986]SourceControl: Info #	Proyecto 4.8/Saved/Backup/Nivel_1_2016-02-24-17-17-56.umap
[2016.02.24-23.20.16:158][986]SourceControl: Info #	Proyecto 4.8/Saved/Backup/Nivel_1_2016-02-24-17-47-39.umap
[2016.02.24-23.20.16:158][986]SourceControl: Info #	Proyecto 4.8/Saved/Backup/Nivel_1_2016-02-24-17-57-40.umap
[2016.02.24-23.20.16:158][986]SourceControl: Info #	Proyecto 4.8/Saved/Backup/Nivel_1_2016-02-24-18-04-28.umap
[2016.02.24-23.20.16:158][986]SourceControl: Info #	Proyecto 4.8/Saved/Backup/Nivel_1_2016-02-24-18-10-22.umap
[2016.02.24-23.20.16:158][986]SourceControl: Info #	Proyecto 4.8/Saved/Backup/Nivel_1_2016-02-24-18-15-49.umap
[2016.02.24-23.20.16:158][986]SourceControl: Info #	Proyecto 4.8/Saved/Backup/Parte4_2016-02-24-17-39-02.uasset
[2016.02.24-23.20.16:158][986]SourceControl: Info #	Proyecto 4.8/Saved/Backup/Parte4_2016-02-24-17-47-39.uasset
[2016.02.24-23.20.16:158][986]SourceControl: Info #	Proyecto 4.8/Saved/Backup/Parte4_2016-02-24-18-04-37.uasset
[2016.02.24-23.20.16:158][986]SourceControl: Info #	Proyecto 4.8/Saved/Backup/mesaPC_Sprite_2016-02-24-17-14-05.uasset
[2016.02.24-23.20.16:158][986]SourceControl: Info #	Proyecto 4.8/Saved/Backup/mesaPC_Sprite_2016-02-24-18-15-48.uasset
[2016.02.24-23.20.16:158][986]SourceControl: Info #	Proyecto 4.8/Saved/Backup/parte3_2016-02-24-17-40-37.uasset
[2016.02.24-23.20.16:158][986]SourceControl: Info #	Proyecto 4.8/Saved/Backup/parte3_Sprite_2016-02-24-17-40-26.uasset
[2016.02.24-23.20.16:158][986]SourceControl: Info #	Proyecto 4.8/Saved/Backup/parte4_2016-02-24-17-11-03.uasset
[2016.02.24-23.20.16:158][986]SourceControl: Info #	Proyecto 4.8/Saved/Backup/parteExit_2016-02-24-17-47-39.uasset
[2016.02.24-23.20.16:158][986]SourceControl: Info #	Proyecto 4.8/Saved/Backup/parteExit_2016-02-24-18-04-38.uasset
[2016.02.24-23.20.16:158][986]SourceControl: Info #	Proyecto 4.8/Saved/Backup/player_2016-02-24-18-11-47.uasset
[2016.02.24-23.20.16:158][986]SourceControl: Info #	Proyecto 4.8/Saved/Backup/silla_Sprite_2016-02-24-18-18-47.uasset
[2016.02.24-23.20.16:158][986]SourceControl: Info #	Proyecto 4.8/Saved/Logs/Proyecto-backup-2016.02.24-16.36.50.log
[2016.02.24-23.20.16:159][986]SourceControl: Info #	Proyecto 4.8/Saved/Logs/Proyecto-backup-2016.02.24-17.26.00.log
[2016.02.24-23.20.16:159][986]SourceControl: Info #	Proyecto 4.8/Saved/Logs/Proyecto-backup-2016.02.24-18.16.16.log
[2016.02.24-23.20.16:165][986]LogD3D11RHI: InitD3DDevice
[2016.02.24-23.20.16:241][986]LogD3D11RHI: InitD3DDevice
[2016.02.24-23.20.16:262][986]LogD3D11RHI: InitD3DDevice
[2016.02.24-23.20.16:343][986]LogD3D11RHI: InitD3DDevice
[2016.02.24-23.20.16:413][986]LogD3D11RHI: InitD3DDevice
[2016.02.24-23.20.16:450][986]LogD3D11RHI: InitD3DDevice
[2016.02.24-23.20.16:480][986]Cmd: OBJ SAVEPACKAGE PACKAGE="/Game/Sprites/puerta" FILE="../../../../../../Users/Jimmy/git/PoliHeath/Proyecto 4.8/Content/Sprites/puerta.uasset" SILENT=true
[2016.02.24-23.20.16:507][986]LogSavePackage: Save=21.665560ms
[2016.02.24-23.20.16:507][986]LogSavePackage: Moving '../../../../../../Users/Jimmy/git/PoliHeath/Proyecto 4.8/Saved/puerta4D275C314D5ADF5623F0C9B2745A5D52.tmp' to '../../../../../../Users/Jimmy/git/PoliHeath/Proyecto 4.8/Content/Sprites/puerta.uasset'
[2016.02.24-23.20.16:516][986]LogD3D11RHI: InitD3DDevice
[2016.02.24-23.20.16:666][986]LogD3D11RHI: InitD3DDevice
[2016.02.24-23.20.16:753][986]LogD3D11RHI: InitD3DDevice
[2016.02.24-23.20.17:037][986]LogParticles: Destroying 0 GPU particle simulations for FXSystem 0x000000FAEC45C9A0
[2016.02.24-23.20.18:141][ 46]LogD3D11RHI: InitD3DDevice
[2016.02.24-23.20.19:046][104]LogD3D11RHI: InitD3DDevice
[2016.02.24-23.20.20:059][169]LogD3D11RHI: InitD3DDevice
[2016.02.24-23.20.20:352][169]SourceControl: Info # On branch master
[2016.02.24-23.20.20:353][169]SourceControl: Info # Changes to be committed:
[2016.02.24-23.20.20:353][169]SourceControl: Info #   (use "git reset HEAD <file>..." to unstage)
[2016.02.24-23.20.20:353][169]SourceControl: Info #
[2016.02.24-23.20.20:353][169]SourceControl: Info #	modified:   Proyecto 4.8/Content/Blueprints/BP_item2.uasset
[2016.02.24-23.20.20:353][169]SourceControl: Info #	modified:   Proyecto 4.8/Content/Blueprints/BP_item3.uasset
[2016.02.24-23.20.20:353][169]SourceControl: Info #	modified:   Proyecto 4.8/Content/Blueprints/BP_item4.uasset
[2016.02.24-23.20.20:353][169]SourceControl: Info #	modified:   Proyecto 4.8/Content/Blueprints/BP_item5.uasset
[2016.02.24-23.20.20:353][169]SourceControl: Info #	new file:   Proyecto 4.8/Content/Blueprints/DoorExit_1.uasset
[2016.02.24-23.20.20:353][169]SourceControl: Info #	new file:   Proyecto 4.8/Content/Blueprints/Level_1/BP_item.uasset
[2016.02.24-23.20.20:353][169]SourceControl: Info #	new file:   Proyecto 4.8/Content/Blueprints/Level_1/BP_item2.uasset
[2016.02.24-23.20.20:353][169]SourceControl: Info #	new file:   Proyecto 4.8/Content/Blueprints/Level_1/BP_item3.uasset
[2016.02.24-23.20.20:353][169]SourceControl: Info #	new file:   Proyecto 4.8/Content/Blueprints/Level_1/BP_item4.uasset
[2016.02.24-23.20.20:353][169]SourceControl: Info #	new file:   Proyecto 4.8/Content/Blueprints/Level_1/BP_item5.uasset
[2016.02.24-23.20.20:353][169]SourceControl: Info #	new file:   Proyecto 4.8/Content/Blueprints/Level_1/DoorExit_1.uasset
[2016.02.24-23.20.20:353][169]SourceControl: Info #	modified:   Proyecto 4.8/Content/Blueprints/mesaPC_Sprite.uasset
[2016.02.24-23.20.20:353][169]SourceControl: Info #	new file:   Proyecto 4.8/Content/Blueprints/puertaExit_BP.uasset
[2016.02.24-23.20.20:353][169]SourceControl: Info #	new file:   Proyecto 4.8/Content/Blueprints/silla_Sprite.uasset
[2016.02.24-23.20.20:353][169]SourceControl: Info #	modified:   Proyecto 4.8/Content/Niveles/Nivel_1.umap
[2016.02.24-23.20.20:353][169]SourceControl: Info #	new file:   Proyecto 4.8/Content/Niveles/Nivel_2.umap
[2016.02.24-23.20.20:353][169]SourceControl: Info #	new file:   Proyecto 4.8/Content/Sprites/Nivel_1/Parte4_Sprite.uasset
[2016.02.24-23.20.20:353][169]SourceControl: Info #	new file:   Proyecto 4.8/Content/Sprites/Nivel_1/fondoSinObjetos3.uasset
[2016.02.24-23.20.20:353][169]SourceControl: Info #	new file:   Proyecto 4.8/Content/Sprites/Nivel_1/objetoMesa.uasset
[2016.02.24-23.20.20:354][169]SourceControl: Info #	new file:   Proyecto 4.8/Content/Sprites/Nivel_1/objetoMesa_Sprite.uasset
[2016.02.24-23.20.20:354][169]SourceControl: Info #	new file:   Proyecto 4.8/Content/Sprites/Nivel_1/objetoSilla.uasset
[2016.02.24-23.20.20:354][169]SourceControl: Info #	new file:   Proyecto 4.8/Content/Sprites/Nivel_1/objetoSilla_Sprite.uasset
[2016.02.24-23.20.20:354][169]SourceControl: Info #	new file:   Proyecto 4.8/Content/Sprites/Nivel_1/parte2_1.uasset
[2016.02.24-23.20.20:354][169]SourceControl: Info #	new file:   Proyecto 4.8/Content/Sprites/Nivel_1/parte2_1_Sprite.uasset
[2016.02.24-23.20.20:354][169]SourceControl: Info #	deleted:    Proyecto 4.8/Content/Sprites/Nivel_1/parte4_Sprite.uasset
[2016.02.24-23.20.20:354][169]SourceControl: Info #	new file:   Proyecto 4.8/Content/Sprites/Nivel_1/parteExit.uasset
[2016.02.24-23.20.20:354][169]SourceControl: Info #	new file:   Proyecto 4.8/Content/Sprites/Nivel_1/parteExit_Sprite.uasset
[2016.02.24-23.20.20:354][169]SourceControl: Info #	new file:   Proyecto 4.8/Content/Sprites/Nivel_1/puerta.uasset
[2016.02.24-23.20.20:354][169]SourceControl: Info #	new file:   Proyecto 4.8/Content/Sprites/Nivel_1/puerta_Sprite.uasset
[2016.02.24-23.20.20:354][169]SourceControl: Info #	new file:   Proyecto 4.8/Content/Sprites/Parte2.uasset
[2016.02.24-23.20.20:354][169]SourceControl: Info #	new file:   Proyecto 4.8/Content/Sprites/Parte4.uasset
[2016.02.24-23.20.20:354][169]SourceControl: Info #	deleted:    Proyecto 4.8/Content/Sprites/mesaPC.uasset
[2016.02.24-23.20.20:354][169]SourceControl: Info #	deleted:    Proyecto 4.8/Content/Sprites/mesaPC_Sprite.uasset
[2016.02.24-23.20.20:354][169]SourceControl: Info #	deleted:    Proyecto 4.8/Content/Sprites/objetoCable.uasset
[2016.02.24-23.20.20:354][169]SourceControl: Info #	new file:   Proyecto 4.8/Content/Sprites/objetoMesa.uasset
[2016.02.24-23.20.20:354][169]SourceControl: Info #	new file:   Proyecto 4.8/Content/Sprites/objetoSilla.uasset
[2016.02.24-23.20.20:354][169]SourceControl: Info #	new file:   Proyecto 4.8/Content/Sprites/puerta.uasset
[2016.02.24-23.20.20:354][169]SourceControl: Info #	deleted:    Proyecto 4.8/Content/Sprites/silla.uasset
[2016.02.24-23.20.20:354][169]SourceControl: Info #	deleted:    Proyecto 4.8/Content/Sprites/silla_Sprite.uasset
[2016.02.24-23.20.20:354][169]SourceControl: Info #
[2016.02.24-23.20.20:355][169]SourceControl: Info # Changes not staged for commit:
[2016.02.24-23.20.20:355][169]SourceControl: Info #   (use "git add <file>..." to update what will be committed)
[2016.02.24-23.20.20:355][169]SourceControl: Info #   (use "git checkout -- <file>..." to discard changes in working directory)
[2016.02.24-23.20.20:355][169]SourceControl: Info #
[2016.02.24-23.20.20:355][169]SourceControl: Info #	modified:   Proyecto 4.8/Content/Blueprints/BP_item.uasset
[2016.02.24-23.20.20:355][169]SourceControl: Info #	modified:   Proyecto 4.8/Content/Blueprints/Level_1/DoorExit_1.uasset
[2016.02.24-23.20.20:355][169]SourceControl: Info #	modified:   Proyecto 4.8/Content/Blueprints/Player/player.uasset
[2016.02.24-23.20.20:355][169]SourceControl: Info #	modified:   Proyecto 4.8/Content/Blueprints/silla_Sprite.uasset
[2016.02.24-23.20.20:355][169]SourceControl: Info #	modified:   Proyecto 4.8/Content/Niveles/Menu.umap
[2016.02.24-23.20.20:355][169]SourceControl: Info #	modified:   Proyecto 4.8/Content/Niveles/Nivel_1.umap
[2016.02.24-23.20.20:355][169]SourceControl: Info #	modified:   Proyecto 4.8/Content/Sprites/Nivel_1/parte3.uasset
[2016.02.24-23.20.20:355][169]SourceControl: Info #	modified:   Proyecto 4.8/Content/Sprites/Nivel_1/parte3_Sprite.uasset
[2016.02.24-23.20.20:355][169]SourceControl: Info #	modified:   Proyecto 4.8/Content/Sprites/Nivel_1/parte4.uasset
[2016.02.24-23.20.20:355][169]SourceControl: Info #	modified:   Proyecto 4.8/Content/Sprites/Nivel_1/parteExit.uasset
[2016.02.24-23.20.20:355][169]SourceControl: Info #	modified:   Proyecto 4.8/Intermediate/CachedAssetRegistry.bin
[2016.02.24-23.20.20:355][169]SourceControl: Info #	modified:   Proyecto 4.8/Saved/AutoScreenshot.png
[2016.02.24-23.20.20:355][169]SourceControl: Info #	modified:   Proyecto 4.8/Saved/Autosaves/Game/Niveles/Nivel_1_Auto1.umap
[2016.02.24-23.20.20:355][169]SourceControl: Info #	modified:   Proyecto 4.8/Saved/Autosaves/Game/Niveles/Nivel_1_Auto2.umap
[2016.02.24-23.20.20:355][169]SourceControl: Info #	modified:   Proyecto 4.8/Saved/Autosaves/PackageRestoreData.json
[2016.02.24-23.20.20:355][169]SourceControl: Info #	modified:   Proyecto 4.8/Saved/Config/Windows/Editor.ini
[2016.02.24-23.20.20:355][169]SourceControl: Info #	modified:   Proyecto 4.8/Saved/Config/Windows/EditorPerProjectUserSettings.ini
[2016.02.24-23.20.20:356][169]SourceControl: Info #	modified:   Proyecto 4.8/Saved/Config/Windows/Engine.ini
[2016.02.24-23.20.20:356][169]SourceControl: Info #	modified:   Proyecto 4.8/Saved/Logs/Proyecto.log
[2016.02.24-23.20.20:356][169]SourceControl: Info #
[2016.02.24-23.20.20:356][169]SourceControl: Info # Untracked files:
[2016.02.24-23.20.20:356][169]SourceControl: Info #   (use "git add <file>..." to include in what will be committed)
[2016.02.24-23.20.20:356][169]SourceControl: Info #
[2016.02.24-23.20.20:356][169]SourceControl: Info #	Proyecto 4.8/Saved/Autosaves/Game/Sprites/Nivel_1/Parte4_Auto1.uasset
[2016.02.24-23.20.20:356][169]SourceControl: Info #	Proyecto 4.8/Saved/Autosaves/Game/Sprites/Nivel_1/Parte4_Sprite_Auto1.uasset
[2016.02.24-23.20.20:356][169]SourceControl: Info #	Proyecto 4.8/Saved/Autosaves/Game/Sprites/Nivel_1/fondoSinObjetos3_Auto1.uasset
[2016.02.24-23.20.20:356][169]SourceControl: Info #	Proyecto 4.8/Saved/Autosaves/Game/Sprites/Nivel_1/p3_Auto1.uasset
[2016.02.24-23.20.20:356][169]SourceControl: Info #	Proyecto 4.8/Saved/Autosaves/Game/Sprites/Nivel_1/p3_Sprite_Auto1.uasset
[2016.02.24-23.20.20:356][169]SourceControl: Info #	Proyecto 4.8/Saved/Autosaves/Game/Sprites/Nivel_1/parte2_1_Auto1.uasset
[2016.02.24-23.20.20:356][169]SourceControl: Info #	Proyecto 4.8/Saved/Autosaves/Game/Sprites/Nivel_1/parte2_1_Sprite_Auto1.uasset
[2016.02.24-23.20.20:356][169]SourceControl: Info #	Proyecto 4.8/Saved/Autosaves/Game/Sprites/Nivel_1/parteExit_Auto1.uasset
[2016.02.24-23.20.20:356][169]SourceControl: Info #	Proyecto 4.8/Saved/Autosaves/Game/Sprites/Nivel_1/parteExit_Sprite_Auto1.uasset
[2016.02.24-23.20.20:356][169]SourceControl: Info #	Proyecto 4.8/Saved/Autosaves/Game/Sprites/Parte2_Auto1.uasset
[2016.02.24-23.20.20:356][169]SourceControl: Info #	Proyecto 4.8/Saved/Backup/BP_item2_2016-02-24-18-14-53.uasset
[2016.02.24-23.20.20:356][169]SourceControl: Info #	Proyecto 4.8/Saved/Backup/BP_item3_2016-02-24-18-14-34.uasset
[2016.02.24-23.20.20:356][169]SourceControl: Info #	Proyecto 4.8/Saved/Backup/BP_item4_2016-02-24-18-14-34.uasset
[2016.02.24-23.20.20:356][169]SourceControl: Info #	Proyecto 4.8/Saved/Backup/BP_item5_2016-02-24-18-14-34.uasset
[2016.02.24-23.20.20:357][169]SourceControl: Info #	Proyecto 4.8/Saved/Backup/BP_item_2016-02-24-17-22-38.uasset
[2016.02.24-23.20.20:357][169]SourceControl: Info #	Proyecto 4.8/Saved/Backup/DoorExit_1_2016-02-24-17-37-51.uasset
[2016.02.24-23.20.20:357][169]SourceControl: Info #	Proyecto 4.8/Saved/Backup/DoorExit_1_2016-02-24-18-15-48.uasset
[2016.02.24-23.20.20:357][169]SourceControl: Info #	Proyecto 4.8/Saved/Backup/Menu_2016-02-24-17-21-59.umap
[2016.02.24-23.20.20:357][169]SourceControl: Info #	Proyecto 4.8/Saved/Backup/Nivel_1_2016-02-24-16-58-25.umap
[2016.02.24-23.20.20:357][169]SourceControl: Info #	Proyecto 4.8/Saved/Backup/Nivel_1_2016-02-24-17-11-03.umap
[2016.02.24-23.20.20:357][169]SourceControl: Info #	Proyecto 4.8/Saved/Backup/Nivel_1_2016-02-24-17-17-56.umap
[2016.02.24-23.20.20:357][169]SourceControl: Info #	Proyecto 4.8/Saved/Backup/Nivel_1_2016-02-24-17-47-39.umap
[2016.02.24-23.20.20:357][169]SourceControl: Info #	Proyecto 4.8/Saved/Backup/Nivel_1_2016-02-24-17-57-40.umap
[2016.02.24-23.20.20:357][169]SourceControl: Info #	Proyecto 4.8/Saved/Backup/Nivel_1_2016-02-24-18-04-28.umap
[2016.02.24-23.20.20:357][169]SourceControl: Info #	Proyecto 4.8/Saved/Backup/Nivel_1_2016-02-24-18-10-22.umap
[2016.02.24-23.20.20:357][169]SourceControl: Info #	Proyecto 4.8/Saved/Backup/Nivel_1_2016-02-24-18-15-49.umap
[2016.02.24-23.20.20:357][169]SourceControl: Info #	Proyecto 4.8/Saved/Backup/Parte4_2016-02-24-17-39-02.uasset
[2016.02.24-23.20.20:357][169]SourceControl: Info #	Proyecto 4.8/Saved/Backup/Parte4_2016-02-24-17-47-39.uasset
[2016.02.24-23.20.20:357][169]SourceControl: Info #	Proyecto 4.8/Saved/Backup/Parte4_2016-02-24-18-04-37.uasset
[2016.02.24-23.20.20:357][169]SourceControl: Info #	Proyecto 4.8/Saved/Backup/mesaPC_Sprite_2016-02-24-17-14-05.uasset
[2016.02.24-23.20.20:357][169]SourceControl: Info #	Proyecto 4.8/Saved/Backup/mesaPC_Sprite_2016-02-24-18-15-48.uasset
[2016.02.24-23.20.20:357][169]SourceControl: Info #	Proyecto 4.8/Saved/Backup/parte3_2016-02-24-17-40-37.uasset
[2016.02.24-23.20.20:357][169]SourceControl: Info #	Proyecto 4.8/Saved/Backup/parte3_Sprite_2016-02-24-17-40-26.uasset
[2016.02.24-23.20.20:357][169]SourceControl: Info #	Proyecto 4.8/Saved/Backup/parte4_2016-02-24-17-11-03.uasset
[2016.02.24-23.20.20:357][169]SourceControl: Info #	Proyecto 4.8/Saved/Backup/parteExit_2016-02-24-17-47-39.uasset
[2016.02.24-23.20.20:357][169]SourceControl: Info #	Proyecto 4.8/Saved/Backup/parteExit_2016-02-24-18-04-38.uasset
[2016.02.24-23.20.20:358][169]SourceControl: Info #	Proyecto 4.8/Saved/Backup/player_2016-02-24-18-11-47.uasset
[2016.02.24-23.20.20:358][169]SourceControl: Info #	Proyecto 4.8/Saved/Backup/silla_Sprite_2016-02-24-18-18-47.uasset
[2016.02.24-23.20.20:358][169]SourceControl: Info #	Proyecto 4.8/Saved/Logs/Proyecto-backup-2016.02.24-16.36.50.log
[2016.02.24-23.20.20:358][169]SourceControl: Info #	Proyecto 4.8/Saved/Logs/Proyecto-backup-2016.02.24-17.26.00.log
[2016.02.24-23.20.20:358][169]SourceControl: Info #	Proyecto 4.8/Saved/Logs/Proyecto-backup-2016.02.24-18.16.16.log
[2016.02.24-23.20.20:365][169]LogD3D11RHI: InitD3DDevice
[2016.02.24-23.20.20:437][169]LogD3D11RHI: InitD3DDevice
[2016.02.24-23.20.20:464][169]LogD3D11RHI: InitD3DDevice
[2016.02.24-23.20.20:537][169]LogD3D11RHI: InitD3DDevice
[2016.02.24-23.20.20:610][169]LogD3D11RHI: InitD3DDevice
[2016.02.24-23.20.20:630][169]LogD3D11RHI: InitD3DDevice
[2016.02.24-23.20.20:704][169]LogD3D11RHI: InitD3DDevice
[2016.02.24-23.20.20:792][169]LogD3D11RHI: InitD3DDevice
[2016.02.24-23.20.25:002][419]LogD3D11RHI: InitD3DDevice
[2016.02.24-23.20.25:087][419]LogD3D11RHI: InitD3DDevice
[2016.02.24-23.20.25:120][419]Cmd: OBJ SAVEPACKAGE PACKAGE="/Game/Niveles/Nivel_1" FILE="../../../../../../Users/Jimmy/git/PoliHeath/Proyecto 4.8/Content/Niveles/Nivel_1.umap" SILENT=true AUTOSAVING=false KEEPDIRTY=false
[2016.02.24-23.20.25:512][419]LogSavePackage: Save=233.974930ms
[2016.02.24-23.20.25:512][419]LogSavePackage: Moving '../../../../../../Users/Jimmy/git/PoliHeath/Proyecto 4.8/Saved/Nivel_14DF6C79747434BB2524C9BAF1CE4FAE9.tmp' to '../../../../../../Users/Jimmy/git/PoliHeath/Proyecto 4.8/Content/Niveles/Nivel_1.umap'
[2016.02.24-23.20.26:302][458]LogParticles: Destroying 0 GPU particle simulations for FXSystem 0x000000FAEE4F4E00
[2016.02.24-23.20.26:304][458]LogParticles: Destroying 0 GPU particle simulations for FXSystem 0x000000FA8C226B60
[2016.02.24-23.20.26:356][458]LogD3D11RHI: InitD3DDevice
[2016.02.24-23.20.27:818][458]LogD3D11RHI: InitD3DDevice
[2016.02.24-23.20.27:887][458]LogD3D11RHI: InitD3DDevice
[2016.02.24-23.20.27:918][458]Cmd: OBJ SAVEPACKAGE PACKAGE="/Game/Sprites/puert1" FILE="../../../../../../Users/Jimmy/git/PoliHeath/Proyecto 4.8/Content/Sprites/puert1.uasset" SILENT=true
[2016.02.24-23.20.27:929][458]LogSavePackage: Save=3.234633ms
[2016.02.24-23.20.27:929][458]LogSavePackage: Moving '../../../../../../Users/Jimmy/git/PoliHeath/Proyecto 4.8/Saved/puert12A484D294A0292D350269B8A8AA5F598.tmp' to '../../../../../../Users/Jimmy/git/PoliHeath/Proyecto 4.8/Content/Sprites/puert1.uasset'
[2016.02.24-23.20.27:939][458]LogD3D11RHI: InitD3DDevice
[2016.02.24-23.20.28:474][458]LogWindowsTextInputMethodSystem:Display: IME system now deactivated.
[2016.02.24-23.20.28:941][459]Cmd: QUIT_EDITOR
[2016.02.24-23.20.29:521][459]LogExit: Preparing to exit.
[2016.02.24-23.20.30:511][459]LogExit: Editor shut down
[2016.02.24-23.20.30:512][459]LogExit: Transaction tracking system shut down
[2016.02.24-23.20.30:513][459]LogParticles: Destroying 0 GPU particle simulations for FXSystem 0x000000FAED643F60
[2016.02.24-23.20.30:513][459]LogParticles: Destroying 0 GPU particle simulations for FXSystem 0x000000FAFC4BADE0
[2016.02.24-23.20.30:514][459]LogParticles: Destroying 0 GPU particle simulations for FXSystem 0x000000FA8C2E25C0
[2016.02.24-23.20.30:520][459]LogParticles: Destroying 0 GPU particle simulations for FXSystem 0x000000FAEE0F56C0
[2016.02.24-23.20.30:521][459]LogParticles: Destroying 0 GPU particle simulations for FXSystem 0x000000FA8C3C7C40
[2016.02.24-23.20.30:969][459]LogExit: Object subsystem successfully closed.
[2016.02.24-23.20.30:987][459]LogD3D11RHI: Shutdown
[2016.02.24-23.20.30:988][459]LogD3D11RHI: CleanupD3DDevice
[2016.02.24-23.20.31:093][459]LogD3D11RHI: ~FD3D11DynamicRHI
[2016.02.24-23.20.31:143][459]LogModuleManager: Shutting down and abandoning module CrashTracker (188)
[2016.02.24-23.20.31:143][459]LogModuleManager: Shutting down and abandoning module SceneOutliner (187)
[2016.02.24-23.20.31:143][459]LogModuleManager: Shutting down and abandoning module SuperSearch (186)
[2016.02.24-23.20.31:143][459]LogModuleManager: Shutting down and abandoning module WidgetCarousel (185)
[2016.02.24-23.20.31:143][459]LogModuleManager: Shutting down and abandoning module AddContentDialog (184)
[2016.02.24-23.20.31:145][459]LogModuleManager: Shutting down and abandoning module EditorWidgets (183)
[2016.02.24-23.20.31:145][459]LogModuleManager: Shutting down and abandoning module CollectionManager (182)
[2016.02.24-23.20.31:145][459]LogModuleManager: Shutting down and abandoning module StatsViewer (181)
[2016.02.24-23.20.31:145][459]LogModuleManager: Shutting down and abandoning module FoliageEdit (180)
[2016.02.24-23.20.31:145][459]LogModuleManager: Shutting down and abandoning module LandscapeEditor (179)
[2016.02.24-23.20.31:145][459]LogModuleManager: Shutting down and abandoning module ActorPickerMode (178)
[2016.02.24-23.20.31:145][459]LogModuleManager: Shutting down and abandoning module GeometryMode (177)
[2016.02.24-23.20.31:145][459]LogModuleManager: Shutting down and abandoning module TextureAlignMode (176)
[2016.02.24-23.20.31:145][459]LogModuleManager: Shutting down and abandoning module BspMode (175)
[2016.02.24-23.20.31:146][459]LogModuleManager: Shutting down and abandoning module PlacementMode (174)
[2016.02.24-23.20.31:146][459]LogModuleManager: Shutting down and abandoning module AutomationWorker (173)
[2016.02.24-23.20.31:146][459]LogModuleManager: Shutting down and abandoning module CharacterAI (172)
[2016.02.24-23.20.31:146][459]LogModuleManager: Shutting down and abandoning module SmartSnapping (171)
[2016.02.24-23.20.31:146][459]LogModuleManager: Shutting down and abandoning module ViewportSnapping (170)
[2016.02.24-23.20.31:146][459]LogModuleManager: Shutting down and abandoning module LogVisualizer (169)
[2016.02.24-23.20.31:146][459]LogModuleManager: Shutting down and abandoning module GameProjectGeneration (168)
[2016.02.24-23.20.31:146][459]LogModuleManager: Shutting down and abandoning module IntroTutorials (167)
[2016.02.24-23.20.31:146][459]LogModuleManager: Shutting down and abandoning module EditorLiveStreaming (166)
[2016.02.24-23.20.31:146][459]LogModuleManager: Shutting down and abandoning module IOSPlatformEditor (165)
[2016.02.24-23.20.31:146][459]LogModuleManager: Shutting down and abandoning module HTML5PlatformEditor (164)
[2016.02.24-23.20.31:146][459]LogModuleManager: Shutting down and abandoning module AndroidDeviceDetection (163)
[2016.02.24-23.20.32:113][459]LogModuleManager: Shutting down and abandoning module AndroidPlatformEditor (162)
[2016.02.24-23.20.32:113][459]LogModuleManager: Shutting down and abandoning module IOSRuntimeSettings (161)
[2016.02.24-23.20.32:113][459]LogModuleManager: Shutting down and abandoning module AndroidRuntimeSettings (160)
[2016.02.24-23.20.32:113][459]LogModuleManager: Shutting down and abandoning module MergeActors (159)
[2016.02.24-23.20.32:113][459]LogModuleManager: Shutting down and abandoning module SizeMap (158)
[2016.02.24-23.20.32:113][459]LogModuleManager: Shutting down and abandoning module TreeMap (157)
[2016.02.24-23.20.32:113][459]LogModuleManager: Shutting down and abandoning module ReferenceViewer (156)
[2016.02.24-23.20.32:113][459]LogModuleManager: Shutting down and abandoning module LocalizationDashboard (155)
[2016.02.24-23.20.32:114][459]LogModuleManager: Shutting down and abandoning module HardwareTargeting (154)
[2016.02.24-23.20.32:114][459]LogModuleManager: Shutting down and abandoning module DeviceProfileEditor (153)
[2016.02.24-23.20.32:114][459]LogModuleManager: Shutting down and abandoning module UndoHistory (152)
[2016.02.24-23.20.32:114][459]LogModuleManager: Shutting down and abandoning module GameplayTagsEditor (151)
[2016.02.24-23.20.32:114][459]LogModuleManager: Shutting down and abandoning module UserFeedback (150)
[2016.02.24-23.20.32:114][459]LogModuleManager: Shutting down and abandoning module XmlParser (149)
[2016.02.24-23.20.32:114][459]LogModuleManager: Shutting down and abandoning module Blutility (148)
[2016.02.24-23.20.32:114][459]LogModuleManager: Shutting down and abandoning module ProjectTargetPlatformEditor (147)
[2016.02.24-23.20.32:114][459]LogModuleManager: Shutting down and abandoning module ProjectSettingsViewer (146)
[2016.02.24-23.20.32:114][459]LogModuleManager: Shutting down and abandoning module InputBindingEditor (145)
[2016.02.24-23.20.32:115][459]LogModuleManager: Shutting down and abandoning module EditorSettingsViewer (144)
[2016.02.24-23.20.32:115][459]LogModuleManager: Shutting down and abandoning module SettingsEditor (143)
[2016.02.24-23.20.32:115][459]LogModuleManager: Shutting down and abandoning module ProjectLauncher (142)
[2016.02.24-23.20.32:115][459]LogModuleManager: Shutting down and abandoning module SessionFrontend (141)
[2016.02.24-23.20.32:115][459]LogModuleManager: Shutting down and abandoning module ProfilerClient (140)
[2016.02.24-23.20.32:115][459]LogModuleManager: Shutting down and abandoning module TargetDeviceServices (139)
[2016.02.24-23.20.32:115][459]LogModuleManager: Shutting down and abandoning module DeviceManager (138)
[2016.02.24-23.20.32:116][459]LogModuleManager: Shutting down and abandoning module AutomationController (137)
[2016.02.24-23.20.32:116][459]LogModuleManager: Shutting down and abandoning module AutomationWindow (136)
[2016.02.24-23.20.32:116][459]LogModuleManager: Shutting down and abandoning module Layers (135)
[2016.02.24-23.20.32:116][459]LogModuleManager: Shutting down and abandoning module ComponentVisualizers (134)
[2016.02.24-23.20.32:116][459]LogModuleManager: Shutting down and abandoning module DetailCustomizations (133)
[2016.02.24-23.20.32:116][459]LogModuleManager: Shutting down and abandoning module PackagesDialog (132)
[2016.02.24-23.20.32:116][459]LogModuleManager: Shutting down and abandoning module AssetRegistry (131)
[2016.02.24-23.20.32:266][459]LogModuleManager: Shutting down and abandoning module Persona (130)
[2016.02.24-23.20.32:266][459]LogModuleManager: Shutting down and abandoning module Kismet (129)
[2016.02.24-23.20.32:266][459]LogModuleManager: Shutting down and abandoning module GraphEditor (128)
[2016.02.24-23.20.32:266][459]LogModuleManager: Shutting down and abandoning module ClassViewer (127)
[2016.02.24-23.20.32:266][459]LogModuleManager: Shutting down and abandoning module Toolbox (126)
[2016.02.24-23.20.32:266][459]LogModuleManager: Shutting down and abandoning module ModuleUI (125)
[2016.02.24-23.20.32:266][459]LogModuleManager: Shutting down and abandoning module MovieSceneTools (124)
[2016.02.24-23.20.32:266][459]LogModuleManager: Shutting down and abandoning module OutputLog (123)
[2016.02.24-23.20.32:266][459]LogModuleManager: Shutting down and abandoning module GammaUI (122)
[2016.02.24-23.20.32:266][459]LogModuleManager: Shutting down and abandoning module Documentation (121)
[2016.02.24-23.20.32:267][459]LogModuleManager: Shutting down and abandoning module GameLiveStreaming (120)
[2016.02.24-23.20.32:267][459]LogModuleManager: Shutting down and abandoning module StreamingPauseRendering (119)
[2016.02.24-23.20.32:267][459]LogModuleManager: Shutting down and abandoning module AnalyticsET (118)
[2016.02.24-23.20.32:267][459]LogModuleManager: Shutting down and abandoning module Analytics (117)
[2016.02.24-23.20.32:267][459]LogModuleManager: Shutting down and abandoning module AITestSuite (116)
[2016.02.24-23.20.32:267][459]LogModuleManager: Shutting down and abandoning module GameplayDebugger (115)
[2016.02.24-23.20.32:267][459]LogModuleManager: Shutting down and abandoning module AIModule (114)
[2016.02.24-23.20.32:267][459]LogModuleManager: Shutting down and abandoning module ProfilerService (113)
[2016.02.24-23.20.32:487][459]LogModuleManager: Shutting down and abandoning module TaskGraph (112)
[2016.02.24-23.20.32:487][459]LogModuleManager: Shutting down and abandoning module SlateRemote (111)
[2016.02.24-23.20.32:487][459]LogModuleManager: Shutting down and abandoning module SteamVRController (110)
[2016.02.24-23.20.32:487][459]LogModuleManager: Shutting down and abandoning module SteamVR (109)
[2016.02.24-23.20.32:487][459]LogModuleManager: Shutting down and abandoning module ProceduralMeshComponent (108)
[2016.02.24-23.20.32:487][459]LogModuleManager: Shutting down and abandoning module OculusRift (107)
[2016.02.24-23.20.32:487][459]LogModuleManager: Shutting down and abandoning module LeapMotionController (106)
[2016.02.24-23.20.32:516][459]LogModuleManager: Shutting down and abandoning module CustomMeshComponent (105)
[2016.02.24-23.20.32:516][459]LogModuleManager: Shutting down and abandoning module CableComponent (104)
[2016.02.24-23.20.32:516][459]LogModuleManager: Shutting down and abandoning module MessagingDebugger (103)
[2016.02.24-23.20.32:517][459]LogModuleManager: Shutting down and abandoning module MediaPlayerEditor (102)
[2016.02.24-23.20.32:517][459]LogModuleManager: Shutting down and abandoning module SpeedTreeImporter (101)
[2016.02.24-23.20.32:517][459]LogModuleManager: Shutting down and abandoning module PluginBrowser (100)
[2016.02.24-23.20.32:517][459]LogModuleManager: Shutting down and abandoning module EpicSurvey (99)
[2016.02.24-23.20.32:517][459]LogModuleManager: Shutting down and abandoning module DesktopPlatform (98)
[2016.02.24-23.20.32:517][459]LogModuleManager: Shutting down and abandoning module VisualStudioSourceCodeAccess (97)
[2016.02.24-23.20.32:517][459]LogModuleManager: Shutting down and abandoning module UObjectPlugin (96)
[2016.02.24-23.20.32:517][459]LogModuleManager: Shutting down and abandoning module SubversionSourceControl (95)
[2016.02.24-23.20.32:517][459]LogModuleManager: Shutting down and abandoning module PerforceSourceControl (94)
[2016.02.24-23.20.32:517][459]LogModuleManager: Shutting down and abandoning module SourceControl (93)
[2016.02.24-23.20.32:517][459]LogModuleManager: Shutting down and abandoning module GitSourceControl (92)
[2016.02.24-23.20.32:517][459]LogModuleManager: Shutting down and abandoning module BlankPlugin (91)
[2016.02.24-23.20.32:517][459]LogModuleManager: Shutting down and abandoning module PaperTiledImporter (90)
[2016.02.24-23.20.32:517][459]LogModuleManager: Shutting down and abandoning module PaperSpriteSheetImporter (89)
[2016.02.24-23.20.32:517][459]LogModuleManager: Shutting down and abandoning module MeshPaint (88)
[2016.02.24-23.20.32:517][459]LogModuleManager: Shutting down and abandoning module SlateReflector (87)
[2016.02.24-23.20.32:517][459]LogModuleManager: Shutting down and abandoning module DirectoryWatcher (86)
[2016.02.24-23.20.32:518][459]LogModuleManager: Shutting down and abandoning module HotReload (85)
[2016.02.24-23.20.32:518][459]LogModuleManager: Shutting down and abandoning module MainFrame (84)
[2016.02.24-23.20.32:518][459]LogModuleManager: Shutting down and abandoning module LevelEditor (83)
[2016.02.24-23.20.32:520][459]LogModuleManager: Shutting down and abandoning module ContentBrowser (82)
[2016.02.24-23.20.32:521][459]LogModuleManager: Shutting down and abandoning module Paper2DEditor (81)
[2016.02.24-23.20.32:522][459]LogModuleManager: Shutting down and abandoning module UdpMessaging (80)
[2016.02.24-23.20.32:623][459]LogModuleManager: Shutting down and abandoning module Paper2D (79)
[2016.02.24-23.20.32:623][459]LogModuleManager: Shutting down and abandoning module WindowsMoviePlayer (78)
[2016.02.24-23.20.32:628][459]LogModuleManager: Shutting down and abandoning module Media (77)
[2016.02.24-23.20.32:628][459]LogModuleManager: Shutting down and abandoning module WmfMedia (76)
[2016.02.24-23.20.32:628][459]LogModuleManager: Shutting down and abandoning module OnlineBlueprintSupport (75)
[2016.02.24-23.20.32:629][459]LogModuleManager: Shutting down and abandoning module PropertyEditor (74)
[2016.02.24-23.20.32:629][459]LogModuleManager: Shutting down and abandoning module BehaviorTreeEditor (73)
[2016.02.24-23.20.32:629][459]LogModuleManager: Shutting down and abandoning module FunctionalTesting (72)
[2016.02.24-23.20.32:629][459]LogModuleManager: Shutting down and abandoning module CollisionAnalyzer (71)
[2016.02.24-23.20.32:629][459]LogModuleManager: Shutting down and abandoning module WorkspaceMenuStructure (70)
[2016.02.24-23.20.32:629][459]LogModuleManager: Shutting down and abandoning module MessageLog (69)
[2016.02.24-23.20.32:629][459]LogModuleManager: Shutting down and abandoning module Sequencer (68)
[2016.02.24-23.20.32:629][459]LogModuleManager: Shutting down and abandoning module AssetTools (67)
[2016.02.24-23.20.32:629][459]LogModuleManager: Shutting down and abandoning module UMGEditor (66)
[2016.02.24-23.20.32:629][459]LogModuleManager: Shutting down and abandoning module UMG (65)
[2016.02.24-23.20.32:629][459]LogModuleManager: Shutting down and abandoning module Slate (64)
[2016.02.24-23.20.32:629][459]LogModuleManager: Shutting down and abandoning module EditorStyle (63)
[2016.02.24-23.20.32:635][459]LogModuleManager: Shutting down and abandoning module SessionServices (62)
[2016.02.24-23.20.32:635][459]LogModuleManager: Shutting down and abandoning module SourceCodeAccess (61)
[2016.02.24-23.20.32:635][459]LogModuleManager: Shutting down and abandoning module HeadMountedDisplay (60)
[2016.02.24-23.20.32:635][459]LogModuleManager: Shutting down and abandoning module XAudio2 (59)
[2016.02.24-23.20.32:635][459]LogModuleManager: Shutting down and abandoning module Networking (57)
[2016.02.24-23.20.32:635][459]LogModuleManager: Shutting down and abandoning module Core (56)
[2016.02.24-23.20.32:635][459]LogModuleManager: Shutting down and abandoning module KismetCompiler (55)
[2016.02.24-23.20.32:635][459]LogModuleManager: Shutting down and abandoning module PhysXFormats (54)
[2016.02.24-23.20.32:635][459]LogModuleManager: Shutting down and abandoning module MeshUtilities (53)
[2016.02.24-23.20.32:636][459]LogModuleManager: Shutting down and abandoning module DerivedDataCache (52)
[2016.02.24-23.20.32:700][459]LogDerivedDataCache: Shutdown
[2016.02.24-23.20.32:700][459]LogModuleManager: Shutting down and abandoning module ShaderFormatOpenGL (51)
[2016.02.24-23.20.32:700][459]LogModuleManager: Shutting down and abandoning module ShaderFormatD3D (50)
[2016.02.24-23.20.32:700][459]LogModuleManager: Shutting down and abandoning module MetalShaderFormat (49)
[2016.02.24-23.20.32:700][459]LogModuleManager: Shutting down and abandoning module TextureFormatUncompressed (48)
[2016.02.24-23.20.32:700][459]LogModuleManager: Shutting down and abandoning module TextureFormatPVR (47)
[2016.02.24-23.20.32:700][459]LogModuleManager: Shutting down and abandoning module TextureFormatIntelISPCTexComp (46)
[2016.02.24-23.20.32:700][459]LogModuleManager: Shutting down and abandoning module TextureFormatDXT (45)
[2016.02.24-23.20.32:700][459]LogModuleManager: Shutting down and abandoning module ImageWrapper (44)
[2016.02.24-23.20.32:700][459]LogModuleManager: Shutting down and abandoning module TextureFormatASTC (43)
[2016.02.24-23.20.32:700][459]LogModuleManager: Shutting down and abandoning module TextureFormatAndroid (42)
[2016.02.24-23.20.32:700][459]LogModuleManager: Shutting down and abandoning module AudioFormatOpus (41)
[2016.02.24-23.20.32:700][459]LogModuleManager: Shutting down and abandoning module AudioFormatOgg (40)
[2016.02.24-23.20.32:701][459]LogModuleManager: Shutting down and abandoning module AudioFormatADPCM (39)
[2016.02.24-23.20.32:701][459]LogModuleManager: Shutting down and abandoning module LinuxTargetPlatform (38)
[2016.02.24-23.20.32:701][459]LogModuleManager: Shutting down and abandoning module LinuxServerTargetPlatform (37)
[2016.02.24-23.20.32:701][459]LogModuleManager: Shutting down and abandoning module LinuxNoEditorTargetPlatform (36)
[2016.02.24-23.20.32:701][459]LogModuleManager: Shutting down and abandoning module Messaging (35)
[2016.02.24-23.20.32:701][459]LogModuleManager: Shutting down and abandoning module IOSTargetPlatform (34)
[2016.02.24-23.20.32:701][459]LogModuleManager: Shutting down and abandoning module HTML5TargetPlatform (33)
[2016.02.24-23.20.32:701][459]LogModuleManager: Shutting down and abandoning module Android_PVRTCTargetPlatform (32)
[2016.02.24-23.20.32:701][459]LogModuleManager: Shutting down and abandoning module Android_ETC2TargetPlatform (31)
[2016.02.24-23.20.32:701][459]LogModuleManager: Shutting down and abandoning module Android_ETC1TargetPlatform (30)
[2016.02.24-23.20.32:701][459]LogModuleManager: Shutting down and abandoning module Android_DXTTargetPlatform (29)
[2016.02.24-23.20.32:701][459]LogModuleManager: Shutting down and abandoning module Android_ATCTargetPlatform (28)
[2016.02.24-23.20.32:701][459]LogModuleManager: Shutting down and abandoning module Android_ASTCTargetPlatform (27)
[2016.02.24-23.20.32:701][459]LogModuleManager: Shutting down and abandoning module AndroidTargetPlatform (26)
[2016.02.24-23.20.32:701][459]LogModuleManager: Shutting down and abandoning module WindowsTargetPlatform (25)
[2016.02.24-23.20.32:701][459]LogModuleManager: Shutting down and abandoning module WindowsServerTargetPlatform (24)
[2016.02.24-23.20.32:701][459]LogModuleManager: Shutting down and abandoning module WindowsNoEditorTargetPlatform (23)
[2016.02.24-23.20.32:701][459]LogModuleManager: Shutting down and abandoning module WindowsClientTargetPlatform (22)
[2016.02.24-23.20.32:701][459]LogModuleManager: Shutting down and abandoning module DesktopTargetPlatform (21)
[2016.02.24-23.20.32:701][459]LogModuleManager: Shutting down and abandoning module TargetPlatform (20)
[2016.02.24-23.20.32:702][459]LogModuleManager: Shutting down and abandoning module InputCore (19)
[2016.02.24-23.20.32:702][459]LogModuleManager: Shutting down and abandoning module Settings (18)
[2016.02.24-23.20.32:702][459]LogModuleManager: Shutting down and abandoning module OnlineSubsystem (16)
[2016.02.24-23.20.32:702][459]LogModuleManager: Shutting down and abandoning module HTTP (15)
[2016.02.24-23.20.32:702][459]LogModuleManager: Shutting down and abandoning module ExampleDeviceProfileSelector (14)
[2016.02.24-23.20.32:703][459]LogModuleManager: Shutting down and abandoning module TextureCompressor (13)
[2016.02.24-23.20.32:703][459]LogModuleManager: Shutting down and abandoning module ShaderCore (12)
[2016.02.24-23.20.32:703][459]LogModuleManager: Shutting down and abandoning module Landscape (11)
[2016.02.24-23.20.32:703][459]LogModuleManager: Shutting down and abandoning module SlateRHIRenderer (10)
[2016.02.24-23.20.32:713][459]LogModuleManager: Shutting down and abandoning module OpenGLDrv (9)
[2016.02.24-23.20.32:713][459]LogModuleManager: Shutting down and abandoning module D3D11RHI (8)
[2016.02.24-23.20.32:713][459]LogModuleManager: Shutting down and abandoning module Renderer (7)
[2016.02.24-23.20.32:713][459]LogModuleManager: Shutting down and abandoning module Engine (6)
[2016.02.24-23.20.32:713][459]LogModuleManager: Shutting down and abandoning module CoreUObject (5)
[2016.02.24-23.20.32:713][459]LogModuleManager: Shutting down and abandoning module NetworkFile (4)
[2016.02.24-23.20.32:713][459]LogModuleManager: Shutting down and abandoning module StreamingFile (3)
[2016.02.24-23.20.32:714][459]LogModuleManager: Shutting down and abandoning module SandboxFile (2)
[2016.02.24-23.20.32:714][459]LogModuleManager: Shutting down and abandoning module PakFile (1)
[2016.02.24-23.20.32:716][459]LogExit: Exiting.
[2016.02.24-23.20.32:719][459]Log file closed, 02/24/16 18:20:32
