[2016.02.29-03.01.09:495][  0]Log file open, 02/28/16 22:01:09
[2016.02.29-03.01.09:495][  0]LogInit:Display: Running engine for game: Proyecto
[2016.02.29-03.01.09:495][  0]LogInit:Display: RandInit(-140200859) SRandInit(-140200858).
[2016.02.29-03.01.09:495][  0]LogTaskGraph: Started task graph with 4 named threads and 5 total threads.
[2016.02.29-03.01.09:495][  0]LogStats: Stats thread started
[2016.02.29-03.01.09:495][  0]LogInit: Version: 4.8.3-2634408+++depot+UE4-Releases+4.8
[2016.02.29-03.01.09:495][  0]LogInit: API Version: 2579680
[2016.02.29-03.01.09:495][  0]LogInit: Compiled (64-bit): Jul 27 2015 16:24:33
[2016.02.29-03.01.09:495][  0]LogInit: Compiled with Visual C++: 18.00.21005.01
[2016.02.29-03.01.09:495][  0]LogInit: Build Configuration: Development
[2016.02.29-03.01.09:495][  0]LogInit: Branch Name: ++depot+UE4-Releases+4.8
[2016.02.29-03.01.09:495][  0]LogInit: Command line:  
[2016.02.29-03.01.09:495][  0]LogInit: Base directory: C:/Program Files (x86)/Epic Games/4.8/Engine/Binaries/Win64/
[2016.02.29-03.01.09:495][  0]LogInit: Rocket: 1
[2016.02.29-03.01.09:522][  0]LogInit: Using libcurl 7.41.0
[2016.02.29-03.01.09:522][  0]LogInit:  - built for x86_64-pc-win32
[2016.02.29-03.01.09:522][  0]LogInit:  - supports SSL with WinSSL
[2016.02.29-03.01.09:522][  0]LogInit:  - other features:
[2016.02.29-03.01.09:522][  0]LogInit:      CURL_VERSION_SSL
[2016.02.29-03.01.09:522][  0]LogInit:      CURL_VERSION_IPV6
[2016.02.29-03.01.09:522][  0]LogInit:      CURL_VERSION_ASYNCHDNS
[2016.02.29-03.01.09:522][  0]LogInit:      CURL_VERSION_LARGEFILE
[2016.02.29-03.01.09:522][  0]LogInit:      CURL_VERSION_IDN
[2016.02.29-03.01.09:522][  0]LogInit:  CurlRequestOptions (configurable via config and command line):
[2016.02.29-03.01.09:522][  0]LogInit:  - bVerifyPeer = true  - Libcurl will verify peer certificate
[2016.02.29-03.01.09:522][  0]LogInit:  - bUseHttpProxy = false  - Libcurl will NOT use HTTP proxy
[2016.02.29-03.01.09:522][  0]LogInit:  - bDontReuseConnections = false  - Libcurl will reuse connections
[2016.02.29-03.01.09:522][  0]LogInit:  - CertBundlePath = nullptr  - Libcurl will use whatever was configured at build time.
[2016.02.29-03.01.09:542][  0]LogOnline:Warning: No default platform service specified for OnlineSubsystem
[2016.02.29-03.01.09:565][  0]LogInit: Presizing for 0 objects not considered by GC, pre-allocating 0 bytes.
[2016.02.29-03.01.09:573][  0]LogInit: Object subsystem initialized
[2016.02.29-03.01.09:574][  0]LogConsoleResponse:Warning: Skipping Unknown console variable: 'TranslucentSortAxis = (X=0.000000,Y=-1.000000,Z=0.000000)'
[2016.02.29-03.01.09:574][  0]LogConsoleResponse:Warning:   Found in ini file 'C:/Users/user/Documents/Unreal Projects/Proyecto 4.8/Saved/Config/Windows/Engine.ini', in section '[/Script/Engine.RendererSettings]'
[2016.02.29-03.01.09:574][  0]LogConsoleResponse:Warning: Skipping Unknown console variable: 'UIScaleRule = ShortestSide'
[2016.02.29-03.01.09:574][  0]LogConsoleResponse:Warning:   Found in ini file 'C:/Users/user/Documents/Unreal Projects/Proyecto 4.8/Saved/Config/Windows/Engine.ini', in section '[/Script/Engine.RendererSettings]'
[2016.02.29-03.01.09:574][  0]LogConsoleResponse:Warning: Skipping Unknown console variable: 'UIScaleCurve = (EditorCurveData=(Keys=),ExternalCurve=None)'
[2016.02.29-03.01.09:574][  0]LogConsoleResponse:Warning:   Found in ini file 'C:/Users/user/Documents/Unreal Projects/Proyecto 4.8/Saved/Config/Windows/Engine.ini', in section '[/Script/Engine.RendererSettings]'
[2016.02.29-03.01.09:575][  0]LogInit: Selected Device Profile: [Windows]
[2016.02.29-03.01.09:575][  0]LogInit: Applying CVar settings loaded from the selected device profile: [Windows]
[2016.02.29-03.01.09:590][  0]LogInit: Computer: DANNY
[2016.02.29-03.01.09:590][  0]LogInit: User: user
[2016.02.29-03.01.09:590][  0]LogInit: CPU Page size=4096, Cores=2
[2016.02.29-03.01.09:590][  0]LogInit: High frequency timer resolution =1.656320 MHz
[2016.02.29-03.01.09:590][  0]LogMemory: Memory total: Physical=7.9GB (8GB approx)
[2016.02.29-03.01.09:591][  0]LogMemory: Platform Memory Stats for Windows
[2016.02.29-03.01.09:591][  0]LogMemory: Process Physical Memory: 49.23 MB used, 49.23 MB peak
[2016.02.29-03.01.09:591][  0]LogMemory: Process Virtual Memory: 24.97 MB used, 24.97 MB peak
[2016.02.29-03.01.09:591][  0]LogMemory: Physical Memory: 2952.27 MB used, 8096.02 MB total
[2016.02.29-03.01.09:591][  0]LogMemory: Virtual Memory: 290.49 MB used, 134217728.00 MB total
[2016.02.29-03.01.09:699][  0]LogTextLocalizationManager: The requested culture ('es_EC') has no localization data; parent culture's ('es') localization data will be used.
[2016.02.29-03.01.09:920][  0]LogTextLocalizationManager:Warning: Loaded localization resources contain conflicting entries for (Namespace:ContentBrowser, Key:ImportAssetToolTip):
Localization Resource: (C:/Program Files (x86)/Epic Games/4.8/Engine/Content/Localization/Editor/es/Editor.locres) Source String Hash: (-630476809) Localized String: (Importar a {0}...)
Localization Resource: (C:/Program Files (x86)/Epic Games/4.8/Engine/Content/Localization/Editor/es/Editor.locres) Source String Hash: (1271782899) Localized String: (Importa un activo desde el archivo a esta carpeta.)
[2016.02.29-03.01.10:494][  0]LogD3D11RHI: Found D3D11 adapter 0: Intel(R) HD Graphics Family (Feature Level 11_0)
[2016.02.29-03.01.10:494][  0]LogD3D11RHI: Adapter has 0MB of dedicated video memory, 0MB of dedicated system memory, and 1792MB of shared system memory, 1 output[s]
[2016.02.29-03.01.10:529][  0]LogD3D11RHI: Found D3D11 adapter 1: Microsoft Basic Render Driver (Feature Level 11_0)
[2016.02.29-03.01.10:529][  0]LogD3D11RHI: Adapter has 0MB of dedicated video memory, 0MB of dedicated system memory, and 256MB of shared system memory, 0 output[s]
[2016.02.29-03.01.10:529][  0]LogD3D11RHI: Chosen D3D11 Adapter Id = 0
[2016.02.29-03.01.10:534][  0]LogD3D11RHI: InitD3DDevice
[2016.02.29-03.01.10:534][  0]LogD3D11RHI: !Direct3DDevice
[2016.02.29-03.01.10:534][  0]LogRHI: Texture pool is 627 MB (70% of 896 MB)
[2016.02.29-03.01.10:543][  0]LogD3D11RHI: Async texture creation enabled
[2016.02.29-03.01.10:551][  0]LogShaderCompilers:Display: Using Local Shader Compiler.
[2016.02.29-03.01.14:076][  0]LogTemp:Display: Loaded TP DesktopTargetPlatform
[2016.02.29-03.01.14:097][  0]LogTemp:Display: Loaded TP WindowsClientTargetPlatform
[2016.02.29-03.01.14:120][  0]LogTemp:Display: Loaded TP WindowsNoEditorTargetPlatform
[2016.02.29-03.01.14:142][  0]LogTemp:Display: Loaded TP WindowsServerTargetPlatform
[2016.02.29-03.01.14:165][  0]LogTemp:Display: Loaded TP WindowsTargetPlatform
[2016.02.29-03.01.14:185][  0]LogTemp:Display: Loaded TP AndroidTargetPlatform
[2016.02.29-03.01.14:203][  0]LogTemp:Display: Loaded TP Android_ASTCTargetPlatform
[2016.02.29-03.01.14:222][  0]LogTemp:Display: Loaded TP Android_ATCTargetPlatform
[2016.02.29-03.01.14:240][  0]LogTemp:Display: Loaded TP Android_DXTTargetPlatform
[2016.02.29-03.01.14:259][  0]LogTemp:Display: Loaded TP Android_ETC1TargetPlatform
[2016.02.29-03.01.14:277][  0]LogTemp:Display: Loaded TP Android_ETC2TargetPlatform
[2016.02.29-03.01.14:295][  0]LogTemp:Display: Loaded TP Android_PVRTCTargetPlatform
[2016.02.29-03.01.14:370][  0]LogTemp:Display: Loaded TP IOSTargetPlatform
[2016.02.29-03.01.14:389][  0]LogTemp:Display: Loaded TP LinuxNoEditorTargetPlatform
[2016.02.29-03.01.14:408][  0]LogTemp:Display: Loaded TP LinuxServerTargetPlatform
[2016.02.29-03.01.14:428][  0]LogTemp:Display: Loaded TP LinuxTargetPlatform
[2016.02.29-03.01.14:428][  0]LogTargetPlatformManager:Display: Building Assets For Windows
[2016.02.29-03.01.14:772][  0]LogDerivedDataCache:Display: Max Cache Size: 512 MB
[2016.02.29-03.01.15:642][  0]LogDerivedDataCache: Loaded boot cache 0.86s 53MB C:/Users/user/AppData/Local/UnrealEngine/4.8/DerivedDataCache/Boot.ddc.
[2016.02.29-03.01.15:642][  0]LogDerivedDataCache:Display: Loaded Boot cache: C:/Users/user/AppData/Local/UnrealEngine/4.8/DerivedDataCache/Boot.ddc
[2016.02.29-03.01.15:642][  0]LogDerivedDataCache: FDerivedDataBackendGraph:  Pak pak cache file ../../../../../../Users/user/Documents/Unreal Projects/Proyecto 4.8/DerivedDataCache/DDC.ddp not found, will not use a pak cache.
[2016.02.29-03.01.15:661][  0]LogDerivedDataCache: Unable to find inner node Pak for hierarchical cache Hierarchy.
[2016.02.29-03.01.15:661][  0]LogDerivedDataCache: FDerivedDataBackendGraph:  CompressedPak pak cache file ../../../../../../Users/user/Documents/Unreal Projects/Proyecto 4.8/DerivedDataCache/Compressed.ddp not found, will not use a pak cache.
[2016.02.29-03.01.15:661][  0]LogDerivedDataCache: Unable to find inner node CompressedPak for hierarchical cache Hierarchy.
[2016.02.29-03.01.15:915][  0]LogDerivedDataCache:Display: Pak cache opened for reading ../../../Engine/DerivedDataCache/Compressed.ddp.
[2016.02.29-03.01.15:966][  0]LogDerivedDataCache: Using Local data cache path C:/Users/user/AppData/Local/UnrealEngine/Common/DerivedDataCache: Writable
[2016.02.29-03.01.18:831][  0]LogInit: Selected Device Profile: [Windows]
[2016.02.29-03.01.19:254][  0]ImportText (ComponentSweepMultiTests): Missing closing parenthesis: (RootShapeAsset="/Engine/BasicShapes/Cube.Cube",ShapeType="TriggerCapsule",HitResult=(Time=0.50,Location=(X=-100.000015,Y=0.0,Z=100.000015),ImpactPoint=(X=-50.0,Y=0.0,Z=50.0),Normal=(X=-1.0,Y=-0.0,Z=0.0),ImpactNormal=(X=0.0,Y=0.0,Z=1.0),TraceStart=(X=-200.0,Y=0.0,Z=200.0),TraceEnd=(X=0.0,Y=0.0,Z=0.0))
[2016.02.29-03.01.19:255][  0]ImportText (LineTraceSingleByChannelTests): Missing closing parenthesis: (RootShapeAsset="/Engine/BasicShapes/Cube.Cube",HitResult=(Time=0.50,Location=(X=-100.000015,Y=0.0,Z=100.000015),ImpactPoint=(X=-50.0,Y=0.0,Z=50.0),Normal=(X=-1.0,Y=-0.0,Z=0.0),ImpactNormal=(X=0.0,Y=0.0,Z=1.0),TraceStart=(X=-200.0,Y=0.0,Z=200.0),TraceEnd=(X=0.0,Y=0.0,Z=0.0))
[2016.02.29-03.01.19:395][  0]LogMeshUtilities: No automatic mesh reduction module available
[2016.02.29-03.01.19:395][  0]LogMeshUtilities: No automatic mesh merging module available
[2016.02.29-03.01.21:568][  0]LogInit: WinSock: version 1.1 (2.2), MaxSocks=32767, MaxUdp=65467
[2016.02.29-03.01.54:311][  0]UdpMessaging: Initializing bridge on interface 0.0.0.0:0 to multicast group 230.0.0.1:6666.
[2016.02.29-03.01.56:666][  0]SourceControl: Información El control de código fuente está desactivado
[2016.02.29-03.01.56:666][  0]SourceControl: Información El control de código fuente está desactivado
[2016.02.29-03.01.56:688][  0]SourceControl: Información El control de código fuente está desactivado
[2016.02.29-03.01.56:743][  0]SourceControl: Información El control de código fuente está desactivado
[2016.02.29-03.01.57:968][  0]LogObj: 26273 objects as part of root set at end of initial load.
[2016.02.29-03.01.57:968][  0]LogUObjectAllocator: 5409248 out of 0 bytes used by permanent object pool.
[2016.02.29-03.01.58:356][  0]LogEngine: Initializing Engine...
[2016.02.29-03.01.58:378][  0]LogHMD: Can't find Oculus library dev build: is proper Runtime installed? Version: 0.6.0.0
[2016.02.29-03.01.58:460][  0]LogHMD:Warning: SteamVR failed to initialize.  Error: 110
[2016.02.29-03.01.59:143][  0]LogAIModule: Creating AISystem for world NewWorld
[2016.02.29-03.01.59:196][  0]LogInit: XAudio2 using 'Speakers / Headphones (Realtek High Definition Audio)' : 2 channels at 48 kHz using 32 bits per sample (channel mask 0x3)
[2016.02.29-03.01.59:359][  0]LogInit: FAudioDevice initialized.
[2016.02.29-03.01.59:416][  0]LogDerivedDataCache: Saved boot cache 0.06s 53MB C:/Users/user/AppData/Local/UnrealEngine/4.8/DerivedDataCache/Boot.ddc.
[2016.02.29-03.01.59:423][  0]LogInit: Texture streaming: Disabled
[2016.02.29-03.01.59:515][  0]LogAnalytics: Creating configured Analytics provider AnalyticsET
[2016.02.29-03.01.59:515][  0]LogAnalytics: [UEEditor.Rocket.Release] APIServer = http://et2.epicgames.com/ET2/. AppVersion = 4.8.3-2634408+++depot+UE4-Releases+4.8
[2016.02.29-03.01.59:515][  0]LogAnalytics: [UEEditor.Rocket.Release] SetUserId 820feb8a48b81b9277562f967a501efe|f5ef73f63ff848099dbcb372ab74370e|776671d9-1fb4-4ff2-b95f-b2da3e3db6de
[2016.02.29-03.01.59:525][  0]LogAnalytics: [UEEditor.Rocket.Release] AnalyticsET::StartSession
[2016.02.29-03.01.59:647][  0]LogInit: Transaction tracking system initialized
[2016.02.29-03.02.00:607][  0]BlueprintLog: New page: Cargar el editor
[2016.02.29-03.02.01:091][  0]LogAssetRegistry: FAssetRegistry took 0.0112 seconds to start up
[2016.02.29-03.02.01:092][  0]LogDirectoryWatcher:Warning: Failed to begin reading directory changes for ../../../Engine/Plugins/Experimental/CharacterAI/Content/. Error: 0
[2016.02.29-03.02.04:589][  0]LogConsoleManager:Warning: Console variable 'r.VSync' wasn't set ('GameSetting' has a lower priority than 'SystemSettingsIni')
[2016.02.29-03.02.04:590][  0]LogConsoleResponse:Display: 
[2016.02.29-03.02.07:441][  0]LogCook:Display: Done creating registry. It took  0.00s.
[2016.02.29-03.02.09:449][  0]SourceControl: Información El control de código fuente está desactivado
[2016.02.29-03.02.09:449][  0]Cmd: MAP LOAD FILE="../../../../../../Users/user/Documents/Unreal Projects/Proyecto 4.8/Content/Niveles/Nivel_1.umap" TEMPLATE=0 SHOWPROGRESS=1 FEATURELEVEL=3
[2016.02.29-03.02.09:452][  0]LightingResults: New page: Diseñar la iluminación
[2016.02.29-03.02.09:479][  0]MapCheck: New page: Revisión del mapa
[2016.02.29-03.02.09:479][  0]LightingResults: New page: Diseñar la iluminación
[2016.02.29-03.02.09:507][  0]LogParticles: Destroying 0 GPU particle simulations for FXSystem 0x000000938B07A3E0
[2016.02.29-03.02.19:095][  0]LogAIModule: Creating AISystem for world Nivel_1
[2016.02.29-03.02.19:190][  0]LogEditorServer: Finished looking for orphan Actors (0.000 secs)
[2016.02.29-03.02.19:191][  0]Cmd: MAP CHECKDEP NOCLEARLOG
[2016.02.29-03.02.19:315][  0]MapCheck: Información Map check complete: 0 Error(s), 0 Warning(s), took 123,204ms to complete.
[2016.02.29-03.02.19:315][  0]LogFileHelpers: Loading map 'Nivel_1' took 9.866
[2016.02.29-03.02.21:132][  0]LogCollectionManager: Loaded 0 collections in 0.002745 seconds
[2016.02.29-03.02.21:145][  0]LogContentBrowser: Native class hierarchy populated in 0.0124 seconds. Added 1792 classes and 301 folders.
[2016.02.29-03.02.21:745][  0]LogContentBrowser: Native class hierarchy updated for 'WidgetCarousel' in 0.0006 seconds. Added 0 classes and 0 folders.
[2016.02.29-03.02.25:643][  0]LogContentBrowser: Native class hierarchy updated for 'AddContentDialog' in 0.0004 seconds. Added 0 classes and 0 folders.
[2016.02.29-03.02.25:755][  0]LogContentBrowser: Native class hierarchy updated for 'SceneOutliner' in 0.0017 seconds. Added 1 classes and 2 folders.
[2016.02.29-03.02.26:218][  0]LogCrashTracker: Crashtracker disabled due to settings.
[2016.02.29-03.02.26:220][  0]LogD3D11RHI: InitD3DDevice
[2016.02.29-03.02.26:227][  0]LogUObjectGlobals:Warning: Error al encontrar el objeto 'Class Ninguno.'
[2016.02.29-03.02.26:250][  0]LogLoad: Full Startup: 78.54 seconds (BP compile: 1.54 seconds)
[2016.02.29-03.02.27:114][  0]LogContentStreaming: Texture pool size is 0.000000MB
[2016.02.29-03.02.27:847][  0]LogContentStreaming: Texture pool size now 1000 MB
[2016.02.29-03.02.28:563][  0]LogRenderer: Reallocating scene render targets to support 688x376 (Frame:2).
[2016.02.29-03.02.44:489][ 46]LogAssetRegistry: Asset discovery search completed in 43.4091 seconds
[2016.02.29-03.06.32:960][746]LogD3D11RHI: InitD3DDevice
[2016.02.29-03.06.50:049][431]LogEditorViewport: Clicking on Actor (LMB): BP_item5_C (BP_item5)
[2016.02.29-03.06.56:403][657]Cmd: TRANSACTION UNDO
[2016.02.29-03.06.56:410][657]LogEditorTransaction: Undo Move Actors
[2016.02.29-03.06.56:452][657]LogD3D11RHI: InitD3DDevice
[2016.02.29-03.06.57:363][691]Cmd: TRANSACTION UNDO
[2016.02.29-03.06.57:363][691]LogEditorTransaction: Undo Seleccionar marco
[2016.02.29-03.06.58:527][734]Cmd: TRANSACTION UNDO
[2016.02.29-03.06.58:527][734]LogEditorTransaction: Undo Pinchar en los actores
[2016.02.29-03.07.04:671][974]LogEditorViewport: Clicking on Actor (LMB): DoorExit_1_C (DoorExit_1)
[2016.02.29-03.07.06:897][ 59]LogEditorViewport: Clicking on Actor (LMB): DoorExit_1_C (DoorExit_1)
[2016.02.29-03.07.07:003][ 60]LogEditorViewport: Clicking on Component (LMB): PaperSpriteComponent (PaperSprite)
[2016.02.29-03.07.11:360][206]LogEditorViewport: Clicking on Component (LMB): PaperSpriteComponent (PaperSprite)
[2016.02.29-03.07.11:419][206]LogEditorViewport: Clicking on Actor (double click): DoorExit_1_C (DoorExit_1)
[2016.02.29-03.07.20:653][549]LogD3D11RHI: InitD3DDevice
[2016.02.29-03.07.27:771][991]Cmd: TRANSACTION UNDO
[2016.02.29-03.07.27:771][991]LogEditorTransaction: Undo Pinchar en los actores (doble clic)
[2016.02.29-03.07.27:826][991]LogD3D11RHI: InitD3DDevice
[2016.02.29-03.07.30:022][ 66]LogD3D11RHI: InitD3DDevice
[2016.02.29-03.07.33:907][283]LogD3D11RHI: InitD3DDevice
[2016.02.29-03.07.38:218][624]LogD3D11RHI: InitD3DDevice
[2016.02.29-03.07.38:323][624]LogLinker:Warning: Asset '../../../Engine/Content/ArtTools/RenderToTexture/Macros/RenderToTextureMacros.uasset' has been saved with empty engine version. The asset will be loaded but may be incompatible.
[2016.02.29-03.07.38:431][624]LogLinker:Warning: Asset '../../../Engine/Content/ArtTools/RenderToTexture/Enums/RenderToTexture_Enum.uasset' has been saved with empty engine version. The asset will be loaded but may be incompatible.
[2016.02.29-03.12.50:225][792]LogD3D11RHI: InitD3DDevice
[2016.02.29-03.12.52:581][ 39]LogD3D11RHI: InitD3DDevice
[2016.02.29-03.12.55:816][409]BlueprintLog: New page: Compilar DoorExit_1
[2016.02.29-03.12.56:258][409]BlueprintEditorCompileResults: Información [0708,54] Compile of DoorExit_1 successful! [in 441 ms]
[2016.02.29-03.12.56:765][467]LogD3D11RHI: InitD3DDevice
[2016.02.29-03.12.56:790][467]Cmd: OBJ SAVEPACKAGE PACKAGE="/Game/Blueprints/Level_1/DoorExit_1" FILE="../../../../../../Users/user/Documents/Unreal Projects/Proyecto 4.8/Content/Blueprints/Level_1/DoorExit_1.uasset" SILENT=true
[2016.02.29-03.12.56:898][467]LogSavePackage: Save=43.800716ms
[2016.02.29-03.12.56:898][467]LogSavePackage: Moving '../../../../../../Users/user/Documents/Unreal Projects/Proyecto 4.8/Saved/DoorExit_19AB1CFB44ABBF996FAF88A93DBE1FD62.tmp' to '../../../../../../Users/user/Documents/Unreal Projects/Proyecto 4.8/Content/Blueprints/Level_1/DoorExit_1.uasset'
[2016.02.29-03.13.00:831][746]LogD3D11RHI: InitD3DDevice
[2016.02.29-03.13.00:854][746]Cmd: OBJ SAVEPACKAGE PACKAGE="/Game/Niveles/Nivel_1" FILE="../../../../../../Users/user/Documents/Unreal Projects/Proyecto 4.8/Content/Niveles/Nivel_1.umap" SILENT=true AUTOSAVING=false KEEPDIRTY=false
[2016.02.29-03.13.00:894][746]LogParticles: Destroying 0 GPU particle simulations for FXSystem 0x000000938189EDE0
[2016.02.29-03.13.01:093][746]LogSavePackage: Save=122.059143ms
[2016.02.29-03.13.01:093][746]LogSavePackage: Moving '../../../../../../Users/user/Documents/Unreal Projects/Proyecto 4.8/Saved/Nivel_15B521B604B17BB2B4B2CDBAC7E627EF9.tmp' to '../../../../../../Users/user/Documents/Unreal Projects/Proyecto 4.8/Content/Niveles/Nivel_1.umap'
[2016.02.29-03.13.02:483][799]LogD3D11RHI: InitD3DDevice
[2016.02.29-03.13.03:263][855]BlueprintLog: New page: Volver a compilar automáticamente la reproducción en el editor (PIE) anterior
[2016.02.29-03.13.03:276][855]LogPlayLevel: [PIE] Compiling Nivel_1 before PIE...
[2016.02.29-03.13.03:413][855]LogPlayLevel: PIE:  Blueprint regeneration took 149 ms (1 blueprints)
[2016.02.29-03.13.03:537][855]PIE: New page: Sesión PIE (reproducción en el editor): Nivel_1 (28/2/2016 17:13:03)
[2016.02.29-03.13.03:538][855]LogPlayLevel: Creating play world package: /Game/Niveles/UEDPIE_0_Nivel_1
[2016.02.29-03.13.03:543][855]LogPlayLevel: PIE: StaticDuplicateObject took: (0.005323s)
[2016.02.29-03.13.03:544][855]LogAIModule: Creating AISystem for world Nivel_1
[2016.02.29-03.13.03:545][855]LogPlayLevel: PIE: World Init took: (0.001231s)
[2016.02.29-03.13.03:545][855]LogPlayLevel: PIE: Created PIE world by copying editor world from /Game/Niveles/Nivel_1.Nivel_1 to /Game/Niveles/UEDPIE_0_Nivel_1.Nivel_1 (0.006802s)
[2016.02.29-03.13.03:599][855]LogInit: XAudio2 using 'Speakers / Headphones (Realtek High Definition Audio)' : 2 channels at 48 kHz using 32 bits per sample (channel mask 0x3)
[2016.02.29-03.13.03:610][855]LogInit: FAudioDevice initialized.
[2016.02.29-03.13.03:613][855]LogD3D11RHI: InitD3DDevice
[2016.02.29-03.13.03:707][855]LogWorld: Game class is '2D_C'
[2016.02.29-03.13.03:736][855]LogWorld: Bringing World /Game/Niveles/UEDPIE_0_Nivel_1.Nivel_1 up for play (max tick rate 0) at 2016.02.28-22.13.03
[2016.02.29-03.13.03:736][855]LogActor:Warning: GameSession /Game/Niveles/UEDPIE_0_Nivel_1.Nivel_1:PersistentLevel.GameSession_0 has natively added scene component(s), but none of them were set as the actor's RootComponent - picking one arbitrarily
[2016.02.29-03.13.03:737][855]LogActor:Warning: GameNetworkManager /Game/Niveles/UEDPIE_0_Nivel_1.Nivel_1:PersistentLevel.GameNetworkManager_0 has natively added scene component(s), but none of them were set as the actor's RootComponent - picking one arbitrarily
[2016.02.29-03.13.03:739][855]LogWorld: Bringing up level for play took: 0.024979
[2016.02.29-03.13.03:773][855]PIE: Información Tiempo de inicio de la reproducción en el editor para  /Game/Niveles/UEDPIE_0_Nivel_1 -0,326
[2016.02.29-03.13.03:813][855]LogRenderer: Reallocating scene render targets to support 1296x728 (Frame:2235).
[2016.02.29-03.13.19:659][247]LogPackageName: SearchForPackageOnDisk took   0.098s to resolve Nivel_2.umap
[2016.02.29-03.13.19:763][248]LogPackageName: SearchForPackageOnDisk took   0.081s to resolve Nivel_2.umap
[2016.02.29-03.13.19:763][248]LogNet: Browse: /Game/Niveles/Nivel_2
[2016.02.29-03.13.19:777][248]LogLoad: LoadMap: /Game/Niveles/Nivel_2
[2016.02.29-03.13.19:840][248]LogParticles: Destroying 0 GPU particle simulations for FXSystem 0x00000093959F0360
[2016.02.29-03.13.19:840][248]Cmd: MEM
[2016.02.29-03.13.19:913][248]LogMemory: Platform Memory Stats for Windows
[2016.02.29-03.13.19:913][248]LogMemory: Process Physical Memory: 685.56 MB used, 705.07 MB peak
[2016.02.29-03.13.19:913][248]LogMemory: Process Virtual Memory: 661.52 MB used, 667.51 MB peak
[2016.02.29-03.13.19:913][248]LogMemory: Physical Memory: 3911.88 MB used, 8096.02 MB total
[2016.02.29-03.13.19:913][248]LogMemory: Virtual Memory: 1275.81 MB used, 134217728.00 MB total
[2016.02.29-03.13.19:913][248]LogMemory: 
[2016.02.29-03.13.19:913][248]Allocator Stats for TBB: (not implemented)
[2016.02.29-03.13.20:726][248]LogTexture:Display: Generando texturas: item2_N2 (BGRA8)
[2016.02.29-03.13.20:750][248]LogTexture:Display: Generando texturas: item3_N2 (BGRA8)
[2016.02.29-03.13.20:896][248]LogTexture:Display: Generando texturas: item4_N2 (BGRA8)
[2016.02.29-03.13.21:198][248]LogTexture:Display: Generando texturas: item5_N2 (BGRA8)
[2016.02.29-03.13.21:561][248]LogTexture:Display: Generando texturas: item1_N2 (BGRA8)
[2016.02.29-03.13.23:755][248]LogAIModule: Creating AISystem for world Nivel_2
[2016.02.29-03.13.23:758][248]LogWorld: Game class is '2D_C'
[2016.02.29-03.13.23:782][248]LogWorld: Bringing World /Game/Niveles/UEDPIE_0_Nivel_2.Nivel_2 up for play (max tick rate 0) at 2016.02.28-22.13.23
[2016.02.29-03.13.23:782][248]LogActor:Warning: GameSession /Game/Niveles/UEDPIE_0_Nivel_2.Nivel_2:PersistentLevel.GameSession_1 has natively added scene component(s), but none of them were set as the actor's RootComponent - picking one arbitrarily
[2016.02.29-03.13.23:782][248]LogActor:Warning: GameNetworkManager /Game/Niveles/UEDPIE_0_Nivel_2.Nivel_2:PersistentLevel.GameNetworkManager_1 has natively added scene component(s), but none of them were set as the actor's RootComponent - picking one arbitrarily
[2016.02.29-03.13.23:783][248]LogWorld: Bringing up level for play took: 0.022839
[2016.02.29-03.13.23:868][248]LogAudio:Warning: Spatialisation on stereo and multichannel sounds is not supported. SoundWave: Zombie_Moan-SoundBible_com-565291980 SoundCue: Mummy_Zombie-SoundBible_com-1966938763_SoundCue Actor: Mummy_Zombie-SoundBible_com-1966938764 AudioComponent: AudioComponent0
[2016.02.29-03.13.23:911][248]LogAudio:Warning: Spatialisation on stereo and multichannel sounds is not supported. SoundWave: Mummy_Zombie-SoundBible_com-1966938763 SoundCue: Mummy_Zombie-SoundBible_com-1966938763_SoundCue Actor: Mummy_Zombie-SoundBible_com-1966938765 AudioComponent: AudioComponent0
[2016.02.29-03.13.31:200][406]LogParticles: Destroying 0 GPU particle simulations for FXSystem 0x000000938FF15BC0
[2016.02.29-03.13.32:299][435]LogEditorViewport: Clicking Background
[2016.02.29-03.14.15:359][640]LogEditorViewport: Clicking on Actor (LMB): DoorExit_1_C (DoorExit_1)
[2016.02.29-03.14.20:960][792]LogD3D11RHI: InitD3DDevice
[2016.02.29-03.14.21:561][792]LogAIModule: Creating AISystem for world Nivel_2
[2016.02.29-03.14.21:691][792]Cmd: MAP LOAD FILE="../../../../../../Users/user/Documents/Unreal Projects/Proyecto 4.8/Content/Niveles/Nivel_2.umap" TEMPLATE=0 SHOWPROGRESS=1 FEATURELEVEL=3
[2016.02.29-03.14.21:691][792]LightingResults: New page: Diseñar la iluminación
[2016.02.29-03.14.21:738][792]LoadErrors: New page: Cargando mapa: Nivel_2.umap
[2016.02.29-03.14.21:739][792]MapCheck: New page: Revisión del mapa
[2016.02.29-03.14.21:739][792]LightingResults: New page: Diseñar la iluminación
[2016.02.29-03.14.21:777][792]LogParticles: Destroying 0 GPU particle simulations for FXSystem 0x00000093834D9800
[2016.02.29-03.14.21:970][792]LogEditorServer: Finished looking for orphan Actors (0.000 secs)
[2016.02.29-03.14.22:055][792]Cmd: MAP CHECKDEP NOCLEARLOG
[2016.02.29-03.14.22:252][792]MapCheck: Información Map check complete: 0 Error(s), 0 Warning(s), took 196,21ms to complete.
[2016.02.29-03.14.22:252][792]LogFileHelpers: Loading map 'Nivel_2' took 0.561
[2016.02.29-03.14.26:129][888]LogEditorViewport: Clicking on Actor (LMB): puertaExit_BP_C (puertaExit_BP)
[2016.02.29-03.14.29:921][982]LogD3D11RHI: InitD3DDevice
[2016.02.29-03.14.32:010][127]LogD3D11RHI: InitD3DDevice
[2016.02.29-03.14.35:275][371]LogD3D11RHI: InitD3DDevice
[2016.02.29-03.14.35:357][376]LogD3D11RHI: InitD3DDevice
[2016.02.29-03.14.35:413][378]LogD3D11RHI: InitD3DDevice
[2016.02.29-03.14.35:467][381]LogD3D11RHI: InitD3DDevice
[2016.02.29-03.14.35:545][386]LogD3D11RHI: InitD3DDevice
[2016.02.29-03.14.35:629][390]LogD3D11RHI: InitD3DDevice
[2016.02.29-03.14.35:931][410]LogD3D11RHI: InitD3DDevice
[2016.02.29-03.14.35:958][411]LogD3D11RHI: InitD3DDevice
[2016.02.29-03.14.36:004][413]LogD3D11RHI: InitD3DDevice
[2016.02.29-03.14.39:832][644]LogD3D11RHI: InitD3DDevice
[2016.02.29-03.14.41:463][754]LogD3D11RHI: InitD3DDevice
[2016.02.29-03.14.41:528][754]LogLinker:Warning: Asset '../../../Engine/Content/ArtTools/RenderToTexture/Macros/RenderToTextureMacros.uasset' has been saved with empty engine version. The asset will be loaded but may be incompatible.
[2016.02.29-03.14.41:543][754]LogLinker:Warning: Asset '../../../Engine/Content/ArtTools/RenderToTexture/Enums/RenderToTexture_Enum.uasset' has been saved with empty engine version. The asset will be loaded but may be incompatible.
[2016.02.29-03.14.46:483][205]LogD3D11RHI: InitD3DDevice
[2016.02.29-03.14.49:937][602]LogD3D11RHI: InitD3DDevice
[2016.02.29-03.14.52:421][879]LogD3D11RHI: InitD3DDevice
[2016.02.29-03.14.52:442][879]Cmd: OBJ SAVEPACKAGE PACKAGE="/Game/Blueprints/Level_2/puertaExit_BP" FILE="../../../../../../Users/user/Documents/Unreal Projects/Proyecto 4.8/Content/Blueprints/Level_2/puertaExit_BP.uasset" SILENT=true
[2016.02.29-03.14.52:551][879]LogSavePackage: Save=42.834114ms
[2016.02.29-03.14.52:551][879]LogSavePackage: Moving '../../../../../../Users/user/Documents/Unreal Projects/Proyecto 4.8/Saved/puertaExit_BP49812A124F97849B50500D95350B4851.tmp' to '../../../../../../Users/user/Documents/Unreal Projects/Proyecto 4.8/Content/Blueprints/Level_2/puertaExit_BP.uasset'
[2016.02.29-03.14.53:205][951]BlueprintLog: New page: Compilar puertaExit_BP
[2016.02.29-03.14.53:371][951]BlueprintEditorCompileResults: Información [0825,66] Compile of puertaExit_BP successful! [in 165 ms]
[2016.02.29-03.14.54:016][ 23]LogD3D11RHI: InitD3DDevice
[2016.02.29-03.14.54:037][ 23]Cmd: OBJ SAVEPACKAGE PACKAGE="/Game/Blueprints/Level_2/puertaExit_BP" FILE="../../../../../../Users/user/Documents/Unreal Projects/Proyecto 4.8/Content/Blueprints/Level_2/puertaExit_BP.uasset" SILENT=true
[2016.02.29-03.14.54:152][ 23]LogSavePackage: Save=50.914074ms
[2016.02.29-03.14.54:152][ 23]LogSavePackage: Moving '../../../../../../Users/user/Documents/Unreal Projects/Proyecto 4.8/Saved/puertaExit_BPD25106924934AB4037E8E78984129EC9.tmp' to '../../../../../../Users/user/Documents/Unreal Projects/Proyecto 4.8/Content/Blueprints/Level_2/puertaExit_BP.uasset'
[2016.02.29-03.14.57:052][210]LogD3D11RHI: InitD3DDevice
[2016.02.29-03.14.57:083][210]Cmd: OBJ SAVEPACKAGE PACKAGE="/Game/Niveles/Nivel_2" FILE="../../../../../../Users/user/Documents/Unreal Projects/Proyecto 4.8/Content/Niveles/Nivel_2.umap" SILENT=true AUTOSAVING=false KEEPDIRTY=false
[2016.02.29-03.14.57:124][210]LogParticles: Destroying 0 GPU particle simulations for FXSystem 0x0000009397788C20
[2016.02.29-03.14.57:372][210]LogSavePackage: Save=173.339691ms
[2016.02.29-03.14.57:372][210]LogSavePackage: Moving '../../../../../../Users/user/Documents/Unreal Projects/Proyecto 4.8/Saved/Nivel_28642D9C0456403EB700F67BE9EC3B878.tmp' to '../../../../../../Users/user/Documents/Unreal Projects/Proyecto 4.8/Content/Niveles/Nivel_2.umap'
[2016.02.29-03.14.58:362][235]LogD3D11RHI: InitD3DDevice
[2016.02.29-03.14.59:137][290]BlueprintLog: New page: Volver a compilar automáticamente la reproducción en el editor (PIE) anterior
[2016.02.29-03.14.59:150][290]LogPlayLevel: [PIE] Compiling Nivel_2 before PIE...
[2016.02.29-03.14.59:276][290]LogPlayLevel: PIE:  Blueprint regeneration took 138 ms (1 blueprints)
[2016.02.29-03.14.59:276][290]PIE: New page: Sesión PIE (reproducción en el editor): Nivel_2 (28/2/2016 17:14:59)
[2016.02.29-03.14.59:277][290]LogPlayLevel: Creating play world package: /Game/Niveles/UEDPIE_0_Nivel_2
[2016.02.29-03.14.59:316][290]LogPlayLevel: PIE: StaticDuplicateObject took: (0.038477s)
[2016.02.29-03.14.59:317][290]LogAIModule: Creating AISystem for world Nivel_2
[2016.02.29-03.14.59:318][290]LogPlayLevel: PIE: World Init took: (0.001876s)
[2016.02.29-03.14.59:318][290]LogPlayLevel: PIE: Created PIE world by copying editor world from /Game/Niveles/Nivel_2.Nivel_2 to /Game/Niveles/UEDPIE_0_Nivel_2.Nivel_2 (0.040613s)
[2016.02.29-03.14.59:370][290]LogInit: XAudio2 using 'Speakers / Headphones (Realtek High Definition Audio)' : 2 channels at 48 kHz using 32 bits per sample (channel mask 0x3)
[2016.02.29-03.14.59:381][290]LogInit: FAudioDevice initialized.
[2016.02.29-03.14.59:385][290]LogD3D11RHI: InitD3DDevice
[2016.02.29-03.14.59:420][290]LogWorld: Game class is '2D_C'
[2016.02.29-03.14.59:436][290]LogWorld: Bringing World /Game/Niveles/UEDPIE_0_Nivel_2.Nivel_2 up for play (max tick rate 0) at 2016.02.28-22.14.59
[2016.02.29-03.14.59:436][290]LogActor:Warning: GameSession /Game/Niveles/UEDPIE_0_Nivel_2.Nivel_2:PersistentLevel.GameSession_2 has natively added scene component(s), but none of them were set as the actor's RootComponent - picking one arbitrarily
[2016.02.29-03.14.59:436][290]LogActor:Warning: GameNetworkManager /Game/Niveles/UEDPIE_0_Nivel_2.Nivel_2:PersistentLevel.GameNetworkManager_2 has natively added scene component(s), but none of them were set as the actor's RootComponent - picking one arbitrarily
[2016.02.29-03.14.59:437][290]LogWorld: Bringing up level for play took: 0.015309
[2016.02.29-03.14.59:465][290]PIE: Información Tiempo de inicio de la reproducción en el editor para  /Game/Niveles/UEDPIE_0_Nivel_2 -0,634
[2016.02.29-03.15.13:132][578]LogParticles: Destroying 0 GPU particle simulations for FXSystem 0x0000009398034C20
[2016.02.29-03.15.13:873][598]LogEditorViewport: Clicking Background
[2016.02.29-03.15.15:604][641]LogD3D11RHI: InitD3DDevice
[2016.02.29-03.15.15:630][641]Cmd: OBJ SAVEPACKAGE PACKAGE="/Game/Niveles/Nivel_2" FILE="../../../../../../Users/user/Documents/Unreal Projects/Proyecto 4.8/Content/Niveles/Nivel_2.umap" SILENT=true AUTOSAVING=false KEEPDIRTY=false
[2016.02.29-03.15.15:906][641]LogSavePackage: Save=139.563004ms
[2016.02.29-03.15.15:906][641]LogSavePackage: Moving '../../../../../../Users/user/Documents/Unreal Projects/Proyecto 4.8/Saved/Nivel_262B9F0244BC136B3E1DCF190EB9BEBC6.tmp' to '../../../../../../Users/user/Documents/Unreal Projects/Proyecto 4.8/Content/Niveles/Nivel_2.umap'
[2016.02.29-03.15.34:985][134]LogD3D11RHI: InitD3DDevice
[2016.02.29-03.15.35:029][134]LogD3D11RHI: InitD3DDevice
[2016.02.29-03.15.45:144][326]LogD3D11RHI: InitD3DDevice
[2016.02.29-03.15.45:161][326]Cmd: OBJ SAVEPACKAGE PACKAGE="/Game/Blueprints/Player/player" FILE="../../../../../../Users/user/Documents/Unreal Projects/Proyecto 4.8/Content/Blueprints/Player/player.uasset" SILENT=true
[2016.02.29-03.15.46:120][326]LogSavePackage: Save=894.329590ms
[2016.02.29-03.15.46:120][326]LogSavePackage: Moving '../../../../../../Users/user/Documents/Unreal Projects/Proyecto 4.8/Saved/playerAE5562A24D6F9ADC53FBA5BB5E2C66DD.tmp' to '../../../../../../Users/user/Documents/Unreal Projects/Proyecto 4.8/Content/Blueprints/Player/player.uasset'
[2016.02.29-03.16.10:159][808]LogD3D11RHI: InitD3DDevice
[2016.02.29-03.16.10:184][808]Cmd: OBJ SAVEPACKAGE PACKAGE="/Game/Blueprints/Player/player" FILE="../../../../../../Users/user/Documents/Unreal Projects/Proyecto 4.8/Content/Blueprints/Player/player.uasset" SILENT=true
[2016.02.29-03.16.11:187][808]LogSavePackage: Save=929.086182ms
[2016.02.29-03.16.11:187][808]LogSavePackage: Moving '../../../../../../Users/user/Documents/Unreal Projects/Proyecto 4.8/Saved/player7AF8BE9B48E375753B4EE0A3FC37DCCA.tmp' to '../../../../../../Users/user/Documents/Unreal Projects/Proyecto 4.8/Content/Blueprints/Player/player.uasset'
[2016.02.29-03.16.11:460][816]BlueprintLog: New page: Compilar Player
[2016.02.29-03.16.12:855][816]BlueprintEditorCompileResults: Información The execution path doesn't end with a return node.  Falso 
[2016.02.29-03.16.12:855][816]BlueprintEditorCompileResults: Información [0905,14] Compile of Player successful! [in 1.395 ms]
[2016.02.29-03.16.13:470][831]BlueprintLog: New page: Compilar Player
[2016.02.29-03.16.14:805][831]BlueprintEditorCompileResults: Información The execution path doesn't end with a return node.  Falso 
[2016.02.29-03.16.14:805][831]BlueprintEditorCompileResults: Información [0907,09] Compile of Player successful! [in 1.334 ms]
[2016.02.29-03.16.14:844][831]LogD3D11RHI: InitD3DDevice
[2016.02.29-03.16.15:167][842]LogD3D11RHI: InitD3DDevice
[2016.02.29-03.16.15:245][843]LogD3D11RHI: InitD3DDevice
[2016.02.29-03.16.15:491][855]LogD3D11RHI: InitD3DDevice
[2016.02.29-03.16.15:503][855]LogD3D11RHI: InitD3DDevice
[2016.02.29-03.16.15:552][857]LogD3D11RHI: InitD3DDevice
[2016.02.29-03.16.15:699][864]LogD3D11RHI: InitD3DDevice
[2016.02.29-03.16.30:977][209]LogD3D11RHI: InitD3DDevice
[2016.02.29-03.16.33:764][326]LogD3D11RHI: InitD3DDevice
[2016.02.29-03.16.35:082][424]BlueprintLog: New page: Volver a compilar automáticamente la reproducción en el editor (PIE) anterior
[2016.02.29-03.16.35:095][424]LogPlayLevel: [PIE] Compiling Nivel_2 before PIE...
[2016.02.29-03.16.35:229][424]LogPlayLevel: PIE:  Blueprint regeneration took 147 ms (1 blueprints)
[2016.02.29-03.16.35:230][424]PIE: New page: Sesión PIE (reproducción en el editor): Nivel_2 (28/2/2016 17:16:35)
[2016.02.29-03.16.35:230][424]LogPlayLevel: Creating play world package: /Game/Niveles/UEDPIE_0_Nivel_2
[2016.02.29-03.16.35:243][424]LogPlayLevel: PIE: StaticDuplicateObject took: (0.012755s)
[2016.02.29-03.16.35:244][424]LogAIModule: Creating AISystem for world Nivel_2
[2016.02.29-03.16.35:245][424]LogPlayLevel: PIE: World Init took: (0.002128s)
[2016.02.29-03.16.35:246][424]LogPlayLevel: PIE: Created PIE world by copying editor world from /Game/Niveles/Nivel_2.Nivel_2 to /Game/Niveles/UEDPIE_0_Nivel_2.Nivel_2 (0.015219s)
[2016.02.29-03.16.35:300][424]LogInit: XAudio2 using 'Speakers / Headphones (Realtek High Definition Audio)' : 2 channels at 48 kHz using 32 bits per sample (channel mask 0x3)
[2016.02.29-03.16.35:311][424]LogInit: FAudioDevice initialized.
[2016.02.29-03.16.35:315][424]LogD3D11RHI: InitD3DDevice
[2016.02.29-03.16.35:349][424]LogWorld: Game class is '2D_C'
[2016.02.29-03.16.35:363][424]LogWorld: Bringing World /Game/Niveles/UEDPIE_0_Nivel_2.Nivel_2 up for play (max tick rate 0) at 2016.02.28-22.16.35
[2016.02.29-03.16.35:363][424]LogActor:Warning: GameSession /Game/Niveles/UEDPIE_0_Nivel_2.Nivel_2:PersistentLevel.GameSession_3 has natively added scene component(s), but none of them were set as the actor's RootComponent - picking one arbitrarily
[2016.02.29-03.16.35:365][424]LogActor:Warning: GameNetworkManager /Game/Niveles/UEDPIE_0_Nivel_2.Nivel_2:PersistentLevel.GameNetworkManager_3 has natively added scene component(s), but none of them were set as the actor's RootComponent - picking one arbitrarily
[2016.02.29-03.16.35:366][424]LogWorld: Bringing up level for play took: 0.015028
[2016.02.29-03.16.35:391][424]PIE: Información Tiempo de inicio de la reproducción en el editor para  /Game/Niveles/UEDPIE_0_Nivel_2 1,293
[2016.02.29-03.16.49:128][714]LogParticles: Destroying 0 GPU particle simulations for FXSystem 0x000000938EDE6520
[2016.02.29-03.18.05:667][719]LogD3D11RHI: InitD3DDevice
[2016.02.29-03.18.05:694][719]Cmd: OBJ SAVEPACKAGE PACKAGE="/Game/Niveles/Nivel_2" FILE="../../../../../../Users/user/Documents/Unreal Projects/Proyecto 4.8/Content/Niveles/Nivel_2.umap" SILENT=true AUTOSAVING=false KEEPDIRTY=false
[2016.02.29-03.18.06:019][719]LogSavePackage: Save=156.227661ms
[2016.02.29-03.18.06:019][719]LogSavePackage: Moving '../../../../../../Users/user/Documents/Unreal Projects/Proyecto 4.8/Saved/Nivel_29CE320F6487584ED680F7B852AA19500.tmp' to '../../../../../../Users/user/Documents/Unreal Projects/Proyecto 4.8/Content/Niveles/Nivel_2.umap'
[2016.02.29-03.21.12:573][404]LogD3D11RHI: InitD3DDevice
[2016.02.29-03.21.12:606][404]LogFactory: FactoryCreateBinary: Texture with TextureFactory (0 0 ../../../../../../Users/user/Downloads/Desktop (1)/azul1.png)
[2016.02.29-03.21.12:609][404]LogTexture:Display: Generando texturas: azul1 (BGRA8)
[2016.02.29-03.21.12:634][404]LogFactory: FactoryCreateBinary: Texture with TextureFactory (0 0 ../../../../../../Users/user/Downloads/Desktop (1)/azul2.png)
[2016.02.29-03.21.12:637][404]LogTexture:Display: Generando texturas: azul2 (BGRA8)
[2016.02.29-03.21.12:659][404]LogFactory: FactoryCreateBinary: Texture with TextureFactory (0 0 ../../../../../../Users/user/Downloads/Desktop (1)/azul3.png)
[2016.02.29-03.21.12:660][404]LogTexture:Display: Generando texturas: azul3 (BGRA8)
[2016.02.29-03.21.15:261][471]LogD3D11RHI: InitD3DDevice
[2016.02.29-03.21.16:439][566]LogParticles: Destroying 0 GPU particle simulations for FXSystem 0x000000938F050B80
[2016.02.29-03.21.16:462][566]LogD3D11RHI: InitD3DDevice
[2016.02.29-03.21.16:487][566]Cmd: OBJ SAVEPACKAGE PACKAGE="/Game/Texturas/azul1" FILE="../../../../../../Users/user/Documents/Unreal Projects/Proyecto 4.8/Content/Texturas/azul1.uasset" SILENT=true
[2016.02.29-03.21.16:501][566]LogSavePackage: Save=6.827787ms
[2016.02.29-03.21.16:501][566]LogSavePackage: Moving '../../../../../../Users/user/Documents/Unreal Projects/Proyecto 4.8/Saved/azul1C50126B240C3FB36D0FB9780343A6BBD.tmp' to '../../../../../../Users/user/Documents/Unreal Projects/Proyecto 4.8/Content/Texturas/azul1.uasset'
[2016.02.29-03.21.16:519][566]Cmd: OBJ SAVEPACKAGE PACKAGE="/Game/Texturas/azul2" FILE="../../../../../../Users/user/Documents/Unreal Projects/Proyecto 4.8/Content/Texturas/azul2.uasset" SILENT=true
[2016.02.29-03.21.16:527][566]LogSavePackage: Save=5.717494ms
[2016.02.29-03.21.16:528][566]LogSavePackage: Moving '../../../../../../Users/user/Documents/Unreal Projects/Proyecto 4.8/Saved/azul252149B664B8F337D9A9BE6B7B2AF982F.tmp' to '../../../../../../Users/user/Documents/Unreal Projects/Proyecto 4.8/Content/Texturas/azul2.uasset'
[2016.02.29-03.21.16:543][566]Cmd: OBJ SAVEPACKAGE PACKAGE="/Game/Texturas/azul3" FILE="../../../../../../Users/user/Documents/Unreal Projects/Proyecto 4.8/Content/Texturas/azul3.uasset" SILENT=true
[2016.02.29-03.21.16:551][566]LogSavePackage: Save=5.456675ms
[2016.02.29-03.21.16:551][566]LogSavePackage: Moving '../../../../../../Users/user/Documents/Unreal Projects/Proyecto 4.8/Saved/azul31B3B030B4AB32C2D9A36B58CD8A4D37B.tmp' to '../../../../../../Users/user/Documents/Unreal Projects/Proyecto 4.8/Content/Texturas/azul3.uasset'
[2016.02.29-03.21.26:947][845]LogD3D11RHI: InitD3DDevice
[2016.02.29-03.22.05:103][952]LogD3D11RHI: InitD3DDevice
[2016.02.29-03.22.09:617][318]LogD3D11RHI: InitD3DDevice
[2016.02.29-03.22.19:951][297]LogD3D11RHI: InitD3DDevice
[2016.02.29-03.22.36:500][680]LogD3D11RHI: InitD3DDevice
[2016.02.29-03.22.42:648][203]LogD3D11RHI: InitD3DDevice
[2016.02.29-03.22.48:595][713]LogD3D11RHI: InitD3DDevice
[2016.02.29-03.22.53:756][199]LogEditorTransaction: Undo Resize Widget
[2016.02.29-03.22.53:811][199]LogD3D11RHI: InitD3DDevice
[2016.02.29-03.22.55:380][310]LogD3D11RHI: InitD3DDevice
[2016.02.29-03.27.57:293][434]LogD3D11RHI: InitD3DDevice
[2016.02.29-03.28.06:295][461]LogD3D11RHI: InitD3DDevice
[2016.02.29-03.28.06:618][461]LogFileHelpers: Editor autosave (incl. sublevels) for '/Game/Niveles/Nivel_2' took 0.108
[2016.02.29-03.28.06:629][461]OBJ SavePackage: Generating thumbnails for [0] asset(s) in package [/Game/HUD/Menu] ([1] browsable assets)...
[2016.02.29-03.28.06:629][461]OBJ SavePackage: Finished generating thumbnails for package [/Game/HUD/Menu]
[2016.02.29-03.28.06:629][461]Cmd: OBJ SAVEPACKAGE PACKAGE="/Game/HUD/Menu" FILE="../../../../../../Users/user/Documents/Unreal Projects/Proyecto 4.8/Saved/Autosaves/Game/HUD/Menu_Auto1.uasset" SILENT=false AUTOSAVING=true
[2016.02.29-03.28.06:757][461]LogSavePackage: Save=30.242949ms
[2016.02.29-03.28.06:757][461]LogSavePackage: Moving '../../../../../../Users/user/Documents/Unreal Projects/Proyecto 4.8/Saved/Menu_Auto19048F7094C36C5A2CD7E10AC939C04C7.tmp' to '../../../../../../Users/user/Documents/Unreal Projects/Proyecto 4.8/Saved/Autosaves/Game/HUD/Menu_Auto1.uasset'
[2016.02.29-03.28.06:811][461]LogFileHelpers: Auto-saving content packages took 0.191
[2016.02.29-03.29.30:131][276]LogD3D11RHI: InitD3DDevice
[2016.02.29-03.29.34:257][734]LogD3D11RHI: InitD3DDevice
[2016.02.29-03.29.49:055][283]LogD3D11RHI: InitD3DDevice
[2016.02.29-03.29.52:519][597]LogD3D11RHI: InitD3DDevice
[2016.02.29-03.29.52:546][597]Cmd: OBJ SAVEPACKAGE PACKAGE="/Game/HUD/Menu" FILE="../../../../../../Users/user/Documents/Unreal Projects/Proyecto 4.8/Content/HUD/Menu.uasset" SILENT=true
[2016.02.29-03.29.52:627][597]LogSavePackage: Save=16.980415ms
[2016.02.29-03.29.52:627][597]LogSavePackage: Moving '../../../../../../Users/user/Documents/Unreal Projects/Proyecto 4.8/Saved/MenuA986B1A14197E24E5CD974856E9726DF.tmp' to '../../../../../../Users/user/Documents/Unreal Projects/Proyecto 4.8/Content/HUD/Menu.uasset'
[2016.02.29-03.29.53:034][641]BlueprintLog: New page: Compilar Menu
[2016.02.29-03.29.53:163][641]BlueprintEditorCompileResults: Información [1725,45] Compile of Menu successful! [in 128 ms]
[2016.02.29-03.30.08:997][873]LogD3D11RHI: InitD3DDevice
[2016.02.29-03.30.09:020][873]LogFactory: FactoryCreateBinary: Texture with TextureFactory (0 0 ../../../../../../Users/user/Downloads/Desktop (2)/game-over2.png)
[2016.02.29-03.30.09:106][873]LogTexture:Display: Generando texturas: game-over2 (AutoDXT)
[2016.02.29-03.30.09:529][873]LogFactory: FactoryCreateBinary: Texture with TextureFactory (0 0 ../../../../../../Users/user/Downloads/Desktop (2)/menu.png)
[2016.02.29-03.30.09:606][873]LogTexture:Display: Generando texturas: menu (AutoDXT)
[2016.02.29-03.30.11:797][920]LogD3D11RHI: InitD3DDevice
[2016.02.29-03.30.12:918][  5]LogD3D11RHI: InitD3DDevice
[2016.02.29-03.30.12:946][  5]Cmd: OBJ SAVEPACKAGE PACKAGE="/Game/Texturas/game-over2" FILE="../../../../../../Users/user/Documents/Unreal Projects/Proyecto 4.8/Content/Texturas/game-over2.uasset" SILENT=true
[2016.02.29-03.30.13:141][  5]LogSavePackage: Save=190.951630ms
[2016.02.29-03.30.13:141][  5]LogSavePackage: Moving '../../../../../../Users/user/Documents/Unreal Projects/Proyecto 4.8/Saved/game-over2F2A17A024EF0CFE73290E188F740E242.tmp' to '../../../../../../Users/user/Documents/Unreal Projects/Proyecto 4.8/Content/Texturas/game-over2.uasset'
[2016.02.29-03.30.13:161][  5]Cmd: OBJ SAVEPACKAGE PACKAGE="/Game/Texturas/menu" FILE="../../../../../../Users/user/Documents/Unreal Projects/Proyecto 4.8/Content/Texturas/menu.uasset" SILENT=true
[2016.02.29-03.30.13:319][  5]LogSavePackage: Save=154.135681ms
[2016.02.29-03.30.13:319][  5]LogSavePackage: Moving '../../../../../../Users/user/Documents/Unreal Projects/Proyecto 4.8/Saved/menu633A59484ABAB646A5E5328D2009AC75.tmp' to '../../../../../../Users/user/Documents/Unreal Projects/Proyecto 4.8/Content/Texturas/menu.uasset'
[2016.02.29-03.30.35:280][885]LogD3D11RHI: InitD3DDevice
[2016.02.29-03.30.54:630][267]LogD3D11RHI: InitD3DDevice
[2016.02.29-03.31.03:928][ 75]LogD3D11RHI: InitD3DDevice
[2016.02.29-03.31.08:787][564]LogD3D11RHI: InitD3DDevice
[2016.02.29-03.31.12:292][884]LogD3D11RHI: InitD3DDevice
[2016.02.29-03.31.19:223][574]LogD3D11RHI: InitD3DDevice
[2016.02.29-03.31.34:839][ 64]LogD3D11RHI: InitD3DDevice
[2016.02.29-03.31.38:469][399]LogD3D11RHI: InitD3DDevice
[2016.02.29-03.31.57:253][107]LogD3D11RHI: InitD3DDevice
[2016.02.29-03.32.05:137][787]LogD3D11RHI: InitD3DDevice
[2016.02.29-03.32.05:159][787]Cmd: OBJ SAVEPACKAGE PACKAGE="/Game/HUD/Menu" FILE="../../../../../../Users/user/Documents/Unreal Projects/Proyecto 4.8/Content/HUD/Menu.uasset" SILENT=true
[2016.02.29-03.32.05:239][787]LogSavePackage: Save=17.042601ms
[2016.02.29-03.32.05:239][787]LogSavePackage: Moving '../../../../../../Users/user/Documents/Unreal Projects/Proyecto 4.8/Saved/MenuE7044EE3460C8608653899A169EE4464.tmp' to '../../../../../../Users/user/Documents/Unreal Projects/Proyecto 4.8/Content/HUD/Menu.uasset'
[2016.02.29-03.32.05:934][854]BlueprintLog: New page: Compilar Menu
[2016.02.29-03.32.06:102][854]BlueprintEditorCompileResults: Información [1858,39] Compile of Menu successful! [in 168 ms]
[2016.02.29-03.32.06:687][921]BlueprintLog: New page: Compilar Menu
[2016.02.29-03.32.06:838][921]BlueprintEditorCompileResults: Información [1859,12] Compile of Menu successful! [in 150 ms]
[2016.02.29-03.32.13:625][248]LogD3D11RHI: InitD3DDevice
[2016.02.29-03.32.13:853][248]LogAIModule: Creating AISystem for world Menu
[2016.02.29-03.32.13:912][248]LogParticles: Destroying 0 GPU particle simulations for FXSystem 0x000000938FEEC2C0
[2016.02.29-03.32.13:941][248]Cmd: MAP LOAD FILE="../../../../../../Users/user/Documents/Unreal Projects/Proyecto 4.8/Content/Niveles/Menu.umap" TEMPLATE=0 SHOWPROGRESS=1 FEATURELEVEL=3
[2016.02.29-03.32.13:941][248]LightingResults: New page: Diseñar la iluminación
[2016.02.29-03.32.13:974][248]LoadErrors: New page: Cargando mapa: Menu.umap
[2016.02.29-03.32.13:976][248]MapCheck: New page: Revisión del mapa
[2016.02.29-03.32.13:976][248]LightingResults: New page: Diseñar la iluminación
[2016.02.29-03.32.14:016][248]LogParticles: Destroying 0 GPU particle simulations for FXSystem 0x000000938FEED1C0
[2016.02.29-03.32.14:017][248]LogParticles: Destroying 0 GPU particle simulations for FXSystem 0x00000093834D8AE0
[2016.02.29-03.32.14:208][248]LogEditorServer: Finished looking for orphan Actors (0.000 secs)
[2016.02.29-03.32.14:277][248]Cmd: MAP CHECKDEP NOCLEARLOG
[2016.02.29-03.32.14:469][248]MapCheck: Información Map check complete: 0 Error(s), 0 Warning(s), took 192,094ms to complete.
[2016.02.29-03.32.14:471][248]LogFileHelpers: Loading map 'Menu' took 0.532
[2016.02.29-03.32.16:467][307]LogD3D11RHI: InitD3DDevice
[2016.02.29-03.32.17:242][380]BlueprintLog: New page: Volver a compilar automáticamente la reproducción en el editor (PIE) anterior
[2016.02.29-03.32.17:253][380]LogPlayLevel: [PIE] Compiling Menu before PIE...
[2016.02.29-03.32.17:382][380]LogPlayLevel: PIE:  Blueprint regeneration took 140 ms (1 blueprints)
[2016.02.29-03.32.17:383][380]PIE: New page: Sesión PIE (reproducción en el editor): Menu (28/2/2016 17:32:17)
[2016.02.29-03.32.17:383][380]LogPlayLevel: Creating play world package: /Game/Niveles/UEDPIE_0_Menu
[2016.02.29-03.32.17:387][380]LogPlayLevel: PIE: StaticDuplicateObject took: (0.003656s)
[2016.02.29-03.32.17:388][380]LogAIModule: Creating AISystem for world Menu
[2016.02.29-03.32.17:388][380]LogPlayLevel: PIE: World Init took: (0.001179s)
[2016.02.29-03.32.17:388][380]LogPlayLevel: PIE: Created PIE world by copying editor world from /Game/Niveles/Menu.Menu to /Game/Niveles/UEDPIE_0_Menu.Menu (0.005077s)
[2016.02.29-03.32.17:439][380]LogInit: XAudio2 using 'Speakers / Headphones (Realtek High Definition Audio)' : 2 channels at 48 kHz using 32 bits per sample (channel mask 0x3)
[2016.02.29-03.32.17:452][380]LogInit: FAudioDevice initialized.
[2016.02.29-03.32.17:456][380]LogD3D11RHI: InitD3DDevice
[2016.02.29-03.32.17:491][380]LogWorld: Game class is 'GameMode'
[2016.02.29-03.32.17:493][380]LogWorld: Bringing World /Game/Niveles/UEDPIE_0_Menu.Menu up for play (max tick rate 0) at 2016.02.28-22.32.17
[2016.02.29-03.32.17:493][380]LogActor:Warning: GameSession /Game/Niveles/UEDPIE_0_Menu.Menu:PersistentLevel.GameSession_4 has natively added scene component(s), but none of them were set as the actor's RootComponent - picking one arbitrarily
[2016.02.29-03.32.17:494][380]LogActor:Warning: GameNetworkManager /Game/Niveles/UEDPIE_0_Menu.Menu:PersistentLevel.GameNetworkManager_4 has natively added scene component(s), but none of them were set as the actor's RootComponent - picking one arbitrarily
[2016.02.29-03.32.17:494][380]LogWorld: Bringing up level for play took: 0.001466
[2016.02.29-03.32.17:517][380]PIE: Información Tiempo de inicio de la reproducción en el editor para  /Game/Niveles/UEDPIE_0_Menu -0,582
[2016.02.29-03.32.23:613][531]LogRenderer: Reallocating scene render targets to support 1368x728 (Frame:9756).
[2016.02.29-03.32.46:377][ 50]LogParticles: Destroying 0 GPU particle simulations for FXSystem 0x000000939810BCE0
[2016.02.29-03.32.51:883][212]LogD3D11RHI: InitD3DDevice
[2016.02.29-03.33.20:208][ 93]LogD3D11RHI: InitD3DDevice
[2016.02.29-03.33.20:897][166]LogD3D11RHI: InitD3DDevice
[2016.02.29-03.33.22:983][371]LogD3D11RHI: InitD3DDevice
[2016.02.29-03.33.24:319][492]LogD3D11RHI: InitD3DDevice
[2016.02.29-03.33.37:421][532]LogD3D11RHI: InitD3DDevice
[2016.02.29-03.33.50:520][667]LogD3D11RHI: InitD3DDevice
[2016.02.29-03.33.51:819][807]LogD3D11RHI: InitD3DDevice
[2016.02.29-03.33.52:415][868]LogD3D11RHI: InitD3DDevice
[2016.02.29-03.33.59:721][487]LogD3D11RHI: InitD3DDevice
[2016.02.29-03.34.00:257][540]LogD3D11RHI: InitD3DDevice
[2016.02.29-03.34.01:511][646]LogD3D11RHI: InitD3DDevice
[2016.02.29-03.34.06:148][ 32]LogD3D11RHI: InitD3DDevice
[2016.02.29-03.34.06:170][ 32]Cmd: OBJ SAVEPACKAGE PACKAGE="/Game/HUD/Menu" FILE="../../../../../../Users/user/Documents/Unreal Projects/Proyecto 4.8/Content/HUD/Menu.uasset" SILENT=true
[2016.02.29-03.34.06:258][ 32]LogSavePackage: Save=18.675739ms
[2016.02.29-03.34.06:258][ 32]LogSavePackage: Moving '../../../../../../Users/user/Documents/Unreal Projects/Proyecto 4.8/Saved/Menu5491E52246D343C45F00D6BAF7E0CAE6.tmp' to '../../../../../../Users/user/Documents/Unreal Projects/Proyecto 4.8/Content/HUD/Menu.uasset'
[2016.02.29-03.34.06:850][ 85]BlueprintLog: New page: Compilar Menu
[2016.02.29-03.34.07:021][ 85]BlueprintEditorCompileResults: Información [1979,31] Compile of Menu successful! [in 171 ms]
[2016.02.29-03.34.08:745][188]LogD3D11RHI: InitD3DDevice
[2016.02.29-03.34.09:411][246]BlueprintLog: New page: Volver a compilar automáticamente la reproducción en el editor (PIE) anterior
[2016.02.29-03.34.09:427][246]LogPlayLevel: [PIE] Compiling Menu before PIE...
[2016.02.29-03.34.09:569][246]LogPlayLevel: PIE:  Blueprint regeneration took 158 ms (1 blueprints)
[2016.02.29-03.34.09:570][246]PIE: New page: Sesión PIE (reproducción en el editor): Menu (28/2/2016 17:34:09)
[2016.02.29-03.34.09:571][246]LogPlayLevel: Creating play world package: /Game/Niveles/UEDPIE_0_Menu
[2016.02.29-03.34.09:574][246]LogPlayLevel: PIE: StaticDuplicateObject took: (0.003713s)
[2016.02.29-03.34.09:575][246]LogAIModule: Creating AISystem for world Menu
[2016.02.29-03.34.09:576][246]LogPlayLevel: PIE: World Init took: (0.001192s)
[2016.02.29-03.34.09:576][246]LogPlayLevel: PIE: Created PIE world by copying editor world from /Game/Niveles/Menu.Menu to /Game/Niveles/UEDPIE_0_Menu.Menu (0.005156s)
[2016.02.29-03.34.09:630][246]LogInit: XAudio2 using 'Speakers / Headphones (Realtek High Definition Audio)' : 2 channels at 48 kHz using 32 bits per sample (channel mask 0x3)
[2016.02.29-03.34.09:642][246]LogInit: FAudioDevice initialized.
[2016.02.29-03.34.09:645][246]LogD3D11RHI: InitD3DDevice
[2016.02.29-03.34.09:678][246]LogWorld: Game class is 'GameMode'
[2016.02.29-03.34.09:681][246]LogWorld: Bringing World /Game/Niveles/UEDPIE_0_Menu.Menu up for play (max tick rate 0) at 2016.02.28-22.34.09
[2016.02.29-03.34.09:681][246]LogActor:Warning: GameSession /Game/Niveles/UEDPIE_0_Menu.Menu:PersistentLevel.GameSession_5 has natively added scene component(s), but none of them were set as the actor's RootComponent - picking one arbitrarily
[2016.02.29-03.34.09:681][246]LogActor:Warning: GameNetworkManager /Game/Niveles/UEDPIE_0_Menu.Menu:PersistentLevel.GameNetworkManager_5 has natively added scene component(s), but none of them were set as the actor's RootComponent - picking one arbitrarily
[2016.02.29-03.34.09:681][246]LogWorld: Bringing up level for play took: 0.001572
[2016.02.29-03.34.09:705][246]PIE: Información Tiempo de inicio de la reproducción en el editor para  /Game/Niveles/UEDPIE_0_Menu -0,395
[2016.02.29-03.34.19:809][501]LogParticles: Destroying 0 GPU particle simulations for FXSystem 0x0000009398035620
[2016.02.29-03.34.28:780][ 37]LogD3D11RHI: InitD3DDevice
[2016.02.29-03.34.35:597][606]LogD3D11RHI: InitD3DDevice
[2016.02.29-03.34.38:447][831]BlueprintLog: New page: Compilar Menu
[2016.02.29-03.34.38:612][831]BlueprintEditorCompileResults: Información [2010,90] Compile of Menu successful! [in 164 ms]
[2016.02.29-03.34.39:193][887]LogD3D11RHI: InitD3DDevice
[2016.02.29-03.34.39:214][887]Cmd: OBJ SAVEPACKAGE PACKAGE="/Game/HUD/Menu" FILE="../../../../../../Users/user/Documents/Unreal Projects/Proyecto 4.8/Content/HUD/Menu.uasset" SILENT=true
[2016.02.29-03.34.39:296][887]LogSavePackage: Save=18.878599ms
[2016.02.29-03.34.39:296][887]LogSavePackage: Moving '../../../../../../Users/user/Documents/Unreal Projects/Proyecto 4.8/Saved/MenuAD2D0E19414AF17D21A4C3BA515AFBB1.tmp' to '../../../../../../Users/user/Documents/Unreal Projects/Proyecto 4.8/Content/HUD/Menu.uasset'
[2016.02.29-03.35.00:527][929]LogD3D11RHI: InitD3DDevice
[2016.02.29-03.35.00:541][929]Cmd: OBJ SAVEPACKAGE PACKAGE="/Game/HUD/Menu" FILE="../../../../../../Users/user/Documents/Unreal Projects/Proyecto 4.8/Content/HUD/Menu.uasset" SILENT=true
[2016.02.29-03.35.00:624][929]LogSavePackage: Save=20.003382ms
[2016.02.29-03.35.00:624][929]LogSavePackage: Moving '../../../../../../Users/user/Documents/Unreal Projects/Proyecto 4.8/Saved/Menu6788BAC7447CE7832C90CAA7FF02BC4B.tmp' to '../../../../../../Users/user/Documents/Unreal Projects/Proyecto 4.8/Content/HUD/Menu.uasset'
[2016.02.29-03.35.01:208][986]BlueprintLog: New page: Compilar Menu
[2016.02.29-03.35.01:355][986]BlueprintEditorCompileResults: Información [2033,64] Compile of Menu successful! [in 147 ms]
[2016.02.29-03.35.02:591][101]BlueprintLog: New page: Volver a compilar automáticamente la reproducción en el editor (PIE) anterior
[2016.02.29-03.35.02:605][101]LogPlayLevel: [PIE] Compiling Menu before PIE...
[2016.02.29-03.35.02:742][101]LogPlayLevel: PIE:  Blueprint regeneration took 151 ms (1 blueprints)
[2016.02.29-03.35.02:742][101]PIE: New page: Sesión PIE (reproducción en el editor): Menu (28/2/2016 17:35:02)
[2016.02.29-03.35.02:743][101]LogPlayLevel: Creating play world package: /Game/Niveles/UEDPIE_0_Menu
[2016.02.29-03.35.02:746][101]LogPlayLevel: PIE: StaticDuplicateObject took: (0.003773s)
[2016.02.29-03.35.02:747][101]LogAIModule: Creating AISystem for world Menu
[2016.02.29-03.35.02:748][101]LogPlayLevel: PIE: World Init took: (0.001308s)
[2016.02.29-03.35.02:748][101]LogPlayLevel: PIE: Created PIE world by copying editor world from /Game/Niveles/Menu.Menu to /Game/Niveles/UEDPIE_0_Menu.Menu (0.005312s)
[2016.02.29-03.35.02:804][101]LogInit: XAudio2 using 'Speakers / Headphones (Realtek High Definition Audio)' : 2 channels at 48 kHz using 32 bits per sample (channel mask 0x3)
[2016.02.29-03.35.02:812][101]LogInit: FAudioDevice initialized.
[2016.02.29-03.35.02:816][101]LogD3D11RHI: InitD3DDevice
[2016.02.29-03.35.02:849][101]LogWorld: Game class is 'GameMode'
[2016.02.29-03.35.02:852][101]LogWorld: Bringing World /Game/Niveles/UEDPIE_0_Menu.Menu up for play (max tick rate 0) at 2016.02.28-22.35.02
[2016.02.29-03.35.02:852][101]LogActor:Warning: GameSession /Game/Niveles/UEDPIE_0_Menu.Menu:PersistentLevel.GameSession_6 has natively added scene component(s), but none of them were set as the actor's RootComponent - picking one arbitrarily
[2016.02.29-03.35.02:852][101]LogActor:Warning: GameNetworkManager /Game/Niveles/UEDPIE_0_Menu.Menu:PersistentLevel.GameNetworkManager_6 has natively added scene component(s), but none of them were set as the actor's RootComponent - picking one arbitrarily
[2016.02.29-03.35.02:852][101]LogWorld: Bringing up level for play took: 0.001283
[2016.02.29-03.35.02:874][101]LogGameMode: Warning - PATHS NOT DEFINED or NO PLAYERSTART with positive rating
[2016.02.29-03.35.02:888][101]PIE: Información Tiempo de inicio de la reproducción en el editor para  /Game/Niveles/UEDPIE_0_Menu 0,789
[2016.02.29-03.35.06:888][195]LogParticles: Destroying 0 GPU particle simulations for FXSystem 0x0000009386800C20
[2016.02.29-03.35.20:094][449]BlueprintLog: New page: Volver a compilar automáticamente la reproducción en el editor (PIE) anterior
[2016.02.29-03.35.20:109][449]LogPlayLevel: [PIE] Compiling Menu before PIE...
[2016.02.29-03.35.20:240][449]LogPlayLevel: PIE:  Blueprint regeneration took 145 ms (1 blueprints)
[2016.02.29-03.35.20:241][449]PIE: New page: Sesión PIE (reproducción en el editor): Menu (28/2/2016 17:35:20)
[2016.02.29-03.35.20:241][449]LogPlayLevel: Creating play world package: /Game/Niveles/UEDPIE_0_Menu
[2016.02.29-03.35.20:245][449]LogPlayLevel: PIE: StaticDuplicateObject took: (0.003411s)
[2016.02.29-03.35.20:245][449]LogAIModule: Creating AISystem for world Menu
[2016.02.29-03.35.20:246][449]LogPlayLevel: PIE: World Init took: (0.001153s)
[2016.02.29-03.35.20:246][449]LogPlayLevel: PIE: Created PIE world by copying editor world from /Game/Niveles/Menu.Menu to /Game/Niveles/UEDPIE_0_Menu.Menu (0.004764s)
[2016.02.29-03.35.20:303][449]LogInit: XAudio2 using 'Speakers / Headphones (Realtek High Definition Audio)' : 2 channels at 48 kHz using 32 bits per sample (channel mask 0x3)
[2016.02.29-03.35.20:313][449]LogInit: FAudioDevice initialized.
[2016.02.29-03.35.20:316][449]LogD3D11RHI: InitD3DDevice
[2016.02.29-03.35.20:346][449]LogWorld: Game class is 'GameMode'
[2016.02.29-03.35.20:348][449]LogWorld: Bringing World /Game/Niveles/UEDPIE_0_Menu.Menu up for play (max tick rate 0) at 2016.02.28-22.35.20
[2016.02.29-03.35.20:349][449]LogActor:Warning: GameSession /Game/Niveles/UEDPIE_0_Menu.Menu:PersistentLevel.GameSession_7 has natively added scene component(s), but none of them were set as the actor's RootComponent - picking one arbitrarily
[2016.02.29-03.35.20:349][449]LogActor:Warning: GameNetworkManager /Game/Niveles/UEDPIE_0_Menu.Menu:PersistentLevel.GameNetworkManager_7 has natively added scene component(s), but none of them were set as the actor's RootComponent - picking one arbitrarily
[2016.02.29-03.35.20:349][449]LogWorld: Bringing up level for play took: 0.001625
[2016.02.29-03.35.20:350][449]LogGameMode: Warning - PATHS NOT DEFINED or NO PLAYERSTART with positive rating
[2016.02.29-03.35.20:363][449]PIE: Información Tiempo de inicio de la reproducción en el editor para  /Game/Niveles/UEDPIE_0_Menu 0,264
[2016.02.29-03.35.23:264][515]LogParticles: Destroying 0 GPU particle simulations for FXSystem 0x0000009390FDC900
[2016.02.29-03.35.32:804][464]LogEditorTransaction: Undo Resize Widget
[2016.02.29-03.35.32:854][464]LogD3D11RHI: InitD3DDevice
[2016.02.29-03.35.44:554][490]BlueprintLog: New page: Compilar Menu
[2016.02.29-03.35.44:713][490]BlueprintEditorCompileResults: Información [2077,00] Compile of Menu successful! [in 159 ms]
[2016.02.29-03.35.45:468][556]BlueprintLog: New page: Volver a compilar automáticamente la reproducción en el editor (PIE) anterior
[2016.02.29-03.35.45:483][556]LogPlayLevel: [PIE] Compiling Menu before PIE...
[2016.02.29-03.35.45:617][556]LogPlayLevel: PIE:  Blueprint regeneration took 149 ms (1 blueprints)
[2016.02.29-03.35.45:618][556]PIE: New page: Sesión PIE (reproducción en el editor): Menu (28/2/2016 17:35:45)
[2016.02.29-03.35.45:618][556]LogPlayLevel: Creating play world package: /Game/Niveles/UEDPIE_0_Menu
[2016.02.29-03.35.45:622][556]LogPlayLevel: PIE: StaticDuplicateObject took: (0.003813s)
[2016.02.29-03.35.45:623][556]LogAIModule: Creating AISystem for world Menu
[2016.02.29-03.35.45:623][556]LogPlayLevel: PIE: World Init took: (0.001187s)
[2016.02.29-03.35.45:624][556]LogPlayLevel: PIE: Created PIE world by copying editor world from /Game/Niveles/Menu.Menu to /Game/Niveles/UEDPIE_0_Menu.Menu (0.005228s)
[2016.02.29-03.35.45:678][556]LogInit: XAudio2 using 'Speakers / Headphones (Realtek High Definition Audio)' : 2 channels at 48 kHz using 32 bits per sample (channel mask 0x3)
[2016.02.29-03.35.45:690][556]LogInit: FAudioDevice initialized.
[2016.02.29-03.35.45:692][556]LogD3D11RHI: InitD3DDevice
[2016.02.29-03.35.45:727][556]LogWorld: Game class is 'GameMode'
[2016.02.29-03.35.45:729][556]LogWorld: Bringing World /Game/Niveles/UEDPIE_0_Menu.Menu up for play (max tick rate 0) at 2016.02.28-22.35.45
[2016.02.29-03.35.45:729][556]LogActor:Warning: GameSession /Game/Niveles/UEDPIE_0_Menu.Menu:PersistentLevel.GameSession_8 has natively added scene component(s), but none of them were set as the actor's RootComponent - picking one arbitrarily
[2016.02.29-03.35.45:729][556]LogActor:Warning: GameNetworkManager /Game/Niveles/UEDPIE_0_Menu.Menu:PersistentLevel.GameNetworkManager_8 has natively added scene component(s), but none of them were set as the actor's RootComponent - picking one arbitrarily
[2016.02.29-03.35.45:729][556]LogWorld: Bringing up level for play took: 0.001368
[2016.02.29-03.35.45:730][556]LogGameMode: Warning - PATHS NOT DEFINED or NO PLAYERSTART with positive rating
[2016.02.29-03.35.45:745][556]PIE: Información Tiempo de inicio de la reproducción en el editor para  /Game/Niveles/UEDPIE_0_Menu -0,354
[2016.02.29-03.35.50:106][659]LogParticles: Destroying 0 GPU particle simulations for FXSystem 0x0000009397D2ACA0
[2016.02.29-03.36.06:571][151]BlueprintLog: New page: Compilar Menu
[2016.02.29-03.36.06:709][151]BlueprintEditorCompileResults: Información [2098,99] Compile of Menu successful! [in 137 ms]
[2016.02.29-03.36.08:162][311]BlueprintLog: New page: Volver a compilar automáticamente la reproducción en el editor (PIE) anterior
[2016.02.29-03.36.08:173][311]LogPlayLevel: [PIE] Compiling Menu before PIE...
[2016.02.29-03.36.08:304][311]LogPlayLevel: PIE:  Blueprint regeneration took 141 ms (1 blueprints)
[2016.02.29-03.36.08:304][311]PIE: New page: Sesión PIE (reproducción en el editor): Menu (28/2/2016 17:36:08)
[2016.02.29-03.36.08:305][311]LogPlayLevel: Creating play world package: /Game/Niveles/UEDPIE_0_Menu
[2016.02.29-03.36.08:308][311]LogPlayLevel: PIE: StaticDuplicateObject took: (0.003593s)
[2016.02.29-03.36.08:309][311]LogAIModule: Creating AISystem for world Menu
[2016.02.29-03.36.08:309][311]LogPlayLevel: PIE: World Init took: (0.001167s)
[2016.02.29-03.36.08:310][311]LogPlayLevel: PIE: Created PIE world by copying editor world from /Game/Niveles/Menu.Menu to /Game/Niveles/UEDPIE_0_Menu.Menu (0.005014s)
[2016.02.29-03.36.08:362][311]LogInit: XAudio2 using 'Speakers / Headphones (Realtek High Definition Audio)' : 2 channels at 48 kHz using 32 bits per sample (channel mask 0x3)
[2016.02.29-03.36.08:373][311]LogInit: FAudioDevice initialized.
[2016.02.29-03.36.08:376][311]LogD3D11RHI: InitD3DDevice
[2016.02.29-03.36.08:407][311]LogWorld: Game class is 'GameMode'
[2016.02.29-03.36.08:409][311]LogWorld: Bringing World /Game/Niveles/UEDPIE_0_Menu.Menu up for play (max tick rate 0) at 2016.02.28-22.36.08
[2016.02.29-03.36.08:409][311]LogActor:Warning: GameSession /Game/Niveles/UEDPIE_0_Menu.Menu:PersistentLevel.GameSession_9 has natively added scene component(s), but none of them were set as the actor's RootComponent - picking one arbitrarily
[2016.02.29-03.36.08:410][311]LogActor:Warning: GameNetworkManager /Game/Niveles/UEDPIE_0_Menu.Menu:PersistentLevel.GameNetworkManager_9 has natively added scene component(s), but none of them were set as the actor's RootComponent - picking one arbitrarily
[2016.02.29-03.36.08:410][311]LogWorld: Bringing up level for play took: 0.001389
[2016.02.29-03.36.08:411][311]LogGameMode: Warning - PATHS NOT DEFINED or NO PLAYERSTART with positive rating
[2016.02.29-03.36.08:419][311]PIE: Información Tiempo de inicio de la reproducción en el editor para  /Game/Niveles/UEDPIE_0_Menu 0,32
[2016.02.29-03.36.10:782][365]LogParticles: Destroying 0 GPU particle simulations for FXSystem 0x0000009390E08540
[2016.02.29-03.36.24:776][728]BlueprintLog: New page: Compilar Menu
[2016.02.29-03.36.24:931][728]BlueprintEditorCompileResults: Información [2117,22] Compile of Menu successful! [in 154 ms]
[2016.02.29-03.36.25:480][785]LogD3D11RHI: InitD3DDevice
[2016.02.29-03.36.25:494][785]Cmd: OBJ SAVEPACKAGE PACKAGE="/Game/HUD/Menu" FILE="../../../../../../Users/user/Documents/Unreal Projects/Proyecto 4.8/Content/HUD/Menu.uasset" SILENT=true
[2016.02.29-03.36.25:572][785]LogSavePackage: Save=17.162746ms
[2016.02.29-03.36.25:572][785]LogSavePackage: Moving '../../../../../../Users/user/Documents/Unreal Projects/Proyecto 4.8/Saved/Menu3985A7124F1FE281E437808A6DAB732F.tmp' to '../../../../../../Users/user/Documents/Unreal Projects/Proyecto 4.8/Content/HUD/Menu.uasset'
[2016.02.29-03.36.26:249][843]BlueprintLog: New page: Volver a compilar automáticamente la reproducción en el editor (PIE) anterior
[2016.02.29-03.36.26:264][843]LogPlayLevel: [PIE] Compiling Menu before PIE...
[2016.02.29-03.36.26:420][843]LogPlayLevel: PIE:  Blueprint regeneration took 170 ms (1 blueprints)
[2016.02.29-03.36.26:420][843]PIE: New page: Sesión PIE (reproducción en el editor): Menu (28/2/2016 17:36:26)
[2016.02.29-03.36.26:421][843]LogPlayLevel: Creating play world package: /Game/Niveles/UEDPIE_0_Menu
[2016.02.29-03.36.26:426][843]LogPlayLevel: PIE: StaticDuplicateObject took: (0.005126s)
[2016.02.29-03.36.26:427][843]LogAIModule: Creating AISystem for world Menu
[2016.02.29-03.36.26:428][843]LogPlayLevel: PIE: World Init took: (0.001724s)
[2016.02.29-03.36.26:428][843]LogPlayLevel: PIE: Created PIE world by copying editor world from /Game/Niveles/Menu.Menu to /Game/Niveles/UEDPIE_0_Menu.Menu (0.007412s)
[2016.02.29-03.36.26:485][843]LogInit: XAudio2 using 'Speakers / Headphones (Realtek High Definition Audio)' : 2 channels at 48 kHz using 32 bits per sample (channel mask 0x3)
[2016.02.29-03.36.26:499][843]LogInit: FAudioDevice initialized.
[2016.02.29-03.36.26:503][843]LogD3D11RHI: InitD3DDevice
[2016.02.29-03.36.26:533][843]LogWorld: Game class is 'GameMode'
[2016.02.29-03.36.26:537][843]LogWorld: Bringing World /Game/Niveles/UEDPIE_0_Menu.Menu up for play (max tick rate 0) at 2016.02.28-22.36.26
[2016.02.29-03.36.26:537][843]LogActor:Warning: GameSession /Game/Niveles/UEDPIE_0_Menu.Menu:PersistentLevel.GameSession_10 has natively added scene component(s), but none of them were set as the actor's RootComponent - picking one arbitrarily
[2016.02.29-03.36.26:538][843]LogActor:Warning: GameNetworkManager /Game/Niveles/UEDPIE_0_Menu.Menu:PersistentLevel.GameNetworkManager_10 has natively added scene component(s), but none of them were set as the actor's RootComponent - picking one arbitrarily
[2016.02.29-03.36.26:538][843]LogWorld: Bringing up level for play took: 0.001734
[2016.02.29-03.36.26:539][843]LogGameMode: Warning - PATHS NOT DEFINED or NO PLAYERSTART with positive rating
[2016.02.29-03.36.26:555][843]PIE: Información Tiempo de inicio de la reproducción en el editor para  /Game/Niveles/UEDPIE_0_Menu 0,456
[2016.02.29-03.36.29:502][910]LogParticles: Destroying 0 GPU particle simulations for FXSystem 0x00000093825505E0
[2016.02.29-03.36.31:236][ 46]LogD3D11RHI: InitD3DDevice
[2016.02.29-03.36.31:254][ 46]Cmd: OBJ SAVEPACKAGE PACKAGE="/Game/HUD/Menu" FILE="../../../../../../Users/user/Documents/Unreal Projects/Proyecto 4.8/Content/HUD/Menu.uasset" SILENT=true
[2016.02.29-03.36.31:340][ 46]LogSavePackage: Save=17.246668ms
[2016.02.29-03.36.31:340][ 46]LogSavePackage: Moving '../../../../../../Users/user/Documents/Unreal Projects/Proyecto 4.8/Saved/MenuE0AAEDE349CCB7FC2137389B6F7FC25A.tmp' to '../../../../../../Users/user/Documents/Unreal Projects/Proyecto 4.8/Content/HUD/Menu.uasset'
[2016.02.29-03.36.31:794][ 98]LogD3D11RHI: InitD3DDevice
[2016.02.29-03.36.31:817][ 98]Cmd: OBJ SAVEPACKAGE PACKAGE="/Game/HUD/Menu" FILE="../../../../../../Users/user/Documents/Unreal Projects/Proyecto 4.8/Content/HUD/Menu.uasset" SILENT=true
[2016.02.29-03.36.31:917][ 98]LogSavePackage: Save=19.540911ms
[2016.02.29-03.36.31:917][ 98]LogSavePackage: Moving '../../../../../../Users/user/Documents/Unreal Projects/Proyecto 4.8/Saved/Menu4E60EB244BBD5B984B70119DE0190F90.tmp' to '../../../../../../Users/user/Documents/Unreal Projects/Proyecto 4.8/Content/HUD/Menu.uasset'
[2016.02.29-03.36.34:096][222]LogD3D11RHI: InitD3DDevice
[2016.02.29-03.36.36:777][448]LogParticles: Destroying 0 GPU particle simulations for FXSystem 0x0000009390F55BC0
[2016.02.29-03.36.38:164][490]LogD3D11RHI: InitD3DDevice
[2016.02.29-03.36.42:602][866]LogD3D11RHI: InitD3DDevice
[2016.02.29-03.36.51:992][610]LogD3D11RHI: InitD3DDevice
[2016.02.29-03.37.10:981][217]BlueprintLog: New page: Compilar GameOver
[2016.02.29-03.37.11:158][217]BlueprintEditorCompileResults: Información [2163,44] Compile of GameOver successful! [in 175 ms]
[2016.02.29-03.37.11:634][265]LogD3D11RHI: InitD3DDevice
[2016.02.29-03.37.11:658][265]Cmd: OBJ SAVEPACKAGE PACKAGE="/Game/HUD/GameOver" FILE="../../../../../../Users/user/Documents/Unreal Projects/Proyecto 4.8/Content/HUD/GameOver.uasset" SILENT=true
[2016.02.29-03.37.11:729][265]LogSavePackage: Save=6.852540ms
[2016.02.29-03.37.11:729][265]LogSavePackage: Moving '../../../../../../Users/user/Documents/Unreal Projects/Proyecto 4.8/Saved/GameOverDB37B06C4A4EF25F365E66B881C13322.tmp' to '../../../../../../Users/user/Documents/Unreal Projects/Proyecto 4.8/Content/HUD/GameOver.uasset'
[2016.02.29-03.37.11:844][277]LogD3D11RHI: InitD3DDevice
[2016.02.29-03.37.11:855][277]Cmd: OBJ SAVEPACKAGE PACKAGE="/Game/HUD/GameOver" FILE="../../../../../../Users/user/Documents/Unreal Projects/Proyecto 4.8/Content/HUD/GameOver.uasset" SILENT=true
[2016.02.29-03.37.11:933][277]LogSavePackage: Save=8.771252ms
[2016.02.29-03.37.11:933][277]LogSavePackage: Moving '../../../../../../Users/user/Documents/Unreal Projects/Proyecto 4.8/Saved/GameOverCF121A0A4E80F32C4C5E23AA28C60379.tmp' to '../../../../../../Users/user/Documents/Unreal Projects/Proyecto 4.8/Content/HUD/GameOver.uasset'
[2016.02.29-03.37.12:501][329]BlueprintLog: New page: Volver a compilar automáticamente la reproducción en el editor (PIE) anterior
[2016.02.29-03.37.12:511][329]LogPlayLevel: [PIE] Compiling Menu before PIE...
[2016.02.29-03.37.12:643][329]LogPlayLevel: PIE:  Blueprint regeneration took 142 ms (1 blueprints)
[2016.02.29-03.37.12:643][329]PIE: New page: Sesión PIE (reproducción en el editor): Menu (28/2/2016 17:37:12)
[2016.02.29-03.37.12:643][329]LogPlayLevel: Creating play world package: /Game/Niveles/UEDPIE_0_Menu
[2016.02.29-03.37.12:647][329]LogPlayLevel: PIE: StaticDuplicateObject took: (0.003385s)
[2016.02.29-03.37.12:647][329]LogAIModule: Creating AISystem for world Menu
[2016.02.29-03.37.12:648][329]LogPlayLevel: PIE: World Init took: (0.001185s)
[2016.02.29-03.37.12:648][329]LogPlayLevel: PIE: Created PIE world by copying editor world from /Game/Niveles/Menu.Menu to /Game/Niveles/UEDPIE_0_Menu.Menu (0.004797s)
[2016.02.29-03.37.12:701][329]LogInit: XAudio2 using 'Speakers / Headphones (Realtek High Definition Audio)' : 2 channels at 48 kHz using 32 bits per sample (channel mask 0x3)
[2016.02.29-03.37.12:713][329]LogInit: FAudioDevice initialized.
[2016.02.29-03.37.12:715][329]LogD3D11RHI: InitD3DDevice
[2016.02.29-03.37.12:743][329]LogWorld: Game class is 'GameMode'
[2016.02.29-03.37.12:746][329]LogWorld: Bringing World /Game/Niveles/UEDPIE_0_Menu.Menu up for play (max tick rate 0) at 2016.02.28-22.37.12
[2016.02.29-03.37.12:746][329]LogActor:Warning: GameSession /Game/Niveles/UEDPIE_0_Menu.Menu:PersistentLevel.GameSession_11 has natively added scene component(s), but none of them were set as the actor's RootComponent - picking one arbitrarily
[2016.02.29-03.37.12:746][329]LogActor:Warning: GameNetworkManager /Game/Niveles/UEDPIE_0_Menu.Menu:PersistentLevel.GameNetworkManager_11 has natively added scene component(s), but none of them were set as the actor's RootComponent - picking one arbitrarily
[2016.02.29-03.37.12:746][329]LogWorld: Bringing up level for play took: 0.001339
[2016.02.29-03.37.12:747][329]LogGameMode: Warning - PATHS NOT DEFINED or NO PLAYERSTART with positive rating
[2016.02.29-03.37.12:759][329]PIE: Información Tiempo de inicio de la reproducción en el editor para  /Game/Niveles/UEDPIE_0_Menu 0,66
[2016.02.29-03.37.14:817][372]LogParticles: Destroying 0 GPU particle simulations for FXSystem 0x0000009391370400
[2016.02.29-03.37.18:836][752]BlueprintLog: New page: Compilar GameOver
[2016.02.29-03.37.18:983][752]BlueprintEditorCompileResults: Información [2171,27] Compile of GameOver successful! [in 146 ms]
[2016.02.29-03.37.19:421][794]LogD3D11RHI: InitD3DDevice
[2016.02.29-03.37.19:448][794]Cmd: OBJ SAVEPACKAGE PACKAGE="/Game/HUD/GameOver" FILE="../../../../../../Users/user/Documents/Unreal Projects/Proyecto 4.8/Content/HUD/GameOver.uasset" SILENT=true
[2016.02.29-03.37.19:517][794]LogSavePackage: Save=8.263500ms
[2016.02.29-03.37.19:517][794]LogSavePackage: Moving '../../../../../../Users/user/Documents/Unreal Projects/Proyecto 4.8/Saved/GameOverA3350C8747D27BE22FA30F828892CBDB.tmp' to '../../../../../../Users/user/Documents/Unreal Projects/Proyecto 4.8/Content/HUD/GameOver.uasset'
[2016.02.29-03.37.20:075][845]BlueprintLog: New page: Volver a compilar automáticamente la reproducción en el editor (PIE) anterior
[2016.02.29-03.37.20:088][845]LogPlayLevel: [PIE] Compiling Menu before PIE...
[2016.02.29-03.37.20:212][845]LogPlayLevel: PIE:  Blueprint regeneration took 136 ms (1 blueprints)
[2016.02.29-03.37.20:212][845]PIE: New page: Sesión PIE (reproducción en el editor): Menu (28/2/2016 17:37:20)
[2016.02.29-03.37.20:213][845]LogPlayLevel: Creating play world package: /Game/Niveles/UEDPIE_0_Menu
[2016.02.29-03.37.20:217][845]LogPlayLevel: PIE: StaticDuplicateObject took: (0.003844s)
[2016.02.29-03.37.20:217][845]LogAIModule: Creating AISystem for world Menu
[2016.02.29-03.37.20:218][845]LogPlayLevel: PIE: World Init took: (0.001445s)
[2016.02.29-03.37.20:218][845]LogPlayLevel: PIE: Created PIE world by copying editor world from /Game/Niveles/Menu.Menu to /Game/Niveles/UEDPIE_0_Menu.Menu (0.005539s)
[2016.02.29-03.37.20:273][845]LogInit: XAudio2 using 'Speakers / Headphones (Realtek High Definition Audio)' : 2 channels at 48 kHz using 32 bits per sample (channel mask 0x3)
[2016.02.29-03.37.20:282][845]LogInit: FAudioDevice initialized.
[2016.02.29-03.37.20:286][845]LogD3D11RHI: InitD3DDevice
[2016.02.29-03.37.20:320][845]LogWorld: Game class is 'GameMode'
[2016.02.29-03.37.20:324][845]LogWorld: Bringing World /Game/Niveles/UEDPIE_0_Menu.Menu up for play (max tick rate 0) at 2016.02.28-22.37.20
[2016.02.29-03.37.20:324][845]LogActor:Warning: GameSession /Game/Niveles/UEDPIE_0_Menu.Menu:PersistentLevel.GameSession_12 has natively added scene component(s), but none of them were set as the actor's RootComponent - picking one arbitrarily
[2016.02.29-03.37.20:325][845]LogActor:Warning: GameNetworkManager /Game/Niveles/UEDPIE_0_Menu.Menu:PersistentLevel.GameNetworkManager_12 has natively added scene component(s), but none of them were set as the actor's RootComponent - picking one arbitrarily
[2016.02.29-03.37.20:325][845]LogWorld: Bringing up level for play took: 0.003303
[2016.02.29-03.37.20:326][845]LogGameMode: Warning - PATHS NOT DEFINED or NO PLAYERSTART with positive rating
[2016.02.29-03.37.20:336][845]PIE: Información Tiempo de inicio de la reproducción en el editor para  /Game/Niveles/UEDPIE_0_Menu 0,237
[2016.02.29-03.37.22:429][891]LogParticles: Destroying 0 GPU particle simulations for FXSystem 0x0000009381D80E00
[2016.02.29-03.37.26:752][152]LogD3D11RHI: InitD3DDevice
[2016.02.29-03.37.27:803][223]LogParticles: Destroying 0 GPU particle simulations for FXSystem 0x0000009397FD0860
[2016.02.29-03.37.30:220][276]Cmd: QUIT_EDITOR
[2016.02.29-03.37.30:510][276]LogWindowsTextInputMethodSystem:Display: IME system now deactivated.
[2016.02.29-03.37.30:723][276]LogExit: Preparing to exit.
[2016.02.29-03.37.32:303][276]LogExit: Editor shut down
[2016.02.29-03.37.32:303][276]LogExit: Transaction tracking system shut down
[2016.02.29-03.37.32:324][276]LogParticles: Destroying 0 GPU particle simulations for FXSystem 0x000000939936BBA0
[2016.02.29-03.37.32:324][276]LogParticles: Destroying 0 GPU particle simulations for FXSystem 0x0000009399419260
[2016.02.29-03.37.32:324][276]LogParticles: Destroying 0 GPU particle simulations for FXSystem 0x00000093959F31A0
[2016.02.29-03.37.32:326][276]LogParticles: Destroying 0 GPU particle simulations for FXSystem 0x0000009397E285E0
[2016.02.29-03.37.32:329][276]LogParticles: Destroying 0 GPU particle simulations for FXSystem 0x0000009397FD1800
[2016.02.29-03.37.32:329][276]LogParticles: Destroying 0 GPU particle simulations for FXSystem 0x0000009390F54B80
[2016.02.29-03.37.33:574][276]LogExit: Object subsystem successfully closed.
[2016.02.29-03.37.33:851][276]LogD3D11RHI: Shutdown
[2016.02.29-03.37.33:851][276]LogD3D11RHI: CleanupD3DDevice
[2016.02.29-03.37.33:983][276]LogD3D11RHI: ~FD3D11DynamicRHI
[2016.02.29-03.37.34:136][276]LogModuleManager: Shutting down and abandoning module SequencerWidgets (189)
[2016.02.29-03.37.34:137][276]LogModuleManager: Shutting down and abandoning module CrashTracker (188)
[2016.02.29-03.37.34:137][276]LogModuleManager: Shutting down and abandoning module SceneOutliner (187)
[2016.02.29-03.37.34:137][276]LogModuleManager: Shutting down and abandoning module SuperSearch (186)
[2016.02.29-03.37.34:137][276]LogModuleManager: Shutting down and abandoning module WidgetCarousel (185)
[2016.02.29-03.37.34:147][276]LogModuleManager: Shutting down and abandoning module AddContentDialog (184)
[2016.02.29-03.37.34:166][276]LogModuleManager: Shutting down and abandoning module EditorWidgets (183)
[2016.02.29-03.37.34:166][276]LogModuleManager: Shutting down and abandoning module CollectionManager (182)
[2016.02.29-03.37.34:192][276]LogModuleManager: Shutting down and abandoning module StatsViewer (181)
[2016.02.29-03.37.34:207][276]LogModuleManager: Shutting down and abandoning module FoliageEdit (180)
[2016.02.29-03.37.34:217][276]LogModuleManager: Shutting down and abandoning module LandscapeEditor (179)
[2016.02.29-03.37.34:240][276]LogModuleManager: Shutting down and abandoning module ActorPickerMode (178)
[2016.02.29-03.37.34:240][276]LogModuleManager: Shutting down and abandoning module GeometryMode (177)
[2016.02.29-03.37.34:240][276]LogModuleManager: Shutting down and abandoning module TextureAlignMode (176)
[2016.02.29-03.37.34:240][276]LogModuleManager: Shutting down and abandoning module BspMode (175)
[2016.02.29-03.37.34:240][276]LogModuleManager: Shutting down and abandoning module PlacementMode (174)
[2016.02.29-03.37.34:247][276]LogModuleManager: Shutting down and abandoning module AutomationWorker (173)
[2016.02.29-03.37.34:247][276]LogModuleManager: Shutting down and abandoning module CharacterAI (172)
[2016.02.29-03.37.34:247][276]LogModuleManager: Shutting down and abandoning module SmartSnapping (171)
[2016.02.29-03.37.34:247][276]LogModuleManager: Shutting down and abandoning module ViewportSnapping (170)
[2016.02.29-03.37.34:247][276]LogModuleManager: Shutting down and abandoning module LogVisualizer (169)
[2016.02.29-03.37.34:269][276]LogModuleManager: Shutting down and abandoning module GameProjectGeneration (168)
[2016.02.29-03.37.34:299][276]LogModuleManager: Shutting down and abandoning module IntroTutorials (167)
[2016.02.29-03.37.34:337][276]LogModuleManager: Shutting down and abandoning module EditorLiveStreaming (166)
[2016.02.29-03.37.34:337][276]LogModuleManager: Shutting down and abandoning module IOSPlatformEditor (165)
[2016.02.29-03.37.34:350][276]LogModuleManager: Shutting down and abandoning module HTML5PlatformEditor (164)
[2016.02.29-03.37.34:350][276]LogModuleManager: Shutting down and abandoning module AndroidDeviceDetection (163)
[2016.02.29-03.37.35:022][276]LogModuleManager: Shutting down and abandoning module AndroidPlatformEditor (162)
[2016.02.29-03.37.35:022][276]LogModuleManager: Shutting down and abandoning module IOSRuntimeSettings (161)
[2016.02.29-03.37.35:022][276]LogModuleManager: Shutting down and abandoning module AndroidRuntimeSettings (160)
[2016.02.29-03.37.35:022][276]LogModuleManager: Shutting down and abandoning module MergeActors (159)
[2016.02.29-03.37.35:089][276]LogModuleManager: Shutting down and abandoning module SizeMap (158)
[2016.02.29-03.37.35:089][276]LogModuleManager: Shutting down and abandoning module TreeMap (157)
[2016.02.29-03.37.35:123][276]LogModuleManager: Shutting down and abandoning module ReferenceViewer (156)
[2016.02.29-03.37.35:123][276]LogModuleManager: Shutting down and abandoning module LocalizationDashboard (155)
[2016.02.29-03.37.35:140][276]LogModuleManager: Shutting down and abandoning module HardwareTargeting (154)
[2016.02.29-03.37.35:141][276]LogModuleManager: Shutting down and abandoning module DeviceProfileEditor (153)
[2016.02.29-03.37.35:155][276]LogModuleManager: Shutting down and abandoning module UndoHistory (152)
[2016.02.29-03.37.35:167][276]LogModuleManager: Shutting down and abandoning module GameplayTagsEditor (151)
[2016.02.29-03.37.35:180][276]LogModuleManager: Shutting down and abandoning module UserFeedback (150)
[2016.02.29-03.37.35:180][276]LogModuleManager: Shutting down and abandoning module XmlParser (149)
[2016.02.29-03.37.35:180][276]LogModuleManager: Shutting down and abandoning module Blutility (148)
[2016.02.29-03.37.35:180][276]LogModuleManager: Shutting down and abandoning module ProjectTargetPlatformEditor (147)
[2016.02.29-03.37.35:180][276]LogModuleManager: Shutting down and abandoning module ProjectSettingsViewer (146)
[2016.02.29-03.37.35:180][276]LogModuleManager: Shutting down and abandoning module InputBindingEditor (145)
[2016.02.29-03.37.35:216][276]LogModuleManager: Shutting down and abandoning module EditorSettingsViewer (144)
[2016.02.29-03.37.35:216][276]LogModuleManager: Shutting down and abandoning module SettingsEditor (143)
[2016.02.29-03.37.35:217][276]LogModuleManager: Shutting down and abandoning module ProjectLauncher (142)
[2016.02.29-03.37.35:248][276]LogModuleManager: Shutting down and abandoning module SessionFrontend (141)
[2016.02.29-03.37.35:263][276]LogModuleManager: Shutting down and abandoning module ProfilerClient (140)
[2016.02.29-03.37.35:279][276]LogModuleManager: Shutting down and abandoning module TargetDeviceServices (139)
[2016.02.29-03.37.35:279][276]LogModuleManager: Shutting down and abandoning module DeviceManager (138)
[2016.02.29-03.37.35:285][276]LogModuleManager: Shutting down and abandoning module AutomationController (137)
[2016.02.29-03.37.35:301][276]LogModuleManager: Shutting down and abandoning module AutomationWindow (136)
[2016.02.29-03.37.35:315][276]LogModuleManager: Shutting down and abandoning module Layers (135)
[2016.02.29-03.37.35:342][276]LogModuleManager: Shutting down and abandoning module ComponentVisualizers (134)
[2016.02.29-03.37.35:342][276]LogModuleManager: Shutting down and abandoning module DetailCustomizations (133)
[2016.02.29-03.37.35:342][276]LogModuleManager: Shutting down and abandoning module PackagesDialog (132)
[2016.02.29-03.37.35:342][276]LogModuleManager: Shutting down and abandoning module AssetRegistry (131)
[2016.02.29-03.37.35:427][276]LogModuleManager: Shutting down and abandoning module Persona (130)
[2016.02.29-03.37.35:478][276]LogModuleManager: Shutting down and abandoning module Kismet (129)
[2016.02.29-03.37.35:478][276]LogModuleManager: Shutting down and abandoning module GraphEditor (128)
[2016.02.29-03.37.35:478][276]LogModuleManager: Shutting down and abandoning module ClassViewer (127)
[2016.02.29-03.37.35:478][276]LogModuleManager: Shutting down and abandoning module Toolbox (126)
[2016.02.29-03.37.35:478][276]LogModuleManager: Shutting down and abandoning module ModuleUI (125)
[2016.02.29-03.37.35:492][276]LogModuleManager: Shutting down and abandoning module MovieSceneTools (124)
[2016.02.29-03.37.35:492][276]LogModuleManager: Shutting down and abandoning module OutputLog (123)
[2016.02.29-03.37.35:492][276]LogModuleManager: Shutting down and abandoning module GammaUI (122)
[2016.02.29-03.37.35:503][276]LogModuleManager: Shutting down and abandoning module Documentation (121)
[2016.02.29-03.37.35:503][276]LogModuleManager: Shutting down and abandoning module GameLiveStreaming (120)
[2016.02.29-03.37.35:515][276]LogModuleManager: Shutting down and abandoning module StreamingPauseRendering (119)
[2016.02.29-03.37.35:515][276]LogModuleManager: Shutting down and abandoning module AnalyticsET (118)
[2016.02.29-03.37.35:515][276]LogModuleManager: Shutting down and abandoning module Analytics (117)
[2016.02.29-03.37.35:515][276]LogModuleManager: Shutting down and abandoning module AITestSuite (116)
[2016.02.29-03.37.35:530][276]LogModuleManager: Shutting down and abandoning module GameplayDebugger (115)
[2016.02.29-03.37.35:530][276]LogModuleManager: Shutting down and abandoning module AIModule (114)
[2016.02.29-03.37.35:530][276]LogModuleManager: Shutting down and abandoning module ProfilerService (113)
[2016.02.29-03.37.35:690][276]LogModuleManager: Shutting down and abandoning module TaskGraph (112)
[2016.02.29-03.37.35:709][276]LogModuleManager: Shutting down and abandoning module SlateRemote (111)
[2016.02.29-03.37.35:709][276]LogModuleManager: Shutting down and abandoning module SteamVRController (110)
[2016.02.29-03.37.35:709][276]LogModuleManager: Shutting down and abandoning module SteamVR (109)
[2016.02.29-03.37.35:709][276]LogModuleManager: Shutting down and abandoning module ProceduralMeshComponent (108)
[2016.02.29-03.37.35:709][276]LogModuleManager: Shutting down and abandoning module OculusRift (107)
[2016.02.29-03.37.35:709][276]LogModuleManager: Shutting down and abandoning module LeapMotionController (106)
[2016.02.29-03.37.35:780][276]LogModuleManager: Shutting down and abandoning module CustomMeshComponent (105)
[2016.02.29-03.37.35:780][276]LogModuleManager: Shutting down and abandoning module CableComponent (104)
[2016.02.29-03.37.35:790][276]LogModuleManager: Shutting down and abandoning module MessagingDebugger (103)
[2016.02.29-03.37.35:826][276]LogModuleManager: Shutting down and abandoning module MediaPlayerEditor (102)
[2016.02.29-03.37.35:852][276]LogModuleManager: Shutting down and abandoning module SpeedTreeImporter (101)
[2016.02.29-03.37.35:852][276]LogModuleManager: Shutting down and abandoning module PluginBrowser (100)
[2016.02.29-03.37.35:860][276]LogModuleManager: Shutting down and abandoning module EpicSurvey (99)
[2016.02.29-03.37.35:877][276]LogModuleManager: Shutting down and abandoning module DesktopPlatform (98)
[2016.02.29-03.37.35:888][276]LogModuleManager: Shutting down and abandoning module VisualStudioSourceCodeAccess (97)
[2016.02.29-03.37.35:894][276]LogModuleManager: Shutting down and abandoning module UObjectPlugin (96)
[2016.02.29-03.37.35:894][276]LogModuleManager: Shutting down and abandoning module SubversionSourceControl (95)
[2016.02.29-03.37.35:921][276]LogModuleManager: Shutting down and abandoning module PerforceSourceControl (94)
[2016.02.29-03.37.35:940][276]LogModuleManager: Shutting down and abandoning module SourceControl (93)
[2016.02.29-03.37.35:956][276]LogModuleManager: Shutting down and abandoning module GitSourceControl (92)
[2016.02.29-03.37.35:962][276]LogModuleManager: Shutting down and abandoning module BlankPlugin (91)
[2016.02.29-03.37.35:962][276]LogModuleManager: Shutting down and abandoning module PaperTiledImporter (90)
[2016.02.29-03.37.35:962][276]LogModuleManager: Shutting down and abandoning module PaperSpriteSheetImporter (89)
[2016.02.29-03.37.35:962][276]LogModuleManager: Shutting down and abandoning module MeshPaint (88)
[2016.02.29-03.37.35:978][276]LogModuleManager: Shutting down and abandoning module SlateReflector (87)
[2016.02.29-03.37.35:996][276]LogModuleManager: Shutting down and abandoning module DirectoryWatcher (86)
[2016.02.29-03.37.35:997][276]LogModuleManager: Shutting down and abandoning module HotReload (85)
[2016.02.29-03.37.35:997][276]LogModuleManager: Shutting down and abandoning module MainFrame (84)
[2016.02.29-03.37.35:997][276]LogModuleManager: Shutting down and abandoning module LevelEditor (83)
[2016.02.29-03.37.36:016][276]LogModuleManager: Shutting down and abandoning module ContentBrowser (82)
[2016.02.29-03.37.36:018][276]LogModuleManager: Shutting down and abandoning module Paper2DEditor (81)
[2016.02.29-03.37.36:018][276]LogModuleManager: Shutting down and abandoning module UdpMessaging (80)
[2016.02.29-03.37.36:119][276]LogModuleManager: Shutting down and abandoning module Paper2D (79)
[2016.02.29-03.37.36:164][276]LogModuleManager: Shutting down and abandoning module WindowsMoviePlayer (78)
[2016.02.29-03.37.36:167][276]LogModuleManager: Shutting down and abandoning module Media (77)
[2016.02.29-03.37.36:167][276]LogModuleManager: Shutting down and abandoning module WmfMedia (76)
[2016.02.29-03.37.36:167][276]LogModuleManager: Shutting down and abandoning module OnlineBlueprintSupport (75)
[2016.02.29-03.37.36:167][276]LogModuleManager: Shutting down and abandoning module PropertyEditor (74)
[2016.02.29-03.37.36:167][276]LogModuleManager: Shutting down and abandoning module BehaviorTreeEditor (73)
[2016.02.29-03.37.36:194][276]LogModuleManager: Shutting down and abandoning module FunctionalTesting (72)
[2016.02.29-03.37.36:201][276]LogModuleManager: Shutting down and abandoning module CollisionAnalyzer (71)
[2016.02.29-03.37.36:224][276]LogModuleManager: Shutting down and abandoning module WorkspaceMenuStructure (70)
[2016.02.29-03.37.36:224][276]LogModuleManager: Shutting down and abandoning module MessageLog (69)
[2016.02.29-03.37.36:224][276]LogModuleManager: Shutting down and abandoning module Sequencer (68)
[2016.02.29-03.37.36:225][276]LogModuleManager: Shutting down and abandoning module AssetTools (67)
[2016.02.29-03.37.36:255][276]LogModuleManager: Shutting down and abandoning module UMGEditor (66)
[2016.02.29-03.37.36:255][276]LogModuleManager: Shutting down and abandoning module UMG (65)
[2016.02.29-03.37.36:255][276]LogModuleManager: Shutting down and abandoning module Slate (64)
[2016.02.29-03.37.36:255][276]LogModuleManager: Shutting down and abandoning module EditorStyle (63)
[2016.02.29-03.37.36:259][276]LogModuleManager: Shutting down and abandoning module SessionServices (62)
[2016.02.29-03.37.36:259][276]LogModuleManager: Shutting down and abandoning module SourceCodeAccess (61)
[2016.02.29-03.37.36:259][276]LogModuleManager: Shutting down and abandoning module HeadMountedDisplay (60)
[2016.02.29-03.37.36:259][276]LogModuleManager: Shutting down and abandoning module XAudio2 (59)
[2016.02.29-03.37.36:259][276]LogModuleManager: Shutting down and abandoning module Networking (57)
[2016.02.29-03.37.36:259][276]LogModuleManager: Shutting down and abandoning module Core (56)
[2016.02.29-03.37.36:259][276]LogModuleManager: Shutting down and abandoning module KismetCompiler (55)
[2016.02.29-03.37.36:274][276]LogModuleManager: Shutting down and abandoning module PhysXFormats (54)
[2016.02.29-03.37.36:274][276]LogModuleManager: Shutting down and abandoning module MeshUtilities (53)
[2016.02.29-03.37.36:293][276]LogModuleManager: Shutting down and abandoning module DerivedDataCache (52)
[2016.02.29-03.37.36:394][276]LogDerivedDataCache: Shutdown
[2016.02.29-03.37.36:394][276]LogModuleManager: Shutting down and abandoning module ShaderFormatOpenGL (51)
[2016.02.29-03.37.36:401][276]LogModuleManager: Shutting down and abandoning module ShaderFormatD3D (50)
[2016.02.29-03.37.36:401][276]LogModuleManager: Shutting down and abandoning module MetalShaderFormat (49)
[2016.02.29-03.37.36:424][276]LogModuleManager: Shutting down and abandoning module TextureFormatUncompressed (48)
[2016.02.29-03.37.36:424][276]LogModuleManager: Shutting down and abandoning module TextureFormatPVR (47)
[2016.02.29-03.37.36:424][276]LogModuleManager: Shutting down and abandoning module TextureFormatIntelISPCTexComp (46)
[2016.02.29-03.37.36:424][276]LogModuleManager: Shutting down and abandoning module TextureFormatDXT (45)
[2016.02.29-03.37.36:424][276]LogModuleManager: Shutting down and abandoning module ImageWrapper (44)
[2016.02.29-03.37.36:424][276]LogModuleManager: Shutting down and abandoning module TextureFormatASTC (43)
[2016.02.29-03.37.36:424][276]LogModuleManager: Shutting down and abandoning module TextureFormatAndroid (42)
[2016.02.29-03.37.36:424][276]LogModuleManager: Shutting down and abandoning module AudioFormatOpus (41)
[2016.02.29-03.37.36:433][276]LogModuleManager: Shutting down and abandoning module AudioFormatOgg (40)
[2016.02.29-03.37.36:433][276]LogModuleManager: Shutting down and abandoning module AudioFormatADPCM (39)
[2016.02.29-03.37.36:434][276]LogModuleManager: Shutting down and abandoning module LinuxTargetPlatform (38)
[2016.02.29-03.37.36:434][276]LogModuleManager: Shutting down and abandoning module LinuxServerTargetPlatform (37)
[2016.02.29-03.37.36:434][276]LogModuleManager: Shutting down and abandoning module LinuxNoEditorTargetPlatform (36)
[2016.02.29-03.37.36:434][276]LogModuleManager: Shutting down and abandoning module Messaging (35)
[2016.02.29-03.37.36:434][276]LogModuleManager: Shutting down and abandoning module IOSTargetPlatform (34)
[2016.02.29-03.37.36:434][276]LogModuleManager: Shutting down and abandoning module HTML5TargetPlatform (33)
[2016.02.29-03.37.36:434][276]LogModuleManager: Shutting down and abandoning module Android_PVRTCTargetPlatform (32)
[2016.02.29-03.37.36:434][276]LogModuleManager: Shutting down and abandoning module Android_ETC2TargetPlatform (31)
[2016.02.29-03.37.36:434][276]LogModuleManager: Shutting down and abandoning module Android_ETC1TargetPlatform (30)
[2016.02.29-03.37.36:434][276]LogModuleManager: Shutting down and abandoning module Android_DXTTargetPlatform (29)
[2016.02.29-03.37.36:434][276]LogModuleManager: Shutting down and abandoning module Android_ATCTargetPlatform (28)
[2016.02.29-03.37.36:434][276]LogModuleManager: Shutting down and abandoning module Android_ASTCTargetPlatform (27)
[2016.02.29-03.37.36:434][276]LogModuleManager: Shutting down and abandoning module AndroidTargetPlatform (26)
[2016.02.29-03.37.36:434][276]LogModuleManager: Shutting down and abandoning module WindowsTargetPlatform (25)
[2016.02.29-03.37.36:434][276]LogModuleManager: Shutting down and abandoning module WindowsServerTargetPlatform (24)
[2016.02.29-03.37.36:434][276]LogModuleManager: Shutting down and abandoning module WindowsNoEditorTargetPlatform (23)
[2016.02.29-03.37.36:434][276]LogModuleManager: Shutting down and abandoning module WindowsClientTargetPlatform (22)
[2016.02.29-03.37.36:434][276]LogModuleManager: Shutting down and abandoning module DesktopTargetPlatform (21)
[2016.02.29-03.37.36:434][276]LogModuleManager: Shutting down and abandoning module TargetPlatform (20)
[2016.02.29-03.37.36:434][276]LogModuleManager: Shutting down and abandoning module InputCore (19)
[2016.02.29-03.37.36:434][276]LogModuleManager: Shutting down and abandoning module Settings (18)
[2016.02.29-03.37.36:435][276]LogModuleManager: Shutting down and abandoning module OnlineSubsystem (16)
[2016.02.29-03.37.36:435][276]LogModuleManager: Shutting down and abandoning module HTTP (15)
[2016.02.29-03.37.36:435][276]LogModuleManager: Shutting down and abandoning module ExampleDeviceProfileSelector (14)
[2016.02.29-03.37.36:435][276]LogModuleManager: Shutting down and abandoning module TextureCompressor (13)
[2016.02.29-03.37.36:435][276]LogModuleManager: Shutting down and abandoning module ShaderCore (12)
[2016.02.29-03.37.36:435][276]LogModuleManager: Shutting down and abandoning module Landscape (11)
[2016.02.29-03.37.36:435][276]LogModuleManager: Shutting down and abandoning module SlateRHIRenderer (10)
[2016.02.29-03.37.36:462][276]LogModuleManager: Shutting down and abandoning module OpenGLDrv (9)
[2016.02.29-03.37.36:471][276]LogModuleManager: Shutting down and abandoning module D3D11RHI (8)
[2016.02.29-03.37.36:471][276]LogModuleManager: Shutting down and abandoning module Renderer (7)
[2016.02.29-03.37.36:471][276]LogModuleManager: Shutting down and abandoning module Engine (6)
[2016.02.29-03.37.36:471][276]LogModuleManager: Shutting down and abandoning module CoreUObject (5)
[2016.02.29-03.37.36:471][276]LogModuleManager: Shutting down and abandoning module NetworkFile (4)
[2016.02.29-03.37.36:479][276]LogModuleManager: Shutting down and abandoning module StreamingFile (3)
[2016.02.29-03.37.36:480][276]LogModuleManager: Shutting down and abandoning module SandboxFile (2)
[2016.02.29-03.37.36:480][276]LogModuleManager: Shutting down and abandoning module PakFile (1)
[2016.02.29-03.37.36:500][276]LogExit: Exiting.
[2016.02.29-03.37.36:562][276]Log file closed, 02/28/16 22:37:36
