Log file open, 01/01/16 21:28:13
LogInit:Display: Running engine for game: PoliHeath
LogInit: Version: 4.5.1-2336687+++depot+UE4-Releases+4.5
LogInit: API Version: 2326478
LogInit: Compiled (64-bit): Oct 21 2014 22:32:40
LogInit: Compiled with Visual C++: 18.00.21005.01
LogInit: Build Configuration: Development
LogInit: Branch Name: ++depot+UE4-Releases+4.5
LogInit: Command line: 
LogInit: Base directory: C:/Program Files (x86)/Epic Games/4.5/Engine/Binaries/Win64/
LogInit: Rocket: 1
[2016.01.02-02.28.13:370][  0]LogTaskGraph: Started task graph with 3 named threads and 4 total threads.
[2016.01.02-02.28.13:403][  0]LogOnline:Warning: No default platform service specified for OnlineSubsystem
[2016.01.02-02.28.13:429][  0]LogInit: Presizing for 0 objects not considered by GC, pre-allocating 0 bytes.
[2016.01.02-02.28.13:444][  0]LogInit: Object subsystem initialized
[2016.01.02-02.28.13:450][  0]LogConsoleResponse:Warning: Skipping Unknown console variable: 'UIScaleRule = ShortestSide'
[2016.01.02-02.28.13:450][  0]LogConsoleResponse:Warning:   Found in ini file 'C:/Users/user/Documents/GitHub/PoliHeath/PoliHeath/Saved/Config/Windows/Engine.ini', in section '[/Script/Engine.RendererSettings]'
[2016.01.02-02.28.13:450][  0]LogConsoleResponse:Warning: Skipping Unknown console variable: 'UIScaleCurve = (EditorCurveData=(Keys=((Time=480,Value=0.444),(Time=720,Value=0.666),(Time=1080,Value=1.0),(Time=8640,Value=8.0))),ExternalCurve=None)'
[2016.01.02-02.28.13:450][  0]LogConsoleResponse:Warning:   Found in ini file 'C:/Users/user/Documents/GitHub/PoliHeath/PoliHeath/Saved/Config/Windows/Engine.ini', in section '[/Script/Engine.RendererSettings]'
[2016.01.02-02.28.13:450][  0]LogInit: Selected Device Profile: [Windows]
[2016.01.02-02.28.13:450][  0]LogInit: Applying CVar settings loaded from the selected device profile: [Windows]
[2016.01.02-02.28.13:469][  0]LogInit: Computer: DANNY
[2016.01.02-02.28.13:469][  0]LogInit: User: user
[2016.01.02-02.28.13:470][  0]LogInit: CPU Page size=4096, Cores=2
[2016.01.02-02.28.13:470][  0]LogInit: High frequency timer resolution =1.656322 MHz
[2016.01.02-02.28.13:470][  0]LogMemory: Memory total: Physical=7.9GB (8GB approx) Virtual=131072.0GB
[2016.01.02-02.28.13:471][  0]LogMemory: Platform Memory Stats for Windows
[2016.01.02-02.28.13:471][  0]LogMemory: Process Physical Memory: 60.27 MB used, 60.27 MB peak
[2016.01.02-02.28.13:471][  0]LogMemory: Process Virtual Memory: 35.26 MB used, 35.47 MB peak
[2016.01.02-02.28.13:471][  0]LogMemory: Physical Memory: 3421.51 MB used, 8096.02 MB total
[2016.01.02-02.28.13:471][  0]LogMemory: Virtual Memory: 274.44 MB used, 134217728.00 MB total
[2016.01.02-02.28.13:533][  0]LogD3D11RHI: Found D3D11 adapter 0: Intel(R) HD Graphics Family (Feature Level 11_0)
[2016.01.02-02.28.13:533][  0]LogD3D11RHI: Adapter has 0MB of dedicated video memory, 0MB of dedicated system memory, and 1792MB of shared system memory, 1 output[s]
[2016.01.02-02.28.13:535][  0]LogD3D11RHI: Found D3D11 adapter 1: Microsoft Basic Render Driver (Feature Level 11_0)
[2016.01.02-02.28.13:535][  0]LogD3D11RHI: Adapter has 0MB of dedicated video memory, 0MB of dedicated system memory, and 256MB of shared system memory, 0 output[s]
[2016.01.02-02.28.13:535][  0]LogD3D11RHI: Chosen D3D11 Adapter Id = 0
[2016.01.02-02.28.13:542][  0]LogRHI: Texture pool is 627 MB (70% of 896 MB)
[2016.01.02-02.28.13:550][  0]LogD3D11RHI: Async texture creation enabled
[2016.01.02-02.28.13:591][  0]LogTextLocalizationManager: The requested culture ('es_ES') has no localization data; parent culture's ('es') localization data will be used.
[2016.01.02-02.28.13:724][  0]LogContentStreaming: Texture pool size is 0.000000MB
[2016.01.02-02.28.20:522][  0]LogTargetPlatformManager:Display: Building Assets For Windows
[2016.01.02-02.28.21:150][  0]LogTargetPlatformManager:Display: Building Assets For Windows
[2016.01.02-02.28.21:229][  0]LogDerivedDataCache:Display: Max Cache Size: 512 MB
[2016.01.02-02.28.21:299][  0]LogDerivedDataCache: Loaded boot cache 0.07s 39MB C:/Users/user/AppData/Local/UnrealEngine/4.5/DerivedDataCache/Boot.ddc.
[2016.01.02-02.28.21:300][  0]LogDerivedDataCache:Display: Loaded Boot cache: C:/Users/user/AppData/Local/UnrealEngine/4.5/DerivedDataCache/Boot.ddc
[2016.01.02-02.28.21:300][  0]LogDerivedDataCache: FDerivedDataBackendGraph:  Pak pak cache file ../../../../../../Users/user/Documents/GitHub/PoliHeath/PoliHeath/DerivedDataCache/DDC.ddp not found, will not use a pak cache.
[2016.01.02-02.28.21:300][  0]LogDerivedDataCache: Unable to find inner node Pak for hierarchical cache Hierarchy.
[2016.01.02-02.28.21:385][  0]LogDerivedDataCache:Display: Pak cache opened for reading ../../../Engine/DerivedDataCache/DDC.ddp.
[2016.01.02-02.28.21:398][  0]LogDerivedDataCache: Using Local data cache path C:/Users/user/AppData/Local/UnrealEngine/Common/DerivedDataCache: Writable
[2016.01.02-02.28.21:665][  0]LogMeshUtilities: No automatic mesh reduction module available
[2016.01.02-02.28.21:665][  0]LogMeshUtilities: No automatic mesh merging module available
[2016.01.02-02.28.22:073][  0]LogLinker:Warning: Asset '../../../Engine/Content/Functions/Engine_MaterialFunctions02/Texturing/FlipBook.uasset' has been saved with empty engine version. The asset will be loaded but may be incompatible.
[2016.01.02-02.28.22:079][  0]LogLinker:Warning: Asset '../../../Engine/Content/Functions/Engine_MaterialFunctions02/ExampleContent/Textures/flipbook.uasset' has been saved with empty engine version. The asset will be loaded but may be incompatible.
[2016.01.02-02.28.22:430][  0]LogInit: WinSock: version 1.1 (2.2), MaxSocks=32767, MaxUdp=65467
[2016.01.02-02.28.24:565][  0]UdpMessaging: Initializing bridge on interface 0.0.0.0:0 to multicast group 230.0.0.1:6666.
[2016.01.02-02.28.24:794][  0]LogDirectoryWatcher:Warning: Failed to begin reading directory changes for C:/Users/user/Documents/GitHub/PoliHeath/PoliHeath/Binaries/Win64. Error: 0
[2016.01.02-02.28.24:993][  0]SourceControl: Info Source control is disabled
[2016.01.02-02.28.24:993][  0]SourceControl: Info Source control is disabled
[2016.01.02-02.28.25:003][  0]SourceControl: Info Source control is disabled
[2016.01.02-02.28.25:189][  0]LogObj: 22915 objects as part of root set at end of initial load.
[2016.01.02-02.28.25:189][  0]LogUObjectAllocator: 4803544 out of 0 bytes used by permanent object pool.
[2016.01.02-02.28.25:262][  0]LogEngine: Initializing Engine...
[2016.01.02-02.28.25:482][  0]LogInit: XAudio2 using 'Speakers / Headphones (Realtek High Definition Audio)' : 2 channels at 48 kHz using 32 bits per sample (channel mask 0x3)
[2016.01.02-02.28.25:606][  0]LogInit: FAudioDevice initialized.
[2016.01.02-02.28.25:637][  0]LogAIModule: Creating AISystem for world NewWorld
[2016.01.02-02.28.25:673][  0]LogDerivedDataCache: Saved boot cache 0.03s 39MB C:/Users/user/AppData/Local/UnrealEngine/4.5/DerivedDataCache/Boot.ddc.
[2016.01.02-02.28.25:680][  0]LogInit: Texture streaming: Enabled
[2016.01.02-02.28.25:752][  0]LogInit: Transaction tracking system initialized
[2016.01.02-02.28.25:905][  0]BlueprintLog: New page: Cargar el editor
[2016.01.02-02.28.25:951][  0]LogAssetRegistry: FAssetRegistry took 0.0108 seconds to start up
[2016.01.02-02.28.25:952][  0]LogDirectoryWatcher:Warning: Failed to begin reading directory changes for ../../../Engine/Plugins/Experimental/CharacterAI/Content/. Error: 0
[2016.01.02-02.28.26:804][  0]LogTargetPlatformManager:Display: Building Assets For Windows
[2016.01.02-02.28.27:520][  0]LogTargetPlatformManager:Display: Building Assets For Windows
[2016.01.02-02.28.27:920][  0]LogInit:Warning: CVar named 'r.MobileHDR' marked up in URenderingSettings was not found or is set to read-only
[2016.01.02-02.28.30:821][  0]LogConsoleResponse:Display: 
[2016.01.02-02.28.31:172][  0]SourceControl: Info Source control is disabled
[2016.01.02-02.28.31:172][  0]Cmd: MAP LOAD FILE="../../../../../../Users/user/Documents/GitHub/PoliHeath/PoliHeath/Content/Maps/Example_Map.umap" TEMPLATE=0 SHOWPROGRESS=1
[2016.01.02-02.28.31:173][  0]LightingResults: New page: Diseñar la iluminación
[2016.01.02-02.28.31:187][  0]MapCheck: New page: Revisión del mapa
[2016.01.02-02.28.31:187][  0]LightingResults: New page: Diseñar la iluminación
[2016.01.02-02.28.31:216][  0]LogParticles: Destroying 0 GPU particle simulations for FXSystem 0x0000008BFA7DD4E0
[2016.01.02-02.28.34:571][  0]LogEditorServer: Finished looking for orphan Actors (0.000 secs)
[2016.01.02-02.28.34:571][  0]LogAIModule: Creating AISystem for world Example_Map
[2016.01.02-02.28.34:572][  0]Cmd: MAP CHECKDEP
[2016.01.02-02.28.34:572][  0]MapCheck: New page: Example_Map - 1/1/2016 16:28:34
[2016.01.02-02.28.34:789][  0]MapCheck: Info Map check complete: 0 Error(s), 0 Warning(s), took 216,89ms to complete.
[2016.01.02-02.28.34:789][  0]LogFileHelpers: Loading map 'Example_Map' took 3.616
[2016.01.02-02.28.35:682][  0]LogCollectionManager: Loaded 0 collections in 0.002021 seconds
[2016.01.02-02.28.38:849][  0]LogCrashTracker: Crashtracker disabled due to settings.
[2016.01.02-02.28.39:307][  0]LogUObjectGlobals:Warning: Failed to find object 'Class None.'
[2016.01.02-02.28.39:513][  0]LogLoad: Full Startup: 29.33 seconds (BP compile: 0.11 seconds)
[2016.01.02-02.28.40:784][  0]LogRenderer:Warning: Reallocating scene render targets to support 808x592.
[2016.01.02-02.28.47:823][ 19]LogAssetRegistry: Asset discovery search completed in 21.8826 seconds
[2016.01.02-02.28.49:447][ 50]LogPlayLevel: PIE:  No blueprints needed recompiling
[2016.01.02-02.28.49:447][ 50]PIE: New page: Sesión PIE (reproducción en el editor): Example_Map (1/1/2016 16:28:49)
[2016.01.02-02.28.49:496][ 50]LogPlayLevel: PIE: StaticDuplicateObject took: (0.027372s)
[2016.01.02-02.28.49:497][ 50]LogPlayLevel: PIE: World Init took: (0.000572s)
[2016.01.02-02.28.49:497][ 50]LogPlayLevel: PIE: Created PIE world by copying editor world from /Game/Maps/Example_Map.Example_Map to /Game/Maps/UEDPIE_0_Example_Map.Example_Map (0.028147s)
[2016.01.02-02.28.49:615][ 50]LogWorld: Game class is '2DSideScrollerGameMode_C'
[2016.01.02-02.28.49:678][ 50]LogAIModule: Creating AISystem for world Example_Map
[2016.01.02-02.28.49:680][ 50]LogWorld: Bringing World /Game/Maps/UEDPIE_0_Example_Map.Example_Map up for play (max tick rate 60) at 2016.01.01-21.28.49
[2016.01.02-02.28.49:693][ 50]LogWorld: Bringing up level for play took: 0.014820
[2016.01.02-02.28.49:874][ 50]PIE: Info Tiempo de inicio de la reproducción en el editor para  /Game/Maps/UEDPIE_0_Example_Map -0,152
[2016.01.02-02.29.24:347][528]LogTemp: MouseLeave
[2016.01.02-02.29.25:012][555]LogTemp: MouseLeave
[2016.01.02-02.29.25:612][573]LogParticles: Destroying 0 GPU particle simulations for FXSystem 0x0000008BF6BF3740
[2016.01.02-02.29.30:508][701]Cmd: QUIT_EDITOR
[2016.01.02-02.29.31:449][701]LogExit: Preparing to exit.
[2016.01.02-02.29.31:749][701]LogExit: Editor shut down
[2016.01.02-02.29.31:750][701]LogExit: Transaction tracking system shut down
[2016.01.02-02.29.31:752][701]LogParticles: Destroying 0 GPU particle simulations for FXSystem 0x0000008BF8C06B60
[2016.01.02-02.29.31:779][701]LogExit: Object subsystem successfully closed.
[2016.01.02-02.29.31:853][701]LogModuleManager: Shutting down and abandoning module AndroidDeviceDetection (166)
[2016.01.02-02.29.31:853][701]LogModuleManager: Shutting down and abandoning module CrashTracker (165)
[2016.01.02-02.29.31:854][701]LogModuleManager: Shutting down and abandoning module SuperSearch (164)
[2016.01.02-02.29.31:854][701]LogModuleManager: Shutting down and abandoning module SceneOutliner (163)
[2016.01.02-02.29.31:854][701]LogModuleManager: Shutting down and abandoning module EditorWidgets (162)
[2016.01.02-02.29.31:854][701]LogModuleManager: Shutting down and abandoning module CollectionManager (161)
[2016.01.02-02.29.31:869][701]LogModuleManager: Shutting down and abandoning module StatsViewer (160)
[2016.01.02-02.29.31:869][701]LogModuleManager: Shutting down and abandoning module FoliageEdit (159)
[2016.01.02-02.29.31:869][701]LogModuleManager: Shutting down and abandoning module LandscapeEditor (158)
[2016.01.02-02.29.31:869][701]LogModuleManager: Shutting down and abandoning module MeshPaint (157)
[2016.01.02-02.29.31:869][701]LogModuleManager: Shutting down and abandoning module ActorPickerMode (156)
[2016.01.02-02.29.31:870][701]LogModuleManager: Shutting down and abandoning module GeometryMode (155)
[2016.01.02-02.29.31:870][701]LogModuleManager: Shutting down and abandoning module TextureAlignMode (154)
[2016.01.02-02.29.31:870][701]LogModuleManager: Shutting down and abandoning module BspMode (153)
[2016.01.02-02.29.31:870][701]LogModuleManager: Shutting down and abandoning module PlacementMode (152)
[2016.01.02-02.29.31:870][701]LogModuleManager: Shutting down and abandoning module AutomationWorker (151)
[2016.01.02-02.29.31:870][701]LogModuleManager: Shutting down and abandoning module CharacterAI (150)
[2016.01.02-02.29.31:870][701]LogModuleManager: Shutting down and abandoning module GameProjectGeneration (149)
[2016.01.02-02.29.31:870][701]LogModuleManager: Shutting down and abandoning module IntroTutorials (148)
[2016.01.02-02.29.31:870][701]LogModuleManager: Shutting down and abandoning module EditorLiveStreaming (147)
[2016.01.02-02.29.31:870][701]LogModuleManager: Shutting down and abandoning module HardwareTargeting (146)
[2016.01.02-02.29.31:870][701]LogModuleManager: Shutting down and abandoning module BehaviorTreeEditor (145)
[2016.01.02-02.29.31:870][701]LogModuleManager: Shutting down and abandoning module DeviceProfileEditor (144)
[2016.01.02-02.29.31:870][701]LogModuleManager: Shutting down and abandoning module UndoHistory (143)
[2016.01.02-02.29.31:870][701]LogModuleManager: Shutting down and abandoning module GameplayTagsEditor (142)
[2016.01.02-02.29.31:870][701]LogModuleManager: Shutting down and abandoning module UserFeedback (141)
[2016.01.02-02.29.31:870][701]LogModuleManager: Shutting down and abandoning module XmlParser (140)
[2016.01.02-02.29.31:870][701]LogModuleManager: Shutting down and abandoning module Blutility (139)
[2016.01.02-02.29.31:870][701]LogModuleManager: Shutting down and abandoning module IOSPlatformEditor (138)
[2016.01.02-02.29.31:870][701]LogModuleManager: Shutting down and abandoning module IOSRuntimeSettings (137)
[2016.01.02-02.29.31:870][701]LogModuleManager: Shutting down and abandoning module AndroidPlatformEditor (136)
[2016.01.02-02.29.31:870][701]LogModuleManager: Shutting down and abandoning module AndroidRuntimeSettings (135)
[2016.01.02-02.29.31:870][701]LogModuleManager: Shutting down and abandoning module ProjectTargetPlatformEditor (134)
[2016.01.02-02.29.31:870][701]LogModuleManager: Shutting down and abandoning module ProjectSettingsViewer (133)
[2016.01.02-02.29.31:870][701]LogModuleManager: Shutting down and abandoning module InputBindingEditor (132)
[2016.01.02-02.29.31:871][701]LogModuleManager: Shutting down and abandoning module EditorSettingsViewer (131)
[2016.01.02-02.29.31:871][701]LogModuleManager: Shutting down and abandoning module SettingsEditor (130)
[2016.01.02-02.29.31:871][701]LogModuleManager: Shutting down and abandoning module ProjectLauncher (129)
[2016.01.02-02.29.31:871][701]LogModuleManager: Shutting down and abandoning module SessionFrontend (128)
[2016.01.02-02.29.31:871][701]LogModuleManager: Shutting down and abandoning module ProfilerClient (127)
[2016.01.02-02.29.31:871][701]LogModuleManager: Shutting down and abandoning module TargetDeviceServices (126)
[2016.01.02-02.29.31:871][701]LogModuleManager: Shutting down and abandoning module DeviceManager (125)
[2016.01.02-02.29.31:871][701]LogModuleManager: Shutting down and abandoning module AutomationController (124)
[2016.01.02-02.29.31:871][701]LogModuleManager: Shutting down and abandoning module AutomationWindow (123)
[2016.01.02-02.29.31:871][701]LogModuleManager: Shutting down and abandoning module Layers (122)
[2016.01.02-02.29.31:871][701]LogModuleManager: Shutting down and abandoning module ComponentVisualizers (121)
[2016.01.02-02.29.31:871][701]LogModuleManager: Shutting down and abandoning module DetailCustomizations (120)
[2016.01.02-02.29.31:871][701]LogModuleManager: Shutting down and abandoning module PackagesDialog (119)
[2016.01.02-02.29.31:871][701]LogModuleManager: Shutting down and abandoning module AssetRegistry (118)
[2016.01.02-02.29.31:939][701]LogModuleManager: Shutting down and abandoning module Persona (117)
[2016.01.02-02.29.31:939][701]LogModuleManager: Shutting down and abandoning module Kismet (116)
[2016.01.02-02.29.31:939][701]LogModuleManager: Shutting down and abandoning module GraphEditor (115)
[2016.01.02-02.29.31:939][701]LogModuleManager: Shutting down and abandoning module ClassViewer (114)
[2016.01.02-02.29.31:939][701]LogModuleManager: Shutting down and abandoning module Toolbox (113)
[2016.01.02-02.29.31:939][701]LogModuleManager: Shutting down and abandoning module ModuleUI (112)
[2016.01.02-02.29.31:939][701]LogModuleManager: Shutting down and abandoning module MovieSceneTools (111)
[2016.01.02-02.29.31:939][701]LogModuleManager: Shutting down and abandoning module OutputLog (110)
[2016.01.02-02.29.31:939][701]LogModuleManager: Shutting down and abandoning module GammaUI (109)
[2016.01.02-02.29.31:939][701]LogModuleManager: Shutting down and abandoning module Documentation (108)
[2016.01.02-02.29.31:939][701]LogModuleManager: Shutting down and abandoning module GameLiveStreaming (107)
[2016.01.02-02.29.31:939][701]LogModuleManager: Shutting down and abandoning module StreamingPauseRendering (106)
[2016.01.02-02.29.31:939][701]LogModuleManager: Shutting down and abandoning module HTTP (105)
[2016.01.02-02.29.31:939][701]LogModuleManager: Shutting down and abandoning module AnalyticsET (104)
[2016.01.02-02.29.31:939][701]LogModuleManager: Shutting down and abandoning module Analytics (103)
[2016.01.02-02.29.31:939][701]LogModuleManager: Shutting down and abandoning module GameplayDebugger (102)
[2016.01.02-02.29.31:939][701]LogModuleManager: Shutting down and abandoning module AIModule (101)
[2016.01.02-02.29.31:939][701]LogModuleManager: Shutting down and abandoning module ProfilerService (100)
[2016.01.02-02.29.32:034][701]LogModuleManager: Shutting down and abandoning module TaskGraph (99)
[2016.01.02-02.29.32:034][701]LogModuleManager: Shutting down and abandoning module SlateRemote (98)
[2016.01.02-02.29.32:034][701]LogModuleManager: Shutting down and abandoning module ScriptEditorPlugin (97)
[2016.01.02-02.29.32:034][701]LogModuleManager: Shutting down and abandoning module CustomMeshComponent (96)
[2016.01.02-02.29.32:034][701]LogModuleManager: Shutting down and abandoning module CableComponent (95)
[2016.01.02-02.29.32:034][701]LogModuleManager: Shutting down and abandoning module MessagingDebugger (94)
[2016.01.02-02.29.32:034][701]LogModuleManager: Shutting down and abandoning module MediaPlayerEditor (93)
[2016.01.02-02.29.32:034][701]LogModuleManager: Shutting down and abandoning module SpeedTreeImporter (92)
[2016.01.02-02.29.32:034][701]LogModuleManager: Shutting down and abandoning module PluginsEditor (91)
[2016.01.02-02.29.32:034][701]LogModuleManager: Shutting down and abandoning module EpicSurvey (90)
[2016.01.02-02.29.32:034][701]LogModuleManager: Shutting down and abandoning module DesktopPlatform (89)
[2016.01.02-02.29.32:034][701]LogModuleManager: Shutting down and abandoning module VisualStudioSourceCodeAccess (88)
[2016.01.02-02.29.32:034][701]LogModuleManager: Shutting down and abandoning module UObjectPlugin (87)
[2016.01.02-02.29.32:034][701]LogModuleManager: Shutting down and abandoning module SubversionSourceControl (86)
[2016.01.02-02.29.32:034][701]LogModuleManager: Shutting down and abandoning module SourceControl (85)
[2016.01.02-02.29.32:034][701]LogModuleManager: Shutting down and abandoning module PerforceSourceControl (84)
[2016.01.02-02.29.32:034][701]LogModuleManager: Shutting down and abandoning module BlankPlugin (83)
[2016.01.02-02.29.32:034][701]LogModuleManager: Shutting down and abandoning module SlateReflector (82)
[2016.01.02-02.29.32:034][701]LogModuleManager: Shutting down and abandoning module DirectoryWatcher (81)
[2016.01.02-02.29.32:035][701]LogModuleManager: Shutting down and abandoning module HotReload (80)
[2016.01.02-02.29.32:035][701]LogModuleManager: Shutting down and abandoning module MainFrame (79)
[2016.01.02-02.29.32:036][701]LogModuleManager: Shutting down and abandoning module LevelEditor (78)
[2016.01.02-02.29.32:038][701]LogModuleManager: Shutting down and abandoning module ViewportSnapping (77)
[2016.01.02-02.29.32:038][701]LogModuleManager: Shutting down and abandoning module SmartSnapping (76)
[2016.01.02-02.29.32:038][701]LogModuleManager: Shutting down and abandoning module PaperTiledImporter (75)
[2016.01.02-02.29.32:038][701]LogModuleManager: Shutting down and abandoning module PaperJsonImporter (74)
[2016.01.02-02.29.32:038][701]LogModuleManager: Shutting down and abandoning module ContentBrowser (73)
[2016.01.02-02.29.32:038][701]LogModuleManager: Shutting down and abandoning module PropertyEditor (72)
[2016.01.02-02.29.32:038][701]LogModuleManager: Shutting down and abandoning module Paper2DEditor (71)
[2016.01.02-02.29.32:038][701]LogModuleManager: Shutting down and abandoning module ScriptPlugin (70)
[2016.01.02-02.29.32:038][701]LogModuleManager: Shutting down and abandoning module UdpMessaging (69)
[2016.01.02-02.29.32:139][701]LogModuleManager: Shutting down and abandoning module Paper2D (68)
[2016.01.02-02.29.32:139][701]LogModuleManager: Shutting down and abandoning module WindowsMoviePlayer (67)
[2016.01.02-02.29.32:147][701]LogModuleManager: Shutting down and abandoning module Media (66)
[2016.01.02-02.29.32:147][701]LogModuleManager: Shutting down and abandoning module WmfMedia (65)
[2016.01.02-02.29.32:148][701]LogModuleManager: Shutting down and abandoning module OnlineBlueprintSupport (64)
[2016.01.02-02.29.32:148][701]LogModuleManager: Shutting down and abandoning module FunctionalTesting (63)
[2016.01.02-02.29.32:148][701]LogModuleManager: Shutting down and abandoning module CollisionAnalyzer (62)
[2016.01.02-02.29.32:148][701]LogModuleManager: Shutting down and abandoning module WorkspaceMenuStructure (61)
[2016.01.02-02.29.32:148][701]LogModuleManager: Shutting down and abandoning module MessageLog (60)
[2016.01.02-02.29.32:148][701]LogModuleManager: Shutting down and abandoning module Sequencer (59)
[2016.01.02-02.29.32:148][701]LogModuleManager: Shutting down and abandoning module AssetTools (58)
[2016.01.02-02.29.32:148][701]LogModuleManager: Shutting down and abandoning module UMGEditor (57)
[2016.01.02-02.29.32:148][701]LogModuleManager: Shutting down and abandoning module UMG (56)
[2016.01.02-02.29.32:148][701]LogModuleManager: Shutting down and abandoning module Slate (55)
[2016.01.02-02.29.32:149][701]LogModuleManager: Shutting down and abandoning module EditorStyle (54)
[2016.01.02-02.29.32:188][701]LogModuleManager: Shutting down and abandoning module SessionServices (53)
[2016.01.02-02.29.32:188][701]LogModuleManager: Shutting down and abandoning module SourceCodeAccess (52)
[2016.01.02-02.29.32:188][701]LogModuleManager: Shutting down and abandoning module HeadMountedDisplay (51)
[2016.01.02-02.29.32:188][701]LogModuleManager: Shutting down and abandoning module XAudio2 (50)
[2016.01.02-02.29.32:188][701]LogModuleManager: Shutting down and abandoning module Networking (48)
[2016.01.02-02.29.32:188][701]LogModuleManager: Shutting down and abandoning module Core (47)
[2016.01.02-02.29.32:188][701]LogModuleManager: Shutting down and abandoning module KismetCompiler (46)
[2016.01.02-02.29.32:188][701]LogModuleManager: Shutting down and abandoning module PhysXFormats (45)
[2016.01.02-02.29.32:189][701]LogModuleManager: Shutting down and abandoning module MeshUtilities (44)
[2016.01.02-02.29.32:189][701]LogModuleManager: Shutting down and abandoning module DerivedDataCache (43)
[2016.01.02-02.29.32:465][701]LogDerivedDataCache: Shutdown
[2016.01.02-02.29.32:465][701]LogModuleManager: Shutting down and abandoning module ShaderFormatOpenGL (42)
[2016.01.02-02.29.32:465][701]LogModuleManager: Shutting down and abandoning module ShaderFormatD3D (41)
[2016.01.02-02.29.32:465][701]LogModuleManager: Shutting down and abandoning module MetalShaderFormat (40)
[2016.01.02-02.29.32:465][701]LogModuleManager: Shutting down and abandoning module TextureFormatUncompressed (39)
[2016.01.02-02.29.32:465][701]LogModuleManager: Shutting down and abandoning module TextureFormatPVR (38)
[2016.01.02-02.29.32:465][701]LogModuleManager: Shutting down and abandoning module TextureFormatDXT (37)
[2016.01.02-02.29.32:465][701]LogModuleManager: Shutting down and abandoning module TextureFormatAndroid (36)
[2016.01.02-02.29.32:465][701]LogModuleManager: Shutting down and abandoning module AudioFormatOpus (35)
[2016.01.02-02.29.32:465][701]LogModuleManager: Shutting down and abandoning module AudioFormatOgg (34)
[2016.01.02-02.29.32:465][701]LogModuleManager: Shutting down and abandoning module AudioFormatADPCM (33)
[2016.01.02-02.29.32:465][701]LogModuleManager: Shutting down and abandoning module Messaging (32)
[2016.01.02-02.29.32:465][701]LogModuleManager: Shutting down and abandoning module IOSTargetPlatform (31)
[2016.01.02-02.29.32:465][701]LogModuleManager: Shutting down and abandoning module Android_PVRTCTargetPlatform (30)
[2016.01.02-02.29.32:465][701]LogModuleManager: Shutting down and abandoning module Android_ETC2TargetPlatform (29)
[2016.01.02-02.29.32:465][701]LogModuleManager: Shutting down and abandoning module Android_ETC1TargetPlatform (28)
[2016.01.02-02.29.32:465][701]LogModuleManager: Shutting down and abandoning module Android_DXTTargetPlatform (27)
[2016.01.02-02.29.32:465][701]LogModuleManager: Shutting down and abandoning module Android_ATCTargetPlatform (26)
[2016.01.02-02.29.32:465][701]LogModuleManager: Shutting down and abandoning module AndroidTargetPlatform (25)
[2016.01.02-02.29.32:465][701]LogModuleManager: Shutting down and abandoning module WindowsTargetPlatform (24)
[2016.01.02-02.29.32:465][701]LogModuleManager: Shutting down and abandoning module WindowsServerTargetPlatform (23)
[2016.01.02-02.29.32:465][701]LogModuleManager: Shutting down and abandoning module WindowsNoEditorTargetPlatform (22)
[2016.01.02-02.29.32:465][701]LogModuleManager: Shutting down and abandoning module WindowsClientTargetPlatform (21)
[2016.01.02-02.29.32:465][701]LogModuleManager: Shutting down and abandoning module TargetPlatform (20)
[2016.01.02-02.29.32:465][701]LogModuleManager: Shutting down and abandoning module InputCore (19)
[2016.01.02-02.29.32:465][701]LogModuleManager: Shutting down and abandoning module Settings (18)
[2016.01.02-02.29.32:466][701]LogModuleManager: Shutting down and abandoning module ImageWrapper (17)
[2016.01.02-02.29.32:466][701]LogModuleManager: Shutting down and abandoning module OculusRift (14)
[2016.01.02-02.29.32:466][701]LogModuleManager: Shutting down and abandoning module ExampleDeviceProfileSelector (13)
[2016.01.02-02.29.32:466][701]LogModuleManager: Shutting down and abandoning module TextureCompressor (12)
[2016.01.02-02.29.32:466][701]LogModuleManager: Shutting down and abandoning module ShaderCore (11)
[2016.01.02-02.29.32:466][701]LogModuleManager: Shutting down and abandoning module SlateRHIRenderer (10)
[2016.01.02-02.29.32:467][701]LogModuleManager: Shutting down and abandoning module OpenGLDrv (9)
[2016.01.02-02.29.32:467][701]LogModuleManager: Shutting down and abandoning module D3D11RHI (8)
[2016.01.02-02.29.32:467][701]LogModuleManager: Shutting down and abandoning module Renderer (7)
[2016.01.02-02.29.32:467][701]LogModuleManager: Shutting down and abandoning module Engine (6)
[2016.01.02-02.29.32:467][701]LogModuleManager: Shutting down and abandoning module CoreUObject (5)
[2016.01.02-02.29.32:467][701]LogModuleManager: Shutting down and abandoning module NetworkFile (4)
[2016.01.02-02.29.32:467][701]LogModuleManager: Shutting down and abandoning module StreamingFile (3)
[2016.01.02-02.29.32:467][701]LogModuleManager: Shutting down and abandoning module SandboxFile (2)
[2016.01.02-02.29.32:467][701]LogModuleManager: Shutting down and abandoning module PakFile (1)
[2016.01.02-02.29.32:468][701]LogExit: Exiting.
[2016.01.02-02.29.32:499][701]Log file closed, 01/01/16 21:29:32
